3.383176362969059	750	4.0	3.383176362969059	450283	3383.176362969059	-8.082958393623542	0.06794552505016327	0.031142445281147957	0.030574590712785725	0.13309474638349442
5.508508300169972	300	5.874668062799087	0.0	155580	2125.331937200913	-0.9162907318741551	0.11135935038328171	0.028196483850479126	0.07752356976270676	0.07320268296767829
7.848751348412808	300	7.534425014556251	0.0	139857	2340.2430482428354	0.0	0.08108022063970566	0.029918035492300987	0.04517857804894448	0.05976174145886737
9.676797097106206	300	9.706379265862852	0.0	155432	1828.0457486933983	0.0	0.06960872560739517	0.027516141533851624	0.036589355766773225	0.08502631846664424
10.87699476289892	300	12.506181600070137	0.0	163442	1200.1976657927155	0.0	0.07740474492311478	0.025984691455960274	0.04622311517596245	0.13617923501963206
13.211399481832768	750	14.171776881136289	0.0	318564	2334.4047189338476	0.0	0.09246710687875748	0.029522962868213654	0.05703955143690109	0.13646476869079166
15.74783115210121	750	15.635345210867849	0.0	352642	2536.4316702684405	0.9162907318741551	0.09171275794506073	0.034969262778759	0.04974964261054993	0.13903075100882908
19.298456735973478	750	16.08471962699558	0.0	437162	3550.6255838722686	0.9162907318741551	0.08555175364017487	0.030874745920300484	0.04850205853581429	0.12312252860050552
22.553075426715907	750	16.830100936253153	0.0	374758	3254.618690742428	0.9162907318741551	0.08304835110902786	0.030623940750956535	0.046299622207880024	0.11514651503292142
25.7022241372172	750	17.68095222575186	0.0	362795	3149.1487105012925	0.9162907318741551	0.08511845767498016	0.02906801737844944	0.05023683682084084	0.11520414986761582
31.144937751363653	750	16.238238611605404	0.0	353220	5442.713614146455	0.9162907318741551	0.08962063491344452	0.03230023756623268	0.050860349833965306	0.06489777435320619
35.24195196895948	750	16.141224394009583	0.0	405134	4097.014217595821	0.9162907318741551	0.08153931051492691	0.030885659158229828	0.04447651952505112	0.09888518283876928
38.07555021853109	750	17.307626144437965	0.0	386351	2833.5982495716185	0.9162907318741551	0.08527255058288574	0.030701342970132828	0.04843093901872635	0.13634642810017555
40.91100193852683	750	18.472174424442223	0.0	434409	2835.4517199957404	0.9162907318741551	0.08946023881435394	0.03273986279964447	0.05017240345478058	0.15320627642379767
43.07296408831523	750	20.310212274653818	0.0	337059	2161.9621497884027	0.9162907318741551	0.09109875559806824	0.03381003066897392	0.05052671879529953	0.15590420953160022
45.899442437731615	750	21.483733925237438	0.0	366214	2826.4783494163835	0.9162907318741551	0.0985836535692215	0.0319717675447464	0.06021753251552582	0.1295654714905623
48.90820502652862	750	22.47497133644043	0.0	360831	3008.7625887970066	0.9162907318741551	0.0967353880405426	0.031779393553733826	0.058600115776062014	0.11992671051665496
53.05443569058049	1200	22.328740672388566	0.0	581493	4146.230664051867	0.9162907318741551	0.09725034236907959	0.030028196051716805	0.061216507107019424	0.14024617709805395
57.01393177749847	1200	22.369244585470575	0.0	639204	3959.496086917988	1.3862943611198906	0.0972687229514122	0.03237287327647209	0.05842127501964569	0.1614356943328985
61.07886653124729	1200	22.304309831721753	0.0	586839	4064.9347537488234	1.3862943611198906	0.10568180680274963	0.032171063125133514	0.06707653105258943	0.14436615482174633
65.09189932749776	1200	22.291277035471285	0.0	601738	4013.0327962504675	1.3862943611198906	0.09431679546833038	0.03306964039802551	0.05463322699069977	0.1499459462584575
69.37340984687147	1200	22.009766516097578	0.0	616206	4281.510519373707	1.3862943611198906	0.10457214713096619	0.03223799914121628	0.06588654816150666	0.14392257060018568
74.11244211028311	1200	21.27073425268593	0.0	656471	4739.032263411651	1.3862943611198906	0.10874296724796295	0.03396013751626015	0.06799080222845078	0.13852427320834562
78.09813469474666	1200	21.285041668222377	0.0	536667	3985.6925844635525	1.3862943611198906	0.10503476858139038	0.03368617221713066	0.06461136192083358	0.13464836753641193
84.46943331286799	1200	18.913743050101065	0.0	587236	6371.298618121314	1.3862943611198906	0.10770340263843536	0.03563324362039566	0.06494351029396057	0.09216896510387651
89.87060737519036	1200	17.512568987778693	0.0	590335	5401.17406232237	1.3862943611198906	0.09390449523925781	0.030944962054491043	0.05677054077386856	0.10929753294160097
97.70383460306203	1200	13.67934175990702	0.0	696376	7833.227227871675	1.3862943611198906	0.09386876225471497	0.03272796794772148	0.05459520071744919	0.08890026801752932
99.71198390864313	750	15.671192454325915	0.0	277716	2008.1493055811043	0.44628710262841964	0.09430839121341705	0.03257116302847862	0.055222995579242706	0.13829449793805867
102.71391330113377	750	16.669263061835274	0.0	400396	3001.9293924906424	0.9162907318741551	0.09192264080047607	0.030742347240447998	0.05503182411193848	0.13337955283078767
105.93989391670625	750	17.4432824462628	0.0	400508	3225.9806155724746	0.9162907318741551	0.09495759010314941	0.030154339969158173	0.05877238214015961	0.12415077699681926
109.05898956122792	750	18.32418680174112	0.0	358218	3119.0956445216766	0.9162907318741551	0.09028857946395874	0.03522949665784836	0.04801318347454071	0.11484675073339531
116.34790527460123	1200	15.035271088367816	0.0	620283	7288.915713373307	0.9162907318741551	0.09902160614728928	0.030974773690104485	0.061851877719163895	0.08509948864711639
120.7023129423598	750	14.680863420609253	0.0	369834	4354.407667758564	0.44628710262841964	0.0880548432469368	0.03253956884145737	0.04900736063718796	0.08493325113731771
123.70651776708009	750	15.67665859588896	0.0	412837	3004.204824720293	0.9162907318741551	0.08320895582437515	0.03163529932498932	0.04524659663438797	0.13741972471482108
126.41099502513677	750	16.972181337832275	0.0	401088	2704.4772580566823	0.9162907318741551	0.08989476412534714	0.03133067861199379	0.05229794979095459	0.14830518496879655
128.71803164325073	750	18.66514471971831	0.0	365161	2307.0366181139702	0.9162907318741551	0.09117286652326584	0.03306211903691292	0.05149832367897034	0.15828140616967037
131.16870083717907	750	20.21447552578997	0.0	321064	2450.6691939283373	0.9162907318741551	0.10256963968276978	0.034717921167612076	0.06090813428163529	0.13101074628736228
134.006546117588	750	21.37663024538108	0.0	361565	2837.845280408894	0.9162907318741551	0.09139494597911835	0.03251941129565239	0.05237165242433548	0.1274082849040676
137.30871326501915	750	22.074463097949895	0.0	378327	3302.1671474311847	0.9162907318741551	0.09528875350952148	0.03405499830842018	0.05442275553941727	0.11456930649143772
139.66028132413072	750	23.722895038838317	0.0	390680	2351.5680591115774	0.9162907318741551	0.08834302425384521	0.0361483134329319	0.04496504813432694	0.16613595276829832
143.22437166628373	1200	24.158804696685323	0.0	566904	3564.0903421529956	0.9162907318741551	0.10428959131240845	0.03050585463643074	0.06768256574869155	0.15905994112863722
147.65912234665024	1200	23.724054016318817	0.0	641452	4434.7506803665065	1.3862943611198906	0.10393940657377243	0.03539209067821503	0.0614688977599144	0.14464217860991177
151.60453485341804	1200	23.778641509551	0.0	599477	3945.412506767813	1.3862943611198906	0.1021161824464798	0.03240612894296646	0.06322882771492006	0.1519427940606159
156.09872950655947	1200	23.28444685640958	0.0	634861	4494.194653141423	1.3862943611198906	0.11127348244190216	0.03015860915184021	0.07508315145969391	0.14126246168626339
160.66997918164424	1200	22.713197181324798	0.0	630203	4571.249675084781	1.3862943611198906	0.10509121417999268	0.033634770661592484	0.0647294893860817	0.1378623012947355
165.2515108764192	1200	22.13166548654985	0.0	638661	4581.531694774949	1.3862943611198906	0.09975723177194595	0.030894016847014427	0.06268441155552865	0.13939901381198933
174.4147843488601	1850	16.968392014108918	0.0	830730	9163.27347244093	1.3862943611198906	0.10900478810071945	0.03330501168966293	0.06903877407312393	0.09065864971709817
183.4650263674355	1850	11.91814999553351	0.0	846370	9050.242018575409	1.8191584434161694	0.09789086878299713	0.036861252039670944	0.053657366335392	0.09351904603908331

