1.64389318859	750	4.0	1.6438931885945212	450283	1643.89318859	-3.456465149787271	0.0989586181153	0.0601699741926	0.0387886439227	0.273912565077
3.3548179238	750	6.289075264795886	0.0	398865	1710.9247352	0.9162907318741551	0.273912565077	0.166547515371	0.107365049705	0.233128314643
5.12166558211	750	8.52222760648134	0.0	350812	1766.84765831	0.9162907318741551	0.251880182486	0.153151128911	0.0987290535753	0.198552488863
6.78228669178	750	10.86160649681881	0.0	382355	1660.62110966	0.9162907318741551	0.231182961618	0.140566563067	0.0906163985509	0.230248187124
8.74965053292	750	12.894242655674041	0.0	411561	1967.36384114	0.9162907318741551	0.230948557144	0.140424037722	0.0905245194216	0.209194146702
12.1454932198	1200	13.498399968755665	0.0	520315	3395.84268692	0.9162907318741551	0.226243086142	0.0478998461217	0.17834324002	0.153221173055
16.254677899	1850	13.389215289625907	0.0	905515	4109.18467913	1.3862943611198906	0.200193499206	0.0646141835706	0.135579315635	0.22036366596
20.8736894151	1850	12.770203773482667	0.0	1060487	4619.01151614	1.8191584434161694	0.1982215097	0.0639777068994	0.1342438028	0.229591763583
24.1543927988	1850	13.4895003898003	0.0	852833	3280.70338368	1.8191584434161694	0.203720662411	0.0657526060054	0.137968056405	0.259954314749
28.075147454	1850	13.568745734544837	0.0	913888	3920.75465526	1.8191584434161694	0.207925266763	0.0671096784304	0.140815588332	0.233089820801
33.1345720214	1850	12.509321167165083	0.0	939819	5059.42456738	1.8191584434161694	0.212250732849	0.0685057600255	0.143744972823	0.185756104767
39.2559040359	1850	10.38798915273103	0.0	917428	6121.33201443	1.8191584434161694	0.223075513808	0.0396737137224	0.183401800086	0.149873915977
45.4253766862	1850	8.218516502383277	0.0	946851	6169.47265035	1.8191584434161694	0.20368045174	0.066837163164	0.136843288576	0.153473571189
49.6448095886	1200	7.999083600042622	0.0	687371	4219.43290234	0.9534302788236118	0.187206463633	0.0614312706414	0.125775192992	0.162906015076
54.4039196202	1200	7.239973568397884	0.0	526950	4759.11003164	1.3862943611198906	0.172412850812	0.0565767885079	0.115836062304	0.110724483464
59.0600384169	1200	6.583854771679801	0.0	587876	4656.11879672	1.3862943611198906	0.148185938643	0.05302011176	0.0951658268834	0.126258806028
62.4627669	750	7.18112628864218	0.0	360831	3402.72848304	0.44628710262841964	0.137823704862	0.0493125616494	0.0885111432121	0.106041666797
66.2800937346	750	7.363799454031627	0.0	372963	3817.32683461	0.9162907318741551	0.128086205719	0.0458285381479	0.0822576675706	0.0977026637118
68.635046779	750	9.00884640963752	0.0	405596	2354.95304439	0.9162907318741551	0.116943839861	0.0418418610822	0.0751019787785	0.17223103491
70.6327857737	750	11.011107414844767	0.0	350713	1997.73899479	0.9162907318741551	0.117860007702	0.0421696608841	0.0756903468177	0.175554965345
72.1654748233	750	13.478418365338939	0.0	386472	1532.68904951	0.9162907318741551	0.127916474182	0.0316404630076	0.0962760111746	0.252152907418
74.6127196236	1200	15.031173564989556	0.0	616206	2447.24480035	0.9162907318741551	0.142313850975	0.0469741391041	0.0953397118709	0.251795815405
77.6819893487	1200	15.961903839939703	0.0	656471	3069.26972505	1.3862943611198906	0.168492955403	0.0556151876359	0.112877767767	0.213885079777
82.1891847853	1850	15.45470840332723	0.0	874175	4507.19543661	1.3862943611198906	0.207338939253	0.0684372470243	0.138901692229	0.193950986216
86.8932270858	1850	14.750666102837497	0.0	897976	4704.04230049	1.8191584434161694	0.213084306269	0.0703336447927	0.142750661476	0.190894541894
90.6699951153	1850	14.97389807326039	0.0	905935	3776.76802958	1.8191584434161694	0.217323615777	0.0717329317432	0.145590684034	0.239870437608
94.9746457241	1850	14.669247464532438	0.0	1076599	4304.65060873	1.8191584434161694	0.215422220487	0.0652817560261	0.150140464461	0.250101366605
98.2479007636	1850	15.39599242502221	0.0	758197	3273.25503951	1.8191584434161694	0.215172777272	0.0376706833899	0.177502093882	0.231633951784
106.455164089	2850	11.18872909910096	0.0	1498470	8207.26332592	1.8191584434161694	0.218542083236	0.0266129615574	0.191929121678	0.18257852106
116.537468406	2850	5.106424782553371	0.0	1561263	10082.3043165	2.2512917986064953	0.215516847391	0.0354657255309	0.18005112186	0.15485180282
120.133215586	1200	5.510677602854017	0.0	570392	3595.7471797	0.5212969236332858	0.204755778798	0.0576359509582	0.14711982784	0.158629617572
125.322468258	1200	4.321424930751297	0.0	620283	5189.2526721	1.3862943611198906	0.188292634351	0.053001800989	0.135290833362	0.119532240805
128.160629064	750	5.483264124330727	0.0	369834	2838.16080642	0.44628710262841964	0.161697299401	0.0590483530087	0.102648946392	0.130307627095
131.608356483	750	6.03553670603569	0.0	412837	3447.7274183	0.9162907318741551	0.145862036686	0.0532656578971	0.0925963787886	0.119741774773
135.352064031	750	6.29182915756422	0.0	401088	3743.70754847	0.9162907318741551	0.134577996098	0.0491449705729	0.0854330255249	0.107136573786
138.64134515	750	7.002548038268451	0.0	365161	3289.2811193	0.9162907318741551	0.124908599258	0.0456139161885	0.0792946830692	0.111015442815
140.522165484	750	9.121727704129679	0.0	321064	1880.82033414	0.9162907318741551	0.11700550404	0.0427278769163	0.0742776271236	0.170704236961
142.422498316	750	11.22139487289726	0.0	361565	1900.33283123	0.9162907318741551	0.124300269884	0.0297445572936	0.0945557125902	0.190264039045
144.702864246	1200	12.941028942248225	0.0	605884	2280.36593065	0.9162907318741551	0.132251060512	0.0340469619125	0.0982040985993	0.26569595338
147.420172766	1200	14.223720422658943	0.0	587506	2717.30851959	1.3862943611198906	0.150515018409	0.0503217365384	0.10019328187	0.216208794756
149.874015719	1200	15.769877469848225	0.0	566904	2453.84295281	1.3862943611198906	0.175373650109	0.0586327312042	0.116740918905	0.231027009838
155.779624749	1850	13.864268439797453	0.0	1025005	5905.60903005	1.3862943611198906	0.209808137205	0.0701452248132	0.139662912392	0.173564656039
159.549860236	1850	14.094032952649425	0.0	886255	3770.23548715	1.8191584434161694	0.210661554977	0.0704305482628	0.140231006714	0.235066218813
163.776223056	1850	13.86767013245609	0.0	973972	4226.36282019	1.8191584434161694	0.2199443844	0.0735340797345	0.146410304666	0.230451582469
167.601979078	1850	14.041914110884205	0.0	958994	3825.75602157	1.8191584434161694	0.214512864874	0.0499894701687	0.164523394705	0.250667840446
171.680547465	1850	13.963345723328368	0.0	982064	4078.56838756	1.8191584434161694	0.22052846933	0.0428112683568	0.177717200973	0.240786449235
176.825559227	1850	12.818333961132845	0.0	830730	5145.0117622	1.8191584434161694	0.222248210162	0.0383924519161	0.183855758246	0.161463187724
185.639529858	2850	8.00436333101	0.0	1364537	8813.97063012	1.8191584434161694	0.218062657392	0.0596402711763	0.158422386216	0.154815242444

