1.566136009444236	750	4.0	1.566136009444236	450283	1566.136009444236	-3.249631053247513	0.08030910789966583	0.033088501542806625	0.04060290604829788	0.2875120661836955
2.881885581025518	750	6.684250428418718	0.0	398865	1315.7495715812825	0.9162907318741551	0.17633672058582306	0.029950711876153946	0.14039586633443832	0.3031465931017858
4.140102817647626	750	9.426033191796611	0.0	350812	1258.2172366221073	0.9162907318741551	0.18810977041721344	0.023770084604620934	0.1595856688916683	0.27881671764552596
8.556106686540232	1850	9.010029322904005	0.0	933276	4416.003868892605	0.9162907318741551	0.1932949423789978	0.030073132365942	0.1572071835398674	0.2113394887568421
12.135367539993394	1850	9.430768469450843	0.0	996749	3579.2608534531623	1.8191584434161694	0.1579226404428482	0.02888350747525692	0.1232624314725399	0.2784790046912526
14.146277557290164	1850	11.419858452154072	0.0	801058	2010.9100172967708	1.8191584434161694	0.14199921488761902	0.03435305878520012	0.10077554434537889	0.3983559647670598
16.69153696414637	1850	12.87459904529787	0.0	905515	2545.259406856204	1.8191584434161694	0.18900591135025024	0.04486100748181343	0.13517270237207413	0.3557653092493443
22.557352262538895	1850	11.008783746905342	0.0	1060487	5865.8152983925265	1.8191584434161694	0.17277175188064575	0.0319211445748806	0.13446637839078904	0.1807910658712041
28.985712859807194	1200	8.580423149637042	0.0	584846	6428.360597268302	0.9534302788236118	0.1488102823495865	0.03920094668865204	0.10176914632320405	0.09097902819087766
34.15792263910612	1200	7.408213370338119	0.0	560821	5172.209779298922	1.3862943611198906	0.1386866718530655	0.03631262481212616	0.0951115220785141	0.10842967008890689
37.78543673156261	1200	7.78069927788162	0.0	607410	3627.5140924565	1.3862943611198906	0.13301441073417664	0.03334597125649452	0.09299924522638321	0.1674452488725332
42.666525341696385	1200	6.899610667747852	0.0	594078	4881.088610133768	1.3862943611198906	0.15426310896873474	0.030979087576270103	0.11708820387721061	0.12171014448838678
45.717449682773555	750	7.848686326670679	0.0	386351	3050.924341077173	0.44628710262841964	0.11791568994522095	0.033429279923439026	0.07780055403709413	0.12663408095645964
48.19600293928058	750	9.370133070163655	0.0	434409	2478.5532565070225	0.9162907318741551	0.13320058584213257	0.038142044097185135	0.08743013292551041	0.17526716396330505
49.91500095868528	750	11.651135050758956	0.0	337059	1718.9980194047012	0.9162907318741551	0.13541734218597412	0.03434748575091362	0.09420035928487777	0.1960787599491973
51.66408674060269	750	13.902049268841548	0.0	366214	1749.085781917407	0.9162907318741551	0.12414085865020752	0.034166622906923294	0.08314091116189956	0.2093745222710254
54.27996062679698	1200	15.28617538264726	0.0	617242	2615.8738861942893	0.9162907318741551	0.144613116979599	0.038926973938941956	0.09790074825286865	0.23596015207674864
56.31301791823813	1200	17.25311809120611	0.0	581493	2033.0572914411505	1.3862943611198906	0.11859159171581268	0.032871898263692856	0.07914531379938125	0.286018993388919
58.64149441936434	1200	18.924641590079904	0.0	639204	2328.476501126206	1.3862943611198906	0.14278310537338257	0.03162095323204994	0.10483796149492264	0.2745159763007436
60.66563366164844	1200	20.900502347795804	0.0	586839	2024.1392422840993	1.3862943611198906	0.1351126730442047	0.034886620938777924	0.0932487279176712	0.28992027215370486
63.81081881265238	1850	21.755317196791864	0.0	891604	3145.185151003942	1.3862943611198906	0.15405133366584778	0.027658287435770035	0.12086138874292374	0.28348219808789327
67.32516075875054	1850	22.240975250693705	0.0	955231	3514.3419460981604	1.8191584434161694	0.15836083889007568	0.031541649252176285	0.12051085978746415	0.2718093499867184
71.3667345486206	1850	22.199401460823644	0.0	968026	4041.5737898700604	1.8191584434161694	0.16036032140254974	0.028375670313835144	0.12630951702594756	0.23951709168994853
74.45334842932421	1850	23.11278758012003	0.0	874175	3086.613880703611	1.8191584434161694	0.16443347930908203	0.03313099592924118	0.12467628419399263	0.28321488653473137
76.79417329162573	1850	24.77196271781851	0.0	897976	2340.824862301519	1.8191584434161694	0.1728942096233368	0.03020700253546238	0.13664580658078193	0.3836152009753957
79.68941202516785	1850	25.87672398427638	0.0	905935	2895.2387335421286	1.8191584434161694	0.2084420621395111	0.038891833275556564	0.16177186220884324	0.31290511193584714
88.4923792593034	1850	21.073756750140838	0.0	1076599	8802.967234135544	1.8191584434161694	0.1902114748954773	0.03115641325712204	0.15282377898693084	0.12229955779288126
95.79691642330566	1850	17.769219586138565	0.0	758197	7304.537164002271	1.8191584434161694	0.15676933526992798	0.03896379470825195	0.11001278162002565	0.10379808918441752
102.27531268183847	1850	15.29082332760575	0.0	972798	6478.396258532816	1.8191584434161694	0.1366765946149826	0.030448857694864273	0.10013796538114547	0.15016031146886233
109.27901172015491	1850	12.287124289289316	0.0	975811	7003.699038316435	1.8191584434161694	0.1455165147781372	0.033883415162563324	0.10485641658306122	0.139327945798563
111.99409107649458	1200	13.572044932949641	0.0	570392	2715.079356339677	0.9534302788236118	0.135341614484787	0.03196653351187706	0.09698177427053452	0.21008299395306504
114.88685380691827	1200	14.67928220252596	0.0	620283	2892.7627304236808	1.3862943611198906	0.15040414035320282	0.0297335684299469	0.11472385823726655	0.2144258129007186
117.06475912542867	1200	16.50137688401556	0.0	584349	2177.905318510399	1.3862943611198906	0.13681647181510925	0.03470483794808388	0.09517066627740861	0.26830780706283025
119.42881526191177	1200	18.13732074753247	0.0	670129	2364.056136483091	1.3862943611198906	0.15471214056015015	0.033446021378040314	0.11457691490650176	0.2834657729392684
121.76635396163228	1200	19.799782047811945	0.0	690253	2337.5386997205237	1.3862943611198906	0.16811567544937134	0.03403104096651077	0.1272784262895584	0.29529051223088915
125.1339283294749	1850	20.43220767996933	0.0	943942	3367.5743678426156	1.3862943611198906	0.1517750322818756	0.03190666809678078	0.11348703056573868	0.2803032381448852
127.50966121998897	1850	22.05647478945528	0.0	728962	2375.7328905140535	1.8191584434161694	0.168625608086586	0.03167948126792908	0.1306102305650711	0.30683668307604633
131.95288628782174	1850	21.613249721622502	0.0	938587	4443.225067832776	1.8191584434161694	0.16546928882598877	0.03618096560239792	0.12205213010311128	0.2112400307594151
135.25925787574008	1850	22.30687813370418	0.0	908665	3306.371587918322	1.8191584434161694	0.15587744116783142	0.0328337736427784	0.11647691279649736	0.27482240753589704
137.62057057612643	1850	23.94556543331781	0.0	930577	2361.3127003863706	1.8191584434161694	0.1613459587097168	0.030943503603339195	0.12421375438570977	0.3940930821435611
140.08748131514304	1850	25.478654694301202	0.0	858450	2466.9107390166077	1.8191584434161694	0.19368097186088562	0.027188299223780632	0.16105501279234885	0.3479858376806153
146.3307702732588	1850	23.23536573618543	0.0	1025005	6243.288958115776	1.8191584434161694	0.1947074681520462	0.027320874854922295	0.16192241832613946	0.1641770878901217
156.14332805892292	1850	17.42280795052129	0.0	886255	9812.55778566414	1.8191584434161694	0.1832093894481659	0.04079139977693558	0.1342597097158432	0.09031844900773912
162.31208410607312	1850	15.254051903371117	0.0	973972	6168.756047150172	1.8191584434161694	0.14236696064472198	0.04367566481232643	0.08995616286993027	0.15788791006737143
169.64924040989416	1850	11.91689559955006	0.0	958994	7337.156303821057	1.8191584434161694	0.14142540097236633	0.03984678164124489	0.09360926300287248	0.130703771364469
172.89734103262145	1200	12.66879497682277	0.0	638661	3248.1006227272906	0.9534302788236118	0.13018646836280823	0.0330158993601799	0.09056738913059234	0.19662598982655402
175.50629767120614	1200	14.05983833823807	0.0	538612	2608.956638584701	1.3862943611198906	0.16384382545948029	0.04040709137916565	0.11535531580448151	0.20644727935845825
180.39397404822762	2850	13.172161961216595	0.0	1364537	4887.676377021474	1.3862943611198906	0.13341818749904633	0.03133407235145569	0.0958173006772995	0.27917908117139745

