1.5070837526562564	750	4.0	1.5070837526562564	450283	1507.0837526562564	-3.092552050191487	0.11047422885894775	0.030703358352184296	0.0736301988363266	0.2987776885036216
3.652159021144996	1200	5.854924731511261	0.0	611087	2145.0752684887398	0.9162907318741551	0.19525958597660065	0.026163766160607338	0.16386306658387184	0.28487904782498674
5.524606869522267	1200	7.98247688313399	0.0	571051	1872.4478483772705	1.3862943611198906	0.1769590973854065	0.02695097215473652	0.14461793079972268	0.3049756501869427
9.024798417607922	1850	8.482285335048335	0.0	933276	3500.191548085656	1.3862943611198906	0.20958276093006134	0.02836708165705204	0.1755422629415989	0.26663569326953906
12.016827921680234	1850	9.490255830976023	0.0	996749	2992.02950407231	1.8191584434161694	0.18454474210739136	0.03574598580598831	0.14164955914020538	0.33313474972201046
14.72076866998313	1850	10.786315082673127	0.0	801058	2703.940748302897	1.8191584434161694	0.18156033754348755	0.025867654010653496	0.15051915273070335	0.2962557520917485
16.617362973563083	1200	12.889720779093174	0.0	561791	1896.5943035799519	0.9534302788236118	0.1628987342119217	0.04381430521607399	0.1103215679526329	0.29621042251343943
19.61747847699276	1200	13.889605275663499	0.0	709534	3000.115503429677	1.3862943611198906	0.16281086206436157	0.033265724778175354	0.12289199233055115	0.23650222772719043
22.027490854104883	1200	15.479592898551374	0.0	584846	2410.012377112124	1.3862943611198906	0.15179447829723358	0.0332394577562809	0.11190712898969651	0.24267344249111736
25.716883009621174	1850	15.790200743035083	0.0	913888	3689.3921555162915	1.3862943611198906	0.17219847440719604	0.033498018980026245	0.13200085163116454	0.24770692880494594
31.86031422482326	1850	13.646769527833	0.0	939819	6143.431215202084	1.8191584434161694	0.1880917102098465	0.03471660614013672	0.14643178284168243	0.1529794942074704
36.439625759801686	1850	13.067457992854564	0.0	917428	4579.311534978434	1.8191584434161694	0.15756866335868835	0.030256852507591248	0.12126044034957886	0.20034190576298508
44.97720926933871	1850	8.52987448331754	0.0	946851	8537.583509537024	1.8191584434161694	0.15388181805610657	0.03482108563184738	0.11209651529788972	0.110903863949595
49.069566796991076	1200	8.437516955665172	0.0	687371	4092.357527652368	0.9534302788236118	0.145004540681839	0.03526501730084419	0.10268651992082596	0.1679645523039916
51.765180915901176	1200	9.741902836755077	0.0	526950	2695.614118910094	1.3862943611198906	0.13644325733184814	0.04290322959423065	0.08495938181877136	0.19548421129841068
54.56671305910458	1200	10.940370693551674	0.0	587876	2801.5321432034043	1.3862943611198906	0.15114650130271912	0.03128199651837349	0.11360810548067093	0.20984089060916317
58.21491425720528	1200	11.292169495450977	0.0	617242	3648.2011981006985	1.3862943611198906	0.13967105746269226	0.03341321647167206	0.0995751976966858	0.16919077827213705
60.14261509681391	1200	13.364468655842348	0.0	581493	1927.7008396086294	1.3862943611198906	0.12844021618366241	0.03141307830810547	0.09074452221393586	0.301651059154001
62.31190073064091	1200	15.195183022015353	0.0	639204	2169.2856338269935	1.3862943611198906	0.15291926264762878	0.03113156370818615	0.1155613861978054	0.294661058014907
64.49611784909925	1200	17.010965903557008	0.0	586839	2184.217118458348	1.3862943611198906	0.15298010408878326	0.03519599139690399	0.11074491441249848	0.26867246623092095
67.52577525855672	1850	17.981308494099533	0.0	891604	3029.657409457473	1.3862943611198906	0.16082452237606049	0.033472880721092224	0.12065706551074981	0.2942920203507965
70.43722120057029	1850	19.06986255208596	0.0	955231	2911.445942013571	1.8191584434161694	0.15573981404304504	0.03347606584429741	0.11556853502988815	0.328095049341482
73.71948002645122	1850	19.787603726205038	0.0	968026	3282.258825880923	1.8191584434161694	0.17732581496238708	0.03336990624666214	0.1372819274663925	0.2949267718825289
77.34934396284432	1850	20.157739789811934	0.0	874175	3629.863936393104	1.8191584434161694	0.1783025860786438	0.03588521108031273	0.13524033278226852	0.24082858622757186
81.07113964304452	1850	20.43594410961173	0.0	897976	3721.7956802002063	1.8191584434161694	0.17478224635124207	0.030428916215896606	0.13826754689216614	0.24127493209183778
84.58156352131655	1850	20.92552023133969	0.0	905935	3510.423878272041	1.8191584434161694	0.16446581482887268	0.04141387343406677	0.11476916670799256	0.2580699742863914
94.40057543639944	2850	15.106508316256798	0.0	1547572	9819.011915082889	1.8191584434161694	0.1832810640335083	0.030901024118065834	0.1461998350918293	0.15760974865737656
101.57055393940875	1850	11.936529813247478	0.0	758197	7169.978503009321	1.3870250882258435	0.16848208010196686	0.04086591675877571	0.11944297999143601	0.10574606321089752
105.51938704646618	1200	11.987696706190057	0.0	622896	3948.8331070574204	0.9534302788236118	0.1380084753036499	0.03145842254161835	0.10025836825370789	0.157741789311569
108.76069159902539	1200	12.746392153630838	0.0	641447	3241.3045525592197	1.3862943611198906	0.13649651408195496	0.03321893513202667	0.09663379192352295	0.19789778763415986
111.48961650064012	1200	14.017467252016102	0.0	570392	2728.9249016147355	1.3862943611198906	0.1438906341791153	0.0325494110584259	0.10483134090900421	0.2090171113402544
115.2940699037066	1200	14.213013848949638	0.0	620283	3804.4534030664627	1.3862943611198906	0.1489928513765335	0.03304831683635712	0.10933487117290497	0.1630412924758232
117.19653327501047	1200	16.31055047764576	0.0	584349	1902.4633713038781	1.3862943611198906	0.1358824372291565	0.03536242991685867	0.09344752132892609	0.30715387681788
119.51027090216502	1200	17.996812850491207	0.0	670129	2313.7376271545536	1.3862943611198906	0.15645825862884521	0.029894445091485977	0.12058492451906205	0.289630506127926
123.34455182100004	1850	18.16253193165618	0.0	1026056	3834.2809188350243	1.3862943611198906	0.16122135519981384	0.030965568497776985	0.12406267300248147	0.2676006327443917
126.18867386396218	1850	19.318409888694042	0.0	943942	2844.122042962137	1.8191584434161694	0.15054252743721008	0.03141945227980614	0.11283918470144272	0.3318922274576128
128.5101487733706	1850	20.996934979285612	0.0	728962	2321.4749094084295	1.8191584434161694	0.16291965544223785	0.02863517962396145	0.12855743989348412	0.31400813209123074
131.74110849186326	1850	21.765975260792942	0.0	938587	3230.9597184926697	1.8191584434161694	0.17226102948188782	0.03371473029255867	0.13180335313081742	0.2904978959124493
135.53599038603483	1850	21.971093366621375	0.0	908665	3794.881894171567	1.8191584434161694	0.16765981912612915	0.02928682044148445	0.1325156345963478	0.2394448695216545
139.38911994780236	1850	22.117963804853854	0.0	930577	3853.1295617675214	1.8191584434161694	0.15494462847709656	0.031834278255701065	0.11674349457025529	0.2415119930649626
142.878497160372	1850	22.628586592284215	0.0	858450	3489.3772125696396	1.8191584434161694	0.16710375249385834	0.027564294636249542	0.1340265989303589	0.24601811375039676
149.62411898986508	1850	19.882964762791133	0.0	1025005	6745.6218294930795	1.8191584434161694	0.17799532413482666	0.03140109404921532	0.14031401127576829	0.15195115082178082
157.67282382974813	1850	15.834259922908103	0.0	886255	8048.704839883029	1.8191584434161694	0.15631188452243805	0.03016270138323307	0.12011664286255837	0.11011150459989781
161.88258133467332	1200	15.624502417982905	0.0	634861	4209.757504925197	0.9534302788236118	0.13123226165771484	0.042337566614151	0.08042718172073365	0.15080702374358754
165.16553858861525	1200	16.341545164040966	0.0	630203	3282.9572539419405	1.3862943611198906	0.1439475268125534	0.03540775552392006	0.10145822018384934	0.19196198769974762
168.2560105501821	1200	17.251073202474092	0.0	638661	3090.47196156687	1.3862943611198906	0.13141289353370667	0.03517993539571762	0.08919697105884553	0.20665484364278092
172.94446149951267	1850	16.562622253143534	0.0	830730	4688.4509493305595	1.3862943611198906	0.14946198463439941	0.031268805265426636	0.11193941831588745	0.1771864543274396
177.41584569185983	2850	16.091238060796364	0.0	1364537	4471.384192347169	1.8191584434161694	0.13829869031906128	0.03457096964120865	0.09681352674961091	0.30517104800241107

