0.8485896923718946	750	4.0	0.8485896923718946	450283	848.5896923718947	-1.340957849835085	0.1420920491218567	0.03320559486746788	0.10224533528089524	0.5306251113437558
2.693731161208866	1850	6.154858531163028	0.0	957685	1845.1414688369714	0.9162907318741551	0.28604334592819214	0.028785880655050278	0.2515002891421318	0.5190306630546044
4.333191759553293	1850	8.515397932818601	0.0	877771	1639.460598344427	1.8191584434161694	0.3396425247192383	0.04642210528254509	0.2839359983801842	0.5354023151800035
7.303408024837728	2850	9.545181667534164	0.0	1520281	2970.216265284436	1.8191584434161694	0.35552123188972473	0.05144686996936798	0.29378498792648317	0.5118418539986056
9.999266789892168	2850	10.849322902479726	0.0	1472558	2695.85876505444	2.2512917986064953	0.320278525352478	0.05642100051045418	0.252573324739933	0.5462296538261948
12.97718329953902	2850	11.871406392832874	0.0	1224260	2977.916509646851	2.2512917986064953	0.26956409215927124	0.05432731658220291	0.20437131226062777	0.41111293618677847
15.70414012006709	2850	13.144449572304804	0.0	1388403	2726.9568205280702	2.2512917986064953	0.22061650454998016	0.043726783245801926	0.16814436465501786	0.5091400749540061
18.799507282944834	2850	14.049082409427063	0.0	1638769	3095.367162877741	2.2512917986064953	0.24420049786567688	0.04521258547902107	0.18994539529085158	0.5294263697223072
21.296717098904676	2850	15.551872593467218	0.0	1348011	2497.209815959844	2.2512917986064953	0.2498837560415268	0.02936478517949581	0.21464601382613183	0.5398068641989018
23.898078720203408	2850	16.950510972168487	0.0	1429765	2601.3616212987313	2.2512917986064953	0.31191694736480713	0.0509464330971241	0.2507812276482582	0.5496217781848373
26.51401267937529	2850	18.334577012996604	0.0	1354548	2615.933959171881	2.2512917986064953	0.29276201128959656	0.044580500572919846	0.23926541060209275	0.5178066499923437
30.34387364828415	4300	18.504716044087743	0.0	2102452	3829.860968908858	2.2512917986064953	0.3385170102119446	0.036889273673295975	0.2942498818039894	0.5489630085968883
34.55255009582626	4300	18.29603959654563	0.0	2209463	4208.676447542114	2.662587827025453	0.3406079113483429	0.03841439262032509	0.2945106402039528	0.5249781083291247
38.94403231593125	4300	17.90455737644064	0.0	2275376	4391.482220104991	2.662587827025453	0.33775627613067627	0.027597639709711075	0.304639108479023	0.5181339433831524
43.210673050437265	4300	17.637916641934627	0.0	2005399	4266.640734506013	2.662587827025453	0.30409377813339233	0.06318886578083038	0.22826713919639588	0.4700182473254765
47.14237794556473	4300	17.706211746807167	0.0	2152483	3931.7048951274614	2.662587827025453	0.31446969509124756	0.05147242546081543	0.25270278453826905	0.5474680977882036
51.36380347022868	4300	17.484786222143214	0.0	2289689	4221.425524663952	2.662587827025453	0.33912867307662964	0.05390341952443123	0.2744445696473122	0.5423971088965904
55.22521419446926	4300	17.62337549790264	0.0	2059512	3861.4107242405776	2.662587827025453	0.3212032914161682	0.04152184724807739	0.27137707471847533	0.5333574040883836
59.29207017018407	4300	17.556519522187834	0.0	2220726	4066.855975714803	2.662587827025453	0.3324846625328064	0.042722996324300766	0.28121706694364546	0.5460547443187187
63.440685873320305	4300	17.407903819051594	0.0	2156729	4148.615703136241	2.662587827025453	0.3440970778465271	0.054095543920993805	0.2791824251413345	0.519867144688666
67.80864135091635	4300	17.039948341455563	0.0	2039773	4367.9554775960305	2.662587827025453	0.3002627491950989	0.04612758755683899	0.2449096441268921	0.4669857580880425
72.04730947027268	4300	16.801280222099223	0.0	2176469	4238.668119356338	2.662587827025453	0.2989075183868408	0.04257306456565857	0.24781984090805054	0.513479455978381
76.08531021140273	4300	16.763279480969185	0.0	2221506	4038.0007411300403	2.662587827025453	0.3377896547317505	0.06213964894413948	0.2632220759987831	0.5501499733202893
79.86448227306059	4300	16.984107419311336	0.0	2044075	3779.1720616578486	2.662587827025453	0.3124498128890991	0.03201226517558098	0.2740350946784019	0.5408790514563935
83.8467171819208	4300	17.00187251045112	0.0	2186790	3982.2349088602177	2.662587827025453	0.33782482147216797	0.04603893309831619	0.2825781017541885	0.549136364390391
87.80622955638856	4300	17.042360135983362	0.0	2105231	3959.5123744677535	2.662587827025453	0.350622296333313	0.04552026838064194	0.2959979742765427	0.531689460948582
92.30706815955502	4300	16.54152153281691	0.0	2395588	4500.838603166457	2.662587827025453	0.34478431940078735	0.05739941820502281	0.27590501755476	0.5322537000803899
96.78298666161223	4300	16.065603030759686	0.0	1972048	4475.918502057221	2.662587827025453	0.313370943069458	0.05254167690873146	0.25032093077898027	0.4405906852623897
100.70998161906961	4300	16.138608073302308	0.0	2134614	3926.9949574573766	2.662587827025453	0.33307206630706787	0.028797389939427376	0.29851519837975504	0.5435744183848163
104.70125821105673	4300	16.14733148131519	0.0	2164140	3991.2765919871163	2.662587827025453	0.31438228487968445	0.030085448175668716	0.278279747068882	0.5422174961125786
108.61440722007283	4300	16.234182472299075	0.0	2113193	3913.1490090161155	2.662587827025453	0.31708282232284546	0.04485916718840599	0.26325182169675826	0.5400236472291456
112.49499373656914	4300	16.35359595580277	0.0	2147852	3880.5865164963047	2.662587827025453	0.3351746201515198	0.04574837535619736	0.28027656972408294	0.5534864358440456
116.67706551067744	4300	16.171524181694476	0.0	2191074	4182.071774108295	2.662587827025453	0.3113037347793579	0.03353836387395859	0.2710576981306076	0.5239207068528092
121.25378785441804	4300	15.594801837953874	0.0	2286761	4576.722343740604	2.662587827025453	0.33295220136642456	0.05612678453326225	0.26560005992650987	0.4996503672824963
126.03531283250138	4300	14.81327685987053	0.0	2307787	4781.524978083343	2.662587827025453	0.3208085894584656	0.01896093599498272	0.2980554662644863	0.4826466473725435
129.91373281456214	4300	14.93485687780976	0.0	2143948	3878.419982060768	2.662587827025453	0.31039959192276	0.04824819415807724	0.2525017589330673	0.5527890248907057
133.39589767803756	4300	15.452692014334364	0.0	1919781	3482.1648634753974	2.662587827025453	0.30013465881347656	0.04716910794377327	0.24353172928094863	0.5513182388739486
137.3867768321587	4300	15.461812860213243	0.0	2147467	3990.8791541211194	2.662587827025453	0.31551018357276917	0.038715314120054245	0.2690518066287041	0.5380937174663512
141.31914908757483	4300	15.529440604797088	0.0	2133870	3932.372255416157	2.662587827025453	0.35503125190734863	0.054651614278554916	0.2894493147730827	0.5426419121589942
145.42816831954323	4300	15.420421372828677	0.0	2146120	4109.01923196841	2.662587827025453	0.3384808897972107	0.03380223736166954	0.29791820496320726	0.5222949513847638
149.92537835700847	4300	14.92321133536345	0.0	2108491	4497.210037465229	2.662587827025453	0.3609223961830139	0.05484072491526604	0.29511352628469467	0.46884423507789125
154.17596581963318	4300	14.672623872738727	0.0	2184571	4250.5874626247205	2.662587827025453	0.31472355127334595	0.0653059259057045	0.23635644018650054	0.5139456649719275
158.0430435974208	4300	14.805546094951124	0.0	2121928	3867.077777787605	2.662587827025453	0.2987282872200012	0.0408596470952034	0.24969671070575714	0.5487161422478491
162.15675526363856	4300	14.691834428733351	0.0	2219102	4113.711666217772	2.662587827025453	0.31887590885162354	0.05676615238189697	0.2507565259933472	0.5394403351658057
166.0541233973769	4300	14.794466294995019	0.0	2124950	3897.3681337383327	2.662587827025453	0.29813113808631897	0.02732061594724655	0.2653463989496231	0.5452269139281334
170.3373499175833	4300	14.511239774788617	0.0	2246506	4283.226520206401	2.662587827025453	0.3252483010292053	0.05312435328960419	0.2614990770816803	0.5244891880926589
173.89159667408455	4300	14.956993018287395	0.0	1961140	3554.2467565012207	2.662587827025453	0.3334742784500122	0.03891874849796295	0.28677178025245664	0.5517737327642762
178.74959750523075	4300	14.0989921871412	0.0	2155012	4858.000831146197	2.662587827025453	0.3380533754825592	0.03990080952644348	0.290172404050827	0.44360058281248715

