2.826820763573357	750	4.0	2.826820763573357	450283	2826.820763573357	-6.603052499230976	0.14868788421154022	0.033437665551900864	0.10856268554925919	0.15928954739627765
4.885971785955646	750	5.94084897761771	0.0	398865	2059.1510223822893	0.9162907318741551	0.13108867406845093	0.028164029121398926	0.09729183912277223	0.1937036165217945
7.039925973813323	750	7.786894789760034	0.0	350812	2153.9541878576765	0.9162907318741551	0.14614935219287872	0.031656283885240555	0.10816181153059007	0.16286883071961605
9.317283383186743	750	9.509537380386613	0.0	382355	2277.357409373421	0.9162907318741551	0.11676681041717529	0.030046360567212105	0.08071117773652077	0.16789415593101784
12.396668039992482	750	10.430152723580873	0.0	411561	3079.3846568057397	0.9162907318741551	0.12188567221164703	0.029464296996593475	0.08652851581573487	0.13365040287851346
14.84289660332222	750	11.983924160251135	0.0	318564	2446.228563329738	0.9162907318741551	0.09973756968975067	0.0315818190574646	0.06183938682079315	0.13022658829818404
19.061488720567663	750	11.765332043005694	0.0	352642	4218.592117245442	0.9162907318741551	0.09475864470005035	0.03318614885210991	0.05493526607751847	0.08359234317970991
23.161090464923372	750	11.665730298649986	0.0	437162	4099.601744355707	0.9162907318741551	0.07922540605068207	0.03247542306780815	0.040254898369312286	0.10663523611821088
27.134169415015847	750	11.692651348557511	0.0	374758	3973.0789500924766	0.9162907318741551	0.088276207447052	0.031810324639081955	0.05010381788015366	0.09432432748190851
30.303490842942477	750	12.523329920630884	0.0	362795	3169.3214279266267	0.9162907318741551	0.0835617408156395	0.03158331662416458	0.045661760866642	0.1144708759431008
32.985955224863694	750	13.840865538709659	0.0	353220	2682.4643819212247	0.9162907318741551	0.09471674263477325	0.034129999577999115	0.053760743141174315	0.13167742408084393
35.863992518056165	750	14.96282824551719	0.0	405134	2878.0372931924676	0.9162907318741551	0.10268533229827881	0.03364410623908043	0.062312404811382296	0.1407674601570588
38.574204610489986	750	16.252616153083366	0.0	386351	2710.212092433823	0.9162907318741551	0.10106344521045685	0.033547624945640564	0.06080629527568817	0.14255378797791776
42.71361198621951	750	16.11320877735384	0.0	434409	4139.407375729526	0.9162907318741551	0.10249501466751099	0.03121061436831951	0.06504227742552757	0.10494473255931716
47.84833738925803	750	14.978483374315328	0.0	337059	5134.725403038512	0.9162907318741551	0.09067116677761078	0.03248732164502144	0.05168638080358506	0.06564304291725957
55.512826921641526	750	11.313993841931827	0.0	366214	7664.489532383501	0.9162907318741551	0.08526582270860672	0.0317702479660511	0.0471415251493454	0.04778061193151827
57.905732168773554	300	12.921088594799802	0.0	143509	2392.9052471320265	-0.9162907318741551	0.062257759273052216	0.029570484533905983	0.02677317783236504	0.059972704799740865
59.964690930297465	300	14.862129833275889	0.0	150616	2058.9587615239134	0.0	0.07428202778100967	0.03257123380899429	0.035196547210216526	0.07315153795917864
61.43581823871916	300	17.3910025248542	0.0	165384	1471.1273084216887	0.0	0.07302600890398026	0.03212028741836548	0.034481664001941685	0.11241991026421339
62.635937731476396	300	20.190883032096956	0.0	140881	1200.1194927572437	0.0	0.08170831948518753	0.031924352049827576	0.04339909702539444	0.11738914403959019
65.33058880175624	750	21.496231961817116	0.0	386472	2694.65107027984	0.0	0.08655796945095062	0.03111991100013256	0.04921407625079155	0.14342190878163116
68.08325987534485	750	22.743560888228497	0.0	399894	2752.67107358862	0.9162907318741551	0.09324173629283905	0.031138785183429718	0.05587519407272339	0.145274894569464
70.22898132241912	750	24.597839441154235	0.0	401853	2145.721447074263	0.9162907318741551	0.0873807817697525	0.0330459289252758	0.047725667059421543	0.18728106602463948
72.91534341699557	1200	25.911477346577783	0.0	536667	2686.3620945764524	0.9162907318741551	0.09325720369815826	0.03106447122991085	0.055979838222265245	0.19977463242333832
76.92403589950646	1200	25.90278486406689	0.0	587236	4008.6924825108895	1.3862943611198906	0.10072192549705505	0.0332932323217392	0.06077004671096802	0.14649065812905113
79.74129329161877	1200	27.085527471954585	0.0	590335	2817.257392112309	1.3862943611198906	0.09907802939414978	0.034984175115823746	0.05709701925516129	0.20954244424127025
83.71363106125028	1200	27.11318970232307	0.0	696376	3972.337769631514	1.3862943611198906	0.11220119893550873	0.03277153894305229	0.07287535220384597	0.1753063410981282
86.39530769267606	1200	28.431513070897296	0.0	487160	2681.6766314257716	1.3862943611198906	0.1137910708785057	0.031675420701503754	0.0757805660367012	0.18166246977399014
89.85222516896559	1200	28.974595594607774	0.0	622896	3456.917476289524	1.3862943611198906	0.11336565017700195	0.03768283873796463	0.0681462436914444	0.1801882759054417
95.21700810021254	1850	27.60981266336082	0.0	975811	5364.782931246956	1.3862943611198906	0.12550219893455505	0.03828388452529907	0.07956153750419617	0.18189198193209818
101.12470690513399	1850	25.702113858439358	0.0	873429	5907.69880492146	1.8191584434161694	0.12579017877578735	0.035491473972797394	0.08320041000843048	0.1478458920878604
110.43632871273266	1850	20.390492050840695	0.0	954453	9311.621807598665	1.8191584434161694	0.12013763189315796	0.030619416385889053	0.0833943322300911	0.10250126344490572
118.77187449317144	1850	16.054946270401924	0.0	885062	8335.545780438772	1.8191584434161694	0.10777194052934647	0.03572143614292145	0.06490621715784073	0.10617925008305955
123.56384134528444	1200	15.262979418288916	0.0	670129	4791.966852113005	0.9534302788236118	0.10328845679759979	0.03490310162305832	0.06140473484992981	0.1398442478174715
129.08141643665942	1200	13.74540432691393	0.0	690253	5517.575091374988	1.3862943611198906	0.11238184571266174	0.03389633074402809	0.07170624881982804	0.12510078948975173
138.33160812016285	1200	8.495212643410513	0.0	598727	9250.191683503417	1.3862943611198906	0.11380196362733841	0.03643963485956192	0.0700744017958641	0.06472590195809198
144.75366717343616	750	6.073153590137234	0.0	321064	6422.059053273279	0.44628710262841964	0.0901891440153122	0.03388359770178795	0.04952882677316666	0.0499939345522455
146.5594808943054	300	8.267339869267945	0.0	124011	1805.8137208692895	-0.9162907318741551	0.0831732377409935	0.032025452703237534	0.04474269449710846	0.06867319622552381
148.1343745586747	300	10.692446204898667	0.0	144254	1574.8936643692766	0.0	0.07730767130851746	0.032741621136665344	0.03801772594451904	0.0915960253467473
149.44884144072319	300	13.377979322850171	0.0	149991	1314.4668820484962	0.0	0.09001775085926056	0.03337685763835907	0.049965521693229674	0.11410785775465905
151.93657383852656	750	14.890246925046798	0.0	345516	2487.7323978033724	0.0	0.0945282131433487	0.031717486679553986	0.05646722912788391	0.13888792874389747
154.62280548244996	750	16.204015281123382	0.0	384505	2686.231643923414	0.9162907318741551	0.0911366268992424	0.030789272859692574	0.05418949946761131	0.14313918193533218
156.7831077296997	750	18.043713033873654	0.0	372093	2160.302247249731	0.9162907318741551	0.08211836963891983	0.03408261388540268	0.041219232976436614	0.17224117619361345
159.22565331651265	750	19.601167447060707	0.0	438281	2442.5455868129457	0.9162907318741551	0.0991777703166008	0.03241618722677231	0.060278345644474034	0.1794361597041359
161.035890247942	750	21.790930515631345	0.0	398987	1810.2369314293621	0.9162907318741551	0.10032850503921509	0.030998585745692253	0.06313020214438439	0.22040595519447284
164.0927528230539	750	22.734067940519452	0.0	393804	3056.8625751118925	0.9162907318741551	0.11143020540475845	0.034204404801130295	0.0703849196434021	0.12882620344343917
168.09894661668466	1850	22.727874146888666	0.0	830730	4006.193793630786	0.9162907318741551	0.11113682389259338	0.034743744879961014	0.06944433003664016	0.2073614115524639
175.52843639209266	2850	19.298384371480655	0.0	1364537	7429.489775408012	1.8191584434161694	0.11798492074012756	0.03607023507356644	0.07470063865184784	0.1836649677500986

