2.938063692649704	750	4.0	2.938063692649704	450283	2938.063692649704	-6.898958690574058	0.0784117728471756	0.029255803674459457	0.04330480843782425	0.15325842020596586
4.000111194616245	300	6.937952498033459	0.0	155580	1062.047501966541	-0.9162907318741551	0.11017987132072449	0.03273675590753555	0.07089576423168183	0.14649062279410308
4.725715560228542	300	10.212348132421162	0.0	139857	725.604365612297	0.0	0.10814499855041504	0.03182205557823181	0.06995853185653686	0.19274553272840703
8.133262339268176	1200	10.804801353381528	0.0	617681	3407.546779039634	0.0	0.13092130422592163	0.02540070191025734	0.10044046193361282	0.18126853130805268
11.620670359959105	1200	11.3173933326906	0.0	652874	3487.408020690929	1.3862943611198906	0.12819045782089233	0.032943252474069595	0.08865855485200883	0.18720895178495686
14.418084516223027	1200	12.519979176426677	0.0	520315	2797.414156263922	1.3862943611198906	0.11866724491119385	0.030880792066454887	0.08161029443144799	0.1859985582881675
16.09180102120784	750	14.846262671441863	0.0	352642	1673.7165049848131	0.44628710262841964	0.09672658890485764	0.033589642494916916	0.05641901791095734	0.21069398488318056
18.14299966724644	750	16.795064025403267	0.0	437162	2051.1986460385983	0.9162907318741551	0.11422859877347946	0.03471141308546066	0.07257490307092668	0.21312514068019414
21.032448852402784	1200	17.90561484024692	0.0	584846	2889.449185156345	0.9162907318741551	0.12390025705099106	0.03096884675323963	0.08673764094710351	0.20240743564706593
23.719557631279255	1200	19.218506061370448	0.0	560821	2687.108778876472	1.3862943611198906	0.1282675564289093	0.03355616703629494	0.08800015598535538	0.20870796314933301
26.47897909251585	1200	20.459084600133853	0.0	607410	2759.421461236593	1.3862943611198906	0.13173344731330872	0.033455684781074524	0.09158662557601929	0.22012222798607878
29.39567815469704	1200	21.54238553795266	0.0	594078	2916.699062181193	1.3862943611198906	0.13345734775066376	0.03213749825954437	0.09489234983921052	0.20368162341566054
32.53979087006141	1200	22.398272822588293	0.0	624282	3144.1127153643693	1.3862943611198906	0.1311413049697876	0.036468345671892166	0.087379290163517	0.1985558586844913
39.07588202997013	1850	19.862181662679568	0.0	1036454	6536.091159908727	1.3862943611198906	0.1339608132839203	0.034325774759054184	0.09276988357305527	0.1585739817029225
44.652838659284036	1850	18.28522503336566	0.0	821631	5576.956629313907	1.8191584434161694	0.13147996366024017	0.0320986844599247	0.09296154230833054	0.1473260515746703
53.05225801078983	1850	13.885805681859877	0.0	923170	8399.419351505783	1.8191584434161694	0.12662115693092346	0.033694423735141754	0.08618784844875335	0.10990878790145193
58.24683850758178	1200	12.691225185067925	0.0	617242	5194.580496791951	0.9534302788236118	0.1108553409576416	0.03076220117509365	0.07394069954752922	0.1188242246666875
62.24430596101951	1200	12.693757731630193	0.0	581493	3997.4674534377314	1.3862943611198906	0.11796160042285919	0.03289545699954033	0.0784870520234108	0.14546534944266507
65.92668851988714	1200	13.011375172762575	0.0	639204	3682.3825588676164	1.3862943611198906	0.11932425200939178	0.03532802313566208	0.0769306242465973	0.1735843546349416
69.19247837946315	1200	13.745585313186549	0.0	586839	3265.7898595760253	1.3862943611198906	0.11040797829627991	0.033283572643995285	0.07046769112348557	0.17969282324741656
72.37426010076922	1200	14.563803591880484	0.0	601738	3181.7817213060657	1.3862943611198906	0.11981689929962158	0.03378778323531151	0.07927155941724778	0.18911982427034532
75.70871381143174	1200	15.229349881217964	0.0	616206	3334.45371066252	1.3862943611198906	0.12013266980648041	0.039939675480127335	0.0722050592303276	0.1847996863862796
78.67374398114819	1200	16.264319711501507	0.0	656471	2965.030169716456	1.3862943611198906	0.11767131090164185	0.03287104517221451	0.07822605669498445	0.2214044925090182
81.3938361208504	1200	17.54422757179931	0.0	536667	2720.0921397021993	1.3862943611198906	0.1356140375137329	0.032080765813589096	0.097117118537426	0.19729736069115486
84.28795530946762	1200	18.65010838318208	0.0	587236	2894.1191886172296	1.3862943611198906	0.12511807680130005	0.03454264998435974	0.08366689682006836	0.20290663988879232
86.81155739606955	1200	20.126506296580164	0.0	590335	2523.602086601917	1.3862943611198906	0.12261322140693665	0.033849168568849564	0.08199421912431717	0.23392554758698048
90.26309582303111	1200	20.674967869618605	0.0	696376	3451.538426961557	1.3862943611198906	0.13502714037895203	0.033449213951826096	0.09488808363676071	0.2017581477755792
92.81051881185667	1200	22.127544880793042	0.0	487160	2547.4229888255645	1.3862943611198906	0.13241365551948547	0.039902474731206894	0.08453068584203721	0.1912363993482664
99.07524705361752	1850	19.862816639032207	0.0	972798	6264.728241760831	1.3862943611198906	0.13011667132377625	0.030918177217245102	0.09301485866308212	0.15528175564189758
105.06333524570987	1850	17.87472844693985	0.0	975811	5988.088192092356	1.8191584434161694	0.12965741753578186	0.03531641140580177	0.08727772384881974	0.1629586887662442
112.86533578446091	1850	14.072727908188805	0.0	873429	7802.000538751046	1.8191584434161694	0.1385556161403656	0.031869906932115555	0.10031172782182693	0.11194936422547588
118.32790221912731	1200	12.61016147352241	0.0	620283	5462.566434666394	0.9534302788236118	0.11079856008291245	0.034920819103717804	0.06889357715845108	0.11355157093625012
122.33648871626296	1200	12.601574976386761	0.0	584349	4008.5864971356505	1.3862943611198906	0.11595399677753448	0.03303145617246628	0.07631624937057496	0.14577432728907025
124.99856743096048	750	13.939496261689234	0.0	412837	2662.0787146975267	0.44628710262841964	0.1066586822271347	0.03328566625714302	0.06671588271856307	0.15508068853137116
127.25779369334198	750	15.680269999307733	0.0	401088	2259.2262623815	0.9162907318741551	0.11582814157009125	0.035366903990507126	0.0733878567814827	0.17753334700403328
130.57859565885946	1200	16.359468033790275	0.0	598727	3320.8019655174594	0.9162907318741551	0.1207573264837265	0.03220989182591438	0.08210545629262925	0.1802959062952446
133.17628368503227	1200	17.761780007617432	0.0	487812	2597.688026172841	1.3862943611198906	0.12392275035381317	0.03435540571808815	0.0826962634921074	0.18778698407394617
136.32899518104378	1200	18.609068511605923	0.0	575591	3152.71149601151	1.3862943611198906	0.11790375411510468	0.033699214458465576	0.077464696764946	0.18257014659545576
139.13806935031735	1200	19.79999434233235	0.0	605884	2809.0741692735737	1.3862943611198906	0.11494938284158707	0.03407147526741028	0.07406361252069474	0.2156881461612249
142.02921899735054	1200	20.90884469529916	0.0	587506	2891.149647033192	1.3862943611198906	0.13135859370231628	0.034666988998651505	0.08975820690393449	0.20320843668638197
144.87205531528954	1200	22.066008377360173	0.0	566904	2842.836317938987	1.3862943611198906	0.1280478537082672	0.03163652494549751	0.0900840237736702	0.19941492812044723
147.66260531941506	1200	23.275458373234645	0.0	641452	2790.5500041255295	1.3862943611198906	0.12657949328422546	0.0283185001462698	0.09259729310870171	0.22986579672526272
152.00448888855533	1850	22.93357480409439	0.0	886255	4341.883569140253	1.3862943611198906	0.13267278671264648	0.0319085419178009	0.09438253641128541	0.20411763371524252
157.27853053234446	1850	21.659533160305255	0.0	973972	5274.041643789135	1.8191584434161694	0.13940554857254028	0.03163886442780495	0.10143891125917434	0.1846727928564951
163.24405832784845	1850	19.69400536480126	0.0	958994	5965.527795503995	1.8191584434161694	0.14242880046367645	0.040431488305330276	0.09391101449728012	0.1607559352456223
171.0581886137263	1850	15.879875078923398	0.0	982064	7814.130285877864	1.8191584434161694	0.12982691824436188	0.032984036952257156	0.09024607390165329	0.12567796595032993
178.96810645646153	1850	11.969957236188156	0.0	830730	7909.917842735242	1.8191584434161694	0.11344411969184875	0.03248205408453941	0.07446565479040146	0.1050238468359027
184.77892563719897	1850	10.159138055450727	0.0	846370	5810.81918073743	1.8191584434161694	0.12662987411022186	0.03133273869752884	0.08903058767318725	0.14565416229189743

