0.988767159800522	750	4.0	0.988767159800522	450283	988.767159800522	-1.7138299131952337	0.1551925390958786	0.03250586614012718	0.11618549972772599	0.45539841765258665
2.2984439090902655	1200	6.690323250710256	0.0	611087	1309.6767492897436	0.9162907318741551	0.26176130771636963	0.037484973669052124	0.21677933931350707	0.46659376088901416
3.54617275549243	1200	9.442594404308092	0.0	571051	1247.7288464021647	1.3862943611198906	0.29834386706352234	0.04609868675470352	0.24302544295787812	0.45767235537322853
5.737941336680919	1850	11.250825823119605	0.0	933276	2191.7685811884885	1.3862943611198906	0.26368534564971924	0.04036182910203934	0.21525115072727202	0.4258095530751382
8.214126327386868	1850	12.774640832413656	0.0	996749	2476.1849907059495	1.8191584434161694	0.24280713498592377	0.03880631923675537	0.19623955190181733	0.4025341417305947
10.146950315813774	1850	14.84181684398675	0.0	801058	1932.8239884269053	1.8191584434161694	0.21902668476104736	0.048218224197626114	0.16116481572389602	0.4144495333235016
12.480388257008034	1850	16.50837890279249	0.0	905515	2333.4379411942596	1.8191584434161694	0.18813295662403107	0.043059058487415314	0.13646208643913268	0.3880604596394602
14.893457038648585	1850	18.09531012115194	0.0	1060487	2413.068781640552	1.8191584434161694	0.21036681532859802	0.027849698439240456	0.1769471772015095	0.43947649071114164
18.011071441950065	2850	18.97769571785046	0.0	1348011	3117.6144033014803	1.8191584434161694	0.23828256130218506	0.05266914889216423	0.175079582631588	0.4323854157757573
21.286033494451367	2850	19.702733665349157	0.0	1429765	3274.9620525013033	2.2512917986064953	0.2568280100822449	0.03844344615936279	0.21069587469100953	0.43657452424769155
25.884820060605325	4300	19.1039470991952	0.0	2173522	4598.786566153959	2.2512917986064953	0.29918110370635986	0.04910292103886604	0.2402575984597206	0.4726294575174756
30.89129133023138	4300	18.097475829569145	0.0	2102452	5006.471269626053	2.662587827025453	0.2683337330818176	0.03298739343881607	0.22874886095523833	0.4199468820994628
35.61175508824692	4300	17.377012071553604	0.0	2209463	4720.463758015545	2.662587827025453	0.28295838832855225	0.040183525532484055	0.23473815768957138	0.46806057905819937
41.056855374098944	4300	15.931911785701582	0.0	2275376	5445.100285852021	2.662587827025453	0.2961307466030121	0.03439490124583244	0.25485686510801314	0.41787586647616004
45.81920192530487	4300	15.169565234495657	0.0	2005399	4762.346551205923	2.662587827025453	0.28377482295036316	0.042356573045253754	0.23294693529605864	0.4210947226199219
49.169338886852344	2850	15.819428272948178	0.0	1471065	3350.13696154748	1.8399957701875378	0.2526997923851013	0.036974065005779266	0.2083309143781662	0.4391059281709165
52.613362528274536	2850	16.375404631525996	0.0	1491626	3444.023641422184	2.2512917986064953	0.2817468047142029	0.0347309447824955	0.2400696709752083	0.433105621593249
55.42885544123907	2850	17.55991171856145	0.0	1358801	2815.492912964542	2.2512917986064953	0.26380693912506104	0.04627591371536255	0.20827584266662597	0.48261567050767873
59.041477372904744	2850	17.94728978689578	0.0	1537156	3612.621931665673	2.2512917986064953	0.28143376111984253	0.046714846044778824	0.22537594586610793	0.42549594977719213
62.18896694272916	2850	18.799800217071365	0.0	1336050	3147.489569824414	2.2512917986064953	0.2829999029636383	0.03782415762543678	0.23761091381311417	0.4244811524743299
65.2945536745934	2850	19.69421348520712	0.0	1415116	3105.5867318642504	2.2512917986064953	0.2745096683502197	0.03811349719762802	0.2287734717130661	0.45566784063072074
70.20629710754422	4300	18.782470052256304	0.0	2176469	4911.743432950814	2.2512917986064953	0.29320311546325684	0.04495178163051605	0.23926097750663758	0.44311536824154696
75.63589430605661	4300	17.352872853743918	0.0	2221506	5429.597198512389	2.662587827025453	0.2813042998313904	0.05095820873975754	0.22015444934368134	0.409147477939736
80.18790344228705	4300	16.80086371751348	0.0	2044075	4552.009136230439	2.662587827025453	0.280275821685791	0.03984355926513672	0.23246355056762696	0.44904896691238133
85.12019394492282	4300	15.86857321487771	0.0	2186790	4932.290502635769	2.662587827025453	0.24899232387542725	0.032983966171741486	0.20941156446933745	0.44336196313485593
89.75816587365593	4300	15.230601286144596	0.0	2105231	4637.9719287331145	2.662587827025453	0.2742253541946411	0.04558585211634636	0.2195223316550255	0.453911975395473
95.34000545527437	4300	13.648761704526166	0.0	2395588	5581.839581618431	2.662587827025453	0.3045327961444855	0.03196689486503601	0.2661725223064423	0.42917535786748806
99.55129359335986	4300	13.437473566440673	0.0	1972048	4211.288138085493	2.662587827025453	0.28712886571884155	0.026216179132461548	0.2556694507598877	0.4682766733925071
103.232857417747	2850	13.755909742053541	0.0	1498470	3681.563824387131	1.8399957701875378	0.27899858355522156	0.041646696627140045	0.2290225476026535	0.40701997071840795
107.03884870558676	2850	13.94991845421379	0.0	1561263	3805.991287839752	2.2512917986064953	0.28968238830566406	0.04292234778404236	0.23817557096481323	0.41021192165843323
110.03701028653578	2850	14.951756873264777	0.0	1341201	2998.1615809490117	2.2512917986064953	0.2707909941673279	0.04902955889701843	0.21195552349090577	0.44734113348736465
113.64743740463842	2850	15.341329755162134	0.0	1497683	3610.4271181026434	2.2512917986064953	0.28090816736221313	0.0295196995139122	0.2454845279455185	0.4148215573970828
116.53644221940138	2850	16.452324940399173	0.0	1358081	2889.0048147629636	2.2512917986064953	0.2933279573917389	0.04872603714466095	0.23485671281814574	0.470086097835537
119.91997125717386	2850	17.06879590262669	0.0	1587293	3383.5290377724805	2.2512917986064953	0.28559714555740356	0.043027233332395554	0.2339644655585289	0.46912350456580737
123.60639581627962	2850	17.382371343520916	0.0	1492672	3686.424559105773	2.2512917986064953	0.276950478553772	0.04162302240729332	0.22700285166502	0.4049104968967769
126.87282663274894	2850	18.1159405270516	0.0	1439896	3266.430816469318	2.2512917986064953	0.2835303544998169	0.04856055602431297	0.22525768727064133	0.44081631631077445
129.25368631333353	2850	19.73508084646701	0.0	1139291	2380.859680584589	2.2512917986064953	0.27777624130249023	0.0495980903506279	0.21825853288173674	0.47852085080472356
132.72243237874096	2850	20.266334781059587	0.0	1499009	3468.7460654074257	2.2512917986064953	0.25803521275520325	0.034439872950315475	0.21670736521482467	0.43214722892202606
137.9681964689814	4300	19.02057069081914	0.0	2133870	5245.764090240447	2.2512917986064953	0.30183181166648865	0.04903753846883774	0.24298676550388337	0.4067796346332057
142.75319271474314	4300	18.23557444505739	0.0	2146120	4784.996245761751	2.662587827025453	0.28156593441963196	0.04085955396294594	0.23253446966409683	0.4485102787491
147.59726053564478	4300	17.39150662415575	0.0	2108491	4844.06782090164	2.662587827025453	0.2931859791278839	0.03824496641755104	0.24729201942682266	0.4352728074743472
152.30352363468182	4300	16.68524352511869	0.0	2184571	4706.263099037058	2.662587827025453	0.27817869186401367	0.04273393005132675	0.22689797580242158	0.46418378106548736
157.3612647553611	4300	15.627502404439415	0.0	2121928	5057.741120679275	2.662587827025453	0.2836523950099945	0.03769582882523537	0.23841740041971207	0.41954065053353634
162.0601103569206	4300	14.928656802879903	0.0	2219102	4698.845601559513	2.662587827025453	0.26078927516937256	0.029040848836302757	0.22594025656580924	0.47226535795589797
165.62837064570633	2850	15.360396514094157	0.0	1464921	3568.260288785747	1.8399957701875378	0.2569734454154968	0.0441499687731266	0.2039934828877449	0.41054207973670603
169.2758268241514	2850	15.712940335649076	0.0	1483527	3647.4561784450807	2.2512917986064953	0.27681615948677063	0.04179348796606064	0.22666397392749787	0.4067292182335227
173.64586812227185	4300	15.342899037528664	0.0	1961140	4370.041298120414	2.2512917986064953	0.2631136178970337	0.03784390911459923	0.21770092695951462	0.4487692143420934
178.65026398256293	4300	14.338503177237584	0.0	2155012	5004.395860291079	2.662587827025453	0.2655274271965027	0.030106516554951668	0.2293996073305607	0.4306238075807725

