4.85145520598	750	4.0	4.851455205977005	450283	4851.45520598	-11.988580116024679	0.375735252742	0.0866201626574	0.289115090085	0.0928140075261
7.05512008568	300	5.796335120296149	0.0	155580	2203.6648797	-0.9162907318741551	0.0928140075261	0.0213968861589	0.0714171213672	0.0706005715447
9.2119866216	300	7.639468584376665	0.0	139857	2156.86653592	0.0	0.0801975199025	0.0191938967157	0.0610036231868	0.064842676944
11.8741548918	300	8.97730031420655	0.0	155432	2662.16827017	0.0	0.074330341216	0.0177896884327	0.0565406527833	0.0583854904071
14.3168017061	300	10.534653499851958	0.0	163442	2442.64681435	0.0	0.0695798448283	0.0166527388472	0.0529271059811	0.06691184294
16.8817024179	300	11.969752788063095	0.0	126289	2564.90071179	0.0	0.069029357951	0.0165209892834	0.0525083686677	0.0492373835055
20.1552644512	300	12.69619075475933	0.0	153295	3273.5620333	0.0	0.0609990534162	0.0174895398458	0.0435095135704	0.0468281946212
23.1093919899	300	13.742063216051369	0.0	173849	2954.12753871	0.0	0.0560796195549	0.0160790485395	0.0400005710154	0.0588495241732
24.4475023233	300	16.403952882659972	0.0	150710	1338.11033339	0.0	0.0551088682052	0.0158007164431	0.039308151762	0.112628978522
25.6736628802	300	19.17779232581396	0.0	139105	1226.16055685	0.0	0.0606202673721	0.0204931127782	0.0401271545939	0.113447622518
28.75073054	750	20.10072466592943	0.0	353220	3077.06765988	0.0	0.0654876544156	0.0221385676061	0.0433490868095	0.114791106028
34.2782273523	750	18.57322785371708	0.0	405134	5527.49681221	0.9162907318741551	0.0772177237185	0.0261040010089	0.0511137227096	0.0732942982626
42.6116391151	750	14.239816090880673	0.0	386351	8333.41176284	0.9162907318741551	0.0876563343658	0.0296328476227	0.0580234867432	0.0463616836651
50.0955303138	750	10.75592489221028	0.0	434409	7483.89119867	0.9162907318741551	0.0811451352335	0.0382272432423	0.0429178919912	0.0580458732587
55.2136298766	750	9.637825329338138	0.0	337059	5118.09956287	0.9162907318741551	0.0714622278071	0.0336656529951	0.0377965748119	0.0658562804141
56.8071224946	300	12.04433271134421	0.0	138313	1593.49261799	-0.9162907318741551	0.0654990607725	0.0308564219048	0.0346426388677	0.0867986449627
58.2535116874	300	14.597943518559047	0.0	143509	1446.38919279	0.0	0.0631740566323	0.0297611190435	0.0334129375888	0.0992187999716
59.7380268102	300	17.113428395743853	0.0	150616	1484.51512282	0.0	0.0661537349907	0.0311648370737	0.034988897917	0.101458043563
63.5325377465	750	17.318917459455623	0.0	405596	3794.51093629	0.0	0.0782861257614	0.0222853991524	0.056000726609	0.106890191334
67.6244521973	750	17.22700300865854	0.0	350713	4091.9144508	0.9162907318741551	0.0892922210797	0.0237944024844	0.0654978185952	0.0857087811139
71.7806170857	750	17.07083812025928	0.0	386472	4156.1648884	0.9162907318741551	0.0952766513263	0.0253891208172	0.0698875305091	0.09298764856
74.9700743891	750	17.881380816925994	0.0	399894	3189.45730333	0.9162907318741551	0.0966894427894	0.0257655985024	0.070923844287	0.125379950872
78.4007958995	1200	18.450659306458302	0.0	656471	3430.72151047	0.9162907318741551	0.100788213075	0.0260178193726	0.0747703937021	0.191350710921
82.6047278056	1200	18.24672740042544	0.0	536667	4203.93190603	1.3862943611198906	0.111163751406	0.0357105189975	0.0754532324088	0.12765834747
89.6534749355	1200	15.197980270509047	0.0	587236	7048.74712992	1.3862943611198906	0.115057046097	0.0369612106327	0.0780958354645	0.0833106918402
97.433154747	1200	11.418300459015219	0.0	590335	7779.67981149	1.3862943611198906	0.114174672959	0.036677754899	0.0774969180599	0.0758816576394
108.187087905	1200	4.664367300769673	0.0	696376	10753.9331582	1.3862943611198906	0.108185655033	0.0362843600787	0.0719012949539	0.064755470371
109.090941532	300	7.760513674285006	0.0	111155	903.853626485	-1.3862943611198906	0.0931379633566	0.0373894204954	0.0557485428612	0.122978983259
110.17104984	300	10.680405365944754	0.0	153605	1080.10830834	0.0	0.0883559779476	0.0354697342921	0.0528862436555	0.142212589991
111.227650092	300	13.623805114470267	0.0	149029	1056.60025147	0.0	0.0896256767948	0.0359794437853	0.0536462330095	0.141045773737
113.763453888	750	15.088001317803753	0.0	358218	2535.80379667	0.0	0.0982816051314	0.0394542904825	0.0588273146489	0.141264083787
115.905816565	750	16.945638640625884	0.0	400322	2142.36267718	0.9162907318741551	0.111670094757	0.0448289825027	0.0668411122547	0.186860051412
117.578570117	750	19.27288508941589	0.0	369834	1672.75355121	0.9162907318741551	0.144160216401	0.0413638621975	0.102796354204	0.221092939682
127.342759698	1850	13.508695508027113	0.0	1035329	9764.18958139	0.9162907318741551	0.160900285767	0.0461670869684	0.114733198798	0.106033275099
143.284638252	1850	4.0	2.4331830456871884	1026056	15941.8785537	-4.653108458111752	0.149367775717	0.0509344237932	0.0984333519235	0.0643623018795
144.564024525	300	6.720613726661887	0.0	159914	1279.38627334	-1.8191584434161694	0.119270340384	0.0678769684452	0.0513933719386	0.124992743265
145.660055155	300	9.624583096771966	0.0	131610	1096.03062989	0.0	0.116704920835	0.0664169834967	0.0502879373382	0.12007876095
147.011774561	300	12.272863690463451	0.0	124011	1351.71940631	0.0	0.109124169345	0.0621027639849	0.0470214053603	0.0917431527736
148.722698038	300	14.561940213735003	0.0	144254	1710.92347673	0.0	0.0957920930062	0.0545154550022	0.0412766380041	0.0843135312374
150.866915233	300	16.417723019087646	0.0	149991	2144.21719465	0.0	0.0915317302941	0.0520908748052	0.0394408554889	0.0699514024859
156.835589682	750	14.44904857005853	0.0	345516	5968.67444903	0.0	0.0936602160897	0.0220821583872	0.0715780577026	0.0578882301172
165.765437331	750	9.519200920597886	0.0	384505	8929.84764946	0.9162907318741551	0.0797974247753	0.030477319815	0.0493201049603	0.0430584053719
167.62233541	300	11.662302841418814	0.0	145210	1856.89807918	-0.9162907318741551	0.0644703214095	0.0296823662653	0.0347879551443	0.0782003070757
170.351858124	300	12.932780127284486	0.0	172312	2729.52271413	0.0	0.0629384108311	0.028977069163	0.0339613416681	0.0631289855577
173.083390578	300	14.201247673672569	0.0	167025	2731.53245361	0.0	0.0599356281979	0.0275945773127	0.0323410508852	0.0611469945302
174.990078125	300	16.294560126537963	0.0	160064	1906.68754713	0.0	0.0584923737024	0.0269300977877	0.0315622759148	0.0839487310024
178.212198814	750	17.072439437701345	0.0	331053	3222.12068884	0.0	0.0624074865542	0.0287326297294	0.0336748568248	0.102743823702
187.163481046	1850	12.121157205657456	0.0	846370	8951.28223204	0.9162907318741551	0.0750443489847	0.021156071839	0.0538882771457	0.0945529342121

