9.855339021773021	750	4.0	9.855339021773021	450283	9855.339021773021	-25.298911066042084	0.33815890550613403	0.05179660767316818	0.2760029762983322	0.045689245088901265
15.18433681514188	300	4.0	1.328997793368858	155580	5328.997793368858	-4.451424862235317	0.04088094085454941	0.021832674741744995	0.014681731164455415	0.029194983002919627
20.598672241627224	300	4.0	1.4143354264853452	139857	5414.335426485345	-3.7621322344510184	0.03417489677667618	0.01649518683552742	0.014380672574043275	0.025830871008814947
27.10731214620699	300	4.0	2.508639904579768	155432	6508.639904579768	-6.672982146182183	0.03412913531064987	0.014523924328386784	0.01670042611658573	0.02388087254460508
33.74102390088407	300	4.0	2.6337117546770785	163442	6633.711754677079	-7.005673267441029	0.024427082389593124	0.014316870830953121	0.007246837392449381	0.02463809192263527
37.64330382574288	300	4.097720075141189	0.0	126289	3902.2799248588103	0.0	0.02825925499200821	0.013501047156751156	0.012057998403906822	0.032362875660328055
40.45579232608224	300	5.285231574801833	0.0	153295	2812.4885003393556	0.0	0.03517182916402817	0.015427431091666222	0.016658911854028704	0.054505111747658125
42.126080704005375	300	7.6149431968786985	0.0	173849	1670.288377923135	0.0	0.04437095671892166	0.018542632460594177	0.02211979776620865	0.10408322436881637
43.137500673381226	300	10.603523227502853	0.0	150710	1011.4199693758458	0.0	0.07178927958011627	0.02691204659640789	0.039494823664426804	0.1490083294410374
44.01701587945448	300	13.724008021429599	0.0	139105	879.5152060732553	0.0	0.08869124948978424	0.031199311837553978	0.05125207528471947	0.15816099487473087
46.32533599667496	750	15.415687904209127	0.0	353220	2308.320117220471	0.0	0.09413855522871017	0.031573258340358734	0.05625064522027969	0.15302037068642133
53.11072803531388	750	12.6302958655702	0.0	405134	6785.392038638927	0.9162907318741551	0.09995434433221817	0.035773009061813354	0.05702673345804215	0.05970679331319304
54.308361480227966	300	15.432662420656122	0.0	160746	1197.6334449140784	-0.9162907318741551	0.06740891933441162	0.029136955738067627	0.03244457244873047	0.1342196985919447
55.48570445593061	300	18.25531944495348	0.0	179801	1177.3429757026445	0.0	0.07585310935974121	0.030114782974123955	0.03971536979079247	0.1527176054137443
57.52539947348234	750	20.215624427401757	0.0	337059	2039.6950175517231	0.0	0.08460137993097305	0.03181631863117218	0.04642179757356644	0.16524970502922395
61.70909143953627	750	20.03193246134782	0.0	366214	4183.691966053934	0.9162907318741551	0.09197370707988739	0.030704693868756294	0.05512807443737984	0.0875336910488211
66.22343112740057	750	19.51759277348352	0.0	360831	4514.3396878643	0.9162907318741551	0.0909002348780632	0.03302951529622078	0.05126481652259827	0.07992996206510689
70.35900674878559	750	19.382017152098502	0.0	372963	4135.575621385016	0.9162907318741551	0.09187297523021698	0.03439324349164963	0.05060108304023743	0.09018406000640211
74.90384081760793	750	18.837183083276162	0.0	405596	4544.83406882234	0.9162907318741551	0.09111621975898743	0.030136898159980774	0.0549519419670105	0.08924330214438352
77.85217697277754	750	19.88884692810655	0.0	350713	2948.3361551696144	0.9162907318741551	0.0896008163690567	0.03235659375786781	0.050772903859615325	0.11895285392917616
80.88799346367506	750	20.85303043720903	0.0	386472	3035.8164908975195	0.9162907318741551	0.08807303011417389	0.03338606655597687	0.04800975024700165	0.12730413750593406
84.80274120881819	750	20.938282692065897	0.0	399894	3914.747745143132	0.9162907318741551	0.08707202970981598	0.029085878282785416	0.05216897577047348	0.10215064316625054
88.74173479199082	750	20.999289108893265	0.0	401853	3938.9935831726307	0.9162907318741551	0.09130686521530151	0.03206124156713486	0.05283337533473969	0.10201920655994844
92.12324552824201	750	21.617778372642075	0.0	343800	3381.5107362511926	0.9162907318741551	0.08369612693786621	0.03163331374526024	0.045736150443553926	0.10167053332533353
95.90628984607189	750	21.8347340548122	0.0	359903	3783.044317829878	0.9162907318741551	0.08285558223724365	0.033595483750104904	0.04254100173711777	0.09513581384805356
99.96068563748588	750	21.780338263398207	0.0	379700	4054.3957914139905	0.9162907318741551	0.08363129198551178	0.030864328145980835	0.04659409821033478	0.09365143896510847
103.79608906351771	750	21.944934837366382	0.0	425781	3835.4034260318263	0.9162907318741551	0.07967205345630646	0.03345785662531853	0.039522625505924225	0.11101335445187321
106.88559221160422	750	22.855431689279868	0.0	277716	3089.503148086513	0.9162907318741551	0.08844597637653351	0.0323319211602211	0.04964767098426819	0.0898901819122611
111.95431745226826	750	21.786706448615828	0.0	400396	5068.725240664039	0.9162907318741551	0.08452644944190979	0.030942313373088837	0.04739567339420319	0.07899343148210283
117.87507495728912	750	19.86594894359496	0.0	400508	5920.757505020864	0.9162907318741551	0.07905332744121552	0.0283026322722435	0.045090168714523315	0.06764472276737647
128.98478133461808	750	12.756242566266003	0.0	358218	11109.70637732896	0.9162907318741551	0.07787459343671799	0.031031152233481407	0.0406372107565403	0.03224369644286893
135.08460871049022	300	10.656415190393842	0.0	157488	6099.827375872161	-0.9162907318741551	0.06078822910785675	0.0289083831012249	0.02609816938638687	0.02581843555490489
141.1214362249356	300	8.619587675948456	0.0	143881	6036.8275144453855	0.0	0.05037553608417511	0.024569721892476082	0.020891869813203814	0.02383387626293951
147.75881735685368	300	5.9822065440303644	0.0	163444	6637.381131918092	0.0	0.049022987484931946	0.02309277281165123	0.02131166011095047	0.024624772444364274
153.31579537027568	300	4.425228530608383	0.0	179328	5556.978013421981	0.0	0.03655324503779411	0.02061069756746292	0.01182040795683861	0.03227077731221218
155.33490366915376	300	6.406120231730305	0.0	159914	2019.1082988780781	0.0	0.04498855769634247	0.023160837590694427	0.017195552587509155	0.07920030841775874
156.43694388315546	300	9.304080017728587	0.0	131610	1102.0402140017172	0.0	0.05693461000919342	0.025086460635066032	0.026830857247114183	0.11942395416052841
157.28329332407074	300	12.457730576813317	0.0	124011	846.3494409152706	0.0	0.07389099150896072	0.02608117274940014	0.04259358420968056	0.14652458429687193
158.19197552772408	300	15.549048373160003	0.0	144254	908.6822036533134	0.0	0.07845846563577652	0.031474292278289795	0.04068931490182877	0.1587507705334535
161.1209028385706	750	16.620121062313483	0.0	390680	2928.9273108465213	0.0	0.0971531867980957	0.03107445128262043	0.059863845258951186	0.13338671757172604
167.11518234788153	750	14.625841553002543	0.0	345516	5994.27950931094	0.9162907318741551	0.08661584556102753	0.03228456526994705	0.04787436723709106	0.05764095575845413
169.7088804243004	750	16.032143476583688	0.0	384505	2593.698076418856	0.9162907318741551	0.06780858337879181	0.027033653110265732	0.035368199646472934	0.148245859260107
172.1097228149458	750	17.63130108593826	0.0	372093	2400.842390645423	0.9162907318741551	0.08485585451126099	0.03170998767018318	0.04680386930704117	0.15498435109685377
177.31582433589045	750	16.42519956499362	0.0	438281	5206.101520944646	0.9162907318741551	0.09533703327178955	0.03134940564632416	0.05771774649620056	0.08418602638399453
181.909992499867	750	15.831031401017068	0.0	398987	4594.16816397655	0.9162907318741551	0.08517132699489594	0.03156663477420807	0.04729136526584626	0.0868464073928567
186.5133835811201	750	15.22764031976394	0.0	393804	4603.391081253126	0.9162907318741551	0.08282443881034851	0.031298600137233734	0.045266118645668034	0.08554650105738995
189.81551680834355	750	15.925507092540506	0.0	331053	3302.133227223434	0.9162907318741551	0.0868554562330246	0.0320088192820549	0.048444873094558714	0.1002542832829197
194.2570496037724	1200	15.483974297111665	0.0	550906	4441.532795428842	0.9162907318741551	0.08364805579185486	0.030134227126836777	0.047486983239650726	0.1240351080075293

