1.2378779058722504	750	4.0	1.2378779058722504	450283	1237.8779058722505	-2.3764644977460314	0.13300305604934692	0.03274701163172722	0.09370664209127427	0.36375396787029285
3.0289016350772444	1200	6.208976270795006	0.0	611087	1791.023729204994	0.9162907318741551	0.21632003784179688	0.027968356385827065	0.1827580101788044	0.34119425110646157
4.815460278217539	1200	8.422417627654712	0.0	571051	1786.5586431402944	1.3862943611198906	0.20747345685958862	0.02619585394859314	0.17603843212127684	0.31963742259041905
8.152369090536391	1850	9.08550881533586	0.0	933276	3336.9088123188526	1.3862943611198906	0.2233843207359314	0.027621904388070107	0.19023803547024726	0.2796828000077883
10.942294332569878	1850	10.295583573302372	0.0	996749	2789.9252420334865	1.8191584434161694	0.1836707442998886	0.04578297957777977	0.1287311688065529	0.35726727905924166
13.163278142439756	1850	12.074599763432493	0.0	801058	2220.983809869878	1.8191584434161694	0.19056595861911774	0.03971609100699425	0.14290664941072465	0.36067710013920906
15.125946850605214	1850	14.111931055267036	0.0	905515	1962.6687081654586	1.8191584434161694	0.17085610330104828	0.046475157141685486	0.1150859147310257	0.46136925515381605
17.702421297161692	1850	15.535456608710557	0.0	1060487	2576.4744465564777	1.8191584434161694	0.1966450810432434	0.041513700038194656	0.14682864099740983	0.4116039269930922
20.330657523766618	2850	16.90722038210563	0.0	1348011	2628.2362266049277	1.8191584434161694	0.2090020328760147	0.028184393420815468	0.17518076077103614	0.5128956774716243
23.36596630246433	2850	17.87191160340792	0.0	1429765	3035.308778697712	2.2512917986064953	0.25722914934158325	0.05316364765167236	0.19343277215957644	0.47104433329298223
26.582835675109926	2850	18.655042230762323	0.0	1354548	3216.8693726455963	2.2512917986064953	0.26790371537208557	0.029865460470318794	0.232065162807703	0.42107647003583537
33.08464428725433	2850	16.153233618617925	0.0	1519951	6501.808612144399	2.2512917986064953	0.2630566656589508	0.037729501724243164	0.217781263589859	0.23377356835157534
37.73330760335842	2850	15.504570302513825	0.0	1422919	4648.663316104099	2.2512917986064953	0.2548849284648895	0.054147869348526	0.18990748524665835	0.30609207491337626
42.843345903604046	2850	14.394532002268202	0.0	1578343	5110.038300245624	2.2512917986064953	0.22337819635868073	0.037831809371709824	0.17798002511262895	0.3088710704818267
46.455874682472135	2850	14.782003223400105	0.0	1231445	3612.528778868097	2.2512917986064953	0.2202707678079605	0.051613107323646545	0.15833503901958465	0.3408817134422511
50.219805503161524	2850	15.018072402710718	0.0	1471065	3763.930820689385	2.2512917986064953	0.23586314916610718	0.024657418951392174	0.20627424642443656	0.3908321034791405
53.65380571121864	2850	15.584072194653606	0.0	1491626	3434.0002080571126	2.2512917986064953	0.21926257014274597	0.039375968277454376	0.1720114082098007	0.4343698047834224
56.32420508940493	2850	16.91367281646732	0.0	1358801	2670.3993781862896	2.2512917986064953	0.24943707883358002	0.030194086953997612	0.21320417448878287	0.5088381202825493
59.6069402395023	2850	17.630937666369945	0.0	1537156	3282.7351500973764	2.2512917986064953	0.2656741738319397	0.040625326335430145	0.21692378222942352	0.46825465038030956
62.724039445636535	2850	18.51383846023571	0.0	1336050	3117.0992061342336	2.2512917986064953	0.24133509397506714	0.024068789556622505	0.21245254650712014	0.42861965938419505
68.96258997631487	2850	16.275287929557365	0.0	1415116	6238.550530678345	2.2512917986064953	0.2632543444633484	0.025019457563757896	0.23323099538683892	0.22683410081253733
73.80104346343344	2850	15.436834442438798	0.0	1468126	4838.453487118567	2.2512917986064953	0.21561408042907715	0.03305988013744354	0.1759422242641449	0.30342877200506263
78.68632999445899	2850	14.55154791141325	0.0	1505760	4885.2865310255465	2.2512917986064953	0.2333095371723175	0.04936721920967102	0.17406887412071229	0.30822347684976065
82.57137782903249	2850	14.666500076839753	0.0	1323990	3885.0478345734973	2.2512917986064953	0.21240851283073425	0.0370345413684845	0.16796706318855287	0.3407911707592523
86.13321816591568	2850	15.10465973995656	0.0	1383735	3561.8403368831932	2.2512917986064953	0.24284179508686066	0.03209391236305237	0.20432910025119783	0.38848877802614934
89.489779863166	2850	15.748098042706228	0.0	1480464	3356.5616972503312	2.2512917986064953	0.2693898677825928	0.036201413720846176	0.22594817131757736	0.4410656301097592
92.57861918737589	2850	16.65925871849634	0.0	1547572	3088.839324209889	2.2512917986064953	0.24191729724407196	0.03793114796280861	0.19639991968870163	0.5010205574211478
94.99757690174269	2850	18.24030100412954	0.0	1141971	2418.957714366797	2.2512917986064953	0.268191933631897	0.0312273520976305	0.23071911111474036	0.47209217144125654
98.56730688884966	2850	18.670571017022567	0.0	1498470	3569.7299871069736	2.2512917986064953	0.24038448929786682	0.04407001659274101	0.1875004693865776	0.41977124471938265
105.20862749460572	2850	16.029250411266506	0.0	1561263	6641.320605756062	2.2512917986064953	0.24388106167316437	0.04228747636079788	0.1931360900402069	0.23508321502305526
109.57803948946923	2850	15.659838416403003	0.0	1341201	4369.411994863503	2.2512917986064953	0.2035847008228302	0.039084188640117645	0.15668367445468903	0.30695228593153023
114.37413833681288	2850	14.863739569059353	0.0	1497683	4796.09884734365	2.2512917986064953	0.2229330837726593	0.045185595750808716	0.16871036887168883	0.3122710869125438
118.4333927974276	2850	14.80448510844462	0.0	1358081	4059.254460614732	2.2512917986064953	0.23417282104492188	0.029556747525930405	0.1987047240138054	0.3345641455042788
122.44620513114096	2850	14.791672774731262	0.0	1587293	4012.8123337133584	2.2512917986064953	0.24892278015613556	0.02777896262705326	0.21558802500367164	0.39555625032959313
125.92636685156803	2850	15.311511054304196	0.0	1492672	3480.161720427067	2.2512917986064953	0.25960206985473633	0.04258668050169945	0.208498053252697	0.42890880364514417
128.6844767139465	2850	16.553401191925737	0.0	1439896	2758.109862378461	2.2512917986064953	0.2434234768152237	0.030423957854509354	0.20691472738981248	0.5220589722116085
131.12122271374133	2850	18.116655192130906	0.0	1139291	2436.745999794828	2.2512917986064953	0.25922006368637085	0.040502890944480896	0.21061659455299378	0.46754606351910594
134.65736747278766	2850	18.580510433084577	0.0	1499009	3536.1447590463326	2.2512917986064953	0.26249974966049194	0.058541133999824524	0.1922503888607025	0.4239105302929594
140.766146652619	2850	16.471731253253214	0.0	1427478	6108.779179831362	2.2512917986064953	0.23470598459243774	0.04012366384267807	0.18655758798122407	0.2336764774069648
145.52183195240366	2850	15.716045953468583	0.0	1402287	4755.68529978463	2.2512917986064953	0.2297905683517456	0.03031623363494873	0.19341108798980713	0.2948653898657897
149.59866081802775	2850	15.639217087844477	0.0	1339500	4076.8288656241048	2.2512917986064953	0.21664085984230042	0.039533887058496475	0.16920019537210465	0.3285641963769165
154.41083937476924	2850	14.827038531102984	0.0	1527299	4812.178556741494	2.2512917986064953	0.23235785961151123	0.03436445817351341	0.19112050980329515	0.3173820301951122
157.923911717263	2850	15.313966188609239	0.0	1343002	3513.0723424937437	2.2512917986064953	0.23820863664150238	0.03819826990365982	0.1923707127571106	0.38228703228088784
161.50015095047138	2850	15.737726955400843	0.0	1587250	3576.239233208397	2.2512917986064953	0.24204859137535095	0.04397832602262497	0.189274600148201	0.4438321645993493
164.4382318979891	2850	16.799646007883105	0.0	1464921	2938.0809475177402	2.2512917986064953	0.26364827156066895	0.039951302111148834	0.21570670902729033	0.4985979032462157
167.61652226539462	2850	17.621355640477606	0.0	1483527	3178.2903674054987	2.2512917986064953	0.24993722140789032	0.04875944182276726	0.1914258912205696	0.4667688689536043
172.99633359047968	4300	16.241544315392538	0.0	1961140	5379.811325085069	2.2512917986064953	0.26871615648269653	0.041556622833013535	0.21884820908308028	0.3645369477653548
181.43617501609293	4300	11.801702889779301	0.0	2155012	8439.841425613236	2.662587827025453	0.22692477703094482	0.035381514579057693	0.1844669595360756	0.2553379727562141

