2.32254253336	750	4.0	2.322542533356543	450283	2322.54253336	-5.261672406854249	0	0	0	0.193875028566
4.68240205691	750	5.6401404764492105	0.0	398865	2359.85952355	0.9162907318741551	0.193875028566	0.0	0.193875028566	0.169020653992
7.86272202943	1200	6.459820503931255	0.0	571051	3180.31997252	0.9162907318741551	0.180596715232	0.02315212248	0.157444592752	0.179557719014
10.8333285778	1200	7.489213955570007	0.0	617681	2970.60654836	1.3862943611198906	0.180249049716	0.0231075524855	0.157141497231	0.20793093597
14.7067040976	1200	7.615838435789811	0.0	652874	3873.37551978	1.3862943611198906	0.186454738692	0.0239031088778	0.162551629814	0.168554274344
17.6210043478	1200	8.701538185508005	0.0	520315	2914.30025028	1.3862943611198906	0.182576807217	0.0234059661455	0.159170841072	0.178538570262
20.9441677659	1200	9.378374767480754	0.0	561791	3323.16341803	1.3862943611198906	0.17966995987	0.0230333143743	0.156636645496	0.169053076642
25.7172410931	1200	8.605301440303554	0.0	709534	4773.07332718	1.3862943611198906	0.179677286163	0.0211100828513	0.158567203312	0.148653488301
29.020816441	1200	9.301726092383923	0.0	584846	3303.57534792	1.3862943611198906	0.172500146522	0.0297845642665	0.142715582255	0.177034254832
31.458937354	1200	10.863605179396542	0.0	560821	2438.12091299	1.3862943611198906	0.167645617695	0.0289463619301	0.138699255764	0.230021815986
33.9847341862	1200	12.337808347111531	0.0	607410	2525.79683229	1.3862943611198906	0.17705743333	0.0377710142722	0.139286419058	0.240482525053
37.9058082319	1850	12.416734301442695	0.0	917428	3921.07404567	1.3862943611198906	0.186590139405	0.0398045915721	0.146785547833	0.233973648372
42.8695234036	1850	11.453019129736804	0.0	946851	4963.71517171	1.8191584434161694	0.198764609115	0.0424017266402	0.156362882475	0.190754498847
49.2578561737	1850	9.064686359670581	0.0	1036454	6388.33277007	1.8191584434161694	0.211231872352	0.0450613222799	0.166170550072	0.162241704887
53.8841155459	1850	8.438426987408013	0.0	821631	4626.25937226	1.8191584434161694	0.206733823004	0.0479469527816	0.158786870222	0.177601585619
58.8397167888	1850	7.482825744544034	0.0	923170	4955.60124286	1.8191584434161694	0.196318202246	0.0455312993127	0.150786902933	0.186288192846
67.5380978844	1850	4.0	1.2155553510418995	966699	8698.38109559	-1.4142187903552834	0.187416297669	0.0434667160133	0.143949581656	0.111135507789
71.8417600218	750	4.0	0.30366213740524106	372963	4303.66213741	-0.7943182651658004	0.159222408533	0.0648055224682	0.0944168860644	0.08666177504
72.6876352039	300	7.154124817928607	0.0	165384	845.875182071	-0.9162907318741551	0.132628149306	0.0604411315047	0.0721870178015	0.195518208248
74.6287318852	750	9.213028136612916	0.0	350713	1941.09668132	0.0	0.136424317715	0.0621711165433	0.0742532011716	0.180677759833
77.0144819287	750	10.827278093078684	0.0	386472	2385.75004353	0.9162907318741551	0.136782093071	0.0623341614735	0.0744479315974	0.161991823514
79.081908623	750	12.759851398840711	0.0	399894	2067.42669424	0.9162907318741551	0.133834348908	0.0609908192529	0.072843529655	0.193425963356
80.9386451299	750	14.903114891864554	0.0	401853	1856.73650698	0.9162907318741551	0.149113389642	0.067953764262	0.0811596253799	0.216429740294
86.0332562864	1850	13.808503735367921	0.0	874175	5094.6111565	0.9162907318741551	0.187879138173	0.0457250466564	0.142154091517	0.171588168978
90.933619776	1850	12.908140245764862	0.0	897976	4900.3634896	1.8191584434161694	0.182974928783	0.0434092481256	0.139565680658	0.18324681463
97.0740093813	1850	10.76775064050062	0.0	905935	6140.38960526	1.8191584434161694	0.18349597995	0.0435328630905	0.13996311686	0.147537055177
102.313408493	1850	9.528351529284377	0.0	1076599	5239.39911122	1.8191584434161694	0.179511552859	0.0425875915968	0.136923961262	0.205481387683
105.514178417	1850	10.327581605116226	0.0	758197	3200.76992417	1.8191584434161694	0.181487909606	0.0430564654528	0.138431444153	0.236879568967
109.684870411	1850	10.156889610603358	0.0	972798	4170.69199451	1.8191584434161694	0.184154181347	0.0360879096945	0.148066271653	0.233246185832
114.965095237	1850	8.876664784555691	0.0	975811	5280.22482605	1.8191584434161694	0.195231891655	0.0382587613488	0.156973130307	0.184804820277
120.458299586	1850	7.383460435598399	0.0	873429	5493.20434896	1.8191584434161694	0.19558323496	0.0383276125981	0.157255622362	0.15900173096
125.783042032	1850	6.058717989749273	0.0	954453	5324.74244585	1.8191584434161694	0.199395076743	0.0377896388655	0.161605437878	0.179248669716
130.668649429	1850	5.173110593231447	0.0	885062	4885.60739652	1.8191584434161694	0.193888134551	0.0367459553397	0.157142179211	0.181157004272
137.101586765	1200	4.0	1.259826743011413	670129	6432.93733624	-2.3977088575867467	0.184593221333	0.0345259534438	0.15006726789	0.104171541704
139.329140555	300	5.772446210153652	0.0	179328	2227.55378985	-1.3862943611198906	0.154326606794	0.0672354317252	0.0870911750685	0.0805044532785
141.905560369	300	7.1960263957489925	0.0	159914	2576.4198144	0.0	0.126873351314	0.0606898849932	0.0661834663209	0.0620683007893
142.689216334	300	10.412370431093452	0.0	131610	783.655964656	0.0	0.101561151197	0.0518759492556	0.0496852019411	0.167943595067
143.394906684	300	13.706680080793825	0.0	124011	705.6903503	0.0	0.100792305764	0.0514832342641	0.0493090715003	0.175730049231
144.111048473	300	16.990538291432696	0.0	144254	716.141789361	0.0	0.100447122336	0.051306919622	0.0491402027139	0.201432177458
146.384029126	750	18.7175576391063	0.0	390680	2272.98065233	0.0	0.110760778782	0.056574984351	0.0541857944313	0.171880037606
148.497007413	750	20.604579351320687	0.0	345516	2112.97828779	0.9162907318741551	0.129739811842	0.0662691965998	0.0634706152424	0.163520847326
153.667142821	1850	19.434443943377854	0.0	1025005	5170.13540794	0.9162907318741551	0.175175426925	0.0584956749758	0.116679751949	0.198254962225
158.721586172	1850	18.380000593221958	0.0	886255	5054.44335016	1.8191584434161694	0.180946703248	0.0604228556877	0.12052384756	0.175341761417
164.632748795	1850	16.468837969505735	0.0	973972	5911.16262372	1.8191584434161694	0.180864221909	0.0603953130029	0.120468908906	0.164768263369
170.469469235	1850	14.63211753022228	0.0	958994	5836.72043928	1.8191584434161694	0.173914693255	0.0456204688734	0.128294224381	0.164303569098
174.790652198	1850	14.310934566693929	0.0	982064	4321.18296353	1.8191584434161694	0.172306778507	0.0295014995091	0.142805278998	0.227267396055
179.901427691	2850	13.200159073807809	0.0	1231456	5110.77549289	1.8191584434161694	0.183132164721	0.0356628554957	0.147469309225	0.240952865512
187.51641622	2850	9.585170544614233	0.0	1364537	7614.98852919	2.2512917986064953	0.189330360264	0.0368698818654	0.152460478398	0.17919094622

