1.9602828539084163	750	4.0	1.9602828539084163	450283	1960.2828539084162	-4.298061659522232	0.17786093056201935	0.036476220935583115	0.1340894654393196	0.22970307529968176
4.1449709726747885	750	5.815311881233627	0.0	398865	2184.6881187663726	0.9162907318741551	0.15725389122962952	0.02900620736181736	0.12244644239544869	0.18257297074752574
5.706482167053255	750	8.253800686855161	0.0	350812	1561.5111943784655	0.9162907318741551	0.14621222019195557	0.031658370047807693	0.10822217613458635	0.22466185401868674
7.968698556553515	1200	9.991584297354901	0.0	617681	2262.2163895002604	0.9162907318741551	0.15782812237739563	0.033006682991981506	0.11822010278701783	0.2730424033999905
10.940206704465544	1200	11.020076149442874	0.0	652874	2971.5081479120277	1.3862943611198906	0.1604415625333786	0.03940211609005928	0.11315902322530746	0.21971132754885803
13.828898563600298	1200	12.131384290308118	0.0	520315	2888.691859134755	1.3862943611198906	0.1269475668668747	0.034818198531866074	0.08516572862863542	0.18012132320539342
15.870402621961173	1200	14.089880231947241	0.0	561791	2041.5040583608761	1.3862943611198906	0.11444045603275299	0.03452005237340927	0.07301639318466187	0.27518485584156127
18.19860352380202	1200	15.761679330106395	0.0	709534	2328.200901840846	1.3862943611198906	0.13107705116271973	0.03139988332986832	0.09339719116687775	0.30475634617226993
21.13364647599844	1200	16.82663637790997	0.0	584846	2935.042952196423	1.3862943611198906	0.13881368935108185	0.03325152024626732	0.09891186505556107	0.19926318269459525
25.284912069685053	1200	16.67537078422336	0.0	560821	4151.265593686611	1.3862943611198906	0.1404350996017456	0.03169262036681175	0.1024039551615715	0.13509639105069934
30.559592319910433	1200	15.40069053399798	0.0	607410	5274.680250225381	1.3862943611198906	0.13785669207572937	0.03296320512890816	0.09830084592103958	0.11515579545775234
35.3021575794719	1200	14.65812527443651	0.0	594078	4742.565259561471	1.3862943611198906	0.12891089916229248	0.03418312966823578	0.08789114356040956	0.12526511866173717
40.306778158792824	1200	13.653504695115586	0.0	624282	5004.620579320923	1.3862943611198906	0.13146692514419556	0.045486193150281906	0.07688349336385727	0.12474112474770442
46.88348974412182	1200	11.076793109786589	0.0	687371	6576.711585328996	1.3862943611198906	0.11904095113277435	0.03642504662275314	0.07533089518547059	0.10451591058567224
50.85332794595061	1200	11.106954907957803	0.0	526950	3969.838201828787	1.3862943611198906	0.12043596804141998	0.03612147271633148	0.07709020078182222	0.13273840726235384
54.58584209258734	1200	11.374440761321068	0.0	587876	3732.514146636735	1.3862943611198906	0.11330293118953705	0.03178843483328819	0.07515680938959121	0.15750134544827346
57.1459908381863	1200	12.814292015722112	0.0	617242	2560.148745598955	1.3862943611198906	0.11649167537689209	0.030749427154660225	0.07959236279129983	0.24109614765980883
59.799006160147904	1200	14.161276693760511	0.0	581493	2653.0153219616013	1.3862943611198906	0.12662649154663086	0.033060815185308456	0.08695351332426071	0.21918192299396613
62.78749117214257	1200	15.172791681765842	0.0	639204	2988.48501199467	1.3862943611198906	0.13543982803821564	0.030934514477849007	0.09831841066479682	0.213888976332313
65.73580978804877	1200	16.224473065859655	0.0	586839	2948.318615906185	1.3862943611198906	0.11937129497528076	0.03409859165549278	0.07845298498868943	0.19904192065063875
69.15679861896551	1200	16.803484234942914	0.0	601738	3420.988830916744	1.3862943611198906	0.12030044198036194	0.03339863568544388	0.08022207915782928	0.1758959265116187
72.00230854142198	1200	17.95797431248643	0.0	616206	2845.5099224564824	1.3862943611198906	0.13091394305229187	0.03274914622306824	0.09161496758460999	0.2165538046931284
75.1828418136564	1200	18.777441040252015	0.0	656471	3180.5332722344197	1.3862943611198906	0.1244683489203453	0.034421030431985855	0.08316311240196228	0.2064028085261342
78.6594603103455	1850	19.300822543562912	0.0	874175	3476.618496689099	1.3862943611198906	0.14221176505088806	0.03448878601193428	0.10082522183656692	0.2514440399004108
83.13577343227203	1850	18.82450942163637	0.0	897976	4476.31312192654	1.8191584434161694	0.15086302161216736	0.03391091525554657	0.11016992330551148	0.20060616304998885
86.22660057648649	1850	19.73368227742191	0.0	905935	3090.827144214463	1.8191584434161694	0.14216087758541107	0.034201979637145996	0.10111850202083589	0.29310438847923487
90.99524431465706	1850	18.965038539251342	0.0	1076599	4768.643738170568	1.8191584434161694	0.1531280279159546	0.030333612114191055	0.11672769337892533	0.22576628893082795
97.04338983672665	1850	16.91689301718175	0.0	758197	6048.1455220695925	1.8191584434161694	0.15107858180999756	0.039834268391132355	0.10327745974063873	0.12536024426551087
105.03706279045329	1850	12.923220063455112	0.0	972798	7993.672953726636	1.8191584434161694	0.13202843070030212	0.03497639298439026	0.09005675911903382	0.12169599702555799
113.34264935178604	1850	8.61763350212237	0.0	975811	8305.586561332742	1.8191584434161694	0.1196298897266388	0.030511826276779175	0.08301569819450379	0.11748851123206139
118.52252389397646	1200	7.4377589599319585	0.0	570392	5179.874542190411	0.9534302788236118	0.12047016620635986	0.03057832457125187	0.08377617672085763	0.11011695270881958
121.17359648760964	750	8.786686366298778	0.0	400322	2651.07259363318	0.44628710262841964	0.11098632216453552	0.034366484731435776	0.06974654048681259	0.15100378652829574
123.6472815871908	750	10.31300126671761	0.0	369834	2473.6850995811687	0.9162907318741551	0.10664147138595581	0.030974943190813065	0.06947153955698013	0.14950730796843073
125.38448198684442	750	12.575800867063997	0.0	412837	1737.200399653612	0.9162907318741551	0.11585760116577148	0.031688056886196136	0.07783193290233612	0.2376450063460251
127.14226433278886	750	14.818018521119567	0.0	401088	1757.78234594443	0.9162907318741551	0.12583225965499878	0.03533494099974632	0.0834303304553032	0.22817842090938822
128.8280742178455	750	17.132208636062902	0.0	365161	1685.8098850566632	0.9162907318741551	0.13025856018066406	0.031944483518600464	0.09192517995834351	0.21660864800761698
130.66473099321203	750	19.29555186069638	0.0	321064	1836.6567753665229	0.9162907318741551	0.12922167778015137	0.03411990404129028	0.08827779293060303	0.1748089269079295
132.1677581053999	750	21.79252474850851	0.0	361565	1503.0271121878714	0.9162907318741551	0.11873248964548111	0.031842540949583054	0.08052144050598145	0.24055786956077613
136.82727289337802	1850	21.133009960530394	0.0	908665	4659.514787978114	0.9162907318741551	0.13646379113197327	0.03594543784856796	0.09332926571369171	0.195012794539127
141.41635244531324	1850	20.543930408595166	0.0	930577	4589.079551935227	1.8191584434161694	0.13779953122138977	0.03484496474266052	0.09598557353019715	0.20278075144885496
145.38905302161237	1850	20.571229832296048	0.0	858450	3972.7005762991193	1.8191584434161694	0.1331045776605606	0.032509561628103256	0.09409310370683671	0.2160872644471266
149.55843657716795	1850	20.401846276740486	0.0	1025005	4169.383555555563	1.8191584434161694	0.1415923833847046	0.029917361214756966	0.10569154992699623	0.24584089862258302
153.9307031155612	1850	20.029579738347227	0.0	886255	4372.266538393257	1.8191584434161694	0.1557275801897049	0.03377645090222359	0.1151958391070366	0.20269921611999564
157.0456596153672	1850	20.914623238541203	0.0	973972	3114.956499806022	1.8191584434161694	0.1521325409412384	0.03170720115303993	0.11408389955759049	0.31267595552639416
162.44304199568364	1850	19.517240858224774	0.0	958994	5397.3823803164305	1.8191584434161694	0.16612869501113892	0.03172152489423752	0.1280628651380539	0.17767760970527668
170.8112175492704	1850	15.149065304638036	0.0	982064	8368.175553586738	1.8191584434161694	0.13992324471473694	0.03244571015238762	0.1009883925318718	0.11735700257615547
177.2900022850335	1850	12.670280568874933	0.0	830730	6478.784735763103	1.8191584434161694	0.12354667484760284	0.031060680747032166	0.08627385795116424	0.12822312113787998
185.1198276208286	1850	8.840455233079824	0.0	846370	7829.825335795106	1.8191584434161694	0.12264062464237213	0.03182445839047432	0.08445127457380294	0.1080956424571446

