0.9617442747071383	750	4.0	0.9617442747071383	450283	961.7442747071383	-1.6419490388468327	0.13811010122299194	0.03392786160111427	0.09739666730165482	0.46819410506718756
2.1837152172756844	1200	6.778029057431454	0.0	611087	1221.9709425685462	0.9162907318741551	0.28157854080200195	0.046483930200338364	0.22579782456159592	0.5000830860310913
3.83212957163754	1850	9.129614703069597	0.0	877771	1648.4143543618557	1.3862943611198906	0.3157317638397217	0.03700050711631775	0.2713311553001404	0.5324941497126238
6.799201704269091	2850	10.162542570438047	0.0	1520281	2967.0721326315515	1.8191584434161694	0.312115341424942	0.03601071611046791	0.26890248209238055	0.5123842400998975
9.836041912539272	2850	11.125702362167866	0.0	1472558	3036.840208270181	2.2512917986064953	0.3171956241130829	0.0618022158741951	0.24303296506404876	0.4848980845254239
12.039211611818228	2850	12.922532662888912	0.0	1224260	2203.169699278954	2.2512917986064953	0.26657456159591675	0.050815217196941376	0.20559630095958709	0.5556812080343478
14.635470963415555	2850	14.326273311291585	0.0	1388403	2596.259351597328	2.2512917986064953	0.252882182598114	0.03755965828895569	0.2078105926513672	0.5347705340553885
17.55299914367683	2850	15.408745131030313	0.0	1638769	2917.528180261272	2.2512917986064953	0.26793456077575684	0.04418269917368889	0.21491532176733016	0.5616977450593962
20.22130936553756	2850	16.740434909169583	0.0	1348011	2668.3102218607305	2.2512917986064953	0.2686005234718323	0.03316640108823776	0.22880084216594695	0.5051927579320116
24.361694389297163	4300	16.60004988540998	0.0	2169201	4140.385023759604	2.2512917986064953	0.30241724848747253	0.02652738243341446	0.2705843895673752	0.5239128698302302
28.401619457543163	4300	16.56012481716398	0.0	2173522	4039.9250682459983	2.662587827025453	0.32108330726623535	0.051698796451091766	0.25904475152492523	0.5380104737793246
32.27336597849932	4300	16.688378296207826	0.0	2102452	3871.7465209561556	2.662587827025453	0.3343087434768677	0.058665256947278976	0.2639104351401329	0.5430241852405112
36.77620396663693	4300	16.185540308070212	0.0	2209463	4502.837988137614	2.662587827025453	0.3045087456703186	0.0333392396569252	0.2645016580820084	0.49068232208679574
40.90970024439521	4300	16.05204403031194	0.0	2275376	4133.496277758273	2.662587827025453	0.33654025197029114	0.030582616105675697	0.2998411126434803	0.5504724928006973
44.43794929757633	4300	16.52379497713082	0.0	2005399	3528.249053181121	2.662587827025453	0.33984678983688354	0.047681111842393875	0.2826294556260109	0.5683836287554312
48.7164921952895	4300	16.24525207941765	0.0	2152483	4278.542897713169	2.662587827025453	0.31959813833236694	0.03396792709827423	0.27883662581443786	0.5030878622604151
52.76737412778987	4300	16.19437014691727	0.0	2289689	4050.8819325003797	2.662587827025453	0.32558685541152954	0.05418751388788223	0.26056183874607086	0.5652322230449962
56.74809054092715	4300	16.213653733779992	0.0	2059512	3980.7164131372774	2.662587827025453	0.3168697953224182	0.02098778262734413	0.29168445616960526	0.5173721979297842
60.968409985749204	4300	15.993334288957943	0.0	2220726	4220.31944482205	2.662587827025453	0.3265737295150757	0.016517100855708122	0.30675320848822596	0.5261985565392756
65.16440575600234	4300	15.797338518704809	0.0	2156729	4195.9957702531365	2.662587827025453	0.34040069580078125	0.05824287235736847	0.27050924897193906	0.5139969432976547
68.84853344536421	4300	16.113210829342936	0.0	2039773	3684.1276893618697	2.662587827025453	0.3479621410369873	0.04122735187411308	0.2984893187880516	0.5536651202101278
72.9601545357627	4300	16.00158973894445	0.0	2176469	4111.621090398488	2.662587827025453	0.34729957580566406	0.04800539091229439	0.2896931067109108	0.5293457135635672
77.22216678549961	4300	15.739577489207543	0.0	2221506	4262.012249736906	2.662587827025453	0.33906757831573486	0.05619831755757332	0.27162959724664687	0.5212340720365441
81.00329448096893	4300	15.958449793738216	0.0	2044075	3781.1276954693258	2.662587827025453	0.3154619038105011	0.03189321607351303	0.27719004452228546	0.5405993038662195
85.05072994221503	4300	15.911014332492131	0.0	2186790	4047.435461246085	2.662587827025453	0.35496044158935547	0.03390263020992279	0.31427728533744814	0.5402902704535658
89.34579498818346	4300	15.615949286523705	0.0	2105231	4295.0650459684275	2.662587827025453	0.3422852158546448	0.05849561095237732	0.272090482711792	0.49015113332825533
93.73136114409967	4300	15.230383130607501	0.0	2395588	4385.5661559162045	2.662587827025453	0.32253339886665344	0.042824387550354004	0.27114413380622865	0.5462437265410557
97.19198894569953	4300	15.769755329007639	0.0	1972048	3460.627801599862	2.662587827025453	0.30076315999031067	0.029880426824092865	0.2649066478013992	0.5698526721331646
101.38626596461026	4300	15.575478310096917	0.0	2134614	4194.277018910721	2.662587827025453	0.335532546043396	0.08152209222316742	0.2377060353755951	0.5089349106832175
105.30368022690841	4300	15.658064047798753	0.0	2164140	3917.4142622981653	2.662587827025453	0.3407813012599945	0.032604072242975235	0.30165641456842424	0.5524409355497674
109.3277291637027	4300	15.634015111004468	0.0	2113193	4024.0489367942846	2.662587827025453	0.34729304909706116	0.04315183684229851	0.29551084488630297	0.5251409794443137
113.4384410299637	4300	15.523303244743461	0.0	2147852	4110.711866261006	2.662587827025453	0.3192059099674225	0.06858763098716736	0.23690075278282166	0.5225012284681555
117.67171868984119	4300	15.290025584865969	0.0	2191074	4233.277659877492	2.662587827025453	0.34322309494018555	0.04020094498991966	0.29498196095228196	0.5175833422803191
121.8060362672455	4300	15.15570800746165	0.0	2286761	4134.317577404318	2.662587827025453	0.30014416575431824	0.03551359102129936	0.257527856528759	0.5531169188593672
126.17438887987372	4300	14.787355394833448	0.0	2307787	4368.352612628202	2.662587827025453	0.34577059745788574	0.04607454314827919	0.2904811456799507	0.5282968671825073
130.27209588675487	4300	14.689648387952298	0.0	2143948	4097.70700688115	2.662587827025453	0.3139688968658447	0.044927723705768585	0.26005562841892244	0.5232067584138484
133.81927660279936	4300	15.142467671907804	0.0	1919781	3547.1807160444946	2.662587827025453	0.29824185371398926	0.03647169843316078	0.2544758155941963	0.5412131925831993
137.81332630488737	4300	15.148417969819802	0.0	2147467	3994.049702088001	2.662587827025453	0.32203298807144165	0.026894940063357353	0.28975905999541285	0.537666569065816
142.12226920136274	4300	14.839475073344431	0.0	2133870	4308.9428964753715	2.662587827025453	0.33292949199676514	0.03362569585442543	0.29257865697145463	0.4952189089684764
146.01743215288522	4300	14.944312121821959	0.0	2146120	3895.1629515224718	2.662587827025453	0.3228435814380646	0.052873674780130386	0.2593951717019081	0.5509705310688383
149.81669020476505	4300	15.145054069942097	0.0	2108491	3799.2580518798627	2.662587827025453	0.35632386803627014	0.050052955746650696	0.29626032114028933	0.554974411110802
154.03809674511217	4300	14.92364752959498	0.0	2184571	4221.406540347116	2.662587827025453	0.3362862467765808	0.03656518831849098	0.29240802079439165	0.5174983691147568
157.95930378206927	4300	15.002440492637904	0.0	2121928	3921.207036957077	2.662587827025453	0.3214282989501953	0.03686615824699402	0.2771889090538025	0.5411415362670194
162.13880736774288	4300	14.822936906964296	0.0	2219102	4179.503585673608	2.662587827025453	0.2956693768501282	0.046710554510354996	0.2396167114377022	0.5309487010865547
166.21594321752104	4300	14.745801057186146	0.0	2124950	4077.1358497781507	2.662587827025453	0.3433215022087097	0.04298153892159462	0.2917436555027962	0.5211869504214889
170.53924402404667	4300	14.422500250660516	0.0	2246506	4323.300806525629	2.662587827025453	0.3088759183883667	0.0530753992497921	0.2451854392886162	0.5196275023493863
174.12447471340062	4300	14.837269561306556	0.0	1961140	3585.230689353961	2.662587827025453	0.32227301597595215	0.0374155230820179	0.2773743882775307	0.5470052473397149
178.08064238241667	4300	14.881101892290514	0.0	2155012	3956.1676690160407	2.662587827025453	0.3482528328895569	0.0706227645277977	0.26350551545619966	0.544722109954451

