1.299039671014647	750	4.0	1.299039671014647	450283	1299.039671014647	-2.539154793024806	0.0788756012916565	0.029028672724962234	0.04404119402170181	0.34662759732987625
3.242708429663582	1200	6.056331241351065	0.0	611087	1943.668758648935	0.9162907318741551	0.20962929725646973	0.033851273357868195	0.1690077692270279	0.3143987355256835
4.963984146857402	1200	8.335055524157246	0.0	571051	1721.275717193819	1.3862943611198906	0.20423837006092072	0.035168375819921494	0.16203631907701493	0.3317603300248606
6.970036676937431	1200	10.329002994077216	0.0	617681	2006.0525300800289	1.3862943611198906	0.21867913007736206	0.04728787764906883	0.16193367689847946	0.30790868670590515
9.840622328776318	1850	11.458417342238329	0.0	996749	2870.585651838888	1.3862943611198906	0.19346362352371216	0.037748292088508606	0.14816567301750183	0.3472284477425314
12.151977185797385	1850	13.147062485217262	0.0	801058	2311.354857021066	1.8191584434161694	0.17820695042610168	0.03781299665570259	0.1328313544392586	0.3465750823880087
15.319127021324414	1850	13.979912649690233	0.0	905515	3167.149835527029	1.8191584434161694	0.15748348832130432	0.03175764158368111	0.119374318420887	0.2859084814499526
19.05543364550931	1850	14.243606025505335	0.0	1060487	3736.3066241848983	1.8191584434161694	0.16693931818008423	0.028147241100668907	0.13316262885928154	0.28383296840134276
22.48192259448523	1850	14.817117076529415	0.0	852833	3426.488948975918	1.8191584434161694	0.16986580193042755	0.030728904530405998	0.13299111649394035	0.24889413411208813
25.797102091586854	1850	15.501937579427791	0.0	913888	3315.179497101625	1.8191584434161694	0.17546045780181885	0.028712550178170204	0.1410053975880146	0.27566772803674383
29.184918504030872	1850	16.11412116698377	0.0	939819	3387.8164124440186	1.8191584434161694	0.19108867645263672	0.038945578038692474	0.14435398280620576	0.27741143131247814
32.07789908375755	1850	17.221140587257093	0.0	917428	2892.9805797266777	1.8191584434161694	0.18645896017551422	0.025404606014490128	0.15597343295812607	0.3171220734868108
34.39224954960231	1850	18.90679012141233	0.0	946851	2314.350465844763	1.8191584434161694	0.20474350452423096	0.03286268189549446	0.16530828624963761	0.40912170130395054
40.14035534051887	2850	17.15868433049577	0.0	1578343	5748.105790916562	1.8191584434161694	0.21039266884326935	0.025370536372065544	0.1799480251967907	0.27458489064243996
43.7276901326742	2850	17.57134953834044	0.0	1231445	3587.3347921553304	2.2512917986064953	0.19228483736515045	0.02992117963731289	0.15637942180037498	0.3432757384933474
48.215917280200024	2850	17.08312239081461	0.0	1471065	4488.227147525827	2.2512917986064953	0.21404041349887848	0.0333382748067379	0.174034483730793	0.32776081772308185
52.58350956237725	2850	16.715530108637388	0.0	1491626	4367.592282177223	2.2512917986064953	0.2014687955379486	0.04135199263691902	0.15184640437364577	0.3415213471474567
56.878435574273745	2850	16.420604096740888	0.0	1358801	4294.9260118964985	2.2512917986064953	0.19341419637203217	0.039186522364616394	0.1463903695344925	0.316373552474772
62.53958070558624	2850	14.759458965428392	0.0	1537156	5661.145131312496	2.2512917986064953	0.20005673170089722	0.0353420116007328	0.15764631778001786	0.2715273967271744
67.47434370810446	2850	13.824695962910182	0.0	1336050	4934.76300251821	2.2512917986064953	0.20213404297828674	0.03212551772594452	0.16358342170715331	0.270742485367223
72.37672966228139	2850	12.922310008733248	0.0	1415116	4902.385954176934	2.2512917986064953	0.188921719789505	0.030957918614149094	0.1517722174525261	0.2886586272943875
75.00909746641584	1850	14.289942204598786	0.0	955231	2632.367804134461	1.3870250882258435	0.19725967943668365	0.03748569265007973	0.152276848256588	0.3628790013689162
77.88347390489471	1850	15.41556576611992	0.0	968026	2874.3764384788665	1.8191584434161694	0.2044578492641449	0.038218285888433456	0.15859590619802474	0.3367777397007484
81.14623668858614	1850	16.152802982428486	0.0	874175	3262.762783691433	1.8191584434161694	0.19503004848957062	0.04117844998836517	0.1456159085035324	0.26792477968961437
84.0876571899585	1850	17.211382481056113	0.0	897976	2941.420501372376	1.8191584434161694	0.20791710913181305	0.04593348503112793	0.15279692709445952	0.30528651023579667
88.46835077225572	2850	16.83068889875892	0.0	1480464	4380.6935822971955	1.8191584434161694	0.20555126667022705	0.035388898104429245	0.16308458894491196	0.33795196404119604
93.05526396694589	2850	16.243775704068742	0.0	1547572	4586.913194690175	2.2512917986064953	0.2070707380771637	0.028185121715068817	0.1732485920190811	0.33738855180243527
96.36143238639178	2850	16.937607284622842	0.0	1141971	3306.168419445901	2.2512917986064953	0.20774056017398834	0.027341356500983238	0.17493093237280846	0.3454061787304197
101.66811135667045	2850	15.630928314344176	0.0	1498470	5306.678970278665	2.2512917986064953	0.23394837975502014	0.04953663423657417	0.17450441867113115	0.2823743453094756
107.47865313191231	2850	13.820386539102298	0.0	1561263	5810.54177524188	2.2512917986064953	0.20594263076782227	0.026429008692502975	0.1742278203368187	0.26869491011189023
112.37999797537647	2850	12.919041695638155	0.0	1341201	4901.3448434641405	2.2512917986064953	0.18750689923763275	0.03144656494259834	0.14977102130651473	0.2736393873180477
115.48254862098042	1850	13.816491050034205	0.0	954453	3102.550645603952	1.3870250882258435	0.2035849392414093	0.036057863384485245	0.16031550318002702	0.30763494589600915
117.63328148590873	1850	15.6657581851059	0.0	885062	2150.7328649283036	1.8191584434161694	0.1983340084552765	0.028095370158553123	0.16461956426501273	0.41151647163280053
121.11600377661303	1850	16.18303589440159	0.0	1035329	3482.7222907043083	1.8191584434161694	0.22857046127319336	0.045398954302072525	0.17409171611070634	0.2972757841655604
124.87945041814662	1850	16.419589252867993	0.0	1026056	3763.446641533597	1.8191584434161694	0.21119876205921173	0.03841015323996544	0.1651065781712532	0.27263731832315397
127.55275506993239	1850	17.746284601082213	0.0	943942	2673.3046517857797	1.8191584434161694	0.2036779373884201	0.03430631384253502	0.16251036077737807	0.353099299539034
131.02106775620584	2850	18.27797191480878	0.0	1139291	3468.312686273432	1.8191584434161694	0.21209874749183655	0.03888588771224022	0.16543568223714827	0.32848566523686884
135.48345980719907	2850	17.815579863815532	0.0	1499009	4462.392050993251	2.2512917986064953	0.20235440135002136	0.03883161395788193	0.15575646460056305	0.33592050695463804
139.7758232646098	2850	17.523216406404792	0.0	1427478	4292.363457410738	2.2512917986064953	0.21796882152557373	0.04103779047727585	0.1687234729528427	0.33256223853445316
144.77940771406261	2850	16.51963195695201	0.0	1402287	5003.58444945278	2.2512917986064953	0.19790764153003693	0.03503485396504402	0.1558658167719841	0.28025648695773725
149.90096248938963	2850	15.398077181624991	0.0	1339500	5121.554775327022	2.2512917986064953	0.20666515827178955	0.028215300291776657	0.17280679792165757	0.2615416721603783
155.34156004323427	2850	13.957479627780376	0.0	1527299	5440.5975538446155	2.2512917986064953	0.19857138395309448	0.03541789948940277	0.15606990456581116	0.2807226568193285
159.08801397781784	2850	14.21102569319679	0.0	1343002	3746.4539345835856	2.2512917986064953	0.20242318511009216	0.04085197299718857	0.15340081751346588	0.35847284484208486
162.12585090392324	1850	15.173188767091391	0.0	973972	3037.8369261054	1.3870250882258435	0.196510449051857	0.035837605595588684	0.15350532233715058	0.3206136549431776
165.74802623705563	1850	15.551013433958994	0.0	958994	3622.175333132396	1.8191584434161694	0.20845481753349304	0.030350826680660248	0.17203382551670074	0.2647563720143492
168.68464268943728	1850	16.614396981577354	0.0	982064	2936.616452381642	1.8191584434161694	0.17715862393379211	0.027389969676733017	0.1442906603217125	0.3344202472214343
171.2380236269338	1850	18.061016044080848	0.0	830730	2553.380937496506	1.8191584434161694	0.19459699094295502	0.03756352514028549	0.14952076077461243	0.3253451092238903
177.58474043764338	4300	15.71429923337129	0.0	2155012	6346.716810709556	1.8191584434161694	0.1986212432384491	0.03329791501164436	0.15866374522447585	0.33954752737093874

