1.26305294249572	750	4.0	1.26305294249572	450283	1263.05294249572	-2.44343009516446	0.07042121142148972	0.028711119666695595	0.035967867821455	0.35650366255452975
2.255437090479851	750	7.00761585201587	0.0	398865	992.3841479841305	0.9162907318741551	0.2169991284608841	0.02790742553770542	0.1835102178156376	0.40192600900591813
5.378503284426323	1850	7.884549658069398	0.0	877771	3123.066193946472	0.9162907318741551	0.25754767656326294	0.04612506553530693	0.20219759792089462	0.28106064536877523
9.096121477682017	1850	8.166931464813704	0.0	933276	3717.618193255694	1.8191584434161694	0.20173940062522888	0.03519784286618233	0.1595019891858101	0.2510413795836
12.506302000524784	1850	8.756750941970937	0.0	996749	3410.1805228427675	1.8191584434161694	0.20426660776138306	0.029978439211845398	0.16829248070716857	0.2922862861139967
15.443152801432376	1850	9.819900141063345	0.0	801058	2936.8508009075927	1.8191584434161694	0.13479101657867432	0.03131302818655968	0.09721538275480271	0.2727608769749026
17.492180465450378	1200	11.77087247704534	0.0	561791	2049.027664018004	0.9534302788236118	0.14617858827114105	0.031004881486296654	0.10897273048758507	0.27417443398414937
19.832503448716285	1200	13.430549493779434	0.0	709534	2340.3229832659067	1.3862943611198906	0.15443772077560425	0.034292034804821014	0.11328727900981903	0.3031778113847558
21.93637672045364	1200	15.326676222042078	0.0	584846	2103.873271737356	1.3862943611198906	0.1598169356584549	0.03423211723566055	0.11873839497566224	0.27798537481159236
25.471434559033625	1850	15.791618383462097	0.0	913888	3535.057838579981	1.3862943611198906	0.1707625389099121	0.03507327660918236	0.12867460697889327	0.25852137128457997
29.022561877387076	1850	16.240491065108642	0.0	939819	3551.127318353454	1.8191584434161694	0.18221983313560486	0.03034238889813423	0.14580896645784377	0.2646537045131247
33.11306649628824	1850	16.149986446207475	0.0	917428	4090.5046189011687	1.8191584434161694	0.18441413342952728	0.029566938057541847	0.14893380776047707	0.22428235278376205
36.945928254932916	1850	16.317124687562803	0.0	946851	3832.8617586446726	1.8191584434161694	0.1639464795589447	0.03447456657886505	0.12257699966430664	0.2470349988137358
40.871880636318814	1850	16.391172306176905	0.0	1036454	3925.952381385897	1.8191584434161694	0.1621764600276947	0.029461706057190895	0.12682241275906564	0.2640006549529575
43.81094150164797	1850	17.452111440847748	0.0	821631	2939.0608653291556	1.8191584434161694	0.18046531081199646	0.031150156632065773	0.14308512285351754	0.2795556259798596
47.07960338403802	1850	18.183449558457692	0.0	923170	3268.6618823900562	1.8191584434161694	0.18055200576782227	0.04289112612605095	0.12908265441656114	0.28243055819679186
49.54855059579478	1850	19.71450234670094	0.0	966699	2468.9472117567534	1.8191584434161694	0.1879822164773941	0.03267908841371536	0.14876731038093566	0.3915430007562436
53.040722790114856	1850	20.22233015238086	0.0	885714	3492.1721943200782	1.8191584434161694	0.1888001561164856	0.043995317071676254	0.13600577563047409	0.2536283867790338
56.76913548870163	1850	20.49391745379409	0.0	987708	3728.412698586769	1.8191584434161694	0.19048351049423218	0.03826900199055672	0.14456070810556412	0.2649138064502313
59.87098726372636	1850	21.39206567876936	0.0	923755	3101.85177502473	1.8191584434161694	0.17690901458263397	0.04051073640584946	0.12829613089561462	0.2978075894656943
64.9989877765006	2850	20.264065165995117	0.0	1415116	5128.00051277424	1.8191584434161694	0.19354751706123352	0.02815481647849083	0.15976173728704451	0.27595863075185706
70.13014872909629	2850	19.132904213399424	0.0	1468126	5131.160952595694	2.2512917986064953	0.1866859644651413	0.02912786789238453	0.15173252299427986	0.2861196547064697
75.78114955030871	2850	17.48190339218701	0.0	1505760	5651.000821212411	2.2512917986064953	0.18243272602558136	0.03515482321381569	0.14024693816900252	0.2664589950770777
81.56480398095329	2850	15.698248961542427	0.0	1323990	5783.654430644584	2.2512917986064953	0.1912602186203003	0.039268262684345245	0.144138303399086	0.22891927861126418
85.12703992394384	1850	16.13601301855188	0.0	897976	3562.235942990548	1.3870250882258435	0.1721068173646927	0.035603880882263184	0.12938216030597688	0.2520821232425543
88.32900401032053	1850	16.934048932175195	0.0	905935	3201.9640863766845	1.8191584434161694	0.19773933291435242	0.03957035019993782	0.15025491267442703	0.28293103094268257
92.59106610248878	1850	16.671986840006948	0.0	1076599	4262.06209216825	1.8191584434161694	0.18793310225009918	0.031606998294591904	0.1500047042965889	0.25260049636027215
94.6192524466968	1850	18.643800495798917	0.0	758197	2028.1863442080262	1.8191584434161694	0.17009148001670837	0.032638680189847946	0.13092506378889085	0.3738300487848239
97.20177415925434	1850	20.06127878324137	0.0	972798	2582.521712557548	1.8191584434161694	0.19280697405338287	0.032671008259058	0.15360176414251328	0.3766853131455802
101.45679514613262	1850	19.806257796363106	0.0	975811	4255.020986878268	1.8191584434161694	0.19919008016586304	0.041573356837034225	0.14930205196142196	0.22933165382949428
104.57001784803674	1850	20.69303509445897	0.0	873429	3113.2227019041334	1.8191584434161694	0.1832461804151535	0.0337078683078289	0.14279673844575883	0.28055461611075444
107.8767966266425	1850	21.386256315853213	0.0	954453	3306.7787786057543	1.8191584434161694	0.16007786989212036	0.03026043064892292	0.12376535311341286	0.28863527435676495
111.10589998623396	1850	22.157152956261758	0.0	885062	3229.1033595914564	1.8191584434161694	0.18961527943611145	0.033840566873550415	0.14900659918785095	0.27408908958305295
114.5654896842452	1850	22.697563258250526	0.0	1035329	3459.589698011235	1.8191584434161694	0.18479759991168976	0.03331904485821724	0.14481474608182907	0.29926352266431033
120.31224345544487	2850	20.950809487050858	0.0	1492672	5746.7537711996665	1.8191584434161694	0.1924000084400177	0.04297138378024101	0.14083434790372848	0.2597417706463516
126.21938267101308	2850	19.043670271482654	0.0	1439896	5907.139215568206	2.2512917986064953	0.17409327626228333	0.028568189591169357	0.1398114487528801	0.24375521677314943
130.74972055612668	2850	18.513332386369047	0.0	1139291	4530.337885113606	2.2512917986064953	0.18533310294151306	0.0348600298166275	0.14350106716156005	0.2514803594989318
136.24167250503416	2850	17.021380437461577	0.0	1499009	5491.951948907469	2.2512917986064953	0.19662338495254517	0.03357454389333725	0.15633393228054046	0.27294648859741066
140.99029970225843	2850	16.272753240237297	0.0	1427478	4748.627197224279	2.2512917986064953	0.1890104115009308	0.036504101008176804	0.14520549029111862	0.3006085634253212
145.50566790661733	2850	15.757385035878386	0.0	1402287	4515.3682043589115	2.2512917986064953	0.19224613904953003	0.03298106789588928	0.15266885757446289	0.3105587266717921
150.5373439801296	2850	14.72570896236613	0.0	1339500	5031.676073512254	2.2512917986064953	0.19009891152381897	0.032815366983413696	0.15072047114372253	0.2662134804446961
154.07032256159405	1850	15.192730380901677	0.0	1025005	3532.978581464453	1.3870250882258435	0.1667049378156662	0.03027752786874771	0.13037190437316895	0.29012488368246087
157.32037537818783	1850	15.94267756430789	0.0	886255	3250.052816593787	1.8191584434161694	0.17841391265392303	0.041887227445840836	0.12814923971891404	0.2726894146073719
160.57214343228557	1850	16.690909510210147	0.0	973972	3251.768054097741	1.8191584434161694	0.17182183265686035	0.03461994603276253	0.1302778974175453	0.2995207480351009
164.26165841079322	1850	17.00139453170249	0.0	958994	3689.514978507658	1.8191584434161694	0.17879147827625275	0.027227874845266342	0.14611802846193314	0.25992413788435026
168.05584216860643	1850	17.207210773889287	0.0	982064	3794.183757813206	1.8191584434161694	0.18309208750724792	0.03428184986114502	0.1419538676738739	0.25883406357893873
171.62490173314367	1850	17.638151209352063	0.0	830730	3569.059564537224	1.8191584434161694	0.1895519345998764	0.032231852412223816	0.15087371170520783	0.23275879401237037
177.0556069305929	2850	16.20744601190283	0.0	1364537	5430.705197449233	1.8191584434161694	0.16368019580841064	0.03763749450445175	0.11851520240306854	0.25126331671270136

