6.543015944367958	750	4.0	6.543015944367958	450283	6543.015944367958	-16.488131680144612	0.08353012800216675	0.033357881009578705	0.043500670790672304	0.06881887555043951
8.529493248885446	300	6.0135226954825125	0.0	155580	1986.4773045174884	-0.9162907318741551	0.0711076408624649	0.02681107260286808	0.03893435373902321	0.07831954568330196
10.399619945892514	300	8.143395998475443	0.0	139857	1870.1266970070692	0.0	0.07947732508182526	0.026565726846456528	0.047598452866077424	0.07478477272359443
12.127009081143424	300	10.416006863224535	0.0	155432	1727.3891352509092	0.0	0.0732310563325882	0.024855270981788635	0.043404731154441836	0.08998088318844437
13.906962534580636	300	12.636053409787323	0.0	163442	1779.953453437213	0.0	0.0776514858007431	0.025721650570631027	0.04678550511598587	0.0918237494831015
15.42660735102557	300	15.116408593342388	0.0	126289	1519.6448164449348	0.0	0.06967559456825256	0.030116548761725426	0.03353573605418205	0.08310428768180261
17.090709340811674	300	17.452306603556284	0.0	153295	1664.1019897861047	0.0	0.06722542643547058	0.027287114411592484	0.034480889141559605	0.09211875290149961
19.11736328027115	300	19.42565266409681	0.0	173849	2026.6539394594768	0.0	0.06757693737745285	0.025071796029806137	0.03749078214168548	0.085781295274499
21.242099164457123	300	21.300916779910835	0.0	150710	2124.7358841859714	0.0	0.07077263295650482	0.028422903269529343	0.03666514903306961	0.07093116896161426
23.139201806368934	300	23.403814137999024	0.0	139105	1897.1026419118139	0.0	0.06299583613872528	0.02879001758992672	0.02844781503081322	0.07332497300189109
26.562868232686057	750	23.9801477116819	0.0	353220	3423.666426317123	0.0	0.07335959374904633	0.02739381231367588	0.04048701897263527	0.10317009778898431
30.329612732551947	750	24.21340321181601	0.0	405134	3766.7444998658884	0.9162907318741551	0.07652176916599274	0.02974664233624935	0.04082579836249352	0.107555476622963
33.626559508339234	750	24.916456436028724	0.0	386351	3296.9467757872853	0.9162907318741551	0.07593289762735367	0.03230183571577072	0.037170694768428804	0.11718448196900065
37.750314140853554	750	24.792701803514408	0.0	434409	4123.754632514318	0.9162907318741551	0.07926057279109955	0.030944207683205605	0.04212752357125282	0.1053430765678544
40.65818544717141	750	25.88483049719655	0.0	337059	2907.87130631786	0.9162907318741551	0.07457377016544342	0.031126894056797028	0.037221497297286986	0.11591262628015217
45.873371396910095	750	24.669644547457864	0.0	366214	5215.185949738683	0.9162907318741551	0.08257611095905304	0.027340415865182877	0.049767611920833586	0.070220698462027
49.552120907781585	750	24.99089503658637	0.0	360831	3678.749510871492	0.9162907318741551	0.07692810893058777	0.030414044857025146	0.040431255102157594	0.09808523220558159
54.89892468150755	750	23.644091262860407	0.0	372963	5346.803773725966	0.9162907318741551	0.07822969555854797	0.03044026903808117	0.04170137271285057	0.06975438332574109
61.849946285596914	750	20.69306965877104	0.0	405596	6951.021604089365	0.9162907318741551	0.07374569773674011	0.029734566807746887	0.038064217567443846	0.05835055954384939
68.1168876729228	750	18.426128271445144	0.0	350713	6266.9413873258945	0.9162907318741551	0.06517341732978821	0.029325073584914207	0.029983329027891158	0.05596238712384852
72.94900248333217	750	17.594013461035793	0.0	386472	4832.114810409353	0.9162907318741551	0.06396660953760147	0.028203794732689857	0.030122055858373645	0.07997988772275468
77.10783487168119	750	17.435181072686763	0.0	399894	4158.832388349028	0.9162907318741551	0.07426699250936508	0.03062600828707218	0.03751578256487847	0.09615535387295321
81.20885842970037	750	17.334157514667588	0.0	401853	4101.023558019173	0.9162907318741551	0.0789945125579834	0.029231995344161987	0.04391611814498902	0.0979884641760259
85.0157374493385	750	17.527278495029464	0.0	343800	3806.879019638127	0.9162907318741551	0.07172292470932007	0.02996140904724598	0.03576923385262489	0.09031019851864923
88.58427608568424	750	17.958739858683728	0.0	359903	3568.5386363457337	0.9162907318741551	0.07583262771368027	0.029681291431188583	0.04021507799625397	0.10085444958739441
91.98403184317236	750	18.558984101195612	0.0	379700	3399.7557574881166	0.9162907318741551	0.08128106594085693	0.02890271134674549	0.046597812324762344	0.1116844935591898
96.189514471826	750	18.353501472541968	0.0	425781	4205.482628653643	0.9162907318741551	0.08052653074264526	0.030695004388689995	0.04369252547621727	0.10124426554493009
100.0671968442041	750	18.47581910016386	0.0	277716	3877.682372378106	0.9162907318741551	0.08008632808923721	0.029520954936742783	0.04466118216514588	0.0716190686422009
105.05604106734623	750	17.486974877021744	0.0	400396	4988.844223142117	0.9162907318741551	0.0764375850558281	0.02855852246284485	0.042167358100414276	0.08025826866725037
109.81512792804014	750	16.72788801632785	0.0	400508	4759.0868606938975	0.9162907318741551	0.06960216164588928	0.029616456478834152	0.0340624138712883	0.0841564803760703
113.75969450600745	750	16.783321438360538	0.0	358218	3944.566577967313	0.9162907318741551	0.07532821595668793	0.03108469769358635	0.03802657872438431	0.0908130191035068
118.77772471934236	750	15.76529122502564	0.0	400322	5018.030213334898	0.9162907318741551	0.07792796194553375	0.02864096127450466	0.04355880841612816	0.07977672173758252
122.64818201654278	750	15.894833927825221	0.0	369834	3870.45729720042	0.9162907318741551	0.07048103213310242	0.028288399800658226	0.036534952372312544	0.09555305009242925
126.51312443095011	750	16.02989151341788	0.0	412837	3864.9424144073414	0.9162907318741551	0.07616786658763885	0.029009399935603142	0.04135658666491509	0.10681582174706356
129.9676539241401	750	16.57536202022789	0.0	401088	3454.529493189991	0.9162907318741551	0.0786987692117691	0.029269598424434662	0.04357525110244751	0.11610495750309145
133.47217750604057	750	17.070838438327414	0.0	365161	3504.5235819004743	0.9162907318741551	0.0826164186000824	0.030002055689692497	0.0466139517724514	0.10419704460997697
136.25519099425415	750	18.28782495011384	0.0	321064	2783.013488213574	0.9162907318741551	0.08794252574443817	0.030917638912796974	0.050841359049081804	0.11536559249883195
140.68197447433224	750	17.86104147003574	0.0	361565	4426.783480078101	0.9162907318741551	0.08385107666254044	0.028897656127810478	0.04917388930916786	0.08167668503037356
145.104418456453	750	17.438597487914958	0.0	378327	4422.443982120781	0.9162907318741551	0.0763331800699234	0.029847823083400726	0.04051579236984253	0.08554704175553479
149.9369151393761	750	16.60610080499186	0.0	390680	4832.496682923096	0.9162907318741551	0.07964779436588287	0.02821020409464836	0.045795549452304844	0.08084433898952709
155.51338692617233	750	15.029629018195617	0.0	345516	5576.471786796244	0.9162907318741551	0.08174295723438263	0.029471170157194138	0.04637755304574966	0.06195960693607373
162.75664506565462	750	11.786370878713328	0.0	384505	7243.25813948229	0.9162907318741551	0.07179000973701477	0.029409747570753098	0.03649831265211106	0.05308453635030635
165.13546625402617	300	13.407549690341781	0.0	145210	2378.8211883715467	-0.9162907318741551	0.06193125247955322	0.026495611295104027	0.030136518925428395	0.061042839499594936
167.443538085991	300	15.099477858376934	0.0	172312	2308.071831964846	0.0	0.06639175117015839	0.03046371042728424	0.029835298657417297	0.07465625532690288
169.48354994912964	300	17.059465995238323	0.0	167025	2040.0118631386133	0.0	0.06547597795724869	0.02834712155163288	0.03145943209528923	0.08187452387802664
171.20901637502737	300	19.3339995693406	0.0	160064	1725.4664258977211	0.0	0.06812585145235062	0.02911859005689621	0.03318354338407516	0.09276564156658239
174.70209140305118	750	19.840924541316788	0.0	331053	3493.075028023814	0.0	0.07370778918266296	0.029227199032902718	0.03863515034317971	0.09477408797236492
180.44068328085325	1200	18.102332663514716	0.0	550906	5738.59187780207	0.9162907318741551	0.074216827750206	0.028479760512709618	0.04004111513495445	0.096000205578481

