1.3251508391594027	750	4.0	1.3251508391594027	450283	1325.1508391594027	-2.6086105002898563	0.06146163493394852	0.027484843507409096	0.028479822725057606	0.3397975435654049
2.50808437495812	750	6.817066464201282	0.0	398865	1182.9335357987172	0.9162907318741551	0.19006359577178955	0.04206513613462448	0.13958543241024018	0.3371829337230567
3.3897250204794305	750	9.935425818679972	0.0	350812	881.6406455213105	0.9162907318741551	0.20477545261383057	0.03497570380568504	0.16280460804700853	0.39790815201421015
5.647076852011484	1850	11.67807398714792	0.0	933276	2257.3518315320534	0.9162907318741551	0.23135729134082794	0.045427244156599045	0.17684459835290908	0.4134384312464886
7.748937583036392	1850	13.57621325612301	0.0	996749	2101.860731024909	1.8191584434161694	0.22631455957889557	0.037947285920381546	0.18077781647443772	0.474222190503538
9.487674603972746	1850	15.837476235186656	0.0	801058	1738.737020936354	1.8191584434161694	0.23624488711357117	0.0418328233063221	0.18604549914598464	0.4607125691547132
13.148884175058674	2850	16.176266664100726	0.0	1388403	3661.209571085929	1.8191584434161694	0.2542969882488251	0.04294203966856003	0.20276654064655303	0.37921975594207635
19.48295860723541	2850	13.842192231923992	0.0	1638769	6334.074432176736	2.2512917986064953	0.2027723789215088	0.03119385987520218	0.16533974707126617	0.2587227254032803
26.72459850863007	2850	10.600552330529332	0.0	1348011	7241.639901394659	2.2512917986064953	0.20188993215560913	0.03677356615662575	0.15776165276765824	0.18614720123550857
31.041308561667158	1850	10.283842277492244	0.0	913888	4316.710053037087	1.3870250882258435	0.1926811933517456	0.037423714995384216	0.14777273535728455	0.21170937792243427
35.506605769038174	1850	9.81854507012123	0.0	939819	4465.297207371013	1.8191584434161694	0.2053811252117157	0.03660406172275543	0.16145625114440917	0.21047176847458435
39.32512401573904	1850	10.000026823420358	0.0	917428	3818.518246700872	1.8191584434161694	0.18143239617347717	0.02974766120314598	0.145735202729702	0.24025759227224866
43.0856035085533	1850	10.239547330606095	0.0	946851	3760.479492814261	1.8191584434161694	0.19025301933288574	0.033839862793684006	0.14964518398046495	0.25178996503219786
46.22546143782183	1850	11.099689401337569	0.0	1036454	3139.8579292685267	1.8191584434161694	0.19429805874824524	0.031015217304229736	0.15707979798316957	0.3300958270559255
48.247736966290425	1850	13.077413872868966	0.0	821631	2022.2755284686023	1.8191584434161694	0.20131070911884308	0.037401340901851654	0.15642910003662108	0.40629033404869025
50.35149108681821	1850	14.973659752341183	0.0	923170	2103.754120527785	1.8191584434161694	0.2102867215871811	0.04467456415295601	0.1566772446036339	0.43882029320441557
52.412485187339364	1850	16.91266565182002	0.0	966699	2060.9941005211595	1.8191584434161694	0.21984678506851196	0.0380982831120491	0.17412884533405304	0.46904501073319554
55.406224417402115	2850	17.918926421757266	0.0	1358801	2993.739230062754	1.8191584434161694	0.235263854265213	0.05524086952209473	0.16897481083869936	0.45388088125882536
61.21442410325562	2850	16.110726735903768	0.0	1537156	5808.199685853498	2.2512917986064953	0.2392752468585968	0.04282202944159508	0.1878888115286827	0.2646527466581272
67.44432530043464	2850	13.880825538724732	0.0	1336050	6229.901197179037	2.2512917986064953	0.20183882117271423	0.043126415461301804	0.15008712261915208	0.21445765473856584
74.59688625826332	2850	10.728264580896047	0.0	1415116	7152.560957828685	2.2512917986064953	0.20326560735702515	0.03470413386821747	0.16162064671516418	0.197847457483199
81.30191338010678	2850	8.023237459052595	0.0	1468126	6705.027121843454	2.2512917986064953	0.19140905141830444	0.03880380094051361	0.1448444902896881	0.21895899499305221
84.96315298814649	1850	8.36199785101288	0.0	968026	3661.239608039714	1.3870250882258435	0.1912274807691574	0.039091743528842926	0.1443173885345459	0.2643984288475172
88.2705216088077	1850	9.054629230351676	0.0	874175	3307.368620661204	1.8191584434161694	0.20618396997451782	0.04366220161318779	0.15378932803869247	0.26431133032435805
90.68268361006433	1850	10.64246722909505	0.0	897976	2412.162001256626	1.8191584434161694	0.20120753347873688	0.048919592052698135	0.1425040230154991	0.3722701872976175
92.88217302796616	1850	12.442977811193229	0.0	905935	2199.4894179018233	1.8191584434161694	0.19698038697242737	0.03873203694820404	0.15050194263458253	0.4118842275968783
95.14649502725318	1850	14.178655811906202	0.0	1076599	2264.3219992870277	1.8191584434161694	0.22673356533050537	0.03348162770271301	0.18655561208724974	0.4754619706645041
97.51526704437546	2850	15.809883794783923	0.0	1141971	2368.772017122277	1.8191584434161694	0.2146793007850647	0.041498325765132904	0.16488130986690522	0.4820940942165187
102.22501849104088	2850	15.100132348118507	0.0	1498470	4709.751446665418	2.2512917986064953	0.24060842394828796	0.040135182440280914	0.19244620501995086	0.3181632867400978
108.83147841715547	2850	12.493672422003925	0.0	1561263	6606.45992611458	2.2512917986064953	0.19852551817893982	0.03031964786350727	0.16214194074273108	0.2363236918805041
116.129262873292	2850	9.195887965867373	0.0	1341201	7297.784456136553	2.2512917986064953	0.2008647918701172	0.035589683800935745	0.1581571713089943	0.18378194204848192
122.9439391719837	2850	6.38121166717568	0.0	1497683	6814.676298691693	2.2512917986064953	0.20582199096679688	0.03748101368546486	0.16084477454423904	0.21977316813823292
125.48377792297163	1200	7.841372916187761	0.0	584349	2539.8387509879185	0.5212969236332858	0.18778041005134583	0.04386821389198303	0.1351385533809662	0.23007326735711328
127.94156874802556	1200	9.383582091133821	0.0	670129	2457.790825053939	1.3862943611198906	0.1854291558265686	0.04472781717777252	0.13175577521324158	0.27265501733057096
131.87594100925273	1850	9.44920982990663	0.0	1026056	3934.3722612271904	1.3862943611198906	0.20620541274547577	0.04028266295790672	0.1578662171959877	0.2607928106121706
134.40152247150363	1850	10.92362836765575	0.0	943942	2525.5814622508815	1.8191584434161694	0.21208839118480682	0.03776675462722778	0.16676828563213347	0.37375234737379165
136.22511353847818	1850	13.1000373006812	0.0	728962	1823.5910669745522	1.8191584434161694	0.23126907646656036	0.031420011073350906	0.19356506317853928	0.39973983926637235
138.26559823931666	1850	15.059552599842721	0.0	938587	2040.4847008384775	1.8191584434161694	0.20163357257843018	0.04100837558507919	0.15242352187633515	0.4599823755670969
141.16991062694586	2850	16.15524021221352	0.0	1427478	2904.312387629201	1.8191584434161694	0.2307135909795761	0.03250578045845032	0.19170665442943574	0.4915029134194668
145.5387515573422	2850	15.78639928181717	0.0	1402287	4368.840930396351	2.2512917986064953	0.23580560088157654	0.03640028461813927	0.19212525933980942	0.32097460684447066
150.89194755900854	2850	14.433203280150824	0.0	1339500	5353.196001666345	2.2512917986064953	0.20408862829208374	0.036596085876226425	0.16017332524061204	0.2502243518793334
159.0911419817123	2850	10.23400885744706	0.0	1527299	8199.194422703764	2.2512917986064953	0.20190325379371643	0.03447753190994263	0.16053021550178528	0.18627427540574873
163.12952079096766	1850	10.195630048191713	0.0	886255	4038.3788092553477	1.3870250882258435	0.20553268492221832	0.041623614728450775	0.1555843472480774	0.21945811471891613
167.63969156024712	1850	9.68545927891224	0.0	973972	4510.1707692794735	1.8191584434161694	0.18993742763996124	0.03011484257876873	0.15379961654543878	0.21595013799346624
171.36533727722576	1850	9.95981356193359	0.0	958994	3725.6457169786495	1.8191584434161694	0.18492674827575684	0.03277244791388512	0.1455998107790947	0.25740343361947626
175.22604815382212	1850	10.099102685337268	0.0	982064	3860.710876596322	1.8191584434161694	0.19333064556121826	0.039149507880210876	0.1463512361049652	0.25437387864325306
177.57021997125423	1850	11.75493086790515	0.0	830730	2344.171817432118	1.8191584434161694	0.1900218427181244	0.028117092326283455	0.15628133192658425	0.35438102012078987
180.76049212097814	2850	12.564658718181258	0.0	1364537	3190.272149723893	1.8191584434161694	0.2016800343990326	0.035771444439888	0.158754301071167	0.4277180553759641

