4.39150033291431	750	4.0	4.39150033291431	450283	4391.50033291431	-10.76510015367791	0.09294837713241577	0.035103391855955124	0.05082430690526962	0.10253511689959974
5.77748008946596	300	6.61402024344835	0.0	155580	1385.979756551649	-0.9162907318741551	0.09498204290866852	0.02738967537879944	0.06211443245410919	0.11225272177646142
7.0733999822295495	300	9.31810035068476	0.0	139857	1295.91989276359	0.0	0.09612196683883667	0.028940871357917786	0.06139292120933533	0.1079210225732013
8.42869088808927	300	11.96280944482504	0.0	155432	1355.2909058597209	0.0	0.09580492973327637	0.026914585381746292	0.06350742727518083	0.11468534122672551
9.538235531103368	300	14.853264801810942	0.0	163442	1109.5446430140978	0.0	0.08552450686693192	0.03184780851006508	0.047307136654853824	0.14730547439353758
11.608666885117778	750	16.782833447796534	0.0	318564	2070.431354014411	0.0	0.10149003565311432	0.03308066725730896	0.06179323494434357	0.15386358952801227
14.008638153085904	750	18.382862179828408	0.0	352642	2399.971267968126	0.9162907318741551	0.09712535887956619	0.031208772212266922	0.05967483222484589	0.14693592573654238
16.685533863862567	750	19.705966469051745	0.0	437162	2676.895710776661	0.9162907318741551	0.08737954497337341	0.03181825950741768	0.0491976335644722	0.16330931318693923
20.835254962707882	1200	19.55624537020643	0.0	584846	4149.721098845315	0.9162907318741551	0.09496158361434937	0.03337825462222099	0.05490767806768417	0.14093621862026748
24.71613195748241	1200	19.675368375431898	0.0	560821	3880.8769947745327	1.3862943611198906	0.10221855342388153	0.032597653567790985	0.06310136914253235	0.1445088315746998
28.853226701166957	1200	19.538273631747355	0.0	607410	4137.094743684545	1.3862943611198906	0.10214734077453613	0.031395357102155685	0.06447291225194932	0.146820422937434
32.19202672449415	1200	20.199473608420163	0.0	594078	3338.8000233271905	1.3862943611198906	0.10647429525852203	0.033811137080192566	0.06590093076229095	0.1779315909456559
35.98339546710775	1200	20.408104865806568	0.0	624282	3791.3687426135975	1.3862943611198906	0.10840527713298798	0.030957341194152832	0.07125646770000457	0.1646587399909955
40.52535488296349	1200	19.86614544995082	0.0	687371	4541.959415855745	1.3862943611198906	0.11253661662340164	0.034982241690158844	0.07055792659521104	0.15133798809395424
43.89888892077945	1200	20.49261141213486	0.0	526950	3373.534037815962	1.3862943611198906	0.10873664170503616	0.03348192200064659	0.06855833530426025	0.1562011807478751
47.67728346738306	1200	20.71421686553124	0.0	587876	3778.3945466036153	1.3862943611198906	0.11608598381280899	0.032661907374858856	0.07689169496297837	0.15558883349766622
52.33182541226332	1200	20.059674920650984	0.0	617242	4654.541944880257	1.3862943611198906	0.11700890213251114	0.03146302327513695	0.0792532742023468	0.13261068592988676
56.90191496590835	1200	19.48958536700596	0.0	581493	4570.0895536450225	1.3862943611198906	0.11609648168087006	0.03278345242142677	0.07675633877515793	0.12723886330328285
61.74182853243653	1200	18.64967180047778	0.0	639204	4839.913566528183	1.3862943611198906	0.10743589699268341	0.03187744319438934	0.0691829651594162	0.13206930066284644
67.00144725330374	1200	17.390053079610567	0.0	586839	5259.618720867211	1.3862943611198906	0.10767805576324463	0.03524218499660492	0.06538743376731873	0.11157443745337522
70.65764208995311	1200	17.733858242961194	0.0	601738	3656.194836649374	1.3862943611198906	0.1001112312078476	0.03271175175905228	0.06085712909698487	0.16458039762220314
74.83066824449523	1200	17.56083208841907	0.0	616206	4173.026154542124	1.3862943611198906	0.10652699321508408	0.03328205645084381	0.06658852547407151	0.14766406372250784
79.61237225599663	1200	16.779128076917672	0.0	656471	4781.704011501395	1.3862943611198906	0.10821100324392319	0.03220602869987488	0.06956376880407333	0.13728808776557383
85.67399729877067	1200	14.717503034143633	0.0	536667	6061.6250427740415	1.3862943611198906	0.1016569510102272	0.03307846561074257	0.06196279227733612	0.0885351693997885
91.09999337467896	750	13.291506958235342	0.0	359903	5425.996075908289	0.44628710262841964	0.09230931848287582	0.033367179334163666	0.05226870328187943	0.06632938818330306
97.42889407517497	750	10.962606257739347	0.0	379700	6328.900700495995	0.9162907318741551	0.08748528361320496	0.03548407927155495	0.04490438848733902	0.059994621178089104
101.22032935829377	750	11.171170974620553	0.0	425781	3791.435283118795	0.9162907318741551	0.07671131193637848	0.03065640665590763	0.039923623949289326	0.11230074317654107
103.71757257739088	750	12.673927755523444	0.0	277716	2497.2432190971094	0.9162907318741551	0.08372105658054352	0.031708553433418274	0.04567079246044159	0.11120903157378864
106.3948358735587	750	13.996664459355616	0.0	400396	2677.263296167829	0.9162907318741551	0.08559411019086838	0.030870815739035606	0.048549131304025654	0.14955421103823344
108.99525978797234	750	15.396240544941978	0.0	400508	2600.4239144136377	0.9162907318741551	0.09239156544208527	0.03293421119451523	0.05287051200866699	0.15401642700640578
111.25554053347592	750	17.135959799438396	0.0	358218	2260.2807455035822	0.9162907318741551	0.10081054270267487	0.03094767965376377	0.06367332711815835	0.15848385237657298
114.01467303616451	750	18.376827296749806	0.0	400322	2759.13250268859	0.9162907318741551	0.10072337090969086	0.031737472862005234	0.06263840347528457	0.1450898061654933
116.60968467159422	750	19.781815661320106	0.0	369834	2595.011635429701	0.9162907318741551	0.09780598431825638	0.03284300118684769	0.05839438289403916	0.1425172800578831
119.52583760801494	750	20.865662724899394	0.0	412837	2916.152936420713	0.9162907318741551	0.09951397776603699	0.035366639494895935	0.057074010372161865	0.141569049703791
122.35455107133005	750	22.03694926158428	0.0	401088	2828.7134633151136	0.9162907318741551	0.09312863647937775	0.0338892862200737	0.05246149301528931	0.14179166790896683
126.11747868737413	1200	22.274021645540195	0.0	598727	3762.9276160440854	0.9162907318741551	0.09850948303937912	0.0331326499581337	0.058750303089618684	0.15911201625223753
128.71397371786094	1200	23.677526615053374	0.0	487812	2596.4950304868194	1.3862943611198906	0.1063639223575592	0.03381524607539177	0.06578562706708908	0.18787326541061763
132.3694164993762	1200	24.02208383353812	0.0	575591	3655.4427815152544	1.3862943611198906	0.1109059602022171	0.03354546055197716	0.07065140753984452	0.1574613622488179
136.37975524109984	1200	24.011745091814504	0.0	605884	4010.338741723615	1.3862943611198906	0.11423556506633759	0.031918130815029144	0.0759338080883026	0.15108050442132862
140.25003198902866	1200	24.14146834388569	0.0	587506	3870.2767479288127	1.3862943611198906	0.12144152820110321	0.03541771322488785	0.07894027233123779	0.15179948057058326
143.87612366185098	1200	24.51537667106337	0.0	566904	3626.0916728223247	1.3862943611198906	0.11077157407999039	0.032673172652721405	0.0715637668967247	0.15634022830943958
148.93049698769823	1200	23.461003345216128	0.0	641452	5054.373325847242	1.3862943611198906	0.11340145766735077	0.03560919687151909	0.07067042142152787	0.1269102930564545
153.2187725903102	1200	23.17272774260416	0.0	599477	4288.275602611968	1.3862943611198906	0.10056576132774353	0.032224420458078384	0.06189645677804947	0.1397944198443919
158.82368012443297	1200	21.567820208481407	0.0	634861	5604.90753412275	1.3862943611198906	0.1082020029425621	0.03208563104271889	0.06969924569129944	0.11326877314834509
163.51699870970322	1200	20.874501623211152	0.0	630203	4693.318585270257	1.3862943611198906	0.10846474766731262	0.03204209730029106	0.07001423090696335	0.13427662932958784
167.52783505338078	1200	20.863665279533592	0.0	638661	4010.8363436775608	1.3862943611198906	0.11015324294567108	0.03398681804537773	0.06936906129121781	0.15923387176012466
173.52257778664492	1850	18.868922546269445	0.0	830730	5994.742733264147	1.3862943611198906	0.11022114753723145	0.03368283063173294	0.06980175077915192	0.13857642220246977
182.10120588664182	1850	14.290294446272563	0.0	846370	8578.628099996882	1.8191584434161694	0.10348806530237198	0.0341779999434948	0.06247446537017822	0.09866029744316665

