4.39150033291	750	4.0	4.39150033291431	450283	4391.50033291	-10.76510015367791	0.105992645516	0.0152806561574	0.0907119893584	0.1025351169
7.93276415079	750	4.458736182120474	0.0	398865	3541.26381788	0.9162907318741551	0.1025351169	0.0118182748883	0.0907168420113	0.112633517443
10.311448513	750	6.080051819888303	0.0	350812	2378.68436223	0.9162907318741551	0.107347345612	0.00898207482148	0.0983652707905	0.147481526162
12.7784399207	750	7.61306041222595	0.0	382355	2466.99140766	0.9162907318741551	0.118056235495	0.0252542303279	0.0928020051673	0.154988379292
15.4105114475	750	8.980988885440365	0.0	411561	2632.07152679	0.9162907318741551	0.125534640344	0.0268539879157	0.0986806524279	0.156363911775
17.4570813977	750	10.934418935245539	0.0	318564	2046.56995019	0.9162907318741551	0.13068802457	0.0279563841735	0.102731640396	0.155657518557
21.4957893516	1200	10.895710981278848	0.0	561791	4038.70795397	0.9162907318741551	0.143140738459	0.0306202308009	0.112520507658	0.139101664791
26.4408868439	1200	9.950613488980682	0.0	709534	4945.0974923	1.3862943611198906	0.150415335381	0.0321763904178	0.118238944963	0.143482307701
30.147045426	1200	10.244454906922517	0.0	584846	3706.15858206	1.3862943611198906	0.149564998072	0.0287814764509	0.120783521621	0.157803824918
33.1538337095	1200	11.237666623432997	0.0	560821	3006.78828349	1.3862943611198906	0.150081793255	0.0247173121475	0.125364481108	0.186518286997
37.0296809496	1200	11.361819383270491	0.0	607410	3875.84724016	1.3862943611198906	0.154888750644	0.0253127695886	0.129575981056	0.156716702791
40.9399184273	1200	11.451581905578864	0.0	594078	3910.23747769	1.3862943611198906	0.155097363182	0.0253468621942	0.129750500987	0.151928879867
45.1278832613	1200	11.26361707165813	0.0	624282	4187.96483392	1.3862943611198906	0.158073502095	0.0258332391471	0.132240262947	0.149065721599
49.739107983	1200	10.652392349873807	0.0	687371	4611.22472178	1.3862943611198906	0.159388941785	0.0260482155198	0.133340726265	0.149064736913
53.9822924547	1200	10.40920787821442	0.0	526950	4243.18447166	1.3862943611198906	0.157523391729	0.0257433370923	0.131780054636	0.124187388863
58.0693983189	1200	10.322102013965186	0.0	587876	4087.10586425	1.3862943611198906	0.145212656494	0.0307307345269	0.114481921967	0.143836744025
63.8882424486	1200	8.503257884355895	0.0	617242	5818.84412961	1.3862943611198906	0.142842262545	0.0302290981755	0.112613164369	0.106076393567
67.8723774207	1200	8.519122912181071	0.0	581493	3984.13497217	1.3862943611198906	0.13210462942	0.0340021322122	0.0981024972076	0.145952133665
71.9045445314	1200	8.486955801474505	0.0	639204	4032.16711071	1.3862943611198906	0.131607006992	0.033874050224	0.097732956768	0.158526167803
76.1881502062	1200	8.20335012670497	0.0	586839	4283.60567477	1.3862943611198906	0.133008755754	0.0342348433844	0.0987739123701	0.136996503543
80.7847278198	1200	7.606772513075119	0.0	601738	4596.57761363	1.3862943611198906	0.135727128597	0.0349345196426	0.100792608955	0.130910005352
88.2218166584	1200	4.169683674489236	0.0	616206	7437.08883859	1.3862943611198906	0.133244048314	0.0342954048407	0.0989486434738	0.0828558073426
91.3422727571	300	5.0492275758000575	0.0	163927	3120.45609869	-1.3862943611198906	0.124479922481	0.0470739549682	0.077405967513	0.0525330255628
94.274637005	300	6.116863327945189	0.0	137654	2932.36424785	0.0	0.0955087884618	0.0552021628974	0.0403066255644	0.0469430085641
96.5524731819	300	7.839027150991711	0.0	146754	2277.83617695	0.0	0.0742439848047	0.042911533162	0.0313324516427	0.0644269335454
98.2981585407	300	10.093341792168262	0.0	153938	1745.68535882	0.0	0.0661659880165	0.0382426131415	0.027923374875	0.0881819849275
99.8539936443	300	12.537506688612568	0.0	181901	1555.83510356	0.0	0.0630764597757	0.0364569278242	0.0266195319515	0.116915346353
100.860553812	300	15.530946520614515	0.0	111155	1006.560168	0.0	0.0660040633582	0.0381490239387	0.0278550394194	0.110430556994
102.233229805	300	18.158270527817876	0.0	153605	1372.6759928	0.0	0.0760193448724	0.0386554874217	0.0373638574507	0.111901862352
105.290734419	750	19.10076591409304	0.0	400508	3057.50461372	0.0	0.0936211999086	0.0295188065128	0.0641023933959	0.130991789253
109.033367188	1200	19.358133144533067	0.0	570392	3742.63276956	0.9162907318741551	0.109843482015	0.0346336993701	0.0752097826454	0.152403945329
112.915303471	1200	19.476196861591994	0.0	620283	3881.93628294	1.3862943611198906	0.122727577252	0.0386960604031	0.0840315168486	0.159787012148
117.101294879	1200	19.290205453449957	0.0	584349	4185.99140814	1.3862943611198906	0.130053307453	0.0373106191316	0.0927426883217	0.139596320925
121.761238964	1200	18.630261368464087	0.0	670129	4659.94408499	1.3862943611198906	0.136784604192	0.0332117369676	0.103572867225	0.143806231959
127.832911437	1850	16.558588896080078	0.0	1026056	6071.67247238	1.3862943611198906	0.144628966477	0.0321025977331	0.112526368744	0.168990670143
133.792951542	1850	14.598548790580317	0.0	943942	5960.0401055	1.8191584434161694	0.152185498982	0.0332218859402	0.118963613042	0.158378464455
138.370344998	1850	14.02115533475349	0.0	728962	4577.39345583	1.8191584434161694	0.153340736892	0.0288688017545	0.124471935138	0.159252641713
144.786400362	1850	11.605099970693189	0.0	938587	6416.05536406	1.8191584434161694	0.153242045385	0.0193079465501	0.133934098835	0.146287235185
151.821543797	1850	8.569956536389107	0.0	908665	7035.1434343	1.8191584434161694	0.154796485849	0.0195038004578	0.135292685392	0.129160834955
155.905878489	1200	8.485621843442	0.0	587506	4084.33469295	0.9534302788236118	0.151107809087	0.025024773786	0.126083035301	0.143843745473
161.402665467	1200	6.988834865864968	0.0	566904	5496.78697758	1.3862943611198906	0.146526759229	0.0242661118935	0.122260647335	0.103133703801
163.74877672	750	8.642723613356123	0.0	384505	2346.11125251	0.44628710262841964	0.133313348619	0.0394799800144	0.0938333686043	0.163890352424
166.121110786	750	10.270389546565127	0.0	372093	2372.33406679	0.9162907318741551	0.133947953394	0.0396679145619	0.0942800388323	0.156846797088
168.914465044	750	11.477035288953148	0.0	438281	2793.35425761	0.9162907318741551	0.135620020479	0.0401630875943	0.0954569328848	0.156901330651
173.726854957	1200	10.664645376024229	0.0	630203	4812.38991293	0.9162907318741551	0.140849592429	0.0417117951935	0.0991377972358	0.130954268337
179.952902237	1200	8.438598096051951	0.0	638661	6226.04727997	1.3862943611198906	0.138185960748	0.0409229760194	0.0972629847284	0.102578886938
188.347222812	1200	4.044277521164307	0.0	538612	8394.32057489	1.3862943611198906	0.137985965402	0.0355555400003	0.102430425401	0.0641638587894
190.958027389	300	5.433472943917915	0.0	118421	2610.80457725	-1.3862943611198906	0.109363658805	0.0585092524181	0.0508544063873	0.0453580482553

