3.5217395520191035	750	4.0	3.5217395520191035	450283	3521.7395520191035	-8.45153647649666	0.1291528195142746	0.03297382965683937	0.08958422392606735	0.127858120496685
4.610370552792394	300	6.911368999226709	0.0	155580	1088.631000773291	-0.9162907318741551	0.10743026435375214	0.03108600713312626	0.07012705579400064	0.14291343888745253
7.051474670337295	750	8.470264881681807	0.0	350812	2441.1041175449013	0.0	0.1125093623995781	0.02664629928767681	0.08053380325436593	0.14371037985582655
10.812956200533238	750	8.708783351485865	0.0	382355	3761.4815301959434	0.9162907318741551	0.11419744044542313	0.029541140422225	0.07874807193875313	0.10165010699390098
17.910694457495808	750	5.611045094523296	0.0	411561	7097.738256962569	0.9162907318741551	0.09198199212551117	0.030516861006617546	0.055361758917570114	0.05798480939985026
20.19769363541965	300	7.324045916599451	0.0	126289	2286.9991779238444	-0.9162907318741551	0.060895636677742004	0.025829292833805084	0.029900485277175905	0.05522039588778783
22.810439542009167	300	8.711300010009936	0.0	153295	2612.745906589516	0.0	0.05475515127182007	0.024594541639089584	0.02524170130491257	0.058671989347827504
25.111288405219444	300	10.41045114679966	0.0	173849	2300.848863210276	0.0	0.05581405758857727	0.025808142498135567	0.024844286590814592	0.07555863524101097
26.77109164309194	300	12.750647908927164	0.0	150710	1659.803237872497	0.0	0.06625694781541824	0.02832413651049137	0.0322679840028286	0.09079991926824839
28.16686202592907	300	15.354877526090032	0.0	139105	1395.7703828371314	0.0	0.075062096118927	0.029958492144942284	0.039111905544996266	0.09966180806705925
30.077118973560005	300	17.444620578459098	0.0	141840	1910.256947630937	0.0	0.07554607093334198	0.03382037952542305	0.034961615502834324	0.07425179119275403
32.11694346461722	300	19.404796087401884	0.0	156148	2039.8244910572123	0.0	0.0769701898097992	0.031906746327877045	0.03868209421634674	0.07654972311812508
34.50557163385658	300	21.016167918162516	0.0	160746	2388.6281692393673	0.0	0.06930841505527496	0.028652319684624672	0.03492563143372536	0.06729636787762903
36.95489022800644	300	22.566849324012654	0.0	179801	2449.318594149859	0.0	0.06441805511713028	0.027520377188920975	0.03139360249042511	0.07340858001464184
40.99489875109074	750	22.52684080092836	0.0	337059	4040.008523084294	0.0	0.06896579265594482	0.026801759377121925	0.036803681403398514	0.08343026953385646
46.19538562802381	750	21.32635392399529	0.0	366214	5200.48687693307	0.9162907318741551	0.07157064974308014	0.026314841583371162	0.03999283984303475	0.0704191758706967
49.71629856774567	750	21.805440984273428	0.0	360831	3520.9129397218594	0.9162907318741551	0.06556214392185211	0.029512379318475723	0.030147288739681248	0.10248222724544404
54.2615704343332	750	21.260169117685894	0.0	372963	4545.2718665875345	0.9162907318741551	0.07848702371120453	0.031110431998968124	0.04115450531244278	0.08205515774351478
60.93268989593602	750	18.58904965608308	0.0	405596	6671.119461602816	0.9162907318741551	0.06943373382091522	0.02986418828368187	0.03359670788049698	0.06079879131748463
66.30043618707955	750	17.22130336493955	0.0	350713	5367.74629114353	0.9162907318741551	0.0696849599480629	0.029085634276270866	0.03478219881653786	0.06533710443406317
68.86059588070609	300	18.66114367131303	0.0	157671	2560.15969362652	-0.9162907318741551	0.05927765741944313	0.02830645628273487	0.02530990988016129	0.06158639259594612
71.50130365846887	300	20.020435893550246	0.0	157812	2640.7077777627874	0.0	0.059680961072444916	0.02764037624001503	0.02651250958442688	0.05976125087710334
73.98727645631737	300	21.534463095701746	0.0	163927	2485.972797848498	0.0	0.06263062357902527	0.02622796781361103	0.031157062202692036	0.06594078589350283
76.06083865595353	300	23.460900896065585	0.0	137654	2073.562199636164	0.0	0.06345319747924805	0.027670040726661682	0.03024914860725403	0.06638527651794257
78.46848889382434	300	25.053250658194774	0.0	146754	2407.650237870812	0.0	0.06135312840342522	0.027615131810307503	0.028214970231056215	0.06095320561585425
81.31696446022417	300	26.204775091794932	0.0	153938	2848.4755663998435	0.0	0.06002291291952133	0.025600019842386246	0.02930288910865784	0.05404223993206321
84.38766991557483	300	27.134069636444263	0.0	181901	3070.7054553506673	0.0	0.0619974285364151	0.027090856805443764	0.029488400369882588	0.05923752787263907
86.01306916224841	300	29.50867038977068	0.0	111155	1625.3992466735835	0.0	0.061099257320165634	0.027873484417796135	0.027651076018810276	0.06838627508132616
91.3010609114216	750	28.220678640597484	0.0	400396	5287.991749173195	0.0	0.06317920982837677	0.025467796251177788	0.03261785432696343	0.07571796988196965
97.40928024333951	750	26.112459308679572	0.0	400508	6108.219331917913	0.9162907318741551	0.06671269237995148	0.026007937267422676	0.035503167659044266	0.06556869985122897
102.42000843003719	750	25.101731121981906	0.0	358218	5010.7281866976655	0.9162907318741551	0.06574755907058716	0.02508414350450039	0.035646586865186694	0.07149020794043202
105.8164170991132	750	25.705322452905893	0.0	400322	3396.4086690760128	0.9162907318741551	0.06214078515768051	0.02551499381661415	0.03152279257774353	0.11786626375232605
109.76932256640718	750	25.752416985611912	0.0	369834	3952.905467293983	0.9162907318741551	0.07373340427875519	0.02835341915488243	0.03970930129289627	0.09356004160989335
116.53127736159718	750	22.990462190421905	0.0	412837	6761.954795190006	0.9162907318741551	0.0711483508348465	0.028082234784960747	0.0374496690928936	0.06105290740684397
123.41508859754119	750	20.106650954477903	0.0	401088	6883.811235944	0.9162907318741551	0.062736876308918	0.025895169004797935	0.031662673503160474	0.05826539779384254
126.10526077954161	750	21.416478772477472	0.0	365161	2690.1721820004313	0.9162907318741551	0.0683840960264206	0.029227323830127716	0.033311307430267334	0.13573889524367308
128.26030342587933	750	23.261436126139742	0.0	321064	2155.042646337728	0.9162907318741551	0.07775640487670898	0.029925862327218056	0.04184537008404732	0.14898266655911196
131.4749249281055	750	24.046814623913598	0.0	361565	3214.621502226147	0.9162907318741551	0.0781383067369461	0.03151426091790199	0.040321193635463715	0.11247513890814635
137.4354337606074	750	22.086305791411696	0.0	378327	5960.5088325019	0.9162907318741551	0.08060415089130402	0.03148229792714119	0.04282539337873459	0.06347226564568294
144.2779419195424	750	19.243797632476674	0.0	390680	6842.508158935023	0.9162907318741551	0.06924151629209518	0.029376713559031487	0.033989460021257405	0.057096022529377004
148.43232865659516	750	19.089410895423907	0.0	345516	4154.386737052768	0.9162907318741551	0.06433475017547607	0.027833448722958565	0.030934611707925795	0.08316895413668643
152.9954701441082	750	18.526269407910878	0.0	384505	4563.1414875130295	0.9162907318741551	0.07006683945655823	0.028294024989008904	0.03611400946974754	0.08426322108402563
158.13662391750933	750	17.385115634509745	0.0	372093	5141.153773401134	0.9162907318741551	0.07528545707464218	0.031233403831720352	0.03780537247657776	0.07237538817164024
163.75580713007943	750	15.765932421939654	0.0	438281	5619.1832125700885	0.9162907318741551	0.07305853813886642	0.02961946651339531	0.03751517832279205	0.0779972788606656
168.6435119501583	750	14.878227601860782	0.0	398987	4887.704820078872	0.9162907318741551	0.07314395159482956	0.03010404482483864	0.037019097805023195	0.08163074790460885
172.5116822010893	750	15.010057350929802	0.0	393804	3868.17025093098	0.9162907318741551	0.07558400928974152	0.0317818745970726	0.03744575977325439	0.10180627388497712
177.47451448849338	750	14.047225063525707	0.0	331053	4962.832287404097	0.9162907318741551	0.07888947427272797	0.03142618387937546	0.041178053617477416	0.06670646534645713
182.56928764728286	750	12.95245190473625	0.0	314107	5094.773158789456	0.9162907318741551	0.07163649052381516	0.028158867731690407	0.03784584924578667	0.061652793993017235

