4.851455205977005	750	4.0	4.851455205977005	450283	4851.455205977005	-11.988580116024679	0.24199266731739044	0.03138412535190582	0.20433171689510346	0.09281400752608213
7.055120085680856	300	5.796335120296149	0.0	155580	2203.664879703851	-0.9162907318741551	0.0881807804107666	0.027405492961406708	0.055294188857078555	0.07060057154466622
9.211986621600339	300	7.639468584376665	0.0	139857	2156.8665359194842	0.0	0.08032068610191345	0.027011463418602943	0.04790692999958992	0.06484267694402249
11.874154891770454	300	8.97730031420655	0.0	155432	2662.1682701701147	0.0	0.07490012049674988	0.024563677608966827	0.04542370736598969	0.058385490407061216
14.316801706125045	300	10.534653499851958	0.0	163442	2442.646814354592	0.0	0.06794944405555725	0.02394130825996399	0.03921987414360047	0.06691184294000581
16.881702417913907	300	11.969752788063095	0.0	126289	2564.9007117888623	0.0	0.06031017005443573	0.023994790390133858	0.0315164215862751	0.04923738350554751
20.155264451217676	300	12.69619075475933	0.0	153295	3273.5620333037646	0.0	0.047355473041534424	0.021268503740429878	0.02183326855301857	0.046828194621163374
23.109391989925637	300	13.742063216051369	0.0	173849	2954.127538707962	0.0	0.04852791130542755	0.02096232771873474	0.023373118042945864	0.058849524173230465
24.447502323317032	300	16.403952882659972	0.0	150710	1338.1103333913968	0.0	0.05707843229174614	0.023640666157007217	0.02870963290333748	0.11262897852229453
25.673662880163043	300	19.17779232581396	0.0	139105	1226.160556846011	0.0	0.06461088359355927	0.028022730723023415	0.030983606725931166	0.1134476225183858
26.725546436123956	300	22.125908769853044	0.0	141840	1051.8835559609138	0.0	0.07260768860578537	0.02758539281785488	0.03950521722435951	0.13484382296520142
31.0985744163147	750	21.752880789662303	0.0	405134	4373.027980190744	0.0	0.08700032532215118	0.031653910875320435	0.04901563227176666	0.09264381610069844
37.41514421639969	750	19.43631098957732	0.0	386351	6316.569800084985	0.9162907318741551	0.07406827807426453	0.02943921461701393	0.03874122053384781	0.06116468466711187
47.340331539936976	750	13.511123666040033	0.0	434409	9925.187323537286	0.9162907318741551	0.0692715048789978	0.026771318167448044	0.03714592307806015	0.043768342686068204
52.172316242453654	750	12.679138963523354	0.0	337059	4831.98470251668	0.9162907318741551	0.06481097638607025	0.028286302462220192	0.030867413431406025	0.0697558085861586
56.964423540936544	750	11.887031665040467	0.0	366214	4792.107298482887	0.9162907318741551	0.06819938868284225	0.029559366405010223	0.032728148996829985	0.07642024211685287
60.36809015283237	750	12.483365053144633	0.0	360831	3403.6666118958346	0.9162907318741551	0.07289019972085953	0.02906913310289383	0.038007239997386935	0.10601243927325124
64.02287331257646	750	12.828581893400543	0.0	372963	3654.783159744091	0.9162907318741551	0.07792384922504425	0.029565174132585526	0.04244564026594162	0.10204791466372932
68.90506412101767	750	11.946391084959338	0.0	405596	4882.190808441203	0.9162907318741551	0.07677769660949707	0.03028744086623192	0.04043276757001877	0.08307663831957023
72.33552204040306	750	12.515933165573937	0.0	350713	3430.4579193854006	0.9162907318741551	0.07365193963050842	0.030292933806777	0.03730041906237602	0.1022350392401355
75.24277745940553	750	13.608677746571466	0.0	386472	2907.255419002472	0.9162907318741551	0.07929699122905731	0.02914872206747532	0.04431852474808693	0.13293362443283535
77.30468906027504	750	15.546766145701968	0.0	399894	2061.9116008694978	0.9162907318741551	0.08427488803863525	0.03232065588235855	0.04549010097980499	0.1939433290114701
79.63642275161784	750	17.21503245435917	0.0	401853	2331.7336913427953	0.9162907318741551	0.09828881919384003	0.03159172832965851	0.06037874519824982	0.17234086443575874
82.69491616238216	750	18.156539043594844	0.0	343800	3058.4934107643257	0.9162907318741551	0.09910251200199127	0.03534788638353348	0.0566850483417511	0.11240828533094124
86.27825753237664	750	18.573197673600355	0.0	359903	3583.341369994485	0.9162907318741551	0.09088415652513504	0.03195751830935478	0.052535134553909305	0.10043782125077129
92.27370655032328	750	16.57774865565371	0.0	379700	5995.449017946645	0.9162907318741551	0.09266536682844162	0.031222766265273094	0.05519804731011391	0.06333136998803833
97.45929246487849	750	15.392162741098513	0.0	425781	5185.5859145551985	0.9162907318741551	0.08614534884691238	0.03180781379342079	0.047975972294807434	0.08210856150409034
102.62092841804835	750	14.230526787928639	0.0	277716	5161.6359531698745	0.9162907318741551	0.08559401333332062	0.029005607590079308	0.05078728422522545	0.0538038719738552
108.14842284417313	750	12.703032361803864	0.0	400396	5527.494426124776	0.9162907318741551	0.07211364805698395	0.031427621841430664	0.03440050184726715	0.07243716033572017
109.35691739145655	300	15.494537814520442	0.0	149029	1208.494547283423	-0.9162907318741551	0.07204295694828033	0.032337743788957596	0.03323766440153122	0.12331789194663936
111.8242824905209	750	17.027172715456093	0.0	358218	2467.3650990643455	0.0	0.09225554764270782	0.03373544663190842	0.051773011684417725	0.14518240536669688
114.37563899758779	750	18.475816208389208	0.0	400322	2551.3565070668833	0.9162907318741551	0.10125507414340973	0.03712528944015503	0.0567047268152237	0.15690555157272876
116.41345558824428	750	20.437999617732714	0.0	369834	2037.8165906564939	0.9162907318741551	0.09262847900390625	0.0350305400788784	0.05059183090925217	0.18148542007936833
118.16173007078223	750	22.689725135194774	0.0	412837	1748.2744825379423	0.9162907318741551	0.09853951632976532	0.0315469354391098	0.06068319380283356	0.23613969323666562
124.32117799318954	1200	20.530277212787457	0.0	690253	6159.447922407318	0.9162907318741551	0.12394732981920242	0.03367093577980995	0.08354220688343048	0.11206410196097996
133.3995304642486	1200	15.451924741728385	0.0	598727	9078.35247105907	1.3862943611198906	0.09757966548204422	0.03273522108793259	0.05829740017652512	0.06595106346759338
140.15263251970654	750	12.698822686270478	0.0	321064	6753.102055457908	0.44628710262841964	0.08028197288513184	0.03138257935643196	0.04262287765741348	0.04754318791028986
143.82583446427702	750	13.025620741699996	0.0	361565	3673.2019445704827	0.9162907318741551	0.07551970332860947	0.031663678586483	0.03752328902482987	0.0984331941058794
147.08507811675372	750	13.766377089223296	0.0	378327	3259.2436524767004	0.9162907318741551	0.08000174164772034	0.031152283772826195	0.0426190011203289	0.1160781581065623
152.3030775573794	750	12.548377648597613	0.0	390680	5217.999440625681	0.9162907318741551	0.1016036719083786	0.03527950495481491	0.05926826596260071	0.074871606339834
159.000828080952	750	9.85062712502502	0.0	345516	6697.750523572594	0.9162907318741551	0.08603976666927338	0.03269999846816063	0.046799768507480626	0.05158687215714644
163.3698393990749	300	9.481615806902122	0.0	161857	4369.011318122898	-0.9162907318741551	0.06620652228593826	0.03193247690796852	0.027887549996376042	0.03704659663585862
166.1265597589987	300	10.724895446978344	0.0	145210	2756.720359923778	0.0	0.059715233743190765	0.03016320988535881	0.023519381880760193	0.052674911141155786
168.37929894455735	300	12.472156261419679	0.0	172312	2252.739185558665	0.0	0.053426213562488556	0.029633816331624985	0.017865633964538573	0.07648999098724679
171.10876658815533	300	13.742688617821694	0.0	167025	2729.467643597986	0.0	0.06485356390476227	0.02730250172317028	0.03209056183695793	0.06119325150886476
173.54225386511288	300	15.309201340864156	0.0	160064	2433.4872769575372	0.0	0.06263302266597748	0.027477947995066643	0.029659485071897508	0.0657755647689762
175.18960760570988	300	17.661847600267144	0.0	137507	1647.3537405970087	0.0	0.0579480342566967	0.024925168603658676	0.02803783193230629	0.08347144672774823
180.28566525142062	1200	16.565789954556383	0.0	550906	5096.057645710763	0.0	0.06617226451635361	0.028803721070289612	0.03160779923200607	0.10810435012713901

