3.211500836573075	750	4.0	3.211500836573075	450283	3211.500836573075	-7.626301493410224	0.16790491342544556	0.030532563105225563	0.13126583769917488	0.14020952287233016
4.726067271587737	300	6.485433564985338	0.0	155580	1514.566435014662	-0.9162907318741551	0.11077044904232025	0.030273787677288055	0.07444190382957458	0.10272246657736997
5.861760637161171	300	9.349740199411904	0.0	139857	1135.693365573434	0.0	0.09690476953983307	0.026682358235120773	0.06488593965768814	0.12314679669664483
9.379188605815072	750	9.832312230758003	0.0	382355	3517.4279686539016	0.0	0.10780453681945801	0.030059801414608955	0.07173277512192727	0.10870300782486952
15.829553161570026	750	7.38194767500305	0.0	411561	6450.3645557549535	0.9162907318741551	0.09334154427051544	0.03110501728951931	0.05601552352309227	0.0638043007403061
17.603942085207667	300	9.60755875136541	0.0	126289	1774.388923637639	-0.9162907318741551	0.06798692792654037	0.027902012690901756	0.034504512697458266	0.07117323508822264
19.66682051987511	300	11.544680316697965	0.0	153295	2062.878434667445	0.0	0.059444233775138855	0.026783520355820656	0.027304009348154072	0.07431121360513547
21.9572518563898	300	13.254248980183274	0.0	173849	2290.431336514691	0.0	0.07481637597084045	0.029664771631360054	0.03921865001320839	0.07590229719112337
23.863352196078313	300	15.348148640494761	0.0	150710	1906.1003396885126	0.0	0.05979014188051224	0.02872559055685997	0.025319433212280272	0.07906719119761997
25.355131249224293	300	17.85636958734878	0.0	139105	1491.779053145979	0.0	0.06743016839027405	0.028636379167437553	0.03306651338934898	0.09324772305030334
27.628660046308312	300	19.582840790264765	0.0	141840	2273.5287970840172	0.0	0.08117535710334778	0.03142099827528	0.04347015917301178	0.062387597721181784
30.741696228298967	300	20.46980460827411	0.0	156148	3113.0361819906525	0.0	0.0737076997756958	0.031500402837991714	0.03590721637010574	0.050159391305291574
33.43935800744007	300	21.77214282913301	0.0	160746	2697.661779141102	0.0	0.06058277562260628	0.02570481412112713	0.029736998677253726	0.05958715849515401
35.24227140022252	300	23.969229436350556	0.0	179801	1802.91339278245	0.0	0.06412017345428467	0.026514889672398567	0.03230230584740639	0.09972802948815623
37.94271009304035	750	25.26879074353273	0.0	337059	2700.438692817829	0.0	0.07502546906471252	0.02808634750545025	0.04132185205817223	0.12481638664727053
41.211819728262256	750	25.99968110831082	0.0	366214	3269.1096352219074	0.9162907318741551	0.07690638303756714	0.02935292385518551	0.04168287441134453	0.11202255074420021
44.540921901738045	750	26.67057893483503	0.0	360831	3329.102173475791	0.9162907318741551	0.08244680613279343	0.03126488998532295	0.044928938150405884	0.10838688066556691
47.87272892594808	750	27.338771910624992	0.0	372963	3331.8070242100353	0.9162907318741551	0.07923758029937744	0.030131632462143898	0.04307962134480477	0.11194015658467758
50.17537901124635	750	29.03612182532673	0.0	405596	2302.650085298262	0.9162907318741551	0.07879994064569473	0.03386399894952774	0.038163141906261445	0.17614313290135145
53.19136504683665	1200	30.020135789736425	0.0	586839	3015.9860355903065	0.9162907318741551	0.09633171558380127	0.03320452198386192	0.056486289203166964	0.19457616616090878
56.31498940078337	1200	30.89651143578972	0.0	601738	3123.6243539467077	1.3862943611198906	0.10480229556560516	0.03144002705812454	0.06707426309585571	0.19264096184923848
59.312078060294	1200	31.899422776279085	0.0	616206	2997.0886595106344	1.3862943611198906	0.10507553815841675	0.03349408134818077	0.06488264054059983	0.2056015253484741
64.9467435257839	1850	30.26475731078918	0.0	968026	5634.665465489904	1.3862943611198906	0.11133824288845062	0.033334776759147644	0.07133651077747345	0.17179830922151035
70.7008219150432	1850	28.510678921529877	0.0	874175	5754.078389259304	1.8191584434161694	0.11368685960769653	0.03352775424718857	0.07345355451107025	0.15192267829227968
76.17168845448043	1850	27.03981238209266	0.0	897976	5470.866539437217	1.8191584434161694	0.11597345769405365	0.032017555087804794	0.0775523915886879	0.16413780038808512
81.61182002695877	1850	25.599680809614327	0.0	905935	5440.131572478333	1.8191584434161694	0.11136494576931	0.03597569465637207	0.06819411218166352	0.16652814144847747
89.85527070941023	1850	21.356230127162863	0.0	1076599	8243.450682451465	1.8191584434161694	0.11921323835849762	0.031183607876300812	0.08179290890693665	0.13060052658431595
96.35913411009358	1200	18.85236672647952	0.0	487160	6503.8634006833445	0.9534302788236118	0.10947474837303162	0.0357031524181366	0.0666309654712677	0.07490317215899943
104.87691961349297	1200	14.334581223080132	0.0	622896	8517.785503399386	1.3862943611198906	0.10187183320522308	0.03539424017071724	0.0593987450003624	0.0731288666228337
110.27905768953606	750	12.932443147037038	0.0	400508	5402.138076043095	0.44628710262841964	0.0986684262752533	0.03437407687306404	0.05741953402757645	0.07413879363360519
116.00543248579969	750	11.206068350773407	0.0	358218	5726.374796263632	0.9162907318741551	0.08215931802988052	0.03519951552152634	0.03991989940404892	0.06255580759990274
119.28556415293394	750	11.925936683639135	0.0	400322	3280.1316671342715	0.9162907318741551	0.08115137368440628	0.030448252335190773	0.044613470882177354	0.12204449108280656
122.58569593285634	750	12.625804903716745	0.0	369834	3300.1317799223903	0.9162907318741551	0.08634007722139359	0.03109702654182911	0.04902364537119865	0.11206643390728398
126.56062615301492	750	12.65087468355816	0.0	412837	3974.9302201585847	0.9162907318741551	0.08986540138721466	0.031992990523576736	0.05147381275892258	0.10386018801193682
129.67888639306858	750	13.532614443504492	0.0	401088	3118.260240053666	0.9162907318741551	0.08929916471242905	0.03357396274805069	0.04901040941476822	0.1286255697481802
131.75977414465748	750	15.451726691915592	0.0	365161	2080.8877515889008	0.9162907318741551	0.08530279994010925	0.03388407453894615	0.04464191049337387	0.17548327617439935
133.38967650218913	750	17.82182433438395	0.0	321064	1629.902357531641	0.9162907318741551	0.09506410360336304	0.03114282712340355	0.05769271105527878	0.19698357911833825
135.28108469320082	750	19.930416143372266	0.0	361565	1891.4081910116838	0.9162907318741551	0.10009875893592834	0.03342399001121521	0.0599899709224701	0.19116180299853977
138.5805164835864	1200	20.630984352986705	0.0	605884	3299.4317903855617	0.9162907318741551	0.1101100966334343	0.03365736082196236	0.06972126364707948	0.18363283089092083
141.30119258291268	1200	21.910308253660425	0.0	587506	2720.676099326279	1.3862943611198906	0.11045654118061066	0.029042577371001244	0.07560544833540916	0.2159411773218738
144.74877146063386	1200	22.462729375939222	0.0	566904	3447.5788777211997	1.3862943611198906	0.12423188239336014	0.0322967991232872	0.0854757234454155	0.1644353965803142
148.8131685143633	1200	22.3983323222098	0.0	641452	4064.397053729422	1.3862943611198906	0.1143454909324646	0.031479619443416595	0.07656994760036469	0.15782217916219934
152.75866880505924	1200	22.452832031513832	0.0	599477	3945.5002906959653	1.3862943611198906	0.12260904908180237	0.031320251524448395	0.0850247472524643	0.15193941346643658
156.7025896617761	1200	22.50891117479699	0.0	634861	3943.920856716847	1.3862943611198906	0.12279199808835983	0.031672265380620956	0.0847852796316147	0.16097204357404266
160.24661073790634	1200	22.964890098666743	0.0	630203	3544.0210761302433	1.3862943611198906	0.1209116205573082	0.03332294523715973	0.08092408627271652	0.1778214594276978
166.6052604811154	1850	20.60624035545769	0.0	982064	6358.649743209056	1.3862943611198906	0.13406765460968018	0.03570222854614258	0.0912249803543091	0.1544453680671482
174.39638772064106	1850	16.815113115932025	0.0	830730	7791.127239525663	1.8191584434161694	0.11968109756708145	0.03632599487900734	0.07608990371227264	0.10662513580648135
186.51561548468084	1850	8.695885351892256	0.0	846370	12119.227764039768	1.8191584434161694	0.10779537260532379	0.035588014870882034	0.06508975476026535	0.06983695797114675

