0.9321555281170851	750	4.0	0.9321555281170851	450283	932.1555281170852	-1.5632429729172914	0.09650340676307678	0.030111005529761314	0.06037020012736321	0.4830556558620133
2.61823521516888	1850	6.313920312948205	0.0	957685	1686.0796870517947	0.9162907318741551	0.29067033529281616	0.04109300673007965	0.24135872721672058	0.5679950997301713
4.20777981057142	1850	8.724375717545666	0.0	877771	1589.5445954025402	1.8191584434161694	0.3162763714790344	0.03121267817914486	0.27882115766406057	0.5522153971261883
6.869155935245316	2850	10.062999592871769	0.0	1520281	2661.376124673896	1.8191584434161694	0.3352571427822113	0.04692937433719635	0.2789418935775757	0.5712386858457609
9.41176957759076	2850	11.520385950526325	0.0	1472558	2542.6136423454454	2.2512917986064953	0.3347376585006714	0.04707634076476097	0.27824604958295823	0.5791513014307719
11.610882708735014	2850	13.321272819382072	0.0	1224260	2199.1131311442527	2.2512917986064953	0.28906571865081787	0.05993723124265671	0.21714104115962984	0.5567062388295537
14.659511215352635	2850	14.272644312764449	0.0	1388403	3048.6285066176215	2.2512917986064953	0.26646238565444946	0.042927708476781845	0.21494913548231126	0.45541888655380947
18.235711411512067	2850	14.696444116605017	0.0	1638769	3576.2001961594333	2.2512917986064953	0.25946909189224243	0.04437578469514847	0.20621815025806428	0.4582430820735129
21.25716420322893	2850	15.674991324888156	0.0	1348011	3021.452791716859	2.2512917986064953	0.26759660243988037	0.04331255704164505	0.2156215339899063	0.4461466363782004
24.377912221151014	2850	16.554243306966068	0.0	1429765	3120.748017922086	2.2512917986064953	0.26817387342453003	0.05154269188642502	0.20632264316082	0.4581481721013773
28.489295756200764	4300	16.442859771916318	0.0	2173522	4111.383535049749	2.2512917986064953	0.30484187602996826	0.03155921399593353	0.266970819234848	0.5286595087689137
32.194111477915875	4300	16.738044050201207	0.0	2102452	3704.815721715113	2.662587827025453	0.3008791506290436	0.029493503272533417	0.26548694670200346	0.5674916535461817
36.00889738604217	4300	16.923258142074914	0.0	2209463	3814.78590812629	2.662587827025453	0.33310648798942566	0.05711285024881363	0.2645710676908493	0.5791840101153207
39.96216602705424	4300	16.969989501062848	0.0	2275376	3953.2686410120655	2.662587827025453	0.33604490756988525	0.04112560674548149	0.28669417947530745	0.5755682718838675
44.411997425225046	4300	16.52015810289204	0.0	2005399	4449.83139817081	2.662587827025453	0.34446966648101807	0.0597570538520813	0.2727612018585205	0.4506685356268461
49.18447909997272	4300	15.74767642814437	0.0	2152483	4772.481674747671	2.662587827025453	0.3253243565559387	0.05378144979476929	0.2607866168022156	0.4510196469458011
54.00021235359348	4300	14.931943174523607	0.0	2289689	4815.733253620764	2.662587827025453	0.3047458231449127	0.03695344924926758	0.2604016840457916	0.47546009702229064
57.75643332517156	4300	15.175722202945527	0.0	2059512	3756.2209715780796	2.662587827025453	0.30159497261047363	0.05014875531196594	0.2414164662361145	0.5482936215903051
61.595696156006724	4300	15.336459372110362	0.0	2220726	3839.2628308351664	2.662587827025453	0.3405136466026306	0.05196400359272957	0.2781568422913551	0.5784251034245861
65.27827096226693	4300	15.653884565850149	0.0	2156729	3682.574806260212	2.662587827025453	0.34778931736946106	0.03887549415230751	0.30113872438669204	0.5856578924978407
69.18102962586049	4300	15.751125902256588	0.0	2039773	3902.7586635935604	2.662587827025453	0.347074031829834	0.04416457936167717	0.2940765365958214	0.5226490223512383
73.9534384796697	4300	14.978717048447384	0.0	2176469	4772.408853809204	2.662587827025453	0.33295804262161255	0.03878609463572502	0.28641472905874255	0.4560525023464415
78.85791569176327	4300	14.074239836353811	0.0	2221506	4904.477212093571	2.662587827025453	0.32500672340393066	0.04128526523709297	0.2754644051194191	0.45295469913126724
82.89529039027278	4300	14.036865137844309	0.0	2044075	4037.374698509504	2.662587827025453	0.31589168310165405	0.03750251978635788	0.2708886593580246	0.5062881581822516
86.78185911687574	4300	14.150296411241344	0.0	2186790	3886.568726602964	2.662587827025453	0.31118929386138916	0.05747903138399124	0.24221445620059967	0.5626531148238185
90.48389397570104	4300	14.448261552416053	0.0	2105231	3702.034858825291	2.662587827025453	0.3233644962310791	0.06915249675512314	0.24038150012493134	0.5686686053161639
94.599518504113	4300	14.3326370240041	0.0	2395588	4115.624528411954	2.662587827025453	0.328651487827301	0.05745869502425194	0.2597010537981987	0.5820715625203926
98.72987604865192	4300	14.202279479465169	0.0	1972048	4130.357544538931	2.662587827025453	0.3316859304904938	0.07030113786458969	0.24732456505298617	0.47745212823219124
103.38385940123459	4300	13.548296126882503	0.0	2134614	4653.983352582665	2.662587827025453	0.32150429487228394	0.06875094771385193	0.23900315761566163	0.45866386668861303
108.14133674897181	4300	12.79081877914528	0.0	2164140	4757.477347737223	2.662587827025453	0.31051120162010193	0.036967504769563675	0.26615019589662553	0.4548923393254452
110.72595221013073	2850	14.206203317986358	0.0	1341201	2584.615461158922	1.8399957701875378	0.29022932052612305	0.053312987089157104	0.2262537360191345	0.5189170382036699
113.51347699790716	2850	15.418678530209926	0.0	1497683	2787.5247877764327	2.2512917986064953	0.3155340552330017	0.03908795490860939	0.26862850934267046	0.5372806034111286
115.86721456799279	2850	17.06494096012429	0.0	1358081	2353.7375700856383	2.2512917986064953	0.32587602734565735	0.05303419381380081	0.2622349947690964	0.5769891330538551
119.81142269460732	4300	17.12073283350976	0.0	2286761	3944.2081266145283	2.2512917986064953	0.3444112539291382	0.03773898631334305	0.2991244703531265	0.5797769606957376
123.84051461374554	4300	17.091640914371535	0.0	2307787	4029.0919191382236	2.662587827025453	0.3458537757396698	0.04083533585071564	0.296851372718811	0.5727809259049144
128.61796779586	4300	16.314187732257075	0.0	2143948	4777.45318211446	2.662587827025453	0.33965012431144714	0.06771582365036011	0.25839113593101504	0.4487637907214628
132.90952041636362	4300	16.022635111753466	0.0	1919781	4291.552620503612	2.662587827025453	0.32558655738830566	0.04821645841002464	0.26772680729627607	0.44733949918915694
137.44516894573147	4300	15.486986582385605	0.0	2147467	4535.64852936786	2.662587827025453	0.317648708820343	0.037465281784534454	0.2726903706789017	0.4734641553672801
141.3383494424339	4300	15.593806085683202	0.0	2133870	3893.1804967024045	2.662587827025453	0.31415855884552	0.0444793738424778	0.26078331023454665	0.5481045643291975
145.03910358022864	4300	15.893051947888459	0.0	2146120	3700.7541377947423	2.662587827025453	0.33435583114624023	0.031041739508509636	0.29710574373602866	0.5799142337185524
148.66470089965534	4300	16.267454628461756	0.0	2108491	3625.597319426704	2.662587827025453	0.3248290419578552	0.04851329326629639	0.2666130900382996	0.5815568620106449
152.79467603912562	4300	16.137479488991477	0.0	2184571	4129.975139470279	2.662587827025453	0.3508427143096924	0.05699336528778076	0.28245067596435547	0.5289550000245761
157.446394140993	4300	15.485761387124132	0.0	2121928	4651.7181018673455	2.662587827025453	0.35537588596343994	0.02935408242046833	0.32015098705887796	0.4561600581832746
162.35863197802118	4300	14.573523550095931	0.0	2219102	4912.237837028201	2.662587827025453	0.3451082706451416	0.0402628593146801	0.2967928394675255	0.451749706268805
166.55662523869591	4300	14.375530289421189	0.0	2124950	4197.993260674743	2.662587827025453	0.3172253966331482	0.03111203759908676	0.2798909515142441	0.5061823276148987
170.55065999657327	4300	14.381495531543827	0.0	2246506	3994.0347578773617	2.662587827025453	0.3215519189834595	0.047290779650211334	0.26480298340320585	0.5624653104405908
174.01041732253398	4300	14.92173820558309	0.0	1961140	3459.757325960738	2.662587827025453	0.30950799584388733	0.03291808068752289	0.27000629901885986	0.5668432248945126
177.65941395238022	4300	15.272741575736854	0.0	2155012	3648.9966298462346	2.662587827025453	0.3252200484275818	0.04467110335826874	0.2716147243976593	0.5905765936787971

