1.25635921087	750	4.0	1.256359210868177	450283	1256.35921087	-2.4256247690351955	0.529171614982	0.0851352410049	0.444036373977	0.358403071434
3.24820907196	1200	6.008150138911241	0.0	611087	1991.84986109	0.9162907318741551	0.358403071434	0.0576613162906	0.300741755144	0.306793705659
5.84942514101	1850	7.40693406986173	0.0	877771	2601.21606905	1.3862943611198906	0.330596329361	0.0531876566668	0.277408672694	0.337446400722
11.9040543425	2850	5.352304868394867	0.0	1520281	6054.62920147	1.8191584434161694	0.332848574938	0.0535500069225	0.279298568016	0.251093989312
15.6778256019	1850	5.578533608975479	0.0	996749	3773.77125942	1.3870250882258435	0.307794590867	0.0756008020735	0.232193788793	0.264125441496
19.28405823	1850	5.972300980868779	0.0	801058	3606.23262811	1.8191584434161694	0.297942532041	0.0731809299529	0.224761602088	0.222131537981
22.9137718807	1850	6.34258733019437	0.0	905515	3629.71365067	1.8191584434161694	0.270366108156	0.0687942177266	0.201571890429	0.249472847488
26.5373409756	1850	6.719018235272084	0.0	1060487	3623.56909492	1.8191584434161694	0.259843181934	0.0661166762163	0.193726505718	0.292663661771
30.1068489659	1850	7.149510244996938	0.0	852833	3569.50799028	1.8191584434161694	0.253860801629	0.06459446925	0.189266332379	0.238921723196
32.9451297748	1850	8.31122943602201	0.0	913888	2838.28080897	1.8191584434161694	0.251272292338	0.0639358272593	0.187336465079	0.321986463464
35.1179287297	1850	10.13843048117875	0.0	939819	2172.79895484	1.8191584434161694	0.260167707831	0.0661992513044	0.193968456527	0.432538407617
37.3159847128	1850	11.940374498099846	0.0	917428	2198.05598308	1.8191584434161694	0.293625925265	0.0836696052247	0.209956320041	0.417381543993
40.6566842306	2850	12.5996749802488	0.0	1422919	3340.69951785	1.8191584434161694	0.324340322983	0.0924217667697	0.231918556213	0.425934446482
45.4196189842	2850	11.836740226684167	0.0	1578343	4762.93475356	2.2512917986064953	0.348509923837	0.0993089684365	0.2492009554	0.33138035301
49.1175450786	2850	12.13881413224506	0.0	1231445	3697.92609444	2.2512917986064953	0.37939137164	0.108108731414	0.271282640226	0.333009629871
55.075285783	2850	10.181073427873566	0.0	1471065	5957.74070437	2.2512917986064953	0.382374128842	0.108958677199	0.273415451642	0.24691658684
61.2162924635	2850	8.040066747348238	0.0	1491626	6141.00668053	2.2512917986064953	0.337513648252	0.119565539967	0.217948108285	0.24289600673
65.0115288331	1850	8.244830377719227	0.0	885714	3795.23636963	1.3870250882258435	0.302383118742	0.107120411445	0.195262707296	0.233375187666
68.2216184559	1850	9.034740754987661	0.0	987708	3210.08962273	1.8191584434161694	0.270672897572	0.0958869406324	0.17478595694	0.307688605641
71.9294445999	1850	9.326914610967343	0.0	923755	3707.82614402	1.8191584434161694	0.267310495063	0.0946957962931	0.17261469877	0.249136546353
75.040854964	1850	10.215504246887958	0.0	891604	3111.41036408	1.8191584434161694	0.253603878176	0.0898401732458	0.16376370493	0.286559436291
77.4319152037	1850	11.824444007172072	0.0	955231	2391.06023972	1.8191584434161694	0.261021453654	0.0731740315076	0.187847422147	0.399501018056
80.8171666817	2850	12.439192529132715	0.0	1505760	3385.25147804	1.8191584434161694	0.285035934635	0.073370031102	0.211665903533	0.444800042114
84.2814964629	2850	12.974862747961366	0.0	1323990	3464.32978117	2.2512917986064953	0.322478628721	0.0852192614025	0.237259367319	0.382177818981
88.3635439975	2850	12.892815213339631	0.0	1383735	4082.04753462	2.2512917986064953	0.336214752515	0.0888492145837	0.247365537931	0.338980618982
92.7445651128	2850	12.511794098038171	0.0	1480464	4381.0211153	2.2512917986064953	0.362119270793	0.0956948276508	0.266424443142	0.337926698146
99.2128938064	2850	10.043465404511236	0.0	1547572	6468.32869353	2.2512917986064953	0.376586853882	0.0995180786675	0.277068775214	0.239253766054
104.158952028	2850	9.09740718301176	0.0	1141971	4946.0582215	2.2512917986064953	0.334365640381	0.121935923636	0.212429716746	0.230885070264
108.129713435	1850	9.126645775964617	0.0	972798	3970.76140705	1.3870250882258435	0.293484969548	0.107027626386	0.186457343162	0.244990292863
111.325734328	1850	9.930624882472662	0.0	975811	3196.02089349	1.8191584434161694	0.270243115525	0.0985518244643	0.171691291061	0.305320594739
114.909024063	1850	10.34733514778076	0.0	873429	3583.28973469	1.8191584434161694	0.265574855432	0.0968494108864	0.168725444546	0.243750593636
118.133957012	1850	11.12240219894206	0.0	954453	3224.93294884	1.8191584434161694	0.250370347255	0.0913046553131	0.159065691942	0.295960571938
120.313459389	1850	12.942899821520436	0.0	885062	2179.50237742	1.8191584434161694	0.260829892294	0.080722486699	0.180107405595	0.406084438892
123.866458708	2850	13.389900502400096	0.0	1587293	3552.99931912	1.8191584434161694	0.289001224041	0.076139621665	0.212861602376	0.446747341453
128.066477766	2850	13.189881445241324	0.0	1492672	4200.01905716	2.2512917986064953	0.323466063846	0.0852196519389	0.238246411907	0.355396482655
132.30828713	2850	12.94807208093014	0.0	1439896	4241.80936431	2.2512917986064953	0.333420353191	0.0878421869373	0.245578166253	0.339453255989
135.556182412	2850	13.700176798821834	0.0	1139291	3247.89528211	2.2512917986064953	0.361286171467	0.0951836536317	0.266102517835	0.350778242844
141.838951657	2850	11.417407554283189	0.0	1499009	6282.76924454	2.2512917986064953	0.375617320692	0.0989593064292	0.276658014263	0.238590491176
147.795026499	2850	9.461332711426785	0.0	1427478	5956.07484286	2.2512917986064953	0.332443270499	0.121276748544	0.211166521955	0.239667572632
152.98213469	2850	8.2742245209648	0.0	1402287	5187.10819046	2.2512917986064953	0.294564616604	0.107458451134	0.187106165469	0.270340804261
156.0905225	1850	9.165836710597553	0.0	858450	3108.38781037	1.3870250882258435	0.279963356064	0.102131847891	0.177831508173	0.276172103473
160.182002337	1850	9.074356874332175	0.0	1025005	4091.47983627	1.8191584434161694	0.269767235055	0.0984122586755	0.17135497638	0.250521826092
162.528684019	1850	10.727675191960511	0.0	886255	2346.68168237	1.8191584434161694	0.2541249409	0.0927058818488	0.161419059051	0.377663066388
164.780583621	1850	12.47577559030362	0.0	973972	2251.89960166	1.8191584434161694	0.275756449864	0.0769559782007	0.198800471663	0.432511289261
168.138421818	2850	13.117937392721545	0.0	1464921	3357.83819758	1.8191584434161694	0.307284336953	0.0817428739677	0.225541462985	0.436269085585
172.381325086	2850	12.875034124857036	0.0	1483527	4242.90326786	2.2512917986064953	0.336367293465	0.0894794363723	0.246887857093	0.349649027173
178.210691266	4300	11.04566794475236	0.0	1961140	5829.3661801	2.2512917986064953	0.354514799937	0.094306982576	0.260207817361	0.336424225106
186.942231178	4300	6.314128032590108	0.0	2155012	8731.53991216	2.662587827025453	0.382129984214	0.101653092535	0.280476891679	0.246807782096

