1.464606764188326	750	4.0	1.464606764188326	450283	1464.606764188326	-2.9795632608667924	0.11691102385520935	0.03431569039821625	0.07573219537734985	0.3074429334959022
3.3680013958253388	1200	6.0966053683629875	0.0	611087	1903.394631637013	0.9162907318741551	0.19198504090309143	0.025783909484744072	0.16104434952139854	0.3210511314064363
5.44634641370779	1200	8.018260350480535	0.0	571051	2078.3450178824514	1.3862943611198906	0.21537679433822632	0.03497861325740814	0.17340245842933655	0.27476236865706866
7.3733213375306015	1200	10.091285426657723	0.0	617681	1926.9749238228112	1.3862943611198906	0.18151602149009705	0.027971087023615837	0.14795071706175805	0.32054438922049866
9.538402975291547	1200	11.926203788896778	0.0	652874	2165.081637760945	1.3862943611198906	0.18775111436843872	0.03735648840665817	0.1429233282804489	0.30154705883293176
11.173979811462326	1200	14.290626952725999	0.0	520315	1635.57683617078	1.3862943611198906	0.16167230904102325	0.030838079750537872	0.12466661334037782	0.318123238537765
13.920198327250601	1850	15.544408436937726	0.0	905515	2746.2185157882736	1.3862943611198906	0.1707620471715927	0.03650414198637009	0.1269570767879486	0.3297315908381316
18.18766828401266	1850	15.276938480175664	0.0	1060487	4267.469956762061	1.8191584434161694	0.17961370944976807	0.03634459897875786	0.13600019067525865	0.2485048543387154
21.142885394113414	1850	16.321721370074908	0.0	852833	2955.217110100755	1.8191584434161694	0.1669379472732544	0.029808055609464645	0.13116828054189683	0.288585565197585
23.962802522372325	1850	17.501804241816	0.0	913888	2819.9171282589086	1.8191584434161694	0.18584293127059937	0.03070971556007862	0.14899127259850503	0.32408328274677295
28.525396310198524	2850	16.939210453989798	0.0	1354548	4562.5937878262	1.8191584434161694	0.21033380925655365	0.0355268269777298	0.1677016168832779	0.29688113011817346
38.03757706861633	2850	11.427029695571994	0.0	1519951	9512.180758417806	2.2512917986064953	0.17959213256835938	0.0337027832865715	0.13914879262447358	0.15978996179765811
41.946477926157584	1850	11.51812883803074	0.0	946851	3908.9008575412518	1.3870250882258435	0.15946219861507416	0.033546242862939835	0.11920670717954636	0.24222947434783018
46.010880091334634	1850	11.453726672853692	0.0	1036454	4064.402165177049	1.8191584434161694	0.1734999120235443	0.044230759143829346	0.12042300105094911	0.2550077373937358
48.542457540405216	1850	12.922149223783116	0.0	821631	2531.5774490705776	1.8191584434161694	0.18270260095596313	0.038867466151714325	0.13606164157390593	0.32455297794726634
51.72910638471228	1850	13.735500379476049	0.0	923170	3186.6488443070657	1.8191584434161694	0.19382694363594055	0.031377892941236496	0.15617347210645677	0.289699318972418
54.769790374086	1850	14.694816390102329	0.0	966699	3040.6839893737197	1.8191584434161694	0.184647798538208	0.029797907918691635	0.14889030903577805	0.31792156086535917
57.51880803920226	1850	15.945798724986068	0.0	885714	2749.017665116261	1.8191584434161694	0.17887237668037415	0.0346873439848423	0.13724756389856338	0.3221929095761345
60.57246557496649	1850	16.892141189221835	0.0	987708	3053.657535764233	1.8191584434161694	0.21064579486846924	0.03952875733375549	0.16321128606796265	0.3234508088847652
64.5681939425235	1850	16.896412821664835	0.0	923755	3995.7283675570006	1.8191584434161694	0.18653222918510437	0.035750143229961395	0.14363205730915068	0.23118563501472106
67.42466989886329	1850	18.039936865325043	0.0	891604	2856.4759563397924	1.8191584434161694	0.18452952802181244	0.03192877396941185	0.14621499925851822	0.31213425690530794
70.47536201833715	1850	18.989244745851174	0.0	955231	3050.692119473868	1.8191584434161694	0.1839911937713623	0.031090732663869858	0.14668231457471848	0.31311943735729786
73.75913747315167	1850	19.705469291036657	0.0	968026	3283.7754548145176	1.8191584434161694	0.18480950593948364	0.03158123046159744	0.14691202938556672	0.29479055840457224
81.3112501046622	2850	16.153356659526143	0.0	1323990	7552.112631510516	1.8191584434161694	0.19008751213550568	0.02765333652496338	0.1569035083055496	0.17531385780394348
86.01147846218183	1850	15.453128302006503	0.0	897976	4700.228357519639	1.3870250882258435	0.17218098044395447	0.03999330475926399	0.12418901473283768	0.19104944094117834
89.78029369146695	1850	15.684313072721364	0.0	905935	3768.8152292851364	1.8191584434161694	0.16813161969184875	0.03494081273674965	0.12620264440774917	0.24037660242946865
93.48799325260748	1850	15.976613511580839	0.0	1076599	3707.699561140526	1.8191584434161694	0.15544269979000092	0.03164063021540642	0.11747394353151322	0.2903684568414241
95.964141765143	1850	17.50046499904532	0.0	758197	2476.148512535517	1.8191584434161694	0.16859808564186096	0.03506966307759285	0.12651448994874953	0.3062001314386528
99.12621845397963	1850	18.338388310208696	0.0	972798	3162.0766888366275	1.8191584434161694	0.18442027270793915	0.03448110818862915	0.14304294288158417	0.3076452900191697
102.26473834592403	1850	19.199868418264284	0.0	975811	3138.519891944412	1.8191584434161694	0.1972949355840683	0.04096592590212822	0.14813582450151444	0.3109143907306748
104.90490518380057	1850	20.55970158038776	0.0	873429	2640.166837876525	1.8191584434161694	0.19050759077072144	0.03501513972878456	0.14848942309617996	0.3308234114108089
110.72468425436917	2850	18.739922509819163	0.0	1497683	5819.779070568596	1.8191584434161694	0.1939387321472168	0.027651410549879074	0.16075703948736192	0.2573436176596435
114.92619724016308	2850	18.53840952402524	0.0	1358081	4201.512985793924	2.2512917986064953	0.18335279822349548	0.03127148374915123	0.145827017724514	0.32323617815580197
120.25716586927118	2850	17.207440894917134	0.0	1587293	5330.968629108103	2.2512917986064953	0.19253790378570557	0.03006511926651001	0.15645976066589357	0.29774945426110333
129.806281310647	2850	11.658325453541321	0.0	1492672	9549.115441375812	2.2512917986064953	0.186473548412323	0.035756777971982956	0.14356541484594346	0.15631521151501962
133.7342895815804	1850	11.730317182607902	0.0	943942	3928.008270933419	1.3870250882258435	0.1674674153327942	0.03568687662482262	0.12464316338300704	0.24031059378998954
136.53373426821761	1850	12.93087249597071	0.0	728962	2799.4446866371914	1.8191584434161694	0.17345544695854187	0.037862036377191544	0.128021003305912	0.26039521462224685
139.57125930478344	1850	13.89334745940488	0.0	938587	3037.52503656583	1.8191584434161694	0.1921556293964386	0.03946877270936966	0.144793102145195	0.3089972884836364
142.6980754550205	1850	14.766531309167833	0.0	908665	3126.816150237047	1.8191584434161694	0.18486565351486206	0.03258707374334335	0.14576116502285003	0.2906039102846239
145.59797924277456	1850	15.866627521413765	0.0	930577	2899.9037877540677	1.8191584434161694	0.17217963933944702	0.032083217054605484	0.13367977887392044	0.32089926704800026
148.32361067953318	1850	17.140996084655146	0.0	858450	2725.6314367586174	1.8191584434161694	0.1822146773338318	0.039560072124004364	0.13474259078502654	0.3149545416972766
151.42648746610521	1850	18.038119298083135	0.0	1025005	3102.87678657201	1.8191584434161694	0.2020108997821808	0.02683233469724655	0.16981209814548492	0.3303402199003857
155.16048489560785	1850	18.30412186858048	0.0	886255	3733.997429502654	1.8191584434161694	0.19829432666301727	0.03853445500135422	0.15205298066139222	0.23734751207850827
158.47618487509857	1850	18.98842188908976	0.0	973972	3315.699979490719	1.8191584434161694	0.1852361261844635	0.027430545538663864	0.15231947153806685	0.29374551558479634
161.4930913804764	1850	19.97151538371195	0.0	958994	3016.906505377808	1.8191584434161694	0.1987469494342804	0.038947854191064835	0.1520095244050026	0.31787329116448865
166.88402691018214	2850	18.580579854006213	0.0	1483527	5390.935529705738	1.8191584434161694	0.20864447951316833	0.025897247716784477	0.17756778225302697	0.2751891562837847
175.04034506149262	2850	14.424261702695755	0.0	1231456	8156.318151310458	2.2512917986064953	0.19427618384361267	0.03801172226667404	0.14866211712360383	0.15098184954962118
180.6114672836752	2850	12.853139480513146	0.0	1364537	5571.122222182609	2.2512917986064953	0.15401825308799744	0.030365122482180595	0.11758010610938072	0.24493036511868388

