2.770887568956034	750	4.0	2.770887568956034	450283	2770.887568956034	-6.454270201548896	0.1473812460899353	0.036410506814718246	0.10368863791227341	0.1625049695428998
3.8739432143768844	300	6.89694435457915	0.0	155580	1103.0556454208506	-0.9162907318741551	0.12342599034309387	0.029221095144748688	0.08836067616939544	0.141044561664558
5.7494537551805935	750	9.02143381377544	0.0	350812	1875.5105408037089	0.0	0.11597996205091476	0.026381351053714752	0.08432234078645706	0.18704880210892721
7.804205258375095	750	10.966682310580937	0.0	382355	2054.751503194502	0.9162907318741551	0.13051219284534454	0.027842389419674873	0.0971013255417347	0.1860833290086691
11.677103216796112	1200	11.09378435215992	0.0	652874	3872.897958421017	0.9162907318741551	0.13421721756458282	0.031030459329485893	0.09698066636919975	0.16857505852443816
15.669210444465927	1200	11.101677124490106	0.0	520315	3992.1072276698133	1.3862943611198906	0.12242395430803299	0.03108847886323929	0.08511777967214584	0.13033592795144108
17.609123034453283	750	13.161764534502751	0.0	352642	1939.912589987356	0.44628710262841964	0.09607703983783722	0.03393441438674927	0.0553557425737381	0.1817824173213384
19.879269081888282	750	14.89161848706775	0.0	437162	2270.1460474349983	0.9162907318741551	0.10202881693840027	0.032023973762989044	0.06360004842281342	0.1925699892718102
21.713522567894664	750	17.057365001061367	0.0	374758	1834.2534860063838	0.9162907318741551	0.11197605729103088	0.03257550671696663	0.07288544923067093	0.2043109106015327
25.23396753939946	1200	17.536920029556576	0.0	560821	3520.4449715047945	0.9162907318741551	0.11755142360925674	0.032674241811037064	0.07834233343601227	0.15930400973155398
28.620995904383143	1200	18.14989166457289	0.0	607410	3387.028364983686	1.3862943611198906	0.11342513561248779	0.035872455686330795	0.07037818878889085	0.17933419344214013
31.403091824581633	1200	19.3677957443744	0.0	594078	2782.095920198489	1.3862943611198906	0.12194541096687317	0.036500055342912674	0.07814534455537797	0.21353613140614341
34.854249663680086	1200	19.916637905275945	0.0	624282	3451.157839098457	1.3862943611198906	0.13097873330116272	0.03149229288101196	0.09318798184394836	0.18089059646228195
38.07749372744738	1200	20.693393841508644	0.0	687371	3223.2440637673008	1.3862943611198906	0.131526380777359	0.031705357134342194	0.09347995221614838	0.21325440655480693
42.70705151227587	1850	20.063836056680163	0.0	821631	4629.55778482848	1.3862943611198906	0.13870403170585632	0.02744125761091709	0.10577452257275582	0.1774750501424923
49.04684791383686	1850	17.724039655119178	0.0	923170	6339.796401560987	1.8191584434161694	0.1282767355442047	0.035183586180210114	0.08605643212795258	0.14561508627827494
56.1673838329282	1850	14.603503736027832	0.0	966699	7120.535919091345	1.8191584434161694	0.12547464668750763	0.032347001135349274	0.0866582453250885	0.135762112709539
60.18870613090765	1200	14.58218143804839	0.0	581493	4021.3222979794423	0.9534302788236118	0.1052718237042427	0.03144697844982147	0.06753544956445695	0.14460243594306718
65.07430527703178	1200	13.696582291924251	0.0	639204	4885.599146124139	1.3862943611198906	0.11912311613559723	0.038935672491788864	0.07240030914545059	0.13083431138780502
69.05847677809574	1200	13.712410790860313	0.0	586839	3984.171501063938	1.3862943611198906	0.11286485195159912	0.03444140404462814	0.07153516709804536	0.1472926052112189
72.82004203834772	1200	13.950845530608332	0.0	601738	3761.56526025198	1.3862943611198906	0.11290201544761658	0.03221800550818443	0.07424040883779526	0.1599701077523485
76.66899201052367	1200	14.101895558432382	0.0	616206	3848.9499721759503	1.3862943611198906	0.11241977661848068	0.03294159471988678	0.07288986295461655	0.16009717051521885
80.112356064915	1200	14.658531504041047	0.0	656471	3443.364054391333	1.3862943611198906	0.10873943567276001	0.03357801213860512	0.06844582110643388	0.19064815384908268
83.38541145060547	1200	15.385476118350578	0.0	536667	3273.05538569047	1.3862943611198906	0.11469388008117676	0.03296951949596405	0.07513045668601989	0.163965144722654
87.68744941286342	1200	15.083438156092646	0.0	587236	4302.037962257932	1.3862943611198906	0.1210438534617424	0.03077080100774765	0.08411889225244523	0.13650181731352928
90.79531449901327	1200	15.975573069942778	0.0	590335	3107.8650861498672	1.3862943611198906	0.10573848336935043	0.030159765854477882	0.06954676434397697	0.1899487215937445
94.22624871538133	1200	16.544638853574725	0.0	696376	3430.934216368052	1.3862943611198906	0.11790713667869568	0.03308740258216858	0.07820225358009339	0.20296979075779997
97.56882716462327	1200	17.202060404332776	0.0	487160	3342.578449241948	1.3862943611198906	0.12156626582145691	0.03004191629588604	0.08551596626639366	0.14574377457333315
100.86787363470799	1200	17.903013934248055	0.0	622896	3299.046470084722	1.3862943611198906	0.12002704292535782	0.032977230846881866	0.08045436590909957	0.18881092026084847
104.00014405415601	1200	18.77074351480004	0.0	641447	3132.2704194480193	1.3862943611198906	0.12855219841003418	0.032950032502412796	0.08901215940713883	0.2047865969736541
107.04124125224867	1200	19.729646316707388	0.0	570392	3041.097198092649	1.3862943611198906	0.13571399450302124	0.03365796059370041	0.09532444179058075	0.18756125268134974
109.97086958418797	1200	20.800017984768097	0.0	620283	2929.6283319392946	1.3862943611198906	0.1258886754512787	0.030271420255303383	0.08956297114491463	0.21172754005604455
113.3536939041601	1200	21.41719366479596	0.0	584349	3382.824319972136	1.3862943611198906	0.1340150237083435	0.031264230608940125	0.09649794697761535	0.17273997841094307
117.87272153687887	1200	20.898166032077185	0.0	670129	4519.027632718777	1.3862943611198906	0.13285213708877563	0.033282045274972916	0.09291368275880814	0.1482905293935614
122.2808172727155	1200	20.49007029624057	0.0	690253	4408.095735836615	1.3862943611198906	0.1250922530889511	0.03479941561818123	0.08333295434713364	0.15658757009028446
126.60326198751756	1200	20.1676255814385	0.0	598727	4322.444714802069	1.3862943611198906	0.12255039066076279	0.03377557173371315	0.08201970458030701	0.13851582599765339
130.400248182191	1200	20.370639386765056	0.0	487812	3796.9861946734477	1.3862943611198906	0.12171067297458649	0.03270818665623665	0.08246084898710251	0.12847347211436289
134.72158070409878	1200	20.049306864857282	0.0	575591	4321.332521907774	1.3862943611198906	0.11029738187789917	0.03647114709019661	0.06653200536966325	0.13319757206415792
139.12561325113896	1200	19.645274317817115	0.0	605884	4404.032547040166	1.3862943611198906	0.10933566093444824	0.03515743836760521	0.06714673489332199	0.13757482342113903
142.7958120720458	1200	19.975075496910257	0.0	587506	3670.198820906859	1.3862943611198906	0.112466961145401	0.03690570592880249	0.06818011403083801	0.16007470675793928
146.31373296233778	1200	20.45715460661828	0.0	566904	3517.920890291979	1.3862943611198906	0.10900704562664032	0.03452175110578537	0.06758094429969788	0.16114745546564815
150.0675447157995	1200	20.703342853156546	0.0	641452	3753.811753461733	1.3862943611198906	0.11676231026649475	0.03386524319648743	0.07612401843070984	0.17088017250957202
153.4693686452922	1200	21.301518923663846	0.0	599477	3401.823929492696	1.3862943611198906	0.1049773320555687	0.030835378915071487	0.06797487735748292	0.17622223031672254
158.25706130848297	1200	20.51382626047307	0.0	634861	4787.692663190776	1.3862943611198906	0.11186744272708893	0.03374646231532097	0.07137168794870377	0.13260270544953787
161.6218154811555	1200	21.14907208780054	0.0	630203	3364.75417267253	1.3862943611198906	0.11422885954380035	0.029423868283629417	0.07892021760344506	0.18729540633854014
164.88273409576703	1200	21.88815347318902	0.0	638661	3260.9186146115226	1.3862943611198906	0.12482012063264847	0.036040470004081726	0.0815715566277504	0.1958530940141493
169.9313705559225	1850	20.839517013033543	0.0	830730	5048.636460155477	1.3862943611198906	0.11285223066806793	0.033686570823192596	0.07242834568023682	0.1645454186603123
176.73966341252282	2850	18.031224156433225	0.0	1364537	6808.292856600318	1.8191584434161694	0.1221514493227005	0.030737636610865593	0.0852662853896618	0.20042278273578462

