4.955564253110452	750	4.0	4.955564253110452	450283	4955.564253110451	-12.265510181399648	0.05370192974805832	0.022579044103622437	0.026607076823711395	0.09086412303450038
8.057434449965617	300	4.898129803144833	0.0	155580	3101.870196855167	-0.9162907318741551	0.08271268755197525	0.02568609081208706	0.05188937857747078	0.05015683769028598
12.58950370043541	300	4.366060552675044	0.0	139857	4532.06925046979	0.0	0.06051483005285263	0.022773342207074165	0.03318681940436363	0.03085941371824858
17.050061772103547	300	4.0	0.09449751899309194	155432	4460.558071668135	-0.2513634005216246	0.039017513394355774	0.01716185361146927	0.01842328906059265	0.03484586401581639
21.252636180227093	300	4.0	0.20257440812354435	163442	4202.574408123544	-0.538847925608628	0.036987029016017914	0.01750999689102173	0.01597503274679184	0.03889092354535541
23.814272660796355	300	5.4383635194307365	0.0	126289	2561.6364805692638	0.0	0.035576798021793365	0.01667790673673153	0.015563309937715531	0.04930012550880569
27.359021056405304	300	5.893615123821788	0.0	153295	3544.7483956089477	0.0	0.042073290795087814	0.01874553970992565	0.019578643143177032	0.04324566454135193
31.533364258771158	300	5.719271921455934	0.0	173849	4174.343202365854	0.0	0.038795724511146545	0.019918492063879967	0.014893534034490587	0.04164703081947579
35.24705226156421	300	6.005583918662889	0.0	150710	3713.6880027930442	0.0	0.03977086395025253	0.019619451835751534	0.016227521747350693	0.04058229982880948
39.917180549835514	300	5.335455630391578	0.0	139105	4670.128288271311	0.0	0.0412050224840641	0.018607379868626595	0.01887616664171219	0.029786119655289156
45.45287491097701	300	4.0	0.20023873074991025	141840	5535.694361141488	-0.5326350237947612	0.043429404497146606	0.021617120131850243	0.017488860338926316	0.025622801900997996
48.87121846285104	300	4.5816564481259725	0.0	156148	3418.343551874027	0.0	0.033688679337501526	0.018136002123355865	0.011925476789474487	0.045679434389909554
51.521290730783576	300	5.931584180193429	0.0	160746	2650.0722679325436	0.0	0.04777234047651291	0.01953907310962677	0.024325452744960785	0.06065721374662968
53.69783046723043	300	7.755044443746576	0.0	179801	2176.5397364468536	0.0	0.04951195418834686	0.021794429048895836	0.02335863932967186	0.08260864572751637
55.8132224360009	300	9.639652474976108	0.0	140051	2115.3919687704674	0.0	0.05702744424343109	0.023325225338339806	0.029037173837423325	0.06620569713205542
58.43242303128215	300	11.020451879694862	0.0	138313	2619.200595281248	0.0	0.054485779255628586	0.022968823090195656	0.0269231915473938	0.05280733375259028
61.10268585534568	300	12.350189055631322	0.0	143509	2670.2628240635395	0.0	0.05220392718911171	0.023175755515694618	0.02439302057027817	0.05374339885450361
62.53360976625289	300	14.919265144724124	0.0	150616	1430.9239109071982	0.0	0.05262963846325874	0.021924661472439766	0.026320044696331025	0.10525786790753272
63.761694971375626	300	17.691179939601383	0.0	165384	1228.0852051227403	0.0	0.07050584256649017	0.02755681797862053	0.03743766099214554	0.13466818044068105
64.85831935108338	300	20.594555559893635	0.0	140881	1096.6243797077523	0.0	0.07048647105693817	0.027208195999264717	0.03783663585782051	0.1284678715947793
68.51650129695234	750	20.936373614024685	0.0	386472	3658.1819458689506	0.0	0.07958906888961792	0.02982170134782791	0.043803027272224425	0.10564592076575866
72.21842119744919	750	21.234453713527824	0.0	399894	3701.9199004968605	0.9162907318741551	0.08081373572349548	0.02814020961523056	0.04704548418521881	0.10802340697493953
75.89750926727535	750	21.555365643701666	0.0	401853	3679.088069826156	0.9162907318741551	0.08574213832616806	0.0299556665122509	0.04979533851146698	0.10922625182467795
78.29629628676254	750	23.15657862421447	0.0	343800	2398.7870194871944	0.9162907318741551	0.08161690831184387	0.03134702518582344	0.044000478088855745	0.14332243638432585
91.3472198765772	1200	14.105655034399811	0.0	587236	13050.92358981466	0.9162907318741551	0.0901474580168724	0.03160941228270531	0.052216163277626036	0.04499574271190254
99.98048747838136	750	9.47238743259566	0.0	379700	8633.267601804151	0.44628710262841964	0.07434464991092682	0.02848857454955578	0.04015836045145989	0.043981029838650154
102.73589720923779	300	10.71697770173923	0.0	181901	2755.4097308564315	-0.9162907318741551	0.06412061303853989	0.02791566401720047	0.030621816217899327	0.06601595325841499
104.00781208080907	300	13.445062830167956	0.0	111155	1271.914871571275	0.0	0.07092609256505966	0.030549436807632446	0.034266768395900725	0.08739185497743522
106.03257590810873	300	15.420299002868298	0.0	153605	2024.763827299658	0.0	0.07973303645849228	0.028865613043308258	0.045094300806522374	0.07586316879478062
108.13915974800288	300	17.31371516297414	0.0	149029	2106.5838398941546	0.0	0.07384716719388962	0.030826538801193237	0.036855320632457736	0.07074439534649045
109.81671220206024	300	19.63616270891679	0.0	157421	1677.5524540573556	0.0	0.07078404724597931	0.03019309975206852	0.03455232754349709	0.09383968866026157
111.46252945434364	300	21.9903454566334	0.0	157488	1645.8172522833895	0.0	0.0743357241153717	0.030672917142510414	0.03752822354435921	0.09568984635536103
113.47994131180279	300	23.97293359917424	0.0	143881	2017.4118574591585	0.0	0.07047074288129807	0.02886529453098774	0.03583238944411278	0.07131959667433094
117.40294558328704	750	24.049929327689995	0.0	412837	3923.004271484247	0.0	0.07083631306886673	0.026625555008649826	0.03888564705848694	0.10523490963312293
120.26008560362841	750	25.19278930734862	0.0	401088	2857.1400203413777	0.9162907318741551	0.07098355889320374	0.028514070436358452	0.03676667436957359	0.1403809393814998
124.35996896355695	1200	25.092905947420068	0.0	598727	4099.883359928548	0.9162907318741551	0.08943699300289154	0.032572295516729355	0.05035023838281632	0.14603513013366176
127.74218021709628	1200	25.71069469388074	0.0	487812	3382.211253539328	1.3862943611198906	0.08774033188819885	0.031419526785612106	0.050036899745464325	0.14422872003915405
134.26340059794805	1200	23.189474313028967	0.0	575591	6521.220380851774	1.3862943611198906	0.09263042360544205	0.03306739404797554	0.0529495507478714	0.08826430735113705
150.658214757735	1200	10.794660153242027	0.0	605884	16394.81415978694	1.3862943611198906	0.08731140196323395	0.03068210929632187	0.05049287080764771	0.03695583213660983
153.89119260414387	300	11.561682306833164	0.0	149991	3232.977846408863	-1.3862943611198906	0.07027304172515869	0.03156120330095291	0.0323995977640152	0.046394069840783925
157.66184392117833	300	11.791030989798701	0.0	147968	3770.6513170344642	0.0	0.06520024687051773	0.028266599401831627	0.03128032758831978	0.03924202679031421
161.2314012389214	300	12.221473672055653	0.0	161857	3569.557317743048	0.0	0.05677042528986931	0.026738714426755905	0.024683967977762226	0.0453437178877796
165.6862137392312	300	11.766661171745849	0.0	145210	4454.812500309805	0.0	0.056885696947574615	0.027940252795815468	0.023357393592596053	0.0325962091535618
172.21617453332274	300	9.23670037765429	0.0	172312	6529.960794091557	0.0	0.05591921508312225	0.02848653495311737	0.02173537313938141	0.026387907283595247
176.2955309955548	300	9.157343915422244	0.0	167025	4079.356462232049	0.0	0.04958641156554222	0.025182778015732765	0.019367077946662904	0.04094395808416582
178.98731794537497	300	10.465556965602063	0.0	160064	2691.7869498201794	0.0	0.05088868737220764	0.024382615461945534	0.021629548817873004	0.0594638442729254
180.8318486100026	300	12.621026300974426	0.0	137507	1844.5306646276365	0.0	0.05571489408612251	0.02211412787437439	0.029177940636873245	0.07454850311624346
185.61591331219347	750	11.836961598783562	0.0	314107	4784.064702190864	0.0	0.05689314752817154	0.025075675919651985	0.02680233642458916	0.0656569297351172

