4.95556425311	750	4.0	4.955564253110452	450283	4955.56425311	-12.265510181399648	0.0476519466049	0.0122245009049	0.0354274457001	0.0908641230345
8.05743444997	300	4.898129803144833	0.0	155580	3101.87019686	-0.9162907318741551	0.0908641230345	0.0233100352324	0.0675540878021	0.0501568376903
12.5895037004	300	4.366060552675044	0.0	139857	4532.06925047	0.0	0.0646351726366	0.0289566698926	0.035678502744	0.0308594137182
17.0500617721	300	4.0	0.09449751899309194	155432	4460.55807167	-0.2513634005216246	0.0473575082385	0.0247471417804	0.0226103664581	0.0348458640158
21.2526361802	300	4.0	0.20257440812354435	163442	4202.57440812	-0.538847925608628	0.0434566563135	0.022708712411	0.0207479439025	0.0388909235454
23.8142726608	300	5.4383635194307365	0.0	126289	2561.63648057	0.0	0.0424597156527	0.0221877510514	0.0202719646013	0.0493001255088
27.3590210564	300	5.893615123821788	0.0	153295	3544.74839561	0.0	0.0393585629197	0.0205672125303	0.0187913503894	0.0432456645414
31.5333642588	300	5.719271921455934	0.0	173849	4174.34320237	0.0	0.038395556361	0.0200639837767	0.0183315725843	0.0416470308195
35.2470522616	300	6.005583918662889	0.0	150710	3713.68800279	0.0	0.0410408970587	0.0108428234862	0.0301980735725	0.0405822998288
39.9171805498	300	5.335455630391578	0.0	139105	4670.12828827	0.0	0.042454491167	0.00517284201026	0.0372816491568	0.0297861196553
45.452874911	300	4.0	0.20023873074991025	141840	5535.69436114	-0.5326350237947612	0.0397984878297	0.0118758231596	0.02792266467	0.025622801901
48.8712184629	300	4.5816564481259725	0.0	156148	3418.34355187	0.0	0.0346316201244	0.0123353171654	0.0222963029589	0.0456794343899
51.5212907308	300	5.931584180193429	0.0	160746	2650.07226793	0.0	0.0349296869979	0.0124414845757	0.0224882024222	0.0606572137466
53.6978304672	300	7.755044443746576	0.0	179801	2176.53973645	0.0	0.0368678594056	0.0131318355118	0.0237360238938	0.0826086457275
55.813222436	300	9.639652474976108	0.0	140051	2115.39196877	0.0	0.0406228397777	0.0144770460172	0.0261457937605	0.0662056971321
58.4324230313	300	11.020451879694862	0.0	138313	2619.20059528	0.0	0.0477941911497	0.0170327507485	0.0307614404012	0.0528073337526
61.1026858553	300	12.350189055631322	0.0	143509	2670.26282406	0.0	0.0591546217354	0.021081346988	0.0380732747473	0.0537433988545
62.5336097663	300	14.919265144724124	0.0	150616	1430.92391091	0.0	0.0615464181997	0.0219337282511	0.0396126899486	0.105257867908
63.7616949714	300	17.691179939601383	0.0	165384	1228.08520512	0.0	0.0673365411523	0.0239971949336	0.0433393462187	0.134668180441
66.9176363289	750	18.53523858202893	0.0	350713	3155.94135757	0.0	0.071865640956	0.0239546323386	0.0479110086174	0.111127857037
70.2860577033	750	19.166817207685504	0.0	386472	3368.42137434	0.9162907318741551	0.0787792613545	0.0262591165479	0.0525201448066	0.114733864042
74.1362512281	750	19.316623682858182	0.0	399894	3850.19352483	0.9162907318741551	0.0939010529799	0.0312995914379	0.062601461542	0.103863350614
79.8528482139	1200	17.600026697049643	0.0	656471	5716.59698581	0.9162907318741551	0.112946777026	0.0376480120611	0.0752987649648	0.114835977003
92.9197373683	1200	8.533137542725763	0.0	536667	13066.8891543	1.3862943611198906	0.115005363787	0.0383341909964	0.0766711727905	0.0410707547651
96.4398982533	300	9.012976657681318	0.0	146754	3520.16088504	-1.3862943611198906	0.0827831023345	0.0532195725762	0.0295635297583	0.0416895718101
99.8236454222	300	9.629229488816451	0.0	153938	3383.74716886	0.0	0.0663244593373	0.0426386457833	0.0236858135541	0.045493351695
102.642515039	300	10.810359871947062	0.0	181901	2818.86961687	0.0	0.0564000645227	0.0362584542319	0.0201416102908	0.064529767149
103.894789024	300	13.558085887270938	0.0	111155	1252.27398468	0.0	0.0528982587015	0.0340072145006	0.0188910442008	0.0887625243039
105.919552851	300	15.53332205997128	0.0	153605	2024.7638273	0.0	0.0515044378596	0.0331111554335	0.0183932824261	0.0758631687948
108.017107536	300	17.435767374906696	0.0	149029	2097.55468506	0.0	0.0581988065204	0.0288898865202	0.0293089200002	0.0710489223767
111.743315297	750	17.709559613724284	0.0	358218	3726.20776118	0.0	0.0657891190901	0.0206629686115	0.0451261504786	0.0961347361604
116.416399002	750	17.036475908903437	0.0	400322	4673.08370482	0.9162907318741551	0.077614149518	0.0223352818035	0.0552788677145	0.0856654888478
119.147412368	750	18.305462543177335	0.0	369834	2731.01336573	0.9162907318741551	0.0825112036821	0.0237445233586	0.0587666803236	0.135420062253
121.754780795	750	19.698094116398078	0.0	412837	2607.36842678	0.9162907318741551	0.0881581623837	0.0247670284788	0.0633911339049	0.158334739257
126.580018978	1200	18.872855933014026	0.0	690253	4825.23818338	0.9162907318741551	0.100300194399	0.0308025196381	0.0694976747608	0.143050554971
132.479339645	1200	16.973535266209133	0.0	598727	5899.3206668	1.3862943611198906	0.116915091055	0.035905009056	0.0810100819991	0.101490838321
145.148599645	1200	8.30427526606403	0.0	487812	12669.2600001	1.3862943611198906	0.118435371354	0.0363718921367	0.082063479217	0.0385035905802
148.333032625	300	9.119842285944658	0.0	124011	3184.43298012	-1.3862943611198906	0.0884714465281	0.0597091915006	0.0287622550276	0.0389428826966
151.372101618	300	10.080773293054023	0.0	144254	3039.06899289	0.0	0.0668363310201	0.04510769796	0.0217286330601	0.047466510414
154.805626105	300	10.647248806320643	0.0	149991	3433.52448673	0.0	0.0558276447196	0.0376779589393	0.0181496857803	0.0436842668749
158.451180635	300	11.001694275802937	0.0	147968	3645.55453052	0.0	0.0474102776184	0.0319970957467	0.0154131818717	0.0405886124488
162.170640047	300	11.282234863883138	0.0	161857	3719.45941192	0.0	0.0415811788667	0.0280630493702	0.0135181294965	0.0435162699938
166.916647427	300	10.536227484301865	0.0	145210	4746.00737958	0.0	0.0426420982816	0.0238721301564	0.0187699681251	0.0305962440397
173.624408332	300	7.82846657935959	0.0	172312	6707.76090494	0.0	0.0402381664669	0.011661413098	0.0285767533689	0.0256884528894
176.989409107	300	8.463465804238508	0.0	167025	3365.00077512	0.0	0.0351813767342	0.0127212296108	0.0224601471234	0.0496359469617
179.528695657	300	9.924179253948262	0.0	160064	2539.28655029	0.0	0.0358742338418	0.0129717597257	0.0229024741161	0.0630350284735
181.179377788	300	12.273497123260244	0.0	137507	1650.68213069	0.0	0.038284094073	0.0138431407851	0.0244409532879	0.0833031371962
186.353983246	750	11.098891665084826	0.0	314107	5174.60545818	0.0	0.0417965910294	0.01511322412	0.0266833669094	0.0607016327213

