2.0819901499094136	750	4.0	2.0819901499094136	450283	2081.9901499094135	-4.621803066884885	0.09978071600198746	0.034224387258291245	0.05871145129203797	0.21627527873731373
4.196955087944953	750	5.885035061964461	0.0	398865	2114.964938035539	0.9162907318741551	0.1341836154460907	0.029220253229141235	0.09911931157112122	0.18859177891170206
6.906305159566101	750	7.175684990343312	0.0	350812	2709.350071621149	0.9162907318741551	0.1398191601037979	0.02835787646472454	0.10578970834612847	0.12948197564964
9.464740389072846	750	8.617249760836568	0.0	382355	2558.4352295067442	0.9162907318741551	0.11033816635608673	0.033125121146440506	0.07058802098035813	0.14944877071354137
12.237136785645847	750	9.844853364263567	0.0	411561	2772.3963965730013	0.9162907318741551	0.10463903844356537	0.03267386928200722	0.06543039530515671	0.14844955090431383
14.957854000185762	750	11.124136149723654	0.0	318564	2720.7172145399136	0.9162907318741551	0.09585153311491013	0.030935192480683327	0.058729302138090134	0.1170882436063355
17.942199756893256	750	12.13979039301616	0.0	352642	2984.3457567074947	0.9162907318741551	0.08182349801063538	0.029380159452557564	0.046567306667566304	0.11816392226249793
20.735279431840237	750	13.346710718069179	0.0	437162	2793.07967494698	0.9162907318741551	0.08617784082889557	0.029046669602394104	0.05132183730602265	0.15651612230084289
22.566990085168737	750	15.515000064740677	0.0	374758	1831.710653328501	0.9162907318741551	0.10091984272003174	0.031779803335666656	0.06278407871723175	0.20459454080206765
24.276084510359052	750	17.805905639550364	0.0	362795	1709.0944251903138	0.9162907318741551	0.11079618334770203	0.03264253959059715	0.07162513583898544	0.21227323350469737
25.932006750693628	750	20.149983399215788	0.0	353220	1655.922240334579	0.9162907318741551	0.12282603979110718	0.030399324372410774	0.08634685054421426	0.2133071175664818
28.71735823466073	1200	21.364631915248687	0.0	594078	2785.3514839671006	0.9162907318741551	0.13274958729743958	0.032893575727939606	0.09327729642391205	0.21328654692939175
31.339137497828865	1200	22.74285265208055	0.0	624282	2621.7792631681364	1.3862943611198906	0.1281941533088684	0.03389858081936836	0.08751585632562638	0.2381138674678595
35.465661994957046	1850	22.61632815495237	0.0	1036454	4126.524497128179	1.3862943611198906	0.13511943817138672	0.033795878291130066	0.09456438422203065	0.25116875005135963
38.87512492068665	1850	23.206865229222764	0.0	821631	3409.4629257296056	1.8191584434161694	0.13410893082618713	0.026801856234669685	0.10194670334458351	0.24098546249015912
43.05773241449203	1850	23.024257735417383	0.0	923170	4182.607493805382	1.8191584434161694	0.14717482030391693	0.03435560688376427	0.1059480920433998	0.22071638358781068
47.8772760249836	1850	22.204714124925815	0.0	966699	4819.54361049157	1.8191584434161694	0.14735206961631775	0.03234465420246124	0.10853848457336426	0.20057895064910541
53.213574259032306	1850	20.868415890877102	0.0	885714	5336.298234048711	1.8191584434161694	0.15016943216323853	0.03548472002148628	0.10758776813745499	0.16597910408166947
63.345162701069654	1850	14.736827448839753	0.0	987708	10131.58844203735	1.8191584434161694	0.13216271996498108	0.03353960067033768	0.09191519916057586	0.09748797097816014
70.86654920924879	1850	11.215440940660628	0.0	923755	7521.386508179124	1.8191584434161694	0.12597176432609558	0.040461160242557526	0.07741837203502655	0.12281711609893516
75.38182760130273	1850	10.70016254860668	0.0	891604	4515.278392053949	1.8191584434161694	0.13016602396965027	0.03413219749927521	0.08920738697052003	0.1974637934992131
79.84286735039761	1200	10.239122799511799	0.0	616206	4461.039749094883	0.9534302788236118	0.12559068202972412	0.03422462195158005	0.08452113568782807	0.13813057821890612
84.02278801609565	1200	10.059202133813779	0.0	656471	4179.9206656980205	1.3862943611198906	0.12020803987979889	0.03275388851761818	0.08090337365865707	0.15705345926472827
88.86614079506069	1200	9.21584935484874	0.0	536667	4843.352778965041	1.3862943611198906	0.11988256871700287	0.028372732922434807	0.0858352892100811	0.11080485450714546
91.15218322270654	750	10.92980692720287	0.0	359903	2286.0424276458684	0.44628710262841964	0.11233930289745331	0.03327626734972	0.0724077820777893	0.15743496080718966
93.21057606601684	750	12.871414083892564	0.0	379700	2058.392843310306	0.9162907318741551	0.10861946642398834	0.032832615077495575	0.06922032833099365	0.18446430244547815
95.27300703890226	750	14.808983111007146	0.0	425781	2062.4309728854178	0.9162907318741551	0.12136539071798325	0.034139860421419144	0.08039755821228028	0.20644618200448983
97.47290812972342	1200	16.609082020185983	0.0	487160	2199.9010908211617	0.9162907318741551	0.12197347730398178	0.03163108974695206	0.08401616960763932	0.22144631957892105
100.38854515033792	1200	17.693444999571497	0.0	622896	2915.6370206144857	1.3862943611198906	0.12229007482528687	0.03285312280058861	0.08286632746458053	0.2136397622872553
103.04011316916487	1200	19.04187698074455	0.0	641447	2651.5680188269466	1.3862943611198906	0.12283147126436234	0.02970331907272339	0.08718748837709428	0.2419123309096842
105.34288967641992	1200	20.73910047348949	0.0	570392	2302.77650725506	1.3862943611198906	0.12548108398914337	0.03484725579619408	0.08366437703371049	0.2476975069890368
107.83508590198659	1200	22.24690424792282	0.0	620283	2492.196225566669	1.3862943611198906	0.13639646768569946	0.0350581631064415	0.09432667195796968	0.24889011291996546
111.95207070295173	1850	22.129919446957675	0.0	885062	4116.984800965141	1.3862943611198906	0.14790822565555573	0.03863326832652092	0.10154830366373063	0.21497820438698623
116.26710189611292	1850	21.814888253796493	0.0	1035329	4315.031193161184	1.8191584434161694	0.15511846542358398	0.03271277993917465	0.1158631294965744	0.23993546133359928
121.74856894813023	1850	20.33342120177919	0.0	1026056	5481.467052017305	1.8191584434161694	0.15564677119255066	0.03768981620669365	0.11041899174451827	0.1871863846417517
131.04767364722395	1850	15.034316502685456	0.0	943942	9299.10469909373	1.8191584434161694	0.15669099986553192	0.03917255997657776	0.10968392789363862	0.10150891193772606
136.98059879902962	1850	13.101391350879792	0.0	728962	5932.925151805665	1.8191584434161694	0.12931525707244873	0.033012211322784424	0.08970060348510742	0.12286721665081901
141.89833332596254	1200	12.18365682394688	0.0	575591	4917.7345269329135	0.9534302788236118	0.11809079349040985	0.04127603769302368	0.06855954825878144	0.11704393493541912
145.00960672758214	1200	13.072383422327283	0.0	605884	3111.2734016195973	1.3862943611198906	0.11735881865024567	0.037451643496751785	0.07241684645414354	0.19473827008729044
148.3929164525712	1200	13.68907369733822	0.0	587506	3383.309724989063	1.3862943611198906	0.12806516885757446	0.03800623118877411	0.08245769143104553	0.17364830528541078
152.54894393404663	1200	13.533046215862795	0.0	566904	4156.027481475425	1.3862943611198906	0.12365102022886276	0.032280128449201584	0.08491486608982086	0.13640525779168916
157.0923633390225	1200	12.989626810886934	0.0	641452	4543.419404975862	1.3862943611198906	0.1157163605093956	0.034087494015693665	0.07481136769056321	0.1411826518365209
160.45167833351906	750	13.63031181639037	0.0	372093	3359.314994496565	0.44628710262841964	0.11132942885160446	0.036996085196733475	0.0669341266155243	0.11076454592962717
163.25454922365114	750	14.82744092625827	0.0	438281	2802.870890132101	0.9162907318741551	0.08935239911079407	0.029563704505562782	0.05387595370411873	0.15636860104510328
165.22706140286954	750	16.854928747039892	0.0	398987	1972.5121792183768	0.9162907318741551	0.10965977609157562	0.03320872411131859	0.06980930715799333	0.20227352926059078
168.17072543174436	1200	17.91126471816506	0.0	638661	2943.664028874833	0.9162907318741551	0.11868893355131149	0.03405546396970749	0.07782237678766252	0.21696124073103465
171.95811627848073	1850	18.123873871428682	0.0	830730	3787.3908467363785	1.3862943611198906	0.12442374974489212	0.032769449055194855	0.0851004108786583	0.2193409747282475
175.38330591686045	1850	18.69868423304898	0.0	846370	3425.189638379702	1.8191584434161694	0.11709706485271454	0.03713320568203926	0.07253721803426744	0.24710164672820226

