2.4233231946	750	4.0	2.4233231946025673	450283	2423.3231946	-5.5297489657686745	0.168275585152	0.0609299306267	0.107345654526	0.185812194181
4.70626921988	750	5.717053974723593	0.0	398865	2282.94602528	0.9162907318741551	0.185812194181	0.0672796596774	0.118532534504	0.174715037317
6.6800812509	750	7.743241943704138	0.0	350812	1973.81203102	0.9162907318741551	0.180092828525	0.0533506273838	0.126742201141	0.177733236239
9.38985696773	1200	9.033466226875662	0.0	617681	2709.77571683	0.9162907318741551	0.179299367095	0.0531155726875	0.126183794407	0.22794543333
12.2968230393	1200	10.12650015531764	0.0	652874	2906.96607156	1.3862943611198906	0.189404625422	0.0333119057096	0.156092719713	0.224589480554
15.7779482945	1850	10.645374900078002	0.0	801058	3481.12525524	1.3862943611198906	0.195531122718	0.0343894152994	0.161141707419	0.230114673063
21.0614852089	1850	9.361837985700625	0.0	905515	5283.53691438	1.8191584434161694	0.203788360053	0.0358416729246	0.167946687128	0.171384247839
27.1618364623	1850	7.261486732323572	0.0	1060487	6100.35125338	1.8191584434161694	0.202868609161	0.0356799099532	0.167188699207	0.173840317705
30.5708471311	1850	7.852476063463384	0.0	852833	3409.01066886	1.8191584434161694	0.20183679532	0.0354984376936	0.166338357627	0.250170234957
34.0898573429	1850	8.333465851654315	0.0	913888	3519.01021181	1.8191584434161694	0.205062978025	0.0332036082424	0.171859369783	0.259700297809
37.6755015006	1850	8.747821693955139	0.0	939819	3585.6441577	1.8191584434161694	0.210253849694	0.036545759014	0.17370809068	0.262106042503
40.4127530902	1850	10.010570104418658	0.0	917428	2737.25158954	1.8191584434161694	0.215050362599	0.0373794759945	0.177670886604	0.335163929946
44.1328565335	1850	10.290466661098234	0.0	946851	3720.10344332	1.8191584434161694	0.245108368151	0.0646657053343	0.180442662817	0.254522761108
48.3630570048	1850	10.060266189768095	0.0	1036454	4230.20047133	1.8191584434161694	0.269169490155	0.0710136298757	0.198155860279	0.24501297445
50.5244423482	1850	11.898880846446295	0.0	821631	2161.38534332	1.8191584434161694	0.267955784669	0.0706934240749	0.197262360594	0.380140914039
52.0244081667	1850	14.398915027926064	0.0	923170	1499.96581852	1.8191584434161694	0.286700437212	0.0756387312755	0.211061705937	0.615460691571
58.6229753676	2850	11.800347826974855	0.0	1491626	6598.56720095	1.8191584434161694	0.327882711287	0.114162690446	0.213720020842	0.226053013416
64.6915613945	2850	9.731761800053807	0.0	1358801	6068.58602692	2.2512917986064953	0.299589887651	0.104311653	0.195278234651	0.22390734744
71.888758272	2850	6.534564922633826	0.0	1537156	7197.19687742	2.2512917986064953	0.290247230929	0.101058712877	0.189188518052	0.213577039253
77.5945959875	1850	4.828727207116614	0.0	923755	5705.83771552	1.3870250882258435	0.280466706638	0.0976533153717	0.182813391266	0.16189647271
81.0058514012	1200	5.417471793441345	0.0	601738	3411.25541368	0.9534302788236118	0.233933326831	0.0988977608727	0.135035565959	0.176397814596
83.476673005	1200	6.946650189593942	0.0	616206	2470.82160385	1.3862943611198906	0.196712411202	0.0831622294577	0.113550181744	0.249393156932
86.1298628179	1200	8.293460376678889	0.0	656471	2653.18981292	1.3862943611198906	0.19996953513	0.084539212668	0.115430322462	0.247427076949
88.1378216537	1200	10.285501540905985	0.0	536667	2007.95883577	1.3862943611198906	0.203423449776	0.0859993912127	0.117424058563	0.267269921295
90.4552819664	1200	11.968041228199644	0.0	587236	2317.46031271	1.3862943611198906	0.211517955203	0.089421428051	0.122096527152	0.253396356684
92.1923970803	1200	14.230926114350504	0.0	590335	1737.11511385	1.3862943611198906	0.233554766924	0.0574424060569	0.176112360867	0.339836430697
97.8222466096	2850	12.601076585052356	0.0	1547572	5629.8495293	1.3862943611198906	0.26763955273	0.0637615405162	0.203878012214	0.274886920502
102.369880166	2850	12.05344302841919	0.0	1141971	4547.63355663	2.2512917986064953	0.273075284665	0.065056530881	0.208018753784	0.251113240717
105.226699698	2850	13.19662349621937	0.0	1498470	2856.8195322	2.2512917986064953	0.273962976152	0.0652680114941	0.208694964658	0.524523857076
111.869716651	2850	10.553606543904188	0.0	1561263	6643.01695232	2.2512917986064953	0.304588385786	0.0984639878972	0.206124397889	0.235023184678
117.89392578	2850	8.529397414760963	0.0	1341201	6024.20912914	2.2512917986064953	0.298969587836	0.0966476046102	0.202321983226	0.222635199285
122.195151689	1850	8.228171505378942	0.0	954453	4301.22590938	1.3870250882258435	0.27362521565	0.0884545543411	0.185170661309	0.2219025506
127.102196367	1850	7.321126827844582	0.0	885062	4907.04467753	1.8191584434161694	0.26120855224	0.0844406317728	0.176767920467	0.180365588284
133.199499592	1850	5.223823603003689	0.0	1035329	6097.30322484	1.8191584434161694	0.241501319993	0.0780698941873	0.163431425806	0.169801133685
136.385581803	1200	6.037741391809225	0.0	690253	3186.08221119	0.9534302788236118	0.202539260667	0.062685061455	0.139854199212	0.216646324309
138.667838664	1200	7.755484530997379	0.0	598727	2282.25686081	1.3862943611198906	0.199620797041	0.0617818090627	0.137838987978	0.262339883946
140.404409557	1200	10.018913637349256	0.0	487812	1736.57089365	1.3862943611198906	0.205189769696	0.0635053830106	0.141684386685	0.280905318513
142.909104318	1200	11.514218876548563	0.0	575591	2504.6947608	1.3862943611198906	0.213482511276	0.0660719521483	0.147410559128	0.229804848482
145.707987002	1850	12.71533619282703	0.0	908665	2798.88268372	1.3862943611198906	0.224938016655	0.0667826482375	0.158155368418	0.324652764221
148.8362251	1850	13.587098094554033	0.0	930577	3128.23809827	1.8191584434161694	0.257475577248	0.0604997118689	0.196975865379	0.297476397501
154.405347951	2850	12.017975243920882	0.0	1339500	5569.12285063	1.8191584434161694	0.275252931322	0.0646769033943	0.210576027928	0.240522616564
158.087253128	2850	12.336070066974672	0.0	1527299	3681.90517695	2.2512917986064953	0.270111487263	0.0634688047952	0.206642682468	0.414812149309
162.232423277	2850	12.190899918004352	0.0	1343002	4145.17014897	2.2512917986064953	0.287990455217	0.0744798129501	0.213510642267	0.323992007984
169.935463182	2850	8.487860012886788	0.0	1587250	7703.03990512	2.2512917986064953	0.310623366837	0.08033311466	0.230290252177	0.206055014585
174.396342678	1850	8.02698051669046	0.0	958994	4460.8794962	1.3870250882258435	0.27980601478	0.0941939887319	0.185612026048	0.214978683199
179.111677221	1850	7.31164597334943	0.0	982064	4715.33454334	1.8191584434161694	0.260966658045	0.0878519014917	0.173114756553	0.208270270322
184.23039113	1850	6.192932064820427	0.0	830730	5118.71390853	1.8191584434161694	0.252482203931	0.0849956920718	0.167486511859	0.162292719391
188.748535004	1850	5.674788190272838	0.0	846370	4518.14387455	1.8191584434161694	0.212274996882	0.0758270177123	0.136447979169	0.187326925282

