1.6057537343675867	750	4.0	1.6057537343675867	450283	1605.7537343675867	-3.355014201543626	0.15780876576900482	0.029689693823456764	0.12218113318085672	0.28041846664447606
2.821556241360954	750	6.784197493006633	0.0	398865	1215.8025069933674	0.9162907318741551	0.18470115959644318	0.03168891370296478	0.14667446315288543	0.32806726232731476
4.720772907634125	1200	8.884980826733461	0.0	571051	1899.2166662731713	0.9162907318741551	0.20756933093070984	0.02963312529027462	0.1720095805823803	0.30067712133159197
9.113543765540108	1200	8.49220996882748	0.0	617681	4392.770857905982	1.3862943611198906	0.179401695728302	0.029735540971159935	0.14371904656291007	0.14061307087946906
13.487200443131679	1200	8.118553291235907	0.0	652874	4373.656677591572	1.3862943611198906	0.12773428857326508	0.03361804410815239	0.08739263564348221	0.1492741767649481
15.009959821634446	750	10.59579391273314	0.0	318564	1522.7593785027684	0.44628710262841964	0.11386596411466599	0.03492708504199982	0.0719534620642662	0.2092017980629504
17.109663603800627	750	12.49609013056696	0.0	352642	2099.703782166179	0.9162907318741551	0.10601212829351425	0.02969355694949627	0.07037985995411873	0.16794845206031567
18.840827239396393	750	14.764926494971194	0.0	437162	1731.1636355957664	0.9162907318741551	0.1146375760436058	0.033394768834114075	0.07456385344266891	0.25252494392279334
20.613693464583655	1200	16.992060269783927	0.0	584846	1772.866225187264	0.9162907318741551	0.13318616151809692	0.031877029687166214	0.09493372589349747	0.3298872705063937
24.00157487486572	1850	17.604178859501864	0.0	913888	3387.8814102820634	1.3862943611198906	0.15493535995483398	0.03114810772240162	0.11755763068795205	0.2697520631112979
27.930644452513494	1850	17.67510928185409	0.0	939819	3929.0695776477723	1.8191584434161694	0.18381375074386597	0.035365939140319824	0.14137462377548218	0.23919632407289773
31.28835380066337	1850	18.31739993370422	0.0	917428	3357.7093481498746	1.8191584434161694	0.15996277332305908	0.028563572093844414	0.12568648681044578	0.27323032010066933
35.02925038527629	1850	18.576503349091297	0.0	946851	3740.8965846129227	1.8191584434161694	0.16488561034202576	0.037560343742370605	0.11981319785118102	0.2531080393653738
38.046215659332866	1850	19.559538075034716	0.0	1036454	3016.9652740565807	1.8191584434161694	0.1500495821237564	0.03782049939036369	0.10466498285531997	0.34354190580602695
41.67853431051817	2850	19.927219423849422	0.0	1231445	3632.3186511852946	1.8191584434161694	0.18718203902244568	0.03010033257305622	0.15106163993477822	0.33902449599188
46.00080678553933	2850	19.60494694882826	0.0	1471065	4322.272475021164	2.2512917986064953	0.18112125992774963	0.032389428466558456	0.14225394576787947	0.3403452717294962
51.06066103401286	2850	18.545092700354726	0.0	1491626	5059.854248473532	2.2512917986064953	0.1983862817287445	0.03849906846880913	0.15218739956617355	0.29479623853789805
57.55530911068609	2850	16.0504446236815	0.0	1358801	6494.648076673228	2.2512917986064953	0.20148110389709473	0.03775728866457939	0.15617235749959946	0.20921857257830395
66.62158587990834	2850	10.984167854459253	0.0	1537156	9066.276769222246	2.2512917986064953	0.1987573355436325	0.02564512938261032	0.16798318028450013	0.16954655578332467
69.43035029258031	1850	12.175403441787278	0.0	923755	2808.7644126719756	1.3870250882258435	0.17393746972084045	0.03955186903476715	0.12647522687911988	0.328883047589325
72.79869705519862	1850	12.807056679168985	0.0	891604	3368.3467626182924	1.8191584434161694	0.1831849217414856	0.031960200518369675	0.14483268111944197	0.26470077543528686
76.81808891317644	1850	12.787664821191155	0.0	955231	4019.3918579778287	1.8191584434161694	0.17816704511642456	0.03129291534423828	0.14061554670333862	0.237655604069562
80.3348583766923	1850	13.270895357675304	0.0	968026	3516.769463515851	1.8191584434161694	0.16637156903743744	0.035064805299043655	0.12429380267858506	0.2752600106554118
83.79381217914278	1850	13.811941555224827	0.0	874175	3458.953802450478	1.8191584434161694	0.187754288315773	0.041166361421346664	0.138354654610157	0.25272815132156295
86.39189924380292	1850	15.213854490564668	0.0	897976	2598.087064660159	1.8191584434161694	0.16167742013931274	0.027663065120577812	0.12848174199461937	0.3456296797033856
88.83744930334274	1850	16.768304431024852	0.0	905935	2445.550059539815	1.8191584434161694	0.17898312211036682	0.032362762838602066	0.14014780670404434	0.3704422227899404
92.29589352145565	1850	17.309860212911932	0.0	1076599	3458.4442181129193	1.8191584434161694	0.19330275058746338	0.03253873437643051	0.15425626933574677	0.31129575384258773
95.81725716067533	2850	17.788496573692267	0.0	1141971	3521.3636392196663	1.8191584434161694	0.19038620591163635	0.035802826285362244	0.14742281436920165	0.3242979473295921
100.76802301678784	2850	16.837730717579756	0.0	1498470	4950.765856112509	2.2512917986064953	0.2000732272863388	0.03368914872407913	0.15964624881744385	0.3026743828229929
110.07628707969215	2850	11.52946665467545	0.0	1561263	9308.264062904309	2.2512917986064953	0.1966046839952469	0.03204312175512314	0.15815293788909912	0.16772869672037044
114.76313969909074	1850	10.842614035276862	0.0	873429	4686.852619398587	1.3870250882258435	0.17200957238674164	0.03772010654211044	0.12674544453620912	0.18635725740231995
117.76407438535088	1850	11.841679349016719	0.0	954453	3000.9346862601433	1.8191584434161694	0.16844336688518524	0.03705960139632225	0.12397184520959854	0.3180519070841453
121.02977183679793	1850	12.575981897569648	0.0	885062	3265.6974514470708	1.8191584434161694	0.17169293761253357	0.035411376506090164	0.12919928580522538	0.2710177575108245
125.39298769223618	1850	12.212766042131422	0.0	1035329	4363.215855438226	1.8191584434161694	0.17972245812416077	0.02917799912393093	0.14470885917544365	0.2372857622227391
129.15401242072798	1850	12.451741313639614	0.0	1026056	3761.0247284918078	1.8191584434161694	0.17505428194999695	0.032203834503889084	0.13640968054533004	0.27281288320894775
132.8011073378325	1850	12.804646396535116	0.0	943942	3647.094917104497	1.8191584434161694	0.17124004662036896	0.0317632257938385	0.13312417566776275	0.2588202450045953
134.88439811603175	1850	14.721355618335856	0.0	728962	2083.29077819926	1.8191584434161694	0.1742376685142517	0.02760099433362484	0.1411164753139019	0.3499089074018247
137.3935836974088	1850	16.212170036958828	0.0	938587	2509.1855813770294	1.8191584434161694	0.1905449628829956	0.03498338535428047	0.14856490045785903	0.37406041504706394
140.36095092681583	1850	17.244802807551785	0.0	908665	2967.3672294070393	1.8191584434161694	0.19317176938056946	0.036701448261737823	0.14913003146648407	0.30621926096473606
143.0159599100005	1850	18.589793824367117	0.0	930577	2655.0089831846713	1.8191584434161694	0.1764279156923294	0.02753945253789425	0.1433805726468563	0.35049862576501606
146.09679022004966	1850	19.508963514317955	0.0	858450	3080.8303100491603	1.8191584434161694	0.18746909499168396	0.03843589499592781	0.1413460209965706	0.2786424157149706
149.41894275473877	1850	20.18681097962885	0.0	1025005	3322.1525346891053	1.8191584434161694	0.17672431468963623	0.03686241805553436	0.132489413022995	0.3085364050257019
157.67419540927523	2850	15.93155832509238	0.0	1343002	8255.252654536467	1.8191584434161694	0.2042485922574997	0.027542511001229286	0.17119757905602456	0.16268454233947485
162.69873889487081	1850	14.907014839496801	0.0	973972	5024.543485595579	1.3870250882258435	0.16486290097236633	0.03259557485580444	0.125748211145401	0.19384288399377864
166.04786767703342	1850	15.5578860573342	0.0	958994	3349.128782162602	1.8191584434161694	0.17533445358276367	0.04640104994177818	0.11965319365262986	0.28634133303788867
169.58154877258735	1850	16.024204961780267	0.0	982064	3533.681095553933	1.8191584434161694	0.17133839428424835	0.04374471679329872	0.11884473413228988	0.27791528817799377
174.78849695112618	2850	14.817256783241445	0.0	1231456	5206.948178538821	1.8191584434161694	0.18426084518432617	0.03760536387562752	0.13913440853357315	0.23650244976042234
182.452926091197	4300	11.152827643170603	0.0	2155012	7664.4291400708435	2.2512917986064953	0.18638306856155396	0.0362519845366478	0.1428806871175766	0.28117058173755666

