6.81001791782	750	4.0	6.8100179178166504	450283	6810.01791782	-17.198356929518134	0.107268991249	0.0355079437717	0.0717610474773	0.0661206777183
7.97433321814	300	6.835684699681131	0.0	155580	1164.31530032	-0.9162907318741551	0.0661206777183	0.0218871202128	0.0442335575056	0.133623598313
8.93246676956	300	9.877551148259398	0.0	139857	958.133551422	0.0	0.0884659431066	0.0296913085619	0.0587746345447	0.145968168835
11.7219639699	750	11.088053947874455	0.0	382355	2789.49720038	0.0	0.101838598548	0.0341794949198	0.0676591036277	0.137069504837
14.6125853074	750	12.197432610440577	0.0	411561	2890.62133743	0.9162907318741551	0.108831847375	0.0365265982401	0.0723052491353	0.14237803986
18.3485568767	1200	12.461461041098303	0.0	520315	3735.97156934	0.9162907318741551	0.114213916154	0.0383329505968	0.0758809655576	0.139271670125
22.3352780483	1200	12.474739869527314	0.0	561791	3986.72117157	1.3862943611198906	0.139532865086	0.0468306017696	0.0927022633165	0.140915548347
28.5489446841	1200	10.261073233691306	0.0	709534	6213.66663584	1.3862943611198906	0.141057281527	0.0398638222547	0.101193459272	0.114189260799
33.0676089395	1200	9.74240897833355	0.0	584846	4518.66425536	1.3862943611198906	0.133857430061	0.027370326883	0.106487103178	0.129428956645
37.3456522698	1200	9.464365648061724	0.0	560821	4278.04333027	1.3862943611198906	0.13233166217	0.0252337233579	0.107097938812	0.131092875108
42.2958767318	1200	8.514141186055669	0.0	607410	4950.22446201	1.3862943611198906	0.130247417546	0.0248090015378	0.105438416008	0.122703526812
49.4705380655	1200	5.339479852276774	0.0	594078	7174.66133378	1.3862943611198906	0.127039004944	0.0241978760761	0.102841128868	0.0828022358635
54.3185938124	750	4.491424105422703	0.0	386351	4848.05574685	0.44628710262841964	0.112768786001	0.0392676780493	0.0735011079522	0.0796919466635
56.0002312491	300	6.809786668724356	0.0	179801	1681.6374367	-0.9162907318741551	0.103886521687	0.0361747486332	0.0677117730541	0.106920193424
57.2805172536	300	9.529500664240004	0.0	140051	1280.28600448	0.0	0.100490468231	0.0349921950342	0.0654982731972	0.109390401449
60.6236683229	750	10.186349594910823	0.0	366214	3343.15106933	0.0	0.0975241484659	0.0339592807529	0.0635648677129	0.10954156495
64.3060264054	750	10.503991512410579	0.0	360831	3682.3580825	0.9162907318741551	0.09569637532	0.033322824425	0.062373550895	0.0979891123883
68.1094702783	750	10.700547639498735	0.0	372963	3803.44387291	0.9162907318741551	0.0992519780344	0.0291121492731	0.0701398287613	0.0980592884928
71.8579742646	750	10.952043653227276	0.0	405596	3748.50398627	0.9162907318741551	0.104109357916	0.0102923329831	0.0938170249327	0.108202099154
75.4150362407	750	11.394981677163251	0.0	350713	3557.06197606	0.9162907318741551	0.104350111826	0.0103161341039	0.0940339777219	0.0985962579117
78.6929848759	750	12.117033041867058	0.0	386472	3277.9486353	0.9162907318741551	0.102215166318	0.0101050717123	0.0921100946055	0.117900566177
85.4453792491	1200	9.364638668679067	0.0	616206	6752.39437319	0.9162907318741551	0.103585747922	0.0121628335975	0.0914229143249	0.0912574067722
93.6211301342	1200	5.188887783600649	0.0	656471	8175.75088508	1.3862943611198906	0.101995048011	0.0121390227202	0.0898560252905	0.0802948878002
97.2774785655	750	5.53253935233783	0.0	343800	3656.34843126	0.44628710262841964	0.097507382216	0.0207453779086	0.0767620043074	0.0940282378617
102.699433868	750	4.1105840500722195	0.0	359903	5421.95530227	0.9162907318741551	0.0949283450709	0.0201966697083	0.0747316753626	0.0663788209116
104.610964695	300	6.199053223307143	0.0	153938	1911.53082677	-0.9162907318741551	0.0868146284032	0.0261093388821	0.0607052895211	0.0805312673197
105.911961798	300	8.89805611938854	0.0	181901	1300.99710392	0.0	0.081261445536	0.0244392294084	0.0568222161276	0.139816606395
106.656453172	300	12.15356474581479	0.0	111155	744.491373574	0.0	0.0866190756076	0.0260505267406	0.060568548867	0.149303274619
109.633421392	750	13.176596526023001	0.0	400396	2976.96821979	0.0	0.0962136294571	0.0289360710606	0.0672775583965	0.134497908758
112.431990529	750	14.378027388810832	0.0	400508	2798.56913721	0.9162907318741551	0.10252699082	0.0308348028104	0.0716921880091	0.143111704719
116.513693729	1200	14.296324189042313	0.0	570392	4081.70319977	0.9162907318741551	0.122879865896	0.0363352882903	0.0865445776053	0.139743624679
121.29496424	1200	13.515053677977884	0.0	620283	4781.27051106	1.3862943611198906	0.141129026066	0.0417315221728	0.0993975038927	0.129731835621
126.309586978	1200	12.500430939524763	0.0	584349	5014.62273845	1.3862943611198906	0.138948501821	0.0410867462652	0.0978617555555	0.116529005366
131.536929121	1200	11.273088797082186	0.0	670129	5227.34214244	1.3862943611198906	0.132036444518	0.0292560256157	0.102780418902	0.128196888924
136.90793801	1200	9.902079907703788	0.0	690253	5371.00888938	1.3862943611198906	0.130774429624	0.0288924675373	0.101881962087	0.128514589012
142.351531548	1200	8.458486369764945	0.0	598727	5443.59353794	1.3862943611198906	0.128114977367	0.0206714951451	0.107443482222	0.10998745513
149.110329977	1200	5.699687941181639	0.0	487812	6758.79842858	1.3862943611198906	0.12206009818	0.0196945336041	0.102365564576	0.0721743672569
152.829078081	750	5.9809398363281305	0.0	361565	3718.74810485	0.44628710262841964	0.106133330711	0.0433764912263	0.0627568394843	0.0972276125743
154.131765545	300	8.678252372810293	0.0	144254	1302.68746352	-0.9162907318741551	0.102429329609	0.0418626729921	0.0605666566169	0.110735693741
155.510161652	300	11.299856266122639	0.0	149991	1378.39610669	0.0	0.099911769622	0.0408337509941	0.0590780186279	0.108815600445
158.866027465	750	11.94399045284915	0.0	345516	3355.86581327	0.0	0.0971764504341	0.0397158312232	0.0574606192109	0.102958824704
162.71072849	750	12.09928942798523	0.0	384505	3844.70102486	0.9162907318741551	0.096018183941	0.0392424499014	0.0567757340396	0.100009076782
168.457792182	1200	10.352225735800745	0.0	599477	5747.06369218	0.9162907318741551	0.103697376207	0.0087013155791	0.0949960606274	0.104310136812
174.374190849	1200	8.435827068765825	0.0	634861	5916.39866703	1.3862943611198906	0.105221335995	0.00795852447264	0.0972628115227	0.107305311175
180.224860229	1200	6.585157688929497	0.0	630203	5850.66937984	1.3862943611198906	0.104585945314	0.00791046604192	0.0966754792724	0.107714683412
189.016989498	1200	4.0	2.206971580013973	638661	8792.12926894	-4.484250041717278	0.104380870298	0.00555051134625	0.0988303589521	0.0726400830179
190.411861254	300	6.60512824351727	0.0	137507	1394.87175648	-1.3862943611198906	0.0962364225003	0.0292641727022	0.0669722497982	0.0985803887425
193.902290715	750	7.1146987833135205	0.0	314107	3490.4294602	0.0	0.0959687481483	0.0291827766126	0.0667859715357	0.0899909319416

