1.3383231090629724	750	4.0	1.3383231090629724	450283	1338.3231090629724	-2.6436487382333516	0.14437204599380493	0.03520634397864342	0.10212443321943283	0.33645313075051503
3.147340525179483	1200	6.190982583883489	0.0	611087	1809.0174161165103	0.9162907318741551	0.21093568205833435	0.03174733743071556	0.17283887714147567	0.33780050681427093
4.6521892953245825	1200	8.68613381373839	0.0	571051	1504.8487701450993	1.3862943611198906	0.2275557518005371	0.028658075258135796	0.19316606149077414	0.3794740118270746
7.531039735479509	1850	9.807283373583463	0.0	933276	2878.850440154927	1.3862943611198906	0.22407524287700653	0.031314581632614136	0.18649774491786958	0.32418356541987475
10.382336473212153	1850	10.95598663585082	0.0	996749	2851.2967377326427	1.8191584434161694	0.2085023820400238	0.028631646186113358	0.17414440661668779	0.34957743499984395
12.368340895970494	1850	12.969982213092479	0.0	801058	1986.0044227583428	1.8191584434161694	0.1889640986919403	0.03912464901804924	0.14201451987028121	0.4033515690198807
14.429686857336659	1850	14.908636251726316	0.0	905515	2061.3459613661644	1.8191584434161694	0.1868966519832611	0.03373366594314575	0.1464162528514862	0.43928336968718573
17.459918737877928	1850	15.878404371185047	0.0	1060487	3030.2318805412683	1.8191584434161694	0.21711057424545288	0.029152467846870422	0.18212761282920836	0.349968927067909
19.72717090826732	1850	17.611152200795658	0.0	852833	2267.252170389389	1.8191584434161694	0.19766628742218018	0.03516770526766777	0.15546504110097886	0.3761526887648895
23.38596147829089	2850	17.95236163077209	0.0	1429765	3658.7905700235724	1.8191584434161694	0.229732483625412	0.03310198336839676	0.19001010358333587	0.3907753047452477
26.89426389853742	2850	18.444059210525555	0.0	1354548	3508.3024202465326	2.2512917986064953	0.23610860109329224	0.03665544092655182	0.19212207198143005	0.3860978438411858
31.416641451769465	2850	17.92168165729351	0.0	1519951	4522.377553232044	2.2512917986064953	0.2517387866973877	0.03271424025297165	0.21248169839382172	0.3360955563990283
36.20972940647498	2850	17.128593702588	0.0	1422919	4793.087954705516	2.2512917986064953	0.25810253620147705	0.053800854831933975	0.19354151040315629	0.29686895242618666
40.515643625073935	2850	16.82267948398904	0.0	1578343	4305.914218598956	2.2512917986064953	0.24063223600387573	0.02961684763431549	0.20509201884269715	0.36655235563739497
44.24260001837815	2850	17.095723090684825	0.0	1231445	3726.9563933042186	2.2512917986064953	0.24909934401512146	0.041467905044555664	0.19933785796165465	0.3304157253388828
48.07766165724061	2850	17.260661451822358	0.0	1471065	3835.061638862465	2.2512917986064953	0.2417934238910675	0.025509823113679886	0.21118163615465163	0.38358314377349595
51.821039793207746	2850	17.517283315855224	0.0	1491626	3743.3781359671348	2.2512917986064953	0.23391646146774292	0.03196266293525696	0.19556126594543458	0.398470564773608
55.43226235699148	2850	17.906060752071493	0.0	1358801	3611.22256378373	2.2512917986064953	0.24093510210514069	0.046395186334848404	0.1852608785033226	0.3762717406639953
59.388142758775814	2850	17.950180350287162	0.0	1537156	3955.8804017843336	2.2512917986064953	0.23230376839637756	0.03535480052232742	0.18987800776958466	0.38857494258589126
62.85284120049785	2850	18.48548190856512	0.0	1336050	3464.6984417220406	2.2512917986064953	0.24339726567268372	0.04113570973277092	0.1940344139933586	0.3856179758420621
67.09086573120346	2850	18.247457377859515	0.0	1415116	4238.024530705606	2.2512917986064953	0.21871715784072876	0.040914252400398254	0.16962005496025084	0.3339093461463262
72.03019290247315	2850	17.308130206589826	0.0	1468126	4939.327171269688	2.2512917986064953	0.24055612087249756	0.025604084134101868	0.20983121991157533	0.29723198101546455
76.11347862319667	2850	17.224844485866306	0.0	1505760	4083.2857207235234	2.2512917986064953	0.22918885946273804	0.036594852805137634	0.18527503609657286	0.3687618508687636
80.08865606792574	2850	17.249667041137247	0.0	1323990	3975.1774447290604	2.2512917986064953	0.23294204473495483	0.03110462613403797	0.19561649337410927	0.3330643772281316
83.68992141362273	2850	17.648401695440256	0.0	1383735	3601.2653456969892	2.2512917986064953	0.21470558643341064	0.035613689571619034	0.1719691589474678	0.3842357802524523
87.40088132177904	2850	17.937441787283937	0.0	1480464	3710.959908156321	2.2512917986064953	0.21345989406108856	0.027298899367451668	0.18070121482014656	0.3989436794361716
91.47273439237858	2850	17.8655887166844	0.0	1547572	4071.8530705995367	2.2512917986064953	0.22245340049266815	0.03750482201576233	0.17744761407375337	0.3800657767280725
94.4338869356054	2850	18.904436173457572	0.0	1141971	2961.15254322683	2.2512917986064953	0.23855237662792206	0.03930240124464035	0.19138949513435363	0.3856508515956325
98.31298395733558	2850	19.0253391517274	0.0	1498470	3879.0970217301715	2.2512917986064953	0.26243987679481506	0.047972530126571655	0.20487284064292907	0.38629350892895326
102.96861158552268	2850	18.369711523540282	0.0	1561263	4655.627628187118	2.2512917986064953	0.22203701734542847	0.03070407174527645	0.18519213125109674	0.3353496294565013
107.522340940819	2850	17.81598216824396	0.0	1341201	4553.729355296323	2.2512917986064953	0.22489184141159058	0.041430387645959854	0.17517537623643875	0.2945280440173908
111.62159638792295	2850	17.71672672114001	0.0	1497683	4099.255447103949	2.2512917986064953	0.22392138838768005	0.031706564128398895	0.18587351143360137	0.3653548843993331
115.67295789656185	2850	17.66536521250111	0.0	1358081	4051.3615086389	2.2512917986064953	0.22125132381916046	0.0381925143301487	0.17542030662298203	0.3352159507622568
119.80957770886316	2850	17.52874540019981	0.0	1587293	4136.619812301302	2.2512917986064953	0.22568050026893616	0.038879819214344025	0.17902471721172333	0.3837174002019176
123.5732661025534	2850	17.76505700650957	0.0	1492672	3763.688393690239	2.2512917986064953	0.22984099388122559	0.04203660786151886	0.17939706444740294	0.3965981887614394
127.34125054302397	2850	17.997072566039005	0.0	1439896	3767.9844404705627	2.2512917986064953	0.24574728310108185	0.030527086928486824	0.20911477878689766	0.38213958224842864
130.2851777352677	2850	19.053145373795267	0.0	1139291	2943.927192243735	2.2512917986064953	0.23616349697113037	0.034073606133461	0.19527516961097718	0.3869970028476422
134.18668769261998	2850	19.151635416442986	0.0	1499009	3901.5099573522843	2.2512917986064953	0.23465031385421753	0.03822527080774307	0.18877998888492584	0.38421252704357717
138.46566889993565	2850	18.872654209127326	0.0	1427478	4278.981207315661	2.2512917986064953	0.22988703846931458	0.029871366918087006	0.19404139816761018	0.3336023064460949
143.20284242132772	2850	18.13548068773524	0.0	1402287	4737.173521392086	2.2512917986064953	0.23053988814353943	0.03651135414838791	0.18672626316547394	0.2960176556057246
146.91118191077828	2850	18.42714119828468	0.0	1339500	3708.3394894505573	2.2512917986064953	0.2290506660938263	0.029257839545607567	0.19394125863909722	0.3612128835050282
151.37754309756664	2850	17.960780011496333	0.0	1527299	4466.3611867883465	2.2512917986064953	0.2473122477531433	0.04145731404423714	0.19756347090005874	0.3419559986589988
154.8743207709718	2850	18.46400233809118	0.0	1343002	3496.777673405152	2.2512917986064953	0.23016098141670227	0.04738306254148483	0.17330130636692048	0.38406845542804796
158.8726407428556	2850	18.465682366207382	0.0	1587250	3998.319971883798	2.2512917986064953	0.24652442336082458	0.04506668448448181	0.1924444019794464	0.3969792340686959
162.7207823227356	2850	18.617540786327353	0.0	1464921	3848.141579880026	2.2512917986064953	0.23942230641841888	0.03871661052107811	0.19296237379312514	0.38068271907128537
166.57930432097277	2850	18.759018788090202	0.0	1483527	3858.5219982371505	2.2512917986064953	0.22790196537971497	0.034082308411598206	0.18700319528579712	0.38448063809867655
171.8880683787785	4300	17.450254730284424	0.0	1961140	5308.764057805775	2.2512917986064953	0.24679891765117645	0.043719593435525894	0.1943354055285454	0.3694155510860245
178.86042773307776	4300	14.477895375985183	0.0	2155012	6972.359354299242	2.662587827025453	0.24479657411575317	0.0546325221657753	0.1792375475168228	0.3090793073755146

