2.905148303948766	750	4.0	2.905148303948766	450283	2905.148303948766	-6.811403756629564	0.0909632220864296	0.03170454502105713	0.052917768061161045	0.15499484118864487
3.9484402888854975	300	6.956708015063269	0.0	155580	1043.291984936731	-0.9162907318741551	0.11872547119855881	0.02922034077346325	0.0836610622704029	0.14912412080826531
5.099443366727034	300	9.805704937221734	0.0	139857	1151.003077841536	0.0	0.11079712212085724	0.03189971297979355	0.07251746654510499	0.12150879758051765
7.309331088275143	750	11.595817215673623	0.0	382355	2209.8877215481093	0.0	0.0983482301235199	0.028366027399897575	0.06430899724364281	0.17302010245667412
11.574538964000558	1200	11.330609339948209	0.0	652874	4265.207875725415	0.9162907318741551	0.1268027424812317	0.02837747149169445	0.09274977669119835	0.1530696789049141
13.419115841447624	750	13.486032462501141	0.0	318564	1844.5768774470669	0.44628710262841964	0.10038159787654877	0.0345945730805397	0.05886811017990112	0.17270302143269803
15.985739733384216	750	14.919408570564551	0.0	352642	2566.623891936592	0.9162907318741551	0.09278148412704468	0.03079206869006157	0.055831001698970796	0.13739527677112107
18.247868578440496	750	16.65727972550827	0.0	437162	2262.12884505628	0.9162907318741551	0.08880392462015152	0.03293012082576752	0.0492877796292305	0.19325247585051847
20.78706653801125	750	18.118081765937518	0.0	374758	2539.1979595707535	0.9162907318741551	0.11166724562644958	0.03553009778261185	0.06903112828731536	0.1475891230092797
22.68982029471649	750	20.215328009232273	0.0	362795	1902.7537567052416	0.9162907318741551	0.10706412047147751	0.03488115966320038	0.06520672887563705	0.1906683924399163
25.4100857714009	1200	21.495062532547866	0.0	607410	2720.26547668441	0.9162907318741551	0.12066690623760223	0.035974614322185516	0.07749736905097962	0.22329070644249785
29.441570617796714	1850	21.46357768615205	0.0	917428	4031.484846395816	1.3862943611198906	0.1374308466911316	0.031974270939826965	0.09906172156333923	0.22756578158049853
35.39061437249359	1850	19.514533931455176	0.0	946851	5949.043754696873	1.8191584434161694	0.1373252123594284	0.03240402787923813	0.09844037890434265	0.1591602010411244
41.18704112212106	1850	17.718107181827705	0.0	1036454	5796.426749627469	1.8191584434161694	0.12237238138914108	0.03280011937022209	0.08301223814487457	0.17880912582335523
48.91980652909348	1850	13.985341774855293	0.0	821631	7732.765406972413	1.8191584434161694	0.12118937075138092	0.028385942801833153	0.08712623938918114	0.10625319103294649
56.010473603319475	1200	10.89467470062929	0.0	587876	7090.667074226004	0.9534302788236118	0.11056198924779892	0.03211921826004982	0.07201892733573914	0.08290841945419794
58.384812933527215	750	12.520335370421556	0.0	360831	2374.3393302077357	0.44628710262841964	0.11204851418733597	0.03712876886129379	0.06749399155378341	0.15197111693737145
60.93324973945209	750	13.971898564496678	0.0	372963	2548.4368059248773	0.9162907318741551	0.11540278792381287	0.032449692487716675	0.07646315693855285	0.1463497149047981
64.22876686791805	750	14.67638143603072	0.0	405596	3295.5171284659577	0.9162907318741551	0.1164364367723465	0.03323376923799515	0.07655591368675232	0.1230750696139766
66.56413185505235	750	16.341016448896404	0.0	350713	2335.3649871343146	0.9162907318741551	0.09950700402259827	0.033247750252485275	0.059609703719615936	0.15017481290166715
69.07648021127363	750	17.82866809267513	0.0	386472	2512.348356221278	0.9162907318741551	0.10581082105636597	0.030623070895671844	0.06906313598155975	0.15382898595371422
72.92946832478474	1200	17.97567997916402	0.0	616206	3852.988113511111	0.9162907318741551	0.1086420938372612	0.032409604638814926	0.0697505682706833	0.1599293799633527
77.49556631324735	1200	17.409581990701408	0.0	656471	4566.097988462612	1.3862943611198906	0.1006162166595459	0.03338311240077019	0.060556481778621676	0.14377067720814096
80.63642989254433	1200	18.268718411404436	0.0	536667	3140.863579296975	1.3862943611198906	0.11579066514968872	0.035364825278520584	0.07335287481546401	0.17086606484198946
84.40559147190918	1200	18.49955683203958	0.0	587236	3769.1615793648566	1.3862943611198906	0.0999021977186203	0.032815758138895035	0.06052328795194626	0.15580016606742433
88.23142184948378	1200	18.67372645446498	0.0	590335	3825.830377574597	1.3862943611198906	0.10065698623657227	0.033251192420721054	0.060755555331707005	0.1543024498577602
92.26767176352195	1200	18.637476540426828	0.0	696376	4036.249914038152	1.3862943611198906	0.11447474360466003	0.0323709137737751	0.07562964707612992	0.17253044653602626
94.85967146657843	1200	20.045476837370334	0.0	487160	2591.999703056493	1.3862943611198906	0.11752379685640335	0.03290846571326256	0.07803363800048829	0.18794755239575822
97.61500916676795	1200	21.29013913718082	0.0	622896	2755.337700189513	1.3862943611198906	0.11713564395904541	0.03052426129579544	0.08050653040409089	0.22606884083833248
100.4609198618196	1200	22.44422844212916	0.0	641447	2845.9106950516625	1.3862943611198906	0.1267395317554474	0.031817857176065445	0.08855810314416886	0.2253925258847083
103.0523185134301	1200	23.852829790518687	0.0	570392	2591.3986516104715	1.3862943611198906	0.12968963384628296	0.035327374935150146	0.08729678392410278	0.22010970780027211
109.56212675413288	1850	21.34302154981591	0.0	954453	6509.808240702778	1.3862943611198906	0.12868112325668335	0.031963810324668884	0.09032455086708069	0.14661768284236898
114.94818830548752	1850	19.95695999846126	0.0	885062	5386.061551354648	1.8191584434161694	0.13113825023174286	0.03039918653666973	0.09465922638773919	0.16432452387726576
126.64696320347564	1850	12.258185100473144	0.0	1035329	11698.774897988118	1.8191584434161694	0.1339457929134369	0.03298311308026314	0.09436605721712113	0.0884989248043442
129.6623170052057	750	13.242831298743084	0.0	401088	3015.35380173006	0.013423020332140823	0.10344009101390839	0.036909911781549454	0.059148196876049046	0.13301523680898594
131.93116327083922	750	14.973985033109559	0.0	365161	2268.8462656335246	0.9162907318741551	0.11186602711677551	0.034871362149715424	0.070020392537117	0.16094567777955504
134.43388224676508	750	16.471266057183705	0.0	321064	2502.7189759258536	0.9162907318741551	0.1099235862493515	0.03261181339621544	0.07078941017389298	0.12828607729768218
138.5747025559187	1200	16.330445748030105	0.0	575591	4140.8203091536	0.9162907318741551	0.11650725454092026	0.03169796243309975	0.07846969962120057	0.13900409991894894
142.41635668043236	1200	16.488791623516416	0.0	605884	3841.6541245136877	1.3862943611198906	0.11217735707759857	0.03388766944408417	0.07151215374469758	0.1577143543802758
146.14796658372939	1200	16.757181720219396	0.0	587506	3731.6099032970205	1.3862943611198906	0.10429028421640396	0.03328956291079521	0.06434280872344972	0.1574403582434798
150.1451675421307	1200	16.759980761818067	0.0	566904	3997.200958401329	1.3862943611198906	0.10820858180522919	0.032240889966487885	0.06951951384544372	0.14182524368920693
154.1315766376446	1200	16.773571666304168	0.0	641452	3986.409095513899	1.3862943611198906	0.1080910861492157	0.03378186747431755	0.06755284518003464	0.16090972718325805
157.54879927665837	1200	17.356349027290428	0.0	599477	3417.2226390137407	1.3862943611198906	0.10566462576389313	0.03528513386845589	0.06332246512174607	0.1754281366264791
161.58734178220624	1200	17.317806521742565	0.0	634861	4038.5425055478618	1.3862943611198906	0.10563591122627258	0.032649703323841095	0.06645626723766326	0.15720052447829216
165.26358857225705	1200	17.641559731691732	0.0	630203	3676.2467900508295	1.3862943611198906	0.10551512986421585	0.03522426262497902	0.06324601471424103	0.17142565121186723
168.40516208064247	1200	18.499986223306312	0.0	638661	3141.5735083854224	1.3862943611198906	0.11324699223041534	0.034012407064437866	0.07243210375308991	0.2032933491116154
170.74641026383523	1200	20.15873804011358	0.0	538612	2341.2481831927325	1.3862943611198906	0.12731632590293884	0.03342219442129135	0.08720969259738923	0.2300533552429718
178.263756847419	2850	16.64139145652981	0.0	1364537	7517.346583583767	1.3862943611198906	0.12303681671619415	0.03324853628873825	0.08313857316970825	0.1815184367021003

