1.025219307356344	750	4.0	1.025219307356344	450283	1025.219307356344	-1.8107926256937201	0.11641018092632294	0.03307712823152542	0.07671762704849244	0.4392065158830367
1.8153396244822237	750	7.20987968287412	0.0	398865	790.1203171258799	0.9162907318741551	0.24426387250423431	0.037729550153017044	0.19898841232061387	0.5048155215789165
4.449347122008875	2850	8.57587218534747	0.0	1300868	2634.007497526651	0.9162907318741551	0.3293684124946594	0.030706902965903282	0.2925201289355755	0.4938740687798053
7.759529235914445	2850	9.265690071441899	0.0	1520281	3310.18211390557	2.2512917986064953	0.2922050654888153	0.04286625236272812	0.24076556265354157	0.459274126826295
10.798607515373169	2850	10.226611791983176	0.0	1472558	3039.0782794587235	2.2512917986064953	0.2733296751976013	0.0278469230979681	0.2399133674800396	0.4845409905868797
12.964727455788367	2850	12.060491851567978	0.0	1224260	2166.119940415198	2.2512917986064953	0.2554296553134918	0.05896679311990738	0.184669503569603	0.5651856931640341
16.017492848888864	2850	13.007726458467479	0.0	1388403	3052.765393100499	2.2512917986064953	0.23918387293815613	0.04199793562293053	0.1887863501906395	0.45480173587459594
20.912753865836027	2850	12.112465441520316	0.0	1638769	4895.261016947164	2.2512917986064953	0.22346770763397217	0.03285572677850723	0.1840408354997635	0.3347664188542059
26.125905812958123	2850	10.899313494398218	0.0	1348011	5213.151947122096	2.2512917986064953	0.2293691337108612	0.03827034309506416	0.18344472199678422	0.2585788815812601
33.094081079976995	2850	7.931138227379348	0.0	1429765	6968.175267018871	2.2512917986064953	0.22120097279548645	0.037014976143836975	0.17678300142288209	0.20518499394916667
37.84120880969906	1850	7.184010497657283	0.0	939819	4747.127729722065	1.3870250882258435	0.2157435119152069	0.03313025087118149	0.17598721086978913	0.1979763455943547
42.57102881080163	1850	6.454190496554714	0.0	917428	4729.820001102568	1.8191584434161694	0.21852098405361176	0.04589774087071419	0.16344369500875472	0.1939667893886318
46.70151698014117	1200	6.323702327215178	0.0	624282	4130.488169339536	0.9534302788236118	0.18995977938175201	0.031362611800432205	0.15232464522123337	0.15114000437866462
49.757016226277194	750	7.268203081079155	0.0	434409	3055.4992461360234	0.44628710262841964	0.15254566073417664	0.040418948978185654	0.10404292196035386	0.14217283821927054
52.48434836826066	1200	8.540870939095688	0.0	526950	2727.332141983467	0.9162907318741551	0.15970289707183838	0.050061024725437164	0.09962966740131379	0.19321079082680878
55.24840553403459	1200	9.776813773321763	0.0	587876	2764.0571657739265	1.3862943611198906	0.15868458151817322	0.034295715391635895	0.11752972304821015	0.21268590508163268
58.024164733277395	1200	11.001054574078955	0.0	617242	2775.759199242808	1.3862943611198906	0.1600746512413025	0.03376096859574318	0.11956148892641068	0.2223687127357358
60.27482559814549	1200	12.750393709210858	0.0	581493	2250.6608648680967	1.3862943611198906	0.1540757417678833	0.03164108097553253	0.11610644459724426	0.2583654468235841
64.98232262152804	1200	12.042896685828302	0.0	639204	4707.497023382555	1.3862943611198906	0.1543041467666626	0.032020874321460724	0.11587909758090972	0.13578426004839028
68.47904693617784	1200	12.546172371178503	0.0	586839	3496.7243146497985	1.3862943611198906	0.1324065923690796	0.0323554091155529	0.09358010143041612	0.16782535515922498
71.28639099056089	1200	13.738828316795457	0.0	601738	2807.344054383045	1.3862943611198906	0.13174834847450256	0.0320391021668911	0.09330142587423325	0.2143442301133413
72.47204458766117	1200	16.553174719695175	0.0	616206	1185.653597100282	1.3862943611198906	0.13846632838249207	0.03220915421843529	0.09981534332036973	0.5197184080637353
74.50693998871164	1850	18.518279318644716	0.0	968026	2034.8954010504597	1.3862943611198906	0.190897598862648	0.03466051444411278	0.14930498152971267	0.47571290371990754
77.28471854884482	2850	19.740500758511537	0.0	1323990	2777.778560133179	1.8191584434161694	0.2177780419588089	0.0358169823884964	0.17479766309261321	0.4766362657563755
80.18363286606926	2850	20.841586441287088	0.0	1383735	2898.9143172244526	2.2512917986064953	0.21891185641288757	0.028987528756260872	0.18412682190537452	0.47732869915411935
83.03603267029236	2850	21.989186637063987	0.0	1480464	2852.3998042230983	2.2512917986064953	0.22781014442443848	0.039493121206760406	0.180418398976326	0.5190240154301338
88.64763346480296	4300	20.377585842553394	0.0	2395588	5611.60079451059	2.2512917986064953	0.255287766456604	0.026323966681957245	0.2236990064382553	0.42689921962079425
95.61480011834139	4300	17.410419189014966	0.0	1972048	6967.166653538429	2.662587827025453	0.23531772196292877	0.032471664249897	0.19635172486305236	0.2830487769369564
102.90673202829848	2850	14.118487279057884	0.0	1498470	7291.931909957081	1.8399957701875378	0.21575194597244263	0.05150485038757324	0.15394612550735473	0.20549698193888097
110.77738574680025	2850	10.247833560556108	0.0	1561263	7870.653718501776	2.2512917986064953	0.20484155416488647	0.04357098042964935	0.15255637764930724	0.19836509848348344
115.59796350959532	1850	9.427255797761045	0.0	873429	4820.577762795062	1.3870250882258435	0.19253280758857727	0.03325996920466423	0.1526208445429802	0.18118761753851872
121.77086788900337	1850	7.254351418352988	0.0	954453	6172.904379408057	1.8191584434161694	0.1986699253320694	0.040250323712825775	0.15036953687667848	0.15461976102917152
124.51981796178131	1200	8.50540134557504	0.0	584349	2748.9500727779487	0.9534302788236118	0.181051105260849	0.04125954583287239	0.13153965026140213	0.21257170357026045
127.5331876084691	1200	9.49203169888725	0.0	670129	3013.3696466877896	1.3862943611198906	0.15675468742847443	0.03269641846418381	0.11751898527145385	0.22238526253710253
130.07258328218825	1200	10.952636025168099	0.0	690253	2539.3956737191506	1.3862943611198906	0.17746476829051971	0.03477315232157707	0.13573698550462723	0.27181782151698664
133.7255488622028	1200	11.299670445153554	0.0	598727	3652.9655800145447	1.3862943611198906	0.15975937247276306	0.03454583138227463	0.11830437481403351	0.16390162646909365
137.40270902680294	1200	11.622510280553408	0.0	487812	3677.160164600145	1.3862943611198906	0.13748596608638763	0.032137464731931686	0.09892100840806961	0.13265998166088716
141.00417633487575	1200	12.021042972480602	0.0	575591	3601.4673080728057	1.3862943611198906	0.12345437705516815	0.031653691083192825	0.08546994775533676	0.15982124805347922
142.25410451578404	1200	14.771114791572302	0.0	605884	1249.928180908301	1.3862943611198906	0.12236760556697845	0.03207912668585777	0.08387265354394913	0.4847350505848381
144.1800234309967	1850	16.845195876359657	0.0	930577	1925.918915212643	1.3862943611198906	0.18051648139953613	0.0376436822116375	0.13534406274557115	0.4831859704214255
146.0440300314383	1850	18.981189275918055	0.0	858450	1864.006600441601	1.8191584434161694	0.2021830528974533	0.04759436473250389	0.14506981521844864	0.46054021471631323
149.14019437985638	2850	19.885024927499995	0.0	1527299	3096.164348418058	1.8191584434161694	0.2175506055355072	0.04112197086215019	0.16820424050092697	0.4932874447638259
151.99995592408987	2850	21.0252633832665	0.0	1343002	2859.7615442334977	2.2512917986064953	0.23656266927719116	0.05113010108470917	0.17520654797554017	0.4696202740078334
154.98104542234188	2850	22.04417388501451	0.0	1587250	2981.0894982519894	2.2512917986064953	0.23553095757961273	0.032864492386579514	0.19609356671571732	0.5324395664506919
158.71177396829455	2850	22.31344533906184	0.0	1464921	3730.7285459526693	2.2512917986064953	0.2507930397987366	0.04263859987258911	0.19962671995162964	0.39266351919097386
163.8731995657551	2850	21.152019741601297	0.0	1483527	5161.425597460545	2.2512917986064953	0.2365846037864685	0.03485747426748276	0.1947556346654892	0.2874258229605993
169.09988430413	2850	19.925335003226373	0.0	1231456	5226.684738374924	2.2512917986064953	0.20483089983463287	0.04483907297253609	0.15102401226758957	0.23560938943925727
179.75907263650114	4300	13.266146670855251	0.0	2155012	10659.188332371123	2.2512917986064953	0.21757906675338745	0.0342806838452816	0.17644224613904952	0.2021741180287993

