2.9055435517538575	750	4.0	2.9055435517538575	450283	2905.5435517538576	-6.812455115791106	0.050378359854221344	0.022070560604333878	0.02389368712902069	0.15497375688214968
3.96181417663169	300	6.943729375122167	0.0	155580	1056.2706248778327	-0.9162907318741551	0.11325058341026306	0.027862928807735443	0.07981506884098052	0.14729179846120805
6.140328583066125	750	8.765214968687733	0.0	350812	2178.514406434435	0.0	0.12326135486364365	0.0281053576618433	0.08953492566943169	0.161032673901006
8.3736472607706	750	10.531896290983259	0.0	382355	2233.3186777044743	0.9162907318741551	0.12619449198246002	0.03222131356596947	0.08752891570329666	0.17120485482752743
10.803361385651176	750	12.102182166102683	0.0	411561	2429.7141248805765	0.9162907318741551	0.11639191210269928	0.034164827316999435	0.07539411932229996	0.16938659399703196
12.831575596012371	750	14.07396795574149	0.0	318564	2028.214210361194	0.9162907318741551	0.11244054138660431	0.03480727970600128	0.07067180573940277	0.15706624989244533
15.068197673743038	750	15.837345878010822	0.0	352642	2236.622077730667	0.9162907318741551	0.09669414162635803	0.030595561489462852	0.05997946783900261	0.15766722662319396
17.812208395174483	750	17.09333515657938	0.0	437162	2744.010721431444	0.9162907318741551	0.09089593589305878	0.034381791949272156	0.04963778555393219	0.15931497518783366
20.174100544202147	750	18.73144300755171	0.0	374758	2361.892149027667	0.9162907318741551	0.0970558226108551	0.031843289732933044	0.05884387493133545	0.1586685489234886
23.47659771240651	1200	19.42894583934735	0.0	560821	3302.497168204361	0.9162907318741551	0.1157519668340683	0.033038605004549026	0.07610564082860946	0.16981725386457497
27.1231815533214	1200	19.78236199843246	0.0	607410	3646.58384091489	1.3862943611198906	0.10917890816926956	0.031735610216856	0.07109617590904235	0.1665695967784487
30.92538616248484	1200	19.98015738926902	0.0	594078	3802.204609163441	1.3862943611198906	0.11679062992334366	0.03194640576839447	0.07845494300127029	0.15624566825474148
34.78343319028297	1200	20.122110361470888	0.0	624282	3858.0470277981335	1.3862943611198906	0.11435195058584213	0.03169776126742363	0.07631463706493377	0.1618129575668471
38.97244562664201	1200	19.933097925111845	0.0	687371	4189.012436359044	1.3862943611198906	0.11609497666358948	0.031139878556132317	0.0787271223962307	0.16408903302217
42.15822320925756	1200	20.747320342496305	0.0	526950	3185.777582615538	1.3862943611198906	0.11629824340343475	0.03377942368388176	0.07576293498277664	0.16540702743201915
45.6354971309229	1200	21.27004642083097	0.0	587876	3477.273921665339	1.3862943611198906	0.11113280057907104	0.0335659459233284	0.07085366547107697	0.16906232101451873
49.51197988576671	1200	21.393563665987152	0.0	617242	3876.4827548438147	1.3862943611198906	0.11798283457756042	0.032864540815353394	0.07854538559913635	0.1592273302979956
52.89531292112999	1200	22.01023063062388	0.0	581493	3383.333035363275	1.3862943611198906	0.11662515252828598	0.033584725111722946	0.07632348239421845	0.1718698673533225
56.239433909368095	1200	22.666109642385774	0.0	639204	3344.120988238106	1.3862943611198906	0.11651067435741425	0.03224341198801994	0.07781857997179031	0.19114260585911788
59.79853668539458	1200	23.10700686635929	0.0	586839	3559.102776026483	1.3862943611198906	0.12457913160324097	0.03607095032930374	0.08129399120807648	0.16488397130671492
64.06755047053156	1200	22.83799308122232	0.0	601738	4269.013785136972	1.3862943611198906	0.11232472211122513	0.03297583758831024	0.07275371700525285	0.14095480368206242
68.46265626229697	1200	22.44288728945689	0.0	616206	4395.105791765423	1.3862943611198906	0.11129746586084366	0.03215878829360008	0.07270691990852357	0.14020276853278718
72.47464090287805	1200	22.43090264887583	0.0	656471	4011.984640581065	1.3862943611198906	0.107371486723423	0.03440683335065842	0.06608328670263292	0.1636274958183593
75.84772803207998	1200	23.057815519673884	0.0	536667	3373.0871292019438	1.3862943611198906	0.11244813352823257	0.03623388335108757	0.0689674735069275	0.15910262007580364
79.55575788686804	1200	23.349785664885832	0.0	587236	3708.0298547880525	1.3862943611198906	0.11092939972877502	0.032998744398355484	0.07133090645074844	0.15836873568904042
83.20097424357294	1200	23.70456930818093	0.0	590335	3645.216356704901	1.3862943611198906	0.12169153243303299	0.03068222664296627	0.08487286046147346	0.16194786323565008
87.2688506747463	1200	23.63669287700757	0.0	696376	4067.876431173362	1.3862943611198906	0.11447186768054962	0.0390382781624794	0.06762593388557434	0.17118907414774476
90.1876303537782	1200	24.71791319797568	0.0	487160	2918.7796790318916	1.3862943611198906	0.11722922325134277	0.0360180102288723	0.07400761097669602	0.166905369219777
93.98980910060799	1200	24.915734451145894	0.0	622896	3802.1787468297825	1.3862943611198906	0.11476447433233261	0.03058457374572754	0.07806298583745958	0.16382606959742865
98.01718500590347	1200	24.88835854585041	0.0	641447	4027.3759052954847	1.3862943611198906	0.11569470912218094	0.03203022852540016	0.07725843489170076	0.15927169826799112
101.56235016094355	1200	25.34319339081034	0.0	570392	3545.165155040067	1.3862943611198906	0.11919569969177246	0.03502379357814789	0.07716714739799499	0.1608929274251409
105.35893108415628	1200	25.546612467597598	0.0	620283	3796.5809232127426	1.3862943611198906	0.11328022181987762	0.0325511172413826	0.07421888113021852	0.1633793701610617
108.85000741408557	1200	26.055536137668312	0.0	584349	3491.0763299292867	1.3862943611198906	0.12477714568376541	0.03148709237575531	0.08699263483285904	0.16738362177599142
112.69536832328453	1200	26.210175228469367	0.0	670129	3845.3609091989442	1.3862943611198906	0.12477083504199982	0.032508544623851776	0.08576058149337769	0.17426946802233956
116.99594934168854	1200	25.909594210065347	0.0	690253	4300.581018404022	1.3862943611198906	0.11494073271751404	0.034546833485364914	0.07348453253507614	0.16050226633241246
121.88597559472457	1850	25.019567957029317	0.0	943942	4890.0262530360305	1.3862943611198906	0.12191252410411835	0.029504405334591866	0.08650723770260811	0.1930341374780846
126.54238064539364	1850	24.363162906360255	0.0	728962	4656.405050669063	1.8191584434161694	0.13322636485099792	0.0347631573677063	0.09151057600975038	0.15655038427021248
131.73663893571492	1850	23.168904616038958	0.0	938587	5194.258290321297	1.8191584434161694	0.1216021478176117	0.03387567028403282	0.08095134347677231	0.18069702112213265
136.71147698996836	1850	22.19406656178553	0.0	908665	4974.838054253429	1.8191584434161694	0.12185342609882355	0.03173467144370079	0.0837718203663826	0.18265217683279197
141.32999492119512	1850	21.575548630558785	0.0	930577	4618.517931226746	1.8191584434161694	0.12495767325162888	0.035096727311611176	0.08284160047769547	0.20148822931013824
146.47460974965145	1850	20.430933802102444	0.0	858450	5144.614828456339	1.8191584434161694	0.1352819800376892	0.03184099122881889	0.09707279056310654	0.16686380392399194
153.7030200392673	1850	17.20252351248657	0.0	1025005	7228.410289615871	1.8191584434161694	0.12448863685131073	0.03318220376968384	0.08466999232769012	0.14180227172114082
157.3801813230861	1200	17.525362228667756	0.0	599477	3677.161283818814	0.9534302788236118	0.12520933151245117	0.03420725837349892	0.08416062146425247	0.16302711622630536
161.17082353893971	1200	17.73472001281416	0.0	634861	3790.6422158535934	1.3862943611198906	0.12930363416671753	0.030407465994358063	0.09281467497348786	0.16748111898950063
164.99167183374843	1200	17.91387171800543	0.0	630203	3820.8482948087335	1.3862943611198906	0.12220926582813263	0.03319716081023216	0.08237267285585403	0.16493798009626212
169.025737951197	1200	17.87980560055687	0.0	638661	4034.0661174485554	1.3862943611198906	0.12004321813583374	0.03353971615433693	0.07979555875062944	0.15831693913929623
174.0389794014677	1850	16.866564150286152	0.0	830730	5013.241450270721	1.3862943611198906	0.12569671869277954	0.03392403572797775	0.08498787581920625	0.16570715937791897
181.20553946321456	2850	13.7000040885393	0.0	1364537	7166.56006174685	1.8191584434161694	0.12950491905212402	0.035881634801626205	0.08644695729017257	0.19040334389765706

