2.35567483154165	750	4.0	2.35567483154165	450283	2355.67483154165	-5.349804320026633	0.08899201452732086	0.03014557436108589	0.052817325294017795	0.19114819837223307
4.451489422993825	750	5.904185408547824	0.0	398865	2095.8145914521756	0.9162907318741551	0.13581597805023193	0.035673871636390686	0.09300733208656312	0.19031502196176103
6.281806453080857	750	8.073868378460793	0.0	350812	1830.3170300870318	0.9162907318741551	0.14797218143939972	0.029524989426136017	0.11254219412803651	0.19166734190487145
8.253074902105197	750	10.102599929436453	0.0	382355	1971.2684490243414	0.9162907318741551	0.1419268250465393	0.028795376420021057	0.10737237334251404	0.1939639424499705
11.616447397537307	1200	10.739227434004341	0.0	652874	3363.3724954321096	0.9162907318741551	0.13212800025939941	0.02795439399778843	0.0985827274620533	0.1941129033096056
14.389713985197556	1200	11.965960846344096	0.0	520315	2773.266587660247	1.3862943611198906	0.12377539277076721	0.03488816320896149	0.08190959692001343	0.18761809712602495
18.31515211857374	1200	12.040522712967912	0.0	561791	3925.4381333761853	1.3862943611198906	0.10837559401988983	0.033327508717775345	0.06838258355855942	0.1431154895101647
21.408399889810884	750	12.947274941730768	0.0	437162	3093.247771237144	0.44628710262841964	0.10490584373474121	0.032775867730379105	0.06557480245828629	0.141327831564284
24.463638117801107	1200	13.892036713740547	0.0	584846	3055.2382279902213	0.9162907318741551	0.1099257692694664	0.030773967504501343	0.0729970082640648	0.19142402534833428
28.032853678725445	1200	14.322821152816207	0.0	560821	3569.215560924339	1.3862943611198906	0.10975165665149689	0.03798774629831314	0.06416636109352111	0.15712724278686074
32.62103705840816	1200	13.734637773133487	0.0	607410	4588.18337968272	1.3862943611198906	0.1149781122803688	0.032123666256666183	0.07642971277236939	0.13238572867198767
37.12505961556611	1200	13.230615215975543	0.0	594078	4504.022557157944	1.3862943611198906	0.11965759843587875	0.036027126014232635	0.07642504721879959	0.13189942822463696
41.11449955479006	1200	13.241175276751603	0.0	624282	3989.4399392239407	1.3862943611198906	0.11164471507072449	0.029746847227215767	0.07594849839806557	0.15648361913212325
44.66023452429091	1200	13.695440307250752	0.0	687371	3545.734969500851	1.3862943611198906	0.121760293841362	0.034947726875543594	0.0798230215907097	0.19385853875501707
47.87562420472518	1200	14.480050626816476	0.0	526950	3215.389680434275	1.3862943611198906	0.12168529629707336	0.037432435899972916	0.07676637321710586	0.16388371313328015
51.88255133711034	1200	14.473123494431311	0.0	587876	4006.927132385167	1.3862943611198906	0.11501042544841766	0.03276742994785309	0.07568950951099396	0.146714921578836
55.14613687196867	1200	15.209537959572982	0.0	617242	3263.585534858328	1.3862943611198906	0.11834685504436493	0.03228665143251419	0.0796028733253479	0.18913002077232038
58.48109599541949	1200	15.874578836122172	0.0	581493	3334.9591234508116	1.3862943611198906	0.12267833948135376	0.0319669246673584	0.08431802988052368	0.17436285677717892
62.21846644251719	1200	16.137208389024472	0.0	639204	3737.3704470977	1.3862943611198906	0.1250048279762268	0.034931667149066925	0.08308682739734649	0.17103041002969924
65.2814503820868	1200	17.074224449454857	0.0	586839	3062.983939569616	1.3862943611198906	0.12588556110858917	0.03249810263514519	0.08688783794641494	0.1915906226013244
68.39027090514284	1200	17.965403926398817	0.0	601738	3108.8205230560407	1.3862943611198906	0.11596191674470901	0.03273293003439903	0.07668240070343019	0.19355829503096497
71.54871731899001	1200	18.806957512551634	0.0	616206	3158.446413847179	1.3862943611198906	0.12454685568809509	0.031686123460531235	0.08652350753545762	0.19509781685655506
74.98036698350073	1200	19.37530784804092	0.0	656471	3431.6496645107136	1.3862943611198906	0.11637963354587555	0.02984185889363289	0.08056940287351608	0.19129895653075063
78.05407190483325	1200	20.3016029267084	0.0	536667	3073.704921332518	1.3862943611198906	0.1363755315542221	0.036188192665576935	0.0929497003555298	0.17459938859952215
83.6282714039145	1850	18.72740342762716	0.0	897976	5574.199499081242	1.3862943611198906	0.1260104775428772	0.030841361731290817	0.08900084346532822	0.16109505950549624
88.45213344925538	1850	17.903541382286257	0.0	905935	4823.862045340901	1.8191584434161694	0.12452626973390579	0.03499263525009155	0.08253510743379594	0.18780284168262895
94.27323517007005	1850	16.08243966147159	0.0	1076599	5821.10172081467	1.8191584434161694	0.13044297695159912	0.03816388174891472	0.08464631885290147	0.18494763562546518
98.52854024955487	1850	15.82713458198677	0.0	758197	4255.305079484816	1.8191584434161694	0.13381384313106537	0.0343041867017746	0.09264881908893585	0.17817688410998583
103.54978580983847	1850	14.805889021703155	0.0	972798	5021.245560283616	1.8191584434161694	0.134055495262146	0.03350333124399185	0.09385149776935578	0.19373639235939963
108.75365403480276	1850	13.602020796738868	0.0	975811	5203.868224964286	1.8191584434161694	0.1320272982120514	0.031310658901929855	0.09445450752973557	0.18751647002104804
112.17319444928278	1200	14.182480382258854	0.0	570392	3419.5404144800145	0.9534302788236118	0.13286852836608887	0.03429439663887024	0.09171525239944459	0.16680370191990712
115.46923484120205	1200	14.88643999033958	0.0	620283	3296.040391919274	1.3862943611198906	0.1287107616662979	0.029953215271234512	0.0927669033408165	0.18819035152624786
118.5350171809089	1200	15.820657650632736	0.0	584349	3065.7823397068432	1.3862943611198906	0.1251603066921234	0.03396026790142059	0.0844079852104187	0.19060355082346672
122.01833533599516	1200	16.337339495546466	0.0	670129	3483.3181550862705	1.3862943611198906	0.12662287056446075	0.031061047688126564	0.08934961333870889	0.19238236938577985
125.65469121602244	1200	16.700983615519174	0.0	690253	3636.3558800272926	1.3862943611198906	0.12343007326126099	0.03303508460521698	0.0837879717350006	0.18981997988459243
128.79233024852957	1200	17.56334458301206	0.0	598727	3137.6390325071116	1.3862943611198906	0.1313638985157013	0.03587634861469269	0.08831228017807008	0.1908208668355298
132.49013155289182	1850	17.865543278649778	0.0	728962	3697.8013043622836	1.3862943611198906	0.13732045888900757	0.03969710320234299	0.08968393504619598	0.19713390201362252
140.97644593515008	1850	13.379228896391519	0.0	938587	8486.314382258259	1.8191584434161694	0.12052435427904129	0.031945984810590744	0.0821891725063324	0.11060007415730884
144.32448005628174	1200	14.031194775259841	0.0	605884	3348.0341211316777	0.9534302788236118	0.11527814716100693	0.0362224318087101	0.07181122899055481	0.18096709235305034
147.79238061737001	1200	14.563294214171572	0.0	587506	3467.900561088269	1.3862943611198906	0.12965407967567444	0.03131764382123947	0.09207290709018708	0.1694125854103595
151.96030191948185	1200	14.395372912059718	0.0	566904	4167.921302111854	1.3862943611198906	0.11541508883237839	0.03536272794008255	0.07297981530427933	0.13601600388010063
155.92633621978356	1200	14.429338611758036	0.0	641452	3966.034300301683	1.3862943611198906	0.11390013992786407	0.033436402678489685	0.07377645671367646	0.161736372262642
159.2872337521912	1200	15.068441079350377	0.0	599477	3360.8975324076578	1.3862943611198906	0.1188538521528244	0.036011118441820145	0.07564051002264023	0.1783681276264768
162.7305700222452	1200	15.625104809296397	0.0	634861	3443.336270053979	1.3862943611198906	0.12894979119300842	0.032300885766744614	0.09018872827291488	0.1843738020945737
166.34567470889405	1200	16.010000122647547	0.0	630203	3615.1046866488505	1.3862943611198906	0.12442313134670258	0.0344977043569088	0.08302588611841202	0.17432496556114646
170.24030205314654	1200	16.115372778395066	0.0	638661	3894.627344252481	1.3862943611198906	0.12379461526870728	0.0321611687541008	0.08520121276378631	0.16398513735659656
173.7681178441408	1200	16.58755698740079	0.0	538612	3527.8157909942747	1.3862943611198906	0.11736006289720535	0.03277740627527237	0.0780271753668785	0.15267577218032644
178.0497382358277	1850	16.30593659571388	0.0	846370	4281.620391686911	1.3862943611198906	0.10813254117965698	0.03114158846437931	0.07076263502240182	0.1976751609375019

