3.2996152975754014	750	4.0	3.2996152975754014	450283	3299.615297575401	-7.860685959676412	0.07741867005825043	0.033022042363882065	0.03779221922159195	0.1364653025856904
4.492044032386134	300	6.807571265189267	0.0	155580	1192.4287348107325	-0.9162907318741551	0.11191307753324509	0.0275800209492445	0.07881705239415168	0.13047320603582596
5.508461894877907	300	9.791153402697494	0.0	139857	1016.4178624917732	0.0	0.10646659880876541	0.02699558064341545	0.07407190203666687	0.1375979360074774
7.798828079000997	750	11.500787218574406	0.0	382355	2290.36618412309	0.0	0.10714153945446014	0.02925669215619564	0.07203350886702538	0.16694055415701653
10.25803200494386	750	13.041583292631543	0.0	411561	2459.2039259428625	0.9162907318741551	0.11331314593553543	0.029569214209914207	0.07783008888363838	0.16735537694061173
12.742173412593848	1200	14.557441884981555	0.0	520315	2484.1414076499877	0.9162907318741551	0.11090946197509766	0.03181159496307373	0.07273554801940918	0.20945466244299718
15.38566452544653	1200	15.913950772128874	0.0	561791	2643.4911128526824	1.3862943611198906	0.11596372723579407	0.035223592072725296	0.07369541674852371	0.21251858849404337
18.812113836907862	1200	16.48750146066754	0.0	709534	3426.4493114613315	1.3862943611198906	0.11573895812034607	0.029287803918123245	0.08059359341859818	0.2070755862713737
21.650924182119386	1200	17.648691115456014	0.0	584846	2838.8103452115265	1.3862943611198906	0.11087669432163239	0.03210369870066643	0.07235225588083267	0.2060179895379456
24.36766781283301	1200	18.93194748474239	0.0	560821	2716.7436307136218	1.3862943611198906	0.12940195202827454	0.033907197415828705	0.0887133151292801	0.20643132964765104
27.334002446863565	1200	19.96561285071184	0.0	607410	2966.3346340305548	1.3862943611198906	0.1349036991596222	0.032761964946985245	0.0955893412232399	0.2047678616672698
31.800539285799793	1850	19.499076011775607	0.0	917428	4466.536838936229	1.3862943611198906	0.14067195355892181	0.03084738552570343	0.1036550909280777	0.20540029850475808
36.321608446932544	1850	18.97800685064286	0.0	946851	4521.069161132747	1.8191584434161694	0.12738867104053497	0.03447078540921211	0.08602372854948044	0.20943077096453178
41.20569037001686	1850	18.093924927558543	0.0	1036454	4884.08192308432	1.8191584434161694	0.1360015869140625	0.033540159463882446	0.09575339555740356	0.21221060914258266
45.11500965682839	1850	18.18460564074701	0.0	821631	3909.3192868115316	1.8191584434161694	0.13803935050964355	0.03637147694826126	0.09439357817173005	0.210172395683272
49.502444352853814	1850	17.797170944721586	0.0	923170	4387.434696025423	1.8191584434161694	0.1411357820034027	0.032031890004873276	0.10269751399755478	0.21041224860538657
55.20871479805984	1850	16.090900499515566	0.0	966699	5706.27044520602	1.8191584434161694	0.14138779044151306	0.03577909991145134	0.09845287054777146	0.16940995161071412
58.680850950925205	1200	16.6187643466502	0.0	581493	3472.136152865369	0.9534302788236118	0.1186932623386383	0.03146187588572502	0.08093901127576827	0.16747413534464217
63.37364996646259	1200	15.92596533111281	0.0	639204	4692.799015537388	1.3862943611198906	0.12340572476387024	0.037659186869859695	0.07821470052003861	0.13620954101883748
68.18883084505028	1200	15.110784452525111	0.0	586839	4815.180878587698	1.3862943611198906	0.12235984206199646	0.03222130239009857	0.08369427919387817	0.12187268034095554
70.99349627165061	1200	16.306119025924783	0.0	601738	2804.665426600329	1.3862943611198906	0.11667253077030182	0.03441859781742096	0.07537021338939667	0.21454894202100813
73.88634732361422	1200	17.413267973961187	0.0	616206	2892.8510519635984	1.3862943611198906	0.1360308974981308	0.03664369136095047	0.09205846786499024	0.21300992997262477
76.97434001831164	1200	18.325275279263764	0.0	656471	3087.9926946974215	1.3862943611198906	0.13031215965747833	0.035782936960458755	0.08737263530492784	0.21258826198885314
79.57543854638249	1200	19.724176751192914	0.0	536667	2601.098528070849	1.3862943611198906	0.13123804330825806	0.0331123061478138	0.0915032759308815	0.2063232108312439
82.4034291373701	1200	20.89618616020531	0.0	587236	2827.9905909876047	1.3862943611198906	0.13535377383232117	0.037995629012584686	0.08975901901721955	0.2076513273670131
86.62962079761795	1850	20.669994499957465	0.0	905935	4226.191660247847	1.3862943611198906	0.14322645962238312	0.03306575492024422	0.10354755371809006	0.21436202444895058
96.34987022921263	1850	14.949745068362787	0.0	1076599	9720.249431594679	1.8191584434161694	0.13059642910957336	0.03177758306264877	0.09246332943439484	0.11075837174513493
99.63808815349972	1200	15.661527144075693	0.0	487160	3288.217924287094	0.9534302788236118	0.12399914115667343	0.034313540905714035	0.08282289206981659	0.14815319763382753
104.23319595737384	1200	15.06641934020157	0.0	622896	4595.107803874124	1.3862943611198906	0.11427748948335648	0.0325489416718483	0.07521875947713852	0.13555634091431717
111.6725205943162	1200	11.627094703259209	0.0	641447	7439.3246369423605	1.3862943611198906	0.11995822936296463	0.03840437904000282	0.07387297451496125	0.08622382155695807
115.9002316303096	750	11.399383667265809	0.0	358218	4227.7110359933995	0.44628710262841964	0.1041780412197113	0.04073326662182808	0.05529812127351761	0.0847309565271242
120.79388141264232	750	10.505733884933084	0.0	400322	4893.6497823327245	0.9162907318741551	0.09554263949394226	0.033041756600141525	0.055892531573772435	0.08180438278302231
123.70731157132542	750	11.59230372624999	0.0	369834	2913.4301586830957	0.9162907318741551	0.09616567939519882	0.03785176947712898	0.05074355602264404	0.1269410900061422
125.72727444372626	750	13.57234085384915	0.0	412837	2019.9628724008392	0.9162907318741551	0.09900890290737152	0.029875725507736206	0.06315803229808808	0.20437850895215715
127.69202757526608	750	15.60758772230932	0.0	401088	1964.7531315398276	0.9162907318741551	0.1140926331281662	0.03289857879281044	0.07461433857679367	0.20414167742573186
130.54983422211916	1200	16.749781075456237	0.0	598727	2857.806646853083	0.9162907318741551	0.11963099241256714	0.03293130546808243	0.08011342585086823	0.20950577627751593
132.89188847669834	1200	18.40772682087706	0.0	487812	2342.054254579179	1.3862943611198906	0.12121881544589996	0.03365534916520119	0.08083239644765855	0.20828381710040708
135.6033382278275	1200	19.696277069747907	0.0	575591	2711.4497511291543	1.3862943611198906	0.11849799752235413	0.03365713357925415	0.07810943722724914	0.21228164001944025
138.4529225623409	1200	20.846692735234505	0.0	605884	2849.5843345134017	1.3862943611198906	0.1162906140089035	0.034678395837545395	0.07467653900384903	0.2126218875720558
141.22333976050263	1200	22.07627553707276	0.0	587506	2770.417198161743	1.3862943611198906	0.12240691483020782	0.03369607403874397	0.08197162598371506	0.21206408926057357
143.93351197279097	1200	23.366103324784426	0.0	566904	2710.172212288335	1.3862943611198906	0.1285833716392517	0.037146423012018204	0.08400766402482987	0.20917637537185668
148.9113705414337	1850	22.38824475614168	0.0	1025005	4977.858568642742	1.3862943611198906	0.14415113627910614	0.030960336327552795	0.10699873268604279	0.20591284100694665
152.88850523466334	1850	22.41111006291206	0.0	886255	3977.1346932296215	1.8191584434161694	0.13575991988182068	0.03424040600657463	0.09467143267393113	0.22283756230551977
158.22205416733507	1850	21.07756113024033	0.0	973972	5333.548932671729	1.8191584434161694	0.13974948227405548	0.039045896381139755	0.09289440661668777	0.18261236791768015
162.9223212394956	1850	20.377294058079794	0.0	958994	4700.2670721605355	1.8191584434161694	0.14439722895622253	0.03389487788081169	0.10372337549924851	0.20402968284080647
167.62713351108187	1850	19.67248178649353	0.0	982064	4704.812271586265	1.8191584434161694	0.13455164432525635	0.03563884645700455	0.09178502857685089	0.208736064971385
173.98389258049966	2850	17.315722717075733	0.0	1231456	6356.759069417801	1.8191584434161694	0.15720093250274658	0.03174880892038345	0.11910236179828644	0.19372387509926278
183.21525537285612	2850	12.084359924719264	0.0	1364537	9231.362792356469	2.2512917986064953	0.13513880968093872	0.03976850211620331	0.08741660714149475	0.1478153367701929

