4.57958804681	750	4.0	4.579588046812272	450283	4579.58804681	-11.26541347264649	0.282341494808	0.0669880399443	0.215353454863	0.0983239093554
5.95393427449	300	6.625653772321356	0.0	155580	1374.34622768	-0.9162907318741551	0.0983239093554	0.0233282251759	0.0749956841795	0.113202915588
8.67388129675	750	7.9057067500616744	0.0	350812	2719.94702226	0.0	0.105240110459	0.0249691556247	0.0802709548341	0.128977512109
11.6117489271	750	8.967839119749781	0.0	382355	2937.86763031	0.9162907318741551	0.112118304942	0.0266010686636	0.0855172362786	0.130147116247
14.7429096419	750	9.83667840486833	0.0	411561	3131.16071488	0.9162907318741551	0.116140433955	0.027555354675	0.0885850792796	0.131440394626
18.6771122601	1200	9.902475786674984	0.0	520315	3934.20261819	0.9162907318741551	0.118908682125	0.0184826948321	0.100425987293	0.132254245776
27.2122674143	1200	5.367320632561177	0.0	561791	8535.15515411	1.3862943611198906	0.126775484598	0.0197054794665	0.107070005131	0.0658208304191
28.620628058	300	7.958959988785846	0.0	173849	1408.36064378	-1.3862943611198906	0.109173008866	0.052491244835	0.0566817640314	0.123440683158
29.8521862069	300	10.727401839913087	0.0	150710	1231.55814887	0.0	0.108350266137	0.0520956636333	0.0562546025038	0.122373434123
30.9921772638	300	13.587410783046158	0.0	139105	1139.99105687	0.0	0.107216233367	0.0515504117217	0.0556658216455	0.122022887076
33.7310434254	750	14.84854462137487	0.0	353220	2738.86616167	0.0	0.105883071451	0.0509094169442	0.0549736545071	0.128965776036
36.8552508574	750	15.724337189371846	0.0	405134	3124.207432	0.9162907318741551	0.105452521795	0.050702405269	0.0547501165255	0.129675768597
41.6050980142	1200	14.974490032636934	0.0	624282	4749.84715673	0.9162907318741551	0.125208205136	0.0197073986912	0.105500806444	0.131432018631
46.8417728166	1200	13.737815230180686	0.0	687371	5236.67480246	1.3862943611198906	0.126771876826	0.0199535159595	0.106818360866	0.131260967299
50.9882235371	1200	13.591364509706247	0.0	526950	4146.45072047	1.3862943611198906	0.128575600324	0.0202374166677	0.108338183657	0.127084592468
55.5067035916	1200	13.072884455230794	0.0	587876	4518.48005448	1.3862943611198906	0.129663955103	0.0204087204694	0.109255234634	0.13010481244
60.1868779162	1200	12.392710130647629	0.0	617242	4680.17432458	1.3862943611198906	0.129892622112	0.0204447119758	0.109447910136	0.131884403698
65.1652003664	1200	11.414387680367616	0.0	581493	4978.32245028	1.3862943611198906	0.130329872445	0.00589258592601	0.124437286519	0.116805009279
70.845446335	1200	9.734141711820216	0.0	639204	5680.24596855	1.3862943611198906	0.127171547471	0.0131971108839	0.113974436587	0.112531042412
76.1504046575	1200	8.429183389357368	0.0	586839	5304.95832246	1.3862943611198906	0.123198236678	0.0141830813821	0.109015155296	0.110620850218
81.5184043139	1200	7.061183732913843	0.0	601738	5367.99965644	1.3862943611198906	0.119742957573	0.0137852956177	0.105957661955	0.112097250095
86.6357433418	1200	5.943844704977383	0.0	616206	5117.33902794	1.3862943611198906	0.116303889114	0.0133893760888	0.102914513025	0.120415316757
89.7350157717	750	6.844572275122691	0.0	401853	3099.27242985	0.44628710262841964	0.114382403559	0.0131681668675	0.101214236692	0.129660431309
92.3925715192	750	8.187016527562752	0.0	343800	2657.55574756	0.9162907318741551	0.116647475322	0.0134289311285	0.103218544193	0.129366994584
95.185721442	750	9.393866604851826	0.0	359903	2793.14992271	0.9162907318741551	0.119881928834	0.0126368076999	0.107245121134	0.128852016526
99.7547871146	1200	8.824800932232028	0.0	590335	4569.06567262	0.9162907318741551	0.123674647597	0.0130365998799	0.110638047718	0.129202564003
105.266551199	1200	7.313036847358197	0.0	696376	5511.76408487	1.3862943611198906	0.127396270352	0.0134288977978	0.113967372554	0.126343578803
109.126586833	1200	7.453001214178454	0.0	487160	3860.03563318	1.3862943611198906	0.12867379505	0.0135635622473	0.115110232803	0.126206088828
113.936793248	1200	6.642794798378018	0.0	622896	4810.2064158	1.3862943611198906	0.127978554762	0.0114565812642	0.116521973498	0.129494650781
118.846249617	1200	5.733338429511975	0.0	641447	4909.45636887	1.3862943611198906	0.12800352115	0.00833104976924	0.11967247138	0.130655402922
123.181693228	1200	5.397894819155448	0.0	570392	4335.44361036	1.3862943611198906	0.128355516272	0.00526635518538	0.123089161087	0.131564852703
127.953072764	1200	4.626515282807737	0.0	620283	4771.37953635	1.3862943611198906	0.128815066677	0.00306743367553	0.125747633001	0.130000767131
132.435573609	1200	4.1440144380550175	0.0	584349	4482.50084475	1.3862943611198906	0.129558274115	0.00308513144633	0.126473142669	0.130362273257
139.846957361	750	4.0	3.2673693142278735	412837	7411.38375228	-8.244915273217725	0.13041191459	0.00310545892514	0.127306455665	0.0557030932143
141.284500085	300	6.562457275875773	0.0	179328	1437.54272412	-0.9162907318741551	0.102944092179	0.0589733830566	0.0439707091221	0.124746205445
142.575075607	300	9.271881754007456	0.0	159914	1290.57552187	0.0	0.102181351599	0.0585364333352	0.0436449182635	0.123909060175
146.588773837	300	9.258183524058222	0.0	131610	4013.69822995	0.0	0.101210009276	0.0579799823366	0.0432300269391	0.0327902080475
148.724884702	300	11.122072659536759	0.0	124011	2136.11086452	0.0	0.0692454834836	0.0468112022694	0.0224342812142	0.058054571071
149.90877196	300	13.938185400606041	0.0	144254	1183.88725893	0.0	0.0611537633954	0.0413410527853	0.0198127106101	0.121847751052
151.136560957	300	16.710396404430707	0.0	149991	1227.78899618	0.0	0.0694292513448	0.0469354326754	0.0224938186695	0.122163499158
152.348869176	300	19.49808818469704	0.0	147968	1212.30821973	0.0	0.0692662465632	0.0468252384877	0.0224410080755	0.122054769234
153.664002688	300	22.18295467348948	0.0	161857	1315.13351121	0.0	0.0691487956681	0.0467458395532	0.0224029561149	0.123072675603
158.279827049	1200	21.567130311584148	0.0	599477	4615.82436191	0.0	0.100127742252	0.0332918487317	0.0668358935199	0.129874309115
167.556707078	1200	16.290250283152076	0.0	634861	9276.88002843	1.3862943611198906	0.123729330399	0.0411392293354	0.0825901010638	0.0684347537161
172.538660427	1200	15.308296933615358	0.0	630203	4981.95334954	1.3862943611198906	0.106800442353	0.0477290649713	0.0590713773819	0.126497170042
177.567428299	1200	14.279529061835296	0.0	638661	5028.76787178	1.3862943611198906	0.107444046832	0.048016691495	0.0594273553366	0.127001487498
181.789110161	1200	14.057847200111196	0.0	538612	4221.68186172	1.3862943611198906	0.10818593212	0.0483482396642	0.0598376924558	0.127582328001
188.298098325	1850	11.548859035700211	0.0	846370	6508.98816441	1.3862943611198906	0.108862435133	0.0486505685266	0.0602118666059	0.130030963127

