2.856533918711018	750	4.0	2.856533918711018	450283	2856.533918711018	-6.682089491897154	0.15065988898277283	0.030913585796952248	0.11356358602643013	0.15763264600169202
3.8958709291534737	300	6.9606629895575445	0.0	155580	1039.3370104424557	-0.9162907318741551	0.11804012954235077	0.02639480121433735	0.08636636808514594	0.14969158072583993
6.159014351946835	750	8.697519566764182	0.0	350812	2263.143422793362	0.0	0.11926697194576263	0.028391016647219658	0.08519775196909904	0.15501094471820895
8.649053497631119	750	10.207480421079897	0.0	382355	2490.0391456842835	0.9162907318741551	0.11487099528312683	0.026589028537273407	0.08296416103839874	0.15355381085582318
11.286904415878853	750	11.569629502832164	0.0	411561	2637.8509182477333	0.9162907318741551	0.10780797153711319	0.03421296551823616	0.06675241291522979	0.15602132673721794
13.295953879244571	750	13.560580039466446	0.0	318564	2009.049463365718	0.9162907318741551	0.09694486111402512	0.034792933613061905	0.05519334077835083	0.15856453801108333
15.51136108426527	750	15.345172834445748	0.0	352642	2215.407205020698	0.9162907318741551	0.0963505357503891	0.03365873917937279	0.05596004873514176	0.1591770574731454
18.260281256182363	750	16.596252662528656	0.0	437162	2748.9201719170946	0.9162907318741551	0.09880448877811432	0.03338555246591568	0.058741825819015506	0.15903044565136412
20.628566705989535	750	18.227967212721484	0.0	374758	2368.2854498071715	0.9162907318741551	0.1043575257062912	0.034077245742082596	0.06346483081579209	0.1582402155240675
24.130949855740365	1200	18.725584062970654	0.0	560821	3502.38314975083	0.9162907318741551	0.1090286374092102	0.030914725735783577	0.07193096652626992	0.1601255419584515
28.004701363681058	1200	18.851832555029954	0.0	607410	3873.7515079406967	1.3862943611198906	0.1078442931175232	0.03333684056997299	0.0678400844335556	0.15680148784837822
31.869103112484176	1200	18.98743080622684	0.0	594078	3864.401748803117	1.3862943611198906	0.1123335063457489	0.03316923603415489	0.07253042310476304	0.15373091066010358
35.93967198150594	1200	18.916861937205073	0.0	624282	4070.5688690217644	1.3862943611198906	0.10975421965122223	0.03420069068670273	0.06871339082717895	0.15336480479447753
40.46187820646872	1200	18.394655712242297	0.0	687371	4522.206224962776	1.3862943611198906	0.10239218175411224	0.034390419721603394	0.06112367808818817	0.15199903892168432
43.91184208134305	1200	18.94469183736796	0.0	526950	3449.9638748743405	1.3862943611198906	0.11775067448616028	0.033337172120809555	0.07774606794118882	0.15274072979074116
47.67543773585136	1200	19.18109618285965	0.0	587876	3763.5956545083054	1.3862943611198906	0.10960520803928375	0.03683970868587494	0.06539755761623384	0.15620062673199228
51.53520722327563	1200	19.32132669543539	0.0	617242	3859.7694874242634	1.3862943611198906	0.10984380543231964	0.03327863663434982	0.06990944147109986	0.15991680384309778
55.64139890207929	1200	19.215135016631727	0.0	581493	4106.191678803663	1.3862943611198906	0.11817717552185059	0.03099382109940052	0.08098459020256996	0.1416137008415101
59.75030566686595	1200	19.106228251845067	0.0	639204	4108.906764786661	1.3862943611198906	0.11427944153547287	0.031539153307676315	0.0764324575662613	0.1555654670672938
63.433063580634666	1200	19.423470338076346	0.0	586839	3682.75791376872	1.3862943611198906	0.12262457609176636	0.03265173360705376	0.08344249576330184	0.1593476991267838
67.18709612889684	1200	19.669437789814175	0.0	601738	3754.032548262168	1.3862943611198906	0.11542477458715439	0.03258150815963745	0.07632696479558945	0.1602910982427574
71.00019941192988	1200	19.856334506781124	0.0	616206	3813.1032830330532	1.3862943611198906	0.11119931191205978	0.03379778936505318	0.07064196467399597	0.16160223163686555
75.08872274311011	1200	19.76781117560091	0.0	656471	4088.523331180211	1.3862943611198906	0.11432266235351562	0.03337027132511139	0.07427833676338197	0.16056432771058696
78.44281638335102	1200	20.413717535360004	0.0	536667	3354.093640240909	1.3862943611198906	0.11636170744895935	0.03419439494609833	0.07532843351364135	0.16000358295347225
82.09888390142635	1200	20.757650017284664	0.0	587236	3656.0675180753374	1.3862943611198906	0.10901850461959839	0.03353291377425194	0.06877900809049606	0.1606195720119355
85.9474202441328	1200	20.90911367457821	0.0	590335	3848.536342706451	1.3862943611198906	0.11018970608711243	0.034693650901317596	0.06855732500553131	0.15339208141265775
90.49864781865922	1200	20.35788610005178	0.0	696376	4551.227574526432	1.3862943611198906	0.10749611258506775	0.031536899507045746	0.06965183317661286	0.15300838918661627
93.69689727044367	1200	21.15963664826734	0.0	487160	3198.249451784439	1.3862943611198906	0.10846701264381409	0.033509936183691025	0.06825508922338486	0.15232082654722032
97.75534007510151	1200	21.1011938436095	0.0	622896	4058.44280465784	1.3862943611198906	0.1083902046084404	0.03216913342475891	0.06978724449872971	0.1534815272707817
102.05517513598005	1200	20.80135878273097	0.0	641447	4299.835060878535	1.3862943611198906	0.1176341325044632	0.0349247120320797	0.07572447806596756	0.14917944314564954
106.31527401266736	1200	20.541259906043656	0.0	570392	4260.098876687311	1.3862943611198906	0.11612104624509811	0.03520141914486885	0.0738793432712555	0.13389172798814045
110.7860345967091	1200	20.07049932200191	0.0	620283	4470.760584041744	1.3862943611198906	0.09678369015455246	0.032957129180431366	0.05723513513803482	0.13874216441249013
114.91212171698591	1200	19.944412201725115	0.0	584349	4126.087120276798	1.3862943611198906	0.10490932315587997	0.0337655246257782	0.06439069360494615	0.1416230396901554
119.52067575553818	1200	19.335858163172837	0.0	670129	4608.554038552275	1.3862943611198906	0.1172059178352356	0.03421793505549431	0.07614439576864243	0.14540981713442452
124.18159553412944	1200	18.674938384581573	0.0	690253	4660.919778591267	1.3862943611198906	0.11308607459068298	0.03461442515254021	0.07154876440763475	0.14809373102075243
128.33187274627744	1200	18.524661172433575	0.0	598727	4150.277212147996	1.3862943611198906	0.10774233937263489	0.03462887927889824	0.06618768423795701	0.14426192984109754
131.70254464946743	1200	19.153989269243596	0.0	487812	3370.671903189978	1.3862943611198906	0.11211209744215012	0.03145502135157585	0.07436607182025909	0.14472248086155715
135.61661032041724	1200	19.239923598293778	0.0	575591	3914.0656709498185	1.3862943611198906	0.11157618463039398	0.03465406969189644	0.06999130100011826	0.1470570624994962
139.7003310661556	1200	19.156202852555428	0.0	605884	4083.7207457383506	1.3862943611198906	0.10525307059288025	0.03294024616479874	0.06572477519512177	0.14836567868463643
143.65668683283985	1200	19.19984708587116	0.0	587506	3956.355766684268	1.3862943611198906	0.10831849277019501	0.034694697707891464	0.06668485552072526	0.14849675677482754
147.51553794755642	1200	19.34099597115461	0.0	566904	3858.851114716552	1.3862943611198906	0.1168450117111206	0.03467788174748421	0.07523155361413955	0.14691004735528423
151.92499274842973	1200	18.93154117028127	0.0	641452	4409.454800873335	1.3862943611198906	0.10917225480079651	0.03312213718891144	0.06942569017410279	0.1454719526488749
156.07911438435735	1200	18.777419534353644	0.0	599477	4154.121635927625	1.3862943611198906	0.106147900223732	0.033218156546354294	0.06628611236810684	0.14430896650096173
160.43078310370015	1200	18.425750815010844	0.0	634861	4351.6687193428015	1.3862943611198906	0.10922305285930634	0.031395457684993744	0.07154850363731385	0.14588909242518766
164.73291095559512	1200	18.123622963115867	0.0	630203	4302.127851894977	1.3862943611198906	0.11045243591070175	0.03262855485081673	0.07129817008972168	0.14648634854550216
169.20394162360842	1200	17.652592295102565	0.0	638661	4471.030668013304	1.3862943611198906	0.11026865243911743	0.035656873136758804	0.06748040467500688	0.14284424496774656
172.8860662011072	1200	17.970467717603775	0.0	538612	3682.1245774987933	1.3862943611198906	0.1067112535238266	0.034094806760549545	0.06579748541116714	0.14627750600602174
178.67907751818217	1850	16.177456400528808	0.0	846370	5793.0113170749655	1.3862943611198906	0.10829544812440872	0.033211205154657364	0.06844200193881989	0.1461019068796422

