9.792411496435983	750	4.0	9.792411496435983	450283	9792.411496435983	-25.13152384864556	0.04181709885597229	0.02306559309363365	0.01413838714361191	0.04598285112547442
11.890679629940731	300	5.901731866495252	0.0	155580	2098.2681335047473	-0.9162907318741551	0.04522432014346123	0.021456656977534294	0.019476331770420074	0.0741468630799506
13.802773106900188	300	7.989638389535794	0.0	139857	1912.0934769594592	0.0	0.08339152485132217	0.0259015504270792	0.05230966433882714	0.0731433905743957
15.21686646163382	300	10.575545034802163	0.0	155432	1414.0933547336317	0.0	0.07679707556962967	0.027131538838148117	0.04423922896385193	0.10991636406443493
16.592915157753996	300	13.199496338681985	0.0	163442	1376.0486961201768	0.0	0.09342710673809052	0.029819993302226067	0.05764311477541924	0.11877631980672713
17.60716881627	300	16.18524268016598	0.0	126289	1014.2536585160057	0.0	0.08428242802619934	0.029884925112128258	0.048420517891645434	0.12451421687231416
20.716121630320718	750	17.076289866115264	0.0	352642	3108.9528140507155	0.0	0.08637818694114685	0.0299561507999897	0.05043080598115921	0.113427903571343
24.09090939173508	750	17.701502104700907	0.0	437162	3374.7877614143604	0.9162907318741551	0.08347685635089874	0.030871234834194183	0.04643137454986573	0.12953762752084505
26.240489325608177	750	19.551922170827808	0.0	374758	2149.579933873098	0.9162907318741551	0.07774524390697479	0.033632513135671616	0.03738622814416886	0.1743401090113284
28.842044446716663	750	20.950367049719322	0.0	362795	2601.5551211084844	0.9162907318741551	0.08829271793365479	0.030992114916443825	0.051102180033922195	0.13945312826791784
31.036316663721756	750	22.756094832714233	0.0	353220	2194.27221700509	0.9162907318741551	0.0936846137046814	0.0338665209710598	0.05304478853940964	0.160973646415713
33.857268723541495	750	23.935142772894494	0.0	405134	2820.9520598197364	0.9162907318741551	0.10131920874118805	0.034673091024160385	0.059711499512195586	0.14361605281086867
38.04173552255656	1200	23.75067597387943	0.0	624282	4184.466799015064	0.9162907318741551	0.10044058412313461	0.035626184195280075	0.057689163088798526	0.14919033415367114
44.143391204761855	1200	21.64902029167413	0.0	687371	6101.655682205302	1.3862943611198906	0.1084095761179924	0.03066157177090645	0.07161568999290466	0.11265319378879893
49.891992929005724	1200	19.900418567430265	0.0	526950	5748.601724243867	1.3862943611198906	0.09716102480888367	0.03202151134610176	0.05873521119356156	0.09166576939530657
54.06034387027844	750	19.73206762615755	0.0	366214	4168.350941272716	0.44628710262841964	0.08566328883171082	0.03603314608335495	0.04242351353168488	0.08785584639094339
58.37277366857508	750	19.41963782786091	0.0	360831	4312.429798296636	0.9162907318741551	0.09083995223045349	0.034911416471004486	0.048946252465248107	0.0836723185946179
62.90693460127877	750	18.885476895157215	0.0	372963	4534.160932703697	0.9162907318741551	0.08236594498157501	0.030670516192913055	0.04556132555007935	0.08225623341022528
67.67578529249867	750	18.116626203937308	0.0	405596	4768.850691219907	0.9162907318741551	0.08353457599878311	0.03428984805941582	0.042386758327484134	0.08505110062404692
72.86890980171698	750	16.923501694719008	0.0	350713	5193.124509218296	0.9162907318741551	0.0799514651298523	0.03016332909464836	0.04375547021627426	0.06753410194141324
81.72050360048446	750	12.071907895951519	0.0	386472	8851.59379876749	0.9162907318741551	0.07535146176815033	0.031796909868717194	0.0371951699256897	0.04366128956954769
83.83930699927467	300	13.953104497161307	0.0	157812	2118.8033987902118	-0.9162907318741551	0.06977961957454681	0.029804188758134842	0.034014593064785006	0.07448166266398622
85.95875705364068	300	15.8336544427953	0.0	163927	2119.4500543660088	0.0	0.06670117378234863	0.029222987592220306	0.03163358867168427	0.07734412031192474
87.72263000942304	300	18.069781487012946	0.0	137654	1763.8729557823517	0.0	0.07598645240068436	0.027895307168364525	0.042512083798646925	0.07804076792987887
89.01976092045301	300	20.772650575982965	0.0	146754	1297.1309110299828	0.0	0.06332439184188843	0.02655845880508423	0.03145424127578735	0.11313738555769243
92.08303684029485	750	21.709374656141126	0.0	379700	3063.2759198418385	0.0	0.07299474626779556	0.028387799859046936	0.03892938643693924	0.1239522687266136
95.79414673025074	750	21.998264766185223	0.0	425781	3711.1098899559015	0.9162907318741551	0.07597985863685608	0.02893458493053913	0.041258356720209124	0.11473144493844656
97.8423489771837	750	23.95006251925227	0.0	277716	2048.202246932952	0.9162907318741551	0.08223942667245865	0.031930696219205856	0.043922591209411624	0.1355901256410891
100.1797948638495	750	25.612616632586484	0.0	400396	2337.4458866657897	0.9162907318741551	0.08588986843824387	0.030314117670059204	0.049512927234172825	0.17129637194345412
102.89420321928324	750	26.898208277152733	0.0	400508	2714.4083554337476	0.9162907318741551	0.09197612851858139	0.03158959746360779	0.054068611562252046	0.1475489121591659
106.60372632080114	1200	27.188685175634834	0.0	570392	3709.5231015179015	0.9162907318741551	0.09487265348434448	0.03264441713690758	0.055699352920055394	0.15376423987401536
110.7838268325734	1200	27.008584663862575	0.0	620283	4180.100511772258	1.3862943611198906	0.09619053453207016	0.03353859856724739	0.055944216251373295	0.1483894940452079
114.89470228765856	1200	26.897709208777407	0.0	584349	4110.8754550851645	1.3862943611198906	0.09519872814416885	0.03361537307500839	0.054860280454158784	0.1421470940641509
122.85730732388474	1200	22.935104172551227	0.0	670129	7962.605036226182	1.3862943611198906	0.09815928339958191	0.033659085631370544	0.057768380641937254	0.08415951776475437
130.67856131671016	1200	19.113850179725823	0.0	690253	7821.253992825406	1.3862943611198906	0.0936543196439743	0.03138554096221924	0.05599167048931122	0.08825349498087941
137.75260481012884	1200	16.039806686307152	0.0	598727	7074.0434934186715	1.3862943611198906	0.09583216905593872	0.03210761770606041	0.05730302780866623	0.08463716692681138
141.65222029032353	750	16.14019120611247	0.0	321064	3899.615480194681	0.44628710262841964	0.08886902034282684	0.033111315220594406	0.04913544207811356	0.08233222009467751
146.9801932259017	750	14.812218270534308	0.0	361565	5327.972935578163	0.9162907318741551	0.0833146721124649	0.031056882813572884	0.04604641273617745	0.06786164351279028
155.67708181609936	750	10.115329680336655	0.0	378327	8696.888590197652	0.9162907318741551	0.07444185018539429	0.032120127230882645	0.035897697508335116	0.04350141962568269
157.76453759869878	300	12.027873897737233	0.0	149991	2087.4557825994216	-0.9162907318741551	0.0603954903781414	0.02918468602001667	0.025373867154121398	0.07185349804785923
159.69603477059076	300	14.09637672584526	0.0	147968	1931.4971718919742	0.0	0.06712666153907776	0.028856009244918823	0.032499450445175174	0.07660792992777711
161.52932791839154	300	16.26308357804446	0.0	161857	1833.2931478008034	0.0	0.0691431388258934	0.02962956763803959	0.0335876576602459	0.08828757157258878
162.75139344256812	300	19.04101805386792	0.0	145210	1222.0655241765385	0.0	0.06941752135753632	0.030910411849617958	0.03232502713799477	0.11882341587031228
164.16035588135838	300	21.632055615077654	0.0	172312	1408.962438790266	0.0	0.08098120987415314	0.031186819076538086	0.043557026982307435	0.12229708561141411
167.61632534599983	750	22.176086150436216	0.0	398987	3455.96946464144	0.0	0.07628470659255981	0.02920003980398178	0.04124465882778168	0.11544864735701454
170.64759877119252	750	23.144812725243533	0.0	393804	3031.2734251926813	0.9162907318741551	0.08454160392284393	0.031135259196162224	0.047179292887449265	0.12991371768944535
172.4696169508134	750	25.322794545622667	0.0	331053	1822.0181796208678	0.9162907318741551	0.08621455729007721	0.030576085671782494	0.04952325448393822	0.1816957721403673
181.65167240852972	2850	20.140739087906333	0.0	1364537	9182.055457716333	0.9162907318741551	0.09810771048069	0.034967560321092606	0.05614663809537888	0.14860910024816748

