3.583219574890856	750	4.0	3.583219574890856	450283	3583.219574890856	-8.615073337335524	0.13224783539772034	0.03525891527533531	0.08993713706731796	0.12566436150196447
4.873638137131756	300	6.709581437759099	0.0	155580	1290.4185622409004	-0.9162907318741551	0.10074461996555328	0.027440743520855904	0.0678157277405262	0.12056553164410828
6.0433759020947075	300	9.539843672796149	0.0	139857	1169.7377649629511	0.0	0.1104860007762909	0.028566667810082436	0.07620599940419198	0.11956269532293819
9.104215671676117	750	10.479003903214739	0.0	382355	3060.839769581409	0.0	0.10129785537719727	0.028619321063160896	0.06695467010140418	0.12491833247850463
12.473139427089286	750	11.11008014780157	0.0	411561	3368.92375541317	0.9162907318741551	0.10162845999002457	0.029494578018784523	0.06623496636748313	0.12216394014222073
15.136858212750216	750	12.44636136214064	0.0	318564	2663.71878566093	0.9162907318741551	0.08790428191423416	0.03036685474216938	0.05146405622363091	0.11959370550482376
17.88979185427284	750	13.693427720618017	0.0	352642	2752.9336415226235	0.9162907318741551	0.07670588046312332	0.029724756255745888	0.04103617295622826	0.12809680359928938
21.292248477821396	750	14.29097109706946	0.0	437162	3402.4566235485545	0.9162907318741551	0.08117610961198807	0.0315532386302948	0.04331222325563431	0.1284842243026354
24.372043959773578	750	15.211175615117277	0.0	374758	3079.795481952183	0.9162907318741551	0.08578398078680038	0.03428679332137108	0.04463982880115509	0.12168275529856061
27.433935742043605	750	16.14928383284725	0.0	362795	3061.891782270029	0.9162907318741551	0.09020494669675827	0.029728630557656288	0.05453059002757073	0.11848720523069256
30.48279100299516	750	17.100428571895698	0.0	353220	3048.855260951552	0.9162907318741551	0.093844473361969	0.03318597003817558	0.0540213093161583	0.11585331862876283
33.680155239386295	750	17.90306433550456	0.0	405134	3197.3642363911363	0.9162907318741551	0.09092645347118378	0.032725490629673004	0.05165586471557617	0.1267087419659371
36.76632478402567	750	18.81689479086518	0.0	386351	3086.1695446393787	0.9162907318741551	0.09647119045257568	0.03503800928592682	0.054425579309463505	0.12518787267247997
40.498020425198526	750	19.085199149692325	0.0	434409	3731.695641172856	0.9162907318741551	0.09592500329017639	0.03513998165726662	0.05375702530145645	0.11641061913170044
43.508920230235724	750	20.074299344655127	0.0	337059	3010.899805037199	0.9162907318741551	0.08936364203691483	0.03571610525250435	0.04650431573390961	0.11194626916382418
46.72731251144459	750	20.855907063446267	0.0	366214	3218.3922812088613	0.9162907318741551	0.09097317606210709	0.034703388810157776	0.049329109489917755	0.11378786922222117
49.51522120692709	750	22.067998367963764	0.0	360831	2787.9086954825034	0.9162907318741551	0.08890484273433685	0.0313086211681366	0.05133449733257294	0.12942712241067528
54.097504829311546	1200	21.485714745579305	0.0	581493	4582.283622384458	0.9162907318741551	0.09205973148345947	0.03299231082201004	0.05246895849704743	0.1269002636937195
59.2027121809423	1200	20.38050739394855	0.0	639204	5105.207351630752	1.3862943611198906	0.09396469593048096	0.032419562339782715	0.0550612211227417	0.125206275861806
63.84421561335991	1200	19.73900396153094	0.0	586839	4641.503432417611	1.3862943611198906	0.09713008999824524	0.031126009300351143	0.059778878837823866	0.1264329561627264
68.55067071029237	1200	19.03254886459848	0.0	601738	4706.455096932463	1.3862943611198906	0.09138983488082886	0.03242498263716698	0.052479855716228485	0.12785376416152278
73.35228806943041	1200	18.230931505460426	0.0	616206	4801.617359138051	1.3862943611198906	0.09154422581195831	0.032057616859674454	0.05307508558034897	0.12833300821592675
78.52037513852822	1200	17.06284443636262	0.0	656471	5168.087069097805	1.3862943611198906	0.09913595020771027	0.03240201622247696	0.060253530740737915	0.12702398222454878
82.77712631120325	1200	16.8060932636876	0.0	536667	4256.751172675023	1.3862943611198906	0.1011464074254036	0.03449958562850952	0.05974690467119217	0.12607431776726297
87.41254536222124	1200	16.170674212669617	0.0	587236	4635.419051017984	1.3862943611198906	0.09989994019269943	0.030497025698423386	0.06330350935459136	0.12668455506110868
91.98000357272628	1200	15.603216002164583	0.0	590335	4567.458210505031	1.3862943611198906	0.09843063354492188	0.032775454223155975	0.05910008847713471	0.12924803529504558
95.4569494770241	750	16.126270097866755	0.0	425781	3476.945904297829	0.44628710262841964	0.09453055262565613	0.03420872241258621	0.05348008573055268	0.12245833318076506
97.74274819067877	750	17.84047138421208	0.0	277716	2285.798713654675	0.9162907318741551	0.09704063832759857	0.03129490092396736	0.05948675721883774	0.12149626226535523
100.94014901231363	750	18.643070562577226	0.0	400396	3197.4008216348534	0.9162907318741551	0.09521511942148209	0.0341632105410099	0.0542192667722702	0.12522546353612143
104.1154433598777	750	19.467776215013156	0.0	400508	3175.2943475640673	0.9162907318741551	0.09403907507658005	0.031189633533358574	0.05661151483654976	0.12613255848461746
106.94758976486543	750	20.635629810025428	0.0	358218	2832.146404987727	0.9162907318741551	0.09992505609989166	0.031763140112161636	0.0618092879652977	0.1264828680357548
110.14024090393931	750	21.442978670951543	0.0	400322	3192.6511390738838	0.9162907318741551	0.09451987594366074	0.030301755294203758	0.05815776959061623	0.12538858226649982
113.08555055154919	750	22.497669023341654	0.0	369834	2945.309647609887	0.9162907318741551	0.0896705687046051	0.031487394124269485	0.05188569575548172	0.12556710303791643
118.2059485726637	1200	21.37727100222715	0.0	670129	5120.398021114506	0.9162907318741551	0.10333450138568878	0.03199194371700287	0.06494416892528534	0.13087439633338108
123.67704402855591	1200	19.906175546334932	0.0	690253	5471.095455892217	1.3862943611198906	0.08925370872020721	0.03149047866463661	0.05146513432264328	0.1261635819672305
128.68575866331105	1200	18.8974609115798	0.0	598727	5008.714634755134	1.3862943611198906	0.10221481323242188	0.03129441291093826	0.06466151773929596	0.11953705564407156
132.58912924446005	1200	18.994090330430794	0.0	487812	3903.3705811490054	1.3862943611198906	0.09132547676563263	0.035240259021520615	0.04903716593980789	0.12497199275821935
137.30786021572268	1200	18.275359359168185	0.0	575591	4718.730971262607	1.3862943611198906	0.09876133501529694	0.030909201130270958	0.06167029365897179	0.12198004156316355
143.18224246661444	1200	16.40097710827642	0.0	605884	5874.3822508917665	1.3862943611198906	0.10016831755638123	0.032068975269794464	0.06168554723262787	0.10314003653882468
144.75439641727232	750	18.82882315761856	0.0	390680	1572.1539506578592	0.44628710262841964	0.08432050049304962	0.03617612645030022	0.04090914875268936	0.2484998366963503
146.99961614503863	1200	20.58360342985225	0.0	566904	2245.219727766312	0.9162907318741551	0.1125354915857315	0.033847399055957794	0.07191861271858216	0.25249377287629315
149.96451884594717	1200	21.618700728943725	0.0	641452	2964.902700908526	1.3862943611198906	0.1095002144575119	0.034711554646492004	0.0678463488817215	0.21634841500985572
153.18565149957516	1200	22.397568075315746	0.0	599477	3221.1326536279776	1.3862943611198906	0.11644312739372253	0.0352785661816597	0.07410884797573089	0.18610751697071715
155.84262858415036	1200	23.740590990740536	0.0	634861	2656.97708457521	1.3862943611198906	0.13084964454174042	0.02997855469584465	0.09487537890672684	0.23894108973901812
158.41909702112773	1200	25.164122553763193	0.0	630203	2576.4684369773468	1.3862943611198906	0.11757762730121613	0.032476507127285004	0.07860581874847412	0.24459954213114274
161.88472774022753	1850	25.698491834663386	0.0	982064	3465.6307190998036	1.3862943611198906	0.1457608938217163	0.03075106255710125	0.1088596187531948	0.28337237276540844
164.7834879220805	1850	26.79973165281043	0.0	830730	2898.760181852959	1.8191584434161694	0.1435096561908722	0.029676172882318497	0.10789824873209	0.28658114086173797
172.0532134155972	4300	23.5300061592937	0.0	2155012	7269.725493516729	1.8191584434161694	0.152023583650589	0.035955075174570084	0.1088774934411049	0.29643650257796916

