3.355800357056077	750	4.0	3.355800357056077	450283	3355.8003570560772	-8.010138217895012	0.045952312648296356	0.019846566021442413	0.022136433422565462	0.1341805089963746
4.567641931245609	300	6.788158425810469	0.0	155580	1211.841574189531	-0.9162907318741551	0.11386982351541519	0.031251490116119385	0.07636803537607192	0.12838311815143869
5.597731889337162	300	9.758068467718914	0.0	139857	1030.0899580915539	0.0	0.10724020004272461	0.02754541113972664	0.07418570667505264	0.13577163712877355
8.018542331168156	750	11.337258025887921	0.0	382355	2420.810441830994	0.0	0.10966448485851288	0.02833510935306549	0.07566235363483428	0.15794503914598268
10.639945457759223	750	12.715854899296854	0.0	411561	2621.4031265910676	0.9162907318741551	0.12560495734214783	0.031050749123096466	0.08834405839443207	0.15700027051360213
12.865031185031187	750	14.49076917202489	0.0	318564	2225.0857272719622	0.9162907318741551	0.11017574369907379	0.033508848398923874	0.06996512562036514	0.143169315274235
15.3195848729452	750	16.03621548411088	0.0	352642	2454.5536879140122	0.9162907318741551	0.08653827011585236	0.03202347829937935	0.048110096156597136	0.14366848105069996
18.188548874220956	750	17.167251482835123	0.0	437162	2868.9640012757563	0.9162907318741551	0.09462960064411163	0.031108777970075607	0.05729906708002091	0.15237625840045574
20.647598449127678	750	18.7082019079284	0.0	374758	2459.049574906721	0.9162907318741551	0.09765288978815079	0.035322513431310654	0.055265873670578	0.15239953021858688
24.746399762355736	750	18.60940059470034	0.0	362795	4098.80131322806	0.9162907318741551	0.10394807904958725	0.03217466548085213	0.0653384804725647	0.08851246310211519
27.513767534281307	750	19.842032822774772	0.0	353220	2767.367771925567	0.9162907318741551	0.09824813902378082	0.03475954756140709	0.056536681950092316	0.1276375346939252
30.14533867201585	750	21.21046168504023	0.0	405134	2631.5711377345447	0.9162907318741551	0.10049798339605331	0.03539063408970833	0.05802922248840332	0.1539513768754775
32.76258522674908	750	22.593215130306994	0.0	386351	2617.2465547332367	0.9162907318741551	0.10136805474758148	0.034163445234298706	0.060371920466423035	0.14761734973011698
35.754278105816795	750	23.60152225123928	0.0	434409	2991.692879067715	0.9162907318741551	0.09921714663505554	0.03869510069489479	0.05278302580118179	0.14520507871629273
39.52999842095394	1200	23.825801936102135	0.0	526950	3775.720315137144	0.9162907318741551	0.1028887927532196	0.03266021981835365	0.06369652897119522	0.13956277372755024
43.62269615484867	1200	23.73310420220741	0.0	587876	4092.697733894725	1.3862943611198906	0.10754579305648804	0.03325309231877327	0.06764208227396012	0.14364021929383014
47.7361421511062	1200	23.619658205949875	0.0	617242	4113.445996257533	1.3862943611198906	0.1031411737203598	0.03408683091402054	0.06223697662353516	0.15005472311088436
51.46992927617867	1200	23.885871080877408	0.0	581493	3733.787125072468	1.3862943611198906	0.10705876350402832	0.0317438468337059	0.06896614730358125	0.15573812339092952
55.865010600303584	1200	23.49078975675249	0.0	639204	4395.081324124914	1.3862943611198906	0.10609783232212067	0.03630176559090614	0.0625357136130333	0.14543621672968002
61.25866798934377	1200	22.09713236771231	0.0	586839	5393.657389040184	1.3862943611198906	0.10024771094322205	0.0322745107114315	0.06151829808950424	0.10880168273061733
65.22720123219504	1200	22.128599124861026	0.0	601738	3968.53324285128	1.3862943611198906	0.09540535509586334	0.03197754919528961	0.05703229606151581	0.15162730489506193
69.32848017797731	1200	22.027320179078757	0.0	616206	4101.278945782267	1.3862943611198906	0.10609136521816254	0.03471392020583153	0.06443466097116471	0.15024727850655045
73.84680319945555	1200	21.50899715760052	0.0	656471	4518.32302147824	1.3862943611198906	0.1104949414730072	0.03247946873307228	0.07151957899332047	0.14529085168975486
77.56636286360094	1200	21.78943749345513	0.0	536667	3719.559664145393	1.3862943611198906	0.11335776746273041	0.03304077312350273	0.07370883971452713	0.1442824012673298
81.42798012711945	1200	21.92782022993661	0.0	587236	3861.6172635185176	1.3862943611198906	0.10278858244419098	0.03343810513615608	0.06266285628080367	0.15206996445446255
85.51953254628809	1200	21.836267810767982	0.0	590335	4091.552419168627	1.3862943611198906	0.11098551750183105	0.03432636708021164	0.0697938770055771	0.1442814217005563
91.27631229957792	1200	20.079488057478148	0.0	696376	5756.779753289833	1.3862943611198906	0.10309219360351562	0.0297450702637434	0.06739810928702356	0.1209662397805025
94.91571348909851	1200	20.440086867957568	0.0	487160	3639.4011895205817	1.3862943611198906	0.1073361188173294	0.03501702472567558	0.06531568914651871	0.13385718546302217
99.22765017865619	1200	20.12815017839988	0.0	622896	4311.936689557688	1.3862943611198906	0.10219788551330566	0.034387581050395966	0.06093278825283051	0.14445852173768717
106.259873959718	1200	17.095926397338054	0.0	641447	7032.223781061827	1.3862943611198906	0.10622094571590424	0.03342257812619209	0.06611385196447372	0.09121538505749102
110.90127536430823	1200	16.45452499274782	0.0	570392	4641.401404590231	1.3862943611198906	0.09580032527446747	0.032669804990291595	0.05659655928611756	0.12289219360253918
115.95727568024412	1200	15.398524676811936	0.0	620283	5056.000315935887	1.3862943611198906	0.0979311615228653	0.03342272713780403	0.05782388895750046	0.1226825477136433
118.74991103682913	750	16.605889320226936	0.0	369834	2792.6353565850013	0.44628710262841964	0.09353573620319366	0.031640589237213135	0.055567029118537906	0.13243189775132505
121.24078727208807	750	18.11501308496799	0.0	412837	2490.8762352589415	0.9162907318741551	0.10516718775033951	0.02877591922879219	0.07063608467578888	0.165739667895255
126.13312283558508	750	17.22267752147097	0.0	401088	4892.335563497022	0.9162907318741551	0.10370267182588577	0.030451176688075066	0.06716125980019569	0.08198292917448693
132.87603751495578	750	14.479762842100262	0.0	365161	6742.914679370708	0.9162907318741551	0.08506444841623306	0.03131186589598656	0.047490209341049194	0.054154770950487416
137.97114400064999	750	13.38465635640607	0.0	321064	5095.106485694193	0.9162907318741551	0.07710519433021545	0.03017570823431015	0.040894344449043274	0.0630141883985092
139.33681106989695	750	16.018989287159123	0.0	361565	1365.6670692469497	0.9162907318741551	0.07221043854951859	0.03151183947920799	0.034396231174468994	0.26475340010898313
140.76208111900843	750	18.593719238047647	0.0	378327	1425.2700491114758	0.9162907318741551	0.11001253128051758	0.031691890209913254	0.07198226302862168	0.26544232809484203
142.93115809599735	1200	20.42464226105873	0.0	587506	2169.076976988919	0.9162907318741551	0.12032617628574371	0.031017106026411057	0.08310564905405045	0.27085530215509795
145.0373426009371	1200	22.318457756118956	0.0	566904	2106.18450493977	1.3862943611198906	0.12397854030132294	0.03232629969716072	0.08518698066473007	0.2691616041569025
148.87686072741582	1850	22.47893962964024	0.0	1025005	3839.5181264787157	1.3862943611198906	0.14153361320495605	0.033355165272951126	0.10150741487741471	0.26696188590208547
152.82377167530433	1850	22.532028681751726	0.0	886255	3946.9109478885152	1.8191584434161694	0.14199018478393555	0.034871574491262436	0.10014429539442063	0.22454395645134104
157.12909994944374	1850	22.22670040761232	0.0	973972	4305.328274139408	1.8191584434161694	0.14834189414978027	0.02855600044131279	0.11407469362020492	0.2262247935541425
161.44646797469943	1850	21.909332382356638	0.0	958994	4317.368025255679	1.8191584434161694	0.1336934119462967	0.03654267638921738	0.08984220027923584	0.22212468207252437
165.64246976910442	1850	21.713330587951635	0.0	982064	4196.001794405003	1.8191584434161694	0.14244288206100464	0.0331505686044693	0.10266219973564147	0.23404756435268817
168.9671254823947	1850	22.38867487466138	0.0	830730	3324.655713290254	1.8191584434161694	0.15218138694763184	0.02848154306411743	0.11800353527069092	0.249869481726836
177.6381861468748	4300	17.717614210181267	0.0	2155012	8671.060664480114	1.8191584434161694	0.15591540932655334	0.03372044488787651	0.11545087546110153	0.2485292265140907

