10.626186086493306	750	4.0	10.626186086493306	450283	10626.186086493306	-27.349364258198037	0.08936556428670883	0.03156843036413193	0.05148344784975052	0.04237484609575434
13.193830462257797	300	5.43235562423551	0.0	155580	2567.64437576449	-0.9162907318741551	0.040279846638441086	0.020009266212582588	0.01626872718334198	0.06059250317859054
15.461488353060362	300	7.164697733432944	0.0	139857	2267.6578908025654	0.0	0.060242149978876114	0.023400578647851944	0.03216145560145378	0.06167464702998126
18.01711349829261	300	8.6090725882007	0.0	155432	2555.625145232246	0.0	0.06632921099662781	0.025190414860844612	0.036100713163614274	0.06081956122945993
21.265223181096648	300	9.360962905396658	0.0	163442	3248.1096828040404	0.0	0.06369294971227646	0.024590367451310158	0.03418450877070427	0.05031911356481754
24.555098698034747	300	10.071087388458558	0.0	126289	3289.8755169381006	0.0	0.055992718786001205	0.02378218248486519	0.027454099804162982	0.03838716673314668
28.489517468170252	300	10.136668618323052	0.0	153295	3934.4187701355054	0.0	0.04798024892807007	0.017883220687508583	0.02652038410305977	0.038962553036701875
30.04587512316165	300	12.580310963331653	0.0	173849	1556.3576549913994	0.0	0.040736131370067596	0.020039401948451996	0.0166888490319252	0.11170247368427709
31.091419474741933	300	15.534766611751373	0.0	150710	1045.5443515802795	0.0	0.0658351331949234	0.02523280680179596	0.03555576503276825	0.14414500903018662
32.01919676135663	300	18.606989325136674	0.0	139105	927.7772866147006	0.0	0.07761180400848389	0.02892923727631569	0.04289671927690506	0.14993361230858557
34.183151570011134	750	20.443034516482168	0.0	353220	2163.954808654506	0.0	0.08180247247219086	0.03105751983821392	0.04453344866633415	0.16322891706764595
36.77561465270578	750	21.850571433787522	0.0	405134	2592.463082694645	0.9162907318741551	0.0956798642873764	0.03194237872958183	0.0573490098118782	0.15627377790039643
38.94845833378748	750	23.677727752705817	0.0	386351	2172.8436810817025	0.9162907318741551	0.08730938285589218	0.03125762566924095	0.04980023205280304	0.17780892540215487
41.7912408775664	750	24.834945208926896	0.0	434409	2842.7825437789234	0.9162907318741551	0.09426355361938477	0.031412821263074875	0.056568168103694916	0.15281119583017358
45.334568331940574	1200	25.291617754552725	0.0	526950	3543.327454374171	0.9162907318741551	0.10247129946947098	0.033361636102199554	0.062437336146831515	0.1487161451447255
49.346153915399434	1200	25.28003217109386	0.0	587876	4011.585583458861	1.3862943611198906	0.10091716051101685	0.029363296926021576	0.06568120419979095	0.14654454897435412
52.48961174509739	1200	26.136574341395907	0.0	617242	3143.4578296979575	1.3862943611198906	0.09230362623929977	0.03033893182873726	0.055896908044815063	0.1963576524452082
57.783298004304214	1850	24.842888082189084	0.0	885714	5293.686259206821	1.3862943611198906	0.12720879912376404	0.03613467141985893	0.08384719341993332	0.16731516690464215
62.75618937541394	1850	23.869996711079363	0.0	987708	4972.891371109724	1.8191584434161694	0.11526399850845337	0.03556270897388458	0.07258874773979188	0.19861845479636697
67.25472326123479	1850	23.371462825258522	0.0	923755	4498.5338858208415	1.8191584434161694	0.11899526417255402	0.03357699513435364	0.07870287001132965	0.20534579119468913
73.78617943318145	1850	20.840006653311868	0.0	891604	6531.456171946656	1.8191584434161694	0.13307234644889832	0.03746408224105835	0.08811544775962829	0.1365092219143321
92.25290341197139	1850	6.373282674521921	0.0	955231	18466.723978789945	1.8191584434161694	0.1166381686925888	0.03489138185977936	0.07476851046085359	0.05172714993179817
96.40462481184136	300	6.2215612746519495	0.0	163927	4151.721399869972	-1.8191584434161694	0.0866268053650856	0.03515775501728058	0.04443749934434891	0.03948410411284679
100.0320222600845	300	6.594163826408805	0.0	137654	3627.3974482431436	0.0	0.07973816990852356	0.03265049681067467	0.04055757373571396	0.037948419483690696
101.46647828399615	300	9.159707802497145	0.0	146754	1434.4560239116588	0.0	0.06262515485286713	0.0337105318903923	0.02217251658439636	0.10230637785591527
102.5229204007214	300	12.1032656857719	0.0	153938	1056.442116725246	0.0	0.08467268943786621	0.03391912207007408	0.04396974295377731	0.14571361512656864
105.07262137947426	750	13.553564707019046	0.0	425781	2549.7009787528536	0.0	0.10065510869026184	0.03343413397669792	0.06053414791822433	0.16699252325983108
106.9732981480814	750	15.65288793841191	0.0	277716	1900.6767686071355	0.9162907318741551	0.10420872271060944	0.032537270337343216	0.06516399830579758	0.14611427076236502
109.30258161733732	750	17.323604469155967	0.0	400396	2329.283469255944	0.9162907318741551	0.10080495476722717	0.03278796002268791	0.06145940274000168	0.1718966391531129
111.78137411376676	750	18.84481197272654	0.0	400508	2478.792496429425	0.9162907318741551	0.09826730191707611	0.030767744407057762	0.0613460086286068	0.16157383103947245
114.16228797984623	750	20.46389810664706	0.0	358218	2380.9138660794774	0.9162907318741551	0.10098522156476974	0.0316862091422081	0.06296177059412003	0.1504539937809083
116.89028861429081	750	21.735897472202474	0.0	400322	2728.0006344445887	0.9162907318741551	0.09812226891517639	0.032293908298015594	0.05936957895755768	0.14674556704474673
120.91002651968022	1200	21.716159566813058	0.0	584349	4019.737905389415	0.9162907318741551	0.11260484158992767	0.030306903645396233	0.0762365572154522	0.14536992554080233
124.30878991767551	1200	22.31739616881776	0.0	670129	3398.763397995298	1.3862943611198906	0.10607881098985672	0.03151918947696686	0.06825578361749648	0.19716847615672925
128.4440507086216	1200	22.182135377871667	0.0	690253	4135.260790946094	1.3862943611198906	0.1096268743276596	0.034086309373378754	0.06872330307960511	0.16691885588238295
131.61858901038744	1200	23.007597076105846	0.0	598727	3174.538301765821	1.3862943611198906	0.11850840598344803	0.03417123109102249	0.07750292867422104	0.18860285908881966
135.3109019719111	1850	23.315284114582152	0.0	728962	3692.312961523694	1.3862943611198906	0.12692877650260925	0.032554853707551956	0.08786295205354691	0.19742692658944644
140.00585926027287	1850	22.620326826220392	0.0	938587	4694.95728836176	1.8191584434161694	0.12583333253860474	0.035520005971193314	0.08320932537317277	0.19991385274721143
150.97374090123455	1850	15.652445185258696	0.0	908665	10967.881640961697	1.8191584434161694	0.13218262791633606	0.033735889941453934	0.09169955998659135	0.08284781234385434
160.97033239833084	1200	9.655853688162392	0.0	587506	9996.591497096304	0.9534302788236118	0.10662080347537994	0.03434022143483162	0.065412537753582	0.05877063198697797
169.02556283140873	750	5.600623255084517	0.0	345516	8055.230433077874	0.44628710262841964	0.09458895027637482	0.03478733077645302	0.052844153344631196	0.04289337255718699
172.2728580028119	300	6.353328083681352	0.0	161857	3247.2951714031656	-0.9162907318741551	0.07857491075992584	0.03794357553124428	0.03304262012243271	0.04984363645946639
173.4900007995777	300	9.136185286915511	0.0	145210	1217.1427967658408	0.0	0.06920291483402252	0.03401010110974312	0.02839079350233078	0.1193039965284666
174.67896349760994	300	11.947222588883266	0.0	172312	1188.9626980322462	0.0	0.0853922888636589	0.034766849130392075	0.043672069907188416	0.14492632972016645
177.06842065781228	750	13.557765428680941	0.0	398987	2389.4571602023234	0.0	0.10725637525320053	0.03405524417757988	0.06639008224010468	0.16697809303524672
179.64189812309633	750	14.984287963396893	0.0	393804	2573.4774652840483	0.9162907318741551	0.10130345821380615	0.031886082142591476	0.06304015964269638	0.1530240716355112
181.4379660307989	750	17.18822005569433	0.0	331053	1796.0679077025613	0.9162907318741551	0.09269241243600845	0.03351810947060585	0.05247068107128144	0.18432098172917424
186.92142936750307	1850	15.704756718990142	0.0	846370	5483.463336704189	0.9162907318741551	0.1021520122885704	0.033962350338697433	0.06139719188213349	0.15434953204386825

