5.075437594333631	750	4.0	5.075437594333631	450283	5075.437594333631	-12.584373269053305	0.08384761214256287	0.03097544051706791	0.04667708352208138	0.0887180645276201
6.8430905900952075	300	6.232347004238424	0.0	155580	1767.6529957615764	-0.9162907318741551	0.08510470390319824	0.0253718513995409	0.054658482223749166	0.0880150122071724
8.440097079217184	300	8.635340515116448	0.0	139857	1597.0064891219754	0.0	0.08297178149223328	0.025944383814930916	0.05183852091431618	0.08757447195902913
10.206043099918377	300	10.869394494415253	0.0	155432	1765.9460207011941	0.0	0.08680428564548492	0.028553681448101997	0.05253986790776253	0.08801628032678117
12.096027804316257	300	12.979409790017373	0.0	163442	1889.98470439788	0.0	0.07954931259155273	0.026897301897406578	0.04727255031466484	0.08647794853560474
13.576546030105447	300	15.498891564228183	0.0	126289	1480.518225789191	0.0	0.0690498799085617	0.027230719104409218	0.036373016983270647	0.08530053720391155
15.356555068282598	300	17.718882526051036	0.0	153295	1780.0090381771495	0.0	0.05848608911037445	0.026225082576274872	0.027015990018844603	0.08612034922979071
17.33393325083551	300	19.741504343498125	0.0	173849	1977.3781825529118	0.0	0.06743327528238297	0.02785886824131012	0.03400263339281082	0.08791894314093761
21.56076199780193	750	19.514675596531706	0.0	374758	4226.828746966418	0.0	0.07534074783325195	0.028529230505228043	0.0411056712269783	0.08866174203744655
25.91610148087586	750	19.159336113457776	0.0	362795	4355.33948307393	0.9162907318741551	0.07346611469984055	0.029733281582593918	0.03778617680072784	0.08329890273994095
29.987669037326167	750	19.087768557007468	0.0	353220	4071.5675564503053	0.9162907318741551	0.07518240809440613	0.0329846516251564	0.035600826144218445	0.08675282802084856
34.55711157135988	750	18.51832602297375	0.0	405134	4569.44253403372	0.9162907318741551	0.07002592831850052	0.02962566539645195	0.03447512984275818	0.08866158114091961
38.868870954712875	750	18.20656663962076	0.0	386351	4311.759383352991	0.9162907318741551	0.07765395939350128	0.03089454397559166	0.04058050662279129	0.0896040260251161
43.623559707144665	750	17.451877887188967	0.0	434409	4754.688752431793	0.9162907318741551	0.07479676604270935	0.029968859627842903	0.038834134489297865	0.09136434004808851
47.286603383041005	750	17.788834211292635	0.0	337059	3663.043675896334	0.9162907318741551	0.07464639097452164	0.027968060225248337	0.04108471870422364	0.09201610186029868
51.259875254217114	750	17.81556234011652	0.0	366214	3973.2718711761127	0.9162907318741551	0.07303162664175034	0.029520822688937187	0.03760663941502571	0.09216937875726043
55.16987863069054	750	17.905558963643095	0.0	360831	3910.003376473423	0.9162907318741551	0.07782359421253204	0.028170354664325714	0.044019168615341185	0.09228406353077037
59.33203704761119	750	17.743400546722448	0.0	372963	4162.158416920649	0.9162907318741551	0.08129505813121796	0.029666123911738396	0.04569570943713188	0.08960807413859434
63.99625729461871	750	17.079180299714928	0.0	405596	4664.22024700752	0.9162907318741551	0.07481612265110016	0.03015473671257496	0.03863043859601021	0.08695901533814214
68.0407078128975	750	17.034729781436138	0.0	350713	4044.45051827879	0.9162907318741551	0.07734844088554382	0.03115972690284252	0.0399567686021328	0.08671462252164086
72.41076381804497	750	16.66467377628867	0.0	386472	4370.056005147468	0.9162907318741551	0.0746762678027153	0.029516588896512985	0.03925636112689972	0.08843639521891172
77.15885834739109	750	15.916579246942563	0.0	399894	4748.094529346106	0.9162907318741551	0.07786524295806885	0.029979057610034943	0.041890373826026915	0.0842219963247177
81.9062950246779	750	15.169142569655742	0.0	401853	4747.4366772868225	0.9162907318741551	0.07544714957475662	0.028469938784837723	0.04128322303295136	0.08464631069700976
85.9991881069895	750	15.07624948734416	0.0	343800	4092.8930823115807	0.9162907318741551	0.074678435921669	0.029571710154414177	0.039192383736371995	0.08399926240091982
89.99308587773355	750	15.0823517166001	0.0	359903	3993.8977707440604	0.9162907318741551	0.0734947994351387	0.029842723160982132	0.037683531641960144	0.09011322288626089
93.96306439902403	750	15.112373195309623	0.0	379700	3969.9785212904776	0.9162907318741551	0.0809500589966774	0.029286740347743034	0.045805970579385756	0.09564283483240989
98.33033211178632	750	14.74510548254733	0.0	425781	4367.267712762292	0.9162907318741551	0.07304857671260834	0.03022819571197033	0.03677474185824394	0.09749367980253586
101.38745503886817	750	15.687982555465489	0.0	277716	3057.122927081843	0.9162907318741551	0.07691532373428345	0.030827146023511887	0.03992274850606919	0.09084227446002376
105.66722936511003	750	15.408208229223623	0.0	400396	4279.774326241866	0.9162907318741551	0.08036541193723679	0.02838553860783577	0.04630276560783386	0.09355540023335616
110.07626869235857	750	14.999168901975084	0.0	400508	4409.039327248538	0.9162907318741551	0.07592226564884186	0.03084767796099186	0.03890505209565163	0.09083792868999813
114.01153477044558	750	15.063902823888085	0.0	358218	3935.2660780869996	0.9162907318741551	0.07709283381700516	0.030070794746279716	0.0410078801214695	0.0910276441012944
117.75604187991141	750	15.319395714422251	0.0	400322	3744.5071094658333	0.9162907318741551	0.07134512811899185	0.02922775037586689	0.03627182766795158	0.10690913070722072
118.95025057599584	750	18.125187018337815	0.0	369834	1194.208696084435	0.9162907318741551	0.08502012491226196	0.032330531626939774	0.04622348695993424	0.30968958877339425
121.04916597938862	1200	20.026271614945035	0.0	670129	2098.915403392782	0.9162907318741551	0.12099216878414154	0.03541687875986099	0.07849191427230835	0.31927394449379576
123.22048789378236	1200	21.85494970055129	0.0	690253	2171.3219143937467	1.3862943611198906	0.13574138283729553	0.03679820895195007	0.09158353209495546	0.3178952855513021
125.1562714659256	1200	23.91916612840805	0.0	598727	1935.7835721432386	1.3862943611198906	0.15235397219657898	0.030895140022039413	0.11527980417013169	0.30929439045559637
127.49572477990122	1850	25.579712814432433	0.0	728962	2339.453313975618	1.3862943611198906	0.16649921238422394	0.0423891618847847	0.11563221812248231	0.3115950190778619
130.39327970128127	1850	26.6821578930524	0.0	938587	2897.5549213800386	1.8191584434161694	0.14931589365005493	0.03194214403629303	0.11098532080650331	0.3239237997093676
134.86751942720528	2850	26.207918167128366	0.0	1427478	4474.23972592403	1.8191584434161694	0.16588595509529114	0.03296799212694168	0.12632436454296112	0.3190437007049715
139.4763854986294	2850	25.59905209570424	0.0	1402287	4608.866071424122	2.2512917986064953	0.18916401267051697	0.028956279158592224	0.1544164776802063	0.30425856995378014
143.8276367042252	2850	25.24780089010846	0.0	1339500	4351.251205595782	2.2512917986064953	0.18135546147823334	0.036643266677856445	0.1373835414648056	0.3078424886794356
148.49704109444377	2850	24.57839649988991	0.0	1527299	4669.404390218553	2.2512917986064953	0.19639065861701965	0.03788174316287041	0.15093256682157516	0.32708647021435516
152.70052307657375	2850	24.374914517759944	0.0	1343002	4203.481982129968	2.2512917986064953	0.21214942634105682	0.03844641521573067	0.16601372808218	0.31949750366706237
157.44777992032468	2850	23.627657674008983	0.0	1587250	4747.256843750958	2.2512917986064953	0.21901465952396393	0.03292050585150719	0.1795100525021553	0.33435098463007606
161.7672670251454	2850	23.308170569188263	0.0	1464921	4319.48710482072	2.2512917986064953	0.2218998372554779	0.042661748826503754	0.1707057386636734	0.33914234825822026
166.12043179988638	2850	22.95500579444731	0.0	1483527	4353.164774740957	2.2512917986064953	0.2029835432767868	0.04223651438951492	0.1522997260093689	0.3407927511974963
172.11829521802167	4300	20.95714237631201	0.0	1961140	5997.863418135297	2.2512917986064953	0.19904480874538422	0.02681072987616062	0.16687193289399146	0.326973100799569
180.36616958121675	4300	16.709268013116912	0.0	2155012	8247.874363195102	2.662587827025453	0.20867830514907837	0.0373992919921875	0.16379915475845336	0.26128089555006034

