4.508369919690289	750	4.0	4.508369919690289	450283	4508.369919690289	-11.075973254502014	0.03678359091281891	0.024553271010518074	0.007319665700197223	0.0998771192295891
5.801680032905283	300	6.706689886785006	0.0	155580	1293.310113214994	-0.9162907318741551	0.09126678109169006	0.028911184519529343	0.05657335966825485	0.12029597419079108
6.8985596177758595	300	9.609810301914429	0.0	139857	1096.8795848705772	0.0	0.10494499653577805	0.027571609243750572	0.07185906544327736	0.127504424304243
9.772236271476025	750	10.736133648214263	0.0	382355	2873.676653700166	0.0	0.09598272293806076	0.026992496103048325	0.06359172761440277	0.13305428761711136
13.051246319932165	750	11.457123599758125	0.0	411561	3279.010048456139	0.9162907318741551	0.10203667730093002	0.027295466512441635	0.06928211748600006	0.1255137965172677
15.489238484852628	750	13.019131434837663	0.0	318564	2437.9921649204616	0.9162907318741551	0.09032696485519409	0.031985096633434296	0.05194484889507294	0.13066653969759293
18.42192442599107	750	14.08644549369922	0.0	352642	2932.6859411384426	0.9162907318741551	0.08566182851791382	0.02950604446232319	0.050254575163125995	0.12024540202320727
22.64481779576544	750	13.863552123924846	0.0	437162	4222.893369774372	0.9162907318741551	0.08292225748300552	0.032329607754945755	0.04412672817707062	0.10352191299193458
25.97550861782187	750	14.532861301868415	0.0	374758	3330.690822056431	0.9162907318741551	0.08799779415130615	0.03241324797272682	0.049101896584033966	0.11251659791364764
28.685586020133243	750	15.822783899557042	0.0	362795	2710.0774023113745	0.9162907318741551	0.08503349125385284	0.03165715932846069	0.047044900059700016	0.13386887019927138
33.01818678251195	750	15.490183137178338	0.0	353220	4332.600762378705	0.9162907318741551	0.09960857033729553	0.028918376192450523	0.0649065189063549	0.08152609007206872
37.69230401771717	750	14.816065901973117	0.0	405134	4674.117235205221	0.9162907318741551	0.09049715101718903	0.034488435834646225	0.04911102801561356	0.08667604589558658
40.57984950977054	750	15.928520409919754	0.0	386351	2887.545492053364	0.9162907318741551	0.0824296772480011	0.03175411745905876	0.04432473629713059	0.13379910413991844
43.91028092864576	750	16.59808899104453	0.0	434409	3330.4314188752255	0.9162907318741551	0.09327620267868042	0.03099789097905159	0.05607873350381851	0.13043625445580004
46.49115299966425	750	18.017216920026048	0.0	337059	2580.872071018483	0.9162907318741551	0.09489758312702179	0.030533134937286377	0.05825782120227814	0.1305988792644756
49.138919586536126	750	19.369450333154166	0.0	366214	2647.7665868718786	0.9162907318741551	0.09503765404224396	0.030671164393424988	0.058232256770133974	0.1383105300201904
51.908219548770624	750	20.60015037091966	0.0	360831	2769.2999622345046	0.9162907318741551	0.09148711711168289	0.033576902002096176	0.05119483470916748	0.1302968276895693
55.437804983790606	750	21.070564935899682	0.0	372963	3529.58543501998	0.9162907318741551	0.09573478996753693	0.03267597779631615	0.05652361661195755	0.10566765045535403
58.473493766769536	750	22.03487615292076	0.0	405596	3035.688782978924	0.9162907318741551	0.0903477817773819	0.030962402001023293	0.05319289937615395	0.1336092165554561
61.34035389522495	750	23.16801602446534	0.0	350713	2866.860128455418	0.9162907318741551	0.09912136197090149	0.036398570984601974	0.05544307678937912	0.12233348830623074
64.83098982129418	750	23.677380098396107	0.0	386472	3490.6359260692325	0.9162907318741551	0.09879196435213089	0.03320848569273949	0.058941781520843506	0.1107167886268798
67.94376255806067	750	24.564607361629626	0.0	399894	3112.7727367664793	0.9162907318741551	0.08703239262104034	0.03193976730108261	0.048704671859741214	0.1284687427632145
72.68024904802523	1200	23.828120871665057	0.0	656471	4736.486489964569	0.9162907318741551	0.09883414208889008	0.033379927277565	0.058778229355812076	0.1385987274303216
77.97234071211213	1200	22.53602920757816	0.0	536667	5292.091664086897	1.3862943611198906	0.09000977128744125	0.03144216164946556	0.05227917730808258	0.10140924119699597
82.39291405645832	1200	22.11545586323197	0.0	587236	4420.573344346193	1.3862943611198906	0.09001849591732025	0.032600585371255875	0.0508977934718132	0.1328415918607166
86.9550395090028	1200	21.553330410687487	0.0	590335	4562.12545254448	1.3862943611198906	0.09746575355529785	0.03243599459528923	0.05854256004095078	0.12939911585963654
93.02787111426456	1200	19.480498805425732	0.0	696376	6072.831605261753	1.3862943611198906	0.09820175170898438	0.032090358436107635	0.05969332158565521	0.11467072450957326
97.52474343422595	1200	18.983626485464338	0.0	487160	4496.872319961394	1.3862943611198906	0.0980229377746582	0.03256506100296974	0.05894486457109451	0.10833307359818085
102.17273669729173	1200	18.33563322239857	0.0	622896	4647.993263065767	1.3862943611198906	0.09157974272966385	0.03286651521921158	0.052139924466609956	0.13401396360655318
110.19203120486158	1200	14.316338714828717	0.0	641447	8019.2945075698535	1.3862943611198906	0.09436541795730591	0.03168920427560806	0.056338372826576236	0.07998795896503151
112.93820547821696	750	15.570164441473334	0.0	358218	2746.174273355383	0.44628710262841964	0.08573020994663239	0.0328250452876091	0.04634015560150147	0.13044255911782152
115.95061349344887	750	16.557756426241422	0.0	400322	3012.408015231913	0.9162907318741551	0.09162762761116028	0.032001152634620667	0.05322624444961548	0.13289102869724667
118.84352708035806	750	17.664842839332223	0.0	369834	2892.913586909201	0.9162907318741551	0.10037688910961151	0.031050071120262146	0.06311680376529694	0.12784135747211584
121.79655052236448	750	18.711819397325797	0.0	412837	2953.0234420064266	0.9162907318741551	0.09179455786943436	0.03100188449025154	0.05459229648113251	0.13980146385817332
127.70780923621506	1200	16.800560683475243	0.0	690253	5911.258713850555	0.9162907318741551	0.10401381552219391	0.03156780079007149	0.06613245457410813	0.11676920828768358
132.22194201226668	1200	16.286427907423594	0.0	598727	4514.13277605165	1.3862943611198906	0.09325312077999115	0.03314197435975075	0.053482751548290255	0.13263389220103647
136.49072536519168	1200	16.017644554498613	0.0	487812	4268.783352924978	1.3862943611198906	0.09727711975574493	0.031651124358177185	0.059295770525932316	0.11427424623593285
139.38258997366165	750	17.12577994602864	0.0	361565	2891.8646084699735	0.44628710262841964	0.09045404195785522	0.03185771405696869	0.0522247850894928	0.12502832910676848
142.15967565063346	750	18.348694269056814	0.0	378327	2777.0856769718275	0.9162907318741551	0.09071902930736542	0.03402204066514969	0.04989258050918579	0.13623166297574693
144.97331774899638	750	19.535052170693913	0.0	390680	2813.6420983628987	0.9162907318741551	0.09436897933483124	0.031287215650081635	0.05682432055473328	0.1388520594809535
148.91577186126185	750	19.59259805842846	0.0	345516	3942.454112265451	0.9162907318741551	0.09862495958805084	0.03280492499470711	0.05925904959440231	0.0876398279247076
151.8768554994477	750	20.631514420242613	0.0	384505	2961.0836381858485	0.9162907318741551	0.09271371364593506	0.03423335403203964	0.05163368880748749	0.12985279950942982
154.70273471366593	750	21.805635206024334	0.0	372093	2825.879214218279	0.9162907318741551	0.09818409383296967	0.03249352425336838	0.059191864728927616	0.1316733560754584
158.07551751163703	750	22.432852408053222	0.0	438281	3372.7827979711124	0.9162907318741551	0.09373170137405396	0.03279939666390419	0.05437242537736893	0.12994640516538647
163.05920271123304	1200	21.449167208457215	0.0	630203	4983.685199596006	0.9162907318741551	0.10601265728473663	0.032184697687625885	0.06739102005958558	0.1264532117821339
169.0909909730994	1200	19.417378946590865	0.0	638661	6031.788261866349	1.3862943611198906	0.0953645408153534	0.030172839760780334	0.05915713310241699	0.10588252973627861
173.1100926198314	1200	19.398277299858872	0.0	538612	4019.101646731994	1.3862943611198906	0.08973251283168793	0.030120717361569405	0.053587651997804644	0.1340130325984553
182.88292129969597	1850	13.625448619994282	0.0	846370	9772.828679864591	1.3862943611198906	0.09955097734928131	0.033508241176605225	0.05934108793735504	0.08660440367115153

