4.35030141234432	750	4.0	4.35030141234432	450283	4350.301412344321	-10.655511024961736	0.06654345244169235	0.028867671266198158	0.03190224692225457	0.10350616137132171
5.900230418477157	300	6.450070993867165	0.0	155580	1549.9290061328352	-0.9162907318741551	0.09494529664516449	0.027803121134638786	0.06158155128359795	0.10037879114746122
7.296744715379807	300	9.053556696964513	0.0	139857	1396.5142969026515	0.0	0.09420886635780334	0.028538061305880547	0.05996319279074669	0.10014720243837874
8.839870981467119	300	11.510430430877204	0.0	155432	1543.1262660873101	0.0	0.09591138362884521	0.02697402983903885	0.0635425478219986	0.1007253932590411
12.780347464075694	750	11.569953948268628	0.0	411561	3940.476482608575	0.0	0.08942221105098724	0.028159912675619125	0.0556303158402443	0.10444447564055724
15.842635039021953	750	12.507666373322369	0.0	318564	3062.28757494626	0.9162907318741551	0.07526349276304245	0.029928358271718025	0.03934946283698082	0.10402811369065836
19.229322359864636	750	13.120979052479685	0.0	352642	3386.687320842683	0.9162907318741551	0.07025422155857086	0.029558563604950905	0.03478394523262978	0.10412593977298584
26.063750912209432	750	10.28655050013489	0.0	437162	6834.428552344793	0.9162907318741551	0.06803842633962631	0.027369854971766472	0.035194600373506545	0.06396467483005819
27.544811631657968	300	12.805489780686353	0.0	150710	1481.0607194485376	-0.9162907318741551	0.06778790801763535	0.028150314465165138	0.03400753065943718	0.10175815077731304
28.917987607896364	300	15.432313804447954	0.0	139105	1373.175976238397	0.0	0.07514289021492004	0.029232973232865334	0.04006332233548165	0.10130165572882845
30.316589243133446	300	18.03371216921087	0.0	141840	1398.6016352370818	0.0	0.08183305710554123	0.02989697828888893	0.045956683158874516	0.1014155828410398
34.097647443463316	750	18.25265396888101	0.0	405134	3781.058200329864	0.0	0.09067625552415848	0.034347012639045715	0.04945984035730362	0.10714831101109622
37.64656555238356	750	18.703735859960762	0.0	386351	3548.9181089202466	0.9162907318741551	0.07949977368116379	0.030425120145082474	0.04298962950706482	0.10886444492165155
41.57106887572734	750	18.779232536616988	0.0	434409	3924.503323343776	0.9162907318741551	0.08054909110069275	0.03163652494549751	0.042585261166095734	0.11069145932838007
44.67439102382984	750	19.675910388514485	0.0	337059	3103.322148102502	0.9162907318741551	0.07971366494894028	0.02975764311850071	0.04400449320673943	0.10861231413119377
48.0777682061962	750	20.27253320614813	0.0	366214	3403.3771823663556	0.9162907318741551	0.09041029214859009	0.03093385510146618	0.053289666026830676	0.10760311901291315
51.461284987103376	750	20.88901642524095	0.0	360831	3383.5167809071786	0.9162907318741551	0.08453275263309479	0.029833626002073288	0.04873240143060684	0.10664377432266053
54.831838353395504	750	21.51846305894882	0.0	372963	3370.553366292127	0.9162907318741551	0.08489178121089935	0.029901888221502304	0.04900951534509659	0.11065334367047525
58.4357111540311	750	21.914590258313233	0.0	405596	3603.872800635587	0.9162907318741551	0.09144558757543564	0.03149188682436943	0.053655323386192326	0.1125444826822046
61.5242238054859	750	22.826077606858423	0.0	350713	3088.512651454811	0.9162907318741551	0.08517944812774658	0.03187564015388489	0.046928679943084715	0.11355401113050334
65.19325453194797	750	23.157046880396358	0.0	386472	3669.0307264620624	0.9162907318741551	0.08709532022476196	0.02879326045513153	0.052543407678604125	0.10533354142080557
68.97387316284194	750	23.37642824950239	0.0	399894	3780.61863089397	0.9162907318741551	0.08442331850528717	0.03045482188463211	0.04787753224372864	0.10577475250536987
72.76886846483622	750	23.581432947508116	0.0	401853	3794.995301994273	0.9162907318741551	0.08126413822174072	0.03420782461762428	0.040214748680591585	0.10589024966350444
77.83395581122964	1200	22.5163456011147	0.0	536667	5065.08734639342	0.9162907318741551	0.09442101418972015	0.032503802329301834	0.055416451394557954	0.10595414517029643
81.21497931259672	750	23.135322099747615	0.0	359903	3381.023501367084	0.44628710262841964	0.0806172788143158	0.03192207217216492	0.0423107922077179	0.1064479439005605
85.61111521318267	750	22.739186199161683	0.0	379700	4396.135900585934	0.9162907318741551	0.08718518912792206	0.03082125075161457	0.05019968822598458	0.08637130620766116
90.44698355131138	750	21.90331786103297	0.0	425781	4835.86833812871	0.9162907318741551	0.08335958421230316	0.03130370005965233	0.04579514414072037	0.0880464417616383
93.31525528096195	750	23.035046131382405	0.0	277716	2868.2717296505657	0.9162907318741551	0.08118908107280731	0.029872866347432137	0.04534164145588875	0.09682346241087605
96.99558906149406	750	23.3547123508503	0.0	400396	3680.3337805321066	0.9162907318741551	0.08909755945205688	0.03224383294582367	0.05040495991706848	0.10879339317481969
100.6484590254534	750	23.70184238689095	0.0	400508	3652.869963959352	0.9162907318741551	0.08371854573488235	0.03396107628941536	0.04296525418758392	0.1096420085991478
103.99715258021622	750	24.353148832128134	0.0	358218	3348.693554762811	0.9162907318741551	0.0874648168683052	0.03261851891875267	0.048322594165802	0.10697246378084085
107.81340735087272	750	24.536894061471635	0.0	400322	3816.2547706565006	0.9162907318741551	0.09042434394359589	0.031451351940631866	0.05268272161483765	0.10489918101854967
111.11744189665298	750	25.23285951569137	0.0	369834	3304.0345457802637	0.9162907318741551	0.08518043160438538	0.03205792233347893	0.046710924804210664	0.11193405967026956
114.86832306293567	750	25.481978349408674	0.0	412837	3750.8811662826965	0.9162907318741551	0.09422194957733154	0.032941222190856934	0.05469248294830322	0.11006400408284364
118.57199103164696	750	25.77831038069738	0.0	401088	3703.6679687112915	0.9162907318741551	0.08650374412536621	0.030569106340408325	0.04982081651687622	0.10829480487678825
121.97136339237547	750	26.378938019968878	0.0	365161	3399.3723607285037	0.9162907318741551	0.07807447016239166	0.028836671262979507	0.043470464646816254	0.10742012384949322
129.98476695082127	750	22.365534461523083	0.0	321064	8013.403558445796	0.9162907318741551	0.07943892478942871	0.031439393758773804	0.04171165227890015	0.0400658718431336
137.5972447509446	750	18.75305666139974	0.0	361565	7612.4778001233435	0.9162907318741551	0.07250332832336426	0.03101283684372902	0.035287924110889435	0.04749636182770105
141.31489972118698	750	19.035401691157368	0.0	378327	3717.6549702423717	0.9162907318741551	0.06568698585033417	0.02941318042576313	0.030391169339418413	0.10176495748752475
144.88615357279988	750	19.464147839544488	0.0	390680	3571.2538516128793	0.9162907318741551	0.07411728799343109	0.02922936901450157	0.03904204517602921	0.10939575180956622
148.00532808150774	750	20.34497333083662	0.0	345516	3119.1745087078657	0.9162907318741551	0.08160057663917542	0.030743515118956566	0.044708358496427535	0.11077161570646839
151.53077652906498	750	20.819524883279378	0.0	384505	3525.4484475572435	0.9162907318741551	0.08409475535154343	0.03120311163365841	0.04665102139115334	0.10906555739495229
154.9857968726104	750	21.364504539733968	0.0	372093	3455.020343545408	0.9162907318741551	0.0896986871957779	0.029849322512745857	0.05387950018048287	0.1076963267944676
159.11471897141269	750	21.235582440931676	0.0	438281	4128.92209880229	0.9162907318741551	0.08193288743495941	0.03091779723763466	0.04483153074979782	0.10614901165782123
163.00764626731888	750	21.3426551450255	0.0	398987	3892.927295906178	0.9162907318741551	0.08226433396339417	0.029672639444470406	0.04665716663002968	0.10249022642153546
166.92333008987052	750	21.42697132247383	0.0	393804	3915.6838225516685	0.9162907318741551	0.0831054151058197	0.03022690862417221	0.046833124756813053	0.10057093929084814
170.14519282318707	750	22.205108589157277	0.0	331053	3221.8627333165527	0.9162907318741551	0.08640877902507782	0.031408071517944336	0.04871909320354462	0.10275204979301443
178.0027605265233	1850	18.347540885821044	0.0	846370	7857.567703336235	0.9162907318741551	0.08062770962715149	0.033128462731838226	0.04087355434894562	0.10771399394250727

