4.871473133005377	750	4.0	4.871473133005377	450283	4871.473133005377	-12.04182780192015	0.08117155730724335	0.030499111860990524	0.04457262307405472	0.09243261487972225
6.639962844071896	300	6.2315102889334835	0.0	155580	1768.4897110665174	-0.9162907318741551	0.0890042632818222	0.027601150795817375	0.055882882326841354	0.0879733701736805
8.242082538618385	300	8.62939059438699	0.0	139857	1602.1196945464915	0.0	0.08556197583675385	0.029394054785370827	0.05028911009430886	0.08729497582238324
10.013711190475286	300	10.857761942530091	0.0	155432	1771.6286518568988	0.0	0.08774948120117188	0.02782464027404785	0.05435991287231445	0.08773396153707884
11.875460116009107	300	12.99601301699627	0.0	163442	1861.74892553382	0.0	0.08075931668281555	0.025755759328603745	0.049852405488491056	0.08778949607994871
13.3326620043468	300	15.538811128658578	0.0	126289	1457.2018883376936	0.0	0.07157298177480698	0.02694885991513729	0.039234349876642226	0.0866654106138062
15.084368672961855	300	17.78710446004352	0.0	153295	1751.7066686150554	0.0	0.06672507524490356	0.026948776096105576	0.03438654392957687	0.08751179792059534
17.055439618125977	300	19.816033514879397	0.0	173849	1971.0709451641212	0.0	0.07086747884750366	0.025922086089849472	0.0397609755396843	0.08820027530035174
21.205512326648073	750	19.6659608063573	0.0	374758	4150.072708522097	0.0	0.07308147847652435	0.02768460474908352	0.03985995277762413	0.09030155043559633
25.20457839212374	750	19.666894740881638	0.0	362795	3999.0660654756634	0.9162907318741551	0.07017965614795685	0.030508849769830704	0.03356903642416	0.09071993161904612
29.141208941663237	750	19.73026419134214	0.0	353220	3936.6305495394995	0.9162907318741551	0.07413718104362488	0.029856456443667412	0.03830943331122399	0.08972647942320092
33.72057890475903	750	19.15089422824635	0.0	405134	4579.36996309579	0.9162907318741551	0.08011530339717865	0.02742007188498974	0.04721121713519096	0.08846937532125432
38.082155158689126	750	18.789317974316248	0.0	386351	4361.576253930103	0.9162907318741551	0.0829671323299408	0.03127254545688629	0.045440077781677246	0.08858059048076235
42.88615847111875	750	17.985314661886626	0.0	434409	4804.00331242962	0.9162907318741551	0.07761077582836151	0.029370427131652832	0.04236626327037812	0.09042645721663711
46.60103380231242	750	18.270439330692952	0.0	337059	3714.8753311936734	0.9162907318741551	0.07801324129104614	0.02969823032617569	0.042375364899635316	0.09073225073523404
50.6924014653748	750	18.179071667630573	0.0	366214	4091.367663062379	0.9162907318741551	0.07819285243749619	0.03162045031785965	0.040248312056064606	0.08950894423550528
54.62716385288833	750	18.24430928011705	0.0	360831	3934.7623875135246	0.9162907318741551	0.08074745535850525	0.03145528957247734	0.04300110787153244	0.09170337734879544
58.68709935220203	750	18.18437378080334	0.0	372963	4059.935499313707	0.9162907318741551	0.08241841197013855	0.0308977160602808	0.04534115269780159	0.09186426731731226
64.53235671442445	750	16.339116418580915	0.0	405596	5845.257362222425	0.9162907318741551	0.07802118360996246	0.03271736949682236	0.03876034021377563	0.06938890366425
69.4791044325794	750	15.39236870042596	0.0	350713	4946.747718154953	0.9162907318741551	0.06905325502157211	0.029317179694771767	0.033872639387845994	0.07089769278365575
73.81966791235605	750	15.051805220649316	0.0	386472	4340.563479776645	0.9162907318741551	0.07018833607435226	0.030194630846381187	0.03395477905869484	0.08903728785459139
78.22251196197378	750	14.648961171031583	0.0	399894	4402.844049617731	0.9162907318741551	0.07553599029779434	0.030782081186771393	0.03859749287366867	0.09082629216329388
82.09383199939496	750	14.777641133610391	0.0	401853	3871.320037421192	0.9162907318741551	0.07954525947570801	0.02829638309776783	0.04558959975838661	0.10380257796193128
83.23920592147083	750	17.63226721153453	0.0	343800	1145.3739220758616	0.9162907318741551	0.07824954390525818	0.0302702859044075	0.04192520081996918	0.3001639843317727
85.13894391013906	1200	19.73252922286629	0.0	587236	1899.7379886682393	0.9162907318741551	0.11905527114868164	0.03574422001838684	0.07616220712661743	0.309114206013044
87.04828513843648	1200	21.82318799456887	0.0	590335	1909.3412282974223	1.3862943611198906	0.13180159032344818	0.03531127795577049	0.0894280567765236	0.3091825553499451
90.54823673328012	1850	22.323236399725232	0.0	1076599	3499.95159484364	1.3862943611198906	0.1456153243780136	0.0360487625002861	0.10235680937767029	0.3076039684623401
92.9996066321715	1850	23.87186650083385	0.0	758197	2451.369898891383	1.8191584434161694	0.1541457325220108	0.030331863090395927	0.11774749681353569	0.3092952231904658
96.02438020834421	1850	24.847092924661137	0.0	972798	3024.7735761727126	1.8191584434161694	0.1552496701478958	0.03558318689465523	0.11254984587430955	0.321610188499099
99.06077232879309	1850	25.81070080421226	0.0	975811	3036.392120448876	1.8191584434161694	0.16520656645298004	0.03800331801176071	0.11960258483886718	0.3213718654544999
103.20059282978481	2850	25.67088030322053	0.0	1341201	4139.820500991728	1.8191584434161694	0.17445728182792664	0.030952604487538338	0.13731415644288064	0.32397564089522823
108.05691133812617	2850	24.814561794879175	0.0	1497683	4856.318508341357	2.2512917986064953	0.19129715859889984	0.03335026651620865	0.15127683877944947	0.308398841103098
119.60945426769047	2850	17.26201886531488	0.0	1358081	11552.542929564295	2.2512917986064953	0.20763906836509705	0.027218811213970184	0.17497649490833284	0.11755688840805027
124.31419393129319	1850	16.55727920171215	0.0	1035329	4704.739663602731	1.3870250882258435	0.1693391650915146	0.031902823597192764	0.13105577677488328	0.22006084800177445
127.51391221117564	1850	17.357560921829705	0.0	1026056	3199.718279882443	1.8191584434161694	0.18252497911453247	0.030104471370577812	0.1463996134698391	0.32067073106126615
130.57046950833714	1850	18.301003624668205	0.0	943942	3056.557297161501	1.8191584434161694	0.1828514039516449	0.02958265133202076	0.14735222235321999	0.3088252266288612
132.95823109875585	1850	19.913242034249496	0.0	728962	2387.7615904187132	1.8191584434161694	0.19609150290489197	0.03905428200960159	0.14922636449337007	0.3052909481939403
139.23006309426756	1850	17.641410038737792	0.0	938587	6271.831995511704	1.8191584434161694	0.18986043334007263	0.03158349171280861	0.1519602432847023	0.14965117061038605
142.10039491456473	1850	18.77107821844061	0.0	908665	2870.331820297183	1.8191584434161694	0.15450581908226013	0.032342329621315	0.11569502353668212	0.3165714129545901
145.08834251484637	1850	19.78313061815896	0.0	930577	2987.947600281647	1.8191584434161694	0.17228835821151733	0.03088453784584999	0.13522691279649734	0.31144354737421864
149.39265776967395	2850	19.478815363331396	0.0	1339500	4304.315254827565	1.8191584434161694	0.20430999994277954	0.04319489002227783	0.15247613191604614	0.31119932456101235
156.51493394833165	2850	16.35653918467367	0.0	1527299	7122.276178657723	2.2512917986064953	0.17548248171806335	0.039890918880701065	0.12761337906122208	0.21443973270464184
160.96548842170975	1850	15.90598471129559	0.0	886255	4450.5544733780835	1.3870250882258435	0.16704818606376648	0.031708013266325	0.12899857014417648	0.19913361476672592
164.55786216030944	1850	16.313610972695894	0.0	973972	3592.3737385996956	1.8191584434161694	0.1551298201084137	0.036290206015110016	0.11158157289028167	0.27112212449800766
168.27473052779476	1850	16.596742605210608	0.0	958994	3716.868367485283	1.8191584434161694	0.16148637235164642	0.043117888271808624	0.10974490642547607	0.2580112893932871
171.4009671739479	1850	17.470505959057455	0.0	982064	3126.2366461531524	1.8191584434161694	0.17343682050704956	0.029408054426312447	0.13814715519547463	0.3141361679092445
174.00692458191108	1850	18.86454855109429	0.0	830730	2605.9574079631648	1.8191584434161694	0.17824335396289825	0.03320411965250969	0.13839841037988662	0.3187811118713965
180.73274865976984	4300	16.138724473235524	0.0	2155012	6725.824077858769	1.8191584434161694	0.18658091127872467	0.03517509996891022	0.14437079131603242	0.3204086183422848

