6.776652365562665	750	4.0	6.776652365562665	450283	6776.652365562665	-17.109604560522534	0.06184419244527817	0.024649152532219887	0.0322652094066143	0.06644622974733529
9.4791501807424	300	5.2975021848202655	0.0	155580	2702.4978151797345	-0.9162907318741551	0.06827179342508316	0.02742694690823555	0.0353594571352005	0.05756896421011643
11.398795599565691	300	7.377856765996974	0.0	139857	1919.6454188232906	0.0	0.07010255753993988	0.023723028600215912	0.04163492321968079	0.07285564231217759
14.168788312041489	300	8.607864053521174	0.0	155432	2769.9927124757987	0.0	0.07231099903583527	0.02506105788052082	0.04223772957921028	0.0561127830047885
19.046517672575217	300	7.730134692987446	0.0	163442	4877.729360533729	0.0	0.06130637601017952	0.02307678759098053	0.033614230901002885	0.0335078041275574
21.68413129966421	300	9.092521065898456	0.0	126289	2637.6136270889897	0.0	0.039034947752952576	0.01785966008901596	0.017603355646133422	0.04788002257153154
27.888425355478095	300	6.888227010084568	0.0	153295	6204.294055813888	0.0	0.04428801313042641	0.01858643628656864	0.021984289586544036	0.024707887572857884
30.721098735170617	300	8.055553630392048	0.0	173849	2832.6733796925214	0.0	0.03822660446166992	0.01730174385011196	0.01746451184153557	0.06137276582832533
33.1341182476208	300	9.642534117941866	0.0	150710	2413.0195124501815	0.0	0.051787570118904114	0.019821371883153915	0.028001923859119416	0.062457016705583526
35.356063237524594	300	11.420589128038072	0.0	139105	2221.9449899037913	0.0	0.049012914299964905	0.022489376366138458	0.022025662660598754	0.06260506026570133
37.68224620936338	300	13.094406156199286	0.0	141840	2326.182971838787	0.0	0.05787459388375282	0.021229833364486694	0.03239879384636879	0.06097542700515908
41.688009733765504	300	13.08864263179716	0.0	156148	4005.7635244021253	0.0	0.053012456744909286	0.02432013861835003	0.02382829040288925	0.038980833254081235
45.14855711628496	300	13.628095249277704	0.0	160746	3460.5473825194554	0.0	0.048244409263134	0.023016074672341347	0.020625119656324388	0.046451032808274596
49.2585451341001	300	13.51810723146256	0.0	179801	4109.988017815144	0.0	0.04962010681629181	0.0220906063914299	0.02311137914657593	0.04374732948627466
55.34449201195688	300	11.432160353605786	0.0	140051	6085.946877856773	0.0	0.04715058207511902	0.0209092628210783	0.022059466689825058	0.02301219560584143
60.65155957559192	300	10.125092789970745	0.0	138313	5307.067563635042	0.0	0.03597139194607735	0.020258722826838493	0.011660924553871157	0.02606203865723228
64.58360105738352	300	10.19305130817915	0.0	143509	3932.041481791596	0.0	0.03693842142820358	0.018997101113200188	0.014141900092363359	0.036497326049218466
68.5972990445969	300	10.179353320965772	0.0	150616	4013.697987213379	0.0	0.04362429305911064	0.020495256409049034	0.0190299853682518	0.03752549406552867
72.22757268932251	300	10.549079676240147	0.0	165384	3630.2736447256243	0.0	0.042095847427845	0.019399890676140785	0.01881597861647606	0.04555689630733049
75.17186615262024	300	11.604786212942424	0.0	140881	2944.2934632977244	0.0	0.04041443020105362	0.020816203206777573	0.015434986352920534	0.04784883088461153
78.41899304973553	300	12.357659315827123	0.0	157671	3247.126897115301	0.0	0.04703592509031296	0.019553417339920998	0.023571824282407762	0.048557079841897326
80.64335692270129	300	14.133295442861362	0.0	157812	2224.3638729657605	0.0	0.04781101271510124	0.019626207649707794	0.02425956353545189	0.07094702531271924
83.50288486956607	300	15.27376749599658	0.0	163927	2859.5279468647827	0.0	0.05683395266532898	0.022395960986614227	0.029958799481391907	0.05732659482476166
85.85644651967918	300	16.92020584588346	0.0	137654	2353.561650113121	0.0	0.04980336129665375	0.02169329673051834	0.02377140522003174	0.05848752676327125
88.07067592587578	300	18.70597643968687	0.0	146754	2214.229406196588	0.0	0.054586075246334076	0.023051515221595764	0.02692425698041916	0.06627768540572376
90.22406575242991	300	20.552586613132757	0.0	153938	2153.3898265541156	0.0	0.05302533134818077	0.022866401821374893	0.0255856491625309	0.07148635983217852
95.94288935439278	300	18.833763011169882	0.0	181901	5718.823601962873	0.0	0.059389688074588776	0.025443293154239655	0.028857736289501192	0.03180741576599182
97.92937589588936	300	20.847276469673297	0.0	111155	1986.4865414965857	0.0	0.04502389580011368	0.022412629798054695	0.018128740042448046	0.05595557668176181
104.17296902651518	300	18.60368333904749	0.0	153605	6243.593130625806	0.0	0.05508919060230255	0.0241222120821476	0.026142536103725435	0.024602019508052714
106.99976129426628	300	19.776891071296383	0.0	149029	2826.7922677511074	0.0	0.04349853843450546	0.02007448673248291	0.01940915435552597	0.052720180998146716
109.49681256878881	300	21.27983979677386	0.0	157421	2497.0512745225237	0.0	0.050541952252388	0.02125038579106331	0.025041489303112032	0.06304275831504558
111.82715535035295	300	22.949497015209708	0.0	157488	2330.3427815641517	0.0	0.05714688450098038	0.025318339467048645	0.026764877140522003	0.0675814739556437
114.26583734202104	300	24.510815023541625	0.0	143881	2438.681991668085	0.0	0.05587302893400192	0.02474869042634964	0.026174600422382358	0.0589994925503115
118.24260503129264	300	24.534047334270028	0.0	163444	3976.7676892715986	0.0	0.05508860945701599	0.023570386692881584	0.02680414542555809	0.041099710310193424
122.19272987677792	300	24.583922488784744	0.0	179328	3950.124845485281	0.0	0.04790222644805908	0.02238474413752556	0.021040533483028413	0.04539805879932111
125.76760923221813	300	25.00904313334453	0.0	159914	3574.879355440216	0.0	0.049923382699489594	0.022555282339453697	0.022857043892145157	0.044732698393484094
131.1554459282903	300	23.621206437272356	0.0	131610	5387.836696072176	0.0	0.0546131506562233	0.02307218313217163	0.026926530897617342	0.024427243701715368
136.33600761474298	300	22.440644750819686	0.0	124011	5180.561686452669	0.0	0.03934222459793091	0.02036242187023163	0.014907318353652953	0.0239377518318704
140.38977829562205	300	22.386874069940607	0.0	144254	4053.77068087908	0.0	0.039462655782699585	0.017715832218527794	0.018203657120466232	0.03558514068899374
144.69736179175248	300	22.079290573810177	0.0	149991	4307.58349613043	0.0	0.03993981331586838	0.020504839718341827	0.015334005653858184	0.034820218838413526
148.01742666437423	300	22.759225701188427	0.0	147968	3320.064872621747	0.0	0.04224645346403122	0.02072717435657978	0.017373844236135482	0.0445678038463009
151.3036148941962	300	23.473037471366464	0.0	161857	3286.188229821966	0.0	0.04466341435909271	0.019370410591363907	0.021418921649456024	0.0492537215400984
154.83497842562116	300	23.94167393994149	0.0	145210	3531.3635314249723	0.0	0.047393590211868286	0.020074591040611267	0.023304080963134768	0.0411200938979525
157.2568127175831	300	25.51983964797957	0.0	172312	2421.834291961922	0.0	0.047185346484184265	0.019177457317709923	0.02417239770293236	0.07114937655805116
159.96655803782875	300	26.810094327733918	0.0	167025	2709.7453202456545	0.0	0.055702149868011475	0.023456066846847534	0.027554869651794434	0.06163863398972793
162.68573757631307	300	28.090914789249588	0.0	160064	2719.17953848433	0.0	0.05280296131968498	0.024058330804109573	0.023932964354753495	0.058864814821760404
167.81110125314757	750	26.965551112415117	0.0	331053	5125.363676834474	0.0	0.05670025944709778	0.02191176451742649	0.03040614202618599	0.06459112384478927
187.68187315739598	1850	11.094779208166706	0.0	846370	19870.77190424841	0.9162907318741551	0.060917504131793976	0.02413284406065941	0.03195809125900269	0.04259371523554374

