5.05305744689	750	4.0	5.053057446890755	450283	5053.05744689	-12.524842076855254	0.159239926154	0.0406553174775	0.118584608677	0.0891109995745
6.76580684872	300	6.287250598168928	0.0	155580	1712.74940183	-0.9162907318741551	0.0891109995745	0.0227508016735	0.066360197901	0.0908364059761
8.31232503589	300	8.740732411002968	0.0	139857	1546.51818717	0.0	0.0899654308382	0.0229689452957	0.0669964855425	0.0904334660663
12.4208502073	750	8.63220723957732	0.0	382355	4108.52517143	0.0	0.0901209033618	0.020735788062	0.0693851152998	0.0930638085557
17.005371655	750	8.047685791925439	0.0	411561	4584.52144765	0.9162907318741551	0.0908390415168	0.0209010234295	0.0699380180873	0.0897718561685
20.7808141872	750	8.272243259731294	0.0	318564	3775.44253219	0.9162907318741551	0.0906235794325	0.00277789533868	0.0878456840939	0.0843779231927
24.7059539794	750	8.347103467492405	0.0	352642	3925.13979224	0.9162907318741551	0.0896013017196	0.00617520222315	0.0834260994965	0.0898418957453
30.0187836078	750	7.034273839057089	0.0	437162	5312.82962844	0.9162907318741551	0.0894060559392	0.00616174614435	0.0832443097949	0.0822842121005
34.5006620624	750	6.552395384494943	0.0	374758	4481.87845456	0.9162907318741551	0.0876888845681	0.00698505862636	0.0807038259417	0.083616279156
39.3390509042	750	5.714006542733907	0.0	362795	4838.38884176	0.9162907318741551	0.0858607184655	0.00683943187483	0.0790212865907	0.0749826051327
43.5972861329	750	5.45577131399323	0.0	353220	4258.23522874	0.9162907318741551	0.0827390935162	0.0104826194378	0.0722564740784	0.0829498562259
45.3980750501	300	7.654982396831295	0.0	156148	1800.78891716	-0.9162907318741551	0.0824606790705	0.0104473457533	0.0720133333172	0.0867108846083
47.2102798608	300	9.842777586058792	0.0	160746	1812.20481077	0.0	0.0819176954651	0.0103785525111	0.071539142954	0.0887018945345
51.945558486	750	9.107498960927172	0.0	434409	4735.27862513	0.0	0.0831150316531	0.0105302488745	0.0725847827786	0.0917388467269
55.7241162461	750	9.32894120082938	0.0	337059	3778.5577601	0.9162907318741551	0.0846042241388	0.0107189219363	0.0738853022025	0.0892030826045
59.604893537	750	9.44816390984885	0.0	366214	3880.77729098	0.9162907318741551	0.087761404545	0.00754103278878	0.0802203717562	0.0943661469188
63.4429286852	750	9.610128761650211	0.0	360831	3838.0351482	0.9162907318741551	0.0900670507195	0.00773914895945	0.0823279017601	0.09401451161
67.5305292415	750	9.522528205346864	0.0	372963	4087.6005563	0.9162907318741551	0.0915444505135	0.00786609679428	0.0836783537192	0.0912425259912
72.1961237996	750	8.85693364732662	0.0	405596	4665.59455802	0.9162907318741551	0.0920736370568	0.00791156795663	0.0841620691001	0.0869334004393
76.0090888529	750	9.04396859401383	0.0	350713	3812.96505331	0.9162907318741551	0.0910632167508	0.00595665830603	0.0851065584448	0.0919790753643
80.2858384259	750	8.76721902094616	0.0	386472	4276.74957307	0.9162907318741551	0.0916278283602	0.00599359087389	0.0856342374863	0.0903658241843
84.9865741567	750	8.066483290143973	0.0	399894	4700.7357308	0.9162907318741551	0.0908468449079	0.00507174793677	0.0857750969711	0.0850705129794
89.9372962625	750	7.115761184410248	0.0	401853	4950.72210573	0.9162907318741551	0.0890377073429	0.00566130119637	0.0833764061465	0.0811705830821
94.8288415351	750	6.224215911825462	0.0	343800	4891.54527258	0.9162907318741551	0.0869324595474	0.00768111041898	0.0792513491285	0.0702845380839
99.6945629398	750	5.3584945070648935	0.0	359903	4865.72140476	0.9162907318741551	0.0830003121531	0.0158948991593	0.0671054129938	0.0739670379911
101.62460918	300	7.42844826732612	0.0	153938	1930.04623974	-0.9162907318741551	0.0795061271724	0.015225748448	0.0642803787243	0.0797587108695
103.761246671	300	9.291810776358352	0.0	181901	2136.63749097	0.0	0.077688101663	0.0148775891292	0.0628105125338	0.0851342358116
106.929191315	750	10.123866131554378	0.0	277716	3167.9446448	0.0	0.0776987237576	0.0148796233038	0.0628191004539	0.0876644105684
111.325000831	750	9.728056616196913	0.0	400396	4395.80951536	0.9162907318741551	0.078816460619	0.0150936744831	0.0637227861359	0.0910858395026
115.644474527	750	9.408582919900741	0.0	400508	4319.4736963	0.9162907318741551	0.0830712443158	0.00986145244297	0.0732097918729	0.0927214814026
119.746626282	750	9.306431164880035	0.0	358218	4102.15175502	0.9162907318741551	0.0870250048114	0.0103308064465	0.0766941983649	0.0873244144519
124.262941848	750	8.790115598835614	0.0	400322	4516.31556604	0.9162907318741551	0.0887020439289	0.010529889073	0.0781721548559	0.0886390674314
128.086955855	750	8.966101592299047	0.0	369834	3824.01400654	0.9162907318741551	0.0894389772351	0.0106173710026	0.0788216062325	0.0967135578917
132.553889532	750	8.499167914814974	0.0	412837	4466.93367748	0.9162907318741551	0.0911797913332	0.010824024407	0.0803557669262	0.0924206692571
136.992514393	750	8.06054305421125	0.0	401088	4438.6248606	0.9162907318741551	0.0914442091422	0.00862013758734	0.0828240715548	0.0903631220471
141.301981874	750	7.751075572997155	0.0	365161	4309.46748121	0.9162907318741551	0.0909758803449	0.006364296819	0.0846115835259	0.0847345992496
145.176698174	750	7.876359272593849	0.0	321064	3874.7163004	0.9162907318741551	0.0904001781797	0.00632402307342	0.0840761551063	0.0828612923136
149.361159724	750	7.691897722676421	0.0	361565	4184.46154992	0.9162907318741551	0.0891324709067	0.00743316593682	0.0816993049698	0.0864065772111
153.592086827	750	7.460970620164819	0.0	378327	4230.92710251	0.9162907318741551	0.0872148892136	0.00727324999623	0.0799416392173	0.0894194087569
160.16259574	750	4.8904617065038325	0.0	390680	6570.50891366	0.9162907318741551	0.0866658901288	0.00722746644222	0.0794384236866	0.0594596255988
162.169193421	300	6.883864026082233	0.0	147968	2006.59768042	-0.9162907318741551	0.0788090402153	0.0247398323869	0.0540692078284	0.0737407410782
164.177631023	300	8.875426423399245	0.0	161857	2008.43760268	0.0	0.076682449737	0.0240722504465	0.0526101992905	0.0805885130729
165.808741508	300	11.244315938956282	0.0	145210	1631.11048444	0.0	0.0762842570278	0.0239472492937	0.0523370077342	0.0890252385629
167.729351313	300	13.323706133878561	0.0	172312	1920.60980508	0.0	0.0766825299125	0.0240722756153	0.0526102542972	0.0897173384955
171.837637893	750	13.215419553947248	0.0	398987	4108.28657993	0.0	0.0767262293618	0.024085993801	0.0526402355608	0.0971176163681
175.992160463	750	13.06089698375887	0.0	393804	4154.52257019	0.9162907318741551	0.0852581480092	0.0147948824479	0.0704632655613	0.0947892310962
179.618957254	750	13.434100193071728	0.0	331053	3626.79679069	0.9162907318741551	0.0898729081496	0.0155956837249	0.0742772244246	0.0912797212268
188.605766259	1850	8.447291188208148	0.0	846370	8986.80900486	0.9162907318741551	0.0922837194488	0.0160140328283	0.0762696866205	0.0941791462956

