3.44838432574	750	4.0	3.448384325742797	450283	3448.38432574	-8.256411574601685	0.0959929145556	0.0196318367211	0.0763610778345	0.13057796274
6.1715089822	750	5.276875343540417	0.0	398865	2723.12465646	0.9162907318741551	0.13057796274	0.0267049422944	0.103873020446	0.146473279897
9.4588002445	750	5.989584081245725	0.0	350812	3287.29126229	0.9162907318741551	0.13806963869	0.0282370903671	0.109832548323	0.106717650494
14.0700465313	750	5.378337794464318	0.0	382355	4611.24628678	0.9162907318741551	0.125754711661	0.0285555917513	0.0971991199098	0.0829179306896
15.2774338953	300	8.170950430442387	0.0	163442	1207.38736402	-0.9162907318741551	0.111370720414	0.037937052966	0.0734336674481	0.135368320781
18.9695390598	750	8.478845265958741	0.0	318564	3692.10516448	0.0	0.115464546851	0.0393315641069	0.0761329827445	0.0862824827051
21.5842800215	750	9.864104304226439	0.0	352642	2614.74096173	0.9162907318741551	0.105853904333	0.0360578180729	0.0697960862601	0.134866897012
24.4631703586	750	10.985213967185892	0.0	437162	2878.89033704	0.9162907318741551	0.104553410781	0.0356148210931	0.0689385896874	0.151850869196
27.4450389683	750	12.003345357406387	0.0	374758	2981.86860978	0.9162907318741551	0.111019002721	0.0378172447014	0.0732017580198	0.125678911127
30.9855339827	1200	12.462850343046798	0.0	560821	3540.49501436	0.9162907318741551	0.122147842996	0.0308711746319	0.0912766683642	0.158401861244
35.1975528385	1200	12.250831487286227	0.0	607410	4212.01885576	1.3862943611198906	0.125439647218	0.0317031325323	0.0937365146862	0.144208756133
39.0827900825	1200	12.365594243275787	0.0	594078	3885.23724401	1.3862943611198906	0.142027863954	0.0337314255651	0.108296438389	0.152906492626
43.1327750205	1200	12.31560930529013	0.0	624282	4049.98493799	1.3862943611198906	0.145646963183	0.0345909567363	0.111056006447	0.154144276969
47.6477844011	1200	11.800599924663357	0.0	687371	4515.00938063	1.3862943611198906	0.14606384288	0.0272039110197	0.118859931861	0.152241322676
50.9336340054	1200	12.514750320313363	0.0	526950	3285.84960435	1.3862943611198906	0.152237861522	0.0283538017145	0.123884059808	0.160369482311
56.2772764206	1850	11.171107905161136	0.0	923170	5343.64241515	1.3862943611198906	0.152597743616	0.0175736973194	0.135024046297	0.172760437222
62.5553388437	1850	8.893045482025991	0.0	966699	6278.06242314	1.8191584434161694	0.158128493248	0.0165262524303	0.141602240817	0.153980469585
67.8096514391	1850	7.638732886657878	0.0	885714	5254.31259537	1.8191584434161694	0.158356937703	0.0165501275122	0.14180681019	0.168568958151
73.085696901	1850	6.362687424789693	0.0	987708	5276.04546187	1.8191584434161694	0.161190998027	0.0168463195226	0.144344678504	0.187206120027
80.1846356177	1850	4.0	0.7362512919806385	923755	7098.93871677	-0.13926999325232914	0.167828663179	0.0204767738249	0.147351889354	0.130125788777
84.8338715729	750	4.0	0.6492359551557347	386472	4649.23595516	-1.7135446203821136	0.160043223446	0.0359538677013	0.124089355745	0.0831259165436
86.1321856747	300	6.701685898206832	0.0	157812	1298.31410179	-0.9162907318741551	0.133393305343	0.0641092673896	0.0692840379534	0.121551479555
87.426638763	300	9.407232809911614	0.0	163927	1294.4530883	0.0	0.127499704203	0.0612767830278	0.0662229211755	0.126638038475
91.3256002068	750	9.508271366077254	0.0	343800	3898.96144383	0.0	0.121418139162	0.0583539625881	0.063064176574	0.0881773274634
93.8025460816	750	11.031325491241558	0.0	359903	2476.94587484	0.9162907318741551	0.105979160934	0.0509339381655	0.0550452227684	0.145301116046
96.3281957538	750	12.505675819042732	0.0	379700	2525.6496722	0.9162907318741551	0.107813284066	0.0518154238592	0.0559978602066	0.150337556384
101.334169286	1200	11.499702286432838	0.0	696376	5005.97353261	0.9162907318741551	0.121956485584	0.0333881955425	0.0885682900418	0.139109005564
104.575779612	1200	12.258091961186564	0.0	487160	3241.61032525	1.3862943611198906	0.125125532436	0.034255789877	0.0908697425585	0.150283331777
108.781275507	1200	12.052596066047231	0.0	622896	4205.49589514	1.3862943611198906	0.129140748775	0.0353550412013	0.0937857075737	0.148114756388
113.063468881	1200	11.77040269194863	0.0	641447	4282.1933741	1.3862943611198906	0.146506475643	0.0323033402126	0.11420313543	0.149794029359
116.734707014	1200	12.099164558685546	0.0	570392	3671.23813326	1.3862943611198906	0.1473980202	0.0324999176473	0.114898102552	0.15536774769
120.637504859	1200	12.196366714230997	0.0	620283	3902.79784445	1.3862943611198906	0.148339769686	0.0212715349947	0.127068234691	0.158932905244
124.054551785	1200	12.779319788330204	0.0	584349	3417.0469259	1.3862943611198906	0.152393684211	0.0218528557347	0.130540828476	0.171009942992
128.079234001	1200	12.754637571854964	0.0	670129	4024.68221648	1.3862943611198906	0.156234015433	0.0177413808521	0.138492634581	0.166504822979
134.593392188	1850	10.240479384913856	0.0	1026056	6514.15818694	1.3862943611198906	0.159961178035	0.0157039410029	0.144257237032	0.157511680029
140.058093437	1850	8.775778136297605	0.0	943942	5464.70124862	1.8191584434161694	0.161652809272	0.0158700142805	0.145782794991	0.172734419881
143.986133474	1850	8.847738098991245	0.0	728962	3928.04003731	1.8191584434161694	0.165107075348	0.0162091315047	0.148897943843	0.18557906566
150.971051097	1850	5.862820475992865	0.0	938587	6984.917623	1.8191584434161694	0.17018406653	0.0169084625404	0.15327560399	0.134373381428
157.444388305	1200	4.0	0.6105167316378683	605884	6473.33720763	-0.6705442273331181	0.161424197222	0.0339674048952	0.127456792327	0.0935968543838
158.53607156	300	6.908316744771824	0.0	149991	1091.68325523	-1.3862943611198906	0.140242311566	0.0589271218981	0.0813151896676	0.137394248086
162.533321242	750	6.911067062536496	0.0	345516	3997.24968224	0.0	0.136678613934	0.0574297246974	0.0792488892364	0.0864384332897
165.194872619	750	8.249515685952362	0.0	384505	2661.55137658	0.9162907318741551	0.118030695768	0.0495942281584	0.0684364676097	0.144466495512
167.670972064	750	9.773416240297879	0.0	372093	2476.09944565	0.9162907318741551	0.113907299948	0.0478616565444	0.066045643404	0.15027385134
171.026203896	750	10.418184408242013	0.0	438281	3355.23183206	0.9162907318741551	0.115987992348	0.0487359234705	0.0672520688771	0.130626145059
173.560380704	750	11.884007600983951	0.0	398987	2534.17680726	0.9162907318741551	0.124752907846	0.0458565421882	0.078896365658	0.157442447921
176.269620912	750	13.174767392447071	0.0	393804	2709.24020854	0.9162907318741551	0.127705999811	0.0469420366155	0.0807639631952	0.145355881977
179.961375553	1200	13.483012751807376	0.0	538612	3691.75464064	0.9162907318741551	0.145082429695	0.028269054065	0.11681337563	0.145895936331
188.840055653	2850	8.604332651458355	0.0	1364537	8878.68010035	1.3862943611198906	0.145368498806	0.028324794124	0.117043704682	0.153686920193

