4.942753659895781	750	4.0	4.942753659895781	450283	4942.753659895781	-12.231434003448623	0.12157661467790604	0.03199519217014313	0.0831823840737343	0.09109962401191045
6.294104429698678	300	6.648649230197103	0.0	155580	1351.350769802897	-0.9162907318741551	0.08694002777338028	0.027308518067002296	0.05416980609297752	0.11512924954539547
7.539398019901773	300	9.403355639994007	0.0	139857	1245.2935902030947	0.0	0.10237456858158112	0.02944623865187168	0.0670390821993351	0.11230845569291877
8.741015260782131	300	12.20173839911365	0.0	155432	1201.6172408803584	0.0	0.09001146256923676	0.030007971450686455	0.05400189682841301	0.1293523384252739
13.307587290083019	750	11.635166369812763	0.0	411561	4566.572029300887	0.0	0.0965210348367691	0.029193436726927757	0.0614889107644558	0.09012471441581693
16.31772733339184	750	12.625026326503942	0.0	318564	3010.1400433088193	0.9162907318741551	0.07848095148801804	0.03029489703476429	0.04212707504630089	0.10583029208495785
19.36809966127731	750	13.574653998618471	0.0	352642	3050.3723278854723	0.9162907318741551	0.07992495596408844	0.02945473976433277	0.04457926824688912	0.1156062152728918
22.219526667524278	750	14.7232269923715	0.0	437162	2851.427006246971	0.9162907318741551	0.08014435321092606	0.029326094314455986	0.044953040033578875	0.15331341080878297
24.30058405855829	750	16.64216960133749	0.0	374758	2081.05739103401	0.9162907318741551	0.08876199275255203	0.0318572111427784	0.05053333938121796	0.18008056943292414
26.678772241364683	750	18.26398141853109	0.0	362795	2378.188182806398	0.9162907318741551	0.09946946799755096	0.02972465753555298	0.0637998789548874	0.15255100610746505
28.72599793855087	750	20.216755721344907	0.0	353220	2047.2256971861816	0.9162907318741551	0.10477650165557861	0.030657049268484116	0.06798804253339769	0.17253593508790202
33.03672374027283	1200	19.906029919622938	0.0	594078	4310.72580172197	0.9162907318741551	0.10985694825649261	0.03440019488334656	0.06857671439647675	0.13781391517936226
36.26182257960532	1200	20.680931080290453	0.0	624282	3225.0988393324888	1.3862943611198906	0.10146290808916092	0.03442322462797165	0.060155038535594944	0.19356988145182247
39.581145228045116	1200	21.361608431850655	0.0	687371	3319.3226484397974	1.3862943611198906	0.11349675059318542	0.03133736178278923	0.07589191645383836	0.20708170696304243
44.396453051531736	1200	20.54630060836404	0.0	526950	4815.307823486616	1.3862943611198906	0.11484147608280182	0.034606050699949265	0.0733142152428627	0.10943225632010618
50.04568990726512	1200	18.89706375263066	0.0	587876	5649.236855733381	1.3862943611198906	0.10612166672945023	0.03140128031373024	0.06844013035297394	0.10406290531142587
54.28296094420747	1200	18.65979271568831	0.0	617242	4237.271036942347	1.3862943611198906	0.10519813746213913	0.033273257315158844	0.06527022868394852	0.14566969981826025
59.23052108383103	1200	17.712232576064746	0.0	581493	4947.560139623565	1.3862943611198906	0.10077762603759766	0.03318414092063904	0.06095665693283081	0.11753126462132159
63.9381587282575	1200	17.004594931638277	0.0	639204	4707.637644426471	1.3862943611198906	0.11486374586820602	0.034123048186302185	0.0739160880446434	0.13578020405983773
68.7428481150613	1200	16.19990554483446	0.0	586839	4804.689386803814	1.3862943611198906	0.09616899490356445	0.03287177532911301	0.056722864508628845	0.12213880081650362
72.68297203081585	1200	16.259781629079924	0.0	601738	3940.1239157545383	1.3862943611198906	0.11162924766540527	0.032205864787101746	0.07298220992088318	0.152720577541726
77.97172442273491	1200	14.971029237160849	0.0	616206	5288.752391919074	1.3862943611198906	0.1151670515537262	0.03333637863397598	0.07516339719295502	0.11651254480007973
83.91035593932759	1200	13.032397720568174	0.0	656471	5938.631516592674	1.3862943611198906	0.10408154129981995	0.032793719321489334	0.06472907811403275	0.11054247062910114
87.51599998175686	750	13.426753678138903	0.0	343800	3605.64404242927	0.44628710262841964	0.0942588821053505	0.03311684727668762	0.05451866537332535	0.09535051046480114
90.9311848796295	750	14.01156878026627	0.0	359903	3415.184897872632	0.9162907318741551	0.09841775894165039	0.03279808536171913	0.05906005650758744	0.1053831668745633
93.87798026607055	750	15.064773393825226	0.0	379700	2946.795386441045	0.9162907318741551	0.09333445131778717	0.030377715826034546	0.05688119232654572	0.12885183740516773
96.60305309773854	750	16.339700562157244	0.0	425781	2725.072831667984	0.9162907318741551	0.09833880513906479	0.032285425812006	0.059596294164657594	0.15624573224319463
98.12408306092067	750	18.8186705989751	0.0	277716	1521.0299631821458	0.9162907318741551	0.10086514055728912	0.03145267441868782	0.06312193125486373	0.18258417435708535
101.9104615179618	1200	19.032292141933958	0.0	622896	3786.37845704114	0.9162907318741551	0.10993009060621262	0.031001007184386253	0.07272888198494912	0.16450970421133262
106.5063904749981	1200	18.43636318489766	0.0	641447	4595.928957036295	1.3862943611198906	0.10849359631538391	0.033516790717840195	0.06827344745397568	0.1395685194432683
109.56759993721188	1200	19.37515372268388	0.0	570392	3061.209462213782	1.3862943611198906	0.09841163456439972	0.03419197350740433	0.05738126635551453	0.18632896802413132
112.37538057156003	1200	20.56737308833573	0.0	620283	2807.780634348149	1.3862943611198906	0.11326272785663605	0.03388199210166931	0.07260433733463287	0.2209157625820025
115.90865330041738	1200	21.034100359478376	0.0	584349	3533.272728857357	1.3862943611198906	0.12757959961891174	0.033207498490810394	0.08773060142993927	0.1653846291647505
123.58648170733403	1200	17.35627195256174	0.0	670129	7677.8284069166375	1.3862943611198906	0.11240322142839432	0.03316568210721016	0.07260440289974213	0.08728105975855212
128.279773554604	1200	16.662980105291762	0.0	690253	4693.291847269977	1.3862943611198906	0.10203428566455841	0.0349123477935791	0.06013946831226349	0.14707225172913777
133.36494509411148	1200	15.57780856578429	0.0	598727	5085.171539507471	1.3862943611198906	0.11088036745786667	0.03439616039395332	0.06960497498512269	0.11773978426261512
136.95641911006803	1200	15.986334549827712	0.0	487812	3591.4740159565767	1.3862943611198906	0.10597729682922363	0.03330560401082039	0.06601057201623917	0.1358250116338578
141.7957596629426	1200	15.146993996953123	0.0	575591	4839.34055287459	1.3862943611198906	0.11188938468694687	0.035095203667879105	0.06977514028549195	0.11893996583028164
144.45530010634144	750	16.4874535535543	0.0	378327	2659.5404433988233	0.44628710262841964	0.09356431663036346	0.03156793862581253	0.05568279027938843	0.14225277187983199
147.89555330498558	1200	17.047200354910157	0.0	587506	3440.253198644142	0.9162907318741551	0.1122853234410286	0.032038480043411255	0.0738391473889351	0.1707740582093043
153.73435681082944	1200	15.208396849066295	0.0	566904	5838.803505843863	1.3862943611198906	0.10983424633741379	0.03218412771821022	0.07121329307556153	0.09709249496623834
157.19121008915164	750	15.751543570744095	0.0	384505	3456.853278322201	0.44628710262841964	0.09914415329694748	0.03434978798031807	0.0579244077205658	0.11122977142571154
161.09411807659	750	15.84863558330572	0.0	372093	3902.907987438375	0.9162907318741551	0.09268071502447128	0.03171810135245323	0.054618993401527406	0.09533737438791597
165.12955092703507	750	15.813202732860645	0.0	438281	4035.4328504450746	0.9162907318741551	0.09084999561309814	0.034703973680734634	0.04920522719621658	0.10860817568842987
168.13274711048894	750	16.81000654940679	0.0	398987	3003.1961834538556	0.9162907318741551	0.09669098258018494	0.0339692048728466	0.05592793673276902	0.13285412461504295
170.62328628212566	750	18.319467377770064	0.0	393804	2490.5391716367258	0.9162907318741551	0.09749899059534073	0.03424067795276642	0.056410177052021025	0.15811997839054304
173.88241440398696	1200	19.06033925590877	0.0	538612	3259.128121861293	0.9162907318741551	0.09937383979558945	0.031487658619880676	0.06158864945173264	0.16526260394218498
179.40849821830213	1850	17.534255441593597	0.0	846370	5526.083814315173	1.3862943611198906	0.10088691115379333	0.032374780625104904	0.062037174403667454	0.15315909574290223

