6.78328677432	750	4.0	6.78328677432126	450283	6783.28677432	-17.127252087820395	0.0450889257581	0.0054752000612	0.0396137256969	0.0663812418641
9.19643615107	300	5.5868506232529125	0.0	155580	2413.14937675	-0.9162907318741551	0.0663812418641	0.00806075047045	0.0583204913937	0.0644717651958
11.372328174	300	7.410958600329946	0.0	139857	2175.89202292	0.0	0.0654125714804	0.00794312371277	0.0574694477677	0.0642757078599
13.780240067	300	9.00304670728401	0.0	155432	2407.91189305	0.0	0.0650291746761	0.00215827843622	0.0628708962399	0.0645505346142
16.3413755628	300	10.441911211520456	0.0	163442	2561.13549576	0.0	0.0649088504357	0.00215428494845	0.0627545654872	0.0638162253697
21.3661556401	750	9.41713113420453	0.0	318564	5024.78007732	0.0	0.0646873424683	0.00186075113559	0.0628265913327	0.06339859558
26.860155484	750	7.923131290367216	0.0	352642	5493.99984384	0.9162907318741551	0.0640996076511	0.00184384476431	0.0622557628868	0.0641867510054
33.4610204753	750	5.322266299006798	0.0	437162	6600.86499136	0.9162907318741551	0.0640430607284	0.00127591105284	0.0627671496756	0.0662279868733
35.7948721749	300	6.9884145994085225	0.0	150710	2333.8516996	-0.9162907318741551	0.0644214913868	0.00205745077373	0.0623640406131	0.0645756540683
37.9490755887	300	8.83421118566977	0.0	139105	2154.20341374	0.0	0.0644264936531	0.00205761053278	0.0623688831203	0.0645737533943
40.1440607596	300	10.639226014721888	0.0	141840	2194.98517095	0.0	0.0645794616121	0.00206249592179	0.0625169656903	0.0646200265393
42.556781549	300	12.226505225278196	0.0	156148	2412.72078944	0.0	0.0648291029967	0.0020704688024	0.0627586341943	0.0647186366044
48.4563969836	750	10.326889790712304	0.0	386351	5899.61543457	0.0	0.0649369070491	0.00207391177658	0.0628629952725	0.0654874888516
55.0467577488	750	7.736529025568953	0.0	434409	6590.36076514	0.9162907318741551	0.064793234015	0.000540203177078	0.0642530308379	0.0659158148515
60.2292998895	750	6.5539868848265685	0.0	337059	5182.54214074	0.9162907318741551	0.0650586721482	0.00108942968958	0.0639692424586	0.0650373872217
65.9925850671	750	4.790701707182979	0.0	366214	5763.28517764	0.9162907318741551	0.065152260258	0.00109099685445	0.0640612634036	0.063542578358
68.2226924581	300	6.560594316257098	0.0	143509	2230.10739093	-0.9162907318741551	0.0649302510478	0.00160419683768	0.0633260542102	0.0643507126984
70.5459631747	300	8.237323599670795	0.0	150616	2323.27071659	0.0	0.0648558461553	0.00160235855596	0.0632534875993	0.0648292938592
73.1254425863	300	9.657844187991799	0.0	165384	2579.47941168	0.0	0.0647256852	0.00159914273915	0.0631265424608	0.0641152626577
75.3521990459	300	11.431087728377674	0.0	140881	2226.75645961	0.0	0.0643706680504	0.00159037152112	0.0627802965293	0.0632673588491
81.6411727578	750	9.142114016507978	0.0	386472	6288.97371187	0.0	0.0640161446025	0.00158161250072	0.0624345321018	0.0614523160227
87.8053488411	750	6.9779379332517815	0.0	399894	6164.17608326	0.9162907318741551	0.0635803915726	0.00254637679362	0.061034014779	0.0648738768327
94.2859578457	750	4.497328928621895	0.0	401853	6480.60900463	0.9162907318741551	0.0636818723459	0.00255044107004	0.0611314312758	0.0620085241546
96.4239476674	300	6.3593391068911105	0.0	137654	2137.98982173	-0.9162907318741551	0.0631177899481	0.00252784972872	0.0605899402193	0.064384777982
98.7054471056	300	8.077839668682687	0.0	146754	2281.49943821	0.0	0.063169853103	0.00252993484342	0.0606399182596	0.0643234872393
101.097002027	300	9.68628474714203	0.0	153938	2391.55492154	0.0	0.0633776520966	0.00253825713465	0.0608393949619	0.0643673279729
107.620758516	750	7.162528258131705	0.0	425781	6523.75648901	0.0	0.0639752578779	0.00168105738906	0.0622942004888	0.0652662313066
111.964280256	750	6.819006518801025	0.0	277716	4343.52173933	0.9162907318741551	0.0640512011912	0.00168305292721	0.062368148264	0.0639379785959
118.171732437	750	4.611554337102231	0.0	400396	6207.4521817	0.9162907318741551	0.0644530148938	0.00125015961776	0.0632028552761	0.0645024703018
120.507594266	300	6.2756925082419	0.0	149029	2335.86182886	-0.9162907318741551	0.0644765688425	0.00125061648072	0.0632259523617	0.0638004346656
122.988125332	300	7.795161442070988	0.0	157421	2480.53106617	0.0	0.0643707719879	0.00124856439742	0.0631222075905	0.0634626198183
125.537762166	300	9.245524608276883	0.0	157488	2549.63683379	0.0	0.0641877530991	0.00124501448088	0.0629427386182	0.0617687969959
127.891488015	300	10.891798759329902	0.0	143881	2353.72584895	0.0	0.0634807583912	0.00239231256011	0.0610884458311	0.0611290393333
130.72581556	300	12.057471214032232	0.0	163444	2834.3275453	0.0	0.0629067670456	0.00237068133295	0.0605360857127	0.0576658827845
137.470513729	750	9.312773045313692	0.0	401088	6744.69816872	0.0	0.0614849610239	0.00512243085539	0.0563625301685	0.0594671533057
143.631495492	750	7.151791282452736	0.0	365161	6160.98176286	0.9162907318741551	0.0606333784475	0.0050514838662	0.0555818945813	0.059269936847
149.031495687	750	5.751791086900013	0.0	321064	5400.00019555	0.9162907318741551	0.0598247257433	0.00498411344758	0.0548406122957	0.0594562941432
151.201606883	300	7.581679891049527	0.0	124011	2170.11119585	-0.9162907318741551	0.0593773761857	0.00494684389192	0.0544305322937	0.0571449980246
153.705177921	300	9.078108852985432	0.0	144254	2503.57103806	0.0	0.058583911859	0.00488073884636	0.0537031730126	0.0576192957207
156.280243633	300	10.503043141487229	0.0	149991	2575.0657115	0.0	0.0585742892278	0.00220218494775	0.05637210428	0.0582474456206
158.751517173	300	12.031769601650387	0.0	147968	2471.27353984	0.0	0.0583336547039	0.0021931379455	0.0561405167584	0.0598752010309
161.175321023	300	13.607965751519917	0.0	161857	2423.80385013	0.0	0.0584499593119	0.00219751058511	0.0562524487268	0.0667780934465
163.358064538	300	15.425222236704704	0.0	145210	2182.74351482	0.0	0.0597377613881	0.006624005835	0.0531137555531	0.0665263687714
170.441868327	750	12.341418447103162	0.0	438281	7083.8037896	0.0	0.0615525207315	0.00682523494369	0.0547272857878	0.0618708554073
176.626381259	750	10.156905515775556	0.0	398987	6184.51293133	0.9162907318741551	0.0624696683728	0.00692693261677	0.0555427357561	0.0645138921093
182.598898675	750	8.184388098982517	0.0	393804	5972.51741679	0.9162907318741551	0.0637989091525	0.00707432512824	0.0567245840243	0.065936015338
188.290353445	750	6.492933329475945	0.0	331053	5691.45476951	0.9162907318741551	0.0650736135021	0.00721567038212	0.05785794312	0.0581666750255
193.014886531	750	5.768400242943193	0.0	314107	4724.53308653	0.9162907318741551	0.0632486563988	0.0067132368247	0.0565354195741	0.0664842417752

