1.5049486826638465	750	4.0	1.5049486826638465	450283	1504.9486826638465	-3.0868727640116767	0.07627782225608826	0.02798563428223133	0.042695061117410664	0.2992015642705989
2.8471818922469647	750	6.657766790416882	0.0	398865	1342.233209583118	0.9162907318741551	0.1870979368686676	0.03969433531165123	0.13946473449468613	0.2971651998715505
4.037348381460791	750	9.467600301203056	0.0	350812	1190.166489213826	0.9162907318741551	0.20179137587547302	0.03588214889168739	0.15873279720544814	0.2947587612147706
7.082345749801383	1850	10.422602932862462	0.0	933276	3044.997368340593	0.9162907318741551	0.19057483971118927	0.024723948910832405	0.1609061010181904	0.3064948461707866
10.337496376486119	1850	11.167452306177728	0.0	996749	3255.150626684735	1.8191584434161694	0.19172674417495728	0.038004156202077866	0.14612175673246383	0.3062067210742737
12.921577446059501	1850	12.583371236604343	0.0	801058	2584.0810695733844	1.8191584434161694	0.18750594556331635	0.03262625262141228	0.1483544424176216	0.3099972401919455
15.843400683968586	1850	13.66154799869526	0.0	905515	2921.8232379090837	1.8191584434161694	0.15969538688659668	0.03855390101671219	0.11343070566654206	0.30991436725241633
19.39060811738627	1850	14.114340565277574	0.0	1060487	3547.2074334176855	1.8191584434161694	0.16119202971458435	0.034652937203645706	0.11960850507020951	0.29896390890741775
22.23671330958492	1850	15.268235373078928	0.0	852833	2846.1051921986464	1.8191584434161694	0.16379542648792267	0.04336145520210266	0.11176168024539948	0.2996491494192376
25.2615425513918	1850	16.243406131272053	0.0	913888	3024.8292418068777	1.8191584434161694	0.1833602339029312	0.028923453763127327	0.14865208938717842	0.30212879040209567
28.28571793720263	1850	17.21923074546122	0.0	939819	3024.175385810831	1.8191584434161694	0.19677358865737915	0.03158365935087204	0.1588731974363327	0.310768682401672
31.22121073275066	1850	18.28373794991319	0.0	917428	2935.4927955480307	1.8191584434161694	0.2063431590795517	0.029848037287592888	0.17052551433444024	0.312529467417318
35.71835507108034	2850	17.78659361158351	0.0	1422919	4497.144338329678	1.8191584434161694	0.2003597468137741	0.02859286405146122	0.16604830995202063	0.3164050101466164
40.84678502889077	2850	16.65816365377308	0.0	1578343	5128.429957810431	2.2512917986064953	0.20084154605865479	0.03192855045199394	0.16252728551626205	0.30776339210721504
44.88192499008211	2850	16.623023692581747	0.0	1231445	4035.139961191334	2.2512917986064953	0.2125171422958374	0.035454731434583664	0.169971464574337	0.305180244512864
49.68844617396865	2850	15.816502508695205	0.0	1471065	4806.521183886543	2.2512917986064953	0.19779080152511597	0.0302959606051445	0.16143564879894257	0.30605607334710627
54.46206992147834	2850	15.042878761185518	0.0	1491626	4773.623747509687	2.2512917986064953	0.1970299482345581	0.029455475509166718	0.16168337762355806	0.31247246932231604
58.884180852667235	2850	14.620767829996629	0.0	1358801	4422.110931188891	2.2512917986064953	0.19844463467597961	0.03200400993227959	0.1600398227572441	0.30727429075025137
63.90579756763611	2850	13.59915111502775	0.0	1537156	5021.616714968879	2.2512917986064953	0.18991602957248688	0.032533906400203705	0.15087534189224244	0.3061077910263261
68.19281388706163	2850	13.312134795602217	0.0	1336050	4287.016319425532	2.2512917986064953	0.19825419783592224	0.036018311977386475	0.15503222346305848	0.3116503181819082
71.05643281895726	1850	14.448515863706604	0.0	891604	2863.6189318956153	1.3870250882258435	0.1894238293170929	0.030018022283911705	0.15340220257639886	0.31135567308524165
74.13855628402452	1850	15.366392398639356	0.0	955231	3082.123465067249	1.8191584434161694	0.20100653171539307	0.0360625684261322	0.15773144960403443	0.309926260523492
77.89858022936863	1850	15.606368453295236	0.0	968026	3760.023945344119	1.8191584434161694	0.20854473114013672	0.032409124076366425	0.169653782248497	0.25745208383544105
84.70537902157106	1850	12.799569661092802	0.0	874175	6806.798792202432	1.8191584434161694	0.19011691212654114	0.03327539190649986	0.1501864418387413	0.12842674312650704
91.60232046119582	1850	9.902628221468047	0.0	897976	6896.941439624756	1.8191584434161694	0.1547979712486267	0.032523322850465775	0.11576998382806777	0.13019916260864417
98.41310206601825	1850	7.091846616645611	0.0	905935	6810.781604822436	1.8191584434161694	0.15532100200653076	0.030408697202801704	0.11883056536316872	0.13301483626468724
103.8207669084056	1200	5.6841817742582705	0.0	696376	5407.66484238734	0.9534302788236118	0.14235249161720276	0.03506708890199661	0.10027198493480682	0.12877573227940076
106.03394334158214	750	7.471005341081722	0.0	277716	2213.1764331765485	0.44628710262841964	0.12596940994262695	0.033385444432497025	0.08590687662363053	0.12548299170229152
109.15180150552327	750	8.353147177140594	0.0	400396	3117.858163941128	0.9162907318741551	0.12862944602966309	0.031935982406139374	0.09030626714229584	0.1284202099475492
112.24621886340348	750	9.258729819260383	0.0	400508	3094.4173578802106	0.9162907318741551	0.12504816055297852	0.03323928639292717	0.0851610168814659	0.12942921192581552
114.95500529385912	750	10.549943388804747	0.0	358218	2708.786430455635	0.9162907318741551	0.11913783848285675	0.03159378468990326	0.08122529685497284	0.13224298378508398
117.99608329286049	750	11.508865389803363	0.0	400322	3041.0779990013857	0.9162907318741551	0.10760347545146942	0.0302866343408823	0.07125951424241067	0.1316381888696889
120.97086514163261	750	12.534083541031244	0.0	369834	2974.78184877212	0.9162907318741551	0.09885293990373611	0.03247217833995819	0.05988632589578629	0.1243230659594934
124.65388193926746	750	12.851066743396393	0.0	412837	3683.01679763485	0.9162907318741551	0.0948447436094284	0.03192268684506416	0.05653751939535141	0.11209207632859959
128.43299535889707	750	13.071953323766794	0.0	401088	3779.1134196296	0.9162907318741551	0.09749123454093933	0.03159768879413605	0.059574007987976074	0.10613282944000967
131.24382033261045	750	14.261128350053415	0.0	365161	2810.8249737133765	0.9162907318741551	0.09309785813093185	0.03365118429064751	0.05271643698215485	0.12991239348410455
133.75543103703103	750	15.749517645632837	0.0	321064	2511.6107044205773	0.9162907318741551	0.09684634208679199	0.032046400010585785	0.05839066207408905	0.1278319125790112
136.6474026719433	750	16.857546010720572	0.0	361565	2891.971634912265	0.9162907318741551	0.10359515249729156	0.03678407147526741	0.05945426672697068	0.12502370204297283
139.59575639865903	750	17.909192284004856	0.0	378327	2948.3537267157167	0.9162907318741551	0.10037733614444733	0.0343223512172699	0.05919051468372345	0.1283180496871496
142.56911758334633	750	18.93583109931757	0.0	390680	2973.361184687285	0.9162907318741551	0.09340880066156387	0.03232266753911972	0.05462159961462021	0.13139338806600068
145.19494068640088	750	20.310007996262996	0.0	345516	2625.8231030545776	0.9162907318741551	0.10104629397392273	0.03465455397963524	0.059460829198360446	0.13158388301103255
148.1032876365704	750	21.401661046093484	0.0	384505	2908.346950169515	0.9162907318741551	0.0947212353348732	0.031208539381623268	0.05727098807692528	0.13220740392668381
151.15556615207996	750	22.349382530583927	0.0	372093	3052.278515509557	0.9162907318741551	0.09950245916843414	0.03348173946142197	0.059324371814727786	0.12190663404708386
154.65776256554537	750	22.847186117118536	0.0	438281	3502.1964134653886	0.9162907318741551	0.09977823495864868	0.032510511577129364	0.06076562106609345	0.125144608770336
159.38774229616516	1200	22.11720638649875	0.0	630203	4729.979730619786	0.9162907318741551	0.10200706124305725	0.033184703439474106	0.06218541711568833	0.13323587750711613
164.25703308956864	1200	21.247915593095254	0.0	638661	4869.290793403494	1.3862943611198906	0.09664344787597656	0.03313380107283592	0.056882886588573454	0.13116098978216792
168.4563042104963	1200	21.04864447216759	0.0	538612	4199.271120927665	1.3862943611198906	0.09915027022361755	0.031302280724048615	0.061587533354759215	0.1282632115168155
175.12048375134637	1850	18.384464931317527	0.0	846370	6664.179540850061	1.3862943611198906	0.09945355355739594	0.0363982729613781	0.05577562600374222	0.1270028808215512

