5.92770024321	750	4.0	5.927700243213183	450283	5927.70024321	-14.851391915072913	0.0273092381604	0.0140827063752	0.0132265317852	0.0759625118553
7.60327717842	300	6.324423064793777	0.0	155580	1675.57693521	-0.9162907318741551	0.0759625118553	0.0354118923511	0.0405506195043	0.0928516003838
9.11760423477	300	8.810096008442466	0.0	139857	1514.32705635	0.0	0.0835622176533	0.0389546920433	0.0446075256101	0.0923558747851
10.7643704748	300	11.163329768455016	0.0	155432	1646.76623999	0.0	0.0863012739204	0.033033962473	0.0532673114473	0.0943861953359
14.8209647053	750	11.106735537865093	0.0	411561	4056.59423059	0.0	0.088189812009	0.0135724092594	0.0746174027496	0.101454810761
20.4471352711	750	9.480564972085078	0.0	318564	5626.17056578	0.9162907318741551	0.0905578612063	0.0139368519554	0.0766210092509	0.0566218169669
24.4033209122	750	9.524379331038338	0.0	352642	3956.18564105	0.9162907318741551	0.0837381139106	0.0313803826674	0.0523577312432	0.0891368686902
29.6694222023	750	8.258278040868525	0.0	437162	5266.10129017	0.9162907318741551	0.0831133661241	0.0311462619821	0.0519671041419	0.0830143546263
33.5907094139	750	8.336990829318898	0.0	374758	3921.28721155	0.9162907318741551	0.0814634439214	0.030527963006	0.0509354809153	0.0955701482146
37.1487280959	750	8.778972147291658	0.0	362795	3558.01868203	0.9162907318741551	0.0816380216794	0.0305933850295	0.0510446366499	0.101965456739
40.5356506133	750	9.392049629941129	0.0	353220	3386.92251735	0.9162907318741551	0.0817038722146	0.0306180621436	0.051085810071	0.104289365402
44.4438339143	750	9.483866328930736	0.0	405134	3908.18330101	0.9162907318741551	0.0941189254363	0.0167544805399	0.0773644448964	0.103662998584
48.1956098487	750	9.732090394544121	0.0	386351	3751.77593439	0.9162907318741551	0.0969890343248	0.0172653999251	0.0797236343997	0.102978164676
52.42420246	750	9.50349778326	0.0	434409	4228.59261128	0.9162907318741551	0.101591106297	0.018084632879	0.083506473418	0.102731343483
57.5531979057	1200	8.37450233751024	0.0	526950	5128.99544575	0.9162907318741551	0.103119326876	0.0183566774421	0.084762649434	0.102739416631
63.2914430389	1200	6.63625720435476	0.0	587876	5738.24513316	1.3862943611198906	0.103276689165	0.0183846901228	0.0848919990418	0.10244874284
66.8979118678	750	7.029788375452432	0.0	360831	3606.4688289	0.44628710262841964	0.102910496148	0.00867600661255	0.0942344895358	0.100051051907
70.7900829971	750	7.137617246161014	0.0	372963	3892.17112929	0.9162907318741551	0.102178104449	0.00561597850493	0.0965621259444	0.0958238956127
74.9148673714	750	7.012832871853988	0.0	405596	4124.78437431	0.9162907318741551	0.100686324979	0.00626143868446	0.0944248862942	0.0983314430995
78.418855447	750	7.508844796250872	0.0	350713	3503.9880756	0.9162907318741551	0.0998108860405	0.00620699725724	0.0936038887832	0.100089667097
82.2201519661	750	7.707548277162067	0.0	386472	3801.29651909	0.9162907318741551	0.0993001034436	0.00617523292468	0.093124870519	0.101668469707
86.1639815724	750	7.763718670836073	0.0	399894	3943.82960633	0.9162907318741551	0.0991525880021	0.00616605929666	0.0929865287054	0.101397382726
90.1358756863	750	7.791824556869147	0.0	401853	3971.89411397	0.9162907318741551	0.0994142170313	0.00618232937231	0.093231887659	0.101174147263
93.4939420233	750	8.433758219919582	0.0	343800	3358.06633695	0.9162907318741551	0.100517150961	0.0023509251866	0.0981662257739	0.102380347945
99.125313443	1200	6.802386800248302	0.0	587236	5631.37141967	0.9162907318741551	0.101336491772	0.00230689376666	0.0990295980054	0.104279394172
105.364366471	1200	4.563333772315965	0.0	590335	6239.05302793	1.3862943611198906	0.102167695433	0.00280417008107	0.0993635253515	0.0946193272211
109.776276656	750	4.151423587704227	0.0	425781	4411.91018461	0.44628710262841964	0.100660488875	0.00743701256204	0.0932234763131	0.0965071776586
112.505312966	750	5.4223872771197845	0.0	277716	2729.03631058	0.9162907318741551	0.0996578575051	0.0073629360085	0.0922949214966	0.101763394984
116.378200662	750	5.549499580966847	0.0	400396	3872.88769615	0.9162907318741551	0.0997716688486	0.00737134463438	0.0924003242142	0.103384355916
120.326523211	750	5.601177031946683	0.0	400508	3948.32254902	0.9162907318741551	0.0999608740232	0.00738532351801	0.0925755505052	0.101437507961
123.873489961	750	6.054210282701759	0.0	358218	3546.96674924	0.9162907318741551	0.0994268346617	0.00734586754591	0.0920809671158	0.100992770816
127.833284957	750	6.094415286635667	0.0	400322	3959.79499607	0.9162907318741551	0.100763244785	0.00415755098606	0.0966056937989	0.10109664778
131.90511207	750	6.022588173633523	0.0	369834	4071.827113	0.9162907318741551	0.101727600183	0.00343476768413	0.0982928324992	0.0908275301815
136.157980699	750	5.7697195446997815	0.0	412837	4252.86862893	0.9162907318741551	0.099336371413	0.0106438508348	0.0886925205782	0.0970725964097
140.105766657	750	5.821933586387566	0.0	401088	3947.78595831	0.9162907318741551	0.0981104781724	0.0105124968845	0.0875979812879	0.101598213337
143.620276158	750	6.307424085442215	0.0	365161	3514.50950095	0.9162907318741551	0.098140507074	0.0105157144688	0.0876247926052	0.103900985302
146.689028216	750	7.238672027012123	0.0	321064	3068.75205843	0.9162907318741551	0.0986773065206	0.010573232306	0.0881040742146	0.104623636542
150.180785633	750	7.746914610503553	0.0	361565	3491.75741651	0.9162907318741551	0.0993309931005	0.0106432745508	0.0886877185497	0.103548144064
153.873996895	750	8.053703348341074	0.0	378327	3693.21126216	0.9162907318741551	0.102073683633	0.00548940936029	0.0965842742723	0.102438494076
159.617844707	1200	6.309855535956392	0.0	587506	5743.84781238	0.9162907318741551	0.103210658559	0.0055505546093	0.0976601039497	0.102284395268
165.039348532	1200	4.888351711495732	0.0	566904	5421.50382446	1.3862943611198906	0.103351527507	0.00555813038487	0.0977933971217	0.104565821284
168.701007257	750	5.226692985801133	0.0	384505	3661.65872569	0.44628710262841964	0.103482421155	0.00556516969996	0.0979172514554	0.10500842072
172.293993087	750	5.633707156023179	0.0	372093	3592.98582978	0.9162907318741551	0.103557486822	0.00405248791074	0.0995049989113	0.1035609428
176.591201929	750	5.33649831421883	0.0	438281	4297.2088418	0.9162907318741551	0.103560046778	0.00148339462356	0.102076652155	0.101992017641
180.497177486	750	5.43052275691064	0.0	398987	3905.97555731	0.9162907318741551	0.103468467035	0.00156664250499	0.10190182453	0.102147848635
184.351524649	750	5.576175594195984	0.0	393804	3854.34716271	0.9162907318741551	0.103440491978	0.0015662189275	0.101874273051	0.102171388143
187.761578756	750	6.166121486965291	0.0	331053	3410.05410723	0.9162907318741551	0.102963088255	0.00155899043571	0.10140409782	0.0970814507893
194.595376317	1200	4.0	0.6676760736144833	550906	6833.79756058	-0.8597276239403706	0.101340378291	0.00578894219149	0.0955514360992	0.0806149136138

