1.6928862404827882	750	4.0	1.6928862404827882	450283	1692.8862404827883	-3.5867866678100615	0.09193167835474014	0.0339471809566021	0.051195061206817626	0.2659853859238559
3.201596341264224	750	6.491289899218564	0.0	398865	1508.7101007814358	0.9162907318741551	0.16503021121025085	0.0245316494256258	0.1355922318994999	0.26437484563363634
5.308466063850574	1200	8.384420176632215	0.0	571051	2106.86972258635	0.9162907318741551	0.17733383178710938	0.03714687004685402	0.13275758773088456	0.27104238761331173
7.128301781351375	1200	10.564584459131412	0.0	617681	1819.8357175008014	1.3862943611198906	0.16746193170547485	0.028811251744627953	0.13288842961192132	0.339415802239703
10.01586670820392	1850	11.677019532278868	0.0	996749	2887.5649268525444	1.3862943611198906	0.19008728861808777	0.029131699353456497	0.15512924939393996	0.34518669718241096
12.002454463704463	1850	13.690431776778322	0.0	801058	1986.5877555005454	1.8191584434161694	0.19837121665477753	0.03843056410551071	0.15225453972816466	0.4032331306694093
14.156537038080453	1850	15.536349202402333	0.0	905515	2154.082574375988	1.8191584434161694	0.2023029923439026	0.04158220812678337	0.15240434259176255	0.4203715357858632
17.04813909459951	1850	16.64474714588328	0.0	1060487	2891.6020565190543	1.8191584434161694	0.18913665413856506	0.03506868705153465	0.1470542296767235	0.3667472146138349
19.810202920719938	1850	17.88268331976285	0.0	852833	2762.0638261204294	1.8191584434161694	0.18917709589004517	0.034085847437381744	0.14827407896518707	0.308766579517419
22.517530834594385	1850	19.175355405888403	0.0	913888	2707.3279138744465	1.8191584434161694	0.19943556189537048	0.0451309010386467	0.14527848064899446	0.33756088256488237
26.453504209966617	2850	19.239382030516172	0.0	1354548	3935.9733753722303	1.8191584434161694	0.21648013591766357	0.026783877983689308	0.1843394823372364	0.34414562061713605
31.831050903214937	2850	17.861835337267852	0.0	1519951	5377.546693248321	2.2512917986064953	0.20756950974464417	0.031356487423181534	0.16994172483682632	0.28264766197350666
36.38955123975219	2850	17.3033350007306	0.0	1422919	4558.500336537252	2.2512917986064953	0.21761247515678406	0.024545561522245407	0.18815780133008958	0.31214629701681323
41.69404528225191	2850	15.998840958230874	0.0	1578343	5304.494042499727	2.2512917986064953	0.21585938334465027	0.03425343707203865	0.1747552588582039	0.2975482651793517
45.17929108824102	2850	16.51359515224177	0.0	1231445	3485.2458059891037	2.2512917986064953	0.19857510924339294	0.03409833088517189	0.15765711218118666	0.3533308892830069
49.7647618549169	2850	15.928124385565894	0.0	1471065	4585.470766675878	2.2512917986064953	0.20683196187019348	0.02779826894402504	0.17347403913736342	0.320810026898593
53.80396454650366	2850	15.888921693979137	0.0	1491626	4039.202691586758	2.2512917986064953	0.20851843059062958	0.03113698959350586	0.17115404307842255	0.36928723658926615
57.21224638793296	2850	16.48063985254984	0.0	1358801	3408.2818414292983	2.2512917986064953	0.21495109796524048	0.03303782269358635	0.17530571073293685	0.3986762431096874
61.25054860569628	2850	16.44233763478651	0.0	1537156	4038.302217763325	2.2512917986064953	0.2109098732471466	0.03088599070906639	0.17384668439626694	0.3806441214920703
65.92540087459089	2850	15.767485365891904	0.0	1336050	4674.852268894609	2.2512917986064953	0.2167799323797226	0.03254123777151108	0.1777304470539093	0.2857951274502874
72.42849697630363	2850	13.264389264179165	0.0	1415116	6503.096101712739	2.2512917986064953	0.22249554097652435	0.03441595658659935	0.18119639307260513	0.21760650278984756
77.23091918453186	1850	12.461967055950936	0.0	955231	4802.422208228228	1.3870250882258435	0.18454459309577942	0.04065327346324921	0.13576066493988037	0.19890608500921794
80.38572338146332	1850	13.307162859019463	0.0	968026	3154.8041969314727	1.8191584434161694	0.182430699467659	0.030081426724791527	0.14633298739790918	0.30684186389175994
83.16004122827628	1850	14.532845012206497	0.0	874175	2774.317846812967	1.8191584434161694	0.2212102711200714	0.03510196879506111	0.17908790856599807	0.3150954750928123
85.91465490678895	1850	15.778231333693824	0.0	897976	2754.613678512673	1.8191584434161694	0.20069313049316406	0.033939097076654434	0.15996621400117875	0.32598981374580754
88.64008586596552	1850	17.052800374517258	0.0	905935	2725.430959176566	1.8191584434161694	0.20074385404586792	0.03863588348031044	0.15438079386949538	0.33240064179564105
91.82158262906695	1850	17.87130361141583	0.0	1076599	3181.4967631014306	1.8191584434161694	0.20545202493667603	0.03788968548178673	0.15998440235853195	0.3383938693530195
95.7927624886084	2850	17.900123751874364	0.0	1141971	3971.179859541461	1.8191584434161694	0.20862796902656555	0.03820089250802994	0.16278689801692964	0.2875646634982329
100.09830787189776	2850	17.59457836858502	0.0	1498470	4305.545383289347	2.2512917986064953	0.19335421919822693	0.03845725581049919	0.1472055122256279	0.3480325641940395
104.80905656019391	2850	16.883829680288866	0.0	1561263	4710.748688296151	2.2512917986064953	0.19618824124336243	0.037330176681280136	0.15139202922582626	0.3314256614620423
109.40840644958247	2850	16.284479790900317	0.0	1341201	4599.349889388549	2.2512917986064953	0.19812044501304626	0.03177125006914139	0.1599949449300766	0.2916066470816603
113.99663879343038	2850	15.696247447052414	0.0	1497683	4588.232343847903	2.2512917986064953	0.18321165442466736	0.028623031452298164	0.14886401668190957	0.3264182996330072
117.59244623342414	2850	16.10044000705866	0.0	1358081	3595.8074399937564	2.2512917986064953	0.19955891370773315	0.032042525708675385	0.1611078828573227	0.37768457367738195
122.52368980438646	2850	15.16919643609633	0.0	1587293	4931.243570962328	2.2512917986064953	0.2078181505203247	0.03746132180094719	0.16286456435918809	0.32188493169284704
126.31217005077397	2850	15.380716189708819	0.0	1492672	3788.480246387511	2.2512917986064953	0.1997518241405487	0.035678401589393616	0.15693774223327636	0.39400284623981635
129.81756534148417	2850	15.875320898998618	0.0	1439896	3505.3952907102007	2.2512917986064953	0.22129598259925842	0.0318891815841198	0.18302896469831467	0.4107656571046154
132.54207563549534	2850	17.150810604987473	0.0	1139291	2724.5102940111456	2.2512917986064953	0.24134615063667297	0.03237975016236305	0.2024904504418373	0.41816358796820147
138.7539003675792	2850	14.938985872903594	0.0	1499009	6211.82473208388	2.2512917986064953	0.24205663800239563	0.05746188387274742	0.17310237735509873	0.24131540483711098
143.47331317599594	2850	14.219573064486848	0.0	1427478	4719.412808416743	2.2512917986064953	0.2109619826078415	0.03658688813447952	0.16705771684646606	0.3024694083666919
148.2627256090744	2850	13.430160631408398	0.0	1402287	4789.41243307845	2.2512917986064953	0.21160709857940674	0.028610166162252426	0.17727489918470382	0.29278894219152973
151.61288229828426	2850	14.080003942198523	0.0	1339500	3350.156689209875	2.2512917986064953	0.21126240491867065	0.03266262263059616	0.17206725776195525	0.39983204496501246
155.99851640696315	2850	13.694369833519664	0.0	1527299	4385.634108678861	2.2512917986064953	0.23010849952697754	0.035077597945928574	0.18801538199186324	0.348250438169838
160.14987845560623	2850	13.543007784876561	0.0	1343002	4151.362048643103	2.2512917986064953	0.23411718010902405	0.03067926876246929	0.1973020575940609	0.32350876272980533
165.00572491900823	2850	12.687161321474559	0.0	1587250	4855.846463402001	2.2512917986064953	0.23680776357650757	0.034687697887420654	0.19518252611160278	0.32687400888041557
169.83114119813902	2850	11.861745042343772	0.0	1464921	4825.416279130788	2.2512917986064953	0.2047032117843628	0.0393751785159111	0.15745299756526948	0.30358437806403704
174.62573004186402	2850	11.06715619861878	0.0	1483527	4794.588843724991	2.2512917986064953	0.2054857313632965	0.035224366933107376	0.16321649104356767	0.3094169382097474
178.45904021244837	2850	11.233846028034415	0.0	1231456	3833.310170584365	2.2512917986064953	0.20261220633983612	0.03207064047455788	0.16412743777036667	0.32125133245147025
183.4324694374755	2850	10.2604168030073	0.0	1364537	4973.429225027114	2.2512917986064953	0.21372374892234802	0.033095832914114	0.17400874942541122	0.2743654203689932

