3.436100724089485	750	4.0	3.436100724089485	450283	3436.100724089485	-8.223737194203874	0.1419868767261505	0.03385508060455322	0.10136078000068666	0.13104476153542274
4.675687363278266	300	6.760413360811219	0.0	155580	1239.5866391887812	-0.9162907318741551	0.09668584167957306	0.028167536482214928	0.06288479790091514	0.12550958124380537
6.835263755073931	750	8.600836969015553	0.0	350812	2159.5763917956647	0.0	0.11176103353500366	0.027525614947080612	0.07873029559850693	0.1624448208142818
9.049230582048795	750	10.38687014204069	0.0	382355	2213.966826974863	0.9162907318741551	0.11400651931762695	0.030163312330842018	0.07781054452061653	0.17270132295633586
11.925159912855117	750	11.510940811234368	0.0	411561	2875.929330806322	0.9162907318741551	0.1287202090024948	0.03155260905623436	0.09085707813501359	0.14310539399958447
14.647575981157598	750	12.788524742931887	0.0	318564	2722.4160683024797	0.9162907318741551	0.10890617221593857	0.03297777473926544	0.06933284252882005	0.11701517769788791
16.819485326200372	750	14.616615397889115	0.0	352642	2171.909345042774	0.9162907318741551	0.08164885640144348	0.031642846763134	0.04367744028568268	0.16236497200257455
19.081919101150525	750	16.354181622938963	0.0	437162	2262.433774950152	0.9162907318741551	0.09196628630161285	0.029489057138562202	0.056579417735338214	0.19322642936128903
20.989175270486577	750	18.446925453602912	0.0	374758	1907.2561693360508	0.9162907318741551	0.10780765116214752	0.032595932483673096	0.06869253218173982	0.19649064767763202
23.47836369478685	1200	19.957737029302635	0.0	560821	2489.1884243002746	0.9162907318741551	0.11229279637336731	0.031214231625199318	0.07483571842312814	0.22530275109954767
26.52321535885299	1200	20.912885365236495	0.0	607410	3044.8516640661396	1.3862943611198906	0.12449417263269424	0.03222015127539635	0.08582999110221863	0.1994875504670253
31.85944177900725	1200	19.57665894508224	0.0	594078	5336.226420154256	1.3862943611198906	0.11948337405920029	0.033156611025333405	0.0796954408288002	0.11132923403629241
35.93700206351266	1200	19.499098660576834	0.0	624282	4077.5602845054054	1.3862943611198906	0.1022108644247055	0.03464781492948532	0.06063348650932312	0.15310184434850688
41.38537416526401	1200	18.05072655882548	0.0	687371	5448.372101751353	1.3862943611198906	0.1130082756280899	0.03490636870265007	0.07112063318490983	0.12616080311017083
44.87022476084633	1200	18.565875963243162	0.0	526950	3484.8505955823207	1.3862943611198906	0.1171540692448616	0.03587762266397476	0.07410092204809189	0.1512116475432274
49.640431459156254	1200	17.795669264933238	0.0	587876	4770.20669830992	1.3862943611198906	0.10729651153087616	0.03747016564011574	0.06233231276273728	0.123239104126931
58.72994870563494	1200	12.70615201845455	0.0	617242	9089.51724647869	1.3862943611198906	0.10458117723464966	0.036305658519268036	0.06101438701152802	0.06790701676033693
65.10909486088235	1200	10.327005863207134	0.0	581493	6379.146155247417	1.3862943611198906	0.09245085716247559	0.03847292810678482	0.0462833434343338	0.09115530289608903
69.7567940580181	750	9.679306666071383	0.0	405596	4647.699197135751	0.44628710262841964	0.09347353875637054	0.03343300521373749	0.05335393249988556	0.08726812618380243
72.25529067102315	750	11.180810053066338	0.0	350713	2498.496613005045	0.9162907318741551	0.08443224430084229	0.03312781825661659	0.04467886239290238	0.14036961193963074
73.72750720249573	750	13.70859352159375	0.0	386472	1472.2165314725873	0.9162907318741551	0.09610441327095032	0.03204961493611336	0.05764487534761429	0.26251029773007006
76.02731143150223	1200	15.408789292587258	0.0	616206	2299.8042290064923	0.9162907318741551	0.12287616729736328	0.030258221551775932	0.08656630143523217	0.2679384585122704
78.25763620343751	1200	17.17846452065196	0.0	656471	2230.3247719352994	1.3862943611198906	0.1336463838815689	0.0324949286878109	0.09465246945619583	0.294338747549473
80.01680484651574	1200	19.419295877573738	0.0	536667	1759.1686430782208	1.3862943611198906	0.13329672813415527	0.0332806296646595	0.09335997253656388	0.30506853456694843
83.00770046433745	1850	20.428400259752017	0.0	897976	2990.8956178217245	1.3862943611198906	0.14285117387771606	0.029850030317902565	0.107031137496233	0.30023648924732377
86.23882640311253	1850	21.197274320976945	0.0	905935	3231.125938775074	1.8191584434161694	0.15957143902778625	0.02829887345433235	0.12561279088258742	0.28037749600792156
90.65806630343594	1850	20.778034420653533	0.0	1076599	4419.2399003234095	1.8191584434161694	0.16262952983379364	0.03394049406051636	0.12190093696117402	0.24361632866349078
93.60291679919763	1850	21.833183924891856	0.0	758197	2944.8504957616783	1.8191584434161694	0.15169358253479004	0.0350140817463398	0.10967668443918228	0.2574653623643105
96.99933730772786	1850	22.436763416361636	0.0	972798	3396.420508530221	1.8191584434161694	0.17425532639026642	0.04011436551809311	0.12611808776855468	0.28641859792001195
100.5335998353864	1850	22.90250088870309	0.0	975811	3534.262527658542	1.8191584434161694	0.17379188537597656	0.032270967960357666	0.13506672382354737	0.2761003157981242
105.7413963480129	2850	21.694704376076587	0.0	1341201	5207.796512626504	1.8191584434161694	0.1823146939277649	0.030443549156188965	0.14578243494033813	0.25753713624336244
115.03066788851143	2850	16.405432835578058	0.0	1497683	9289.271540498532	2.2512917986064953	0.19220221042633057	0.031868334859609604	0.15396020859479903	0.16122717410838258
122.25498413426013	2850	13.18111658982936	0.0	1358081	7224.316245748696	2.2512917986064953	0.18179094791412354	0.03413649648427963	0.14082715213298796	0.18798747920250472
130.26400002867328	1850	9.172100695416207	0.0	1035329	8009.015894413153	1.3870250882258435	0.14800921082496643	0.03221101686358452	0.10935599058866502	0.12927043892149273
133.73150269358266	1200	9.704598030506835	0.0	690253	3467.502664909373	0.9534302788236118	0.13392367959022522	0.0337696447968483	0.09340010583400726	0.19906343749501934
138.8186434180299	1200	8.61745730605961	0.0	598727	5087.140724447225	1.3862943611198906	0.15115393698215485	0.03990103676915169	0.10327269285917282	0.11769420828535433
140.54847815959005	1200	10.887622564499459	0.0	487812	1729.8347415601513	1.3862943611198906	0.11469200998544693	0.03136548772454262	0.0770534247159958	0.2819991923390547
142.5751912964734	1200	12.860909427616091	0.0	575591	2026.713136883367	1.3862943611198906	0.1648513376712799	0.03294186666607857	0.12532109767198563	0.28400220510986113
144.7298118098972	1200	14.706288914192308	0.0	605884	2154.620513423784	1.3862943611198906	0.1572120189666748	0.041339751332998276	0.10760431736707687	0.28120218675409553
148.00768959818666	1850	15.428411125902823	0.0	930577	3277.8777882894847	1.3862943611198906	0.15927401185035706	0.030533291399478912	0.12263406217098236	0.2838961853076312
154.28695791709686	1850	13.149142806992634	0.0	858450	6279.26831891019	1.8191584434161694	0.15426117181777954	0.03230707719922066	0.11549267917871475	0.13671178812581622
161.02321756849148	1200	10.412883155598017	0.0	641452	6736.259651394616	0.9534302788236118	0.13473346829414368	0.032545141875743866	0.09567929804325104	0.09522376410582681
164.30003361712306	750	11.136067106966438	0.0	372093	3276.8160486315787	0.44628710262841964	0.1104770302772522	0.03310723975300789	0.07074834257364274	0.11355321582833086
167.30397612710595	750	12.13212459698354	0.0	438281	3003.942509982898	0.9162907318741551	0.12813571095466614	0.028653590008616447	0.0937514029443264	0.14590192673244443
170.60100367583578	750	12.835097048253711	0.0	398987	3297.0275487298277	0.9162907318741551	0.1227814257144928	0.038162801414728165	0.07698606401681901	0.12101415414430153
174.50241460269487	750	12.933686121394654	0.0	393804	3901.4109268590582	0.9162907318741551	0.12338395416736603	0.03536764159798622	0.08094278424978257	0.10093886734383119
178.52785233315615	750	12.90824839093336	0.0	331053	4025.4377304612926	0.9162907318741551	0.11898331344127655	0.03424084559082985	0.07789429873228074	0.08224024868025052
181.02116499239776	1200	14.414935731691752	0.0	550906	2493.312659241609	0.9162907318741551	0.09668523073196411	0.03079783171415329	0.059727832674980164	0.22095343636829293

