2.124636459964086	750	4.0	2.124636459964086	450283	2124.636459964086	-4.735242251630314	0.16316530108451843	0.037425000220537186	0.11825530081987382	0.21193413955044874
3.540400596362409	750	6.584235863601678	0.0	398865	1415.7641363983223	0.9162907318741551	0.1499415934085846	0.03142416104674339	0.11223260015249253	0.281731250104064
5.812268549968052	1200	8.312367909996036	0.0	571051	2271.867953605643	0.9162907318741551	0.19747063517570496	0.04129272326827049	0.14791936725378035	0.251357478366511
8.300643192114261	1200	9.823993267849826	0.0	617681	2488.3746421462083	1.3862943611198906	0.17120638489723206	0.044351041316986084	0.11798513531684876	0.24822668963836322
10.856134597532138	1200	11.268501862431949	0.0	652874	2555.4914054178776	1.3862943611198906	0.17067000269889832	0.035455748438835144	0.12812310457229614	0.25547884787084274
13.04972951413058	1200	13.07490694583351	0.0	520315	2193.5949165984407	1.3862943611198906	0.14146775007247925	0.03288363292813301	0.10200739055871963	0.23719739504449663
15.744538831984812	1200	14.380097627979275	0.0	561791	2694.8093178542335	1.3862943611198906	0.12430064380168915	0.0323813371360302	0.08544303923845292	0.20847152200265182
19.821969004219927	1200	14.302667455744162	0.0	709534	4077.4301722351147	1.3862943611198906	0.13477405905723572	0.03143887594342232	0.09704740792512895	0.17401499719885002
21.61829117937967	1200	16.506345280584416	0.0	584846	1796.3221751597448	1.3862943611198906	0.13013559579849243	0.03483307361602783	0.08833590745925904	0.325579680575947
24.051009885302065	1850	18.07362657466202	0.0	913888	2432.7187059223957	1.3862943611198906	0.15741732716560364	0.03529620170593262	0.1150618851184845	0.37566529898222983
26.692685988465552	1850	19.43195047149853	0.0	939819	2641.67610316349	1.8191584434161694	0.19363225996494293	0.037860721349716187	0.1481993943452835	0.3557661739357589
30.918038312094527	2850	19.206598147869553	0.0	1519951	4225.352323628975	1.8191584434161694	0.2114960253238678	0.03739508241415024	0.1666219264268875	0.35972171870737135
34.512727804534876	2850	19.6119086554292	0.0	1422919	3594.6894924403514	2.2512917986064953	0.19509679079055786	0.02524389885365963	0.1648041121661663	0.3958391964013596
38.68575119215371	2850	19.438885267810377	0.0	1578343	4173.023387618825	2.2512917986064953	0.19345152378082275	0.026093678548932076	0.16213910952210425	0.37822529456289977
44.04103049209089	2850	18.08360596787319	0.0	1231445	5355.279299937184	2.2512917986064953	0.20703642070293427	0.033099062740802765	0.16731754541397095	0.22994972456701643
53.583606508296256	2850	12.541029951667822	0.0	1471065	9542.576016205368	2.2512917986064953	0.19962646067142487	0.04174017161130905	0.149538254737854	0.15415805936487295
62.29192062502586	1850	7.832715834938226	0.0	966699	8708.314116729596	1.3870250882258435	0.1620158851146698	0.030955033376812935	0.12486984506249428	0.11100874256968621
69.02428616116877	1200	5.10035029879531	0.0	581493	6732.365536142916	0.9534302788236118	0.1460200995206833	0.03758377581834793	0.10091956853866577	0.0863727610864616
71.38444411555571	750	6.74019234440836	0.0	405596	2360.1579543869498	0.44628710262841964	0.1302681565284729	0.034335099160671234	0.08906603753566741	0.17185120989300626
73.10628110790131	750	9.018355352062768	0.0	350713	1721.8369923455932	0.9162907318741551	0.14377152919769287	0.03132856637239456	0.10617724955081939	0.2036853671741812
74.49959843010782	750	11.625038029856249	0.0	386472	1393.3173222065193	0.9162907318741551	0.15066801011562347	0.037541862577199936	0.10561777502298356	0.27737543619135213
76.89523012908218	1200	13.229406330881895	0.0	616206	2395.6316989743536	0.9162907318741551	0.1722012460231781	0.03350032866001129	0.13200085163116454	0.2572206738889861
79.53951695480394	1200	14.585119505160135	0.0	656471	2644.2868257217597	1.3862943611198906	0.15860486030578613	0.030563989654183388	0.12192807272076607	0.24826013336159772
81.70041310317366	1200	16.424223356790417	0.0	536667	2160.8961483697144	1.3862943611198906	0.15361955761909485	0.03379419073462486	0.11306652873754502	0.24835390650535788
84.10273259510352	1200	18.021903864860565	0.0	587236	2402.3194919298553	1.3862943611198906	0.14238928258419037	0.03443508595228195	0.10106717944145202	0.24444542117429005
88.9303767365316	1850	17.19425972343247	0.0	905935	4827.644141428091	1.3862943611198906	0.15975362062454224	0.03329116851091385	0.11980421841144562	0.18765571228123096
93.02996438215098	1850	17.09467207781309	0.0	1076599	4099.587645619378	1.8191584434161694	0.1387748271226883	0.0329943522810936	0.09918160438537599	0.26261153390644104
95.00906404379772	1850	19.115572416166337	0.0	758197	1979.0996616467507	1.8191584434161694	0.15201546251773834	0.034934356808662415	0.11009423434734344	0.38310198050821076
97.73041664182693	1850	20.394219818137138	0.0	972798	2721.3525980292006	1.8191584434161694	0.18976998329162598	0.033388618379831314	0.1497036412358284	0.357468562032167
100.56524620553043	1850	21.55939025443363	0.0	975811	2834.829563703509	1.8191584434161694	0.19155094027519226	0.037131939083337784	0.14699261337518693	0.3442221050937434
104.0925862814825	2850	22.032050178481573	0.0	1341201	3527.340075952058	1.8191584434161694	0.1977766454219818	0.030582433566451073	0.16107772514224053	0.3802301369079075
107.85329711060271	2850	22.271339349361355	0.0	1497683	3760.710829120215	2.2512917986064953	0.21218574047088623	0.04503282532095909	0.15814635008573533	0.3982446585371654
112.27406900100262	2850	21.850567458961443	0.0	1358081	4420.77189039991	2.2512917986064953	0.22281992435455322	0.03609634190797806	0.17950431406497955	0.3072044958820858
120.71366675171294	2850	17.410969708251116	0.0	1587293	8439.597750710327	2.2512917986064953	0.19926273822784424	0.027316320687532425	0.16648315340280534	0.1880768547134138
133.6496262069919	2850	8.47501025297215	0.0	1492672	12935.959455278966	2.2512917986064953	0.19483554363250732	0.034687235951423645	0.15321086049079896	0.11538935362006439
140.38919171746517	1200	5.73544474249887	0.0	598727	6739.5655104732805	0.5212969236332858	0.16050934791564941	0.041298821568489075	0.11095076203346252	0.08883762596707141
142.22915757063885	750	7.895478889325217	0.0	321064	1839.9658531736522	0.44628710262841964	0.13915583491325378	0.04579257592558861	0.08420474380254746	0.17449454262763356
144.1242811412138	750	10.000355318750252	0.0	361565	1895.1235705749648	0.9162907318741551	0.15505802631378174	0.03873284161090851	0.10857861638069152	0.19078703131231922
145.5077136509178	750	12.616922809046278	0.0	378327	1383.4325097039718	0.9162907318741551	0.1678493767976761	0.03108971379697323	0.13054172024130822	0.27346979151223993
147.74500534328433	1200	14.379631116679718	0.0	587506	2237.2916923665603	0.9162907318741551	0.16984137892723083	0.03602210059762001	0.12661485821008683	0.26259696131913335
151.22499868394218	1850	14.899637776021903	0.0	858450	3479.9933406578143	1.3862943611198906	0.1616058349609375	0.03180881589651108	0.12343525588512422	0.24668150653349508
155.28604987914514	1850	14.838586580818937	0.0	1025005	4061.051195202967	1.8191584434161694	0.1536048948764801	0.02787305973470211	0.12015722319483757	0.25239893582498196
160.03122718536704	1850	14.093409274597011	0.0	886255	4745.1773062219245	1.8191584434161694	0.14356163144111633	0.031216153874993324	0.10610224679112434	0.18676962794160157
162.8326537576928	1200	15.291982702271268	0.0	634861	2801.4265723257454	0.9534302788236118	0.1268928498029709	0.03151920065283775	0.08906980901956559	0.22662061046737988
164.7570896270971	1200	17.367546832866974	0.0	630203	1924.4358694042955	1.3862943611198906	0.13116660714149475	0.03172462433576584	0.09309705793857576	0.32747414970761163
166.38824206933185	1200	19.73639439063223	0.0	638661	1631.1524422347427	1.3862943611198906	0.16937370598316193	0.029998838901519775	0.1333750993013382	0.391539738079299
169.8728012865859	2850	20.251835173378147	0.0	1231456	3484.5592172540846	1.3862943611198906	0.19402480125427246	0.03074701316654682	0.15712838545441626	0.35340366549156155
175.5694112897848	4300	18.555225170179277	0.0	2155012	5696.610003198867	2.2512917986064953	0.18600332736968994	0.02695412002503872	0.1536583833396435	0.37829726781188766

