2.349279334238963	750	4.0	2.349279334238963	450283	2349.2793342389627	-5.332792297201486	0.11705668270587921	0.03645665571093559	0.07330869585275651	0.1916685655202713
4.439428732842116	750	5.909850601396847	0.0	398865	2090.1493986031537	0.9162907318741551	0.14273591339588165	0.03148267790675163	0.1049566999077797	0.19083085652468737
6.291342897315469	750	8.057936436923493	0.0	350812	1851.9141644733534	0.9162907318741551	0.13640782237052917	0.030300388112664223	0.10004735663533211	0.18943210583400003
8.305528826126116	750	10.043750508112845	0.0	382355	2014.1859288106468	0.9162907318741551	0.13781949877738953	0.039501115679740906	0.09041815996170044	0.18983103522412956
10.485698145873835	750	11.863581188365126	0.0	411561	2180.1693197477202	0.9162907318741551	0.13366544246673584	0.033437471836805344	0.09354047626256942	0.1887747874773433
12.612968047798141	750	13.736311286440822	0.0	318564	2127.269901924304	0.9162907318741551	0.12519735097885132	0.03782789781689644	0.0798038735985756	0.14975250658688427
14.959242180325328	750	15.390037153913635	0.0	352642	2346.2741325271863	0.9162907318741551	0.09678159654140472	0.032898399978876114	0.057303516566753386	0.15029872047396572
17.47695541789381	750	16.87232391634516	0.0	437162	2517.71323756848	0.9162907318741551	0.10258509963750839	0.030067626386880875	0.06650394797325135	0.17363454800046882
19.560012720946304	750	18.789266613292664	0.0	374758	2083.057303052493	0.9162907318741551	0.10611820220947266	0.03277777507901192	0.06678487211465836	0.17990767678394307
23.127955536686027	1200	19.22132379755294	0.0	560821	3567.942815739723	0.9162907318741551	0.11480075120925903	0.03146608546376228	0.07704144865274429	0.15718329271589737
29.34849611136967	1200	17.000783222869295	0.0	607410	6220.540574683646	1.3862943611198906	0.12192922830581665	0.03377869352698326	0.08139479607343675	0.09764585452139594
33.53613926228434	1200	16.813140071954628	0.0	594078	4187.643150914665	1.3862943611198906	0.11585403233766556	0.034806422889232635	0.07408632487058639	0.14186452345402006
36.85711485737313	1200	17.49216447686583	0.0	624282	3320.9755950887975	1.3862943611198906	0.11247817426919937	0.03424379602074623	0.0713856190443039	0.1879815078807611
40.59073551751892	1200	17.758543816720042	0.0	687371	3733.6206601457898	1.3862943611198906	0.11595024168491364	0.034984804689884186	0.07396847605705262	0.18410306310367366
43.37765466744293	1200	18.97162466679603	0.0	526950	2786.919149924012	1.3862943611198906	0.12373929470777512	0.030540965497493744	0.08709013611078262	0.18907975856219864
46.45875238208488	1200	19.890526952154083	0.0	587876	3081.0977146419455	1.3862943611198906	0.12097879499197006	0.032083168625831604	0.08247899264097214	0.19080082958950137
49.786290324447634	1200	20.56298900979133	0.0	617242	3327.5379423627546	1.3862943611198906	0.12793773412704468	0.03329624980688095	0.08798223435878755	0.1854951049969758
52.889259631057584	1200	21.46001970318138	0.0	581493	3102.9693066099517	1.3862943611198906	0.12280066311359406	0.03342171385884285	0.08269460648298263	0.18739888878736327
56.249772521052286	1200	22.099506813186675	0.0	639204	3360.512889994704	1.3862943611198906	0.1358591467142105	0.03459906205534935	0.09434027224779129	0.19021025091232646
59.28239877837581	1200	23.066880555863158	0.0	586839	3032.626257323519	1.3862943611198906	0.12334203720092773	0.032097090035676956	0.08482552915811539	0.19350851381136622
63.900930034398534	1850	22.448349299840427	0.0	891604	4618.531256022733	1.3862943611198906	0.1294040083885193	0.03220320865511894	0.09076015800237655	0.19304925106597814
68.90388370504364	1850	21.44539562919533	0.0	955231	5002.953670645098	1.8191584434161694	0.13030420243740082	0.03673248365521431	0.08622522205114365	0.19093340911886342
73.96488486801856	1850	20.38439446622041	0.0	968026	5061.0011629749215	1.8191584434161694	0.14525341987609863	0.029729994013905525	0.10957742705941201	0.19127164148505785
78.67318048875151	1850	19.676098845487452	0.0	874175	4708.295620732955	1.8191584434161694	0.12642216682434082	0.03139624372124672	0.08874667435884476	0.1856669738727906
84.15750210302524	1850	18.191777231213738	0.0	897976	5484.321614273716	1.8191584434161694	0.12942440807819366	0.029292630031704903	0.09427325204014778	0.16373510949155345
89.64270283313891	1850	16.706576501100063	0.0	905935	5485.2007301136755	1.8191584434161694	0.13110947608947754	0.03181071579456329	0.0929366171360016	0.16515986279707678
96.55330005893443	1850	13.795979275304544	0.0	1076599	6910.597225795519	1.8191584434161694	0.1362011730670929	0.03667931631207466	0.09218599349260331	0.15578957430500032
99.34721019279962	1200	15.002069141439355	0.0	487160	2793.9101338651894	0.9534302788236118	0.12715598940849304	0.03628365322947502	0.08361560553312303	0.17436494971513147
102.79995053631947	1200	15.549328797919513	0.0	622896	3452.7403435198435	1.3862943611198906	0.1322098672389984	0.035808805376291275	0.08923930078744888	0.18040626807314394
107.3361765686654	1200	15.0131027655736	0.0	641447	4536.226032345912	1.3862943611198906	0.12395328283309937	0.032974738627672195	0.08438359647989274	0.14140543161344085
110.35242101168521	1200	15.99685832255379	0.0	570392	3016.2444430198098	1.3862943611198906	0.10935201495885849	0.03431028127670288	0.06817967742681504	0.18910668905499375
113.69791860719918	1200	16.65136072703981	0.0	620283	3345.4975955139794	1.3862943611198906	0.12450684607028961	0.032158076763153076	0.08591715395450591	0.18540829347232096
117.02782989979124	1200	17.321449434447743	0.0	584349	3329.9112925920695	1.3862943611198906	0.12894849479198456	0.03375920280814171	0.08843745142221451	0.17548485489687957
121.31106724763254	1200	17.038212086606457	0.0	670129	4283.237347841285	1.3862943611198906	0.1178659051656723	0.033986035734415054	0.07708266228437424	0.1564538561790743
125.19155677611006	1200	17.157722558128935	0.0	690253	3880.4895284775225	1.3862943611198906	0.12024860829114914	0.034600432962179184	0.07872808873653411	0.17787781539789774
128.31448011211126	1200	18.03479922212775	0.0	598727	3122.923336001185	1.3862943611198906	0.11860218644142151	0.03359660506248474	0.07828626036643982	0.19172004419636285
130.87224150620634	1200	19.47703782803268	0.0	487812	2557.761394095068	1.3862943611198906	0.12717702984809875	0.031930018216371536	0.08886100798845292	0.19071833718586054
134.14827560266562	1200	20.20100373157338	0.0	575591	3276.034096459303	1.3862943611198906	0.12787124514579773	0.03171808272600174	0.08980954587459564	0.17569749979772545
138.28265272815494	1200	20.066626606084057	0.0	605884	4134.37712548932	1.3862943611198906	0.12220527976751328	0.033093880861997604	0.08249262273311615	0.14654783093312787
141.7724459023701	1200	20.576833431868913	0.0	587506	3489.7931742151463	1.3862943611198906	0.1268821656703949	0.03146561235189438	0.08912343084812165	0.16834980489413384
144.91463519469616	1200	21.434644139542826	0.0	566904	3142.1892923260843	1.3862943611198906	0.12201644480228424	0.03486637398600578	0.0801767960190773	0.18041688366277103
148.26175620258292	1200	22.087523131656074	0.0	641452	3347.1210078867534	1.3862943611198906	0.12468867003917694	0.031190529465675354	0.08726003468036653	0.19164290699038358
153.03845736170354	1850	21.310821972535443	0.0	886255	4776.701159120632	1.3862943611198906	0.12977178394794464	0.029596887528896332	0.09425551891326905	0.18553704125027476
158.33658976538192	1850	20.012689568857066	0.0	973972	5298.132403678376	1.8191584434161694	0.12739533185958862	0.040964480489492416	0.07823795527219773	0.18383308037447174
163.5438914041664	1850	18.805387930072555	0.0	958994	5207.301638784508	1.8191584434161694	0.12925085425376892	0.031828638166189194	0.09105648845434189	0.18416332805791696
168.6962046471027	1850	17.653074687136275	0.0	982064	5152.313242936282	1.8191584434161694	0.12944619357585907	0.029798444360494614	0.09368806034326554	0.19060642350237342
173.14475453759053	1850	17.204524796648453	0.0	830730	4448.549890487823	1.8191584434161694	0.12866374850273132	0.03378770872950554	0.08811849802732469	0.1867417519080365
180.2051956144931	2850	14.14408371974587	0.0	1364537	7060.4410769025835	1.8191584434161694	0.12526819109916687	0.030795853585004807	0.08831316679716111	0.19326512113583455

