1.7670692481336818	750	4.0	1.7670692481336818	450283	1767.0692481336819	-3.784113468161439	0.20401917397975922	0.035428497940301895	0.16150497645139694	0.25481910257652524
3.3414913685709204	750	6.425577879562761	0.0	398865	1574.4221204372384	0.9162907318741551	0.17219577729701996	0.03554067760705948	0.12954696416854858	0.2533405716436643
5.525082243548175	1200	8.241987004585505	0.0	571051	2183.5908749772548	0.9162907318741551	0.1739589273929596	0.034144748002290726	0.1329852297902107	0.2615192280495074
7.660130416563469	1200	10.106938831570213	0.0	617681	2135.048173015293	1.3862943611198906	0.1679300218820572	0.03790336102247238	0.12244598865509033	0.2893054160589077
9.912267038718248	1200	11.854802209415434	0.0	652874	2252.1366221547796	1.3862943611198906	0.18427297472953796	0.034271612763404846	0.14314703941345214	0.2898909389321812
11.928082836987814	1200	13.838986411145866	0.0	520315	2015.8157982695664	1.3862943611198906	0.1690957099199295	0.0398542657494545	0.1212705910205841	0.25811634200240574
14.184909644547313	1200	15.582159603586367	0.0	561791	2256.826807559499	1.3862943611198906	0.13965058326721191	0.03155779838562012	0.10178122520446778	0.24892960244809967
16.813809268881105	1200	16.953259979252575	0.0	709534	2628.8996243337924	1.3862943611198906	0.1404859870672226	0.030651291832327843	0.10370443686842919	0.2698977144020126
19.716460899860824	1850	18.050608348272856	0.0	852833	2902.6516309797203	1.3862943611198906	0.1592826247215271	0.03771984577178955	0.11401880979537965	0.2938116964839307
22.783231283547515	1850	18.983837964586165	0.0	913888	3066.770383686693	1.8191584434161694	0.18004390597343445	0.029295148327946663	0.14488972797989846	0.29799687803864106
25.9538337661474	1850	19.813235481986283	0.0	939819	3170.6024825998843	1.8191584434161694	0.1850285679101944	0.04173620790243149	0.1349451184272766	0.29641653444658606
31.58413417148531	1850	18.18293507664837	0.0	917428	5630.30040533791	1.8191584434161694	0.18910163640975952	0.03472653776407242	0.14742979109287263	0.1629447691867765
34.76141150778709	1850	19.00565774034659	0.0	946851	3177.2773363017795	1.8191584434161694	0.17490273714065552	0.03052925132215023	0.13826763555407523	0.29800703551490904
38.23264582067982	1850	19.534423427453852	0.0	1036454	3471.234312892733	1.8191584434161694	0.19209152460098267	0.031956735998392105	0.15374344140291213	0.29858370440463783
41.00139786269293	1850	20.765671385440744	0.0	821631	2768.752042013111	1.8191584434161694	0.18094122409820557	0.04160016030073166	0.13102103173732757	0.2967513838482288
44.08948777593441	1850	21.67758147219926	0.0	923170	3088.08991324148	1.8191584434161694	0.18964946269989014	0.040708672255277634	0.14079905599355697	0.29894531115869444
48.24606854130497	1850	21.5210007068287	0.0	966699	4156.580765370561	1.8191584434161694	0.21083027124404907	0.02902345173060894	0.17600212916731833	0.23257072448917482
52.805341966654794	1850	20.961727281478886	0.0	885714	4559.273425349817	1.8191584434161694	0.17296633124351501	0.030332425609230995	0.1365674205124378	0.19426648006574473
56.257376396155024	1850	21.509692851978652	0.0	987708	3452.034429500232	1.8191584434161694	0.1591402292251587	0.03422561660408974	0.11806948930025102	0.28612344985881133
58.968922486929515	1850	22.79814676120416	0.0	923755	2711.5460907744928	1.8191584434161694	0.1726146638393402	0.0399688184261322	0.12465208172798156	0.34067464430824035
63.23555775897009	2850	22.53151148916358	0.0	1415116	4266.635272040577	1.8191584434161694	0.19601233303546906	0.03099089302122593	0.15882326140999795	0.3316702529680259
68.13989103090755	2850	21.627178217226138	0.0	1468126	4904.333271937446	2.2512917986064953	0.19891221821308136	0.03143264353275299	0.16119304597377776	0.2993528209839663
73.21705279708759	2850	20.55001645104609	0.0	1505760	5077.161766180048	2.2512917986064953	0.18760326504707336	0.03766854852437973	0.1424010068178177	0.29657514756180453
77.7234315419273	2850	20.043637706206372	0.0	1323990	4506.378744839717	2.2512917986064953	0.172878697514534	0.030727140605449677	0.1360061287879944	0.2938035338277124
82.38080847594642	2850	19.38626077218725	0.0	1383735	4657.376934019124	2.2512917986064953	0.20905140042304993	0.03214436396956444	0.1704781636595726	0.29710607915213205
87.5198650365777	2850	18.24720421155598	0.0	1480464	5139.0565606312675	2.2512917986064953	0.1856561154127121	0.030043791979551315	0.14960356503725053	0.28808089238429085
94.88900924723086	2850	14.878060000902824	0.0	1547572	7369.144210653158	2.2512917986064953	0.19612476229667664	0.03888992220163345	0.1494568556547165	0.21000701787905876
97.45134108655174	1850	16.31572816158195	0.0	758197	2562.3318393208733	1.3870250882258435	0.18067198991775513	0.040259234607219696	0.13236090838909148	0.29590117422142886
100.74809176818651	1850	17.01897747994718	0.0	972798	3296.7506816347727	1.8191584434161694	0.18296873569488525	0.03885719180107117	0.13634010553359985	0.29507781871985994
105.5967085620694	1850	16.170360686064296	0.0	975811	4848.616793882883	1.8191584434161694	0.19811488687992096	0.03123977594077587	0.1606271557509899	0.2012555418343441
109.43362131801614	1850	16.33344793011754	0.0	873429	3836.9127559467524	1.8191584434161694	0.1662292778491974	0.03422458842396736	0.12515977174043655	0.2276384832170839
112.66652560389117	1850	17.100543644242514	0.0	954453	3232.9042858750313	1.8191584434161694	0.16953831911087036	0.0450463742017746	0.11548267006874086	0.29523082516551025
115.63148036379827	1850	18.135588884335426	0.0	885062	2964.9547599070884	1.8191584434161694	0.17428287863731384	0.03643369302153587	0.1305624470114708	0.298507758690974
119.18558222998	1850	18.581487018153684	0.0	1035329	3554.1018661817416	1.8191584434161694	0.17519605159759521	0.031441811472177505	0.1374658778309822	0.29130538149495394
122.85079220882874	1850	18.916277039304966	0.0	1026056	3665.2099788487194	1.8191584434161694	0.17927277088165283	0.035052135586738586	0.13721020817756652	0.2799446705430762
126.07647335479348	1850	19.690595893340223	0.0	943942	3225.6811459647415	1.8191584434161694	0.18261797726154327	0.029132744297385216	0.14765868410468103	0.29263338727104243
128.58440848915743	1850	21.182660758976272	0.0	728962	2507.9351343639514	1.8191584434161694	0.176978200674057	0.03796499967575073	0.13142020106315613	0.2906622224840258
131.78561375796855	1850	21.981455490165146	0.0	938587	3201.205268811126	1.8191584434161694	0.17332401871681213	0.030156487599015236	0.13713623359799385	0.29319800549640335
136.67151820821877	2850	21.095551039914948	0.0	1427478	4885.904450250195	1.8191584434161694	0.18346774578094482	0.03336522728204727	0.1434294730424881	0.2921624879354533
141.40560256570186	2850	20.361466682431868	0.0	1402287	4734.084357483084	2.2512917986064953	0.18848583102226257	0.029168033972382545	0.15348419025540352	0.29621081799766186
145.92216580223845	2850	19.84490344589526	0.0	1339500	4516.563236536608	2.2512917986064953	0.19388169050216675	0.030974607914686203	0.1567121610045433	0.2965750571505682
153.56324233460438	2850	16.203826913529323	0.0	1527299	7641.076532365938	2.2512917986064953	0.1977488100528717	0.029546009376645088	0.1622935988008976	0.19988008149515238
158.05340454163934	2850	15.71366470649435	0.0	1343002	4490.16220703497	2.2512917986064953	0.1781638264656067	0.02890816144645214	0.14347403272986411	0.2990987715089332
161.52043521933632	1850	16.24663402879736	0.0	973972	3467.0306776969924	1.3870250882258435	0.18482403457164764	0.034025829285383224	0.14399303942918779	0.28092396362842975
164.87959317548547	1850	16.88747607264821	0.0	958994	3359.15795614915	1.8191584434161694	0.20212462544441223	0.051988717168569565	0.13973816484212875	0.2854864262171718
168.1952641562088	1850	17.571805091924897	0.0	982064	3315.670980723313	1.8191584434161694	0.1779724806547165	0.029192855581641197	0.14294105395674706	0.2961886163342308
170.9940948601474	1850	18.772974387986245	0.0	830730	2798.830703938648	1.8191584434161694	0.17491354048252106	0.030616266652941704	0.13817402049899102	0.29681323662447934
178.28396950800524	4300	15.483099740128422	0.0	2155012	7289.874647857825	1.8191584434161694	0.20135799050331116	0.039429087191820145	0.15404308587312698	0.29561715449157466

