3.2890336501885713	750	4.0	3.2890336501885713	450283	3289.0336501885713	-7.8325387776274455	0.1274843066930771	0.03768326714634895	0.08226438611745834	0.1369043457412434
4.307494189992414	300	6.981539460196158	0.0	155580	1018.4605398038425	-0.9162907318741551	0.1074405163526535	0.027645843103528023	0.07426550462841988	0.15275996852069007
6.330424581231718	750	8.958609068956855	0.0	350812	2022.9303912393032	0.0	0.11911128461360931	0.027526507154107094	0.0860794760286808	0.17341773178121211
8.59979813244219	750	10.689235517746383	0.0	382355	2269.3735512104727	0.9162907318741551	0.12323076277971268	0.032325901091098785	0.08443968147039413	0.16848482251679267
11.014378230718805	750	12.274655419469767	0.0	411561	2414.580098276615	0.9162907318741551	0.120088130235672	0.03085169568657875	0.08306609541177751	0.17044826978146138
12.855750259474856	750	14.433283390713715	0.0	318564	1841.3720287560516	0.9162907318741551	0.10458413511514664	0.030546830967068672	0.06792793795466423	0.17300360547738286
14.803725544961692	750	16.48530810522688	0.0	352642	1947.975285486835	0.9162907318741551	0.09025648236274719	0.03375039994716644	0.049756002426147465	0.18103001748909162
18.306925268313705	750	16.982108381874866	0.0	437162	3503.1997233520146	0.9162907318741551	0.09971272200345993	0.030209138989448547	0.06346175521612168	0.1247893453193426
22.51135946327856	750	16.777674186910016	0.0	374758	4204.434194964853	0.9162907318741551	0.10240985453128815	0.03066256269812584	0.06561477929353715	0.08913399107275902
25.586129821568633	750	17.70290382861994	0.0	362795	3074.770358290073	0.9162907318741551	0.09457439184188843	0.03165151923894882	0.05659256875514984	0.11799092541068851
27.913471599552754	750	19.37556205063582	0.0	353220	2327.3417779841216	0.9162907318741551	0.10383139550685883	0.035082850605249405	0.06173197478055954	0.1517697157079994
36.04487776911781	1200	15.244155881070768	0.0	594078	8131.4061695650535	0.9162907318741551	0.10056492686271667	0.032084882259368896	0.062063068151474	0.07305968827674207
37.906572413630116	750	17.382461236558466	0.0	386351	1861.694644512303	0.44628710262841964	0.08232202380895615	0.034852102398872375	0.040499500930309296	0.2075265141567886
40.6261360941186	1200	18.662897556069975	0.0	687371	2719.563680488488	0.9162907318741551	0.11280837655067444	0.03371371701359749	0.07235191613435746	0.2527504705742115
44.04019248389197	1200	19.2488411662966	0.0	526950	3414.0563897733764	1.3862943611198906	0.11951638758182526	0.03616245836019516	0.07612143754959107	0.15434718699387934
48.72060673905926	1200	18.56842691112932	0.0	587876	4680.414255167283	1.3862943611198906	0.10597546398639679	0.03207631781697273	0.06748388260602951	0.12560341199520356
52.709352568457675	1200	18.5796810817309	0.0	617242	3988.7458293984173	1.3862943611198906	0.10800674557685852	0.03304477408528328	0.0683530166745186	0.1547458841450152
57.60322710698799	1200	17.685806543200588	0.0	581493	4893.874538530312	1.3862943611198906	0.10139699280261993	0.031885985285043716	0.06313381046056749	0.11882057772871088
63.491405965307976	1200	15.797627684880604	0.0	639204	5888.178858319985	1.3862943611198906	0.09664517641067505	0.03420461714267731	0.05559963583946228	0.10855716434238508
65.5648998486475	1200	17.72413380154107	0.0	586839	2073.4938833395345	1.3862943611198906	0.10038258880376816	0.031141523271799088	0.06301276087760926	0.28301940252403684
69.92096473825936	1200	17.368068911929214	0.0	601738	4356.064889611853	1.3862943611198906	0.12885615229606628	0.03387418016791344	0.08820713609457016	0.138137978944023
74.2232044449965	1200	17.065829205192074	0.0	616206	4302.239706737143	1.3862943611198906	0.11480268836021423	0.03488321602344513	0.07294282913208008	0.14322911832063773
78.02019651977773	1200	17.268837130410844	0.0	656471	3796.9920747812266	1.3862943611198906	0.11657196283340454	0.035148605704307556	0.07439363598823548	0.1728923808822604
81.09471772610996	1200	18.194315924078627	0.0	536667	3074.52120633222	1.3862943611198906	0.11092156171798706	0.03350056707859039	0.07072088122367859	0.17455303248346174
84.35113584970779	1200	18.937897800480794	0.0	587236	3256.418123597831	1.3862943611198906	0.12310659140348434	0.03271133452653885	0.08385298997163773	0.18033187929540093
89.05575923501938	1200	18.233274415169213	0.0	590335	4704.623385311581	1.3862943611198906	0.12443123757839203	0.031351879239082336	0.08680898249149323	0.12547975717739687
95.8847879377742	1200	15.404245712414378	0.0	696376	6829.028702754835	1.3862943611198906	0.11429357528686523	0.03601202741265297	0.07107914239168167	0.10197292035382446
98.75722187373358	1200	16.531811776455005	0.0	487160	2872.4339359593755	1.3862943611198906	0.09547552466392517	0.03382638841867447	0.05488385856151581	0.1695983304964302
107.26430801409148	1200	12.024725636097104	0.0	622896	8507.0861403579	1.3862943611198906	0.12140043824911118	0.03419436141848564	0.08036720454692842	0.07322084080528592
107.97645161817607	750	15.312582032012509	0.0	400508	712.1436040845942	0.44628710262841964	0.1143852025270462	0.03987656906247139	0.06653331965208054	0.5623978053061673
113.1144943991763	1850	14.17453925101228	0.0	873429	5138.04278100023	0.9162907318741551	0.18541866540908813	0.03696495294570923	0.14106072187423707	0.16999255109938347
120.21018437837954	1850	11.078849271809048	0.0	954453	7095.689979203233	1.8191584434161694	0.14120446145534515	0.02997584268450737	0.10523345023393632	0.13451165465196585
124.07340797914823	1200	11.215625671040366	0.0	584349	3863.2236007686815	0.9534302788236118	0.11598917841911316	0.03172893449664116	0.07791445702314377	0.1512594300479345
129.69088955562728	1200	9.598144094561295	0.0	670129	5617.48157647907	1.3862943611198906	0.12849566340446472	0.03919273987412453	0.08146437555551529	0.11929349315641619
133.89350518800308	750	9.395528462185515	0.0	401088	4202.6156323757805	0.44628710262841964	0.1156611442565918	0.03204025700688362	0.07721283584833145	0.09543770715316664
134.8543846643742	750	12.434648985814391	0.0	365161	960.8794763711251	0.9162907318741551	0.10446280241012573	0.03307383507490158	0.06477420032024384	0.3800278900524275
136.14553511065728	750	15.143498539531317	0.0	321064	1291.150446283074	0.9162907318741551	0.15637680888175964	0.03587448596954346	0.1133274257183075	0.24866505752623147
141.03315800513954	1200	14.255875645049072	0.0	575591	4887.622894482245	0.9162907318741551	0.14715707302093506	0.03558944910764694	0.10444973409175873	0.11776501837934317
144.85334558373287	1200	14.43568806645572	0.0	605884	3820.1875785933516	1.3862943611198906	0.1275465339422226	0.03468412533402443	0.08592558354139329	0.1586005889855009
148.17501317017795	1200	15.114020480010643	0.0	587506	3321.667586445077	1.3862943611198906	0.12622417509555817	0.043973226100206375	0.07345630377531051	0.1768707989918889
151.46024264691138	1200	15.82879100327722	0.0	566904	3285.2294767334233	1.3862943611198906	0.12221668660640717	0.03459131345152855	0.0807071104645729	0.17256146154017993
155.06324221782737	1200	16.225791432361248	0.0	641452	3602.9995709159693	1.3862943611198906	0.12711872160434723	0.03347877040505409	0.08694419711828233	0.17803277168776555
160.96426933014502	1200	14.324764320043592	0.0	599477	5901.027112317656	1.3862943611198906	0.12800483405590057	0.03944999724626541	0.08066483736038207	0.10158858595119258
166.3166296165012	1200	12.972404033687406	0.0	634861	5352.360286356186	1.3862943611198906	0.11624060571193695	0.03280175104737282	0.07687850445508956	0.11861327826124439
174.1386285631084	1200	9.150405087080202	0.0	630203	7821.998946607204	1.3862943611198906	0.1063842624425888	0.031423840671777725	0.06867565363645553	0.08056802414596986
176.99214990671558	750	10.296883743473	0.0	393804	2853.5213436072027	0.44628710262841964	0.10481680929660797	0.034325696527957916	0.06362597346305848	0.13800632712358943
177.59466889900293	750	13.694364751185661	0.0	331053	602.5189922873382	0.9162907318741551	0.10805542767047882	0.03368173912167549	0.06763734072446823	0.54944824020107
185.78234853425454	2850	9.506685115934038	0.0	1364537	8187.679635251623	0.9162907318741551	0.17068517208099365	0.03148460388183594	0.13290364742279054	0.1666573511407381

