2.93374335144	750	4.0	2.9337433514398144	450283	2933.74335144	-6.887466582955751	0	0	0	0.153484114341
6.30697719646	1200	4.626766154981143	0.0	611087	3373.23384502	0.9162907318741551	0.153484114341	0.0	0.153484114341	0.181157615533
12.9549012407	1200	4.0	2.021157889285344	571051	6647.92404427	-3.989985624379125	0.166176622304	0.0220210906667	0.144155531637	0.0858991462895
14.6835042232	300	6.271397017514739	0.0	155432	1728.60298249	-1.3862943611198906	0.126705527783	0.0612095722399	0.0654959555429	0.0899176974556
16.9604907287	300	7.994410511998075	0.0	163442	2276.98650552	0.0	0.114948382848	0.0555298688774	0.059418513971	0.0717799598742
18.8172462044	300	10.137655036318916	0.0	126289	1856.75547568	0.0	0.102606844435	0.0495678536417	0.053038990793	0.0680159566805
20.927968311	300	12.026932929736413	0.0	153295	2110.72210658	0.0	0.087847535935	0.0424378493267	0.0454096866083	0.0726268036526
23.3983041512	300	13.55659708950654	0.0	173849	2470.33584023	0.0	0.0767274113885	0.037065881121	0.0396615302675	0.0703746418478
25.6918379644	300	15.263063276345354	0.0	150710	2293.53381316	0.0	0.0738183197745	0.0277221860135	0.046096133761	0.0657108254237
27.584459825	300	17.370441415741027	0.0	139105	1892.6218606	0.0	0.0696080475397	0.0261410344726	0.0434670130671	0.0734985698388
31.1738558943	750	17.7810453464722	0.0	353220	3589.39606927	0.0	0.0699251635468	0.0235732177202	0.0463519458266	0.0984065266645
36.5530095308	750	16.40189170987519	0.0	405134	5379.1536366	0.9162907318741551	0.0746664141677	0.0167596865095	0.0579067276581	0.0753155658622
42.9912158885	750	13.963685352175473	0.0	386351	6438.2063577	0.9162907318741551	0.0752185564501	0.0168836208335	0.0583349356166	0.0600091047933
48.3435986287	750	12.611302612051704	0.0	434409	5352.38274012	0.9162907318741551	0.0725400582858	0.0162824028689	0.0562576554169	0.0811617967347
56.9930291268	750	7.961872113926811	0.0	337059	8649.43049812	0.9162907318741551	0.0757228028684	0.0169968044112	0.0587259984571	0.0389689240318
60.3020054419	300	8.652895798859385	0.0	138313	3308.97631507	-0.9162907318741551	0.064031903793	0.0310794205251	0.032952483268	0.0417993321288
66.1146135762	300	6.840287664499374	0.0	143509	5812.60813436	0.0	0.0544377821768	0.0264226834516	0.0280150987252	0.024689261117
68.5914454647	300	8.363455776046033	0.0	150616	2476.83188845	0.0	0.0419907139344	0.0229465931168	0.0190441208176	0.0608099405947
70.6214918026	300	10.333409438113453	0.0	165384	2030.04633793	0.0	0.0420682474411	0.0229889627187	0.0190792847224	0.081468091102
71.988409269	300	12.966491971764723	0.0	140881	1366.91746635	0.0	0.042084649862	0.0229979261214	0.0190867237406	0.103064744923
73.4174881326	300	15.537413108079257	0.0	157671	1429.07886369	0.0	0.048614803777	0.0265664480835	0.0220483556936	0.110330510098
74.6239757722	300	18.330925468488005	0.0	157812	1206.48763959	0.0	0.0568251694559	0.0310531524741	0.0257720169818	0.130802831974
77.0472128775	750	19.907688363265613	0.0	401853	2423.23710522	0.0	0.0906933503158	0.0337132769564	0.0569800733593	0.165833132521
80.0605682626	1200	20.89433297812531	0.0	536667	3013.35538514	0.9162907318741551	0.111816019598	0.0415651690422	0.0702508505559	0.178096152431
87.260815385	1200	17.694085855697303	0.0	587236	7200.24712243	1.3862943611198906	0.131383559945	0.0488389758294	0.0825445841159	0.0815577562846
94.8037497999	1200	14.15115144085047	0.0	590335	7542.93441485	1.3862943611198906	0.123106855223	0.0466869523111	0.0764199029118	0.0782633080884
103.493042235	1200	9.461859005793269	0.0	696376	8689.29243506	1.3862943611198906	0.112793422318	0.0427756936788	0.0700177286395	0.0801418533448
106.584962016	750	10.369939224949473	0.0	277716	3091.91978084	0.44628710262841964	0.101705383037	0.0385706738999	0.0631347091375	0.0898199240875
112.723463844	750	8.231437396587285	0.0	400396	6138.50182836	0.9162907318741551	0.0921407012767	0.0349433710952	0.0571973301815	0.0652269904279
118.165141878	750	6.789759362283476	0.0	400508	5441.6780343	0.9162907318741551	0.0781482394604	0.0296368802718	0.0485113591886	0.0736000912724
120.007160115	300	8.947741125876183	0.0	157421	1842.01823641	-0.9162907318741551	0.0765618720873	0.0278888280708	0.0486730440165	0.0854611517349
122.873566676	300	10.081334565027515	0.0	157488	2866.40656085	0.0	0.0778446358938	0.0227379213806	0.0551067145133	0.0549426596182
126.284166254	300	10.670734987175925	0.0	143881	3410.59957785	0.0	0.0714761334008	0.0210283559378	0.050447777463	0.0421864240336
131.314308237	300	9.640593003976814	0.0	163444	5030.1419832	0.0	0.0605881843198	0.0248280121682	0.0357601721515	0.0324929197915
136.951139335	300	8.00376190569619	0.0	179328	5636.83109828	0.0	0.0510364482652	0.0236660419963	0.0273704062689	0.031813619545
141.224702331	300	7.730198909738923	0.0	159914	4273.56299596	0.0	0.0431721744078	0.0200193102643	0.0231528641435	0.0374193618185
143.030294507	300	9.924606733793386	0.0	131610	1805.59217595	0.0	0.0382151248245	0.0177206835455	0.0204944412791	0.0728902139438
144.405597889	300	12.54930335128868	0.0	124011	1375.3033825	0.0	0.0395705118344	0.018349188212	0.0212213236224	0.0901699229258
145.776104096	300	15.178797144244506	0.0	144254	1370.50620704	0.0	0.0439589106136	0.02038412664	0.0235747839736	0.105255999031
147.090668377	300	17.86423286414597	0.0	149991	1314.5642801	0.0	0.0540731738273	0.0203666084567	0.0337065653705	0.114099403331
149.479512535	750	19.475388705357247	0.0	345516	2388.84415879	0.0	0.0716347750982	0.0263639852627	0.0452707898355	0.144637312873
151.646263581	750	21.308637659427458	0.0	384505	2166.75104593	0.9162907318741551	0.100023576734	0.0368120106374	0.0632115660961	0.177456935222
155.581944917	1200	21.372956323344862	0.0	599477	3935.68133608	0.9162907318741551	0.119320004931	0.0439137394825	0.0754062654487	0.152318480285
164.403088992	1200	16.551812248735715	0.0	634861	8821.14407461	1.3862943611198906	0.133764444792	0.0492297748729	0.0845346699186	0.0719703696743
173.084953629	1200	11.869947611330568	0.0	630203	8681.86463741	1.3862943611198906	0.11969424865	0.0552941807796	0.0644000678705	0.0725884388113
177.330174178	750	11.62472706229881	0.0	393804	4245.22054903	0.44628710262841964	0.106871604148	0.0493706077493	0.0575009963985	0.0927640850344
181.532632208	750	11.422269032628861	0.0	331053	4202.45802967	0.9162907318741551	0.0987141472967	0.0456021736022	0.0531119736945	0.0787760395613
186.619630402	750	10.335270838855791	0.0	314107	5086.99819377	0.9162907318741551	0.0866395770991	0.0400241823882	0.0466153947109	0.0617470240867

