4.50836991969	750	4.0	4.508369919690289	450283	4508.36991969	-11.075973254502014	0.0374185321693	0.0132012823883	0.024217249781	0.0998771192296
5.80168003291	300	6.706689886785006	0.0	155580	1293.31011321	-0.9162907318741551	0.0998771192296	0.0352367123625	0.0646404068671	0.120295974191
6.89855961778	300	9.609810301914429	0.0	139857	1096.87958487	0.0	0.1091397243	0.0385045654315	0.0706351588685	0.127504424304
9.77223627148	750	10.736133648214263	0.0	382355	2873.6766537	0.0	0.11464384664	0.0404464233586	0.0741974232817	0.133054287617
13.0512463199	750	11.457123599758125	0.0	411561	3279.01004846	0.9162907318741551	0.118751702246	0.0401854163427	0.0785662859035	0.125513796517
17.1412046671	1200	11.36716525257938	0.0	520315	4089.95834718	0.9162907318741551	0.120045196601	0.0174195248145	0.102625671786	0.127217677011
22.2415251752	1200	10.266844744507765	0.0	561791	5100.32050807	1.3862943611198906	0.126584781481	0.0183684712473	0.108216310233	0.110148175808
28.0031978368	1200	8.505172082904997	0.0	709534	5761.6726616	1.3862943611198906	0.124177114138	0.0161239782128	0.108053135926	0.123147225063
35.3328262755	1200	5.175543644202981	0.0	584846	7329.6284387	1.3862943611198906	0.123327174907	0.0160136164787	0.107313558428	0.0797920392406
38.6003493595	750	5.9080205602017974	0.0	362795	3267.523084	0.44628710262841964	0.109746801608	0.0387411930952	0.071005608513	0.111030585148
41.1117177994	750	7.39665212028477	0.0	353220	2511.36843992	0.9162907318741551	0.107299153736	0.0378771606364	0.0694219930998	0.140648418761
44.284453771	750	8.223916148718319	0.0	405134	3172.73597157	0.9162907318741551	0.109055834646	0.0384972781553	0.0705585564903	0.127692314655
47.1971041475	750	9.311265772184067	0.0	386351	2912.65037653	0.9162907318741551	0.112105814908	0.0395739370878	0.0725318778198	0.132645855168
50.3376439147	750	10.170726005022859	0.0	434409	3140.53976716	0.9162907318741551	0.113586723902	0.0400967056831	0.0734900182191	0.138323037505
55.0832302699	1200	9.425139649819325	0.0	526950	4745.5863552	0.9162907318741551	0.129145225703	0.0247526189138	0.104392606789	0.111040019201
59.5315749673	1200	8.976794952397746	0.0	587876	4448.34469742	1.3862943611198906	0.129147778236	0.0247531081451	0.104394670091	0.132156125478
64.8365308599	1200	7.671839059793635	0.0	617242	5304.9558926	1.3862943611198906	0.127641477836	0.0193633766053	0.108278101231	0.116351957018
69.1692292832	1200	7.339140636468953	0.0	581493	4332.69842332	1.3862943611198906	0.125201864962	0.0189932841897	0.106208580772	0.1342103565
74.6923645202	1200	5.816005399473879	0.0	639204	5523.135237	1.3862943611198906	0.125477989223	0.0190351725958	0.106442816627	0.115732092837
79.5831809963	1200	4.925188923404244	0.0	586839	4890.81647607	1.3862943611198906	0.121186215301	0.0169894120461	0.104196803255	0.119987941251
82.4856461941	750	6.02272372562081	0.0	386472	2902.46519778	0.44628710262841964	0.123191467067	0.0108959301918	0.112295536875	0.13315301775
85.6790931428	750	6.829276776895985	0.0	399894	3193.44694872	0.9162907318741551	0.123363657008	0.0109111598957	0.112452497112	0.125223310868
88.7922361203	750	7.716133799360292	0.0	401853	3113.14297754	0.9162907318741551	0.1252451789	0.0097278139694	0.11551736493	0.129082731792
93.7405572565	1200	6.76781266321328	0.0	536667	4948.32113615	0.9162907318741551	0.124323443857	0.00965622265468	0.114667221203	0.108454359617
98.8062449941	1200	5.70212492559276	0.0	587236	5065.68773762	1.3862943611198906	0.122556532337	0.0156435494024	0.106912982934	0.115924239791
104.153827478	1200	4.354542441476071	0.0	590335	5347.58248412	1.3862943611198906	0.121685139589	0.015532321749	0.10615281784	0.110392874117
109.652629489	750	4.0	1.1442595692818205	425781	5498.80201076	-2.597443351661223	0.117266148302	0.0149682660664	0.102297882235	0.0774315931301
111.926972365	750	5.725657124337212	0.0	277716	2274.34287566	0.9162907318741551	0.105115017735	0.0357068943935	0.0694081233419	0.122108237492
113.015293944	300	8.637335544630755	0.0	153605	1088.32157971	-0.9162907318741551	0.10414620945	0.0353777964596	0.0687684129899	0.141139349678
116.081732018	750	9.570897471177139	0.0	400508	3066.43807345	0.0	0.108993829886	0.0370245018943	0.0719693279914	0.13061017063
118.8462622	750	10.806367288605372	0.0	358218	2764.53018257	0.9162907318741551	0.111348147934	0.0378242485694	0.073523899365	0.129576447477
121.719145303	750	11.933484185525455	0.0	400322	2872.88310308	0.9162907318741551	0.114776035843	0.0389886800101	0.0757873558327	0.139345036201
126.813156893	1200	10.839472596375778	0.0	584349	5094.01158915	0.9162907318741551	0.132188034288	0.0274517607175	0.104736273571	0.114712931012
131.895220954	1200	9.757408534969313	0.0	670129	5082.06406141	1.3862943611198906	0.130368361977	0.0270738656294	0.103294496348	0.13186158063
137.736799773	1200	7.9158297157839845	0.0	690253	5841.57881919	1.3862943611198906	0.128695566071	0.0192901198413	0.109405446229	0.118162062238
142.147486813	1200	7.50514267634742	0.0	598727	4410.68703944	1.3862943611198906	0.126078097182	0.0188977886205	0.107180308562	0.135744611814
146.103977163	1200	7.548652326204833	0.0	487812	3956.49035014	1.3862943611198906	0.127202893534	0.0190663838339	0.1081365097	0.123294121009
151.426230383	1200	6.226399105728086	0.0	575591	5322.25322048	1.3862943611198906	0.124249724212	0.0164256679838	0.107824056228	0.108147992242
155.891275808	1200	5.761353681440607	0.0	605884	4465.04542429	1.3862943611198906	0.122637048809	0.0158927426359	0.106744306173	0.135694924111
160.490880732	1200	5.1617487570840375	0.0	587506	4599.60492436	1.3862943611198906	0.123284873259	0.0159766953024	0.107308177956	0.127729665843
165.648859278	1200	4.003770210912831	0.0	566904	5157.97854617	1.3862943611198906	0.125242476938	0.0162303844752	0.109012092463	0.109908173314
169.23687192	750	4.415757569444863	0.0	384505	3588.01264147	0.44628710262841964	0.120035663717	0.0155556247407	0.104480038976	0.107163780739
172.065577162	750	5.587052326806718	0.0	372093	2828.70524264	0.9162907318741551	0.116617773015	0.0151126945023	0.101505078513	0.131541807323
175.797589661	750	5.855039827790213	0.0	438281	3732.01249902	0.9162907318741551	0.121268953097	0.0148477975885	0.106421155508	0.117438245482
181.601231473	750	4.051398015795287	0.0	398987	5803.64181199	0.9162907318741551	0.117990453693	0.0144463882063	0.103544065486	0.0687476954859
182.976800724	300	6.675828764960654	0.0	160064	1375.56925083	-0.9162907318741551	0.101847063807	0.0425053907344	0.0593416730731	0.116362007876
185.512317866	750	8.14031162305726	0.0	331053	2535.5171419	0.0	0.102904832997	0.0429468457066	0.0599579872907	0.130566263792
187.823089689	750	9.82953979995797	0.0	314107	2310.7718231	0.9162907318741551	0.106573409354	0.0444779087106	0.062095500643	0.135931638451

