1.36726027339	750	4.0	1.367260273385182	450283	1367.26027339	-2.720621595330429	0.127140333199	0.00896054699518	0.118179786204	0.329332321552
3.19422389111	1200	6.173036382270415	0.0	611087	1826.96361773	0.9162907318741551	0.329332321552	0.0232105553765	0.306121766176	0.3344823039
6.70195572297	2850	6.665304550410355	0.0	1300868	3507.73183186	1.3862943611198906	0.331887335524	0.0233906266583	0.308496708866	0.370857312462
10.4485930489	2850	6.918667224475072	0.0	1520281	3746.63732594	2.2512917986064953	0.343934297329	0.0327042927148	0.311230004614	0.405772127843
15.660793653	2850	5.706466620369031	0.0	1472558	5212.20060411	2.2512917986064953	0.357556805903	0.0472841451885	0.310272660714	0.282521359374
18.8860765316	2850	6.481183741833764	0.0	1224260	3225.28287854	2.2512917986064953	0.339521935819	0.0712507205571	0.268271215262	0.379582209098
23.286011913	2850	6.081248360404392	0.0	1388403	4399.93538143	2.2512917986064953	0.349049451755	0.0732501270871	0.275799324668	0.315550770554
28.959022283	2850	4.4082379903773665	0.0	1638769	5673.01037003	2.2512917986064953	0.344732839767	0.0723442600956	0.272388579671	0.288871144791
32.0278543599	1850	5.339405913459569	0.0	852833	3068.83207692	1.3870250882258435	0.327454833202	0.0687183664857	0.258736466716	0.277901487805
35.5492140669	1850	5.818046206440273	0.0	913888	3521.35970702	1.8191584434161694	0.304817801369	0.0639678491871	0.240849952182	0.259527022524
38.7198565535	1850	6.647403719890073	0.0	939819	3170.64248655	1.8191584434161694	0.299099422654	0.0484670991226	0.250632323532	0.296412794563
41.6620806415	1850	7.705179631891026	0.0	917428	2942.224088	1.8191584434161694	0.28643368439	0.0464146993336	0.240018985056	0.311814454834
44.3674237643	1850	8.999836509043341	0.0	946851	2705.34312285	1.8191584434161694	0.285811939063	0.0463139495826	0.23949798948	0.349992942486
49.1673619833	2850	8.199898290102134	0.0	1578343	4799.93821894	1.8191584434161694	0.296042442614	0.0458751720394	0.250167270575	0.328825690667
53.2794748411	2850	8.08778543224831	0.0	1231445	4112.11285785	2.2512917986064953	0.306143735853	0.0474404832868	0.258703252566	0.299467704941
58.6329446977	2850	6.734315575699547	0.0	1471065	5353.46985655	2.2512917986064953	0.316089740918	0.0489817308506	0.267108010068	0.274787201463
64.4923230724	2850	4.874937201019518	0.0	1491626	5859.37837468	2.2512917986064953	0.310871833714	0.0481731562808	0.262698677433	0.254570690715
68.0701353316	1850	5.29712494182881	0.0	885714	3577.81225919	1.3870250882258435	0.297531465686	0.0538851056278	0.243646360058	0.24755742779
72.0932626024	1850	5.273997670960009	0.0	987708	4023.12727087	1.8191584434161694	0.277975270458	0.0503433368837	0.227631933575	0.24550752027
76.0429291678	1850	5.324331105598813	0.0	923755	3949.66656536	1.8191584434161694	0.262891106796	0.0476114854799	0.215279621317	0.233881768173
79.6049493999	1850	5.762310873443362	0.0	891604	3562.02023216	1.8191584434161694	0.250555129755	0.0453773505981	0.205177779157	0.250308516485
83.3715243966	1850	5.995735876744165	0.0	955231	3766.5749967	1.8191584434161694	0.246165017892	0.0445822695102	0.201582748382	0.253607322524
87.1522475813	1850	6.215012692107959	0.0	968026	3780.72318464	1.8191584434161694	0.24598430637	0.0413160638996	0.20466824247	0.256042548667
90.2273951459	1850	7.139865127533736	0.0	874175	3075.14756457	1.8191584434161694	0.247615044985	0.0289216497938	0.218693395191	0.284270911117
93.484032905	1850	7.883227368430979	0.0	897976	3256.6377591	1.8191584434161694	0.254618652146	0.0290822327379	0.225536419408	0.275737145616
96.8921282143	1850	8.475132059049283	0.0	905935	3408.09530938	1.8191584434161694	0.263321598613	0.0300762726974	0.233245325916	0.265818563673
100.337654781	1850	9.029605492441465	0.0	1076599	3445.52656661	1.8191584434161694	0.266594400278	0.0304500881227	0.236144312156	0.31246283527
103.470280816	2850	9.896979457017308	0.0	1141971	3132.62603542	1.8191584434161694	0.277587177035	0.0355327330908	0.242054443944	0.364541118884
106.878669777	2850	10.48859049616181	0.0	1498470	3408.38896086	2.2512917986064953	0.296737079453	0.0571489280731	0.23958815138	0.439641724348
112.081764284	2850	9.285495989521417	0.0	1561263	5203.09450664	2.2512917986064953	0.320374370007	0.0785911439786	0.241783226029	0.300064317111
116.439453711	2850	8.927806562724014	0.0	1341201	4357.6894268	2.2512917986064953	0.326525961183	0.0801001928697	0.246425768314	0.307778014595
122.027635328	2850	7.339624945162172	0.0	1497683	5588.18161756	2.2512917986064953	0.337841294198	0.0828759610003	0.254965333198	0.26800900588
126.379646265	2850	6.987614008385721	0.0	1358081	4352.01093678	2.2512917986064953	0.326143268571	0.0800063144168	0.246136954154	0.312058269092
132.393435912	2850	4.973824360997763	0.0	1587293	6013.78964739	2.2512917986064953	0.316615189498	0.0776689781492	0.238946211349	0.263942221639
135.721244448	1850	5.646015825721879	0.0	1026056	3327.80853528	1.3870250882258435	0.288914310077	0.0597190093308	0.229195300747	0.308327834707
138.843434838	1850	6.52382543551323	0.0	943942	3122.19039021	1.8191584434161694	0.290413142867	0.0600288202548	0.230384322612	0.302333260316
141.502559995	1850	7.864700278621539	0.0	728962	2659.12515689	1.8191584434161694	0.289429485614	0.0598254968656	0.229603988748	0.274136024817
145.181920133	1850	8.185340140507845	0.0	938587	3679.36013811	1.8191584434161694	0.290833432965	0.0483838444115	0.242449588554	0.255095170021
148.721998351	1850	8.645261922233178	0.0	908665	3540.07821827	1.8191584434161694	0.279211886927	0.0464504522646	0.232761434662	0.256679356775
151.522530309	1850	9.84472996410924	0.0	930577	2800.53195812	1.8191584434161694	0.277550335418	0.0341060061987	0.243444329219	0.332285799239
155.809548463	2850	9.557711810371057	0.0	1339500	4287.01815374	1.8191584434161694	0.281200506788	0.0397694949475	0.241431011841	0.312454939999
160.314221675	2850	9.053038598042724	0.0	1527299	4504.67321233	2.2512917986064953	0.282905279217	0.0400105967124	0.242894682504	0.339047679601
163.76976157	2850	9.59749870348892	0.0	1343002	3455.53989455	2.2512917986064953	0.294544328455	0.041844232577	0.252700095878	0.388651857881
167.934601685	2850	9.43265858808141	0.0	1587250	4164.84011541	2.2512917986064953	0.319933150998	0.0623667176931	0.257566433305	0.381107066782
172.131935423	2850	9.235324850787421	0.0	1464921	4197.33373729	2.2512917986064953	0.348279442137	0.0678924505894	0.280386991548	0.349012275813
176.412739786	2850	8.954520487275904	0.0	1483527	4280.80436351	2.2512917986064953	0.351813900034	0.0685814462035	0.28323245383	0.346553328306
180.780381559	2850	8.586878714529815	0.0	1231456	4367.64177275	2.2512917986064953	0.359785829111	0.0701354678754	0.289650361235	0.281949863124
190.381026856	4300	4.0	1.0137665826917581	2155012	9600.64529722	-0.4453273113535814	0.344959651919	0.0746284749457	0.270331176973	0.224465328453

