6.259456925508364	750	4.0	6.259456925508364	450283	6259.456925508364	-15.733864689978095	0.13416439294815063	0.03232033550739288	0.09537999033927919	0.0719364324027887
8.58908495172655	300	5.670371973781814	0.0	155580	2329.6280262181867	-0.9162907318741551	0.07059730589389801	0.02736830711364746	0.03775533735752106	0.06678319381852628
10.673191228347726	300	7.5862656971606395	0.0	139857	2084.1062766211744	0.0	0.07100015878677368	0.024073615670204163	0.04211181998252869	0.06710646264486139
12.910189482565773	300	9.349267442942592	0.0	155432	2236.998254218048	0.0	0.07110344618558884	0.025109335780143738	0.040972243249416354	0.0694823966477935
15.258346031190936	300	11.00111089431743	0.0	163442	2348.156548625162	0.0	0.0689765065908432	0.024275124073028564	0.03984635770320892	0.06960438821495728
17.08179136688662	300	13.177665558621742	0.0	126289	1823.4453356956865	0.0	0.06706841289997101	0.025583382695913315	0.036368353664875036	0.06925845131069851
19.27708628973724	300	14.98237063577112	0.0	153295	2195.294922850622	0.0	0.06195095181465149	0.02292044833302498	0.03444641381502152	0.06982888649919722
21.7518343724009	300	16.507622553107463	0.0	173849	2474.748082663657	0.0	0.06150384247303009	0.023988481611013412	0.03271766453981399	0.07024917049855042
23.90369156533753	300	18.355765360170828	0.0	150710	2151.857192936632	0.0	0.059048570692539215	0.02357032708823681	0.030764178186655045	0.07003717555918595
25.894641712548836	300	20.364815212959524	0.0	139105	1990.9501472113054	0.0	0.06273183226585388	0.025379730388522148	0.03227615579962731	0.06986865050078844
27.896746596272603	300	22.36271032923576	0.0	141840	2002.1048837237665	0.0	0.06178666651248932	0.026425551623106003	0.030076004564762115	0.07084543929396352
30.092742319507927	300	24.166714606000433	0.0	156148	2195.9957232353268	0.0	0.0629899874329567	0.027970701456069946	0.02942514568567276	0.0711057851105236
33.08513361884909	300	25.17432330665927	0.0	160746	2992.391299341162	0.0	0.06328165531158447	0.02779863215982914	0.029923296719789508	0.05371824200778542
36.66224401692146	300	25.597212908586904	0.0	179801	3577.1103980723688	0.0	0.06274554133415222	0.0286700502038002	0.02834148108959198	0.05026431392693137
38.63995918688127	300	27.619497738627096	0.0	140051	1977.7151699598103	0.0	0.054852209985256195	0.025607142597436905	0.02412363886833191	0.07081454505041089
40.594124157518046	300	29.665332767990318	0.0	138313	1954.1649706367768	0.0	0.06254488229751587	0.0265361275523901	0.03070152923464775	0.07077856889171943
43.30584239748042	300	30.95361452802795	0.0	143509	2711.7182399623703	0.0	0.06119322031736374	0.028410617262125015	0.02710047960281372	0.05292179618262678
46.50484263852071	300	31.754614286987657	0.0	150616	3199.0002410402913	0.0	0.05577265843749046	0.024917155504226685	0.025872071832418443	0.047082209644042035
48.811920137946714	300	33.44753678756165	0.0	165384	2307.0774994260078	0.0	0.0572318471968174	0.025213254615664482	0.02697594165802002	0.07168549822931693
53.624992724836375	750	32.634464200671985	0.0	350713	4813.072586889664	0.0	0.06380712985992432	0.02556406706571579	0.033130249381065374	0.07286675895046912
58.940818728521734	750	31.318638196986626	0.0	386472	5315.826003685361	0.9162907318741551	0.06527919322252274	0.025704776868224144	0.034433460980653766	0.07270215385756915
64.43579736777896	750	29.8236595577294	0.0	399894	5494.978639257228	0.9162907318741551	0.06096351891756058	0.026983555406332016	0.02858325242996216	0.07277444122222372
69.9608238399395	750	28.298633085568866	0.0	401853	5525.026472160534	0.9162907318741551	0.061060335487127304	0.025362776592373848	0.03062500357627869	0.07273322617092501
74.68868044568686	750	27.570776479821497	0.0	343800	4727.856605747368	0.9162907318741551	0.06359601765871048	0.02422759123146534	0.03452290818095208	0.07271794148368697
79.63102404746692	750	26.62843287804143	0.0	359903	4942.343601780068	0.9162907318741551	0.06431543827056885	0.0270716343075037	0.03182947710156441	0.07282031137421828
84.84251505856388	750	25.416941866944487	0.0	379700	5211.491011096944	0.9162907318741551	0.06621479988098145	0.026589004322886467	0.03430799469351769	0.07285822794119692
95.61545519588688	750	18.64400172962148	0.0	425781	10772.940137323005	0.9162907318741551	0.0637136921286583	0.02673025242984295	0.031637389212846756	0.039523193721728356
99.4456938055883	750	18.813763119920047	0.0	277716	3830.238609701431	0.9162907318741551	0.05596410855650902	0.02514505945146084	0.025790037214756013	0.07250618781205594
104.92368361600239	750	17.335773309505957	0.0	400396	5477.989810414092	0.9162907318741551	0.06106220930814743	0.0271755363792181	0.02845156565308571	0.07309177524186254
110.41969041202843	750	15.839766513479924	0.0	400508	5496.00679602603	0.9162907318741551	0.06464266777038574	0.026839714497327805	0.03243501037359238	0.07287254453353174
115.35317146929314	750	14.906285456215215	0.0	358218	4933.481057264709	0.9162907318741551	0.07259534299373627	0.026552127674221992	0.040732789784669876	0.07260958253250259
120.83121408452783	750	13.42824284098052	0.0	400322	5478.042615234695	0.9162907318741551	0.06871385127305984	0.02870739810168743	0.03426497355103493	0.07307756220929819
125.90983167087788	750	12.349625254630485	0.0	369834	5078.617586350033	0.9162907318741551	0.06903000921010971	0.027831653133034706	0.03563202545046806	0.07282178539963612
128.2022352611935	300	14.057221664314847	0.0	163444	2292.4035903156378	-0.9162907318741551	0.06930306553840637	0.028969869017601013	0.034539222717285156	0.0712980910911484
130.6950160243904	300	15.564440901117933	0.0	179328	2492.780763196913	0.0	0.06501980125904083	0.027127813547849655	0.032466425001621245	0.07193893769062043
132.92682141067965	300	17.332635514828727	0.0	159914	2231.805386289209	0.0	0.06522159278392792	0.026490746065974236	0.033432697504758836	0.07165230489289513
137.3480731321296	750	16.911383793378764	0.0	321064	4421.25172144996	0.0	0.06712397187948227	0.02789449878036976	0.03365057334303856	0.07261834888123182
142.3286361155797	750	15.930820809928647	0.0	361565	4980.562983450118	0.9162907318741551	0.06466245651245117	0.02559734880924225	0.033945637941360476	0.07259520684738696
147.5364858428873	750	14.722971082621083	0.0	378327	5207.849727307564	0.9162907318741551	0.06579815596342087	0.02741871029138565	0.03289570361375809	0.07264552930861802
157.7116656578812	750	8.547791267627145	0.0	390680	10175.179814993937	0.9162907318741551	0.06937666237354279	0.02775253914296627	0.03607361540198326	0.03839539026369853
159.82117372224945	300	10.438283203258889	0.0	147968	2109.5080643682577	-0.9162907318741551	0.055041924118995667	0.024312376976013184	0.025867071747779847	0.07014336778291129
162.13192408196565	300	12.127532843542692	0.0	161857	2310.7503597161963	0.0	0.06417981535196304	0.023904526606202126	0.03549438342452049	0.07004521250832094
168.1785946612507	300	10.080862264257624	0.0	145210	6046.670579285069	0.0	0.06767268478870392	0.027533335611224174	0.03463268205523491	0.024014868694429353
170.80650301525927	300	11.452953910249063	0.0	172312	2627.9083540085594	0.0	0.04231832176446915	0.022433767095208168	0.015397801250219344	0.06557001873263908
173.1433871706556	300	13.116069754852742	0.0	167025	2336.884155396321	0.0	0.05740088224411011	0.025260180234909058	0.02708866596221924	0.07147337603976077
175.38422176889006	300	14.875235156618263	0.0	160064	2240.834598234481	0.0	0.06284467875957489	0.026657387614250183	0.030855813622474672	0.0714305286637898
179.93824184291228	750	14.32121508259606	0.0	331053	4554.020074022203	0.0	0.06417660415172577	0.02509322389960289	0.034064735472202304	0.07269467297442264
184.2795593578414	750	13.979897567666937	0.0	314107	4341.317514929123	0.9162907318741551	0.06401129066944122	0.026331452652812004	0.03241354748606682	0.07235292026437466

