4.06666104753	750	4.0	4.06666104753186	450283	4066.66104753	-9.901027654560593	0.0632410368679	0.00671242808474	0.0565286087832	0.110725480864
7.64857043108	750	4.418090616450083	0.0	398865	3581.90938355	0.9162907318741551	0.110725480864	0.0117524453149	0.0989730355493	0.111355413354
10.7759229745	750	5.2907380730432	0.0	350812	3127.35254341	0.9162907318741551	0.111039553707	0.0117857811278	0.0992537725793	0.112175392806
14.0683018345	750	5.998359213051015	0.0	382355	3292.37885999	0.9162907318741551	0.111415602304	0.0118256950712	0.0995899072332	0.116133354106
17.5344374419	750	6.532223605602018	0.0	411561	3466.13560745	0.9162907318741551	0.112558736823	0.00522367047836	0.107335066345	0.118737708679
21.8481185582	1200	6.218542489296799	0.0	520315	4313.68111631	0.9162907318741551	0.113742542672	0.00562624596641	0.108116296706	0.120619718049
26.7522569697	1200	5.314404077790179	0.0	561791	4904.13841151	1.3862943611198906	0.1156922692	0.00624043459902	0.109451834601	0.114554474784
31.4327078447	750	4.633953202848944	0.0	437162	4680.45087494	0.44628710262841964	0.116367520302	0.00627685760613	0.110090662696	0.0934016853676
35.9542151197	750	4.11244592781919	0.0	374758	4521.50727503	0.9162907318741551	0.111709003284	0.0220464483859	0.0896625548981	0.0828834229837
37.2512903071	300	6.815370740474216	0.0	139105	1297.07518734	-0.9162907318741551	0.103705398429	0.0267603165556	0.0769450818734	0.107245132246
38.5722949048	300	9.49436614270267	0.0	141840	1321.00459777	0.0	0.101799808414	0.0262685948825	0.0755312135318	0.107372828406
42.1409267171	750	9.925734330459854	0.0	405134	3568.63181224	0.0	0.0997231073999	0.0257327194375	0.0739903879624	0.113526421698
45.4481521165	750	10.618508931046325	0.0	386351	3307.22539941	0.9162907318741551	0.099566127536	0.0256922120877	0.0738739154483	0.116820280852
49.0247761725	750	11.041884875061518	0.0	434409	3576.62405598	0.9162907318741551	0.104011528899	0.0268393109802	0.0771722179187	0.12145783096
53.3013140134	1200	10.765347034180973	0.0	526950	4276.53784088	0.9162907318741551	0.113020490446	0.0145447033367	0.0984757871098	0.123218832524
58.1454326732	1200	9.921228374332122	0.0	587876	4844.11865985	1.3862943611198906	0.116195367032	0.014953280913	0.101242086119	0.121358711725
63.416833032	1200	8.649828015511437	0.0	617242	5271.40035882	1.3862943611198906	0.119167731279	0.0153357970038	0.103831934275	0.117092604998
68.3337905909	1200	7.732870456655486	0.0	581493	4916.95755886	1.3862943611198906	0.119934581124	0.0154344835646	0.10450009756	0.118262765753
73.7354940349	1200	6.331167012605817	0.0	639204	5401.70344405	1.3862943611198906	0.120235710338	0.0151015558391	0.105134154499	0.118333782412
78.8576132507	1200	5.209047796878977	0.0	586839	5122.11921573	1.3862943611198906	0.119610514133	0.00914296785922	0.110467546274	0.114569570774
83.5258841507	1200	4.540776896859952	0.0	601738	4668.27090002	1.3862943611198906	0.11788275854	0.00496812770264	0.112914630838	0.128899546082
86.2477625485	750	5.818898499081832	0.0	399894	2721.87839778	0.44628710262841964	0.11923792218	0.00938860261389	0.109849319567	0.146918392947
87.8141731489	750	8.252487898607882	0.0	401853	1566.41060047	0.9162907318741551	0.12438052606	0.01971898008	0.10466154598	0.256543846089
89.5061965128	1200	10.560464534696687	0.0	536667	1692.02336391	0.9162907318741551	0.140286133583	0.0476983261038	0.0925878074793	0.317174698321
91.3501174398	1200	12.71654360769772	0.0	587236	1843.920927	1.3862943611198906	0.164779361924	0.0589956530034	0.105783708921	0.318471357097
93.1956712477	1200	14.870989799796146	0.0	590335	1845.5538079	1.3862943611198906	0.201977076758	0.0723134826834	0.129663594075	0.31986875564
95.3531305742	1200	16.71353047334098	0.0	696376	2157.45932646	1.3862943611198906	0.248464643784	0.0889573411207	0.159507302664	0.322775957563
98.9980845765	2850	17.06857647102904	0.0	1141971	3644.95400231	1.3862943611198906	0.304595518472	0.109053775329	0.195541743143	0.313301896067
103.750357904	2850	16.31630314347515	0.0	1498470	4752.27332755	2.2512917986064953	0.318287817089	0.113956003913	0.204331813176	0.315316459454
108.23542317	2850	15.831237877615818	0.0	1561263	4485.06526586	2.2512917986064953	0.317911795296	0.103482190799	0.214429604497	0.348102626707
112.183702753	2850	15.882958294542902	0.0	1341201	3948.27958307	2.2512917986064953	0.323407962377	0.0870958283152	0.236312134061	0.339692509555
116.889801758	2850	15.176859289509153	0.0	1497683	4706.09900503	2.2512917986064953	0.327269986561	0.0612456364553	0.266024350105	0.318242986048
123.363973117	4300	12.702687930854895	0.0	2191074	6474.17135865	2.2512917986064953	0.326327418519	0.026043527494	0.300283891025	0.338433118096
130.168550198	4300	9.89811084980275	0.0	2286761	6804.57708105	2.662587827025453	0.331454679747	0.0264527237833	0.305001955964	0.336062178848
137.442380947	4300	6.624280100975943	0.0	2307787	7273.83074883	2.662587827025453	0.33581294647	0.0268005481854	0.309012398284	0.317272573379
143.159443869	2850	4.907217178561813	0.0	1439896	5717.06292241	1.8399957701875378	0.329632890419	0.0181991696144	0.311433720804	0.251859393458
146.578829942	2850	5.4878311051985005	0.0	1139291	3419.38607336	2.2512917986064953	0.30873688738	0.0728432995318	0.235893587848	0.333185833818
149.947079423	1850	6.119581624491482	0.0	938587	3368.24948071	1.3870250882258435	0.311447020986	0.0734827277378	0.237964293248	0.278657209146
153.672057426	1850	6.394603621937309	0.0	908665	3724.97800255	1.8191584434161694	0.299617572218	0.0706916907248	0.228925881493	0.243938353294
157.161718591	1850	6.904942456688134	0.0	930577	3489.66116525	1.8191584434161694	0.280714419799	0.066231685944	0.214482733855	0.266666864184
160.868695741	1850	7.197965306502962	0.0	858450	3706.97715019	1.8191584434161694	0.271594040821	0.0640798261409	0.207514214681	0.231576825327
164.914261328	1850	7.1523997198091145	0.0	1025005	4045.56558669	1.8191584434161694	0.266558883011	0.0495357808733	0.217023102138	0.253365068007
167.809254508	1850	8.257406539280213	0.0	886255	2894.99318053	1.8191584434161694	0.253766819228	0.0471585767774	0.20660824245	0.30613370904
170.748331309	1850	9.31832973832055	0.0	973972	2939.07680096	1.8191584434161694	0.257984151622	0.0479423017502	0.210041849872	0.331387053132
173.584300362	1850	10.482360685833811	0.0	958994	2835.96905249	1.8191584434161694	0.273235114595	0.0495473021891	0.223687812406	0.33815390163
177.378160595	2850	10.688500452479051	0.0	1483527	3793.86023335	1.8191584434161694	0.285608289687	0.0517910015257	0.233817288162	0.391033646142
180.791737454	2850	11.274923593599265	0.0	1231456	3413.57685888	2.2512917986064953	0.317549070433	0.0674330080973	0.250116062335	0.360752386986
187.11544386	4300	8.951217187961007	0.0	2155012	6323.70640564	2.2512917986064953	0.343154214745	0.0728703784583	0.270283836286	0.340783056923

