3.2242488474913644	750	4.0	3.2242488474913644	450283	3224.2488474913644	-7.660211202452875	0.20282354950904846	0.03109852597117424	0.16550531834363938	0.139655163512067
4.3653031305115615	300	6.858945716979802	0.0	155580	1141.054283020198	-0.9162907318741551	0.1097458004951477	0.029650520533323288	0.07416517585515976	0.13634758864249938
7.580634225872225	750	7.643614621619139	0.0	350812	3215.3310953606638	0.0	0.12014125287532806	0.02877976931631565	0.08560552969574928	0.109106026594331
12.009362350877431	750	7.214886496613934	0.0	382355	4428.728125005206	0.9162907318741551	0.09889111667871475	0.027815062552690506	0.06551304161548616	0.0863351710034245
17.707933372760806	300	5.516315474730557	0.0	163442	5698.5710218833765	-0.9162907318741551	0.08513118326663971	0.028424739837646484	0.05102149546146393	0.02868122541113517
21.33332546765305	300	5.890923379838312	0.0	126289	3625.392094892245	0.0	0.042734190821647644	0.020377106964588165	0.018281662464141847	0.03483457697663281
24.42537831356552	300	6.798870533925843	0.0	153295	3092.0528459124685	0.0	0.04044685512781143	0.022736117243766785	0.01316351443529129	0.04957709574810403
28.302844545216892	300	6.921404302274472	0.0	173849	3877.4662316513713	0.0	0.053124114871025085	0.02398758754134178	0.024339009821414948	0.04483572250891262
31.827565963005068	300	7.396682884486296	0.0	150710	3524.7214177881765	0.0	0.04566294699907303	0.02509760484099388	0.015545821189880373	0.042757989110689246
34.27562957110506	300	8.948619276386307	0.0	139105	2448.063608099988	0.0	0.051194481551647186	0.024445971474051476	0.021859315782785417	0.0568224614506497
40.969549966785415	300	6.254698880705948	0.0	141840	6693.920395680359	0.0	0.05571034550666809	0.02508876658976078	0.025603825598955157	0.021189376570944954
48.57835406211605	300	4.0	1.3541052146246821	156148	7608.80409533063	-3.601919870901655	0.042677801102399826	0.022514257580041885	0.015660692006349564	0.020522016080795784
51.72245311439191	300	4.855900947724142	0.0	160746	3144.099052275859	0.0	0.035273246467113495	0.020416034385561943	0.010774005204439163	0.05112625185381608
54.6070383598979	300	5.971315702218145	0.0	179801	2884.5852455059967	0.0	0.04913116246461868	0.01957462914288044	0.025641607493162157	0.06233166458856389
56.72325217979203	300	7.855101882324023	0.0	140051	2116.213819894122	0.0	0.05286244675517082	0.020703691989183426	0.02801801636815071	0.0661799855399333
59.097687605233595	300	9.480666456882453	0.0	138313	2374.43542544157	0.0	0.05349383503198624	0.022685091942548752	0.026271724700927736	0.05825089977937731
65.66092957768002	300	6.917424484436023	0.0	143509	6563.241972446429	0.0	0.05710675194859505	0.021918602287769318	0.030804429203271866	0.021865565920390323
73.18859794391244	300	4.0	0.6102438817963857	150616	7527.668366232409	-1.623248725578386	0.03723689913749695	0.01810440793633461	0.015511609613895416	0.02000832032872659
74.28207493794093	300	6.906523005971488	0.0	165384	1093.476994028511	0.0	0.03487779572606087	0.01763276755809784	0.01371847465634346	0.15124598039388457
75.4975687130591	300	9.691029230853331	0.0	140881	1215.4937751181558	0.0	0.06807482242584229	0.0278046652674675	0.03470922410488129	0.11590433689082877
76.67170367675139	300	12.51689426716104	0.0	157671	1174.1349636922914	0.0	0.07829171419143677	0.02868982031941414	0.0438639298081398	0.13428694730644375
77.86627965649998	300	15.322318287412443	0.0	157812	1194.5759797485978	0.0	0.0821814239025116	0.03235722705721855	0.04335275143384933	0.13210712644097536
79.50017367909076	300	17.688424264821666	0.0	163927	1633.8940225907775	0.0	0.08180469274520874	0.03165760636329651	0.043815565109252934	0.10032902852540572
82.6128694714263	750	18.57572847248613	0.0	343800	3112.6957923355344	0.0	0.07802844792604446	0.029507244005799294	0.04261975511908531	0.11045088339392078
90.98783831669284	750	14.200759627219583	0.0	359903	8374.968845266549	0.9162907318741551	0.07496728003025055	0.030474042519927025	0.03839842900633812	0.042973652397932646
99.4832501991184	750	9.705347744794029	0.0	379700	8495.411882425553	0.9162907318741551	0.0716039165854454	0.0299398060888052	0.03567614927887917	0.04469471348240159
104.09719601195772	300	9.091401931954696	0.0	181901	4613.945812839334	-0.9162907318741551	0.059856168925762177	0.031016478314995766	0.022636394947767258	0.039424173446905214
106.06674229380452	300	11.121855650107909	0.0	111155	1969.546281846786	0.0	0.06069515645503998	0.028048351407051086	0.027037134766578673	0.05643685605385886
111.73600293129095	300	9.45259501262147	0.0	153605	5669.260637486438	0.0	0.06370848417282104	0.030429841950535774	0.02719267383217812	0.027094362002750214
119.87613653675183	300	5.312461407160599	0.0	149029	8140.133605460871	0.0	0.04615599662065506	0.02575911395251751	0.01524505987763405	0.01830793046197949
123.67366306563069	300	5.51493487828173	0.0	157421	3797.5265288788682	0.0	0.040910929441452026	0.02378001995384693	0.01237490549683571	0.041453561628304124
126.32685394284589	300	6.86174400106654	0.0	157488	2653.1908772151905	0.0	0.046553581953048706	0.0256961639970541	0.015718185156583787	0.059357960768092424
128.64613664890754	300	8.542461295004884	0.0	143881	2319.2827060616573	0.0	0.04990424960851669	0.021000489592552185	0.02470366209745407	0.06203685287005067
130.98455604046458	300	10.20404190344783	0.0	163444	2338.4193915570518	0.0	0.05591161549091339	0.025697985664010048	0.025074032694101335	0.0698950755326955
137.00064875728987	300	8.187949186622557	0.0	179328	6016.092716825274	0.0	0.05446922034025192	0.02178947813808918	0.028321846574544906	0.029808051245365844
146.00223548040805	300	4.0	0.8136375364956248	159914	9001.586723118182	-2.164275847078362	0.04422342777252197	0.020868144929409027	0.01918165385723114	0.017765090191188562
147.06254055178619	300	6.939694928621832	0.0	131610	1060.3050713781677	0.0	0.039229314774274826	0.01789628341794014	0.01775377467274666	0.1241246538875226
148.0790018850909	300	9.923233595317134	0.0	124011	1016.461333304699	0.0	0.06466516852378845	0.025084683671593666	0.034563548117876056	0.12200267333024649
149.22666599038118	300	12.775569490026843	0.0	144254	1147.6641052902905	0.0	0.06863988935947418	0.027159446850419044	0.03604855313897133	0.12569357125926
150.3158122800935	300	15.686423200314522	0.0	149991	1089.1462897123197	0.0	0.07643921673297882	0.03204970061779022	0.03797957599163056	0.1377142826604291
151.52337336483365	300	18.478862115574376	0.0	147968	1207.5610847401488	0.0	0.0843179002404213	0.03181327134370804	0.04614197462797165	0.12253458799712874
155.13076413686213	750	18.8714713435459	0.0	384505	3607.390772028475	0.0	0.08411142230033875	0.03034241497516632	0.04770052433013916	0.10658811986254227
162.14232618138217	750	15.859909299025862	0.0	372093	7011.562044520037	0.9162907318741551	0.0774662047624588	0.032547470182180405	0.038409240543842316	0.05306848853898588
172.76178498224743	750	9.240450498160607	0.0	438281	10619.458800865254	0.9162907318741551	0.07248303294181824	0.029888926073908806	0.03661632165312767	0.04127150057442566
177.0121335069777	300	8.990101973430324	0.0	167025	4250.348524730283	-0.9162907318741551	0.060828596353530884	0.03019149973988533	0.02459879666566849	0.03929677743558665
179.8293036770536	300	10.172931803354423	0.0	160064	2817.170170075903	0.0	0.05349336564540863	0.02752739191055298	0.020460495352745058	0.05681729904008156
185.7834077975045	300	8.218827682903523	0.0	137507	5954.104120450899	0.0	0.06852119415998459	0.027158647775650024	0.035930816829204563	0.02309449032436247
192.6148080023543	300	5.387427478053753	0.0	118421	6831.400204849771	0.0	0.05293792486190796	0.023663343861699104	0.024541912227869035	0.01733480640117236

