4.407023053342686	750	4.0	4.407023053342686	450283	4407.023053342687	-10.80639059001739	0.06593023240566254	0.027964461594820023	0.03237287849187851	0.10217396064185878
5.989209804193351	300	6.4178132491493365	0.0	155580	1582.186750850664	-0.9162907318741551	0.08682981133460999	0.0268485639244318	0.05461153462529183	0.09833226066161423
7.424832327046829	300	8.982190726295858	0.0	139857	1435.6225228534788	0.0	0.09383854269981384	0.027735520154237747	0.060555918514728545	0.09741906230477407
9.011422057787241	300	11.395600995555444	0.0	155432	1586.589730740413	0.0	0.09127584844827652	0.03094240464270115	0.054144962877035144	0.09796609481864264
10.66981588648539	300	13.737207166857296	0.0	163442	1658.3938286981484	0.0	0.08278548717498779	0.027896709740161896	0.04930943548679352	0.09855439472317815
11.948007721088258	300	16.459015332254427	0.0	126289	1278.1918346028665	0.0	0.08527746796607971	0.030309127643704414	0.04890651479363441	0.09880285304688863
13.482424315450762	300	18.924598737891923	0.0	153295	1534.4165943625048	0.0	0.07381890714168549	0.028285056352615356	0.03987683951854706	0.09990442006636964
15.211851045046163	300	21.195172008296524	0.0	173849	1729.4267295954019	0.0	0.06973563134670258	0.027530565857887268	0.036698952317237854	0.10052406212125092
18.922461172867933	750	21.484561880474754	0.0	374758	3710.610127821769	0.0	0.07333587855100632	0.029313454404473305	0.03815973326563835	0.10099632866037407
22.50631387941994	750	21.900709173922746	0.0	362795	3583.8527065520057	0.9162907318741551	0.07950431108474731	0.031329989433288574	0.041908323764801025	0.10123044380053275
25.978177921940485	750	22.428845131402202	0.0	353220	3471.864042520543	0.9162907318741551	0.07909061014652252	0.030829017981886864	0.04209578856825829	0.10173785484513541
30.009816114522547	750	22.39720693882014	0.0	405134	4031.6381925820588	0.9162907318741551	0.08196733891963959	0.030456935986876488	0.045419015735387806	0.10048867994787308
33.80784944506073	750	22.599173608281955	0.0	386351	3798.033330538185	0.9162907318741551	0.08393961191177368	0.03217422962188721	0.04533053636550904	0.10172396247645718
38.02191451948612	750	22.385108533856567	0.0	434409	4214.065074425388	0.9162907318741551	0.07588928937911987	0.030065635219216347	0.03981052711606026	0.1030854987589944
41.29498167696047	750	23.11204137638222	0.0	337059	3273.0671574743496	0.9162907318741551	0.0775725245475769	0.02955467253923416	0.04210691750049591	0.10297955519497815
45.23972097269089	750	23.16730208065179	0.0	366214	3944.7392957304282	0.9162907318741551	0.08143897354602814	0.03094726800918579	0.04430225193500519	0.09283604632538585
49.59937425116418	750	22.80764880217851	0.0	360831	4359.653278473282	0.9162907318741551	0.0807822123169899	0.031423136591911316	0.043074448406696324	0.0827659854928556
53.66174280276223	750	22.74528025058045	0.0	372963	4062.368551598056	0.9162907318741551	0.07823074609041214	0.03372574597597122	0.037759850919246676	0.09180924755172291
57.6423855979619	750	22.76463745538078	0.0	405596	3980.6427951996693	0.9162907318741551	0.07787762582302094	0.028805455192923546	0.04331107959151268	0.10189208649646124
61.0737988825214	750	23.333224170821268	0.0	350713	3431.4132845595113	0.9162907318741551	0.08467389643192291	0.031945906579494476	0.046338808536529545	0.10220657522605028
64.89523215591122	750	23.511790897431464	0.0	386472	3821.4332733898027	0.9162907318741551	0.0861106812953949	0.03027001954615116	0.04978665784001351	0.10113273537736799
69.12293586073467	750	23.284087192608006	0.0	399894	4227.703704823454	0.9162907318741551	0.07769724726676941	0.029781432822346687	0.041959527879953384	0.09458893714423613
73.39902966552991	750	23.00799338781278	0.0	401853	4276.0938047952295	0.9162907318741551	0.08465312421321869	0.03185497224330902	0.04642715752124787	0.09397665681453488
78.68878386111011	1200	21.718239192232577	0.0	536667	5289.7541955802	0.9162907318741551	0.08443653583526611	0.029789380729198456	0.04868927896022797	0.10145405252448339
82.28037639161063	750	22.126646661732053	0.0	359903	3591.5925305005235	0.44628710262841964	0.08168796449899673	0.029653258621692657	0.04610405415296555	0.10020707999129401
86.14222065074215	750	22.264802402600523	0.0	379700	3861.844259131531	0.9162907318741551	0.08180300146341324	0.02861250750720501	0.04746799245476723	0.09832089916681121
90.99483632457209	750	21.41218672877058	0.0	425781	4852.615673829944	0.9162907318741551	0.07954616844654083	0.032110795378685	0.04101321399211884	0.08774257609071086
94.24112747221183	750	22.165895581130854	0.0	277716	3246.2911476397258	0.9162907318741551	0.07876177132129669	0.03236544877290726	0.03992323279380799	0.08554870384990526
98.62130031865554	750	21.78572273468713	0.0	400396	4380.172846443724	0.9162907318741551	0.08709388971328735	0.03150518983602524	0.04928766191005707	0.09141100455090095
102.59141173765829	750	21.81561131568438	0.0	400508	3970.1114190027492	0.9162907318741551	0.07875451445579529	0.030592594295740128	0.042043401300907134	0.1008807959602815
106.90564953927495	750	21.501373514067716	0.0	358218	4314.23780161666	0.9162907318741551	0.07742751389741898	0.02902275137603283	0.04260021224617958	0.08303158436601853
110.8963426001678	750	21.510680453174864	0.0	400322	3990.693060892854	0.9162907318741551	0.07849995791912079	0.028258955106139183	0.04458921179175377	0.10031390384867994
114.52867773423556	750	21.8783453191071	0.0	369834	3632.335134067763	0.9162907318741551	0.07852001488208771	0.02960864081978798	0.04298964589834214	0.10181714691778232
118.62037496666855	750	21.78664808667412	0.0	412837	4091.6972324329854	0.9162907318741551	0.083449587225914	0.029516713693737984	0.04802953079342842	0.10089627275635955
122.60368748041472	750	21.803335572927935	0.0	401088	3983.312513746183	0.9162907318741551	0.0803602933883667	0.032386086881160736	0.04149698913097382	0.10069207440186236
126.34262302749512	750	22.06440002584754	0.0	365161	3738.935547080397	0.9162907318741551	0.07927493751049042	0.030372928828001022	0.04282742291688919	0.09766442758959602
129.55948011960012	750	22.847542933742545	0.0	321064	3216.8570921049936	0.9162907318741551	0.08611959964036942	0.03320516645908356	0.04627339988946915	0.09980673396650874
133.09272392705185	750	23.314299126290827	0.0	361565	3533.243807451718	0.9162907318741551	0.08606956899166107	0.03272853046655655	0.046795332431793214	0.10233230982743066
137.4860302628159	750	22.920992790526796	0.0	378327	4393.306335764027	0.9162907318741551	0.08403490483760834	0.03176528587937355	0.04591656178236008	0.08611441385732695
142.61913633408201	750	21.78788671926066	0.0	390680	5133.106071266138	0.9162907318741551	0.079981729388237	0.032366424798965454	0.04114201962947846	0.07610986302950766
146.20705873671784	750	22.199964316624836	0.0	345516	3587.9224026358256	0.9162907318741551	0.07154986262321472	0.029181022197008133	0.036532635986804965	0.0962997415290171
150.01628834964905	750	22.390734703693628	0.0	384505	3809.229612931208	0.9162907318741551	0.0736197903752327	0.031080109998583794	0.03632365837693215	0.10094035778119524
153.7012863206896	750	22.705736732653065	0.0	372093	3684.9979710405596	0.9162907318741551	0.08072216063737869	0.030089780688285828	0.044614423811435704	0.10097508951814413
158.04245694407444	750	22.36456610926821	0.0	438281	4341.170623384856	0.9162907318741551	0.07456179708242416	0.029674582183361053	0.0389522984623909	0.1009591739239836
162.03820832012815	750	22.368814733214517	0.0	398987	3995.751376053695	0.9162907318741551	0.0770614892244339	0.03213626146316528	0.03849797546863556	0.09985280925913105
166.15878737669502	750	22.24823567664763	0.0	393804	4120.579056566884	0.9162907318741551	0.08764506876468658	0.03181534260511398	0.04946665763854981	0.0955700629920939
169.86539390170103	750	22.54162915164161	0.0	331053	3706.6065250060187	0.9162907318741551	0.08163702487945557	0.029697680845856667	0.04599980786442757	0.08931430886084205
178.89532940056938	1850	17.51169365277326	0.0	846370	9029.935498868354	0.9162907318741551	0.07868711650371552	0.03186018392443657	0.04045489579439163	0.093729351677658

