4.579588046812272	750	4.0	4.579588046812272	450283	4579.588046812271	-11.26541347264649	0.18796947598457336	0.03876372426748276	0.14145300686359405	0.09832390935543425
5.953934274490916	300	6.625653772321356	0.0	155580	1374.346227678644	-0.9162907318741551	0.08676820993423462	0.027039064094424248	0.054321333020925525	0.11320291558756942
7.086392772752584	300	9.493195274059689	0.0	139857	1132.458498261668	0.0	0.10483460128307343	0.028368180617690086	0.07079278454184532	0.12349856547916017
10.043708667579729	750	10.535879379232542	0.0	382355	2957.3158948271457	0.0	0.10907318443059921	0.031171342357993126	0.07166757360100746	0.12929122677384744
13.178967459356631	750	11.40062058745564	0.0	411561	3135.2587917769006	0.9162907318741551	0.09938270598649979	0.03004666045308113	0.06332671344280244	0.13126858971879282
15.620541339205932	750	12.959046707606337	0.0	318564	2441.573879849302	0.9162907318741551	0.09895052015781403	0.030640922486782074	0.06218141317367554	0.13047485584161897
18.31226804707806	750	14.267319999734209	0.0	352642	2691.7267078721297	0.9162907318741551	0.08980551362037659	0.03313450515270233	0.05004410743713379	0.13100958539686647
25.88104898687563	750	10.69853905993664	0.0	437162	7568.780939797568	0.9162907318741551	0.088170126080513	0.031604427844285965	0.05024481266736985	0.05775857479258637
27.112607135748387	300	13.466980911063882	0.0	150710	1231.5581488727591	-0.9162907318741551	0.06979338824748993	0.029327131807804108	0.034600830078125	0.12237343412322375
28.255492785665083	300	16.324095261147185	0.0	139105	1142.8856499166952	0.0	0.07929911464452744	0.03074566461145878	0.042404317110776905	0.12171383900930013
31.03211586941581	750	17.547472177396454	0.0	353220	2776.6230837507283	0.0	0.09508656710386276	0.030762720853090286	0.05817130208015442	0.12721208077074042
34.16176504993372	750	18.417822996878545	0.0	405134	3129.649180517908	0.9162907318741551	0.0895150750875473	0.031504690647125244	0.05170944631099701	0.12945029191193777
37.14331857877378	750	19.436269468038482	0.0	386351	2981.5535288400647	0.9162907318741551	0.09105037897825241	0.03226090967655182	0.05233728736639023	0.12958043391235202
40.473578953354036	750	20.106009093458223	0.0	434409	3330.2603745802585	0.9162907318741551	0.09570871293544769	0.03387223929166794	0.05506202578544617	0.13044295374494624
43.07199102624278	750	21.507597020569477	0.0	337059	2598.4120728887447	0.9162907318741551	0.09168319404125214	0.03366842865943909	0.05128107964992523	0.12971730062248357
45.88694069635489	750	22.692647350457367	0.0	366214	2814.949670112109	0.9162907318741551	0.0943656712770462	0.03358523175120354	0.05406339317560196	0.13009610931530974
48.738364352286816	750	23.841223694525436	0.0	360831	2851.423655931928	0.9162907318741551	0.09479910880327225	0.030360469594597816	0.05836654528975487	0.12654415602162422
51.69068366902122	750	24.888904377791025	0.0	372963	2952.3193167344093	0.9162907318741551	0.09497439116239548	0.032246313989162445	0.05627881437540055	0.12632881473421995
56.59045450067527	1200	23.989133546136973	0.0	639204	4899.770831654054	0.9162907318741551	0.0960719883441925	0.0322270542383194	0.05739952325820923	0.13045589721677225
61.0336297562457	1200	23.545958290566546	0.0	586839	4443.175255570431	1.3862943611198906	0.10717454552650452	0.032514531165361404	0.06815710812807083	0.13207649175311667
66.3006686911385	1200	22.278919355673743	0.0	601738	5267.038934892798	1.3862943611198906	0.09320826083421707	0.0332937091588974	0.05325580984354019	0.1142459752886272
71.77591136410601	1200	20.80367668270624	0.0	616206	5475.242672967506	1.3862943611198906	0.09537522494792938	0.03520767390727997	0.05312601625919342	0.11254405271246631
77.70101805721005	1200	18.878569989602205	0.0	656471	5925.106693104033	1.3862943611198906	0.08998540043830872	0.030727822333574295	0.05311201363801956	0.11079479813655292
82.45015739149513	1200	18.129430655317126	0.0	536667	4749.139334285079	1.3862943611198906	0.09016767144203186	0.03267524391412735	0.050957378745079045	0.11300300164404173
87.29360989170416	1200	17.285978155108083	0.0	587236	4843.452500209045	1.3862943611198906	0.09201955050230026	0.031382616609334946	0.054360410571098326	0.1212432660327844
91.79406347988055	1200	16.785524566931702	0.0	590335	4500.453588176381	1.3862943611198906	0.10190872102975845	0.03196823224425316	0.06354684233665467	0.13117233372896714
95.08190957724892	750	17.497678469563333	0.0	425781	3287.8460973683664	0.44628710262841964	0.0896422266960144	0.03218024596571922	0.05102593153715134	0.1295014995807743
97.25571588555133	750	19.323872161260933	0.0	277716	2173.8063083023994	0.9162907318741551	0.08880499750375748	0.03199749439954758	0.05040800422430038	0.1277556325691584
100.39854271018514	750	20.181045336627115	0.0	400396	3142.826824633819	0.9162907318741551	0.1014050841331482	0.03345378115773201	0.061260546743869784	0.12739995626283082
103.58212052648994	750	20.997467520322306	0.0	400508	3183.5778163048103	0.9162907318741551	0.09817306697368622	0.03158804401755333	0.060267414152622226	0.1258043695206015
106.49801279016559	750	22.081575256646662	0.0	358218	2915.8922636756447	0.9162907318741551	0.09377902001142502	0.03235264867544174	0.05495584160089493	0.12285021791183953
111.33520869516924	1200	21.24437935164301	0.0	620283	4837.195905003654	0.9162907318741551	0.10280421376228333	0.031112324446439743	0.06546942442655564	0.12823193688690007
115.84379260972354	1200	20.735795437088726	0.0	584349	4508.58391455428	1.3862943611198906	0.09556007385253906	0.03461761400103569	0.054018937051296234	0.12960810114094748
120.93989301892498	1200	19.639695027887278	0.0	670129	5096.100409201449	1.3862943611198906	0.0951479822397232	0.03490511327981949	0.05326184630393982	0.13149839017889528
126.21221178832062	1200	18.367376258491635	0.0	690253	5272.318769395642	1.3862943611198906	0.09608086198568344	0.03384872525930405	0.05546239167451859	0.1309201947360862
130.80974181267922	1200	17.769846234133027	0.0	598727	4597.53002435861	1.3862943611198906	0.10104099661111832	0.035342685878276825	0.05862977355718613	0.13022796954621887
138.7797486704896	1200	13.799839376322664	0.0	487812	7970.006857810362	1.3862943611198906	0.08973956108093262	0.03362878039479256	0.04938502460718155	0.061205969919832535
141.5968557315619	750	14.98273231525035	0.0	361565	2817.107061072314	0.44628710262841964	0.08489487320184708	0.03198685124516487	0.04651065170764923	0.12834620486960568
148.59329623456705	750	11.986291812245215	0.0	378327	6996.4405030051375	0.9162907318741551	0.09794945269823074	0.031157976016402245	0.06055988147854805	0.054074210998792824
151.6629303127836	750	12.916657734028648	0.0	390680	3069.6340782165657	0.9162907318741551	0.0781344622373581	0.032592978328466415	0.0390228882431984	0.12727249895107437
154.3744997141829	750	14.205088332629344	0.0	345516	2711.569401399303	0.9162907318741551	0.08623713254928589	0.03220631927251816	0.0475895494222641	0.1274228864736771
157.363780881391	750	15.215807165421245	0.0	384505	2989.281167208099	0.9162907318741551	0.08331102132797241	0.034041762351989746	0.04246090650558472	0.128627913699773
164.5413047403495	750	12.038283306462745	0.0	372093	7177.5238589585	0.9162907318741551	0.0895090401172638	0.03266174718737602	0.05031494349241257	0.05184141596904324
168.06801021395194	750	12.51157783286032	0.0	438281	3526.7054736024234	0.9162907318741551	0.07339159399271011	0.029465343803167343	0.0380331814289093	0.12427490848911439
171.2493420907175	750	13.330245956094748	0.0	398987	3181.331876765573	0.9162907318741551	0.08431312441825867	0.029877688735723495	0.048459897935390475	0.12541508256775963
174.3833049176772	750	14.196283129135038	0.0	393804	3133.9628269597115	0.9162907318741551	0.0914517492055893	0.03154648840427399	0.05359596312046051	0.12565688291269017
177.02770878922968	750	15.551879257582582	0.0	331053	2644.4038715524557	0.9162907318741551	0.08880080282688141	0.030571656301617622	0.052114815264940266	0.12519002999554982
183.6157504924421	1850	12.9638375543702	0.0	846370	6588.041703212385	0.9162907318741551	0.09038903564214706	0.028772080317139626	0.05586253926157952	0.12847065002446825

