7.197671712326878	750	4.0	7.197671712326878	450283	7197.671712326878	-18.22951602291534	0.05836187303066254	0.0258051548153162	0.0273956872522831	0.0625595356382865
9.661769148019996	300	5.535902564306883	0.0	155580	2464.097435693117	-0.9162907318741551	0.06492021679878235	0.024104971438646317	0.035994251072406766	0.0631387370265403
11.80240903004192	300	7.39526268228496	0.0	139857	2140.639882021924	0.0	0.07275260239839554	0.026276273652911186	0.04122107401490212	0.06533420271881471
14.144751833954357	300	9.052919878372522	0.0	155432	2342.3428039124365	0.0	0.07205995917320251	0.025847503915429115	0.041042954474687574	0.06635749461623658
16.71658947877878	300	10.481082233548099	0.0	163442	2571.8376448244244	0.0	0.059015680104494095	0.024976257234811783	0.029044171422719957	0.06355066787707664
18.80717342677606	300	12.390498285550818	0.0	126289	2090.583947997281	0.0	0.06352648884057999	0.024702470749616623	0.033883523941040036	0.06040848066444843
21.299025253717264	300	13.898646458609617	0.0	153295	2491.8518269412	0.0	0.057949189096689224	0.02220902405679226	0.03129836022853852	0.0615185053712334
24.043385910761423	300	15.15428580156546	0.0	173849	2744.3606570441593	0.0	0.054745398461818695	0.02273818850517273	0.02745957225561142	0.06334772346840366
26.397833699943195	300	16.799838012383688	0.0	150710	2354.4477891817724	0.0	0.05582056939601898	0.024041250348091125	0.026971068978309632	0.06401076324243969
28.50421504217228	300	18.693456670154603	0.0	139105	2106.381342229085	0.0	0.05978723615407944	0.024190830066800117	0.030758240073919297	0.06603979878249001
30.650437892406085	300	20.5472338199208	0.0	141840	2146.222850233805	0.0	0.06390510499477386	0.02767977863550186	0.030689370632171635	0.06608819768392096
32.98009675335234	300	22.217574958974538	0.0	156148	2329.6588609462588	0.0	0.06013756990432739	0.025021331384778023	0.030111972242593765	0.06702612241544066
35.373111978623335	300	23.824559733703556	0.0	160746	2393.015225270986	0.0	0.058874621987342834	0.024765148758888245	0.02915644347667694	0.06717299509943447
38.93328722334538	300	24.26438448898151	0.0	179801	3560.175244722046	0.0	0.06001588702201843	0.024372193962335587	0.03076925426721573	0.0505034127931075
41.724708547421585	300	25.472963164905305	0.0	140051	2791.4213240762047	0.0	0.060808438807725906	0.024804672226309776	0.031042832136154178	0.05017193169373978
43.802932996426506	300	27.394738715900385	0.0	138313	2078.224449004919	0.0	0.055445507168769836	0.023761216551065445	0.026932047307491304	0.0665534466530918
45.95622467871412	300	29.241447033612772	0.0	143509	2153.2916822876145	0.0	0.05765489488840103	0.026266641914844513	0.026134924590587617	0.06664633555243146
51.90022100956735	750	27.29745070275954	0.0	372963	5943.996330853232	0.0	0.062286555767059326	0.026464128866791725	0.030529601126909257	0.06274616928413597
58.40726514370274	750	24.790406568624153	0.0	405596	6507.044134135387	0.9162907318741551	0.06116029992699623	0.027286622673273087	0.028416352719068526	0.06233183479919534
63.70636108986146	750	23.491310622465434	0.0	350713	5299.095946158719	0.9162907318741551	0.06364475935697556	0.026311814785003662	0.032070581614971165	0.06618355348976643
69.36289857402846	750	21.83477313829842	0.0	386472	5656.537484167011	0.9162907318741551	0.06368252635002136	0.02542208880186081	0.03317601978778839	0.06832306885294376
75.67323854839627	750	19.524433163930613	0.0	399894	6310.339974367805	0.9162907318741551	0.06650267541408539	0.028488626703619957	0.03231632336974144	0.0633712290660002
81.80988982362132	750	17.387781888705565	0.0	401853	6136.651275225048	0.9162907318741551	0.06261005252599716	0.0262910146266222	0.031060834974050523	0.06548408602300168
87.15681440679616	750	16.04085730553072	0.0	343800	5346.924583174846	0.9162907318741551	0.05929998308420181	0.025912657380104065	0.028204794228076938	0.06429864394980146
92.65455859041056	750	14.543113121916322	0.0	359903	5497.744183614398	0.9162907318741551	0.06040826067328453	0.02622922509908676	0.02893319055438042	0.06546375894910918
95.14705282120842	300	16.05061889111846	0.0	153938	2492.4942307978617	-0.9162907318741551	0.05796188861131668	0.024424998089671135	0.02865189090371132	0.061760624397001536
98.01650633140957	300	17.181165380917296	0.0	181901	2869.453510201163	0.0	0.06310921907424927	0.024332163855433464	0.03391062244772911	0.06339221017288682
99.72221164955961	300	19.475460062767254	0.0	111155	1705.705318150041	0.0	0.06285975128412247	0.025745084509253502	0.03196564987301827	0.06516659051081317
102.04877244659473	300	21.14889926573215	0.0	153605	2326.5607970351048	0.0	0.0617043673992157	0.025919990614056587	0.030600378662347796	0.06602234516963809
104.4454176721905	300	22.752254040136382	0.0	149029	2396.645225595769	0.0	0.0651816725730896	0.026726379990577698	0.033110016584396364	0.06218233654626696
106.99308480729607	300	24.20458690503082	0.0	157421	2547.6671351055634	0.0	0.05620144307613373	0.025698848068714142	0.02536282539367676	0.061790254241151955
112.98472321544915	750	22.212948496877733	0.0	400322	5991.638408153083	0.0	0.0666845291852951	0.023025011643767357	0.03905451521277428	0.06681344445874177
118.50966840339105	750	20.68800330893584	0.0	369834	5524.94518794189	0.9162907318741551	0.061037223786115646	0.02594241313636303	0.029906328022480014	0.06693894462648374
124.67953121514556	750	18.518140497181328	0.0	412837	6169.862811754512	0.9162907318741551	0.06451690196990967	0.02695498801767826	0.032170916348695754	0.066911860538209
130.7124684717357	750	16.485203240591204	0.0	401088	6032.937256590126	0.9162907318741551	0.05931061878800392	0.026353495195508003	0.027686424553394318	0.06648303851691287
136.16605543198668	750	15.031616280340216	0.0	365161	5453.5869602509865	0.9162907318741551	0.06316380202770233	0.024676449596881866	0.03355206251144409	0.06695794944896129
140.94388324390155	750	14.253788468425357	0.0	321064	4777.82781191486	0.9162907318741551	0.06389927864074707	0.02456570789217949	0.03442042917013169	0.06719873813772367
142.8390272276721	300	16.358644484654818	0.0	124011	1895.1439837705395	-0.9162907318741551	0.05952456593513489	0.026562830433249474	0.02764916941523552	0.06543618905053866
145.08745317965344	300	18.110218532673446	0.0	144254	2248.4259519813695	0.0	0.06921350955963135	0.026549730449914932	0.03735383301973343	0.06415777218408272
147.42835079479093	300	19.769320917535982	0.0	149991	2340.8976151374673	0.0	0.06301385909318924	0.02566668577492237	0.0322138361632824	0.06407413935153755
149.65972465599822	300	21.537947056328658	0.0	147968	2231.373861207321	0.0	0.06093008071184158	0.02715108171105385	0.028348782658576967	0.06631250933446872
152.0473078433763	300	23.1503638689506	0.0	161857	2387.5831873780585	0.0	0.06496143341064453	0.024573754519224167	0.03547292798757554	0.06779114581458602
159.207230413143	300	19.990441299183917	0.0	145210	7159.922569766684	0.0	0.060577910393476486	0.026220213621854782	0.029113654047250748	0.020280945580774888
161.77524243793764	300	21.422429274389273	0.0	172312	2568.012024794642	0.0	0.04463835060596466	0.022177046164870262	0.018025895208120347	0.06709937427718214
164.2633667205727	300	22.934304991754217	0.0	167025	2488.1242826350554	0.0	0.0602208748459816	0.024285638704895973	0.03107810840010643	0.06712888144924645
166.64223182252968	300	24.555439889797228	0.0	160064	2378.865101956988	0.0	0.060263022780418396	0.023247407749295235	0.03236613348126412	0.0672858666379705
171.5057527728811	750	23.69191893944583	0.0	331053	4863.520950351397	0.0	0.06037340313196182	0.02563549391925335	0.029610810428857805	0.06806858721891203
179.64821835345728	1200	19.54945335886963	0.0	550906	8142.465580576199	0.9162907318741551	0.062288664281368256	0.026114480569958687	0.03095128759741783	0.06765837626801677

