5.053057446890755	750	4.0	5.053057446890755	450283	5053.057446890755	-12.524842076855254	0.11138017475605011	0.03264806792140007	0.07220249325037004	0.08911099957453837
6.765806848721827	300	6.287250598168928	0.0	155580	1712.749401831072	-0.9162907318741551	0.08664659410715103	0.02907191589474678	0.051760295033454896	0.090836405976071
8.312325035887786	300	8.740732411002968	0.0	139857	1546.5181871659604	0.0	0.09357260167598724	0.026627879589796066	0.06161914616823196	0.09043346606630732
10.022160187990146	300	11.030897258900607	0.0	155432	1709.8351521023587	0.0	0.09217163920402527	0.027378927916288376	0.05931692570447922	0.09090466985012315
11.829055205270988	300	13.224002241619766	0.0	163442	1806.895017280842	0.0	0.08141758292913437	0.02744995802640915	0.04847763329744339	0.09045461880013395
13.245523109257036	300	15.807534337633719	0.0	126289	1416.4679039860478	0.0	0.07740752398967743	0.02742793597280979	0.04449400082230568	0.08915768556746906
14.947785122112796	300	18.105272324777957	0.0	153295	1702.2620128557612	0.0	0.0689517930150032	0.02672027237713337	0.036887466162443164	0.09005370433123167
16.993273461616536	300	20.05978398527422	0.0	173849	2045.4883395037389	0.0	0.06669192761182785	0.02793489210307598	0.033170057088136674	0.08499144025537586
18.831509322581624	300	22.22154812430913	0.0	150710	1838.2358609650873	0.0	0.06687426567077637	0.0254245325922966	0.03636482656002045	0.08198621471832028
22.990792608528302	750	22.062264838362456	0.0	362795	4159.283285946678	0.0	0.0719611719250679	0.028722234070301056	0.03749449104070664	0.08722536433760261
27.046391495187862	750	22.006665951702896	0.0	353220	4055.598886659557	0.9162907318741551	0.0752178505063057	0.028850851580500603	0.040596828609704975	0.08709441191580312
32.02204091543739	750	21.03101653145337	0.0	405134	4975.649420249527	0.9162907318741551	0.07356198132038116	0.028380122035741806	0.039505834877491	0.08142334111226081
36.71161239990439	750	20.34144504698636	0.0	386351	4689.5714844670065	0.9162907318741551	0.07451893389225006	0.027492612600326538	0.041527798771858214	0.08238513929890776
42.42525136623464	750	18.62780608065611	0.0	434409	5713.63896633025	0.9162907318741551	0.07267305999994278	0.02813646011054516	0.03890930786728859	0.07603018016362553
46.219083359012394	750	18.83397408787836	0.0	337059	3793.8319927777525	0.9162907318741551	0.070747971534729	0.028282547369599342	0.036808914691209796	0.08884394476130018
50.20387075242654	750	18.84918669446421	0.0	366214	3984.787393414149	0.9162907318741551	0.07572793960571289	0.028495699167251587	0.04153310060501099	0.09190302112611068
54.21194752039749	750	18.84110992649326	0.0	360831	4008.0767679709493	0.9162907318741551	0.07481081783771515	0.027989592403173447	0.04122330695390702	0.09002597028166885
58.2649888001483	750	18.788068646742445	0.0	372963	4053.0412797508166	0.9162907318741551	0.07662875950336456	0.03143994137644768	0.03890082985162735	0.09202052835319999
62.54269813042072	750	18.51035931647004	0.0	405596	4277.709330272406	0.9162907318741551	0.08080904930830002	0.02860090136528015	0.04648796766996384	0.09481616647715788
66.30881102828964	750	18.744246418601115	0.0	350713	3766.112897868924	0.9162907318741551	0.07476295530796051	0.028756003826856613	0.04025575071573258	0.09312333684910319
70.78025051772138	750	18.27280692916937	0.0	386472	4471.439489431749	0.9162907318741551	0.0764012336730957	0.028880605474114418	0.041744507104158404	0.08643122665831146
75.1784794612042	750	17.87457798568655	0.0	399894	4398.228943482818	0.9162907318741551	0.06962387263774872	0.02923583984375	0.03454086482524872	0.09092159711070806
79.59942083145846	750	17.453636615432305	0.0	401853	4420.941370254245	0.9162907318741551	0.07658474892377853	0.02762235887348652	0.04343791827559471	0.09089760898070669
83.55922021138063	750	17.49383723551013	0.0	343800	3959.799379922172	0.9162907318741551	0.07514135539531708	0.030365685001015663	0.038702533394098286	0.08682258039213017
87.9407489765264	750	17.112308470364376	0.0	359903	4381.528765145757	0.9162907318741551	0.07489152252674103	0.030588418245315552	0.03818542063236237	0.0821409647844746
92.83394033726437	750	16.21911710962639	0.0	379700	4893.1913607379865	0.9162907318741551	0.07158870995044708	0.02967854030430317	0.03597446158528328	0.07759761922385436
98.96578648717998	750	14.087270959710779	0.0	425781	6131.84614991561	0.9162907318741551	0.07174374163150787	0.02943328768014908	0.03642379641532898	0.06943765215078983
102.37268390530777	750	14.680373541582997	0.0	277716	3406.8974181277827	0.9162907318741551	0.06954050809144974	0.03146359324455261	0.03178419619798661	0.08151580922932963
106.90471649976014	750	14.148340947130635	0.0	400396	4532.032594452361	0.9162907318741551	0.07548118382692337	0.02923804521560669	0.040395529568195344	0.08834799654577127
111.30516702322882	750	13.74789042366196	0.0	400508	4400.450523468676	0.9162907318741551	0.07958205044269562	0.028986705467104912	0.04479800388216972	0.09101522625103797
115.18115566137125	750	13.871901785519539	0.0	358218	3875.988638142423	0.9162907318741551	0.07358890026807785	0.031025312840938568	0.03635852485895157	0.09241977555735996
119.714582524605	750	13.338474922285783	0.0	400322	4533.426863233755	0.9162907318741551	0.0788014605641365	0.028555313125252724	0.04453508481383324	0.08830450166663655
123.941005294039	750	13.112052152851785	0.0	369834	4226.422769433997	0.9162907318741551	0.07837298512458801	0.029212789610028267	0.043317637592554095	0.08750520716353424
128.19931296659465	750	12.853744480296138	0.0	412837	4258.3076725556475	0.9162907318741551	0.07309131324291229	0.027349308133125305	0.04027214348316193	0.09694860769706515
132.54139813540155	750	12.511659311489243	0.0	401088	4342.085168806894	0.9162907318741551	0.07024207711219788	0.028488365933299065	0.036056037992239	0.09237220929736158
136.58707348668852	750	12.465983960202271	0.0	365161	4045.6753512869727	0.9162907318741551	0.07947275042533875	0.03126254305243492	0.04195769876241684	0.09025959037564356
140.33831336638616	750	12.71474408050462	0.0	321064	3751.2398796976518	0.9162907318741551	0.08011065423488617	0.02905820682644844	0.04524080604314804	0.0855887680597695
144.68473387714639	750	12.368323569744414	0.0	361565	4346.420510760204	0.9162907318741551	0.07770901173353195	0.030954448506236076	0.040563673526048664	0.0831868428526169
149.11353018872154	750	11.939527258169257	0.0	378327	4428.796311575157	0.9162907318741551	0.07634493708610535	0.028078775852918625	0.042650406062603	0.08542433956856399
153.31143473937078	750	11.741622707520046	0.0	390680	4197.904550649211	0.9162907318741551	0.0751107782125473	0.030719038099050522	0.03824793249368668	0.09306547952348769
159.40569862407278	750	9.647358822818047	0.0	345516	6094.263884701999	0.9162907318741551	0.08101262152194977	0.02970924973487854	0.04536152184009552	0.0566952804369572
161.59313618327477	300	11.459921263616067	0.0	161857	2187.4375592019815	-0.9162907318741551	0.06647291779518127	0.02934856154024601	0.03125464394688606	0.07399388353697671
163.5415843310176	300	13.51147311587323	0.0	145210	1948.4481477428362	0.0	0.06897510588169098	0.026202069595456123	0.03753262236714363	0.07452597605341324
165.46219413609532	300	15.590863310795509	0.0	172312	1920.6098050777214	0.0	0.06911895424127579	0.027325278148055077	0.0363286204636097	0.08971733849553426
167.32632903495963	300	17.7267284119312	0.0	167025	1864.1348988643067	0.0	0.07382143288850784	0.02861510030925274	0.039483312517404556	0.08959920234407778
169.08675585134347	300	19.96630159554736	0.0	160064	1760.4268163838424	0.0	0.07165729999542236	0.028267262503504753	0.03773658499121666	0.0909234047733909
172.4650081073206	750	20.588049339570237	0.0	331053	3378.252255977125	0.0	0.0750323086977005	0.02854052372276783	0.04078368023037911	0.09799534638488572
181.5325897075371	1850	15.520467739353728	0.0	846370	9067.581600216508	0.9162907318741551	0.0748600959777832	0.027221031486988068	0.04219485819339752	0.09334021322507768

