3.9206354160728747	750	4.0	3.9206354160728747	450283	3920.6354160728747	-9.512599474879693	0.07857631146907806	0.033997926861047745	0.037778799235820774	0.1148494956082982
5.138630687350158	300	6.782004728722717	0.0	155580	1217.9952712772829	-0.9162907318741551	0.09944326430559158	0.03005731850862503	0.06337448209524155	0.1277344860599064
6.535598534685582	300	9.385036881387292	0.0	139857	1396.967847335424	0.0	0.10845156759023666	0.027287529781460762	0.07570653185248374	0.10011468786970522
8.356679067979265	300	11.563956348093608	0.0	155432	1821.0805332936827	0.0	0.0943155586719513	0.030409976840019226	0.057823586463928225	0.08535152463514568
10.158828997522281	300	13.761806418550592	0.0	163442	1802.149929543017	0.0	0.07912108302116394	0.0328926146030426	0.03964994549751282	0.0906927871652971
12.000876525104944	300	15.919758890967929	0.0	126289	1842.0475275826634	0.0	0.06773073971271515	0.02649342082440853	0.035938634723424914	0.0685590345031598
15.391390333210254	300	16.52924508286262	0.0	153295	3390.5138081053087	0.0	0.06182614713907242	0.02538887970149517	0.031359491497278215	0.04521291128015329
16.59268707109124	300	19.327948344981632	0.0	173849	1201.2967378809872	0.0	0.05516716092824936	0.02406160905957222	0.026293230056762696	0.1447177824745107
19.17357604992456	750	20.747059366148314	0.0	374758	2580.888978833318	0.0	0.07561272382736206	0.02935343235731125	0.04038860499858856	0.14520500613296744
21.49021489665762	750	22.430420519415254	0.0	362795	2316.638846733062	0.9162907318741551	0.08293312042951584	0.02957046590745449	0.047448561340570454	0.1566040388693368
23.514272905870058	750	24.406362510202815	0.0	353220	2024.0580092124383	0.9162907318741551	0.09968765825033188	0.03342973813414574	0.05957197248935699	0.17451080867857044
27.208149749295018	1200	24.712485666777855	0.0	594078	3693.8768434249623	0.9162907318741551	0.09807763993740082	0.03260783478617668	0.058948238193988804	0.16082777666435977
30.274878057945127	1200	25.645757358127746	0.0	624282	3066.728308650109	1.3862943611198906	0.10213421285152435	0.031109929084777832	0.06480229794979095	0.2035661255805188
33.929863633748845	1200	25.990771782324032	0.0	687371	3654.9855758037143	1.3862943611198906	0.10996662825345993	0.03302424028515816	0.07033753991127015	0.1880639432753029
39.205251463295596	1850	24.71538395277728	0.0	821631	5275.387829546749	1.3862943611198906	0.10876965522766113	0.03242688253521919	0.0698573961853981	0.15574798034718007
51.32414587227241	1850	16.59648954380046	0.0	923170	12118.894408976821	1.8191584434161694	0.1059059351682663	0.03054385632276535	0.06925330758094789	0.07617609072624487
55.34543611785854	750	16.575199298214336	0.0	360831	4021.2902455861267	0.013423020332140823	0.09308482706546783	0.03548773005604744	0.05049955099821091	0.08973015573696963
62.49210230848317	750	13.428533107589702	0.0	372963	7146.666190624632	0.9162907318741551	0.09138152003288269	0.03454696014523506	0.04992516785860062	0.05218699041649269
66.21864520986576	750	13.701990206207103	0.0	405596	3726.542901382599	0.9162907318741551	0.08584293723106384	0.030732430517673492	0.048964020609855656	0.10883975060357369
69.88419489476603	750	14.036440521306831	0.0	350713	3665.5496849002716	0.9162907318741551	0.09687827527523041	0.03197060152888298	0.05851355344057083	0.09567814656686117
74.38355364235933	750	13.537081773713535	0.0	386472	4499.358747593296	0.9162907318741551	0.09032051265239716	0.029814468696713448	0.05454315021634102	0.08589490673681524
77.78543236425371	750	14.135203051819165	0.0	399894	3401.878721894371	0.9162907318741551	0.08283635973930359	0.029545996338129044	0.04738116413354874	0.1175509277936031
81.86012254293054	750	14.060512873142336	0.0	401853	4074.690178676829	0.9162907318741551	0.08810178935527802	0.03376001864671707	0.04758976697921753	0.09862173131663556
87.89238698394148	750	12.028248432131393	0.0	343800	6032.264441010942	0.9162907318741551	0.0787695050239563	0.030200596898794174	0.04252878874540329	0.05699352264178638
88.87490510963754	300	15.045730306435347	0.0	146754	982.5181256960452	-0.9162907318741551	0.07125069200992584	0.031199390068650246	0.03381142392754555	0.14936518336090246
91.5206621836505	750	16.399973232422372	0.0	379700	2645.757074012974	0.0	0.08816508948802948	0.032322730869054794	0.049377812445163725	0.1435127978034986
94.2444896018056	750	17.676145814267276	0.0	425781	2723.827418155098	0.9162907318741551	0.08909361064434052	0.03490838408470154	0.04720354974269867	0.15631717235902923
95.81807713333738	750	20.102558282735487	0.0	277716	1573.5875315317876	0.9162907318741551	0.09199455380439758	0.03160533308982849	0.05406815409660339	0.17648589254495498
99.70682338771948	1200	20.213812028353395	0.0	622896	3888.746254382097	0.9162907318741551	0.10741747915744781	0.03169737011194229	0.06938063502311706	0.16017913210410153
102.9086759278839	1200	21.01195948818898	0.0	641447	3201.8525401644097	1.3862943611198906	0.09950030595064163	0.03258255496621132	0.06040123999118805	0.20033620910195407
105.85719113971031	1200	22.063444276362578	0.0	570392	2948.515211826406	1.3862943611198906	0.11247214674949646	0.0331125482916832	0.07273708879947663	0.19345058750661176
109.56565952514575	1200	22.354975890927133	0.0	620283	3708.4683854354444	1.3862943611198906	0.11675959080457687	0.034424930810928345	0.07544967383146287	0.16726123443200583
114.20865646602465	1200	21.71197895004823	0.0	584349	4642.996940878906	1.3862943611198906	0.11057829111814499	0.03776569664478302	0.06525945514440537	0.12585599504818637
124.0217881826	1200	15.898847233472877	0.0	670129	9813.131716575353	1.3862943611198906	0.10474280267953873	0.03459230065345764	0.06323204189538956	0.06828900491247718
133.87688278239685	1200	10.043752633676009	0.0	690253	9855.094599796867	1.3862943611198906	0.09933479130268097	0.03072536736726761	0.06246435046195984	0.0700402206199246
138.29454059548468	750	9.626094820588195	0.0	365161	4417.657813087814	0.44628710262841964	0.08505993336439133	0.03233487904071808	0.046258078515529634	0.08265941262317081
141.17932954494512	750	10.741305871127741	0.0	321064	2884.7889494604533	0.9162907318741551	0.08766792714595795	0.03290152549743652	0.04818609654903412	0.11129549011204064
145.82558970010479	750	10.095045715968073	0.0	361565	4646.260155159668	0.9162907318741551	0.09545718133449554	0.036151450127363205	0.0520754411816597	0.0778185008858108
149.1872357782152	750	10.733399637857628	0.0	378327	3361.6460781104456	0.9162907318741551	0.08824984729290009	0.0327516607940197	0.048947854340076445	0.11254218653876097
152.4968850796188	750	11.423750336454054	0.0	390680	3309.649301403576	0.9162907318741551	0.08929260075092316	0.030181707814335823	0.05307455137372017	0.11804271825244991
156.47191373420577	750	11.448721681867108	0.0	345516	3975.0286545869462	0.9162907318741551	0.08310376107692719	0.03220514580607414	0.044457586109638215	0.0869216375588375
161.98124495064786	750	9.939390465424994	0.0	384505	5509.331216442113	0.9162907318741551	0.08495789021253586	0.03267252817749977	0.04575085639953613	0.06979159264421765
163.05895020183348	300	12.861685214239394	0.0	145210	1077.7052511856004	-0.9162907318741551	0.0778547078371048	0.033088065683841705	0.03814902901649475	0.13473999485504243
164.2845994932058	300	15.636035922867052	0.0	172312	1225.6492913723428	0.0	0.08433721959590912	0.030936019495129585	0.047213996201753615	0.14058834057421485
166.8781645805941	750	17.042470835478735	0.0	398987	2593.5650873883133	0.0	0.0964546948671341	0.03197726234793663	0.05808198004961014	0.15383728056031737
169.11712224031768	750	18.803513175755135	0.0	393804	2238.957659723599	0.9162907318741551	0.09074127674102783	0.0329236164689064	0.05123293697834015	0.17588720281946527
171.29343635251843	750	20.62719906355442	0.0	331053	2176.3141122007164	0.9162907318741551	0.0965176671743393	0.03266194090247154	0.057323338091373445	0.15211636874662132
175.71138265171905	1850	20.209252764353785	0.0	846370	4417.9462992006365	0.9162907318741551	0.10540694743394852	0.035867106169462204	0.06236642003059387	0.1915754386043892

