2.4752886091295165	750	4.0	2.4752886091295165	450283	2475.2886091295163	-5.667976968410359	0.09661780297756195	0.03438526391983032	0.05535548627376557	0.18191131261996588
4.677058231967698	750	5.798230377161819	0.0	398865	2201.769622838181	0.9162907318741551	0.12835267186164856	0.02771347388625145	0.09509650319814683	0.18115655510127573
6.619736713430777	750	7.85555189569874	0.0	350812	1942.6784814630796	0.9162907318741551	0.1352098137140274	0.028878269717097282	0.10055589005351068	0.18058160593604491
8.728575186093817	750	9.7467134230357	0.0	382355	2108.8384726630393	0.9162907318741551	0.13414885103702545	0.03535621613264084	0.09172139167785645	0.18131070964252774
11.994633742148926	1200	10.48065486698059	0.0	652874	3266.0585560551094	0.9162907318741551	0.1370035707950592	0.031082527711987495	0.09970453754067421	0.19989659976842858
14.425398588407102	1200	12.049890020722414	0.0	520315	2430.764846258177	1.3862943611198906	0.13109558820724487	0.031693629920482635	0.09306323230266572	0.21405402534142795
17.054726281467417	1200	13.420562327662097	0.0	561791	2629.327693060316	1.3862943611198906	0.12211738526821136	0.03506796061992645	0.08003583252429963	0.2136633640161157
20.364524395756277	1200	14.110764213373235	0.0	709534	3309.798114288862	1.3862943611198906	0.11052035540342331	0.03352545201778412	0.07028981298208237	0.214373800304267
25.81989827997139	1200	12.655390329158125	0.0	584846	5455.373884215111	1.3862943611198906	0.12505370378494263	0.03424323722720146	0.08396181911230088	0.10720548442925731
28.470149605665906	1200	14.005139003463608	0.0	560821	2650.2513256945163	1.3862943611198906	0.11041665822267532	0.03188483789563179	0.07215485274791718	0.2116104969226015
31.288716296058062	1200	15.18657231307145	0.0	607410	2818.5666903921565	1.3862943611198906	0.12110693007707596	0.03010587766766548	0.08497987687587738	0.215503149906128
33.82025271031497	1200	16.655035898814543	0.0	594078	2531.536414256908	1.3862943611198906	0.13351315259933472	0.02966257557272911	0.09791806191205979	0.23467092815821974
36.522581623117325	1200	17.95270698601219	0.0	624282	2702.328912802353	1.3862943611198906	0.13276544213294983	0.030120965093374252	0.09662028402090073	0.23101629007573724
41.30849374643374	1850	17.166794862695774	0.0	1036454	4785.912123316415	1.3862943611198906	0.14825934171676636	0.029252735897898674	0.11315605863928796	0.21656352504896925
44.72298913083185	1850	17.75229947829767	0.0	821631	3414.4953843981048	1.8191584434161694	0.1492074877023697	0.03473682329058647	0.10752329975366592	0.240630285738352
48.610045248491765	1850	17.865243360637752	0.0	923170	3887.0561176599153	1.8191584434161694	0.1514926254749298	0.03165856748819351	0.1135023444890976	0.2374985006791635
52.8727845013728	1850	17.602504107756715	0.0	966699	4262.739252881037	1.8191584434161694	0.15640422701835632	0.03391285240650177	0.1157088041305542	0.22677882522292253
56.97838245970326	1850	17.49690614942625	0.0	885714	4105.597958330463	1.8191584434161694	0.14687159657478333	0.03508898615837097	0.10476481318473815	0.21573325225448392
61.01238319589325	1850	17.462905413236264	0.0	987708	4034.000736189983	1.8191584434161694	0.1405983865261078	0.037798166275024414	0.09524058699607849	0.24484576592637575
65.43659049754208	1850	17.038698111587436	0.0	923755	4424.207301648828	1.8191584434161694	0.15008342266082764	0.029022883623838425	0.11525596231222153	0.20879559591516694
69.36403955674287	1850	17.111249052386654	0.0	891604	3927.4490592007814	1.8191584434161694	0.15972787141799927	0.03182285279035568	0.12154044806957245	0.22701860331230814
73.37584856886234	1850	17.099440040267183	0.0	955231	4011.809012119473	1.8191584434161694	0.15651245415210724	0.03421950712800026	0.11544904559850694	0.23810480436987286
77.44402977977904	1850	17.031258829350474	0.0	968026	4068.1812109167076	1.8191584434161694	0.16648177802562714	0.028522737324237823	0.13225449323654176	0.23795056065899012
81.24352374904404	1850	17.23176486008547	0.0	874175	3799.4939692650046	1.8191584434161694	0.16481328010559082	0.030943920835852623	0.12768057510256767	0.23007669102027956
85.27070277308698	1850	17.204585836042547	0.0	897976	4027.1790240429227	1.8191584434161694	0.15184658765792847	0.03649245947599411	0.10805563628673553	0.22297891269271497
89.19883137899687	1850	17.276457230132657	0.0	905935	3928.128605909892	1.8191584434161694	0.16501080989837646	0.03981871157884598	0.1172283560037613	0.23062763236341488
93.7804007457881	1850	16.694887863341435	0.0	1076599	4581.569366791221	1.8191584434161694	0.1696520745754242	0.03787361457943916	0.1242037370800972	0.23498476478465155
97.1277891970196	1850	17.347499412109944	0.0	758197	3347.388451231492	1.8191584434161694	0.1546057164669037	0.03171456977725029	0.11654823273420334	0.22650403771365765
101.69747436943393	1850	16.77781423969561	0.0	972798	4569.685172414333	1.8191584434161694	0.16720160841941833	0.02928949147462845	0.1320542186498642	0.2128807485190572
106.12763349002314	1850	16.347655119106385	0.0	975811	4430.159120589224	1.8191584434161694	0.1490803062915802	0.03558122366666794	0.10638283789157868	0.22026545174526696
110.08737119159221	1850	16.38791741753732	0.0	873429	3959.737701569069	1.8191584434161694	0.14962953329086304	0.03329566493630409	0.10967473536729813	0.22057748917406794
114.37896159925192	1850	16.096327009877605	0.0	954453	4291.590407659713	1.8191584434161694	0.1475563943386078	0.03571486100554466	0.1046985611319542	0.22240076739300982
118.35056030380763	1850	16.124728305321902	0.0	885062	3971.598704555703	1.8191584434161694	0.15645283460617065	0.03014606423676014	0.12027755752205849	0.22284779149131348
123.21712765463107	1850	15.258160954498463	0.0	1035329	4866.567350823441	1.8191584434161694	0.14842063188552856	0.033726006746292114	0.10794942378997803	0.21274317714411545
128.77700148048558	1850	13.698287128643944	0.0	1026056	5559.873825854517	1.8191584434161694	0.15637078881263733	0.03494001924991608	0.11444276571273804	0.18454663399529606
133.07164725882384	1850	13.403641350305687	0.0	943942	4294.645778338257	1.8191584434161694	0.13599540293216705	0.03157969191670418	0.09809977263212205	0.21979507710767313
137.6909777193813	1850	12.784310889748234	0.0	728962	4619.330460557451	1.8191584434161694	0.1400873064994812	0.03719577193260193	0.0954523801803589	0.15780685236189626
140.80171385338193	1200	13.673574755747602	0.0	575591	3110.736134000632	0.9534302788236118	0.13025376200675964	0.029965292662382126	0.0942954108119011	0.18503369466433925
143.87740424388895	1200	14.597884365240589	0.0	605884	3075.690390507015	1.3862943611198906	0.13738450407981873	0.03336423635482788	0.09734742045402528	0.19699121923000923
146.5089143641605	1200	15.966374244969058	0.0	587506	2631.51012027153	1.3862943611198906	0.14140163362026215	0.03684697300195694	0.09718526601791383	0.22325811915911564
149.07044995927927	1200	17.404838649850262	0.0	566904	2561.5355951187967	1.3862943611198906	0.13603100180625916	0.03498874977231026	0.09404450207948685	0.22131412152939794
152.00670352986342	1200	18.46858507926613	0.0	641452	2936.253570584131	1.3862943611198906	0.14322087168693542	0.030308935791254044	0.10685014873743057	0.218459334175417
154.7215983411339	1200	19.75369026799562	0.0	599477	2714.89481127051	1.3862943611198906	0.13522160053253174	0.03281397372484207	0.09584483206272126	0.22081039659855484
159.0358244669071	1850	19.439464142222416	0.0	973972	4314.226125773201	1.3862943611198906	0.15107060968875885	0.036389775574207306	0.10740287899971009	0.22575821748922434
163.36370937021064	1850	19.11157923891888	0.0	958994	4327.884903303538	1.8191584434161694	0.14261041581630707	0.03074655495584011	0.10571454986929893	0.22158491305255967
167.77853714378523	1850	18.6967514653443	0.0	982064	4414.827773574578	1.8191584434161694	0.150039404630661	0.03326258808374405	0.11012429893016815	0.22244672960477616
171.52307243918384	1850	18.952216169945693	0.0	830730	3744.5352953986085	1.8191584434161694	0.14642375707626343	0.038343362510204315	0.10041172206401824	0.2218512938096283
181.2894600077655	4300	13.185828601364019	0.0	2155012	9766.387568581673	1.8191584434161694	0.16685138642787933	0.03402947261929512	0.1260160192847252	0.22065599843002773

