3.703851573323173	750	4.0	3.703851573323173	450283	3703.851573323173	-8.935954453165486	0.14788371324539185	0.03373732790350914	0.10739891976118088	0.12157155628026332
4.647297489619205	300	7.056554083703969	0.0	155580	943.4459162960313	-0.9162907318741551	0.09786257147789001	0.026473963633179665	0.06609381511807441	0.1649061141849096
8.170499874788675	750	7.533351698534498	0.0	350812	3523.2023851694703	0.0	0.12865829467773438	0.027510644868016243	0.09564552083611488	0.09957191260902416
11.809548343844074	750	7.894303229479098	0.0	382355	3639.0484690554013	0.9162907318741551	0.10289746522903442	0.030250484123826027	0.06659688428044319	0.10507004873701203
15.668292247694724	300	8.035559325628448	0.0	163442	3858.7439038506495	-0.9162907318741551	0.082368865609169	0.02937491051852703	0.04711897298693657	0.04235627034924522
16.618005040472543	300	11.085846532850628	0.0	126289	949.7127927778201	0.0	0.05715583637356758	0.025809362530708313	0.026184601336717607	0.13297599122637552
17.506351230389917	300	14.197500342933253	0.0	153295	888.3461899173739	0.0	0.07390627264976501	0.02949851006269455	0.03850806057453156	0.17256223051314956
18.601485612313862	300	17.10236596100931	0.0	173849	1095.1343819239441	0.0	0.08982546627521515	0.031511008739471436	0.052012255787849425	0.15874672813630428
20.656288889865994	750	19.047562683457176	0.0	374758	2054.8032775521324	0.0	0.0857694000005722	0.0317230261862278	0.047701768577098846	0.18238144940397683
22.996939919707774	750	20.7069116536154	0.0	362795	2340.651029841777	0.9162907318741551	0.09883725643157959	0.03317903354763985	0.05902241617441178	0.15499747522146612
29.629663577153863	1200	18.074187996169307	0.0	607410	6632.72365744609	0.9162907318741551	0.10482272505760193	0.03167461231350899	0.06681319028139115	0.0915777637318123
33.056860227851935	1200	18.646991345471243	0.0	594078	3427.1966506980657	1.3862943611198906	0.09474928677082062	0.031946536153554916	0.05641344338655472	0.17334225623703142
34.73799609358155	1200	20.96585547974163	0.0	624282	1681.1358657296134	1.3862943611198906	0.10870565474033356	0.033760916441679	0.06819255501031876	0.3713453580559126
40.51906145699197	1850	19.1847901163312	0.0	1036454	5781.065363410427	1.3862943611198906	0.14722055196762085	0.03485521301627159	0.10539429634809494	0.17928425555606659
45.0176377054946	1850	18.686213867828577	0.0	821631	4498.576248502626	1.8191584434161694	0.12860648334026337	0.031103866174817085	0.09128184393048286	0.18264245277013677
49.41650959116432	1850	18.28734198215885	0.0	923170	4398.871885669726	1.8191584434161694	0.12320193648338318	0.03630698472261429	0.07963355481624604	0.20986517088788728
54.180764038660485	1850	17.52308753466269	0.0	966699	4764.2544474961605	1.8191584434161694	0.1256786286830902	0.033103883266448975	0.08595396876335144	0.20290666895594667
62.43614493427117	1850	13.267706639052005	0.0	885714	8255.380895610684	1.8191584434161694	0.13904082775115967	0.0304478220641613	0.10250344127416611	0.10728929545466843
64.50297483497991	1200	15.20087673834327	0.0	639204	2066.8299007087357	0.9534302788236118	0.11178843677043915	0.03492099046707153	0.06988324820995331	0.30926783078801545
67.56596275294095	1200	16.137888820382226	0.0	586839	3062.9879179610425	1.3862943611198906	0.14798817038536072	0.03259967267513275	0.10886856317520141	0.19159037375199464
73.23303851028226	1200	14.47081306304091	0.0	601738	5667.075757341317	1.3862943611198906	0.14279310405254364	0.038626715540885925	0.09644104540348053	0.1061813933262651
77.48452042793393	1200	14.219331145389253	0.0	616206	4251.481917651658	1.3862943611198906	0.12497547268867493	0.03230427950620651	0.08621033728122712	0.14493910874737218
84.04597150451865	1200	11.65788006880453	0.0	656471	6561.451076584723	1.3862943611198906	0.12207315117120743	0.03519875556230545	0.0798346444964409	0.10004966772406347
90.12840750018215	1200	9.575444073141034	0.0	536667	6082.435995663496	1.3862943611198906	0.11363916099071503	0.03217620775103569	0.0750277116894722	0.08823224780048972
92.21735892538887	750	11.486492647934325	0.0	359903	2088.9514252067092	0.44628710262841964	0.09711216390132904	0.037876687943935394	0.05166013836860657	0.17228883144776153
94.45672053892952	750	13.247131034393679	0.0	379700	2239.3616135406455	0.9162907318741551	0.11730584502220154	0.03444363549351692	0.07597348242998123	0.16955725136310518
99.2364067261608	750	12.467444847162394	0.0	425781	4779.686187231285	0.9162907318741551	0.11025644838809967	0.036370594054460526	0.06661173552274705	0.08908137131208628
101.84947606633968	750	13.854375506983525	0.0	277716	2613.0693401788712	0.9162907318741551	0.103058822453022	0.03323286026716232	0.06317939013242721	0.10627961368257821
104.23467266340388	750	15.469178909919323	0.0	400396	2385.1965970642004	0.9162907318741551	0.10895401239395142	0.03297639265656471	0.06938234120607376	0.16786708504146958
106.21208458192636	750	17.491766991396833	0.0	400508	1977.4119185224877	0.9162907318741551	0.10507483780384064	0.031462281942367554	0.06732009947299958	0.2025415120888204
107.41647220399426	1200	20.28737936932895	0.0	570392	1204.3876220678883	0.9162907318741551	0.11450576782226562	0.03522110357880592	0.07224044352769851	0.4735950366383361
113.15059421883154	1850	18.553257354491663	0.0	954453	5734.122014837284	1.3862943611198906	0.18232795596122742	0.037671979516744614	0.13712158054113388	0.16645146328074506
118.11341154098024	1850	17.590440032342972	0.0	885062	4962.817322148691	1.8191584434161694	0.14189009368419647	0.02923988364636898	0.1068022333085537	0.17833862150235372
121.44909829650275	1200	18.25475327682046	0.0	670129	3335.6867555225153	0.9534302788236118	0.11915552616119385	0.031152697280049324	0.08177228942513466	0.20089686146055052
124.33333893701561	1200	19.3705126363076	0.0	690253	2884.240640512858	1.3862943611198906	0.13005246222019196	0.03321697935461998	0.09019208699464798	0.23931879688002158
133.427714547702	1850	14.276137025621194	0.0	943942	9094.375610686404	1.3862943611198906	0.14315515756607056	0.03660433366894722	0.0992299571633339	0.10379404154924225
135.2840012795848	1850	16.419850293738417	0.0	728962	1856.2867318827773	1.8191584434161694	0.12178824841976166	0.030501438304781914	0.08518652245402336	0.39269903053211785
140.60327074391932	1850	15.100580829403883	0.0	938587	5319.269464334534	1.8191584434161694	0.18375426530838013	0.03459580987691879	0.14223929345607758	0.17645035775930967
148.45216291761275	1850	11.251688655710447	0.0	908665	7848.892173693435	1.8191584434161694	0.14811180531978607	0.034262076020240784	0.10699731409549713	0.11576984113063839
154.01042831067994	1200	9.693423262643275	0.0	587506	5558.265393067172	0.9534302788236118	0.14808031916618347	0.033534642308950424	0.10783874839544297	0.10569952286423685
161.01568338091673	1200	6.6881681924065015	0.0	566904	7005.2550702367735	1.3862943611198906	0.12997156381607056	0.041891876608133316	0.07970131188631058	0.08092553294862953
163.32789607213726	750	8.375955501185956	0.0	384505	2312.2126912205463	0.44628710262841964	0.10146640241146088	0.034128762781620026	0.060511887073516846	0.16629309295808406
165.25362371800776	750	10.450227855315452	0.0	372093	1925.7276458705035	0.9162907318741551	0.118422731757164	0.03900734707713127	0.07161391526460648	0.19322202742319752
168.5167593427936	750	11.187092230529625	0.0	438281	3263.1356247858266	0.9162907318741551	0.11931031942367554	0.034602124243974686	0.07778777033090592	0.13431283599460145
173.4485325832722	750	10.255318990050993	0.0	398987	4931.773240478632	0.9162907318741551	0.11023752391338348	0.03393924981355667	0.06951042413711547	0.08090132707749516
175.93597978901443	750	11.767871784308781	0.0	393804	2487.4472057422117	0.9162907318741551	0.09491095691919327	0.03075963817536831	0.0579993911087513	0.15831652591094716
177.81253118931596	750	13.891320384007228	0.0	331053	1876.5514003015535	0.9162907318741551	0.11729466915130615	0.033929817378520966	0.076578888297081	0.17641563132605972
180.51676596997808	1850	15.1870856033451	0.0	846370	2704.234780662127	0.9162907318741551	0.11081875115633011	0.034855712205171585	0.06899189651012422	0.31297948168271394

