1.367260273385182	750	4.0	1.367260273385182	450283	1367.260273385182	-2.720621595330429	0.09943397343158722	0.03199608251452446	0.06103867441415787	0.32933232155217246
3.194223891114767	1200	6.173036382270415	0.0	611087	1826.9636177295852	0.9162907318741551	0.20401531457901	0.026891380548477173	0.1717456579208374	0.33448230390018036
4.9067333715457	1200	8.460526901839483	0.0	571051	1712.5094804309326	1.3862943611198906	0.20065903663635254	0.03316295146942139	0.16086349487304688	0.3334585919234163
6.514625259720189	1200	10.852635013664992	0.0	617681	1607.8918881744898	1.3862943611198906	0.20242483913898468	0.0403803288936615	0.1539684444665909	0.3841558033489928
8.970859224892802	1850	12.39640104849238	0.0	996749	2456.233965172612	1.3862943611198906	0.22662493586540222	0.048157498240470886	0.16883593797683716	0.4058037687504877
11.196232788336173	1850	14.171027485049008	0.0	801058	2225.373563443373	1.8191584434161694	0.21271583437919617	0.0339309461414814	0.1719986990094185	0.35996563146032173
14.49357723870435	1850	14.87368303468083	0.0	905515	3297.3444503681767	1.8191584434161694	0.1946171373128891	0.0446474552154541	0.14104019105434418	0.2746194744376468
17.593423731591706	1850	15.773836541793479	0.0	1060487	3099.8464928873527	1.8191584434161694	0.16699665784835815	0.031197328120470047	0.1295598641037941	0.3421095213693015
19.864462426925922	1850	17.50279784645926	0.0	852833	2271.0386953342163	1.8191584434161694	0.19032451510429382	0.033658914268016815	0.14993381798267363	0.3755255257218298
22.861863766357637	1850	18.505396507027545	0.0	913888	2997.401339431714	1.8191584434161694	0.20640718936920166	0.03394511342048645	0.16567305326461793	0.3048934381851136
27.631734908305372	2850	17.735525365079813	0.0	1354548	4769.871141947732	1.8191584434161694	0.22870776057243347	0.032968342304229736	0.1891457498073578	0.2839799985554501
33.0051223574019	2850	16.362137915983283	0.0	1519951	5373.387449096529	2.2512917986064953	0.19611935317516327	0.04009699448943138	0.1480029597878456	0.2828664440074132
38.115600971681936	2850	15.251659301703242	0.0	1422919	5110.47861428004	2.2512917986064953	0.21540233492851257	0.03383028507232666	0.17480599284172058	0.2784316513964044
43.00302214286111	2850	14.364238130524074	0.0	1578343	4887.421171179169	2.2512917986064953	0.2108014076948166	0.036596838384866714	0.16688520163297654	0.32293983774252866
46.53527028944338	2850	14.831989983941806	0.0	1231445	3532.248146582268	2.2512917986064953	0.19217482209205627	0.04271849989891052	0.14091262221336365	0.3486292437272623
51.21254092515125	2850	14.154719348233936	0.0	1471065	4677.2706357078705	2.2512917986064953	0.203426331281662	0.04182974994182587	0.15323063135147094	0.3145135517216795
56.40345598560001	2850	12.963804287785175	0.0	1491626	5190.91506044876	2.2512917986064953	0.20828603208065033	0.027767876163125038	0.17496458068490028	0.2873531896842572
59.84976842287697	1850	13.517491850508215	0.0	885714	3446.31243727696	1.3870250882258435	0.19849444925785065	0.04250776022672653	0.1474851369857788	0.257003395983398
63.76261902060704	1850	13.604641252778146	0.0	987708	3912.850597730068	1.8191584434161694	0.19340094923973083	0.0264876838773489	0.16161572858691214	0.25242670920606874
67.48628703597359	1850	13.88097323741161	0.0	923755	3723.668015366537	1.8191584434161694	0.18956731259822845	0.032539308071136475	0.1505201429128647	0.24807662664553373
71.09751785212148	1850	14.26974242126371	0.0	891604	3611.2308161479023	1.8191584434161694	0.17567604780197144	0.035936981439590454	0.1325516700744629	0.24689753864890682
75.14542989930126	1850	14.221830374083925	0.0	955231	4047.9120471797833	1.8191584434161694	0.18988698720932007	0.03057766892015934	0.15319378450512885	0.2359811648243489
79.08628111983103	1850	14.280979153554169	0.0	968026	3940.851220529757	1.8191584434161694	0.1740095615386963	0.035135798156261444	0.13184660375118257	0.2456388089347537
82.5381308038881	1850	14.8291294694971	0.0	874175	3451.849684057067	1.8191584434161694	0.17080044746398926	0.0406942293047905	0.12196737229824067	0.2532482813598519
86.08807795919924	1850	15.279182314185958	0.0	897976	3549.9471553111416	1.8191584434161694	0.18361306190490723	0.03368772193789482	0.14318779557943345	0.25295475135637485
89.37539211361468	1850	15.991868159770512	0.0	905935	3287.314154415447	1.8191584434161694	0.19045206904411316	0.036803267896175385	0.1462881475687027	0.2755851608472431
93.21515538195483	1850	16.15210489143036	0.0	1076599	3839.763268340152	1.8191584434161694	0.1628853976726532	0.03343471512198448	0.12276373952627181	0.2803816081259069
96.08051181402476	1850	17.286748459360428	0.0	758197	2865.3564320699315	1.8191584434161694	0.1832694411277771	0.030439546331763268	0.14674198552966117	0.264608267060262
99.35643263457239	1850	18.010827638812813	0.0	972798	3275.9208205476116	1.8191584434161694	0.16750027239322662	0.02999214455485344	0.1315096989274025	0.2969540636935738
102.4431805197944	1850	18.9240797535908	0.0	975811	3086.7478852220147	1.8191584434161694	0.1820174753665924	0.03065136820077896	0.14523583352565766	0.3161291547883622
104.46323366846674	1850	20.90402660491845	0.0	873429	2020.0531486723496	1.8191584434161694	0.19632694125175476	0.03567739576101303	0.15351406633853912	0.4323792176329858
108.0393468692426	2850	21.327913404142574	0.0	1497683	3576.1132007758765	1.8191584434161694	0.2148469090461731	0.03488105535507202	0.17298964262008668	0.41880189913313187
112.77445162165974	2850	20.592808651725452	0.0	1358081	4735.104752417123	2.2512917986064953	0.2092251181602478	0.02810921147465706	0.17549406439065934	0.2868111839145147
117.92238448582975	2850	19.444875787555443	0.0	1587293	5147.932864170008	2.2512917986064953	0.20047196745872498	0.03764229267835617	0.15530121624469756	0.30833599463731864
123.52641959723634	2850	17.840840676148854	0.0	1492672	5604.03511140659	2.2512917986064953	0.20229774713516235	0.02911415509879589	0.1673607610166073	0.2663566466530124
128.06738644659984	2850	17.299873826785355	0.0	1439896	4540.9668493635	2.2512917986064953	0.20277254283428192	0.02886039949953556	0.16814006343483925	0.31709018096043307
132.67280373920872	2850	16.694456534176464	0.0	1139291	4605.417292608891	2.2512917986064953	0.2092103660106659	0.0499328151345253	0.14929098784923553	0.24738062321267112
137.4557354804355	2850	15.911524792949713	0.0	1499009	4782.931741226752	2.2512917986064953	0.1805855631828308	0.033256400376558304	0.14067788273096085	0.31340798512326795
142.5026344005654	2850	14.864625872819781	0.0	1427478	5046.898920129932	2.2512917986064953	0.194402277469635	0.035725098103284836	0.1515321597456932	0.28284259752189567
148.19345516467527	2850	13.17380510870991	0.0	1402287	5690.820764109871	2.2512917986064953	0.18501576781272888	0.032390445470809937	0.14614723324775697	0.2464120832699145
150.78496481580558	1850	14.582295457579612	0.0	858450	2591.5096511302977	1.3870250882258435	0.18672022223472595	0.03168465569615364	0.14869863539934158	0.3312547956846634
153.92675683113094	1850	15.440503442254244	0.0	1025005	3141.792015325369	1.8191584434161694	0.19526928663253784	0.034080177545547485	0.15437307357788085	0.326248521544431
156.93453066852638	1850	16.432729604858828	0.0	886255	3007.773837395414	1.8191584434161694	0.19392985105514526	0.02803984098136425	0.16028204187750816	0.29465480049771753
159.81931726940857	1850	17.5479430039766	0.0	973972	2884.7866008822302	1.8191584434161694	0.20153822004795074	0.032842665910720825	0.16212702095508574	0.3376235870279411
162.3036009826788	1850	19.063659290706397	0.0	958994	2484.2837132702	1.8191584434161694	0.1985747516155243	0.04296766594052315	0.14701355248689651	0.3860243477334652
166.16714906340133	2850	19.200111209983866	0.0	1483527	3863.54808072253	1.8191584434161694	0.209514319896698	0.033032793551683426	0.16987496763467788	0.38398046795435836
169.48792144786685	2850	19.879338825518328	0.0	1231456	3320.7723844655384	2.2512917986064953	0.21362151205539703	0.03711310029029846	0.16908579170703888	0.37083420886077884
175.69601815633618	4300	17.67124211704899	0.0	2155012	6208.096708469336	2.2512917986064953	0.23061047494411469	0.03733611851930618	0.18580713272094726	0.3471292573551642

