1.5836787756393504	750	4.0	1.5836787756393504	450283	1583.6787756393505	-3.2962948113265176	0.1114756390452385	0.03114248439669609	0.07410465776920319	0.2843272303237222
2.9956518566692574	750	6.588026918970093	0.0	398865	1411.9730810299068	0.9162907318741551	0.1648065447807312	0.02548784576356411	0.13422112986445428	0.2824876800831529
4.982624290688811	1200	8.601054484950538	0.0	571051	1986.972434019554	0.9162907318741551	0.18709731101989746	0.03020474500954151	0.15085161700844765	0.28739754524162675
7.100555078896811	1200	10.48312369674254	0.0	617681	2117.930788208	1.3862943611198906	0.19014056026935577	0.03570656478404999	0.14729268252849578	0.2916436190639758
10.465765793595297	1850	11.117912982044052	0.0	996749	3365.2107146984868	1.3862943611198906	0.1882602423429489	0.03343730792403221	0.14813547283411027	0.29619215095400225
13.280054033269542	1850	12.303624742369808	0.0	801058	2814.2882396742443	1.8191584434161694	0.16965623199939728	0.03638390079140663	0.12599555104970933	0.2846396430568615
16.305910420274444	1850	13.277768355364907	0.0	905515	3025.8563870049006	1.8191584434161694	0.15381228923797607	0.03736734390258789	0.1089714765548706	0.2992590804669057
19.416646981165055	1850	14.167031794474292	0.0	1060487	3110.7365608906157	1.8191584434161694	0.14651675522327423	0.03628813847899437	0.10297098904848098	0.3409118641973265
22.145108685951797	1850	15.438570089687554	0.0	852833	2728.4617047867387	1.8191584434161694	0.16174516081809998	0.028368722647428513	0.12770269364118575	0.31256916617294395
25.291223429061084	1850	16.292455346578265	0.0	913888	3146.1147431092877	1.8191584434161694	0.17657150328159332	0.03286010026931763	0.13713938295841216	0.290481458758497
28.723662259956246	1850	16.8600165156831	0.0	939819	3432.4388308951657	1.8191584434161694	0.1846582591533661	0.029406476765871048	0.14937048703432082	0.2738050250279039
31.939333852770265	1850	17.64434492286908	0.0	917428	3215.671592814017	1.8191584434161694	0.17416173219680786	0.03803043067455292	0.12852521538734435	0.28529903428265313
34.9192711895657	1850	18.66440758607365	0.0	946851	2979.9373367954295	1.8191584434161694	0.17441293597221375	0.03119025006890297	0.1369846358895302	0.31774191635124327
37.81354077949407	1850	19.770137996145277	0.0	1036454	2894.269589928375	1.8191584434161694	0.19787925481796265	0.03479394689202309	0.15612651854753495	0.35810554884268725
41.00378092273062	2850	20.579897852908722	0.0	1231445	3190.2401432365546	1.8191584434161694	0.21370862424373627	0.03147771582007408	0.17593536525964737	0.3860038569857244
44.18260227431447	2850	21.40107650132487	0.0	1471065	3178.821351583851	2.2512917986064953	0.2124810814857483	0.030235031619668007	0.1761990435421467	0.4627705798147607
47.57059548785848	2850	22.013083287780862	0.0	1491626	3387.9932135440117	2.2512917986064953	0.23241740465164185	0.03833254426717758	0.18641835153102876	0.4402682962991192
51.0437751468252	2850	22.539903628814145	0.0	1358801	3473.179658966717	2.2512917986064953	0.24398347735404968	0.04151869937777519	0.19416103810071944	0.39122681042196594
56.709599230773584	2850	20.87407954486575	0.0	1537156	5665.82408394839	2.2512917986064953	0.21881306171417236	0.028407398611307144	0.18472418338060378	0.2713031638865832
60.017784095913115	2850	21.56589467972622	0.0	1336050	3308.18486513953	2.2512917986064953	0.22227400541305542	0.05030765384435654	0.16190482079982757	0.40386195284272575
63.74233844828431	2850	21.84134032735502	0.0	1415116	3724.5543523712	2.2512917986064953	0.20739176869392395	0.03157435730099678	0.16950253993272782	0.3799423678967339
67.80489497218902	2850	21.7787838034503	0.0	1468126	4062.556523904719	2.2512917986064953	0.21716749668121338	0.04212182015180588	0.16662131249904633	0.36137983345248653
74.72100685678689	4300	18.862671918852435	0.0	2221506	6916.111884597868	2.2512917986064953	0.2533787786960602	0.033456288278102875	0.21323123276233674	0.32120735422850494
78.96404043556593	2850	18.619638340073376	0.0	1323990	4243.033578779059	1.8399957701875378	0.22308266162872314	0.03977084904909134	0.17535764276981353	0.31203853927099506
82.72640663597821	2850	18.857272139661116	0.0	1383735	3762.3662004122593	2.2512917986064953	0.2206677794456482	0.04922891780734062	0.16159307807683945	0.3677831785349278
86.62945892359028	2850	18.954219852049036	0.0	1480464	3903.05228761208	2.2512917986064953	0.24041849374771118	0.02723780646920204	0.20773312598466873	0.3793092920376325
93.79982646003712	2850	15.783852315602202	0.0	1547572	7170.367536446833	2.2512917986064953	0.23923826217651367	0.03767959773540497	0.1940227448940277	0.21582882497078748
99.51326335231228	2850	14.070415423327038	0.0	1141971	5713.436892275164	2.2512917986064953	0.20584997534751892	0.036521900445222855	0.1620236948132515	0.19987461514521998
107.58764600169366	2850	9.996032773945656	0.0	1498470	8074.382649381382	2.2512917986064953	0.18956714868545532	0.030615467578172684	0.1528285875916481	0.18558322847317682
109.9585020956238	1850	11.625176680015509	0.0	975811	2370.856093930145	1.3870250882258435	0.17584611475467682	0.03525501489639282	0.13354009687900542	0.4115859256486578
112.0890017797484	1850	13.494676995890906	0.0	873429	2130.4996841246025	1.8191584434161694	0.20543646812438965	0.036171700805425644	0.16203042715787888	0.40996438840538096
114.91273597196442	1850	14.67094280367488	0.0	954453	2823.7341922160276	1.8191584434161694	0.2289772927761078	0.029082976281642914	0.1940777212381363	0.3380109227812829
117.63559330678324	1850	15.948085468856076	0.0	885062	2722.8573348188042	1.8191584434161694	0.20855200290679932	0.02885638177394867	0.1739243447780609	0.32504898023197293
120.83386152704185	1850	16.749817248597456	0.0	1035329	3198.268220258618	1.8191584434161694	0.20796653628349304	0.03478279337286949	0.16622718423604965	0.3237155012334398
128.23743379405389	2850	13.346244981585418	0.0	1492672	7403.572267012039	1.8191584434161694	0.21595123410224915	0.03466573730111122	0.17435234934091567	0.20161510500152355
131.57819743651615	1850	14.005481339123177	0.0	943942	3340.7636424622424	1.3870250882258435	0.1729094684123993	0.03293725848197937	0.13338475823402404	0.2825527636861752
134.06202821095326	1850	15.521650564686055	0.0	728962	2483.830774437122	1.8191584434161694	0.18576779961585999	0.0367090180516243	0.14171697795391083	0.2934829568512755
137.079604783127	1850	16.50407399251233	0.0	938587	3017.576572173729	1.8191584434161694	0.19875332713127136	0.02917516976594925	0.16374312341213226	0.31103999436338525
140.3783406946645	1850	17.205338080974805	0.0	908665	3298.7359115375225	1.8191584434161694	0.1968158781528473	0.04113825410604477	0.14744997322559356	0.27545854665779423
143.86781736290084	1850	17.715861412738505	0.0	930577	3489.4766682362997	1.8191584434161694	0.19705328345298767	0.030598381534218788	0.16033522561192512	0.2666809635011388
146.81465062838572	1850	18.769028147253614	0.0	858450	2946.8332654848905	1.8191584434161694	0.18258342146873474	0.03649955615401268	0.13878395408391953	0.29131271526444685
150.38644109864168	1850	19.19723767699764	0.0	1025005	3571.7904702559736	1.8191584434161694	0.18926137685775757	0.027689790353178978	0.1560336284339428	0.2869723206150283
153.52090727458912	1850	20.06277150105022	0.0	886255	3134.466175947417	1.8191584434161694	0.1806677281856537	0.030781269073486328	0.1437302052974701	0.2827451151972066
156.6258557418372	1850	20.957823033802132	0.0	973972	3104.9484672480908	1.8191584434161694	0.18069176375865936	0.03377772122621536	0.14015849828720092	0.31368378904633776
161.20021831561255	2850	20.383460460026786	0.0	1464921	4574.362573775346	1.8191584434161694	0.18647879362106323	0.03328448161482811	0.1465374156832695	0.32024593074417373
166.1720552349139	2850	19.41162354072545	0.0	1483527	4971.836919301334	2.2512917986064953	0.19297125935554504	0.03518003597855568	0.15075521618127824	0.2983860943307996
170.39163577202507	2850	19.19204300361428	0.0	1231456	4219.580537111171	2.2512917986064953	0.20181123912334442	0.033105187118053436	0.1620850145816803	0.2918432268727557
176.66774874833123	4300	16.915930027308097	0.0	2155012	6276.112976306184	2.2512917986064953	0.19537588953971863	0.025173863396048546	0.16516725346446037	0.3433673052310693

