12.268168488847193	750	4.0	12.268168488847193	450283	12268.168488847194	-31.71703744845938	0.117673859000206	0.03173166885972023	0.07959585636854172	0.03670335962612068
13.996364707241645	300	6.271803781605549	0.0	155580	1728.1962183944509	-0.9162907318741551	0.035403087735176086	0.021853748708963394	0.009178589284420013	0.09002449973217667
15.514051268948021	300	8.754117219899172	0.0	139857	1517.6865617063777	0.0	0.0858040526509285	0.02585039846599102	0.054783574491739276	0.09215143859661962
17.330806708238253	300	10.937361780608942	0.0	155432	1816.7554392902293	0.0	0.09000173956155777	0.028758525848388672	0.055491508543491365	0.0855547183944165
18.71488721447991	300	13.553281274367286	0.0	163442	1384.0805062416568	0.0	0.08216239511966705	0.025188878178596497	0.05193574130535126	0.11808706160005945
20.636268161677883	750	15.631900327169312	0.0	318564	1921.3809471979735	0.0	0.08710562437772751	0.028280414640903473	0.053169126808643344	0.16579949981526287
22.843107581144626	750	17.425060907702573	0.0	352642	2206.839419466742	0.9162907318741551	0.10443560779094696	0.030266204848885536	0.06811616197228432	0.15979504303272413
25.217553099271576	750	19.050615389575622	0.0	437162	2374.44551812695	0.9162907318741551	0.09733526408672333	0.031441520899534225	0.05960543900728226	0.1841111942399291
28.145958501350275	1200	20.12220998749692	0.0	584846	2928.4054020787016	0.9162907318741551	0.0926901251077652	0.030666450038552284	0.05589038506150246	0.19971483442314797
30.332167146421618	1200	21.936001342425577	0.0	560821	2186.2086450713423	1.3862943611198906	0.10472293943166733	0.0325157456099987	0.0657040446996689	0.25652675066688285
32.26144430505824	1200	24.00672418378896	0.0	607410	1929.277158636619	1.3862943611198906	0.12245738506317139	0.03236227110028267	0.08362265974283219	0.31483812332554867
35.90860425000203	1850	24.359564238845167	0.0	917428	3647.1599449437927	1.3862943611198906	0.14438149333000183	0.03321736305952072	0.10452065765857696	0.2515458641378939
39.40827498799583	1850	24.859893500851367	0.0	946851	3499.670737993801	1.8191584434161694	0.15285621583461761	0.03719271719455719	0.108224955201149	0.27055430950135206
43.865623509996446	1850	24.40254497885074	0.0	1036454	4457.348522000621	1.8191584434161694	0.16365398466587067	0.03264247998595238	0.12448300868272782	0.23252702697225963
48.44273382845643	1850	23.825434660390755	0.0	821631	4577.110318459988	1.8191584434161694	0.1528005599975586	0.03085298091173172	0.11577698290348054	0.17950867312205085
55.52201264159975	1850	20.746155847247433	0.0	923170	7079.278813143323	1.8191584434161694	0.14863070845603943	0.030595822259783745	0.11191572174429894	0.13040452627548038
63.20092213523271	1850	17.067246353614475	0.0	966699	7678.9094936329575	1.8191584434161694	0.13280661404132843	0.037644971162080765	0.08763264864683151	0.1258901411458942
69.77411624237014	1850	14.494052246477029	0.0	885714	6573.194107137445	1.8191584434161694	0.12475582212209702	0.028914805501699448	0.09005805552005769	0.1347463631171724
84.15807393044399	1200	4.110094558403185	0.0	639204	14383.957688073844	0.9534302788236118	0.12375394254922867	0.03609476611018181	0.0804402232170105	0.04443867354601457
85.75946236417242	300	6.508706124674753	0.0	140881	1601.388433728432	-1.3862943611198906	0.1020660251379013	0.03200209140777588	0.06366351544857025	0.08797428346100507
87.4795468232737	300	8.788621665573475	0.0	157671	1720.0844591012778	0.0	0.1061321347951889	0.03768203407526016	0.06091369390487671	0.09166468493203007
89.23224673618586	300	11.03592175266131	0.0	157812	1752.699912912165	0.0	0.10343371331691742	0.036355167627334595	0.05980751216411591	0.09003937230634677
90.42080698492221	300	13.84736150392496	0.0	163927	1188.5602487363503	0.0	0.08945772796869278	0.032519206404685974	0.05043468028306961	0.13792064825849878
92.53879017791111	750	15.729378310936058	0.0	343800	2117.983192988903	0.0	0.09086482226848602	0.03249130770564079	0.051875253021717076	0.16232423427063586
94.60789854674658	750	17.66026994210059	0.0	359903	2069.108368835469	0.9162907318741551	0.10152151435613632	0.03114900179207325	0.06414271220564843	0.17394110691387318
96.77885381914041	750	19.489314669706765	0.0	379700	2170.955272393825	0.9162907318741551	0.10014455765485764	0.029149994254112244	0.06516456454992295	0.1748999644664812
99.02974747372686	750	21.238421015120302	0.0	425781	2250.8936545864635	0.9162907318741551	0.10371990501880646	0.0320613756775856	0.06524625420570374	0.18916086912076924
100.98143672047331	1200	23.28673176837385	0.0	487160	1951.6892467464477	0.9162907318741551	0.10926595330238342	0.0345977358520031	0.06774867027997972	0.2496094092910115
103.05802213870646	1200	25.210146350140693	0.0	622896	2076.585418233156	1.3862943611198906	0.12924638390541077	0.03317923843860626	0.08943129777908326	0.2999616555768679
106.67196553887017	1850	25.596202949977002	0.0	975811	3613.943400163691	1.3862943611198906	0.13714554905891418	0.03567967936396599	0.094329933822155	0.2700128064971359
110.23737523110081	1850	26.030793257746353	0.0	873429	3565.4096922306476	1.8191584434161694	0.1377655267715454	0.03321583941578865	0.09790651947259904	0.24497296955894896
114.10699148761724	1850	26.161177001229927	0.0	954453	3869.616256516427	1.8191584434161694	0.14392012357711792	0.036649469286203384	0.09994076043367386	0.2466531399315637
118.09695954863069	1850	26.171208940216477	0.0	885062	3989.968061013448	1.8191584434161694	0.14420956373214722	0.035398293286561966	0.10173161178827286	0.2218218257554661
126.04404053274413	1850	22.224127956103036	0.0	1035329	7947.080984113444	1.8191584434161694	0.15145792067050934	0.03420601785182953	0.1104106992483139	0.13027789726437508
134.1805292298489	1850	18.08763925899828	0.0	1026056	8136.488697104758	1.8191584434161694	0.14506828784942627	0.03360569104552269	0.10474145859479905	0.12610550302430898
141.2895432242863	1850	14.978625264560893	0.0	943942	7109.013994437386	1.8191584434161694	0.12922954559326172	0.03885285183787346	0.08260612338781356	0.1327810018011794
156.5898408725921	1850	4.0	0.32167238374492807	728962	15300.297648305821	0.9635099026546606	0.12500593066215515	0.03148498758673668	0.08722394555807114	0.047643648297307266
157.96446589853042	300	6.6253749740617165	0.0	124011	1374.6250259382834	-1.8191584434161694	0.09185923635959625	0.039015140384435654	0.04504106789827347	0.09021442041283463
159.65591620896956	300	8.933924663622584	0.0	144254	1691.450310439133	0.0	0.10766122490167618	0.033071551471948624	0.06797536313533784	0.08528420794256077
161.12163053987277	300	11.468210332719359	0.0	149991	1465.7143309032244	0.0	0.10322882235050201	0.03756265342235565	0.05815363824367523	0.10233303778067743
163.18630350090297	750	13.403537371689174	0.0	345516	2064.6729610301845	0.0	0.10362210869789124	0.03553389757871628	0.0609814316034317	0.16734659993203096
165.5799290652978	750	15.00991180729435	0.0	384505	2393.6255643948252	0.9162907318741551	0.09906819462776184	0.03459221124649048	0.05755754113197327	0.16063707111066616
167.58539915182334	750	17.004441720768803	0.0	372093	2005.4700865255465	0.9162907318741551	0.1029295027256012	0.03199584037065506	0.06453449428081512	0.18553904269130575
170.82090770611376	1200	17.768933166478377	0.0	634861	3235.508554290425	0.9162907318741551	0.10545969009399414	0.03197430819272995	0.0670905202627182	0.19621675830779267
173.21541638971317	1200	19.37442448287895	0.0	630203	2394.508683599426	1.3862943611198906	0.10345141589641571	0.031280048191547394	0.06591535806655885	0.2631867674218156
175.31054330648675	1200	21.279297566105388	0.0	638661	2095.126916773559	1.3862943611198906	0.11960063874721527	0.03272201865911484	0.08033421635627747	0.30483165238673054
178.64718835926598	1850	21.942652513326166	0.0	830730	3336.6450527792226	1.3862943611198906	0.1385103464126587	0.03166453167796135	0.10051290839910507	0.24897164273078803
187.053733549443	4300	17.536107323149142	0.0	2155012	8406.545190177025	1.8191584434161694	0.14057205617427826	0.03371434658765793	0.10011484026908875	0.2563493029833602

