2.35261967790469	750	4.0	2.35261967790469	450283	2352.61967790469	-5.3416776113523206	0.18629352748394012	0.028728021308779716	0.15181990191340447	0.1913964268126138
3.217846234289034	300	7.134773443615656	0.0	155580	865.2265563843441	-0.9162907318741551	0.12359914183616638	0.027609124779701233	0.0904681921005249	0.17981417566532654
5.068426634715211	750	9.28419304318948	0.0	350812	1850.5804004261765	0.0	0.1520829200744629	0.034428276121616364	0.11076898872852325	0.1895686347478933
8.133024939245303	1200	10.219594738659387	0.0	617681	3064.5983045300927	0.9162907318741551	0.1435272991657257	0.027339959517121315	0.11071934774518014	0.20155365846380038
11.335206556288172	1200	11.017413121616519	0.0	652874	3202.1816170428688	1.3862943611198906	0.13011133670806885	0.037004563957452774	0.08570585995912552	0.20388412591129423
13.859346555484914	1200	12.493273122419778	0.0	520315	2524.1399991967405	1.3862943611198906	0.11749444901943207	0.038266219198703766	0.07157498598098755	0.20613555514574483
16.553757556657025	1200	13.798862121247664	0.0	561791	2694.4110011721136	1.3862943611198906	0.11155626177787781	0.03128717839717865	0.07401164770126342	0.20850234049505126
19.886355900638918	1200	14.466263777265773	0.0	709534	3332.598343981893	1.3862943611198906	0.1156296581029892	0.03498833626508713	0.07364365458488464	0.21290714534540234
22.699124595766314	1200	15.653495082138377	0.0	584846	2812.7686951273954	1.3862943611198906	0.12066059559583664	0.034678928554058075	0.07904588133096696	0.2079253800759153
25.41904005385075	1200	16.933579624053937	0.0	560821	2719.9154580844383	1.3862943611198906	0.12649202346801758	0.03382013738155365	0.08590785861015321	0.20619059990745844
28.415056421071885	1200	17.937563256832803	0.0	607410	2996.0163672211347	1.3862943611198906	0.1464097499847412	0.0333557091653347	0.10638289898633957	0.20273921285796745
31.350385028859638	1200	19.00223464904505	0.0	594078	2935.3286077877547	1.3862943611198906	0.14975115656852722	0.03418949246406555	0.10872376561164857	0.20238892450536705
35.92938186077286	1850	18.423237817131835	0.0	946851	4578.996831913219	1.3862943611198906	0.1422523558139801	0.03110107220709324	0.10493106916546821	0.20678131799544883
44.502118090785196	1850	13.850501587119492	0.0	1036454	8572.736230012342	1.8191584434161694	0.12638521194458008	0.03352205827832222	0.08615874201059343	0.12090118862767202
47.463145817801376	1200	14.889473860103312	0.0	526950	2961.02772701618	0.9534302788236118	0.13133874535560608	0.035788070410490036	0.08839306086301804	0.17796185938826253
51.00643384888093	1200	15.34618582902376	0.0	587876	3543.2880310795517	1.3862943611198906	0.13875660300254822	0.032382018864154816	0.09989818036556244	0.16591256337151028
54.18074970535111	1200	16.17186997255358	0.0	617242	3174.31585647018	1.3862943611198906	0.13007912039756775	0.040038686245679855	0.08203269690275192	0.1944488286324378
57.103004673323895	1200	17.249615004580804	0.0	581493	2922.2549679727804	1.3862943611198906	0.1349666863679886	0.0368211530148983	0.09078130275011062	0.198987770188784
60.199319427007616	1200	18.153300250897082	0.0	639204	3096.3147536837205	1.3862943611198906	0.13750839233398438	0.032855015248060226	0.0980823740363121	0.20644025263889332
63.01079292522162	1200	19.341826752683076	0.0	586839	2811.4734982140058	1.3862943611198906	0.13163059949874878	0.03591006621718407	0.0885385200381279	0.20873004862851835
65.85633380548774	1200	20.49628587241695	0.0	601738	2845.5408802661223	1.3862943611198906	0.12563294172286987	0.035153716802597046	0.08344848155975343	0.21146700234498966
68.75431469417096	1200	21.598304983733726	0.0	616206	2897.9808886832243	1.3862943611198906	0.12884622812271118	0.030087660998106003	0.09274103492498398	0.2126328722202132
73.28027301291918	1850	21.072346664985503	0.0	968026	4525.958318748225	1.3862943611198906	0.13592608273029327	0.030683305114507675	0.09910611659288407	0.21388310095346472
77.40840978484741	1850	20.944209893057277	0.0	874175	4128.136771928228	1.8191584434161694	0.13491977751255035	0.03309379890561104	0.09520721882581712	0.21176018341845737
81.49720526362667	1850	20.85541441427801	0.0	897976	4088.795478779267	1.8191584434161694	0.14777128398418427	0.030654016882181168	0.11098646372556686	0.21961871281174863
85.82163264699717	1850	20.53098703090751	0.0	905935	4324.427383370499	1.8191584434161694	0.1501866728067398	0.03531871363520622	0.10780421644449234	0.20949247604058638
90.95076708033031	1850	19.40185259757438	0.0	1076599	5129.134433333132	1.8191584434161694	0.13660041987895966	0.035281844437122345	0.09426220655441284	0.20989876829966023
96.60013561634189	1850	17.7524840615628	0.0	758197	5649.368536011578	1.8191584434161694	0.14525935053825378	0.0297784972935915	0.10952515378594399	0.13420915898244493
101.74390881462256	1850	16.608710863282123	0.0	972798	5143.77319828068	1.8191584434161694	0.11474720388650894	0.03835618868470192	0.06871977746486664	0.18912147999160622
108.24485122975307	1200	14.107768448151607	0.0	641447	6500.942415130516	0.9534302788236118	0.1233750581741333	0.03531820699572563	0.08099320977926255	0.0986698480065097
111.02626098854324	1200	15.326358689361422	0.0	570392	2781.4097587901833	1.3862943611198906	0.1150176003575325	0.03191326931118965	0.07672167718410491	0.20507298437325566
113.98082975667869	1200	16.371789921225982	0.0	620283	2954.5687681354407	1.3862943611198906	0.1259877234697342	0.035666875541210175	0.083187472820282	0.20994028187451738
116.7106105321201	1200	17.642009145784574	0.0	584349	2729.7807754414084	1.3862943611198906	0.12778571248054504	0.03255248814821243	0.08872272670269013	0.2140644425578498
119.92007841659029	1200	18.432541261314384	0.0	670129	3209.467884470187	1.3862943611198906	0.1263725608587265	0.03296669200062752	0.08681253045797349	0.20879754031582207
123.26398488077604	1200	19.088634797128627	0.0	690253	3343.9064641857585	1.3862943611198906	0.13923320174217224	0.036047011613845825	0.09597678780555725	0.2064211446680153
127.80165308426788	1850	18.550966593636794	0.0	943942	4537.668203491834	1.3862943611198906	0.13721220195293427	0.030641740188002586	0.10044211372733117	0.20802358340647653
130.9940593603135	1850	19.358560317591156	0.0	728962	3192.4062760456354	1.8191584434161694	0.1429615020751953	0.03297196328639984	0.10339514613151551	0.22834249057514994
135.39353754145512	1850	18.95908213644953	0.0	938587	4399.478181141625	1.8191584434161694	0.13859066367149353	0.0374477282166481	0.0936533898115158	0.21334052843431653
139.85439724505997	1850	18.498222432844667	0.0	908665	4460.859703604861	1.8191584434161694	0.14057371020317078	0.030373960733413696	0.10412495732307434	0.20369728267080436
144.30588328791734	1850	18.046736389987316	0.0	930577	4451.486042857354	1.8191584434161694	0.1309165358543396	0.037198685109615326	0.08627811372280121	0.20904861680812417
148.50699620221016	1850	17.84562347569447	0.0	858450	4201.112914292848	1.8191584434161694	0.13034676015377045	0.03660225868225098	0.08642404973506929	0.20433871155412603
153.2439570525807	1850	17.108662625323934	0.0	1025005	4736.960850370534	1.8191584434161694	0.13468609750270844	0.029384048655629158	0.09942523911595344	0.21638452002824177
157.32322428341175	1850	17.02939539449288	0.0	886255	4079.267230831052	1.8191584434161694	0.13820499181747437	0.034636396914720535	0.09664131551980973	0.21725838241282538
164.05212987374225	1850	14.300489804162385	0.0	973972	6728.905590330495	1.8191584434161694	0.1517535150051117	0.029120974242687225	0.11680834591388703	0.14474448882142255
169.90299798984432	1200	12.449621688060303	0.0	630203	5850.868116102084	0.9534302788236118	0.13199357688426971	0.03127560019493103	0.09446285665035248	0.10771102467095918
176.16119151346427	1200	10.191428164440378	0.0	638661	6258.193523619923	1.3862943611198906	0.11749176681041718	0.03316234424710274	0.0776969537138939	0.10205197355906943
181.47323893852678	1200	8.879380739377867	0.0	538612	5312.047425062513	1.3862943611198906	0.12044075131416321	0.033977240324020386	0.07966806292533875	0.10139442608490294
186.54782897951182	1200	7.804790698392809	0.0	550906	5074.590040985057	1.3862943611198906	0.11187900602817535	0.03393805772066116	0.07115333676338195	0.10856167602714574

