4.407023053342686	750	4.0	4.407023053342686	450283	4407.023053342687	-18.20019912937355	0.06730273365974426	0.028447162359952927	0.03316613882780075	0.10217396064185878
5.989209804193351	300	6.4178132491493365	0.0	155580	1582.186750850664	-0.15000000000000002	0.09385937452316284	0.02775302715599537	0.0605557419359684	0.09833226066161423
7.424832327046829	300	8.982190726295858	0.0	139857	1435.6225228534788	0.3	0.0942806750535965	0.028087319806218147	0.06057589128613472	0.09741906230477407
9.011422057787241	300	11.395600995555444	0.0	155432	1586.589730740413	0.3	0.09251087158918381	0.03013450652360916	0.056349463760852814	0.09796609481864264
10.66981588648539	300	13.737207166857296	0.0	163442	1658.3938286981484	0.3	0.08263273537158966	0.027796920388936996	0.04927643090486527	0.09855439472317815
13.772254765551878	750	14.634768287790807	0.0	318564	3102.438879066487	0.3	0.07707500457763672	0.03112778440117836	0.03972166329622269	0.10268179726262804
17.237307331347534	750	15.169715721995155	0.0	352642	3465.052565795653	0.75	0.07877661287784576	0.029823431745171547	0.04298849478363991	0.10177103905464867
21.553324832474374	750	14.853698220868315	0.0	437162	4316.017501126839	0.75	0.07219248265028	0.027158712968230247	0.039602027088403706	0.10128828251643196
25.23034956383107	750	15.176673489511614	0.0	374758	3677.0247313566997	0.75	0.07756153494119644	0.0312836617231369	0.040021140873432164	0.10191881409014258
28.841077104124395	750	15.565945949218293	0.0	362795	3610.7275402933233	0.75	0.0736779123544693	0.029422251507639885	0.03837121054530144	0.10047698031807954
32.33977145276646	750	16.067251600576228	0.0	353220	3498.6943486420664	0.75	0.0796351432800293	0.029247861355543137	0.044537709653377534	0.10095766157369357
36.29591445149154	750	16.11110860185115	0.0	405134	3956.142998725077	0.75	0.08276291191577911	0.031352635473012924	0.04513974934816361	0.10240630839950936
40.02449393148413	750	16.382529121858553	0.0	386351	3728.5794799925966	0.75	0.0839918926358223	0.03253430873155594	0.04495072215795517	0.103618818392673
44.569599109307696	750	15.837423944034992	0.0	434409	4545.105177823561	0.75	0.08357463032007217	0.03203096613287926	0.045137470960617064	0.0955773261572834
48.54867649056933	750	15.858346562773358	0.0	337059	3979.0773812616335	0.75	0.08338488638401031	0.03328878432512283	0.043438345193862915	0.08470782739418095
52.74138782452412	750	15.66563522881856	0.0	366214	4192.711333954798	0.75	0.07649128139019012	0.029052136465907097	0.04162871763110161	0.0873453884206635
56.300504312846755	750	16.106518740495932	0.0	360831	3559.116488322628	0.75	0.08080214262008667	0.03063972108066082	0.044034477323293686	0.10138218324235171
59.94506897998305	750	16.461954073359635	0.0	372963	3644.564667136298	0.75	0.08135826885700226	0.0333431251347065	0.04134651869535446	0.1023340327482937
63.9372621527921	750	16.469760900550586	0.0	405596	3992.1931728090485	0.75	0.07819493860006332	0.031001968309283257	0.040992576628923416	0.10159728811785135
67.52468298053019	750	16.882340072812497	0.0	350713	3587.4208277380876	0.75	0.07880311459302902	0.03042295202612877	0.042295572161674504	0.09776187875374767
71.81625491946183	750	16.590768133880847	0.0	386472	4291.57193893165	0.75	0.07755009084939957	0.030278226360678673	0.04121621921658516	0.09005371586435736
75.77168120821305	750	16.635341845129638	0.0	399894	3955.4262887512104	0.75	0.08623769879341125	0.03161494433879852	0.048299765586853026	0.10110010168493186
79.7606934755348	750	16.646329577807904	0.0	401853	3989.012267321736	0.75	0.08198119699954987	0.03139311075210571	0.044309464097023014	0.10073997598152494
83.21794847150048	750	17.189074581842217	0.0	343800	3457.2549959656867	0.75	0.0766267478466034	0.032212093472480774	0.037972235679626466	0.09944305537230677
86.88261292868829	750	17.5244101246544	0.0	359903	3664.66445718782	0.75	0.08401377499103546	0.030937543138861656	0.04688872322440148	0.09820899135638228
91.33444811977216	750	17.072574933570536	0.0	379700	4451.835191083862	0.75	0.07870154827833176	0.03055964596569538	0.0420299731194973	0.08529066861245524
96.24589935981747	750	16.16112369352523	0.0	425781	4911.451240045305	0.75	0.07782872766256332	0.030652370303869247	0.04104588329792023	0.08669148469365083
99.13484078290523	750	17.272182270437472	0.0	277716	2888.941423087758	0.75	0.07512513548135757	0.029554197564721107	0.039660098403692244	0.09613071340960995
103.23906830172692	750	17.16795475161578	0.0	400396	4104.227518821692	0.75	0.08809756487607956	0.030827652662992477	0.051104381680488586	0.0975569697741689
107.92416495809557	750	16.48285809524713	0.0	400508	4685.096656368647	0.75	0.07682296633720398	0.02810741774737835	0.04309406504034996	0.08548553623873967
111.40203271824777	750	17.004990335094945	0.0	358218	3477.867760152185	0.75	0.07343921065330505	0.027994785457849503	0.03984546810388565	0.10299931587517434
115.34456705012852	750	17.062456003214194	0.0	400322	3942.5343318807527	0.75	0.07957478612661362	0.03193969652056694	0.04124715030193329	0.1015392552863401
119.01948174214988	750	17.38754131119284	0.0	369834	3674.9146920213534	0.75	0.07932771742343903	0.030463924631476402	0.04277100786566734	0.10063743814324468
123.12958394976728	750	17.277439103575432	0.0	412837	4110.10220761741	0.75	0.08543029427528381	0.035779908299446106	0.04249440431594849	0.10044446078126071
127.2352704246218	750	17.171752628720913	0.0	401088	4105.686474854515	0.75	0.08278272300958633	0.032011181116104126	0.044369305670261386	0.09769084961954203
130.822804581845	750	17.584218471497714	0.0	365161	3587.534157223203	0.75	0.08203810453414917	0.03187831863760948	0.043784122169017795	0.1017860692043248
134.1585586855103	750	18.248464367832437	0.0	321064	3335.754103665275	0.75	0.08091263473033905	0.03224831819534302	0.04221465289592743	0.09624930076447177
138.41105348883525	750	17.995969564507458	0.0	361565	4252.494803324978	0.75	0.08123180270195007	0.03125496581196785	0.043725843727588656	0.08502420737052903
143.3854978096067	750	17.021525243736008	0.0	378327	4974.444320771449	0.75	0.07690615952014923	0.02788594365119934	0.043443027138710025	0.07605412295404446
147.25868428819987	750	17.148338765142828	0.0	390680	3873.186478593177	0.75	0.0753563791513443	0.029297491535544395	0.040199389308691026	0.10086785187319544
150.68754677507	750	17.71947627827271	0.0	345516	3428.862486870117	0.75	0.08048424869775772	0.02869664691388607	0.04604827240109444	0.100766945692065
154.4960648916043	750	17.910958161738403	0.0	384505	3808.5181165343092	0.75	0.08679968118667603	0.028676966205239296	0.05238732174038887	0.10095921516841659
158.19372516153874	750	18.21329789180395	0.0	372093	3697.660269934451	0.75	0.08197610080242157	0.029623277485370636	0.04642816781997681	0.10062930957326595
162.5781126531495	750	17.828910400193198	0.0	438281	4384.3874916107525	0.75	0.07530514150857925	0.03061860427260399	0.03856281638145447	0.09996402025108932
166.7992144997251	750	17.607808553617595	0.0	398987	4221.101846575608	0.75	0.08426451683044434	0.03047524206340313	0.04769422635436058	0.09452200266707149
171.35689846903804	750	17.050124584304672	0.0	393804	4557.68396931292	0.75	0.07343798875808716	0.030105041339993477	0.03731193915009499	0.08640441124296881
175.09121377397045	750	17.315809279372257	0.0	331053	3734.315304932413	0.75	0.0827137678861618	0.028724657371640205	0.04824417904019356	0.08865159285364407
180.51474166328896	1200	15.892281390053745	0.0	550906	5423.527889318513	0.75	0.07212024927139282	0.03154011070728302	0.0342721164226532	0.10157705671339756

