8.30500987969546	750	4.0	8.30500987969546	450283	8305.009879695459	-34.961542482690476	0.22402185201644897	0.035639699548482895	0.1812542125582695	0.054218237729117755
9.850454696816769	300	6.45455518287869	0.0	155580	1545.4448171213103	-0.15000000000000002	0.06038076430559158	0.02434094063937664	0.031171635538339616	0.10067004546289646
10.844814054049817	300	9.460195825645641	0.0	139857	994.359357233048	0.3	0.09472441673278809	0.02643565647304058	0.06300162896513939	0.14065035842693008
14.06579283313072	750	10.23921704656474	0.0	382355	3220.978779080903	0.3	0.11672355979681015	0.02833016961812973	0.08272735625505448	0.11870770539789272
18.176148805813405	750	10.128861073882051	0.0	411561	4110.355972682688	0.75	0.10383384674787521	0.030902249738574028	0.06675114706158639	0.10012782414351046
21.38978783328026	750	10.915222046415197	0.0	318564	3213.6390274668533	0.75	0.08497180044651031	0.02802814543247223	0.05133802592754364	0.09912874385618463
24.95240135520864	750	11.352608524486817	0.0	352642	3562.613521928381	0.75	0.07260022312402725	0.027856897562742233	0.039171946048736576	0.09898407386303328
26.5359664443002	300	13.76904343539526	0.0	173849	1583.5650890915595	-0.15000000000000002	0.07226628065109253	0.02911553531885147	0.03732763826847076	0.1097832992136317
27.945831676816884	300	16.359178202878574	0.0	150710	1409.8652325166831	0.3	0.07371962815523148	0.029862968251109123	0.03788406625390053	0.10689674198928559
29.50862542618248	300	18.796384453512978	0.0	139105	1562.7937493655954	0.3	0.07575152069330215	0.028354940935969353	0.041725591570138935	0.08901046606851905
32.32901570629243	750	19.975994173403027	0.0	353220	2820.390280109953	0.3	0.08116165548563004	0.029618097469210625	0.045619938522577286	0.12523798656199797
35.473789940486284	750	20.83121993920917	0.0	405134	3144.774234193853	0.75	0.08463993668556213	0.03214728832244873	0.046063190698623656	0.12882768994825922
38.46410351403157	750	21.840906365663887	0.0	386351	2990.313573545286	0.75	0.09785012900829315	0.03440512344241142	0.056563980877399445	0.12920083145057795
41.897497205001976	750	22.407512674693486	0.0	434409	3433.393690970404	0.75	0.08881082385778427	0.031873028725385666	0.050563189387321475	0.1265246689135786
43.93295426917072	750	24.372055610524743	0.0	337059	2035.457064168743	0.75	0.08961965143680573	0.03138885274529457	0.05195302814245224	0.1655937656133518
45.93720556437127	750	26.367804315324197	0.0	366214	2004.2512952005436	0.75	0.09271299093961716	0.03155401721596718	0.05484817028045654	0.18271860463652934
49.513469208699306	1200	26.79154067099615	0.0	617242	3576.2636443280453	0.75	0.10345587134361267	0.03363977000117302	0.06308814734220505	0.17259409858636846
52.9977644611745	1200	27.30724541852096	0.0	581493	3484.2952524751904	1.2	0.09906978160142899	0.03132978826761246	0.06147403568029404	0.16688970304308057
57.482577042395484	1200	26.822432837299974	0.0	639204	4484.812581220987	1.2	0.1080327033996582	0.030676743015646935	0.07122061178088188	0.14252635721646525
61.703376921533966	1200	26.60163295816149	0.0	586839	4220.799879138484	1.2	0.11174149066209793	0.035155538469552994	0.06955484449863433	0.1390350210396094
66.12928421078925	1200	26.175725668906203	0.0	601738	4425.907289255286	1.2	0.10344187170267105	0.03404922038316727	0.06258280724287033	0.13595811224081242
70.84218386081884	1200	25.462826018876616	0.0	616206	4712.899650029585	1.2	0.10316149890422821	0.0334831178188324	0.06298175752162934	0.13074880556731816
78.17895051683978	1200	22.126059362855674	0.0	656471	7336.766656020938	1.2	0.11459343135356903	0.032175783067941666	0.07598249167203903	0.08947688140814254
85.43610266033453	1200	18.868907219360917	0.0	536667	7257.152143494756	1.2	0.09457574784755707	0.0326121523976326	0.05544116497039795	0.07395008253768848
88.25313840888502	750	20.051871470810415	0.0	359903	2817.0357485505006	0.3	0.08711524307727814	0.03276035189628601	0.047802820801734924	0.12775947205681976
91.67903051724042	750	20.62597936245502	0.0	379700	3425.892108355398	0.75	0.10045833140611649	0.03442160785198212	0.059152401983737946	0.11083244538669237
95.98755442242498	750	20.317455457270466	0.0	425781	4308.523905184551	0.75	0.09830190241336823	0.03283455967903137	0.05890043079853058	0.09882294014607819
99.09954550843676	750	21.20546437125869	0.0	277716	3111.9910860117784	0.75	0.0876455307006836	0.031592827290296555	0.04973413795232773	0.0892406155172865
102.53904776289299	750	21.765962116802445	0.0	400396	3439.502254456243	0.75	0.09102947264909744	0.032764315605163574	0.05171229392290116	0.11641102996261862
106.31244129049483	750	21.99256858920061	0.0	400508	3773.393527601838	0.75	0.09132520854473114	0.03383531793951988	0.050722827017307286	0.10614000290993791
109.13530245477835	750	23.169707424917068	0.0	358218	2822.8611642835376	0.75	0.085468590259552	0.03491675481200218	0.043568484485149384	0.12689890828935552
112.25028832535605	750	24.054721554339373	0.0	400322	3114.9858705776974	0.75	0.08761769533157349	0.034268349409103394	0.046495676040649414	0.1285148686487484
116.82191646301129	1200	23.483093416684138	0.0	584349	4571.628137655233	0.75	0.0888260155916214	0.030442314222455025	0.05229523852467537	0.12782076372023335
120.70041066307694	1200	23.604599216618492	0.0	670129	3878.494200065649	1.2	0.09489127993583679	0.03080347180366516	0.0579271137714386	0.17278071473941026
124.69358291939966	1200	23.611426960295777	0.0	690253	3993.172256322716	1.2	0.0979447141289711	0.030533790588378906	0.06130416542291641	0.1728583080549721
128.24906882697496	1200	24.055941052720478	0.0	598727	3555.4859075752975	1.2	0.10785327851772308	0.03247391805052757	0.06888457685709	0.16839526735975968
131.58833148244355	1200	24.716678397251894	0.0	487812	3339.262655468585	1.2	0.10458822548389435	0.032019298523664474	0.06616506725549698	0.14608374672208807
135.6791918705516	1200	24.625818009143863	0.0	575591	4090.8603881080303	1.2	0.10414310544729233	0.03161163628101349	0.06620914191007615	0.14070169729409987
140.28364087342632	1200	24.021369006269147	0.0	605884	4604.449002874717	1.2	0.1092766746878624	0.030751019716262817	0.07237545102834703	0.1315866457901316
144.47112515388724	1200	23.833884725808232	0.0	587506	4187.484280460913	1.2	0.0983780175447464	0.033995620906353	0.0575832724571228	0.14030046697520585
149.03074471560578	1200	23.2742651640897	0.0	566904	4559.619561718531	1.2	0.10816037654876709	0.03125011920928955	0.07066023349761963	0.12433142553374181
159.03852812108732	1200	17.26648175860817	0.0	641452	10007.783405481534	1.2	0.10814844816923141	0.03185899183154106	0.06991765797138214	0.06409531201970851
162.13559177870812	750	18.169418100987365	0.0	372093	3097.0636576208044	0.3	0.09125760197639465	0.03111240454018116	0.05392271652817726	0.12014380107570846
165.90905037185755	750	18.395959507837944	0.0	438281	3773.45859314942	0.75	0.09186212718486786	0.033659618347883224	0.05147058516740799	0.11614835281237314
170.02758921099266	750	18.277420668702835	0.0	398987	4118.538839135109	0.75	0.0968552827835083	0.03265254944562912	0.057672223448753356	0.09687586194617193
174.16990373969358	750	18.135106140001902	0.0	393804	4142.314528700934	0.75	0.09482631087303162	0.03272312134504318	0.0555585652589798	0.09506858961854361
179.00458590729983	1200	17.30042397239565	0.0	538612	4834.682167606254	0.75	0.08811961114406586	0.032260894775390625	0.04940653741359711	0.11140587557313565
185.9121110245292	1850	14.392898855166257	0.0	846370	6907.525117229392	1.2000000000000002	0.08992327749729156	0.03210162743926048	0.051401324570178986	0.12252868945621424

