5.316532169177853	750	4.0	5.316532169177853	450283	5316.532169177853	-22.111088327464767	0.10429483652114868	0.03020135872066021	0.06805320605635642	0.08469486982707972
6.183988786853119	300	7.132543382324735	0.0	155580	867.4566176752656	-0.15000000000000002	0.08502409607172012	0.028017589822411537	0.05140298828482628	0.17935190859105501
7.533108083507012	750	9.783424085670841	0.0	350812	1349.1192966538936	0.3	0.1282149702310562	0.027594780549407005	0.09510123357176781	0.2600303774989279
9.187885325095358	750	12.128646844082498	0.0	382355	1654.7772415883446	0.75	0.17271411418914795	0.03504643216729164	0.13065839558839798	0.23106131169231878
12.339481609513394	1200	12.97705055966446	0.0	652874	3151.5962844180367	0.75	0.15963010489940643	0.026493502780795097	0.1278379015624523	0.20715660924843282
14.780327026395438	1200	14.536205142782418	0.0	520315	2440.845416882044	1.2	0.1467396467924118	0.02969716489315033	0.11110304892063141	0.21316999282349255
16.52716563482433	1200	16.78936653435353	0.0	561791	1746.8386084288895	1.2	0.12641648948192596	0.03421111777424812	0.08536314815282822	0.321604409983402
18.649616575391352	1200	18.666915593786506	0.0	709534	2122.4509405670233	1.2	0.14710494875907898	0.030931156128644943	0.10998756140470506	0.3342993642107197
21.13688309609951	1850	20.179649073078348	0.0	852833	2487.266520708161	1.2000000000000002	0.1489648073911667	0.030525675043463707	0.11233399733901024	0.342879620217453
23.59367620389838	1850	21.72285596527948	0.0	913888	2456.79310779887	1.85	0.16659455001354218	0.03793284296989441	0.12107513844966888	0.3719841109529916
26.27755027747906	1850	23.038981891698796	0.0	939819	2683.874073580682	1.85	0.17640045285224915	0.030858295038342476	0.13937049880623817	0.35017253948362176
31.838177118665214	2850	21.478355050512643	0.0	1519951	5560.626841186154	1.85	0.2005690634250641	0.038396332412958145	0.15449346452951432	0.2733416651414384
36.045407522899104	2850	21.271124646278754	0.0	1422919	4207.230404233893	2.85	0.1921738237142563	0.037678152322769165	0.1469600409269333	0.3382080046217729
40.74050654675349	2850	20.576025622424368	0.0	1578343	4695.099023854385	2.85	0.19401615858078003	0.0361286997795105	0.15066171884536744	0.33616820262595404
43.18750954519559	2850	22.129022623982273	0.0	1231445	2447.0029984420958	2.85	0.2023444026708603	0.03036678582429886	0.16590425968170167	0.5032462162016187
46.16939083817011	2850	23.147141331007752	0.0	1471065	2981.881292974523	2.85	0.23398633301258087	0.040270011872053146	0.1856623187661171	0.49333452792567906
51.86567101852654	4300	21.450861150651328	0.0	2289689	5696.280180356426	2.8499999999999996	0.25566667318344116	0.03006746992468834	0.21958570927381516	0.40196214503211636
57.0739422111311	4300	20.242589958046768	0.0	2059512	5208.27119260456	4.3	0.2572677433490753	0.035623859614133835	0.21451911181211472	0.39543102189540097
64.87847275396955	4300	16.438059415208322	0.0	2220726	7804.530542838445	4.3	0.24549296498298645	0.047410957515239716	0.1885998159646988	0.284543187807468
70.81093626560974	2850	14.505595903568128	0.0	1336050	5932.463511640193	1.4000000000000001	0.23754262924194336	0.030618486925959587	0.20080044493079185	0.22520998188670058
80.94136431080487	2850	8.375167858372986	0.0	1415116	10130.428045195142	2.85	0.20223179459571838	0.03408631309866905	0.16132821887731552	0.13968965513468
83.92988425147543	1200	9.386647917702431	0.0	616206	2988.5199406705547	-0.44999999999999996	0.17688106000423431	0.04560510814189911	0.12215493023395538	0.20619102841312736
86.86028463421155	1200	10.456247534966307	0.0	656471	2930.4003827361257	1.2	0.18593370914459229	0.041809163987636566	0.1357627123594284	0.22402092351184127
88.4584157763488	1200	12.858116392829059	0.0	536667	1598.1311421372486	1.2	0.17266923189163208	0.033017732203006744	0.133047953248024	0.33580911218730924
91.1875305015069	1850	14.129001667670968	0.0	897976	2729.1147251580924	1.2000000000000002	0.20403864979743958	0.0316743440926075	0.16602943688631058	0.3290356362530644
93.6852646223697	1850	15.631267546808184	0.0	905935	2497.734120862785	1.85	0.20408320426940918	0.029010917991399765	0.16927010267972947	0.3627027362252094
96.55631892936843	1850	16.760213239809453	0.0	1076599	2871.0543069987325	1.85	0.2085283249616623	0.03149937465786934	0.1707290753722191	0.37498385083681224
98.96648364612352	1850	18.35004852305435	0.0	758197	2410.164716755099	1.85	0.19782845675945282	0.031364575028419495	0.16019096672534944	0.3145830634433944
102.42506633180355	1850	18.891465837374334	0.0	972798	3458.5826856800204	1.85	0.19152215123176575	0.03955405205488205	0.1440572887659073	0.2812707078040351
105.67539360407454	1850	19.64113856510334	0.0	975811	3250.3272722709903	1.85	0.18290291726589203	0.0344405435025692	0.14157426506280898	0.3002193066294536
108.29646451160009	1850	21.0200676575778	0.0	873429	2621.0709075255395	1.85	0.19147245585918427	0.04546128585934639	0.1369189128279686	0.33323364030032043
112.66878413901432	2850	20.64774803016358	0.0	1497683	4372.31962741422	1.85	0.21554751694202423	0.044252172112464905	0.16244491040706635	0.34253740065332927
115.4669627818409	2850	21.84956938733699	0.0	1358081	2798.178642826587	2.85	0.2237483561038971	0.02858326956629753	0.18944843262434005	0.48534463783489223
118.65998660727305	2850	22.656545561904842	0.0	1587293	3193.023825432151	2.85	0.2370840311050415	0.03451083227992058	0.1956710323691368	0.4971127955129405
122.19953153616187	2850	23.117000633016026	0.0	1492672	3539.5449288888176	2.85	0.2580651342868805	0.04818344488739967	0.20024500042200089	0.42171296875403697
128.0146279399726	4300	21.3019042292053	0.0	2143948	5815.096403810727	2.8499999999999996	0.27471286058425903	0.027232421562075615	0.2420339547097683	0.3686865790556862
134.02184670562352	4300	19.294685463554377	0.0	1919781	6007.218765650923	4.3	0.2424997091293335	0.03205320984125137	0.20403585731983184	0.31957900567517933
139.73558405186054	2850	17.580948117317348	0.0	1499009	5713.737346237028	1.4000000000000001	0.22419194877147675	0.04201672598719597	0.1737718775868416	0.26235175143065026
150.77976040073835	2850	10.53677176843954	0.0	1427478	11044.176348877809	2.85	0.22615006566047668	0.03453723341226578	0.18470538556575775	0.1292516485527728
154.8515350030311	1850	10.464997166146782	0.0	930577	4071.7746022927577	0.8500000000000001	0.16917704045772552	0.03380097821354866	0.12861586660146712	0.2285433480222617
158.7256089687172	1850	10.590923200460658	0.0	858450	3874.073965686124	1.85	0.19669689238071442	0.03887039050459862	0.15005242377519606	0.2215884383219211
161.71923795100986	1850	11.597294218168015	0.0	1025005	2993.6289822926424	1.85	0.18878765404224396	0.03025808371603489	0.1524779535830021	0.34239546919906205
164.3537021661229	1850	12.962830003054952	0.0	886255	2634.464215113063	1.85	0.20212379097938538	0.03523118048906326	0.15984637439250945	0.33640806161489833
166.96422508108105	1850	14.35230708809679	0.0	973972	2610.522914958162	1.85	0.20515313744544983	0.03069073148071766	0.16832425966858863	0.37309459894766317
169.6974430321899	1850	15.619089136987945	0.0	958994	2733.217951108845	1.85	0.20846591889858246	0.028180226683616638	0.1746496468782425	0.3508662745358246
173.2130932089555	1850	16.103438960222334	0.0	982064	3515.6501767656105	1.85	0.20496416091918945	0.03931615874171257	0.15778477042913436	0.2793406484212535
177.2921877677728	2850	16.02434440140506	0.0	1231456	4079.0945588172763	1.85	0.1809736043214798	0.04364094138145447	0.12860447466373442	0.3018944479573569
183.95599684915106	4300	13.360535320026772	0.0	2155012	6663.809081378287	2.8499999999999996	0.19325785338878632	0.037705305963754654	0.14801148623228072	0.3233904173548554

