2.791399544400892	750	4.0	2.791399544400892	450283	2791.399544400892	-11.253018040923836	0.06651560962200165	0.026572147384285927	0.03462903276085854	0.1613108381074278
4.908786733632633	750	5.88261281076826	0.0	398865	2117.38718923174	0.75	0.13168948888778687	0.026701543480157852	0.09964763671159745	0.18837603345693318
7.036556424140605	750	7.754843120260287	0.0	350812	2127.769690507973	0.75	0.13646277785301208	0.029612088575959206	0.10092827156186104	0.16487310706839184
9.466317230405407	750	9.325082313995486	0.0	382355	2429.7608062648	0.75	0.12435280531644821	0.03459957614541054	0.08283331394195556	0.1573632264600494
11.966002331352783	750	10.82539721304811	0.0	411561	2499.685100947377	0.75	0.1253792941570282	0.029626259580254555	0.08982778266072274	0.16464513863927058
13.842236326105017	750	12.949163218295878	0.0	318564	1876.2339947522314	0.75	0.10172383487224579	0.031845275312662125	0.06350950449705124	0.169789056637399
16.174951495268935	750	14.616448049131957	0.0	352642	2332.7151691639206	0.75	0.09658841788768768	0.03252927213907242	0.05755329132080078	0.1511723354233565
18.75573520722308	750	16.035664337177813	0.0	437162	2580.7837119541437	0.75	0.09560400992631912	0.03302899748086929	0.055969212949275975	0.16939118066154615
20.70732060466673	750	18.084078939734166	0.0	374758	1951.5853974436488	0.75	0.10904978215694427	0.03312458097934723	0.0693002849817276	0.19202746674108634
24.02132789132723	1200	18.770071653073664	0.0	560821	3314.0072866605014	0.75	0.11538520455360413	0.03176668658852577	0.0772651806473732	0.16922744927490332
27.288534340001615	1200	19.50286520439928	0.0	607410	3267.206448674383	1.2	0.1243693083524704	0.030417822301387787	0.08786792159080506	0.18591111689512213
30.875265433665763	1200	19.916134110735126	0.0	594078	3586.7310936641534	1.2	0.13380233943462372	0.037029605358839035	0.08936681300401689	0.16563215487478833
34.375130521274244	1200	20.416269023126645	0.0	624282	3499.865087608479	1.2	0.11369331926107407	0.034010086208581924	0.07288121581077575	0.17837316135708053
38.382478779972104	1200	20.40892076442879	0.0	687371	4007.3482586978557	1.2	0.12031880021095276	0.03239447623491287	0.08144542872905731	0.1715276426270358
41.54491569218331	1200	21.246483852217576	0.0	526950	3162.4369122112107	1.2	0.1181371808052063	0.03128047659993172	0.08060060888528825	0.16662782993876413
45.2029472994997	1200	21.588452244901195	0.0	587876	3658.0316073163854	1.2	0.11633168160915375	0.036102041602134705	0.0730092316865921	0.16070828880324495
48.43769603117198	1200	22.35370351322891	0.0	617242	3234.7487316722804	1.2	0.11451295763254166	0.031964488327503204	0.07615557163953782	0.19081605750592628
51.34333790862233	1200	23.44806163577856	0.0	581493	2905.641877450349	1.2	0.126432865858078	0.03238474205136299	0.08757117539644241	0.2001254884549813
56.570920307663194	1850	22.22047923673769	0.0	987708	5227.582399040872	1.2000000000000002	0.13593898713588715	0.033846233040094376	0.0953235074877739	0.188941641585835
61.986036622193886	1850	20.805362922207003	0.0	923755	5415.116314530691	1.85	0.13549619913101196	0.030393507331609726	0.09902399033308029	0.17058821017772702
67.30390067080026	1850	19.48749887360064	0.0	891604	5317.864048606362	1.85	0.12202902883291245	0.03377912566065788	0.08149407804012299	0.16766205225454386
72.82039230746503	1850	17.971007236935876	0.0	955231	5516.491636664762	1.85	0.13238796591758728	0.03195272758603096	0.09404469281435013	0.1731591494947914
78.15729559079868	1850	16.634103953602224	0.0	968026	5336.90328333365	1.85	0.12700088322162628	0.03241417184472084	0.08810387700796127	0.18138346314481665
83.30862922518503	1850	15.482770319215879	0.0	874175	5151.333634386347	1.85	0.12848329544067383	0.033794138580560684	0.08793032914400101	0.1696987735689801
86.67026830787458	1200	16.121131236526324	0.0	587236	3361.6390826895554	0.5499999999999999	0.12269571423530579	0.0318889282643795	0.0844290003180504	0.17468740264947435
89.92329836020119	1200	16.868101184199723	0.0	590335	3253.0300523265987	1.2	0.13195738196372986	0.037534382194280624	0.08691612333059312	0.181472347474253
94.16775170495846	1200	16.62364783944245	0.0	696376	4244.453344757271	1.2	0.12758202850818634	0.033047452569007874	0.08792508542537689	0.16406729994103017
97.25951466131897	1200	17.53188488308194	0.0	487160	3091.762956360511	1.2	0.11850811541080475	0.029469283297657967	0.08314497545361518	0.157567060242375
100.57232101985454	1200	18.21907852454637	0.0	622896	3312.8063585355685	1.2	0.1213146299123764	0.035921625792980194	0.07820867896080017	0.18802668571167322
103.84313111842015	1200	18.94826842598077	0.0	641447	3270.8100985656006	1.2	0.12980252504348755	0.03330133855342865	0.08984091877937317	0.19611257782324437
106.69461817180549	1200	20.096781372595434	0.0	570392	2851.487053385341	1.2	0.1262085735797882	0.032447606325149536	0.08727144598960876	0.2000331719278962
111.9783146126402	1850	18.813084931760727	0.0	954453	5283.696440834707	1.2000000000000002	0.13120794296264648	0.03441696986556053	0.08990757912397385	0.18064114974955253
115.7056715451077	1200	19.085727999293226	0.0	584349	3727.3569324675004	0.5499999999999999	0.11450421810150146	0.033938728272914886	0.0737777441740036	0.1567730192163707
119.61906475749751	1200	19.172334786903413	0.0	670129	3913.393212389817	1.2	0.13823223114013672	0.03108026087284088	0.10093591809272767	0.17123988406745563
123.87795179826082	1200	18.913447746140097	0.0	690253	4258.887040763314	1.2	0.12306145578622818	0.03136906027793884	0.08541858345270156	0.16207356367833764
127.15207983838727	1200	19.63931970601365	0.0	598727	3274.1280401264426	1.2	0.12058712542057037	0.03638096898794174	0.07692996263504029	0.18286609218156233
129.9880135367249	1200	20.803386007675996	0.0	487812	2835.9336983376575	1.2	0.12005245685577393	0.03745018318295479	0.07511223703622819	0.17201107356139578
133.04425994789605	1200	21.74713959650485	0.0	575591	3056.2464111711433	1.2	0.12451048940420151	0.031345974653959274	0.08689531981945038	0.18833265468913402
136.71730119110416	1200	22.074098353296733	0.0	605884	3673.0412432081166	1.2	0.12417469173669815	0.03116513229906559	0.08677653297781945	0.16495431439011213
140.00851815808497	1200	22.782881386315932	0.0	587506	3291.216966980804	1.2	0.12106718122959137	0.03184778615832329	0.08284983783960342	0.17850722267603897
143.32949665183176	1200	23.461902892569142	0.0	566904	3320.97849374679	1.2	0.13036906719207764	0.03430904820561409	0.08919820934534073	0.17070390581193087
147.15779745982456	1200	23.633602084576324	0.0	641452	3828.300807992818	1.2	0.11745665967464447	0.034956417977809906	0.07550895810127259	0.1675552763933182
152.35002305218453	1850	22.44137649221636	0.0	886255	5192.225592359964	1.2000000000000002	0.13147184252738953	0.03180963173508644	0.09330028444528579	0.17068884705319218
157.1424879487072	1850	21.648911595693654	0.0	973972	4792.464896522706	1.85	0.11756633222103119	0.03500523045659065	0.0755600556731224	0.20322986626499653
162.34930786973675	1850	20.442091674664137	0.0	958994	5206.819921029515	1.85	0.12398524582386017	0.029648179188370705	0.08840743079781532	0.1841803662398187
168.17051123681793	1850	18.62088830758296	0.0	982064	5821.203367081179	1.85	0.12526309490203857	0.03394455462694168	0.08452962934970856	0.1687046368373862
173.1206259030182	1850	17.67077364138267	0.0	830730	4950.114666200285	1.85	0.12756475806236267	0.03473431244492531	0.0858835831284523	0.1678203548843586
180.98052569010062	2850	13.81087385430025	0.0	1364537	7859.899787082422	1.85	0.12594273686408997	0.036964301019907	0.08158557564020158	0.17360742973372098

