2.4591806775832987	750	4.0	2.4591806775832987	450283	2459.180677583299	-9.824476913608184	0.1809074580669403	0.03632455691695213	0.13731798976659776	0.18310285376937205
4.723873576737387	750	5.735307100845911	0.0	398865	2264.692899154089	0.75	0.12949422001838684	0.029178407043218613	0.09448013156652452	0.1761232174786191
6.854712926535341	750	7.604467751047958	0.0	350812	2130.8393497979537	0.75	0.1517794132232666	0.027115222066640854	0.11924114674329758	0.16463559302735048
9.217083672145424	750	9.242097005437873	0.0	382355	2362.3707456100833	0.75	0.12762580811977386	0.030123557895421982	0.09147753864526749	0.1618522413175484
16.711911545954123	750	5.7472691316291735	0.0	411561	7494.8278738087	0.75	0.12221315503120422	0.030124187469482422	0.08606413006782532	0.05491266870026918
16.99638454085003	300	9.462796136733264	0.0	126289	284.4729948959082	-0.15000000000000002	0.06508363038301468	0.028818422928452492	0.030501522868871693	0.4439402061563367
18.58334057548154	1200	11.875840102101757	0.0	561791	1586.9560346315072	0.29999999999999993	0.18134135007858276	0.027492975816130638	0.148349779099226	0.3540053963312528
31.935591129544814	1850	4.0	1.4764104519615175	1060487	13352.250554063274	-5.1485649434345255	0.18613842129707336	0.03603588789701462	0.14289535582065582	0.0794238391278
33.00838259810515	300	6.927208531439663	0.0	150710	1072.7914685603364	-1.25	0.11193342506885529	0.030759679153561592	0.07502181008458138	0.14048396581886474
35.052768371852046	750	8.882822757692761	0.0	362795	2044.3857737469032	0.3	0.11616246402263641	0.03192936256527901	0.0778472289443016	0.17745916874342052
37.25707897001373	750	10.678512159531076	0.0	353220	2204.310598161684	0.75	0.12984737753868103	0.035392530262470245	0.08737634122371674	0.16024057603069766
39.75840471551789	750	12.177186414026917	0.0	405134	2501.325745504159	0.75	0.13345713913440704	0.03045826405286789	0.09690722227096557	0.1619677088152877
42.12928734591259	750	13.806303783632226	0.0	386351	2370.882630394692	0.75	0.11068956553936005	0.040191296488046646	0.062460009753704075	0.1629566116209145
46.477945296727626	1200	13.457645832817185	0.0	687371	4348.657950815041	0.75	0.1258818656206131	0.033583592623472214	0.08558155447244645	0.15806508761425364
49.42463051866239	1200	14.510960610882425	0.0	526950	2946.6852219347606	1.2	0.11688055098056793	0.03315483778715134	0.07709474563598634	0.1788280594335117
53.12002651711874	1200	14.815564612426076	0.0	587876	3695.395998456348	1.2	0.13308115303516388	0.036023106426000595	0.08985342532396318	0.15908335676218985
57.3578267243608	1200	14.577764405184013	0.0	617242	4237.800207242064	1.2	0.11837378144264221	0.033985480666160583	0.0775912046432495	0.14565151017388278
60.907203163852344	1200	15.028387965692461	0.0	581493	3549.3764394915497	1.2	0.1094895750284195	0.034982528537511826	0.0675105407834053	0.1638296218823437
65.21830689805621	1200	14.71728423148859	0.0	639204	4311.103734203872	1.2	0.11862410604953766	0.034976404160261154	0.07665242105722428	0.14826922278130739
70.06334145749906	1200	13.872249672045742	0.0	586839	4845.034559442847	1.2	0.11508473753929138	0.03378717601299286	0.07454012632369995	0.12112173665640134
72.31796691356011	750	15.61762421598468	0.0	386472	2254.6254560610614	0.3	0.10174247622489929	0.03334570676088333	0.061727628111839294	0.17141294974784196
74.59232457208829	750	17.343266557456513	0.0	399894	2274.3576585281667	0.75	0.10834554582834244	0.031130842864513397	0.07098853439092637	0.17582722686579927
77.03356803774872	750	18.90202309179609	0.0	401853	2441.243465660428	0.75	0.11198073625564575	0.03683517500758171	0.0677785262465477	0.16460996441061113
79.91301562148054	1200	20.022575508064257	0.0	536667	2879.447583731831	0.75	0.11372252553701401	0.03417669236660004	0.07271049469709397	0.1863784578097675
83.43934578020882	1200	20.496245349335975	0.0	587236	3526.3301587282804	1.2	0.11616483330726624	0.03199811652302742	0.07776709347963334	0.16652893335766897
92.04143220021648	1200	15.894158929328325	0.0	590335	8602.08642000765	1.2	0.11655163764953613	0.031798988580703735	0.07839285135269165	0.06862695527295981
93.8153321674843	1200	18.120258962060486	0.0	696376	1773.8999672678392	1.2	0.10185863077640533	0.031989336013793945	0.0634714275598526	0.3925677957323368
104.53796323059252	1850	11.397627898952265	0.0	758197	10722.63106310822	1.2000000000000002	0.15792815387248993	0.03592311218380928	0.1148204192519188	0.07070997738685769
107.94808655318205	750	11.98750457636274	0.0	400396	3410.123322589525	-0.3500000000000001	0.1067989319562912	0.033110663294792175	0.06706613600254059	0.11741393554528512
110.21371243542056	750	13.721878694124221	0.0	400508	2265.6258822385184	0.75	0.11522144079208374	0.03569994494318962	0.0723815068602562	0.1767758759907368
112.42488001522685	750	15.510711114317926	0.0	358218	2211.1675798062947	0.75	0.11481980234384537	0.0288574006408453	0.08019092157483101	0.16200400334712806
114.92380638491932	750	17.011784744625466	0.0	400322	2498.9263696924604	0.75	0.11234691739082336	0.03481963276863098	0.0705633580684662	0.1601975971982188
118.57652269872169	1200	17.3590684308231	0.0	584349	3652.7163138023684	0.75	0.12500180304050446	0.033341359347105026	0.08499217182397842	0.15997656259040555
122.53257899164647	1200	17.403012137898315	0.0	670129	3956.056292924784	1.2	0.11951108276844025	0.03673198074102402	0.07543270587921143	0.16939319119358678
126.32490244594472	1200	17.610688683600078	0.0	690253	3792.323454298238	1.2	0.12102247774600983	0.033553384244441986	0.08075841665267944	0.1820132191566265
130.785287079519	1200	17.15030405002578	0.0	598727	4460.384633574296	1.2	0.11792168021202087	0.03165179491043091	0.0799395263195038	0.13423214569731282
133.7119523742089	1200	18.223638755335887	0.0	487812	2926.665294689892	1.2	0.11856325715780258	0.037471380084753036	0.07359760105609894	0.16667843804519789
137.5415376208873	1200	18.39405350865747	0.0	575591	3829.585246678416	1.2	0.11084592342376709	0.03234628587961197	0.07203038036823273	0.15030113260939623
141.73907387271885	1200	18.196517256825945	0.0	605884	4197.536251831527	1.2	0.12260881811380386	0.031720202416181564	0.08454457521438599	0.14434276767368773
146.3649872511612	1200	17.57060387838357	0.0	587506	4625.913378442374	1.2	0.11492002010345459	0.035117410123348236	0.0727791279554367	0.1270032428056021
149.488621398367	1200	18.44696973117779	0.0	566904	3123.6341472057775	1.2	0.11140507459640503	0.03332647681236267	0.07141330242156982	0.18148860374929618
153.10161802014295	1200	18.83397310940182	0.0	641452	3612.9966217759707	1.2	0.11382368206977844	0.03379172459244728	0.07327361255884171	0.17754016046787607
156.48640526701843	1200	19.449185862526353	0.0	599477	3384.7872468754676	1.2	0.12734948098659515	0.03687506914138794	0.08309939801692963	0.17710921138496474
160.3588953946458	1200	19.576695734898966	0.0	634861	3872.4901276273845	1.2	0.11215663701295853	0.03147450461983681	0.07438723146915435	0.16394128301857536
167.77918147610612	1200	16.156409653438665	0.0	630203	7420.286081460301	1.2	0.11220628023147583	0.03502111881971359	0.07018093764781952	0.08492974436316841
172.86221973107425	1200	15.07337139847055	0.0	638661	5083.038254968115	1.2	0.09623425453901291	0.03364621847867966	0.05585879236459732	0.12564552300502138
180.43050272731904	1200	11.505088402225722	0.0	538612	7568.282996244829	1.2	0.10818269848823547	0.03351558372378349	0.06796399801969528	0.07116700052934652
184.30165829331756	1200	11.6339328362272	0.0	550906	3871.1555659985224	1.2	0.08950088918209076	0.03335028514266014	0.049480547010898594	0.14231047825583826

