4.06666104753186	750	4.0	4.06666104753186	450283	4066.66104753186	-16.736642504386996	0.06318731606006622	0.025662796571850777	0.0323919601738453	0.11072548086427957
5.519848766569046	300	6.546812280962813	0.0	155580	1453.187719037187	-0.15000000000000002	0.10678638517856598	0.027473047375679016	0.07381872832775116	0.10706118553154297
6.823584820307489	300	9.24307622722437	0.0	139857	1303.7360537384425	0.3	0.09583880007266998	0.030662478879094124	0.05904382541775704	0.10727401424464889
8.263600710142633	300	11.803060337389226	0.0	155432	1440.0158898351428	0.3	0.0902252346277237	0.029606981202960014	0.05469685718417168	0.10793769783873308
9.773703372827507	300	14.292957674704352	0.0	163442	1510.1026626848748	0.3	0.08996429294347763	0.03064156137406826	0.05319441929459572	0.10823237653883057
10.939662005200567	300	17.126999042331292	0.0	126289	1165.9586323730593	0.3	0.08299040049314499	0.032105449587106705	0.044463860988616946	0.1083134482592798
12.307579300233986	300	19.759081747297873	0.0	153295	1367.9172950334173	0.3	0.0750117376446724	0.028959810733795166	0.040259964764118195	0.11206452360576018
13.848182280267675	300	22.218478767264184	0.0	173849	1540.60298003369	0.3	0.07804837822914124	0.030325500294566154	0.04165777787566185	0.11284477717691956
17.032688334269505	750	23.033972713262354	0.0	374758	3184.506054001827	0.3	0.08128154277801514	0.029654610902071	0.04569600969552994	0.11768167296433879
20.06177843639169	750	24.004882611140168	0.0	362795	3029.0901021221875	0.75	0.08198313415050507	0.03031277097761631	0.045607808977365494	0.119770290010794
25.09204694125983	1200	22.97461410627203	0.0	607410	5030.26850486814	0.75	0.09504999965429306	0.030329568311572075	0.058654517680406575	0.12075100949624602
31.074731087113175	1200	20.991929960418684	0.0	594078	5982.684145853342	1.2	0.09222796559333801	0.030015978962183	0.056208790838718416	0.09929957616294376
35.82583812512997	750	20.240822922401886	0.0	386351	4751.1070380168	0.3	0.08410557359457016	0.03101951815187931	0.04688215181231499	0.08131810058341057
39.76580535371343	750	20.300855693818427	0.0	434409	3939.9672285834627	0.75	0.08686032146215439	0.03176276385784149	0.0487450048327446	0.11025700844628171
42.72261829335474	750	21.34404275417712	0.0	337059	2956.8129396413065	0.75	0.08603744953870773	0.02948077954351902	0.05066051408648491	0.11399402223966489
45.86163748165975	750	22.205023565872118	0.0	366214	3139.019188305004	0.75	0.09143322706222534	0.031335148960351944	0.05383104830980301	0.1166651039803764
48.842836660134914	750	23.223824387396952	0.0	360831	2981.1991784751676	0.75	0.09267162531614304	0.03255864605307579	0.05360125005245209	0.1210355224183843
51.89977171166244	750	24.16688933586942	0.0	372963	3056.9350515275296	0.75	0.09150037169456482	0.03338640183210373	0.05143668949604035	0.1220055361704963
55.19938423509436	750	24.8672768124375	0.0	405596	3299.612523431922	0.75	0.08796663582324982	0.031804926693439484	0.049800723791122437	0.12292231197441941
58.14410074090702	750	25.922560306624842	0.0	350713	2944.7165058126607	0.75	0.0881655290722847	0.03190590441226959	0.04987844377756119	0.11909907093185966
61.46122491099358	750	26.605436136538287	0.0	386472	3317.1241700865544	0.75	0.09167555719614029	0.03253166377544403	0.05263756066560745	0.1165081498863263
64.92357397739815	750	27.143087070133717	0.0	399894	3462.34906640457	0.75	0.08616706728935242	0.03364008292555809	0.04579896777868271	0.11549788664586166
68.33779903422425	750	27.728862013307623	0.0	401853	3414.225056826093	0.75	0.08446898311376572	0.031294118613004684	0.0469160407781601	0.11769962240672197
72.82402657649621	1200	27.242634471035654	0.0	536667	4486.227542271968	0.75	0.09009233862161636	0.03266622871160507	0.05089286416769028	0.1196254525529962
77.97274812112117	1200	26.093912926410695	0.0	587236	5148.721544624958	1.2	0.09073419868946075	0.033332422375679016	0.05073529183864594	0.11405472114005638
82.85285186430625	1200	25.21380918322563	0.0	590335	4880.1037431850655	1.2	0.08988276869058609	0.0311890859156847	0.052455865591764454	0.12096771525080528
87.32978500377651	1200	24.73687604375537	0.0	696376	4476.933139470265	1.2	0.09546294063329697	0.03293966129422188	0.055935347080230714	0.15554755416392013
88.87310080661696	1200	27.193560240914913	0.0	487160	1543.3158028404537	1.2	0.1074429526925087	0.03232237324118614	0.06865610480308533	0.3156580131580251
91.87516067682714	1850	28.191500370704745	0.0	972798	3002.0598702101724	1.2000000000000002	0.12890295684337616	0.03176082670688629	0.09078996479511262	0.32404350414633637
94.86928228526017	1850	29.197378762271708	0.0	975811	2994.1216084330376	1.85	0.13511207699775696	0.03158203884959221	0.09721363037824632	0.32590894012173643
99.09578514648078	2850	28.9708759010511	0.0	1341201	4226.502861220604	1.85	0.1577707678079605	0.03301757574081421	0.11814967691898345	0.31733114682256813
103.86629415446255	2850	28.20036689306933	0.0	1497683	4770.509007981773	2.85	0.1654312163591385	0.03105287440121174	0.1281677670776844	0.3139461632907837
107.76194070276772	2850	28.30472034476416	0.0	1358081	3895.646548305172	2.85	0.1740848273038864	0.031030481681227684	0.1368482492864132	0.348615045836446
112.41999656781299	2850	27.646664479718908	0.0	1587293	4658.055865045251	2.85	0.1852390617132187	0.03195803612470627	0.14688941836357117	0.3407629805196808
117.11025955037717	2850	26.956401497154726	0.0	1492672	4690.2629825641825	2.85	0.19648216664791107	0.03458984196186066	0.15497435629367828	0.3182491057642041
121.40208470357454	2850	26.664576343957346	0.0	1439896	4291.825153197381	2.85	0.18616269528865814	0.03926431015133858	0.13904552310705184	0.3354973580243098
124.80528726889347	2850	27.261373778638422	0.0	1139291	3403.2025653189216	2.85	0.19794373214244843	0.030139679089188576	0.16177611723542212	0.33477025775961544
131.2033725569026	4300	24.86328849062929	0.0	2147467	6398.085288009134	2.8499999999999996	0.23060135543346405	0.03945334255695343	0.18325734436511992	0.33564213406542737
137.9832302600193	4300	22.083430787512583	0.0	2133870	6779.857703116708	4.3	0.21683385968208313	0.03970092907547951	0.16919274479150773	0.31473669410776245
145.7505550347952	4300	18.31610601273666	0.0	2146120	7767.324774775919	4.3	0.21306009590625763	0.035331908613443375	0.17066180557012559	0.27630105116364395
153.4538490185532	4300	14.612812028978672	0.0	2108491	7703.293983757991	4.3	0.19984889030456543	0.03624220937490463	0.15635823905467988	0.27371290832800194
159.3058860886276	2850	12.760774958904292	0.0	1527299	5852.037070074379	1.4000000000000001	0.206004336476326	0.03742394596338272	0.16109560132026673	0.2609858723913703
163.3753319537844	1850	12.691329093747477	0.0	886255	4069.445865156815	0.8500000000000001	0.180121049284935	0.03433525562286377	0.13891874253749847	0.21778272260315432
166.5679764243865	1850	13.498684623145408	0.0	973972	3192.644470602071	1.85	0.18619433045387268	0.03488041087985039	0.14433783739805223	0.305067479003175
169.589830151927	1850	14.47683089560489	0.0	958994	3021.853727540518	1.85	0.1863791048526764	0.03353211283683777	0.14614056944847106	0.3173528855020139
172.49209806138353	1850	15.57456298614838	0.0	982064	2902.2679094565106	1.85	0.18702033162117004	0.04020164534449577	0.13877835720777512	0.3383781341481686
174.80428730861505	1850	17.26237373891685	0.0	830730	2312.189247231531	1.85	0.19967035949230194	0.03914759308099747	0.15269324779510499	0.35928287487482413
180.4799508252527	4300	15.586710222279212	0.0	2155012	5675.663516637635	1.8499999999999996	0.20058326423168182	0.030654961243271828	0.16379731073975562	0.37969340389591444

