4.82889143527	750	4.0	4.828891435272951	450283	4828.89143527	-20.014233171673688	0.0627329313633	0.0386544325364	0.0240784988269	0.0932476958813
6.49114708556	300	6.337744349708753	0.0	155580	1662.25565029	-0.15000000000000002	0.0932476958813	0.057456852267	0.0357908436143	0.0935957113292
7.98398676634	300	8.844904668932918	0.0	139857	1492.83968078	0.3	0.0934213794976	0.0575638716822	0.0358575078154	0.0936852106767
9.63416557228	300	11.194725862992923	0.0	155432	1650.17880594	0.3	0.0935091579606	0.0576179585327	0.0358911994279	0.0941910049023
21.5976394954	750	4.0	0.7687480601242042	411561	11963.4739231	-3.005616658534078	0.0936786925411	0.00632089180744	0.0873578007337	0.0344014625388
23.3808090423	300	6.21683045311223	0.0	126289	1783.16954689	-0.15000000000000002	0.0696692479871	0.0440847318103	0.0255845161767	0.0708227662481
25.5281892234	300	8.069450272018384	0.0	153295	2147.38018109	0.3	0.066521823233	0.0420931303479	0.0244286928851	0.0713869865009
27.8147873913	300	9.78285210404758	0.0	173849	2286.59816797	0.3	0.0637046478582	0.0403105013624	0.0233941464958	0.0760295369931
29.8060459483	300	11.79159354707252	0.0	150710	1991.25855698	0.3	0.0617543559372	0.039076411735	0.0226779442022	0.0756858015611
31.4666900379	300	14.130949457471095	0.0	139105	1660.6440896	0.3	0.0598359958406	0.0378625276639	0.0219734681766	0.0837656911984
35.0595395066	750	14.538099988769439	0.0	353220	3592.8494687	0.3	0.0752657579733	0.0167238979939	0.0585418599794	0.0983119396114
39.3777687194	750	14.21987077603819	0.0	405134	4318.22921273	0.75	0.0800214809622	0.0177806099475	0.0622408710146	0.09381947554
43.7423214817	750	13.855318013680874	0.0	386351	4364.55276236	0.75	0.0845539615699	0.0187877178992	0.0657662436707	0.0885201808836
48.5910450722	750	13.006594423159047	0.0	434409	4848.72359052	0.75	0.087293686612	0.0193964792187	0.0678972073933	0.0895924446692
59.6736301599	1200	5.924009335544859	0.0	526950	11082.5850876	0.75	0.0905353469581	0.0201167695395	0.0704185774185	0.0475475708812
61.9479387006	300	7.649700794806022	0.0	138313	2274.30854074	-0.6000000000000001	0.0777356472444	0.0369102533896	0.0408253938549	0.0608154071985
63.4736751035	300	10.123964391935282	0.0	143509	1525.73640287	0.3	0.0708295031772	0.0336310946445	0.0371984085327	0.0940588424907
65.0710087484	300	12.526630746973785	0.0	150616	1597.33364496	0.3	0.0708567299931	0.0336440224158	0.0372127075772	0.0942921351936
67.3412598052	300	14.256379690151595	0.0	165384	2270.25105682	0.3	0.071557982311	0.0339769893578	0.0375809929532	0.072848330806
71.3442212748	300	14.253418220555165	0.0	140881	4002.9614696	0.3	0.0690236859166	0.0327736608284	0.0362500250882	0.0351941933666
73.1758276437	300	16.421811851716935	0.0	157671	1831.60636884	0.3	0.0626400701135	0.0307007914326	0.0319392786809	0.0860834525816
74.8456094884	300	18.75203000699498	0.0	157812	1669.78184472	0.3	0.0666715167774	0.0326766609196	0.0339948558578	0.0945105496858
76.5769932137	300	21.020646281677912	0.0	163927	1731.38372532	0.3	0.0667167213238	0.0326988163123	0.0340179050116	0.0946797625523
81.3112302354	300	20.286409260042273	0.0	137654	4734.23702164	0.3	0.0667553965501	0.0327177715921	0.034037624958	0.0290762797407
83.7125367105	300	21.885102784905058	0.0	146754	2401.30647514	0.3	0.0523201603198	0.029531356775	0.0227888035449	0.0611142315733
85.8004921994	300	23.79714729598946	0.0	153938	2087.95548892	0.3	0.0598698578959	0.0337926742346	0.0260771836613	0.0737266674588
88.1862046697	300	25.41143482567381	0.0	181901	2385.71247032	0.3	0.0585059057173	0.0330228111806	0.0254830945367	0.0762459861628
89.6272532483	300	27.970386247057657	0.0	111155	1441.04857862	0.3	0.0568207174049	0.0320716310431	0.0247490863618	0.0771348042318
91.588085122	300	30.009554373382752	0.0	153605	1960.83187367	0.3	0.0553106705229	0.0312193069496	0.0240913635734	0.0783366498996
97.9745987221	1200	27.623040773270695	0.0	641447	6386.51360011	0.29999999999999993	0.0727044389652	0.0165158591895	0.0561885797757	0.100437741178
104.61042424	1200	24.987215255772178	0.0	570392	6635.8255175	1.2	0.0801729071263	0.0182124291688	0.0619604779575	0.0859564493515
111.521080888	1200	22.076558607826563	0.0	620283	6910.65664795	1.2	0.0827329776141	0.0187939860076	0.0639389916065	0.0897574617868
117.861249756	1200	19.736389739496268	0.0	584349	6340.16886833	1.2	0.0855269816533	0.0194286842178	0.0660982974354	0.0921661571065
128.144690644	1200	13.452948851596915	0.0	670129	10283.4408879	1.2	0.0887362836496	0.0201577233332	0.0685785603164	0.0651658338201
132.686962955	750	12.910676540263172	0.0	401088	4542.27231133	0.3	0.0848510581689	0.0225384423067	0.0623126158622	0.0883011789054
138.961332994	750	10.63630650100173	0.0	365161	6274.37003926	0.75	0.0829252791521	0.0220269099793	0.0608983691728	0.0581988307535
143.141475364	750	10.456164131312645	0.0	321064	4180.14236969	0.75	0.07593715316	0.0226427467999	0.0532944063602	0.0768069533536
148.069335821	750	9.528303674237296	0.0	361565	4927.86045708	0.75	0.0738307697705	0.022014670769	0.0518160990015	0.073371598719
152.691864507	750	8.905774988288773	0.0	378327	4622.52868595	0.75	0.0709202515456	0.0211468198623	0.0497734316833	0.081844164894
156.968698326	750	8.628941169070844	0.0	390680	4276.83381922	0.75	0.0742119418708	0.0221283276944	0.0520836141764	0.0913479495613
160.706327101	750	8.891312394806427	0.0	345516	3737.62877426	0.75	0.0746303438137	0.0222530857194	0.0523772580943	0.0924425674318
164.716349832	750	8.881289663206568	0.0	384505	4010.0227316	0.75	0.0824648016442	0.0133226091449	0.0691421924993	0.0958859901142
168.374614423	750	9.223025072440414	0.0	372093	3658.26459077	0.75	0.0861455153367	0.0139172472077	0.072228268129	0.101712981871
173.539800761	750	8.057838734529621	0.0	438281	5165.18633791	0.75	0.0921766683761	0.0148916107305	0.0772850576456	0.0848528922922
177.892513674	750	7.70512582146717	0.0	398987	4352.71291306	0.75	0.0929188036618	0.0150115064696	0.0779072971922	0.0916639824333
181.909409774	750	7.688229721700072	0.0	393804	4016.89609977	0.75	0.0929840230425	0.015022042993	0.0779619800494	0.0980368897326
188.951307826	750	4.646331669774065	0.0	331053	7041.89805193	0.75	0.0940638320741	0.0124857602253	0.0815780718488	0.0470118990021
191.801020402	300	5.7966190934392126	0.0	118421	2849.71257633	-0.15000000000000002	0.0781279887844	0.0390806202371	0.0390473685473	0.0415554189512

