2.104483097760418	750	4.0	2.104483097760418	450283	2104.483097760418	-8.299277320369798	0.22644901275634766	0.03194524347782135	0.18811472058296203	0.21396370466419487
3.9777896422851042	750	6.126693455475313	0.0	398865	1873.3065445246862	0.75	0.15119563043117523	0.03114495612680912	0.11382168307900428	0.21292030456296943
5.653239222200457	750	8.45124387555996	0.0	350812	1675.4495799153533	0.75	0.15470103919506073	0.03307032957673073	0.11501664370298387	0.20938380014856886
7.531473274575015	750	10.573009823185403	0.0	382355	1878.2340523745575	0.75	0.14743125438690186	0.03470201790332794	0.10578883290290833	0.20357154078673406
10.671990614724647	1200	11.432492483035771	0.0	652874	3140.5173401496327	0.75	0.1323985606431961	0.032155558466911316	0.09381189048290253	0.2078874049359311
13.112440897444273	1200	12.992042200316146	0.0	520315	2440.4502827196247	1.2	0.12122561782598495	0.03490152955055237	0.07934378236532211	0.21320450725190096
15.738398570093597	1200	14.366084527666821	0.0	561791	2625.957672649325	1.2	0.11086642742156982	0.03437132015824318	0.06962084323167801	0.2139375687016348
18.990110490532366	1200	15.11437260722805	0.0	709534	3251.7119204387704	1.2	0.11978210508823395	0.03267761692404747	0.08056896477937699	0.21820321644737178
21.796477008375895	1200	16.30800608938452	0.0	584846	2806.366517843531	1.2	0.11681520193815231	0.03483879566192627	0.07500864714384078	0.2083997212343481
24.674618469387113	1200	17.429864628373295	0.0	560821	2878.14146101122	1.2	0.13213975727558136	0.03371349349617958	0.09168356508016587	0.19485525906115764
27.797131677727435	1200	18.307351420032973	0.0	607410	3122.5132083403223	1.2	0.1402229219675064	0.036077775061130524	0.09692959189414979	0.19452599860189237
30.85975266072346	1200	19.244730437036953	0.0	594078	3062.620982996021	1.2	0.13442260026931763	0.03131040558218956	0.09685011357069015	0.19397699006778202
35.768306365343435	1850	18.33617673241697	0.0	946851	4908.553704619981	1.2000000000000002	0.147157222032547	0.032588839530944824	0.10805061459541321	0.19289816450593467
40.80799856765357	1850	17.296484530106838	0.0	1036454	5039.692202310132	1.85	0.13667412102222443	0.03296424821019173	0.09711702316999435	0.20565819466611518
44.71188156884636	1850	17.39260152891405	0.0	821631	3903.883001192789	1.85	0.14425607025623322	0.0319676399230957	0.10589490234851837	0.21046506766441506
49.5257051298275	1850	16.578777967932908	0.0	923170	4813.823560981143	1.85	0.1454806625843048	0.03223681449890137	0.10679648518562318	0.1917747894797876
54.28639820467278	1850	15.818084893087631	0.0	966699	4760.693074845276	1.85	0.13882219791412354	0.0311295036226511	0.10146679356694221	0.20305845909451284
58.63296932919978	1850	15.471513768560625	0.0	885714	4346.571124527006	1.85	0.1490863412618637	0.03470867872238159	0.1074359267950058	0.2037730373263784
63.494451343792946	1850	14.610031753967455	0.0	987708	4861.482014593169	1.85	0.1378406584262848	0.03035326860845089	0.10141673609614373	0.20317014380287815
66.2362915156308	1200	15.868191582129603	0.0	586839	2741.840171837852	0.5499999999999999	0.12676499783992767	0.0385696180164814	0.08048145622014999	0.21403107519817344
69.01960071172189	1200	17.084882386038508	0.0	601738	2783.309196091094	1.2	0.14036373794078827	0.03171967342495918	0.10230012983083725	0.2161951682713105
71.86379916960665	1200	18.240683928153768	0.0	616206	2844.1984578847414	1.2	0.14360933005809784	0.03104338049888611	0.10635727345943452	0.2166536580074931
76.28631097156831	1850	17.81817212619211	0.0	968026	4422.511801961659	1.2000000000000002	0.14532959461212158	0.032667580991983414	0.10612849742174149	0.21888601847724187
80.631519889141	1850	17.47296320861942	0.0	874175	4345.208917572692	1.85	0.14077842235565186	0.036651235073804855	0.09679694026708603	0.20118135090460254
85.1898243228398	1850	16.914658774920632	0.0	897976	4558.304433698789	1.85	0.12949059903621674	0.03623338043689728	0.08601054251194001	0.1969978120288352
89.30333814767678	1850	16.801144950083646	0.0	905935	4113.513824836984	1.85	0.14085431396961212	0.028992239385843277	0.10606362670660019	0.2202338532400342
92.23759025136614	1200	17.86689284639428	0.0	696376	2934.2521036893654	0.5499999999999999	0.14178252220153809	0.036571700125932693	0.09789648205041886	0.23732657433368304
95.84475480596682	1850	18.259728291793607	0.0	758197	3607.1645546006725	1.2000000000000002	0.1423341929912567	0.02849007025361061	0.10814610868692398	0.210191963389354
100.74510700962007	1850	17.35937608814036	0.0	972798	4900.352203653249	1.85	0.14709122478961945	0.04046064615249634	0.09853844940662385	0.19851593509437382
105.40288114445512	1850	16.701601953305303	0.0	975811	4657.774134835053	1.85	0.13755035400390625	0.0326567143201828	0.09836229681968689	0.20950157129818764
109.6420769994653	1850	16.462406098295123	0.0	873429	4239.19585501018	1.85	0.15124712884426117	0.03737883269786835	0.10639252960681916	0.20603648188788448
113.95666438042491	1850	16.14781871733551	0.0	954453	4314.5873809596105	1.85	0.1437513381242752	0.0307990200817585	0.10679251402616502	0.22121535983070514
117.20824073337478	1850	16.896242364385653	0.0	885062	3251.5763529498613	1.85	0.14546866714954376	0.034104280173778534	0.10454353094100952	0.27219474615660283
120.9750984445948	1850	17.129384653165616	0.0	1035329	3766.857711220036	1.85	0.16055499017238617	0.0331156924366951	0.12081615924835205	0.27485216574975707
124.70089550745158	1850	17.40358759030885	0.0	1026056	3725.797062856767	1.85	0.1737060248851776	0.031371645629405975	0.13606005012989045	0.2753923476479603
128.12929995712406	1850	17.975183140636382	0.0	943942	3428.4044496724673	1.85	0.1658993810415268	0.03864388167858124	0.1195267230272293	0.27532982582909066
130.78172417869578	1850	19.32275891906465	0.0	728962	2652.4242215717304	1.85	0.16579408943653107	0.031429801136255264	0.12807832807302474	0.27482858664593385
134.09256278763368	1850	20.01192031012673	0.0	938587	3310.838608937919	1.85	0.16146114468574524	0.029022354632616043	0.126634319126606	0.2834892034502064
137.14914655203194	1850	20.955336545728464	0.0	908665	3056.583764398268	1.85	0.1812509000301361	0.03136427700519562	0.14361376762390138	0.2972812361904577
140.43564136238007	1850	21.668841735380347	0.0	930577	3286.4948103481156	1.85	0.17430706322193146	0.03223308548331261	0.13562736064195632	0.28315182396452054
143.5459793751661	1850	22.55850372259431	0.0	858450	3110.338012786042	1.85	0.18178784847259521	0.03675606846809387	0.13768056631088257	0.2759989417455807
147.29723490978068	1850	22.80724818797973	0.0	1025005	3751.2555346145773	1.85	0.17452093958854675	0.034568265080451965	0.1330390214920044	0.27324318232703765
150.5490615767794	1850	23.55542152098101	0.0	886255	3251.8266669987206	1.85	0.17567569017410278	0.028466537594795227	0.1415158450603485	0.27254066429622176
154.10519620868064	1850	23.9992868890798	0.0	973972	3556.1346319012096	1.85	0.1873583048582077	0.03994033858180046	0.13942989856004714	0.27388501865557524
159.35521253921115	2850	22.749270558549284	0.0	1464921	5250.016330530519	1.85	0.18089650571346283	0.03650161623954773	0.13709456622600555	0.2790317034789049
164.66852796515363	2850	21.4359551326068	0.0	1483527	5313.315425942484	2.85	0.1890365332365036	0.03624356538057327	0.14554425477981567	0.2792092848010901
169.03953256320764	2850	21.064950534552793	0.0	1231456	4371.004598054005	2.85	0.17972837388515472	0.03439071774482727	0.138459512591362	0.2817329454533749
176.70923146219408	4300	17.395251635566353	0.0	2155012	7669.698898986439	2.8499999999999996	0.18973691761493683	0.035968225449323654	0.14657504707574845	0.2809773927741528

