2.124636459964086	750	4.0	2.124636459964086	450283	2124.636459964086	-8.38593677784557	0.168119415640831	0.029900861904025078	0.1322383813560009	0.21193413955044874
3.540400596362409	750	6.584235863601678	0.0	398865	1415.7641363983223	0.75	0.13719870150089264	0.027554068714380264	0.10413381904363633	0.281731250104064
5.812268549968052	1200	8.312367909996036	0.0	571051	2271.867953605643	0.75	0.18030641973018646	0.029264025390148163	0.14518958926200867	0.251357478366511
8.300643192114261	1200	9.823993267849826	0.0	617681	2488.3746421462083	1.2	0.18163327872753143	0.02584729716181755	0.15061652213335036	0.24822668963836322
10.856134597532138	1200	11.268501862431949	0.0	652874	2555.4914054178776	1.2	0.1594037115573883	0.03573867678642273	0.11651729941368102	0.25547884787084274
13.04972951413058	1200	13.07490694583351	0.0	520315	2193.5949165984407	1.2	0.14114119112491608	0.0422789603471756	0.09040643870830536	0.23719739504449663
15.744538831984812	1200	14.380097627979275	0.0	561791	2694.8093178542335	1.2	0.1308339685201645	0.031102918088436127	0.09351046681404114	0.20847152200265182
19.821969004219927	1200	14.302667455744162	0.0	709534	4077.4301722351147	1.2	0.1384560763835907	0.03189600631594658	0.10018086880445481	0.17401499719885002
21.61829117937967	1200	16.506345280584416	0.0	584846	1796.3221751597448	1.2	0.13325440883636475	0.03712499141693115	0.08870441913604737	0.325579680575947
24.051009885302065	1850	18.07362657466202	0.0	913888	2432.7187059223957	1.2000000000000002	0.16280518472194672	0.03295935317873955	0.12325396090745927	0.37566529898222983
26.692685988465552	1850	19.43195047149853	0.0	939819	2641.67610316349	1.85	0.19031567871570587	0.029995810240507126	0.15432070642709733	0.3557661739357589
29.357698061461093	1850	20.76693839850299	0.0	917428	2665.012072995541	1.85	0.19669660925865173	0.029035203158855438	0.1618543654680252	0.3442490971415329
33.06659176406077	2850	21.058044695903313	0.0	1422919	3708.8937025996747	1.85	0.1915716975927353	0.03391171991825104	0.15087763369083404	0.383650520639789
37.057474122523466	2850	21.067162337440607	0.0	1578343	3990.8823584627053	2.85	0.21014201641082764	0.032776445150375366	0.1708102822303772	0.3954872276936724
41.230496131420196	2850	20.89414032854388	0.0	1231445	4173.022008896729	2.85	0.23409879207611084	0.03768119215965271	0.18888136148452758	0.29509669428404756
48.78383874864097	2850	17.3407977113231	0.0	1471065	7553.342617220779	2.85	0.19972096383571625	0.02858651429414749	0.16541714668273927	0.1947568215224523
60.991972406722155	2850	9.132664053241912	0.0	1491626	12208.133658081188	2.85	0.18431326746940613	0.033302370458841324	0.14435042291879654	0.12218296766538238
68.4917011196299	1200	5.632935340334173	0.0	581493	7499.728712907739	-0.44999999999999996	0.16248063743114471	0.03891628980636597	0.11578108966350556	0.07753520457335955
70.92764537678147	750	7.196991083182602	0.0	405596	2435.944257151571	0.3	0.1414274424314499	0.030792327597737312	0.10447664931416512	0.16650463113399672
72.8222700200257	750	9.302366439938382	0.0	350713	1894.6246432442213	0.75	0.15196895599365234	0.036261577159166336	0.10845506340265273	0.18510948923342613
74.24243340114414	750	11.882203058819938	0.0	386472	1420.1633811184438	0.75	0.13781321048736572	0.039110977202653885	0.09088003784418106	0.2721320695479668
75.71211163214409	750	14.412524827819986	0.0	399894	1469.6782309999503	0.75	0.1727439910173416	0.04385317489504814	0.12012018114328385	0.272096293981246
78.38544273154052	1200	15.739193728423562	0.0	656471	2673.3310993964255	0.75	0.157522514462471	0.034010011702775955	0.11671050041913986	0.24556292340601413
81.844543287833	1850	16.280093172131085	0.0	874175	3459.100556292477	1.2000000000000002	0.16639487445354462	0.03600198030471802	0.12319249808788299	0.2527174292200848
85.58464063384348	1850	16.53999582612062	0.0	897976	3740.0973460104674	1.85	0.14778892695903778	0.032421234995126724	0.10888344496488572	0.24009428550245196
90.77126298787577	1850	15.353373472088322	0.0	905935	5186.622354032298	1.85	0.1380549520254135	0.03346390649676323	0.09789826422929765	0.1746676233899482
93.93488253057579	1850	16.189753929388306	0.0	1076599	3163.6195427000166	1.85	0.14061880111694336	0.03064706362783909	0.10384232476353646	0.3403060910039669
95.97334405521441	1850	18.151292404749686	0.0	758197	2038.4615246386184	1.85	0.16418559849262238	0.03314344212412834	0.12441346794366837	0.37194570063539184
98.75593149258673	1850	19.36870496737738	0.0	972798	2782.587437372305	1.85	0.17941343784332275	0.02974843606352806	0.14371531456708908	0.34960195210205053
102.97811311697346	2850	19.14652334299064	0.0	1561263	4222.181624386741	1.85	0.2018662691116333	0.029651224613189697	0.16628479957580566	0.36977637129164687
106.39530333843469	2850	19.72933312152941	0.0	1341201	3417.190221461231	2.85	0.2008909434080124	0.03630264848470688	0.15732776522636413	0.39248649126313095
110.51781560141194	2850	19.606820858552158	0.0	1497683	4122.51226297725	2.85	0.20495450496673584	0.03123665228486061	0.1674705222249031	0.36329376469055874
116.48384717971435	2850	17.640789280249763	0.0	1358081	5966.031578302395	2.85	0.21440768241882324	0.03876854106783867	0.16788543313741683	0.22763557017350472
127.64832814941775	2850	10.476308310546361	0.0	1587293	11164.480969703402	2.85	0.19574852287769318	0.03099742718040943	0.15855161026120185	0.1421734699810383
136.3488809385977	1200	5.775755521366424	0.0	690253	8700.552789179937	-0.44999999999999996	0.16925035417079926	0.032786767929792404	0.12990623265504836	0.07933438446099689
141.10143141284553	1200	5.0232050471185845	0.0	598727	4752.550474247839	1.2	0.15467987954616547	0.041133519262075424	0.10531965643167496	0.12598014544911434
143.8340288997075	1200	6.290607560256614	0.0	487812	2732.5974868619705	1.2	0.1394924372434616	0.030819615349173546	0.10250889882445335	0.1785158635127737
145.8978413162069	1200	8.226795143757222	0.0	575591	2063.812416499392	1.2	0.13597209751605988	0.03178593888878822	0.097828970849514	0.27889695565273753
148.30497748951285	1200	9.819658970451284	0.0	605884	2407.136173305938	1.2	0.16343717277050018	0.03440568596124649	0.1221503496170044	0.2517032508251848
150.67067572992124	1200	11.453960730042905	0.0	587506	2365.698240408379	1.2	0.16419599950313568	0.0336420051753521	0.12382559329271317	0.2483435925871009
152.92907485519032	1200	13.195561604773804	0.0	566904	2258.399125269102	1.2	0.15929342806339264	0.03483922407031059	0.11748635917901992	0.25102028851186786
155.5566099940826	1200	14.568026465881537	0.0	641452	2627.5351388922663	1.2	0.14960137009620667	0.03305649384856224	0.10993357747793198	0.244126896917705
158.57048222528456	1200	15.554154234679574	0.0	599477	3013.8722312019636	1.2	0.15288202464580536	0.037411268800497055	0.1079885020852089	0.19890591040779534
162.18939595190227	1200	15.93524050806187	0.0	634861	3618.9137266177045	1.2	0.13808093965053558	0.03529908508062363	0.09572203755378723	0.17542860868179674
164.13237892826257	1200	17.992257531701565	0.0	630203	1942.982976360303	1.2	0.15204094350337982	0.031140334904193878	0.11467254161834717	0.3243481840384053
165.79839252120493	1200	20.326243938759216	0.0	638661	1666.0135929423475	1.2	0.17048470675945282	0.03168909624218941	0.13245779126882554	0.3833468122382246
169.2457419758296	2850	20.878894484134563	0.0	1231456	3447.349454624655	1.2000000000000002	0.1901664286851883	0.030520156025886536	0.15354224145412446	0.3572182095864952
175.09395761565435	4300	19.030678844309804	0.0	2155012	5848.215639824758	2.8499999999999996	0.18952150642871857	0.0320434533059597	0.15106936246156694	0.36849051620548234

