3.448384325742797	750	4.0	3.448384325742797	450283	3448.384325742797	-14.078052600694027	0.08495823293924332	0.030965961515903473	0.04779907912015915	0.13057796273998754
4.523506469101496	300	6.9248778566413005	0.0	155580	1075.1221433586993	-0.15000000000000002	0.10509443283081055	0.028465645387768745	0.07093565836548806	0.14470913929273704
7.129141901025034	750	8.319242424717762	0.0	350812	2605.635431923538	0.3	0.11987854540348053	0.02745332196354866	0.08693455904722214	0.13463587257908247
10.830247210018578	750	8.618137115724217	0.0	382355	3701.105308993545	0.75	0.10596562922000885	0.030172809958457947	0.06975825726985932	0.10330832766927543
15.3097512853068	750	8.138633040435996	0.0	411561	4479.504075288221	0.75	0.08750525861978531	0.031203266233205795	0.050061339139938356	0.09187646513604729
16.621127777296532	300	10.827256548446265	0.0	126289	1311.3764919897317	-0.15000000000000002	0.072522833943367	0.028118176385760307	0.03878102228045464	0.0963026261118831
18.81141398179837	300	12.636970343944428	0.0	153295	2190.286204501838	0.3	0.06936424970626831	0.029487192630767822	0.033979618549346925	0.06998857029959044
20.25458319654667	300	15.193801129196128	0.0	173849	1443.1692147482988	0.3	0.073741614818573	0.028537321835756302	0.03949682861566544	0.12046335122962054
21.35496476991687	300	18.093419555825932	0.0	150710	1100.3815733701992	0.3	0.0790378525853157	0.027516789734363556	0.046017704904079436	0.13696158100722478
23.675514221206125	750	19.772870104536672	0.0	362795	2320.5494512892583	0.3	0.08999060094356537	0.03173910826444626	0.05190367102622986	0.15634012875633277
26.22660450405015	750	21.221779821692646	0.0	353220	2551.0902828440267	0.75	0.09718548506498337	0.034194640815258026	0.05615191608667374	0.13845844750199138
29.20481787879386	750	22.24356644694894	0.0	405134	2978.2133747437088	0.75	0.09531477093696594	0.03346315398812294	0.05515898615121841	0.13603256349450246
31.649760126671797	750	23.798624199071	0.0	386351	2444.9422478779393	0.75	0.0939566045999527	0.0334339514374733	0.05383586287498474	0.15802050143938126
36.27130568873892	1200	23.177078637003877	0.0	687371	4621.545562067123	0.75	0.10365387052297592	0.033339958637952805	0.06364592015743256	0.148731845389955
39.97034539909435	1200	23.47803892664845	0.0	526950	3699.0397103554287	1.2	0.09747204929590225	0.03475754335522652	0.05576299726963043	0.14245589159932728
43.68617595740458	1200	23.76220836833821	0.0	587876	3715.830558310236	1.2	0.10168731212615967	0.03153426572680473	0.06384619325399399	0.158208505682599
47.76483543099139	1200	23.683548894751404	0.0	617242	4078.6594735868102	1.2	0.10142134875059128	0.034628141671419144	0.05986757874488831	0.15133452645341625
51.3726732120118	1200	24.075711113730996	0.0	581493	3607.8377810204074	1.2	0.10797756165266037	0.031377725303173065	0.0703242912888527	0.16117492949905743
54.99041680254048	1200	24.45796752320231	0.0	639204	3617.743590528685	1.2	0.11188528686761856	0.03513414040207863	0.06972431838512422	0.17668582197849705
58.754443329719045	1200	24.69394099602374	0.0	586839	3764.026527178567	1.2	0.11803419888019562	0.031992703676223755	0.07964295446872711	0.15590724341676782
62.72622203446929	1200	24.722162291273502	0.0	601738	3971.7787047502397	1.2	0.11096455156803131	0.03518390282988548	0.06874386817216874	0.15150340558509026
66.46144270884302	1200	24.98694161689977	0.0	616206	3735.2206743737315	1.2	0.1128624826669693	0.03198036551475525	0.07448604404926301	0.16497177910467542
69.77869818697852	1200	25.669686138764277	0.0	656471	3317.255478135492	1.2	0.12011148035526276	0.034538187086582184	0.07866565585136415	0.19789582211165066
75.26474821610488	1850	24.18363610963792	0.0	874175	5486.050029126359	1.2000000000000002	0.12434770911931992	0.032744958996772766	0.08505375832319259	0.15934506527626588
82.57837227422844	1850	20.870012051514355	0.0	897976	7313.624058123564	1.85	0.11864066123962402	0.03293713554739952	0.0791160985827446	0.12278126314170859
89.6706252756145	1200	17.777759050128306	0.0	590335	7092.253001386048	0.5499999999999999	0.11105912923812866	0.03301665931940079	0.07143913805484772	0.08323659630932936
94.52740266780158	1200	16.920981657941223	0.0	696376	4856.777392187083	1.2	0.1045728474855423	0.03550310805439949	0.06196911782026291	0.1433823178966848
98.13033838335478	1200	17.31804594238801	0.0	487160	3602.935715553211	1.2	0.11096985638141632	0.033133357763290405	0.07120982706546783	0.1352119600405358
102.22451017655447	1200	17.223874149188326	0.0	622896	4094.171793199683	1.2	0.10065489262342453	0.036509834229946136	0.05684309154748917	0.1521421257980954
106.63316919758671	1200	16.815215128156083	0.0	641447	4408.659021032243	1.2	0.10590510815382004	0.034465491771698	0.06454651802778244	0.14549707676186116
110.37683686724846	1200	17.071547458494344	0.0	570392	3743.667669661739	1.2	0.10291574150323868	0.03324609249830246	0.06302043050527573	0.1523618147578623
114.3846362205458	1200	17.063748105196993	0.0	620283	4007.7993532973524	1.2	0.10038918256759644	0.030165836215019226	0.06419017910957336	0.15476897552011235
118.32167106550922	1200	17.126713260233576	0.0	584349	3937.0348449634157	1.2	0.10203476250171661	0.034883685410022736	0.06017434000968933	0.14842362920601226
122.43969618482495	1200	17.008688140917847	0.0	670129	4118.025119315732	1.2	0.10876641422510147	0.033726468682289124	0.06829465180635452	0.1627306732192424
126.36181947287751	1200	17.086564852865283	0.0	690253	3922.123288052566	1.2	0.10165157169103622	0.031770333647727966	0.06352717131376268	0.17598962329986526
130.1998979452867	1200	17.24848638045611	0.0	598727	3838.0784724091727	1.2	0.11484217643737793	0.030162209644913673	0.07864752486348153	0.15599654991529588
133.4889837077458	1200	17.959400617996998	0.0	487812	3289.0857624591117	1.2	0.10385630279779434	0.0340554341673851	0.06298978179693222	0.14831233820892628
137.08404576889447	1200	18.36433855684834	0.0	575591	3595.0620611486574	1.2	0.12494993209838867	0.03580620139837265	0.0819824904203415	0.1601059982302762
140.32198288142087	1200	19.126401444321942	0.0	605884	3237.937112526402	1.2	0.11241228878498077	0.033640306442976	0.07204392105340958	0.18712037292387643
143.09667503781787	1200	20.35170928792494	0.0	587506	2774.6921563970036	1.2	0.11648056656122208	0.035232532769441605	0.07420152723789215	0.2117373628802443
147.28446329325854	1200	20.163921032484293	0.0	566904	4187.788255440644	1.2	0.1198631301522255	0.034645069390535355	0.07828904688358307	0.13537074116951733
152.52903512995888	1200	18.91934919578395	0.0	641452	5244.571836700345	1.2	0.11186192184686661	0.03161842003464699	0.07391981780529022	0.12230779174598427
158.6189873869567	1200	16.829396938786143	0.0	599477	6089.952256997807	1.2	0.10526209324598312	0.032395560294389725	0.06638742089271546	0.09843706070292364
164.5979392021931	1200	14.850445123549752	0.0	634861	5978.951815236391	1.2	0.10220625251531601	0.0349566750228405	0.06025824248790741	0.1061826587031793
167.2177640882394	750	16.230620237503423	0.0	398987	2619.8248860463286	0.3	0.1020335927605629	0.03718310967087746	0.05741386115550995	0.15229529352327267
171.8411511571697	1200	15.607233168573133	0.0	638661	4623.387068930292	0.75	0.1088285818696022	0.030717965215444565	0.07196702361106873	0.1381370390318123
175.31194968544827	1200	16.136434640294564	0.0	538612	3470.798528278569	1.2	0.10816073417663574	0.030502663925290108	0.07155753746628762	0.15518388509492032
181.11705720571982	1850	14.331327120023001	0.0	846370	5805.107520271565	1.2000000000000002	0.10750275105237961	0.03217286244034767	0.06889531612396241	0.14579747180296956

