5.025865822809837	750	4.0	5.025865822809837	450283	5025.865822809837	-20.861223038082297	0.12455296516418457	0.034404207020998	0.08326791673898698	0.08959312004637998
6.799515800791834	300	6.226350022018003	0.0	155580	1773.649977981998	-0.15000000000000002	0.08590351790189743	0.027369067072868347	0.053060637414455415	0.08771741997088621
8.401556811676848	300	8.624309011132988	0.0	139857	1602.041010885014	0.3	0.08927404135465622	0.02655872516334057	0.05740357115864754	0.0872992632833656
10.173098017364655	300	10.85276780544518	0.0	155432	1771.5412056878063	0.3	0.09094556421041489	0.027292704209685326	0.058194319158792494	0.08773829222880145
12.01993639893973	300	13.005929423870105	0.0	163442	1846.8383815750744	0.3	0.07590677589178085	0.026988474652171135	0.043520606309175494	0.08849826905839407
13.464317968568954	300	15.561547854240882	0.0	126289	1444.3815696292245	0.3	0.07036388665437698	0.026620429009199142	0.03841937184333801	0.08743465207217968
15.200462784952899	300	17.825403037856937	0.0	153295	1736.1448163839443	0.3	0.0661654993891716	0.027525298297405243	0.03313514143228531	0.08829620579652105
17.21443082605964	300	19.811434996750194	0.0	173849	2013.9680411067425	0.3	0.0668393224477768	0.027481937780976295	0.033860997110605244	0.08632162797601504
18.98243603198373	300	22.043429790826103	0.0	150710	1768.005205924091	0.3	0.07236246019601822	0.02793699875473976	0.03883806169033051	0.08524296166946395
23.0188247273753	750	22.007041095434534	0.0	362795	4036.388695391569	0.3	0.07421751320362091	0.028050517663359642	0.04055689200758934	0.08988108613380341
26.88181542105317	750	22.14405040175667	0.0	353220	3862.9906936778693	0.75	0.07825499773025513	0.028972860425710678	0.043487565219402315	0.0914369275023303
31.336242647349533	750	21.6896231754603	0.0	405134	4454.427226296363	0.75	0.07820723205804825	0.03208514675498009	0.039705055952072146	0.09095086290967401
35.65926559157262	750	21.366600231237214	0.0	386351	4323.02294422309	0.75	0.07524429261684418	0.03043503686785698	0.0387222483754158	0.08937056429836572
40.45766983485557	750	20.56819598795426	0.0	434409	4798.404243282954	0.75	0.07538020610809326	0.026820281520485878	0.04319586828351021	0.09053197229226935
44.20896787904455	750	20.816897943765284	0.0	337059	3751.298044188977	0.75	0.07741929590702057	0.028818923979997635	0.04283658713102341	0.0898512984117932
48.43315083371649	750	20.592714989093334	0.0	366214	4224.182954671947	0.75	0.07821983098983765	0.031107790768146515	0.04089048206806183	0.086694635135291
52.66474608773071	750	20.361119735079118	0.0	360831	4231.595254014216	0.75	0.07265754789113998	0.028411084786057472	0.03856424614787102	0.08527067886696041
56.89705980007183	750	20.128806022737997	0.0	372963	4232.313712341121	0.75	0.07192140072584152	0.02939356118440628	0.03664912730455399	0.08812272089199505
61.79088076961076	750	19.23498505319907	0.0	405596	4893.8209695389305	0.75	0.07531066983938217	0.02727239392697811	0.04258379712700844	0.08287920676391501
65.89990660175125	750	19.12595922105858	0.0	350713	4109.025832140486	0.75	0.07821626961231232	0.029383856803178787	0.042955641448497776	0.08535186059351335
70.19580556599576	750	18.830060256814072	0.0	386472	4295.898964244508	0.75	0.07232222706079483	0.027629787102341652	0.03916648253798485	0.08996300965564408
74.64672461644976	750	18.379141206360075	0.0	399894	4450.919050453997	0.75	0.07746613025665283	0.02989148534834385	0.04159634783864021	0.0898452646446604
79.07655681179484	750	17.949309011014996	0.0	401853	4429.832195345077	0.75	0.07207510620355606	0.028355997055768967	0.0380479097366333	0.0907151743630994
86.37319052163635	750	14.652675301173486	0.0	343800	7296.63370984151	0.75	0.07555041462182999	0.028500497341156006	0.041349817812442784	0.047117618023814395
90.75705851811163	750	14.268807304698212	0.0	359903	4383.8679964752755	0.75	0.06773313879966736	0.028635121881961823	0.03337099254131317	0.08209713437753367
95.15492140195623	750	13.870944420853604	0.0	379700	4397.8628838446075	0.75	0.07273275405168533	0.02977348305284977	0.03700457438826561	0.0863373893248956
100.02326573912433	750	13.002600083685511	0.0	425781	4868.344337168093	0.75	0.071879543364048	0.029650142416357994	0.03629937246441841	0.0874590970793319
103.49122721950347	750	13.534638603306362	0.0	277716	3467.9614803791483	0.75	0.0766947790980339	0.029799140989780426	0.0409358099102974	0.08008047424149521
108.94814275333154	750	12.0777230694783	0.0	400396	5456.915533828063	0.75	0.07229556888341904	0.02929728664457798	0.03713882490992546	0.0733740512415664
110.6384967191371	300	14.387369103672752	0.0	149029	1690.353965805547	-0.15000000000000002	0.067283496260643	0.027334773913025856	0.03448176756501198	0.08816437445335862
112.41953162946378	300	16.60633419334607	0.0	157421	1781.0349103266817	0.3	0.07080516964197159	0.029012596234679222	0.03599005416035652	0.0883873747152578
114.22056993674418	300	18.80529588606566	0.0	157488	1801.0383072804068	0.3	0.0723423957824707	0.0291781984269619	0.037328557670116426	0.08744289300420773
115.87355905446391	300	21.152306768345934	0.0	143881	1652.9891177197285	0.3	0.07159849256277084	0.029464421793818474	0.036241186410188676	0.08704292028158146
117.73998836865275	300	23.285877454157095	0.0	163444	1866.4293141888368	0.3	0.07429726421833038	0.029436426237225533	0.038973552733659746	0.08757042056587816
122.11179501007715	750	22.914070812732703	0.0	401088	4371.806641424396	0.3	0.07611357420682907	0.0286089014261961	0.041782892495393756	0.09174422221686362
126.18922097607339	750	22.836644846736455	0.0	365161	4077.425965996247	0.75	0.07572884857654572	0.027102192863821983	0.043206217139959334	0.08955674561482305
131.70803335651325	750	21.317832466296583	0.0	321064	5518.812380439872	0.75	0.07565615326166153	0.028435874730348587	0.041533103585243224	0.058176284654636125
136.30899723273131	750	20.716868590078526	0.0	361565	4600.963876218057	0.75	0.06991419941186905	0.029805617406964302	0.034147458523511885	0.07858462046809257
140.49979112271544	750	20.52607470009443	0.0	378327	4190.7938899841	0.75	0.07074915617704391	0.02747384086251259	0.03778054714202881	0.09027573532169948
144.8613012718276	750	20.164564550982245	0.0	390680	4361.510149112183	0.75	0.07198759913444519	0.028619512915611267	0.03764418363571167	0.08957447916968066
148.73388791033287	750	20.291977912476955	0.0	345516	3872.5866385052923	0.75	0.07186919450759888	0.02869713120162487	0.03743263706564903	0.08922098644986269
153.24771718418026	750	19.778148638629578	0.0	384505	4513.829273847378	0.75	0.0766446515917778	0.030073845759034157	0.04055603668093682	0.08518377117800599
157.34574356697001	750	19.680122255839816	0.0	372093	4098.026382789762	0.75	0.07658839970827103	0.03012707456946373	0.04043591022491455	0.09079809772886209
162.21301919318864	750	18.81284662962121	0.0	438281	4867.275626218604	0.75	0.07708194851875305	0.02972312644124031	0.04141419678926468	0.09004647233025127
166.6219862112316	750	18.403879611578255	0.0	398987	4408.967018042956	0.75	0.07264133542776108	0.0275385994464159	0.039595016092062	0.0904944397105292
175.9371085096398	750	13.088757313170028	0.0	393804	9315.122298408225	0.75	0.07773339003324509	0.029387403279542923	0.04246850609779358	0.04227577345573805
179.59745903587438	750	13.428406786935469	0.0	331053	3660.3505262345593	0.75	0.05901481583714485	0.026637012138962746	0.02705040127038956	0.09044297742177104
183.1822921611094	750	13.843573661700452	0.0	314107	3584.833125235017	0.75	0.06406291574239731	0.02868386171758175	0.02964228168129921	0.0876210939329031

