3.5007715449130914	750	4.0	3.5007715449130914	450283	3500.7715449130915	-14.303317643126292	0.11733775585889816	0.031610988080501556	0.0794045701622963	0.12862393167423283
4.76270299015437	300	6.738068554758721	0.0	155580	1261.9314452412789	-0.15000000000000002	0.10232582688331604	0.025688806548714638	0.07149925902485847	0.12328720437761452
5.895261455382387	300	9.605510089530704	0.0	139857	1132.558465228018	0.3	0.09905850887298584	0.029786163941025734	0.06331511214375496	0.12348766469362145
8.83664215173613	750	10.664129393176962	0.0	382355	2941.380696353742	0.3	0.09761261940002441	0.027463607490062714	0.06465629041194916	0.12999167379930898
12.000935817590983	750	11.499835727322107	0.0	411561	3164.293665854853	0.75	0.10567420721054077	0.029882971197366714	0.06981464177370073	0.13006409753969986
14.471424110866355	750	13.029347434046736	0.0	318564	2470.4882932753726	0.75	0.0978836640715599	0.029124289751052856	0.06293451637029648	0.1289477877175641
17.1459528972658	750	14.35481864764729	0.0	352642	2674.5287863994454	0.75	0.07975985109806061	0.031019845977425575	0.04253603592514992	0.13185201138729952
20.402873022609537	750	15.097898522303556	0.0	437162	3256.920125343736	0.75	0.08395882695913315	0.032110802829265594	0.045425863564014436	0.13422558219902977
23.51659825466008	750	15.98417329025301	0.0	374758	3113.7252320505463	0.75	0.08451585471630096	0.03383001685142517	0.04391983449459076	0.12035679839136057
26.49479675572234	750	17.005974789190745	0.0	362795	2978.1985010622607	0.75	0.09564416855573654	0.03201187774538994	0.05722991526126862	0.12181693056073954
29.20697185848463	750	18.29379968642846	0.0	353220	2712.175102762286	0.75	0.09684861451387405	0.03165324032306671	0.058864726126194	0.13023495409284372
32.3300214652498	750	19.170750079663282	0.0	405134	3123.049606765178	0.75	0.09697341918945312	0.033376142382621765	0.05692204833030701	0.129723844002476
37.274827592636235	1200	18.22594395227685	0.0	624282	4944.806127386428	0.75	0.10282644629478455	0.02912907302379608	0.06787155866622925	0.12625004578894655
45.699109358106554	1200	13.801662186806533	0.0	687371	8424.281765470318	1.2	0.09779313206672668	0.033751532435417175	0.057291293144226076	0.08159401823635762
49.666773004215756	750	13.833998540697328	0.0	337059	3967.6636461092066	0.3	0.08793890476226807	0.032176680862903595	0.04932688772678375	0.08495150548623968
53.32748507749072	750	14.173286467422367	0.0	366214	3660.71207327496	0.75	0.08637688308954239	0.03343642130494118	0.04625317752361298	0.10003900680240504
56.920714336597115	750	14.580057208315973	0.0	360831	3593.2292591063942	0.75	0.09018759429454803	0.030886394903063774	0.05312392041087151	0.10041969882259492
62.25244103168775	750	13.24833051322533	0.0	372963	5331.726695090642	0.75	0.07838719338178635	0.032740093767642975	0.039099080860614775	0.06995163505725407
65.38044569993029	750	14.120325844982794	0.0	405596	3128.004668242537	0.75	0.07589446753263474	0.030642570927739143	0.03912338241934776	0.12966604689496303
68.17923890447507	750	15.321532640438006	0.0	350713	2798.7932045447874	0.75	0.08838056027889252	0.03350360691547394	0.048176231980323794	0.1253086506821936
71.32510344373506	750	16.175668101178015	0.0	386472	3145.8645392599906	0.75	0.08512260019779205	0.03288040682673454	0.0456661120057106	0.12285080783895123
74.3719939752126	750	17.128777569700464	0.0	399894	3046.8905314775507	0.75	0.08954022079706192	0.03312761336565018	0.04978708475828171	0.13124659250756757
77.42235725918013	750	18.07841428573294	0.0	401853	3050.363283967527	0.75	0.09543609619140625	0.032852742820978165	0.056012804806232455	0.13173939055459663
80.09742188104457	750	19.403349663868504	0.0	343800	2675.0646218644383	0.75	0.08559918403625488	0.03435490280389786	0.04437330067157746	0.128520259731289
82.9018469231084	750	20.59892462180469	0.0	359903	2804.4250420638145	0.75	0.09554551541805267	0.032509591430425644	0.0565340057015419	0.1283339702797485
85.8729346901219	750	21.627836854791184	0.0	379700	2971.0877670135037	0.75	0.09247192740440369	0.0327179990708828	0.05321032851934433	0.12779831151930904
89.13995093305373	750	22.360820611859353	0.0	425781	3267.0162429318325	0.75	0.1000957265496254	0.034542184323072433	0.058645105361938475	0.13032717572836508
91.27742882681264	750	24.22334271810044	0.0	277716	2137.4778937589113	0.75	0.09581239521503448	0.03384615480899811	0.05519700944423676	0.12992695775281965
94.50756078652775	750	24.99321075838534	0.0	400396	3230.131959715096	0.75	0.09438180923461914	0.03308647871017456	0.05467803478240967	0.12395654573669979
97.81141940435052	750	25.689352140562566	0.0	400508	3303.858617822778	0.75	0.0908890962600708	0.033247210085392	0.0509924441576004	0.12122431566515769
102.33770176828742	1200	25.163069776625665	0.0	570392	4526.282363936901	0.75	0.09513704478740692	0.031517598778009415	0.05731592625379563	0.126017767814176
107.17409716817339	1200	24.32667437673968	0.0	620283	4836.395399885985	1.2	0.0951170027256012	0.03492611274123192	0.05320566743612289	0.1282531614380873
111.58367029315848	1200	23.917101251754598	0.0	584349	4409.573124985078	1.2	0.10166281461715698	0.03208768367767334	0.06315759420394898	0.13251826955516868
116.64479931853387	1200	22.8559722263792	0.0	670129	5061.129025375393	1.2	0.09682512283325195	0.03308429941534996	0.057123963534832005	0.1324070176121019
121.82660329597915	1200	21.674168248933924	0.0	690253	5181.803977445276	1.2	0.09841907024383545	0.03509097173810005	0.05630990415811539	0.133207084444809
126.35301716860997	1200	21.147754376303112	0.0	598727	4526.413872630813	1.2	0.10144701600074768	0.03409956768155098	0.060527534782886507	0.13227402903217328
130.17648900310894	1200	21.324282541804152	0.0	487812	3823.471834498963	1.2	0.09934618324041367	0.03364987671375275	0.05896633118391037	0.12758352123808023
138.13044976327052	1200	17.370321781642538	0.0	575591	7953.9607601616135	1.2	0.09268687665462494	0.031077871099114418	0.05539343133568764	0.072365330601443
141.10605912958835	750	18.39471241532473	0.0	378327	2975.609366317811	0.3	0.08646702766418457	0.03225729987025261	0.04775826781988144	0.12714269698248848
144.13545880461598	750	19.365312740297085	0.0	390680	3029.399675027644	0.75	0.09434355795383453	0.033497683703899384	0.054146337509155276	0.12896284475782643
146.74953709557482	750	20.75123444933823	0.0	345516	2614.078290958857	0.75	0.09725288301706314	0.032361261546611786	0.058419369161129	0.13217507723277216
149.6797280979467	750	21.82104344696635	0.0	384505	2930.1910023718806	0.75	0.1015595942735672	0.033019017428159714	0.06193677335977554	0.13122182126993
152.55255233360216	750	22.9482192113109	0.0	372093	2872.824235655452	0.75	0.100354865193367	0.035067908465862274	0.058273375034332275	0.12952167256939923
155.95299277464184	750	23.54777877027121	0.0	438281	3400.440441039684	0.75	0.09918016195297241	0.03462968394160271	0.057624541223049164	0.12888947993630956
159.05747466909418	750	24.443296875818877	0.0	398987	3104.4818944523363	0.75	0.09033988416194916	0.03178992122411728	0.05219197869300842	0.12851967367340228
162.07574037873258	750	25.42503116618045	0.0	393804	3018.2657096384287	0.75	0.10463219881057739	0.032124850898981094	0.06608237773180009	0.1304736023546368
166.1781898072695	1200	25.32258173764356	0.0	538612	4102.449428536891	0.75	0.10034328699111938	0.029749244451522827	0.064644193649292	0.1312903448006895
176.64679092490312	2850	18.85398062000992	0.0	1364537	10468.60111763364	1.2000000000000002	0.10074958205223083	0.031074631959199905	0.06346002370119094	0.1303456865599293

