4.724830674552016	750	4.0	4.724830674552016	450283	4724.830674552016	-19.566771900573666	0.13347803056240082	0.035348109900951385	0.09106029868125916	0.09530140464614502
6.234448417577939	300	6.490382256974077	0.0	155580	1509.6177430259233	-0.15000000000000002	0.09145557880401611	0.02640819177031517	0.05976574867963791	0.10305920205213723
8.086237964561194	300	8.638592709990823	0.0	139857	1851.7895469832554	0.3	0.09308689832687378	0.03006538562476635	0.05700843557715416	0.07552532102140906
9.618207522014988	300	11.10662315253703	0.0	155432	1531.969557453793	0.3	0.07949739694595337	0.02610008418560028	0.048177295923233034	0.10145893516208994
11.156547628378544	300	13.568283046173473	0.0	163442	1538.3401063635554	0.3	0.08483719080686569	0.027941707521677017	0.05130714178085327	0.10624568606376424
12.649997112638195	300	16.07483356191382	0.0	126289	1493.4494842596525	0.3	0.0813099667429924	0.03020608052611351	0.04506267011165619	0.08456194958787322
14.198212582060345	300	18.52661809249167	0.0	153295	1548.2154694221506	0.3	0.06914638727903366	0.026715027168393135	0.0370883546769619	0.0990139958084873
16.07164975569783	300	20.653180918854186	0.0	173849	1873.4371736374849	0.3	0.07017681002616882	0.028317851945757866	0.036195387691259386	0.09279681349679476
19.68682576067779	750	21.03800491387422	0.0	374758	3615.176004979963	0.3	0.0714319720864296	0.02699964866042137	0.03903239369392395	0.10366244948621169
23.073001845271325	750	21.65182882928069	0.0	362795	3386.1760845935314	0.75	0.07471052557229996	0.02964172326028347	0.03914045765995979	0.10714002784753264
26.783246968614485	750	21.941583705937532	0.0	353220	3710.2451233431584	0.75	0.07694337517023087	0.031204592436552048	0.03949786424636841	0.09520125712926673
30.67206466235119	750	22.052766012200827	0.0	405134	3888.8176937367066	0.75	0.08705173432826996	0.030447959899902344	0.050514182448387145	0.10417922152856511
34.13896450520989	750	22.58586616934212	0.0	386351	3466.8998428587074	0.75	0.08172737061977386	0.031114906072616577	0.044389483332633976	0.11143990813459033
38.41876649750524	750	22.306064177046775	0.0	434409	4279.801992295347	0.75	0.08558520674705505	0.03325816988945007	0.045675402879714964	0.10150212574834973
42.10439369972797	750	22.620436974824038	0.0	337059	3685.6272022227345	0.75	0.08947575092315674	0.03176997974514961	0.05135177522897721	0.09145227704981282
45.874690085432995	750	22.850140589119015	0.0	366214	3770.296385705022	0.75	0.07957371324300766	0.02975073643028736	0.04387282952666283	0.09713135587655405
49.369588186084364	750	23.355242488467642	0.0	360831	3494.8981006513745	0.75	0.08107311278581619	0.031164798885583878	0.04367535412311554	0.1032450702733647
54.68657095832789	750	22.038259716224115	0.0	372963	5316.982772243526	0.75	0.08602927625179291	0.030390065163373947	0.049561198055744174	0.07014561001532575
59.865019459427124	750	20.859811215124882	0.0	405596	5178.448501099231	0.75	0.07746865600347519	0.031203456223011017	0.04002450853586197	0.07832384543631243
63.38647736309806	750	21.338353311453954	0.0	350713	3521.457903670931	0.75	0.07355024665594101	0.030006106942892075	0.03754291832447052	0.09959312580008425
68.25175120795132	750	20.473079466600705	0.0	386472	4865.273844853249	0.75	0.08104141801595688	0.031224515289068222	0.04357199966907501	0.07943478873421093
75.13492303913378	750	17.589907635418243	0.0	399894	6883.1718311824625	0.75	0.08115559071302414	0.03138190880417824	0.04349730014801025	0.05809734375486338
79.38696360608388	750	17.337867068468142	0.0	401853	4252.040566950103	0.75	0.07146701961755753	0.02745930850505829	0.03851584941148758	0.09450827048158679
83.07940204056764	750	17.645428633984388	0.0	343800	3692.438434483754	0.75	0.07333623617887497	0.029007844626903534	0.03852682262659073	0.09310920306463207
86.56615024281454	750	18.158680431737483	0.0	359903	3486.748202246906	0.75	0.07451525330543518	0.030334172770380974	0.03811424598097801	0.10322024394192669
90.51235008019671	750	18.21248059435532	0.0	379700	3946.1998373821657	0.75	0.0736023560166359	0.031200334429740906	0.03616195470094681	0.0962191514994045
94.58013205561939	750	18.14469861893266	0.0	425781	4067.781975422659	0.75	0.08244271576404572	0.03137776628136635	0.0447893962264061	0.10467153907769594
97.21839456515488	750	19.506436109397153	0.0	277716	2638.262509535505	0.75	0.08043315261602402	0.030306285247206688	0.044065610319375996	0.1052647335116379
101.3352721586499	750	19.389558515902145	0.0	400396	4116.877593495007	0.75	0.07670586556196213	0.029818948358297348	0.04092312753200531	0.0972572030396671
105.19045408053712	750	19.534376594014923	0.0	400508	3855.1819218872215	0.75	0.07990026473999023	0.03075060248374939	0.042999541759490965	0.10388822320580397
108.35098590154794	750	20.373844773004095	0.0	358218	3160.5318210108285	0.75	0.07886267453432083	0.028722332790493965	0.04439587518572807	0.11334105153398888
112.36847102702099	750	20.35635964753104	0.0	400322	4017.4851254730506	0.75	0.07957401871681213	0.03014972247183323	0.04339435175061226	0.09964492400027565
116.29598651843665	750	20.428844156115375	0.0	369834	3927.515491415665	0.75	0.08657076209783554	0.029250098392367363	0.05147064402699471	0.09416487364807162
120.54947605427176	750	20.175354620280253	0.0	412837	4253.489535835122	0.75	0.07877607643604279	0.030864976346492767	0.04173810482025147	0.09705842615149265
124.52932704676117	750	20.19550362779086	0.0	401088	3979.850992489395	0.75	0.08321398496627808	0.030482778325676918	0.04663465097546578	0.10077965249375319
129.84986159811825	750	18.87496907643377	0.0	365161	5320.534551357085	0.75	0.08785083889961243	0.03097655437886715	0.05067897364497185	0.06863238956071811
133.9944077192612	750	18.730422955290802	0.0	321064	4144.546121142969	0.75	0.07382906973361969	0.030766865238547325	0.0369088314473629	0.07746662496096389
137.67023840758208	750	19.05459226696996	0.0	361565	3675.830688320847	0.75	0.07432790100574493	0.030051011592149734	0.03826668709516525	0.09836280031852235
142.33721633351976	750	18.387614341032272	0.0	378327	4666.977925937685	0.75	0.08423928916454315	0.029936164617538452	0.04831589162349701	0.08106466454391617
148.7512979707758	750	15.973532703776215	0.0	390680	6414.0816372560585	0.75	0.0740884318947792	0.02966003306210041	0.03849639222025871	0.06090973300538356
153.03683054035127	750	15.688000134200745	0.0	345516	4285.53256957547	0.75	0.07023607194423676	0.029509421437978745	0.03482476621866226	0.08062381848476471
156.9854053972366	750	15.739425277315423	0.0	384505	3948.5748568853232	0.75	0.07064146548509598	0.030520504340529442	0.03401686027646065	0.09737817160272896
160.54019042689887	750	16.18464024765314	0.0	372093	3554.785029662283	0.75	0.07572710514068604	0.03003585711121559	0.03968407660722733	0.10467384016055399
165.1495660557722	750	15.575264618779855	0.0	438281	4609.375628873286	0.75	0.07507776468992233	0.029361365363001823	0.03984412625432015	0.09508467855268574
168.97975882984264	750	15.745071844709386	0.0	398987	3830.1927740704696	0.75	0.07771097868680954	0.02886955812573433	0.043067508935928346	0.10416890833825673
172.76490194548478	750	15.959928729067252	0.0	393804	3785.1431156421336	0.75	0.07775451242923737	0.02705250307917595	0.04529150873422623	0.10403939506873647
176.18382781038235	750	16.541002864169684	0.0	331053	3418.9258648975665	0.75	0.08035940676927567	0.031595125794410706	0.04244525581598282	0.09682953450349781
181.33933997629225	1200	15.385490698259803	0.0	550906	5155.512165909882	0.75	0.08317632973194122	0.03014311194419861	0.04700459539890289	0.10685766656565966

