2.905148303948766	750	4.0	2.905148303948766	450283	2905.148303948766	-11.742137706979694	0.0904277116060257	0.03054240345954895	0.05377682745456696	0.15499484118864487
3.9484402888854975	300	6.956708015063269	0.0	155580	1043.291984936731	-0.15000000000000002	0.11989479511976242	0.03079037182033062	0.08294634893536568	0.14912412080826531
6.474112454329572	750	8.431035849619194	0.0	350812	2525.672165444075	0.3	0.11825623363256454	0.028431592509150505	0.08413832262158394	0.13889847019726675
8.7041984780081	750	10.200949825940665	0.0	382355	2230.0860236785293	0.75	0.11861453205347061	0.029122380539774895	0.08366767540574074	0.17145302734524343
11.422320745715922	750	11.482827558232842	0.0	411561	2718.1222677078226	0.75	0.12005765736103058	0.029423993080854416	0.08474886566400527	0.15141371853999308
13.27221003962765	750	13.632938264321115	0.0	318564	1849.889293911726	0.75	0.10050924867391586	0.03044131025671959	0.06397967636585236	0.17220706182172293
15.705726194221745	750	15.19942210972702	0.0	352642	2433.516154594095	0.75	0.09775795042514801	0.03332073986530304	0.057773062586784364	0.14491048244502816
18.100911757987216	750	16.804236545961555	0.0	437162	2395.1855637654685	0.75	0.09405115246772766	0.03311824053525925	0.054309263825416565	0.18251696512095628
21.57543414525281	1200	17.32971415869596	0.0	584846	3474.522387265596	0.75	0.09957153350114822	0.03211842477321625	0.06102942377328873	0.16832414208741542
24.378039125850083	1200	18.52710917809869	0.0	560821	2802.6049805972707	1.2	0.10851211845874786	0.03291533887386322	0.06901371181011201	0.20010704465403537
27.0168756614029	1200	19.88827264254587	0.0	607410	2638.8365355528176	1.2	0.13133974373340607	0.034539394080638885	0.0898924708366394	0.23018098764982875
29.68111602178704	1200	21.22403228216173	0.0	594078	2664.240360384142	1.2	0.13714943826198578	0.0340714156627655	0.09626373946666718	0.2229821336068729
35.6687873123459	1850	19.236360991602872	0.0	946851	5987.671290558859	1.2000000000000002	0.14136499166488647	0.032312650233507156	0.10258981138467789	0.15813343018561488
41.60589258766563	1850	17.299255716283145	0.0	1036454	5937.105275319728	1.85	0.12719114124774933	0.034914590418338776	0.08529363274574281	0.17457227923993388
49.5212279848828	1850	13.383920319065977	0.0	821631	7915.335397217166	1.85	0.1356380134820938	0.03276543691754341	0.09631948918104172	0.10380242387313933
56.417342054161914	1200	10.487806249786859	0.0	587876	6896.114069279117	0.5499999999999999	0.11607382446527481	0.03412914276123047	0.07511885315179825	0.08524742979801861
58.68837931924178	750	12.216768984706988	0.0	360831	2271.037265079871	0.3	0.10465417057275772	0.03364291414618492	0.06428267359733582	0.1588837865182762
61.340096153800935	750	13.565052150147832	0.0	372963	2651.716834559157	0.75	0.12079336494207382	0.03406997397542	0.07990939617156984	0.14064963315059406
64.63821097084887	750	14.266937333099893	0.0	405596	3298.1148170479396	0.75	0.11395509541034698	0.03188608959317207	0.0756917878985405	0.12297813220554851
66.83869215932197	750	16.066456144626816	0.0	350713	2200.481188473078	0.75	0.10583173483610153	0.033819928765296936	0.0652478203177452	0.15938014005171341
70.72084415916127	1200	16.184304144787504	0.0	601738	3882.1519998393137	0.75	0.11746686697006226	0.031239738687872887	0.0799791805446148	0.1550011437019742
74.66034669011145	1200	16.24480161383732	0.0	616206	3939.5025309501793	1.2	0.11095332354307175	0.03323750197887421	0.07106832116842271	0.15641721135063608
78.97787260284018	1200	15.927275701108613	0.0	656471	4317.52591272871	1.2	0.10646457970142365	0.03244982287287712	0.0675247922539711	0.1520479583144193
82.57513652395795	1200	16.330011779990844	0.0	536667	3597.2639211177684	1.2	0.1080198809504509	0.03292082995176315	0.06851488500833511	0.14918755247550555
85.78993700249902	1200	17.115211301449772	0.0	587236	3214.8004785410703	1.2	0.1100965067744255	0.03517722710967064	0.06788383424282074	0.1826663906266735
89.61514044089179	1200	17.290007863057006	0.0	590335	3825.2034383927694	1.2	0.11057398468255997	0.030669450759887695	0.07377064377069473	0.15432773955887696
93.59707897770076	1200	17.308069326248035	0.0	696376	3981.938536808972	1.2	0.11224644631147385	0.033486731350421906	0.07206236869096756	0.17488366371371936
96.06637724013888	1200	18.838771063809922	0.0	487160	2469.298262438111	1.2	0.1154012680053711	0.03410042077302933	0.0744807630777359	0.19728681925973285
98.77004402716305	1200	20.135104276785736	0.0	622896	2703.6667870241863	1.2	0.11467814445495605	0.030073674395680428	0.07858973518013954	0.23038933754317992
101.64011338597926	1200	21.265034917969533	0.0	641447	2870.069358816205	1.2	0.12813091278076172	0.030766278505325317	0.09121137857437134	0.22349529569019638
105.20612506768524	1200	21.69902323626356	0.0	570392	3566.0116817059725	1.2	0.11882888525724411	0.031910818070173264	0.0805359035730362	0.15995236440928473
109.16642061272482	1200	21.73872769122398	0.0	620283	3960.2955450395816	1.2	0.12893247604370117	0.0336596742272377	0.08854086697101593	0.1566254318511475
112.19907599551016	1200	22.706072308438642	0.0	584349	3032.6553827853404	1.2	0.1135156974196434	0.0313754640519619	0.07586514055728913	0.19268559273731425
117.3410510386995	1200	21.564097265249284	0.0	670129	5141.9750431893535	1.2	0.12389429658651352	0.03610001876950264	0.08057427406311035	0.13032521441106545
126.36080180309014	1200	16.544346500858648	0.0	690253	9019.75076439064	1.2	0.11979355663061142	0.035747967660427094	0.07689599543809891	0.07652683738502751
130.6208968278054	1200	16.284251476143375	0.0	598727	4260.095024715272	1.2	0.09920038282871246	0.03309516981244087	0.059486179053783415	0.14054310913874898
134.1124091510076	1200	16.792739152941177	0.0	487812	3491.5123232021992	1.2	0.12930448353290558	0.0327889658510685	0.08995772451162339	0.13971366984969108
138.36813889796986	1200	16.53700940597891	0.0	575591	4255.729746962264	1.2	0.1114017516374588	0.03239789977669716	0.07252427190542221	0.1352508345744596
142.14407853934028	1200	16.761069764608475	0.0	605884	3775.9396413704358	1.2	0.1084345355629921	0.03447442874312401	0.0670652210712433	0.16045913270480697
145.87583578032545	1200	17.029312523623336	0.0	587506	3731.7572409851377	1.2	0.11973316967487335	0.029081067070364952	0.08483588919043542	0.1574341421643241
149.89513681527836	1200	17.010011488670404	0.0	566904	4019.301034952932	1.2	0.10954417288303375	0.03613736107945442	0.06617933958768846	0.14104541935775625
153.82022471698778	1200	17.08492358696097	0.0	641452	3925.0879017094326	1.2	0.10648512840270996	0.031020071357488632	0.06926104277372361	0.1634236012193863
157.3507246907141	1200	17.55442361323466	0.0	599477	3530.4999737263106	1.2	0.10318633168935776	0.03352631255984306	0.06295475661754608	0.1697994630962352
161.40658680810552	1200	17.49856149584324	0.0	634861	4055.862117391417	1.2	0.11560044437646866	0.03353334590792656	0.0753604292869568	0.15652923635587482
165.08404446220524	1200	17.821103841743536	0.0	630203	3677.457654099704	1.2	0.10120101273059845	0.031688008457422256	0.06317540258169174	0.17136920646725518
168.22903842007221	1200	18.676109883876574	0.0	638661	3144.993957866961	1.2	0.11241698265075684	0.03429894894361496	0.0712582439184189	0.20307225023515182
171.83658256321485	1850	19.06856574073393	0.0	830730	3607.544143142646	1.2000000000000002	0.12406308948993683	0.03461439907550812	0.08252581059932709	0.23027576851113032
179.67050008791935	2850	15.234648216029429	0.0	1364537	7833.917524704502	1.85	0.12556540966033936	0.037094518542289734	0.08105198740959169	0.17418322259544988

