13.273695029641122	750	4.0	13.273695029641122	450283	13273.695029641121	-56.32688862745682	0.07196543365716934	0.029019609093666077	0.03714190274477005	0.03392295807568921
19.803136740203108	300	4.0	2.529441710561986	155580	6529.441710561986	-11.026599355416538	0.032902855426073074	0.01812116988003254	0.01115745157003403	0.02382745828764115
22.872205055763054	300	4.930931684440052	0.0	139857	3069.0683155599468	0.3	0.028459472581744194	0.016130676493048668	0.009102660790085794	0.04556985561088213
26.293250847073175	300	5.509885893129932	0.0	155432	3421.0457913101204	0.3	0.04788008704781532	0.02016308531165123	0.02368438467383385	0.045434060074500175
30.013397933165752	300	5.789738807037352	0.0	163442	3720.14708609258	0.3	0.04732979089021683	0.01841397024691105	0.02523302659392357	0.04393428437574755
32.979665493743305	300	6.8234712464598015	0.0	126289	2966.2675605775516	0.3	0.0460958294570446	0.018580660223960876	0.02379903718829155	0.04257505347070266
36.80075061556832	300	7.002386124634787	0.0	153295	3821.0851218250145	0.3	0.04190563037991524	0.01950647123157978	0.0184978649020195	0.04011818504759814
40.37582419728583	300	7.427312542917278	0.0	173849	3575.0735817175096	0.3	0.04315769672393799	0.017734520137310028	0.021876272559165955	0.048628090031221344
43.585295765087196	300	8.217840975115912	0.0	150710	3209.471567801366	0.3	0.04500124603509903	0.020119458436965942	0.020857895910739898	0.04695788599967041
46.3300419131064	300	9.47309482709671	0.0	139105	2744.746148019202	0.3	0.04838963970541954	0.02098752371966839	0.023204611241817476	0.05068046096007376
50.026855737874186	300	9.776281002328927	0.0	141840	3696.813824767783	0.3	0.04965958371758461	0.019669411703944206	0.026056289672851562	0.03836817506191558
52.650726790369426	300	11.152409949833686	0.0	156148	2623.871052495242	0.3	0.04643267020583153	0.0209290012717247	0.021317868679761886	0.059510546393469595
55.50446229285108	300	12.298674447352031	0.0	160746	2853.735502481656	0.3	0.05634159967303276	0.023379091173410416	0.028286690264940264	0.05632827564440103
58.58992593998943	300	13.213210800213684	0.0	179801	3085.463647138346	0.3	0.050353873521089554	0.021645566448569298	0.024379193782806396	0.05827357589085803
60.95905756495296	300	14.844079175250156	0.0	140051	2369.1316249635283	0.3	0.05612381920218468	0.022346651181578636	0.029307837784290313	0.059114908823251225
63.38299863391251	300	16.4201381062906	0.0	138313	2423.9410689595547	0.3	0.054992713034152985	0.02311665564775467	0.02725272625684738	0.057061205724514195
65.71771601633655	300	18.085420723866562	0.0	143509	2334.717382424036	0.3	0.05681582912802696	0.023449931293725967	0.028675911575555803	0.06146739690223269
68.07614489157318	300	19.72699184862993	0.0	150616	2358.4288752366333	0.3	0.05681966617703438	0.025392968207597733	0.0263481043279171	0.06386285445427643
70.24466225423215	300	21.558474485970955	0.0	165384	2168.5173626589763	0.3	0.05488145351409912	0.023273080587387085	0.02695375680923462	0.07626593305077839
72.05300321656459	300	23.75013352363851	0.0	140881	1808.340962332445	0.3	0.062318623065948486	0.025055455043911934	0.032252077013254166	0.07790621510795621
77.01607986302956	300	22.787056877173544	0.0	157671	4963.076646464964	0.3	0.06458655744791031	0.02460741624236107	0.03505765795707703	0.03176880214257901
81.11103312820953	300	22.692103611993574	0.0	157812	4094.953265179969	0.3	0.051931560039520264	0.022860754281282425	0.024498654901981356	0.03853816876053268
85.80485234141268	300	21.99828439879042	0.0	163927	4693.8192132031545	0.3	0.050729554146528244	0.024550937116146088	0.02126842960715294	0.03492401231365982
92.2189910925778	300	19.584145647625302	0.0	137654	6414.138751165118	0.3	0.05023578554391861	0.022461669519543648	0.02328178212046623	0.021461026232866474
95.56536287505124	300	20.237773865151862	0.0	146754	3346.3717824734367	0.3	0.03979865834116936	0.019288035109639168	0.016653016209602356	0.043854660970015794
98.98760572359664	300	20.81553101660645	0.0	153938	3422.242848545414	0.3	0.04623303562402725	0.022097639739513397	0.019715867936611176	0.04498161200495448
102.97207322367755	300	20.831063516525536	0.0	181901	3984.4675000809098	0.3	0.04966871812939644	0.021667541936039925	0.02366766780614853	0.04565252445811298
105.54716052921759	300	22.25597621098549	0.0	111155	2575.0873055400475	0.3	0.04567214846611023	0.021492009982466698	0.019881736487150192	0.04316552676131055
109.36969616844117	300	22.433440571761917	0.0	153605	3822.5356392235726	0.3	0.04840344563126564	0.02015218883752823	0.024220819026231768	0.04018405961316295
112.55961508864307	300	23.24352165156001	0.0	149029	3189.9189202019065	0.3	0.04290122538805008	0.019771218299865723	0.01917576342821121	0.04671874230288185
115.67359458752603	300	24.12954215267706	0.0	157421	3113.9794988829462	0.3	0.043936874717473984	0.0192271638661623	0.020864278078079224	0.05055299819940061
119.14223361566941	300	24.66090312453367	0.0	157488	3468.639028143392	0.3	0.05307677388191223	0.02054961398243904	0.028417237102985382	0.045403398486321106
122.24472640122515	300	25.558410338977925	0.0	143881	3102.4927855557416	0.3	0.04691756144165993	0.020033957436680794	0.022876812517642977	0.04637593378778058
125.78851684572913	300	26.014619894473952	0.0	163444	3543.7904445039767	0.3	0.049071457237005234	0.019780592992901802	0.02533474564552307	0.04612123729084585
128.78239696744026	300	27.02073977276282	0.0	179328	2993.8801217111336	0.3	0.04484347626566887	0.020688975229859352	0.02001670598983765	0.05989818987725741
131.66153331043265	300	28.141603429770427	0.0	159914	2879.13634299239	0.3	0.055897749960422516	0.024269776418805122	0.026774018257856372	0.05554235053481199
133.77399097725947	300	30.029145762943617	0.0	131610	2112.4576668268082	0.3	0.05397803336381912	0.02371327579021454	0.025522102415561677	0.06230184020572384
135.97400810624433	300	31.82912863395878	0.0	124011	2200.0171289848377	0.3	0.05351760610938072	0.022785769775509834	0.02617468237876892	0.056368197486363604
138.48959595733172	300	33.31354078287138	0.0	144254	2515.5878510874013	0.3	0.05543899163603783	0.023451397195458412	0.027297315001487733	0.057344051784017004
143.92920727281938	750	31.873929467383707	0.0	390680	5439.611315487673	0.3	0.05928223952651024	0.0256489310413599	0.028503522276878357	0.0718213080570031
152.20608016539668	750	27.597056574806405	0.0	345516	8276.872892577303	0.75	0.05782740190625191	0.02360762469470501	0.0294982522726059	0.041744751246555765
165.20015807655741	750	18.602978663645654	0.0	384505	12994.07791116075	0.75	0.05311805009841919	0.02169189415872097	0.027087777107954025	0.029590787636400474
168.54961556879064	300	19.25352117141242	0.0	145210	3349.457492233236	-0.15000000000000002	0.04558635503053665	0.020809801295399666	0.020614593476057052	0.04335328940185531
172.36081169525036	300	19.442325044952685	0.0	172312	3811.1961264597335	0.3	0.05018448829650879	0.02302795834839344	0.022550938278436662	0.04521205266863627
175.9901806757147	300	19.812956064488368	0.0	167025	3629.3689804643172	0.3	0.05240267142653465	0.020482275635004044	0.0278239406645298	0.04602039663066496
179.75359211762458	300	20.04954462257847	0.0	160064	3763.4114419098983	0.3	0.049181289970874786	0.02228020504117012	0.022445043921470644	0.042531623892488594
183.21976932367244	300	20.583367416530614	0.0	137507	3466.177206047853	0.3	0.050612546503543854	0.02129143849015236	0.025062820315361025	0.039671081951631076
189.64435736674722	750	18.15877937345581	0.0	314107	6424.588043074803	0.3	0.047750476747751236	0.021618027240037918	0.021808844059705734	0.04889138383566593

