2.84955770283486	750	4.0	2.84955770283486	450283	2849.55770283486	-11.503098122189897	0.06379934400320053	0.026635516434907913	0.031836724281311034	0.1580185583018865
3.8864843187787166	300	6.963073384056143	0.0	155580	1036.9266159438564	-0.15000000000000002	0.12095969170331955	0.027717918157577515	0.08769818991422654	0.1500395472618708
6.119098838080341	750	8.73045886475452	0.0	350812	2232.6145193016246	0.3	0.12606582045555115	0.027656314894557	0.09287824258208274	0.15713057357959678
8.537216786287136	750	10.312340916547724	0.0	382355	2418.117948206794	0.75	0.12293942272663116	0.03257565200328827	0.08384864032268524	0.1581209056752353
11.126628065089914	750	11.722929637744947	0.0	411561	2589.411278802777	0.75	0.10638249665498734	0.03399772197008133	0.06558523029088975	0.15893998893458386
13.135278111767793	750	13.714279591067067	0.0	318564	2008.6500466778791	0.75	0.10236740857362747	0.03163200244307518	0.06440900564193726	0.15859606830312492
15.350243172981806	750	15.499314529853054	0.0	352642	2214.9650612140126	0.75	0.09148092567920685	0.03397753834724426	0.050707879662513736	0.15920883185702192
18.191214045904875	750	16.658343656929986	0.0	437162	2840.9708729230706	0.75	0.0967414379119873	0.033227257430553436	0.056868728995323185	0.15387767758076473
20.646496173960113	750	18.20306152887475	0.0	374758	2455.282128055239	0.75	0.09760348498821259	0.03507334738969803	0.05551546812057495	0.15263337590325535
22.946631276387993	750	19.902926426446864	0.0	362795	2300.1351024278797	0.75	0.1017291247844696	0.03336523473262787	0.06169084310531616	0.15772769156779362
26.744359073597646	1200	20.10519862923721	0.0	607410	3797.727797209653	0.75	0.11520315706729889	0.03337419405579567	0.07515412420034409	0.15994037288462043
30.476884718615693	1200	20.372672984219168	0.0	594078	3732.525645018047	1.2	0.12199917435646057	0.0354793556034565	0.07942394763231278	0.15916246973224146
34.39092294008328	1200	20.458634762751586	0.0	624282	3914.0382214675815	1.2	0.11126088351011276	0.03724861145019531	0.06656254976987838	0.15949818695585538
38.66968673454821	1200	20.179870968286654	0.0	687371	4278.763794464932	1.2	0.11741861701011658	0.031991370022296906	0.07902897298336028	0.16064710112981523
41.966222136852146	1200	20.88333556598272	0.0	526950	3296.5354023039363	1.2	0.10812396556138992	0.03143059462308884	0.07040725201368332	0.15984964081736136
45.665478549073896	1200	21.184079153760962	0.0	587876	3699.2564122217536	1.2	0.1148352399468422	0.03182864934206009	0.07664086073637008	0.15891734297134727
49.516359030214225	1200	21.333198672620625	0.0	617242	3850.8804811403343	1.2	0.13009661436080933	0.03382689878344536	0.08950433582067491	0.16028594058500106
53.220869789245384	1200	21.628687913589467	0.0	581493	3704.510759031159	1.2	0.10663433372974396	0.03429717943072319	0.06547771841287614	0.1569689057002706
57.33948881448238	1200	21.51006888835247	0.0	639204	4118.619025236994	1.2	0.11841193586587906	0.03746558353304863	0.0734532356262207	0.15519862266532866
60.99758013205986	1200	21.851977570774984	0.0	586839	3658.0913175774863	1.2	0.11737000942230225	0.03267373889684677	0.07816152274608612	0.16042218442721243
64.8180392673146	1200	22.031518435520237	0.0	601738	3820.459135254746	1.2	0.12095043063163757	0.03279988840222359	0.08159056454896926	0.15750410584090085
68.69349486947817	1200	22.156062833356664	0.0	616206	3875.4556021635744	1.2	0.1130618304014206	0.035798173397779465	0.07010402232408525	0.1590022085805826
72.78004318501176	1200	22.06951451782308	0.0	656471	4086.548315533581	1.2	0.11119852215051651	0.031285613775253296	0.07365578562021255	0.16064192793332593
76.1690053081063	1200	22.680552394728533	0.0	536667	3388.962123094548	1.2	0.11864762008190155	0.031751397997140884	0.08054594248533249	0.15835733198161436
79.89756477316163	1200	22.951992929673203	0.0	587236	3728.559465055327	1.2	0.1128251701593399	0.03309747949242592	0.07310819476842881	0.15749675055572332
83.62899258036103	1200	23.22056512247382	0.0	590335	3731.427807199385	1.2	0.11427877098321915	0.031580377370119095	0.07638231813907623	0.15820619626112362
87.97933372390122	1200	22.870223978933623	0.0	696376	4350.341143540194	1.2	0.11242996901273727	0.03276624530553818	0.07311047464609147	0.16007388317903443
91.04785286837351	1200	23.801704834461336	0.0	487160	3068.5191444722886	1.2	0.12023738771677017	0.03081480786204338	0.08325961828231812	0.15876061939440167
94.9748308283951	1200	23.874726874439737	0.0	622896	3926.9779600215993	1.2	0.11794959008693695	0.03460453450679779	0.07642414867877961	0.15861968321222103
98.99650843587159	1200	23.853049266963257	0.0	641447	4021.6776074764766	1.2	0.11041250824928284	0.033165838569402695	0.07061350196599961	0.15949736965676253
102.54129550739842	1200	24.308262195436416	0.0	570392	3544.787071526842	1.2	0.1087074875831604	0.03463837876915932	0.06714143306016923	0.16091008810701732
106.42582457285278	1200	24.42373312998206	0.0	620283	3884.5290654543533	1.2	0.10940977931022644	0.039053816348314285	0.06254519969224931	0.15968036010240247
110.09501508127602	1200	24.754542621558823	0.0	584349	3669.190508423237	1.2	0.11366456747055054	0.03735550493001938	0.06883796155452729	0.1592582883495773
114.30832326786228	1200	24.54123443497256	0.0	670129	4213.308186586267	1.2	0.10945010185241699	0.030989395454525948	0.07226282730698586	0.15905055370349164
120.73136540135934	1850	22.118192301475485	0.0	1026056	6423.0421334970715	1.2000000000000002	0.11912603676319122	0.03029983676970005	0.08276623263955116	0.1597461107485148
127.96454399457906	1850	18.88501370825577	0.0	943942	7233.178593219715	1.85	0.11362059414386749	0.030686136335134506	0.07679723054170609	0.13050168578511784
132.51878828202464	1850	18.330769420810178	0.0	728962	4554.244287445592	1.85	0.11561019718647003	0.03364858031272888	0.07523190081119538	0.16006212095593667
136.13788142173374	1200	18.711676281101077	0.0	575591	3619.0931397091013	0.5499999999999999	0.11663398146629333	0.03483366221189499	0.07483358681201935	0.1590428811252604
139.95894172644472	1200	18.89061597639009	0.0	605884	3821.060304710986	1.2	0.09949442744255066	0.033574000000953674	0.05920562744140625	0.1585643647793272
143.68173885855882	1200	19.167818844275985	0.0	587506	3722.7971321141054	1.2	0.11400032043457031	0.03321997448801994	0.07413635104894639	0.15781305807183926
147.27853814093584	1200	19.57101956189897	0.0	566904	3596.7992823770146	1.2	0.11212408542633057	0.03765043988823891	0.06694355756044387	0.1576134656102774
151.26918374613444	1200	19.580373956700353	0.0	641452	3990.6456051986174	1.2	0.10680873692035675	0.03314576670527458	0.06703381687402726	0.1607389037915018
155.00971838413665	1200	19.83983931869815	0.0	599477	3740.534638002208	1.2	0.10870476067066193	0.031369827687740326	0.07106096744537355	0.16026505781007186
159.00077216677167	1200	19.848785536063136	0.0	634861	3991.05378263501	1.2	0.11005673557519913	0.03777872025966644	0.06472227126359939	0.1590710209825452
162.9293495068079	1200	19.920208196026884	0.0	630203	3928.5773400362505	1.2	0.11654411256313324	0.03269810229539871	0.07730638980865479	0.16041506770850153
166.91426981856387	1200	19.935287884270956	0.0	638661	3984.9203117559305	1.2	0.11738450080156326	0.030441267415881157	0.08085497990250587	0.16026945334788337
172.05566356017584	1850	18.79389414265897	0.0	830730	5141.393741611983	1.2000000000000002	0.116376593708992	0.0338296964764595	0.0757809579372406	0.1615768100537542
180.54643659632364	2850	14.303121106511144	0.0	1364537	8490.773036147826	1.85	0.11940055340528488	0.03402573615312576	0.07856967002153398	0.1607082175192703

