3.2996152975754014	750	4.0	3.2996152975754014	450283	3299.615297575401	-13.438345779574226	0.06364161521196365	0.02925683744251728	0.028533410280942917	0.1364653025856904
4.492044032386134	300	6.807571265189267	0.0	155580	1192.4287348107325	-0.15000000000000002	0.11134771257638931	0.026901012286543846	0.07906649783253669	0.13047320603582596
5.508461894877907	300	9.791153402697494	0.0	139857	1016.4178624917732	0.3	0.10535705089569092	0.028873734176158905	0.07070856988430024	0.1375979360074774
7.798828079000997	750	11.500787218574406	0.0	382355	2290.36618412309	0.3	0.10275503247976303	0.030603136867284775	0.0660312682390213	0.16694055415701653
10.25803200494386	750	13.041583292631543	0.0	411561	2459.2039259428625	0.75	0.11297865957021713	0.030519109219312668	0.07635572850704193	0.16735537694061173
11.821569672930625	750	15.47804562464478	0.0	318564	1563.537667986765	0.75	0.10832899063825607	0.031137054786086082	0.07096452489495278	0.20374565098274086
13.510699461443785	750	17.788915836131622	0.0	352642	1689.1297885131582	0.75	0.11720337718725204	0.03499852865934372	0.07520514279603958	0.2087714054882722
16.870557563079913	1200	18.42905773449549	0.0	709534	3359.8581016361304	0.75	0.12033408135175705	0.03204960748553276	0.08187455236911774	0.21117975180394744
19.71403145094358	1200	19.585583846631824	0.0	584846	2843.4738878636667	1.2	0.11946683377027512	0.03130098059773445	0.08190565705299377	0.20568010224964692
22.43578944547475	1200	20.863825852100653	0.0	560821	2721.7579945311695	1.2	0.12572628259658813	0.033897560089826584	0.08504921048879624	0.2060510159708755
25.371574889906686	1200	21.928040407668718	0.0	607410	2935.7854444319332	1.2	0.12671302258968353	0.03468883037567139	0.08508642613887787	0.20689863462332556
28.29371112842673	1200	23.00590416914867	0.0	594078	2922.1362385200464	1.2	0.13491633534431458	0.034313689917325974	0.09373990744352341	0.20330263598554135
32.87852595339904	1850	22.421089344176362	0.0	946851	4584.814824972307	1.2000000000000002	0.14019037783145905	0.033234722912311554	0.10030871033668518	0.20651891867971334
37.80221901607252	1850	21.497396281502883	0.0	1036454	4923.69306267348	1.85	0.14240486919879913	0.03470919653773308	0.10075383335351945	0.2105033735464459
41.692941007591244	1850	21.606674289984156	0.0	821631	3890.721991518725	1.85	0.14485111832618713	0.033086780458688736	0.10514698177576065	0.21117700051328522
46.07549615218268	1850	21.224119145392724	0.0	923170	4382.555144591431	1.85	0.13988779485225677	0.03654777258634567	0.09603046774864196	0.21064652230087655
50.66744642764624	1850	20.632168869929167	0.0	966699	4591.950275463558	1.85	0.14099715650081635	0.033369455486536026	0.10095380991697311	0.2105203545355054
56.283702219809186	1850	19.015913077766218	0.0	885714	5616.25579216295	1.85	0.1424005627632141	0.034786663949489594	0.10065656602382661	0.15770542382274422
62.286520960487366	1850	17.013094337088038	0.0	987708	6002.818740678181	1.85	0.13941608369350433	0.031490907073020935	0.10162699520587921	0.16454070040575833
69.34523949460356	1850	13.95437580297184	0.0	923755	7058.718534116198	1.85	0.12667511403560638	0.03411773964762688	0.08573382645845413	0.13086723822961738
72.15496983317801	1200	15.144645464397389	0.0	601738	2809.7303385744517	0.5499999999999999	0.12811045348644257	0.033581748604774475	0.0878123551607132	0.21416218906804363
75.05522042661711	1200	16.244394870958274	0.0	616206	2900.250593439114	1.2	0.13042600452899933	0.0310150608420372	0.09320793151855469	0.21246646803347558
78.17408934924225	1200	17.125525948333138	0.0	656471	3118.8689226251354	1.2	0.14043821394443512	0.03090919554233551	0.10334717929363252	0.21048367734782897
80.7751878773131	1200	18.524427420262292	0.0	536667	2601.098528070849	1.2	0.14167387783527374	0.035722315311431885	0.09880709946155548	0.2063232108312439
83.57227682986719	1200	19.727338467708208	0.0	587236	2797.0889525540824	1.2	0.1377069354057312	0.0294078066945076	0.10241756737232208	0.20994541466540853
86.35406233738418	1200	20.94555296019121	0.0	590335	2781.7855075169987	1.2	0.13202495872974396	0.032440185546875	0.09309673607349396	0.21221442070381935
95.79229017240728	1850	15.507325125168121	0.0	1076599	9438.227835023088	1.2000000000000002	0.13885371387004852	0.03259076550602913	0.09974479526281357	0.11406791813236265
99.27683292523199	1200	16.022782372343418	0.0	487160	3484.5427528247023	0.5499999999999999	0.11841251701116562	0.031648073345422745	0.08043482899665833	0.13980600456260428
103.62450716214482	1200	15.675108135430571	0.0	622896	4347.674236912849	1.2	0.12071350961923599	0.032060567289590836	0.08224082887172698	0.14327108381567694
110.90717027325405	1200	12.392445024321344	0.0	641447	7282.663111109229	1.2	0.11577963829040527	0.035331595689058304	0.0733817234635353	0.08807863143106459
117.64016947946389	1200	9.659445818111504	0.0	570392	6732.999206209838	1.2	0.10563518851995468	0.030003268271684647	0.06963126659393311	0.08471588701123388
122.6035230759941	750	8.696092221581292	0.0	400322	4963.353596530213	0.3	0.0971582680940628	0.03159913793206215	0.05923930257558823	0.0806555471445471
124.42141049633553	750	10.87820480123987	0.0	369834	1817.8874203414227	0.75	0.098419688642025	0.033349815756082535	0.058399909734725954	0.20344164102887097
126.44137336873635	750	12.85824192883903	0.0	412837	2019.9628724008392	0.75	0.11606662720441818	0.03637540712952614	0.07241613864898683	0.20437850895215715
129.73903431486204	1200	13.560580982713349	0.0	690253	3297.660946125682	0.75	0.12733152508735657	0.03159570321440697	0.08941668123006821	0.2093159397757239
132.59541734291676	1200	14.70419795465863	0.0	598727	2856.383028054718	1.2	0.11069104820489883	0.033117398619651794	0.07095016986131669	0.20961019377283965
134.90884842286235	1200	16.390766874713034	0.0	487812	2313.431079945597	1.2	0.13235189020633698	0.032469671219587326	0.09338828474283219	0.21086083100926933
137.61931228472335	1200	17.68030301285202	0.0	575591	2710.463861861014	1.2	0.12659983336925507	0.031283702701330185	0.08905939012765884	0.2123588541795932
140.47302744403586	1200	18.826587853539507	0.0	605884	2853.7151593125127	1.2	0.12357340008020401	0.03711755573749542	0.0790323331952095	0.21231411201738973
143.24583633187586	1200	20.05377896569948	0.0	587506	2772.8088878400285	1.2	0.1264735758304596	0.03577777370810509	0.08354024738073348	0.21188117312248564
147.4734276778102	1850	19.82618761976514	0.0	858450	4227.591345934338	1.2000000000000002	0.13431893289089203	0.02925366908311844	0.09921452999114991	0.20305888856205764
152.1331713307062	1850	19.16644396686915	0.0	1025005	4659.743652895991	1.85	0.13264986872673035	0.031113822013139725	0.09531328231096267	0.2199702550939617
156.8049738439369	1850	18.494641453638472	0.0	886255	4671.802513230675	1.85	0.14430557191371918	0.035036154091358185	0.10226218700408936	0.1897030102385752
161.761685123479	1850	17.537930174096378	0.0	973972	4956.711279542093	1.85	0.14765521883964539	0.03479684144258499	0.1058990091085434	0.1964956086952026
166.37545895535536	1850	16.924156342220016	0.0	958994	4613.773831876363	1.85	0.1407138854265213	0.036644384264945984	0.09674062430858613	0.2078545752230749
171.2567383418114	1850	16.042876955763983	0.0	982064	4881.279386456033	1.85	0.15073776245117188	0.030250169336795807	0.1144375592470169	0.2011898771303501
177.61002168358553	1850	13.689593613989837	0.0	830730	6353.283341774146	1.85	0.14401818811893463	0.03506145253777504	0.10194444507360459	0.13075601312124382
182.33664535610654	1850	12.962969941468822	0.0	846370	4726.623672521015	1.85	0.129861518740654	0.0358620323240757	0.08682707995176316	0.1790643932413126

