3.6741301332938416	750	4.0	3.6741301332938416	450283	3674.1301332938415	-15.048759573163519	0.0542021244764328	0.023050418123602867	0.026541622728109362	0.12255499496865216
4.878276434985548	300	6.795853698308293	0.0	155580	1204.1463016917066	-0.15000000000000002	0.1042565256357193	0.026810502633452415	0.0720839224755764	0.1292035691854266
6.093855181575447	300	9.580274951718394	0.0	139857	1215.5787465898984	0.3	0.10783449560403824	0.0280722938477993	0.07414774298667909	0.11505383784665969
9.322891592941291	750	10.35123854035255	0.0	382355	3229.036411365844	0.3	0.10312212258577347	0.030108164995908737	0.066992324590683	0.11841148605638312
12.42037796254469	750	11.253752170749152	0.0	411561	3097.4863696033995	0.75	0.09187020361423492	0.029271995648741722	0.05674380883574486	0.13286934981821924
15.194921189629357	750	12.479208943664485	0.0	318564	2774.543227084666	0.75	0.094443179666996	0.03175140544772148	0.056341493129730226	0.11481673700024819
17.691133940569852	750	13.98299619272399	0.0	352642	2496.212750940497	0.75	0.07550244778394699	0.027331382036209106	0.04270478934049606	0.14127081109858736
22.07907567000179	750	13.595054463292053	0.0	437162	4387.941729431935	0.75	0.07968349754810333	0.032113492488861084	0.04114730656147003	0.0996280322201533
28.680824715269022	750	10.993305418024818	0.0	374758	6601.749045267235	0.75	0.07997055351734161	0.032550614327192307	0.04090981632471085	0.05676647164718605
40.156010779647914	750	4.0	0.4818806463540732	362795	11475.186064378891	-1.3220867793225146	0.0752028077840805	0.03378972411155701	0.0346551388502121	0.03161560936481745
43.777559257842995	300	4.378451521804919	0.0	141840	3621.548478195081	-0.15000000000000002	0.07118960469961166	0.029400447383522987	0.03590906783938408	0.03916556711970087
47.736498779448056	300	4.419512000199856	0.0	156148	3958.939521605063	0.3	0.05769793689250946	0.02946809120476246	0.02233622744679451	0.03944187556992366
52.25216208915231	300	4.0	0.09615130950439743	160746	4515.663309704254	-0.11345063086890894	0.05719795823097229	0.031097812578082085	0.01988058313727379	0.03559742810199191
55.88963579602	300	4.362526293132303	0.0	179801	3637.4737068676973	0.3	0.04784516245126724	0.027720777317881584	0.01458022966980934	0.04943018547750007
57.64643474320848	300	6.605727345943824	0.0	140051	1756.798947188479	0.3	0.05241133272647858	0.024667149409651756	0.02281075343489647	0.07971942391252729
58.79860053865424	300	9.453561550498067	0.0	138313	1152.165795445757	0.3	0.06042874976992607	0.025739362463355064	0.029541514813899994	0.12004609106321247
59.86195564559307	300	12.390206443559235	0.0	143509	1063.3551069388325	0.3	0.07626721262931824	0.030167264863848686	0.04006649479269982	0.1349586784918268
61.034084922445494	300	15.218077166706815	0.0	150616	1172.1292768524195	0.3	0.07920699566602707	0.029300078749656677	0.044046901166439056	0.12849777151241976
62.25512464260879	300	17.997037446543516	0.0	165384	1221.0397201632968	0.3	0.08131635189056396	0.02903912030160427	0.04646940752863884	0.13544522530182904
65.7447891771906	750	18.507372911961706	0.0	350713	3489.664534581811	0.3	0.08898600935935974	0.03242097795009613	0.050080835819244385	0.10050049124335907
68.54749597711881	750	19.704666112033497	0.0	386472	2802.7067999282094	0.75	0.07413576543331146	0.029577014967799187	0.03864334747195244	0.13789241172494368
71.21109074483671	750	21.0410713443156	0.0	399894	2663.594767717896	0.75	0.08926434814929962	0.03125152736902237	0.05176251530647278	0.15013319775463427
73.76246701069897	750	22.48969507845334	0.0	401853	2551.3762658622604	0.75	0.09311768412590027	0.03147285059094429	0.055350263416767125	0.15750440473122068
77.99922615666705	1200	22.252935932485258	0.0	536667	4236.759145968081	0.75	0.09710147976875305	0.031769536435604095	0.05897803604602814	0.1266692255826532
82.856108361465	1200	21.396053727687313	0.0	587236	4856.8822047979465	1.2	0.10179386287927628	0.029268376529216766	0.06667181104421616	0.12090801778554354
87.7417770214582	1200	20.510385067694124	0.0	590335	4885.668659993193	1.2	0.09863989055156708	0.03454126417636871	0.05719037353992462	0.12082992955171513
93.42304899571559	1200	18.829113093436728	0.0	696376	5681.271974257394	1.2	0.09344586730003357	0.033877983689308167	0.05279228687286377	0.12257395934490958
98.00228634974304	1200	18.249875739409276	0.0	487160	4579.237354027451	1.2	0.10204112529754639	0.0327979177236557	0.06268362402915956	0.10638452701551745
110.3924673723416	750	9.85969471681072	0.0	400396	12390.181022598556	0.3	0.09486334025859833	0.03763004392385483	0.049707287549972536	0.03231558919677722
115.07884902812064	300	9.173313061031672	0.0	149029	4686.381655779047	-0.15000000000000002	0.07482181489467621	0.03141159936785698	0.03712789565324783	0.031800440285571656
118.71764562828228	300	9.534516460870034	0.0	157421	3638.7966001616387	0.3	0.0609716922044754	0.0285221878439188	0.026745066791772847	0.043261830021773466
123.06800457352438	300	9.184157515627954	0.0	157488	4350.358945242081	0.3	0.06405405700206757	0.029481660574674606	0.02867606431245804	0.036201150751535606
127.57937978873385	300	8.672782300418483	0.0	143881	4511.37521520947	0.3	0.05868113413453102	0.029291292652487755	0.02353158295154572	0.03189293577597477
129.83652107289947	300	10.415641016252833	0.0	163444	2257.141284165649	0.3	0.04560762643814087	0.02590177394449711	0.014525497704744341	0.07241194919724177
131.83544324803051	300	12.41671884112179	0.0	179328	1998.9221751310438	0.3	0.06265335530042648	0.026590123772621155	0.030745206773281096	0.08971234709937806
133.02010072330512	300	15.232061365847207	0.0	159914	1184.6574752745828	0.3	0.06444961577653885	0.026378141716122627	0.0327958457171917	0.134987541409752
134.02528444141453	300	18.226877647737794	0.0	131610	1005.1837181094116	0.3	0.0747477263212204	0.028722058981657028	0.04028125554323197	0.13093128910557483
136.67962601388336	750	19.572536075268953	0.0	361565	2654.341572468842	0.3	0.07762057334184647	0.02887153998017311	0.04297472536563873	0.13621645524080123
140.545405494867	750	19.706756594285295	0.0	378327	3865.7794809836582	0.75	0.08877009153366089	0.02851511910557747	0.05455194860696793	0.09786564439618103
143.13742082738048	750	21.114741261771822	0.0	390680	2592.015332513473	0.75	0.0758180320262909	0.0308090653270483	0.03884715363383293	0.15072441705858208
145.4400710840161	750	22.812091005136196	0.0	345516	2302.650256635626	0.75	0.08807791769504547	0.03280249610543251	0.04871492236852646	0.15005144572186535
147.8828835225256	750	24.369278566626708	0.0	384505	2442.8124385094875	0.75	0.09075465798377991	0.029991023242473602	0.05476543009281159	0.157402588073692
152.67721554951268	1200	23.57494653963962	0.0	599477	4794.33202698709	0.75	0.09941622614860535	0.031864624470472336	0.061178676784038544	0.12503869081773428
157.87182153509036	1200	22.38034055406195	0.0	634861	5194.605985577671	1.2	0.10070668160915375	0.03260070085525513	0.0615858405828476	0.12221542918993877
162.77711867112166	1200	21.47504341803067	0.0	630203	4905.29713603128	1.2	0.10025140643119812	0.03030015341937542	0.06389122232794761	0.128473970592101
168.63400995825674	1200	19.618152130895606	0.0	638661	5856.891287135063	1.2	0.10187888145446777	0.033368807286024094	0.061836312711238864	0.10904436648889983
178.7805837552498	1200	13.471578333902537	0.0	538612	10146.57379699307	1.2	0.10388461500406265	0.033413227647542953	0.06378874182701111	0.0530831402576126
194.03988064436248	1200	4.0	1.787718555210149	550906	15259.296889112686	-6.487189787403641	0.08238613605499268	0.03307920694351196	0.04269108772277832	0.036102974075631525

