3.507398872653826	750	4.0	3.507398872653826	450283	3507.398872653826	-14.331815152411451	0.07424681633710861	0.029268834739923477	0.03912421464920044	0.12838089317719928
4.605347380314473	300	6.902051492339353	0.0	155580	1097.9485076606475	-0.15000000000000002	0.10496719926595688	0.027466926723718643	0.07200688719749451	0.14170063433255875
7.444151215286562	750	8.063247657367265	0.0	350812	2838.8038349720887	0.3	0.11375143378973007	0.02936229668557644	0.07851667776703836	0.12357740104414408
11.328763153851742	750	8.178635718802084	0.0	382355	3884.611938565181	0.75	0.1083090528845787	0.028020581230521202	0.07468435540795326	0.0984281071177541
13.335665772932783	750	10.171733099721042	0.0	411561	2006.9026190810418	0.75	0.08565590530633926	0.029278958216309547	0.05052115544676781	0.20507273052862587
15.154776033280474	750	12.352622839373351	0.0	318564	1819.1102603476902	0.75	0.10759039223194122	0.031585559248924255	0.06968772113323213	0.1751207757682111
17.18218448413878	750	14.325214388515047	0.0	352642	2027.4084508583046	0.75	0.11544416099786758	0.037971556186676025	0.06987829357385636	0.1739373237053978
19.517057520274907	750	15.99034135237892	0.0	437162	2334.8730361361277	0.75	0.10065889358520508	0.03293986618518829	0.06113105416297913	0.18723159385293126
21.533981874415957	750	17.973416998237866	0.0	374758	2016.924354141052	0.75	0.10319478809833527	0.03402673825621605	0.06236270219087601	0.18580667104870094
25.697230594328502	1200	17.81016827832532	0.0	560821	4163.248719912548	0.75	0.11510991305112839	0.03269762545824051	0.07587276250123978	0.13470754156907072
29.61650397648303	1200	17.89089489617079	0.0	607410	3919.273382154529	1.2	0.10356094688177109	0.03320397064089775	0.06371618211269378	0.15498025801560456
32.61492978429303	1200	18.89246908836079	0.0	594078	2998.425807810001	1.2	0.11060508340597153	0.033203110098838806	0.07076135128736497	0.19812996488110687
36.00554239331353	1200	19.50185647934029	0.0	624282	3390.612609020499	1.2	0.12289541214704514	0.03408399596810341	0.08199461698532104	0.1841207097322588
40.533059444047794	1200	18.97433942860603	0.0	687371	4527.517050734265	1.2	0.11985614150762558	0.03194299712777138	0.08152454495429992	0.15182074242846272
43.964305124291826	1200	19.543093748362	0.0	526950	3431.2456802440274	1.2	0.1271769404411316	0.03341424837708473	0.08707984238862992	0.15357396383301933
47.356753756975586	1200	20.15064511567823	0.0	587876	3392.448632683768	1.2	0.12578506767749786	0.033127348870038986	0.08603224903345108	0.1732895803745541
50.552828913499575	1200	20.95456995915425	0.0	617242	3196.0751565239843	1.2	0.11802010983228683	0.03483877703547478	0.0762135773897171	0.19312499543074121
54.33964236821967	1200	21.16775650443415	0.0	581493	3786.8134547200957	1.2	0.11946296691894531	0.03283435106277466	0.08006174564361573	0.15355733968759264
60.11494506234753	1200	19.392453810306296	0.0	639204	5775.302694127856	1.2	0.11841153353452682	0.034182630479335785	0.07739237695932388	0.1106788741393455
64.23950779246728	1200	19.26789108018654	0.0	586839	4124.562730119755	1.2	0.10385175049304962	0.030983230099081993	0.06667187437415123	0.14227908226842786
67.94470765134628	1200	19.562691221307535	0.0	601738	3705.1998588790075	1.2	0.11281845718622208	0.031870920211076736	0.07457335293292999	0.16240365511134758
72.47171597944924	1200	19.035682893204573	0.0	616206	4527.008328102961	1.2	0.1197844073176384	0.03086354397237301	0.08274815455079079	0.13611770850402227
77.12699475953141	1200	18.38040411312241	0.0	656471	4655.278780082162	1.2	0.11141949892044067	0.03315116465091705	0.0716381013393402	0.14101647420316554
82.2061073004389	1200	17.301291572214918	0.0	536667	5079.112540907494	1.2	0.11049889773130417	0.032069556415081024	0.07201543003320694	0.10566156896065011
85.22872590973653	1200	18.278672962917295	0.0	587236	3022.618609297624	1.2	0.10189130157232285	0.03793393447995186	0.05637058019638062	0.19428054806307765
88.50256252559913	1200	19.004836347054688	0.0	590335	3273.836615862608	1.2	0.11833506077528	0.03050455078482628	0.08172959983348846	0.18031901688058288
92.19458792915474	1200	19.312810943499088	0.0	696376	3692.025403555599	1.2	0.11621125042438507	0.030333977192640305	0.0798104777932167	0.18861625365019327
95.75999820083592	1200	19.747400671817893	0.0	487160	3565.410271681193	1.2	0.11275985091924667	0.0333155058324337	0.07278124392032623	0.13663504698725462
99.92381077130706	1200	19.583588101346752	0.0	622896	4163.81257047114	1.2	0.10419761389493942	0.03376075252890587	0.06368471086025237	0.1495975117654056
103.16930128222337	1200	20.338097590430436	0.0	641447	3245.4905109163155	1.2	0.10932307690382004	0.030670415610074997	0.07251857817173005	0.19764254365941653
106.27560280559186	1200	21.231796067061946	0.0	570392	3106.3015233684896	1.2	0.1158798336982727	0.03176000341773033	0.07776782959699631	0.18362415744543173
110.36994322905711	1200	21.137455643596688	0.0	620283	4094.340423465258	1.2	0.11721091717481613	0.03415879234671593	0.07622036635875702	0.1514976616123731
114.18959191358134	1200	21.317806959072456	0.0	584349	3819.648684524231	1.2	0.12000513076782227	0.030254660174250603	0.08369953855872155	0.1529850120424846
118.04917216340034	1200	21.458226709253452	0.0	670129	3859.5802498190037	1.2	0.11155358701944351	0.034871794283390045	0.06970743387937546	0.17362743008943157
121.66324773463627	1200	21.84415113801753	0.0	690253	3614.0755712359255	1.2	0.1184481605887413	0.030800191685557365	0.08148793056607247	0.190990195527082
125.63001873670754	1200	21.87738013594626	0.0	598727	3966.7710020712675	1.2	0.12641990184783936	0.03397134318947792	0.08565429002046585	0.15093560976607218
130.44079521587943	1200	21.066603656774372	0.0	487812	4810.776479171886	1.2	0.1122213825583458	0.034100476652383804	0.07130081057548524	0.10139984722049912
134.53010801348822	1200	20.97729085916559	0.0	575591	4089.312797608785	1.2	0.10027539730072021	0.03794212266802788	0.054744850099086764	0.14075494550981166
138.26650060113082	1200	21.240898271522973	0.0	605884	3736.3925876426133	1.2	0.10912766307592392	0.03356276825070381	0.06885234117507935	0.16215747831313088
142.52974435452643	1200	20.97765451812737	0.0	587506	4263.243753395605	1.2	0.11993630230426788	0.038014888763427734	0.07431843578815461	0.13780727398757364
146.5223278913329	1200	20.985070981320895	0.0	566904	3992.5835368064727	1.2	0.10788009315729141	0.032405316829681396	0.06899371296167374	0.1419892645385816
152.47928465841014	1200	19.02811421424365	0.0	641452	5956.956767077247	1.2	0.11225318163633347	0.0329287089407444	0.07273873090744018	0.10768115752411704
155.54487779898705	1200	19.962521073666757	0.0	599477	3065.5931405768943	1.2	0.09469994157552719	0.03398478403687477	0.05391820073127747	0.19555008525599335
159.05200279432765	1200	20.455396078326157	0.0	634861	3507.1249953405986	1.2	0.1143912672996521	0.030309859663248062	0.07801943570375443	0.1810203516679464
162.3799836135711	1200	21.127415259082696	0.0	630203	3327.98081924346	1.2	0.11799746006727219	0.0350855216383934	0.0758948341012001	0.1893649736068077
167.11048452200134	1200	20.396914350652473	0.0	638661	4730.500908430222	1.2	0.1121484562754631	0.034872349351644516	0.07030163705348969	0.13500916971854773
172.0746628852083	1850	19.4327359874455	0.0	830730	4964.1783632069755	1.2000000000000002	0.11677229404449463	0.033265694975852966	0.07685346007347107	0.16734491374385851
176.3060553514513	1850	19.20134352120252	0.0	846370	4231.392466242976	1.85	0.10786724090576172	0.03603712469339371	0.06462269127368928	0.2000216256828301

