4.02055772854982	750	4.0	4.02055772854982	450283	4020.5577285498193	-16.538398232764223	0.2066318541765213	0.03559088706970215	0.1639227896928787	0.11199515848325182
5.310911337253141	300	6.709646391296678	0.0	155580	1290.3536087033215	-0.15000000000000002	0.1000201478600502	0.028027944266796112	0.06638661473989488	0.1205716006454561
6.002347350846145	300	10.018210377703674	0.0	139857	691.4360135930046	0.3	0.10683486610651016	0.02755010686814785	0.07377473786473274	0.20227034353221163
7.753952039759488	750	12.266605688790332	0.0	382355	1751.6046889133422	0.3	0.1285938173532486	0.03577609732747078	0.08566250056028366	0.21828840857762535
10.683263568214596	1200	13.337294160335224	0.0	652874	2929.3115284551077	0.75	0.14275114238262177	0.032833803445100784	0.10335057824850083	0.2228762607384131
12.998819395884547	1200	15.021738332665272	0.0	520315	2315.5558276699526	1.2	0.13759231567382812	0.034810420125722885	0.09581981152296067	0.22470414825781648
15.492578645536259	1200	16.527979083013562	0.0	561791	2493.759249651712	1.2	0.12244458496570587	0.038483764976263046	0.07626406699419022	0.22527876340848135
18.581394419743532	1200	17.43916330880629	0.0	709534	3088.8157742072717	1.2	0.131344273686409	0.03981293737888336	0.08356874883174897	0.22971068910126183
21.16249896613953	1200	18.858058762410288	0.0	584846	2581.104546395999	1.2	0.124760702252388	0.032542962580919266	0.08570914715528488	0.2265874897693011
23.743030108468957	1200	20.277527620080864	0.0	560821	2580.5311423294243	1.2	0.13837353885173798	0.03487016633152962	0.09652933925390245	0.21732773954967716
27.914042174215133	1850	20.10651555433469	0.0	939819	4171.0120657461775	1.2000000000000002	0.14373791217803955	0.03201247379183769	0.10532294362783431	0.225321573082496
32.28259877092567	1850	19.737958957624155	0.0	917428	4368.55659671053	1.85	0.14381757378578186	0.031771015375852585	0.10569235533475876	0.21000712241906447
37.470685005486764	1850	18.54987272306306	0.0	946851	5188.086234561093	1.85	0.15293525159358978	0.03195991739630699	0.11458335071802139	0.18250486926998866
41.956095258282275	1850	18.064462470267546	0.0	1036454	4485.410252795514	1.85	0.1464034914970398	0.02940748631954193	0.11111450791358948	0.23107228583027253
45.49844718363719	1850	18.522110544912632	0.0	821631	3542.3519253549134	1.85	0.13602788746356964	0.03429098054766655	0.09487871080636978	0.23194505156843773
49.44755830162376	1850	18.572999426926067	0.0	923170	3949.1111179865666	1.85	0.15865662693977356	0.03372156620025635	0.11819074749946595	0.23376652933247252
53.66630226434689	1850	18.354255464202936	0.0	966699	4218.7439627231315	1.85	0.14916104078292847	0.03368464857339859	0.10873946249485017	0.22914379458477763
57.78673303683747	1850	18.233824691712353	0.0	885714	4120.430772490583	1.85	0.15570877492427826	0.029932769015431404	0.11978945210576059	0.2149566511136001
62.61578435057202	1850	17.404773377977804	0.0	987708	4829.051313734552	1.85	0.14110377430915833	0.029130421578884125	0.10614726841449737	0.20453458367501895
66.57488310275826	1850	17.445674625791558	0.0	923755	3959.0987521862467	1.85	0.14872854948043823	0.03205303102731705	0.11026491224765778	0.23332456647864488
70.47135882645559	1850	17.549198902094243	0.0	891604	3896.4757236973182	1.85	0.1537163257598877	0.03315434232354164	0.11393111497163773	0.2288231887542643
74.6966655312571	1850	17.323892197292736	0.0	955231	4225.306704801507	1.85	0.15306586027145386	0.03284632787108421	0.11365026682615281	0.22607376617524716
79.30168188621305	1850	16.718875842336786	0.0	968026	4605.016354955948	1.85	0.15383000671863556	0.03024696744978428	0.11753364577889443	0.21021119696094112
83.47232038636986	1850	16.548237342179977	0.0	874175	4170.638500156811	1.85	0.1480204313993454	0.03389645740389824	0.10734468251466751	0.20960219879213512
87.38576798163115	1850	16.634789746918692	0.0	897976	3913.4475952612884	1.85	0.15445545315742493	0.03225110471248627	0.1157541275024414	0.229459058321706
91.32320296524331	1850	16.697354763306514	0.0	905935	3937.4349836121764	1.85	0.14784862101078033	0.03624527528882027	0.10435429066419602	0.230082529304116
95.94575726032505	1850	16.074800468224762	0.0	1076599	4622.554295081751	1.85	0.15448155999183655	0.030450427904725075	0.11794104650616646	0.23290132062817884
100.3224258668696	1850	15.698131861680219	0.0	758197	4376.668606544545	1.85	0.15326495468616486	0.029477231204509735	0.11789227724075318	0.17323609991084282
105.7041083529752	1850	14.316449375574619	0.0	972798	5381.6824861056	1.85	0.14026646316051483	0.03344132751226425	0.10013687014579772	0.18076094279280966
110.30353817662485	1850	13.717019551924958	0.0	975811	4599.429823649662	1.85	0.14302167296409607	0.036561768501996994	0.09914755076169968	0.21215912350320218
114.82902458748678	1850	13.191533141063038	0.0	873429	4525.4864108619195	1.85	0.14969444274902344	0.032886944711208344	0.11023010909557343	0.1930022368211349
118.66843411544478	1200	13.352123613105043	0.0	620283	3839.409527957996	0.5499999999999999	0.1396680772304535	0.03362753242254257	0.09931503832340241	0.16155687365028232
122.6631262457247	1200	13.357431482825127	0.0	584349	3994.692130279914	1.2	0.13074152171611786	0.038037508726119995	0.08509651124477387	0.14628136060113692
125.7185640725991	1200	14.30199365595073	0.0	670129	3055.437826874398	1.2	0.12450077384710312	0.03610415756702423	0.08117578476667404	0.21932339585044597
128.82062633537186	1200	15.199931393177978	0.0	690253	3102.062262772751	1.2	0.13299281895160675	0.0321529358625412	0.0944092959165573	0.22251423134976775
131.45221135137766	1200	16.56834637717216	0.0	598727	2631.585016005818	1.2	0.1391831487417221	0.03339674323797226	0.0991070568561554	0.22751573533001007
133.63914371112145	1200	18.38141401742834	0.0	487812	2186.9323597438156	1.2	0.1419028788805008	0.033288925886154175	0.10195616781711578	0.22305765325871527
137.89131274453928	1850	18.129244984010523	0.0	938587	4252.169033417821	1.2000000000000002	0.14149586856365204	0.029972853139042854	0.10552844479680062	0.22073134737204456
141.7815095338938	1850	18.239048194656025	0.0	908665	3890.1967893544984	1.85	0.14202545583248138	0.034562960267066956	0.10054990351200105	0.23357815791904324
145.77752107726127	1850	18.243036651288516	0.0	930577	3996.0115433675082	1.85	0.1507851779460907	0.031825870275497437	0.11259413361549378	0.2328764544097855
149.62474174526486	1850	18.39581598328493	0.0	858450	3847.220668003585	1.85	0.16235040128231049	0.02762744203209877	0.12919747084379196	0.22313510819369511
154.47109160345627	1850	17.549466125093524	0.0	1025005	4846.349858191405	1.85	0.15376286208629608	0.03648928925395012	0.10997571498155595	0.21150041371188144
158.4646035055365	1850	17.5559542230133	0.0	886255	3993.5119020802276	1.85	0.1488436907529831	0.036056675016880035	0.10557568073272705	0.2219237156995446
162.69083163850314	1850	17.329726090046666	0.0	973972	4226.228132966633	1.85	0.14580439031124115	0.033677417784929276	0.10539148896932601	0.23045892681527178
166.8592689973182	1850	17.161288731231615	0.0	958994	4168.437358815048	1.85	0.1430487483739853	0.03814401850104332	0.09727592617273331	0.2300607919588867
171.43904088834554	1850	16.58151684020429	0.0	982064	4579.771891027327	1.85	0.15004855394363403	0.031114833429455757	0.11271075382828713	0.21443513418737217
175.49850722697153	1850	16.522050501578292	0.0	830730	4059.4663386259977	1.85	0.15197725594043732	0.03805609047412872	0.10630994737148286	0.20464019915513726
182.2894110372233	2850	13.73114669132654	0.0	1364537	6790.903810251752	1.85	0.15095925331115723	0.034228306263685226	0.10988528579473496	0.20093599292925546

