4.209927422611261	750	4.0	4.209927422611261	450283	4209.927422611261	-17.352687917228423	0.07828795164823532	0.028932688757777214	0.04356872513890266	0.10695742581726177
5.554759749003105	300	6.655167673608156	0.0	155580	1344.8323263918437	-0.15000000000000002	0.0863996297121048	0.02700277417898178	0.05399630069732666	0.11568728453859954
7.654404077816952	300	8.555523344794308	0.0	139857	2099.644328813848	0.3	0.11104537546634674	0.02828388661146164	0.07710471153259277	0.0666098529549571
10.875600369342418	300	9.334327053268842	0.0	155432	3221.1962915254658	0.3	0.07457247376441956	0.027369318529963493	0.041729291528463365	0.048252880586296676
13.325595589268975	300	10.884331833342287	0.0	163442	2449.9952199265545	0.3	0.05695605278015137	0.0227902140468359	0.02960779592394829	0.06671115056497932
14.733136361540106	300	13.476791061071156	0.0	126289	1407.540772271131	0.3	0.05260757356882095	0.023708855733275414	0.024156946688890457	0.08972315579620971
16.34450503715639	300	15.865422385454869	0.0	153295	1611.3686756162851	0.3	0.06183338910341263	0.02515684999525547	0.031645169109106065	0.09513341193713518
17.843890760700226	300	18.366036661911036	0.0	173849	1499.3857235438347	0.3	0.06713475286960602	0.0274900421500206	0.0341467022895813	0.11594681559932667
19.810254813869847	300	20.399672608741415	0.0	150710	1966.3640531696228	0.3	0.07282564043998718	0.029040662571787834	0.037976845353841784	0.07664399669891617
23.82352946064314	300	20.386397961968118	0.0	139105	4013.274646773295	0.3	0.06955283135175705	0.02933637984097004	0.034349175542593	0.034661221133181486
28.431525291248274	300	19.778402131362984	0.0	141840	4607.995830605135	0.3	0.06185952201485634	0.025701792910695076	0.031017370522022247	0.030781277851410983
30.750445191069343	300	21.45948223154192	0.0	156148	2318.9198998210663	0.3	0.05445209890604019	0.024791745468974113	0.02470200434327126	0.06733652163321759
32.40369747325402	300	23.80622994935724	0.0	160746	1653.2522821846792	0.3	0.06205742061138153	0.026506740599870682	0.030249331891536717	0.09723016972798808
37.098512665964755	750	23.111414756646504	0.0	434409	4694.815192710735	0.3	0.07385817170143127	0.025477509945631027	0.04328515976667405	0.0925295207944441
40.79655947089947	750	23.41336795171179	0.0	337059	3698.046804934712	0.75	0.06621211022138596	0.025093508884310722	0.03609989956021309	0.09114514168674799
44.38345099011192	750	23.826476432499344	0.0	366214	3586.891519212447	0.75	0.07161375135183334	0.029558584094047546	0.036143450438976286	0.10209787445158294
47.9328313315647	750	24.277096091046563	0.0	360831	3549.3803414527843	0.75	0.06975294649600983	0.02992910146713257	0.03383802473545074	0.10166028018634643
52.30234998565647	750	23.907577436954803	0.0	372963	4369.518654091762	0.75	0.07458989322185516	0.029078589752316475	0.03969558551907539	0.08535562599114781
56.29811760358285	750	23.91180981902841	0.0	405596	3995.7676179263894	0.75	0.07554681599140167	0.030144337564706802	0.039373610913753514	0.10150640347060141
58.66720657967377	750	25.542720842937495	0.0	350713	2369.0889760909154	0.75	0.07450871169567108	0.026458073407411575	0.04275902360677719	0.14803707397207574
62.00109788068472	750	26.20882954192654	0.0	386472	3333.891301010955	0.75	0.08466609567403793	0.03216485306620598	0.04606827199459076	0.11592219574849602
65.93558188661957	750	26.27434553599169	0.0	399894	3934.484005934852	0.75	0.091477170586586	0.03307420387864113	0.05178812593221665	0.10163823245863805
69.96158275654426	750	26.248344666067002	0.0	401853	4026.000869924688	0.75	0.08359995484352112	0.031345922499895096	0.045984847843647	0.09981443446819654
74.32628592608336	750	25.883641496527893	0.0	343800	4364.703169539108	0.75	0.07938754558563232	0.02962268702685833	0.04384032115340233	0.07876824302723516
77.93436387306615	750	26.275563549545105	0.0	359903	3608.077946982786	0.75	0.07842244952917099	0.030582111328840256	0.041723915934562684	0.09974923083381963
81.57850237641873	750	26.63142504619254	0.0	379700	3644.1385033525676	0.75	0.08071718364953995	0.031110187992453575	0.04338495805859566	0.10419472247025742
88.56383024947559	750	23.64609717313567	0.0	425781	6985.32787305687	0.75	0.0748826414346695	0.029596520587801933	0.039366816729307176	0.060953617029528596
91.32299330443158	750	24.886934118179674	0.0	277716	2759.1630549559954	0.75	0.0728624016046524	0.03063991479575634	0.036094503849744795	0.10065226101848815
98.08195969421828	750	22.127967728392978	0.0	400396	6758.966389786696	0.75	0.08388826251029968	0.029677001759409904	0.048275860399007796	0.0592392352483108
106.02268907804837	750	18.187238344562893	0.0	400508	7940.7293838300875	0.75	0.07469283044338226	0.031137946993112564	0.03732729405164719	0.050437180344612274
109.64348364368995	750	18.566443778921304	0.0	358218	3620.794565641588	0.75	0.06594571471214294	0.02844195067882538	0.03181537389755249	0.09893353337391717
114.26751835896718	750	17.942409063644067	0.0	400322	4624.034715277237	0.75	0.07435765117406845	0.029827676713466644	0.03856443911790848	0.08657417702280343
117.8745584476006	750	18.335368975010645	0.0	369834	3607.0400886334205	0.75	0.07539990544319153	0.02866092324256897	0.041006797552108766	0.1025311587651683
121.91184541100961	750	18.298082011601647	0.0	412837	4037.286963408997	0.75	0.07514367997646332	0.02846834436058998	0.04098166674375534	0.10225604564194997
126.5770409091001	750	17.632886513511156	0.0	401088	4665.195498090494	0.75	0.07286728173494339	0.029172830283641815	0.03785988539457321	0.08597453207784517
130.2749906638858	750	17.934936758725456	0.0	365161	3697.9497547856995	0.75	0.07480488717556	0.029294654726982117	0.03965130150318146	0.09874687981561325
132.36703567536424	750	19.842891747247037	0.0	321064	2092.045011478417	0.75	0.07415656745433807	0.02824203297495842	0.04026612788438797	0.15346897329570786
135.31285034936604	750	20.897077073245214	0.0	361565	2945.8146740018224	0.75	0.08519736677408218	0.032047055661678314	0.04674089998006821	0.12273854264865282
139.23967282592577	750	20.970254596685475	0.0	378327	3926.82247655974	0.75	0.08813305199146271	0.030262909829616547	0.05181756019592285	0.09634430949153817
145.21808270679247	1200	18.991844715818782	0.0	587506	5978.409880866692	0.75	0.08873166143894196	0.029607277363538742	0.053202928602695466	0.09827128144563234
149.27779643693412	750	18.932130985677134	0.0	345516	4059.713730141648	0.3	0.08624517917633057	0.032541438937187195	0.047195452451705935	0.08510846403643947
152.92384234390136	750	19.286085078709913	0.0	384505	3646.045906967223	0.75	0.07433212548494339	0.03114461340010166	0.0369585894048214	0.10545807974201589
157.6510113654363	750	18.558916057174983	0.0	372093	4727.169021534928	0.75	0.0866134762763977	0.032258372753858566	0.04790342897176743	0.07871370757104432
163.86526393633775	750	16.3446634862735	0.0	438281	6214.252570901481	0.75	0.07590648531913757	0.03335515409708023	0.0358803004026413	0.07052835316869331
167.76727104819992	750	16.442656374411346	0.0	398987	3902.007111862157	0.75	0.08226917684078217	0.030606970191001892	0.0455408126115799	0.10225173572520506
178.11624209815162	750	10.093685324459637	0.0	393804	10348.971049951708	0.75	0.07854761183261871	0.030264193192124367	0.04223058000206947	0.038052478656980845
179.84711405086009	300	12.362813371751166	0.0	137507	1730.8719527084697	-0.15000000000000002	0.06553206592798233	0.03163488581776619	0.027570202946662903	0.0794437738648598
182.94315786901544	750	13.266769553595793	0.0	314107	3096.0438181553727	0.3	0.07206562906503677	0.02939039282500744	0.03679715767502785	0.10145431345579127

