2.849606252669837	750	4.0	2.849606252669837	450283	2849.606252669837	-11.5033068864803	0.15858037769794464	0.0322948582470417	0.1198265478014946	0.15801586607908494
3.8865496433605213	300	6.963056609309316	0.0	155580	1036.943390690684	-0.15000000000000002	0.11524555832147598	0.027523579075932503	0.08221726343035698	0.15003712005567804
6.114052496921575	750	8.735553755748262	0.0	350812	2227.502853561053	0.3	0.1209496483206749	0.0285798367112875	0.08665384426712991	0.15749115626907756
8.51851840413687	750	10.331087848532967	0.0	382355	2404.465907215295	0.75	0.12392355501651764	0.030399126932024956	0.0874446026980877	0.15901868221655102
11.104971338027738	750	11.744634914642099	0.0	411561	2586.4529338908696	0.75	0.11211283504962921	0.0349426232278347	0.07018168717622758	0.15912178203872354
13.133887566760677	750	13.71571868590916	0.0	318564	2028.9162287329389	0.75	0.09745341539382935	0.03411182388663292	0.056519226729869844	0.15701190393599626
15.371286760432408	750	15.47831949223743	0.0	352642	2237.3991936717307	0.75	0.0952896773815155	0.0353560671210289	0.05286239683628082	0.157612464059795
18.165541932777025	750	16.68406431989281	0.0	437162	2794.255172344619	0.75	0.08748546242713928	0.03374556452035904	0.04699078500270844	0.1564502785309989
20.5749313940298	750	18.27467485864003	0.0	374758	2409.3894612527783	0.75	0.10081052780151367	0.031136345118284225	0.06344691365957261	0.15554064879371643
22.90245126806012	750	19.94715498460971	0.0	362795	2327.5198740303167	0.75	0.10186052322387695	0.03452515974640846	0.0604303315281868	0.15587192360758956
25.17015110811066	750	21.67945514455917	0.0	353220	2267.69984005054	0.75	0.10779308527708054	0.035753682255744934	0.06488866657018662	0.15576135507957165
28.881478239463995	1200	21.968128013205835	0.0	594078	3711.327131353336	0.75	0.11797994375228882	0.034215010702610016	0.0769219309091568	0.16007158058938592
32.813227688174564	1200	22.036378564495262	0.0	624282	3931.7494487105714	1.2	0.11351294815540314	0.03297489508986473	0.07394307404756546	0.15877970052357612
37.19634877997679	1200	21.65325747269303	0.0	687371	4383.121091802229	1.2	0.11135243624448776	0.03363335132598877	0.07099241465330125	0.15682227015940606
40.57195932317872	1200	22.27764692949111	0.0	526950	3375.610543201924	1.2	0.11675737053155899	0.03438529744744301	0.07549501359462737	0.15610509365815742
44.26110814943832	1200	22.588498103231505	0.0	587876	3689.148826259604	1.2	0.11202599853277206	0.031636230647563934	0.07406252175569535	0.15935274712027336
48.11736261261123	1200	22.732243640058595	0.0	617242	3856.2544631729106	1.2	0.10714610666036606	0.03301042318344116	0.06753359884023666	0.1600625700131147
51.77196069108743	1200	23.077645561582393	0.0	581493	3654.5980784761987	1.2	0.1128883957862854	0.03522845730185509	0.0706142470240593	0.15911270884333636
55.95610857046913	1200	22.893497682200692	0.0	639204	4184.147879381699	1.2	0.11985113471746445	0.033509910106658936	0.07963924258947372	0.15276802312600307
59.84575008358038	1200	23.00385616908944	0.0	586839	3889.6415131112553	1.2	0.11056827753782272	0.032347671687603	0.07175107151269913	0.15087225854153277
63.69535924841685	1200	23.154247004252973	0.0	601738	3849.6091648364677	1.2	0.11466429382562637	0.03452949598431587	0.07322889864444733	0.1563114524706723
67.56127390215973	1200	23.288332350510093	0.0	616206	3865.914653742877	1.2	0.10629983991384506	0.03593036159873009	0.06318340599536895	0.15939462072795774
71.86551111744906	1200	22.984095135220755	0.0	656471	4304.237215289339	1.2	0.11760921776294708	0.03416066989302635	0.07661641389131546	0.15251738395553807
75.23009694316434	1200	23.61950930950546	0.0	536667	3364.5858257152922	1.2	0.11702590435743332	0.03123464435338974	0.07954433113336563	0.15950462487783548
78.89153466898058	1200	23.95807158368922	0.0	587236	3661.4377258162394	1.2	0.11522992700338364	0.03091508150100708	0.07813182920217515	0.1603839922933793
82.56626494121323	1200	24.283341311456585	0.0	590335	3674.7302722326376	1.2	0.11437781900167465	0.03381531685590744	0.07379943877458572	0.16064716489826425
86.93001865748535	1200	23.919587595184463	0.0	696376	4363.75371627212	1.2	0.10641264915466309	0.03210468590259552	0.06788702607154846	0.15958187498145565
90.02284871940033	1200	24.826757533269483	0.0	487160	3092.8300619149795	1.2	0.11129629611968994	0.03171386197209358	0.07323966175317764	0.1575126955725354
93.95591000623624	1200	24.893696246433564	0.0	622896	3933.0612868359203	1.2	0.11401162296533585	0.03269413858652115	0.07477865666151047	0.15837434369122405
97.99698227393863	1200	24.852623978731177	0.0	641447	4041.072267702385	1.2	0.12158923596143723	0.033489976078271866	0.08140126466751099	0.1587318804285341
101.57226474072102	1200	25.277341511948777	0.0	570392	3575.2824667824016	1.2	0.1149703785777092	0.03148343414068222	0.07719025760889053	0.15953760445488044
105.4762247914977	1200	25.3733814611721	0.0	620283	3903.960050776673	1.2	0.11341891437768936	0.03100118227303028	0.07621749565005304	0.15888559102355512
109.1595203509387	1200	25.6900859017311	0.0	584349	3683.2955594410037	1.2	0.11556556075811386	0.03226475417613983	0.07684785574674607	0.1586484143261867
113.36611961635303	1200	25.483486636316776	0.0	670129	4206.599265414321	1.2	0.10922930389642715	0.03319234400987625	0.06939849108457566	0.15930421647472923
117.71689123825851	1200	25.132715014411293	0.0	690253	4350.771621905483	1.2	0.11289098113775253	0.03219132125377655	0.07426139563322068	0.15865070842254272
121.4890853202082	1200	25.360520932461593	0.0	598727	3772.1940819497004	1.2	0.11672066897153854	0.033271338790655136	0.07679506242275239	0.15872115458347288
124.57424776108193	1200	26.27535849158787	0.0	487812	3085.162440873722	1.2	0.1158035546541214	0.03415917977690697	0.07481253892183304	0.15811549937767655
130.4177548567603	1850	24.431851395909515	0.0	938587	5843.507095678357	1.2000000000000002	0.12267060577869415	0.02928820624947548	0.08752475827932357	0.16062049461600628
136.07944540012215	1850	22.770160852547654	0.0	908665	5661.69054336186	1.85	0.11736154556274414	0.03332402929663658	0.07737271040678025	0.16049358279840617
141.9753004950367	1850	20.874305757633092	0.0	930577	5895.855094914563	1.85	0.12173869460821152	0.035936493426561356	0.0786149024963379	0.15783579905189055
147.31798203144524	1850	19.531624221224533	0.0	858450	5342.681536408554	1.85	0.11800239235162735	0.03388948738574982	0.07733500748872757	0.1606777409714496
153.6497339118622	1850	17.199872340807598	0.0	1025005	6331.751880416938	1.85	0.10889708995819092	0.03489520028233528	0.06702284961938859	0.16188331750177562
157.40465716156302	1200	17.44494909110675	0.0	599477	3754.9232497008456	0.5499999999999999	0.12210988998413086	0.03298861160874367	0.08252355605363845	0.15965093295788677
161.5877537721542	1200	17.2618524805156	0.0	634861	4183.096610591151	1.2	0.12017705291509628	0.031063541769981384	0.08290080279111862	0.15176818971682368
165.67653046750596	1200	17.17307578516384	0.0	630203	4088.776695351765	1.2	0.1127832680940628	0.035639554262161255	0.0700158029794693	0.15412996281172126
169.70038748083527	1200	17.1492187718345	0.0	638661	4023.857013329336	1.2	0.11126909404993057	0.033375173807144165	0.07121888548135757	0.158718611989538
173.11892230827326	1200	17.73068394439652	0.0	538612	3418.5348274379794	1.2	0.11368673294782639	0.034851234406232834	0.07186525166034699	0.15755638809848332
178.41136374474104	1850	16.438242507928734	0.0	846370	5292.441436467785	1.2000000000000002	0.11497598141431808	0.03483513742685318	0.07317381650209427	0.15992052253390143

