6.259456925508364	750	4.0	6.259456925508364	450283	6259.456925508364	-26.165664779685965	0.13006971776485443	0.03621384873986244	0.0866130992770195	0.0719364324027887
8.58908495172655	300	5.670371973781814	0.0	155580	2329.6280262181867	-0.15000000000000002	0.07279597967863083	0.026670318096876144	0.04079159796237946	0.06678319381852628
10.673191228347726	300	7.5862656971606395	0.0	139857	2084.1062766211744	0.3	0.07804032415151596	0.02584252320230007	0.04702929630875588	0.06710646264486139
12.910189482565773	300	9.349267442942592	0.0	155432	2236.998254218048	0.3	0.07439285516738892	0.02516409568488598	0.04419594034552574	0.0694823966477935
15.258346031190936	300	11.00111089431743	0.0	163442	2348.156548625162	0.3	0.06805220991373062	0.02540469728410244	0.03756657317280769	0.06960438821495728
17.08179136688662	300	13.177665558621742	0.0	126289	1823.4453356956865	0.3	0.065976582467556	0.025668464601039886	0.03517442494630814	0.06925845131069851
19.27708628973724	300	14.98237063577112	0.0	153295	2195.294922850622	0.3	0.05763062462210655	0.022051803767681122	0.031168460100889205	0.06982888649919722
21.7518343724009	300	16.507622553107463	0.0	173849	2474.748082663657	0.3	0.05773967504501343	0.024595845490694046	0.028224660456180575	0.07024917049855042
23.90369156533753	300	18.355765360170828	0.0	150710	2151.857192936632	0.3	0.0549333393573761	0.026231400668621063	0.023455658555030824	0.07003717555918595
25.894641712548836	300	20.364815212959524	0.0	139105	1990.9501472113054	0.3	0.06320773810148239	0.02580857463181019	0.03223744854331016	0.06986865050078844
27.896746596272603	300	22.36271032923576	0.0	141840	2002.1048837237665	0.3	0.06541581451892853	0.028402233496308327	0.03133313432335854	0.07084543929396352
30.092742319507927	300	24.166714606000433	0.0	156148	2195.9957232353268	0.3	0.06835710257291794	0.025562601163983345	0.03768198117613793	0.0711057851105236
33.08513361884909	300	25.17432330665927	0.0	160746	2992.391299341162	0.3	0.06535311043262482	0.026310082525014877	0.03378101140260697	0.05371824200778542
36.66224401692146	300	25.597212908586904	0.0	179801	3577.1103980723688	0.3	0.06018334627151489	0.025449248030781746	0.0296442486345768	0.05026431392693137
38.63995918688127	300	27.619497738627096	0.0	140051	1977.7151699598103	0.3	0.060871291905641556	0.025486791506409645	0.030287142097949984	0.07081454505041089
40.594124157518046	300	29.665332767990318	0.0	138313	1954.1649706367768	0.3	0.059917714446783066	0.025258459150791168	0.029607563465833667	0.07077856889171943
47.323112311988	750	26.936344613520365	0.0	360831	6728.988154469952	0.3	0.06212792545557022	0.025355640798807144	0.03170115649700165	0.053623366800000405
52.430525368326315	750	25.828931557182056	0.0	372963	5107.413056338313	0.75	0.05880003049969673	0.023557066917419434	0.030531550198793413	0.07302385686960484
58.003529190746164	750	24.25592773476221	0.0	405596	5573.003822419847	0.75	0.06360245496034622	0.026124024763703346	0.032253625243902205	0.07277870479261338
62.83640921419289	750	23.42304771131548	0.0	350713	4832.880023446726	0.75	0.06724246591329575	0.02592439390718937	0.0361331932246685	0.0725681163816431
68.14660123945208	750	22.112855686056292	0.0	386472	5310.192025259188	0.75	0.06394117325544357	0.02461601234972477	0.03440195843577385	0.0727792889902388
73.64194447721313	750	20.617512448295244	0.0	399894	5495.343237761048	0.75	0.06751982122659683	0.027507292106747627	0.03451107069849968	0.07276961287006482
79.14861367056811	750	19.11084325494025	0.0	401853	5506.669193354994	0.75	0.061980415135622025	0.025582727044820786	0.031281142681837085	0.0729756929079604
83.87639512321871	750	18.383061802289657	0.0	343800	4727.781452650594	0.75	0.06519512087106705	0.026160847395658493	0.03380210399627686	0.07271909741243458
93.75026100603743	750	12.50919591947094	0.0	359903	9873.865882818716	0.75	0.06520885229110718	0.027246365323662758	0.03251321390271187	0.03645005960899862
95.92018284677826	300	14.339274078730103	0.0	153938	2169.9218407408366	-0.15000000000000002	0.053308844566345215	0.024301674216985703	0.024146835505962375	0.07094172569249949
98.45788954377714	300	15.801567381731225	0.0	181901	2537.7066969988778	0.3	0.0636199489235878	0.026172950863838196	0.032212407886981965	0.07167928437715765
102.2742999751381	750	15.985156950370266	0.0	277716	3816.4104313609582	0.3	0.06725207716226578	0.025324637070298195	0.036862512677907945	0.07276890287215901
107.76505892644867	750	14.49439799905969	0.0	400396	5490.758951310579	0.75	0.06623173505067825	0.029007187113165855	0.03142311051487923	0.07292179524734559
113.26642894241867	750	12.9930279830897	0.0	400508	5501.370015969989	0.75	0.06862610578536987	0.02850409783422947	0.03442118838429451	0.07280150195994103
118.19748320143701	750	12.06197372407137	0.0	358218	4931.05425901833	0.75	0.06603238731622696	0.028308266773819923	0.03206246718764305	0.07264531704246825
120.39330612782292	300	13.86615079768545	0.0	157488	2195.82292638592	-0.15000000000000002	0.06397268176078796	0.025970401242375374	0.03280820026993751	0.07172163024056212
122.40632145896774	300	15.85313546654065	0.0	143881	2013.0153311448014	0.3	0.06473632901906967	0.02612132392823696	0.03339074030518532	0.07147536224583789
124.70030951297844	300	17.55914741252995	0.0	163444	2293.9880540106988	0.3	0.06811121106147766	0.026683013886213303	0.0360915943980217	0.0712488453086067
127.21183110546453	300	19.047625820043844	0.0	179328	2511.5215924861036	0.3	0.06984861940145493	0.02706274949014187	0.03737332001328469	0.07140213348613376
129.4479381681875	300	20.811518757320876	0.0	159914	2236.1070627229706	0.3	0.06614486128091812	0.027084002271294594	0.03364405855536461	0.0715144648777542
131.29869385745155	300	22.960763068056814	0.0	131610	1850.755689264062	0.3	0.06539600342512131	0.027196988463401794	0.03275961726903916	0.07111149286934443
133.04724411833706	300	25.21221280717131	0.0	124011	1748.550260885507	0.3	0.06916377693414688	0.027595456689596176	0.036049228906631474	0.07092218209226535
135.07776777040033	300	27.18168915510804	0.0	144254	2030.5236520632723	0.3	0.06431198120117188	0.027087630704045296	0.03180682435631752	0.07104275778980434
140.44644651932782	750	25.813010406180556	0.0	390680	5368.67874892748	0.3	0.06831055879592896	0.02628912962973118	0.03676360324025154	0.07277023235522287
145.21036104669523	750	25.049095878813134	0.0	345516	4763.914527367426	0.75	0.06532981246709824	0.027130132541060448	0.0327736534178257	0.07252774960908769
155.30996311628235	750	18.94949380922602	0.0	384505	10099.60206958711	0.75	0.06366121023893356	0.027892444282770157	0.030190277099609378	0.038071301953356985
157.35182562242963	300	20.907631303078734	0.0	145210	2041.8625061472865	-0.15000000000000002	0.054044127464294434	0.025062590837478638	0.02396901845932007	0.0711164437188238
159.78478488695816	300	22.474672038550207	0.0	172312	2432.959264528529	0.3	0.06247707083821297	0.026315700262784958	0.030898230522871016	0.07082403824520732
162.1667618099927	300	24.09269511551569	0.0	167025	2381.9769230345164	0.3	0.06382305920124054	0.025467893108725548	0.033261587470769884	0.07012032668528909
171.79610133649703	750	18.463355589011357	0.0	393804	9629.339526504331	0.3	0.06543409824371338	0.027274208143353462	0.03270504847168922	0.0408962628138796
176.3463522164945	750	17.913104709013897	0.0	331053	4550.25087999746	0.75	0.05471741035580635	0.024548521265387535	0.02525918483734131	0.07275488950626494
183.88725287705904	1200	14.37220404844934	0.0	550906	7540.900660564555	0.75	0.06377024948596954	0.027128862217068672	0.03121561482548714	0.07305572965322102

