10.225011969458027	750	4.0	10.225011969458027	450283	10225.011969458026	-43.21755146866951	0.10642384737730026	0.03502671793103218	0.06439178586006164	0.044037405662212356
13.835264632804256	300	4.3897473366537705	0.0	155580	3610.2526633462294	-0.15000000000000002	0.04214027151465416	0.02097039669752121	0.01697579547762871	0.04309393677056325
17.105192602436475	300	5.119819367021553	0.0	139857	3269.927969632218	0.3	0.047785092145204544	0.01913902349770069	0.024818263947963715	0.042770666907298964
20.736822996415963	300	5.488188973042064	0.0	155432	3631.63039397949	0.3	0.04717066511511803	0.01923012174665928	0.024094519019126893	0.04279950962456831
24.499827952773202	300	5.725184016684822	0.0	163442	3763.004956357241	0.3	0.045186709612607956	0.018273020163178444	0.023259085416793824	0.04343390505608562
30.868710544699148	300	4.0	0.6436985752411265	126289	6368.882591925949	-2.467903873536844	0.04890241101384163	0.018734898418188095	0.026420532912015914	0.01982906705802693
34.471308298251735	300	4.397402246447415	0.0	153295	3602.597753552586	0.3	0.028625205159187317	0.014318391680717468	0.011443135142326356	0.04255123954619498
38.48127964773742	300	4.387430896961733	0.0	173849	4009.9713494856824	0.3	0.036732662469148636	0.018353812396526337	0.014708087593317033	0.04335417509212324
41.98000445219027	300	4.888706092508876	0.0	150710	3498.724804452856	0.3	0.04397006705403328	0.017533600330352783	0.02292974665760994	0.04307569426671973
45.26892636469436	300	5.599784180004796	0.0	139105	3288.9219125040804	0.3	0.04291404038667679	0.019267737865447998	0.01979275494813919	0.04229501450646783
48.545981201885645	300	6.3227293428135045	0.0	141840	3277.054837191291	0.3	0.04547692462801933	0.019735148176550865	0.021794746816158294	0.04328276670571943
52.163697823634614	300	6.705012721064537	0.0	156148	3617.7166217489676	0.3	0.046399734914302826	0.01974809728562832	0.022702018171548845	0.04316203183557008
55.9557465213832	300	6.912964023315953	0.0	160746	3792.048697748584	0.3	0.047617144882678986	0.021493157371878624	0.021825356036424638	0.04239027839896628
60.10409325563538	300	6.764617289063769	0.0	179801	4148.346734252184	0.3	0.04312053322792053	0.01895013451576233	0.02038037180900574	0.04334280895938956
63.8275396062574	300	7.041170938441753	0.0	140051	3723.4463506220163	0.3	0.04954566806554794	0.02191263809800148	0.023250502347946168	0.03761327190241479
67.46428395837192	300	7.4044265863272285	0.0	138313	3636.744352114524	0.3	0.045105379074811935	0.01918204128742218	0.02208692952990532	0.03803209316035102
70.7867950183693	300	8.08191552632985	0.0	143509	3322.511059997379	0.3	0.03974934667348862	0.018633326515555382	0.01738935485482216	0.04319293372047141
73.15481860787355	300	9.713891936825604	0.0	150616	2368.0235895042442	0.3	0.04578527435660362	0.019922969862818718	0.02187771052122116	0.06360409611946986
75.49917724907215	300	11.369533295626994	0.0	165384	2344.3586411986107	0.3	0.05561862140893936	0.022607367485761642	0.02848978042602539	0.07054552025173222
77.50456988697361	300	13.364140657725534	0.0	140881	2005.392637901461	0.3	0.05678177997469902	0.02359040081501007	0.028473298996686935	0.07025108067985361
79.73504636581745	300	15.133664178881686	0.0	157671	2230.476478843849	0.3	0.05647912248969078	0.024257393553853035	0.02737025022506714	0.07068938027166627
81.96808764177153	300	16.90062290292761	0.0	157812	2233.041275954076	0.3	0.055461861193180084	0.023829385638237	0.026866598427295687	0.07067133138082017
84.2908058227191	300	18.577904721980047	0.0	163927	2322.71818094756	0.3	0.05909193679690361	0.026034193113446236	0.02785090506076813	0.07057550130043133
86.25407781866946	300	20.614632726029683	0.0	137654	1963.2719959503647	0.3	0.06336521357297897	0.026042748242616653	0.03211391568183899	0.07011458436932758
89.8970407751848	300	20.971669769514325	0.0	146754	3642.9629565153596	0.3	0.06641694158315659	0.027268214151263237	0.0336950846016407	0.04028424163290864
94.06457042188491	300	20.80414012281422	0.0	153938	4167.529646700101	0.3	0.05337228998541832	0.02542678453028202	0.022860148549079896	0.03693746968828163
97.92590872993974	300	20.9428018147594	0.0	181901	3861.338308054824	0.3	0.0475463941693306	0.024319177493453026	0.018363381177186968	0.047108278396780494
99.52130502266868	300	23.34740552203045	0.0	111155	1595.3962927289472	0.3	0.053978897631168365	0.02473866008222103	0.02429250553250313	0.06967234442413543
101.69542987125517	300	25.173280673443973	0.0	153605	2174.124848586478	0.3	0.06000031903386116	0.024134939536452293	0.03103839159011841	0.07065141640778694
103.81672900467375	300	27.05198154002539	0.0	149029	2121.2991334185836	0.3	0.06169145181775093	0.02615753374993801	0.030302411317825316	0.07025364676401485
108.82025091165684	750	26.048459633042306	0.0	358218	5003.521906983086	0.3	0.06467118114233017	0.025224432349205017	0.034401862323284155	0.0715931711021508
114.40823086468181	750	24.46047968001733	0.0	400322	5587.979953024978	0.75	0.06873295456171036	0.026691952720284462	0.03670261129736901	0.07163984183287755
119.56759662356954	750	23.30111392112961	0.0	369834	5159.3657588877195	0.75	0.06587330996990204	0.025470774620771408	0.035308380424976346	0.07168206661117403
125.28685561022128	750	21.58185493447787	0.0	412837	5719.25898665174	0.75	0.06485463678836823	0.02488238550722599	0.03499577417969704	0.07218365193174958
130.82191270526053	750	20.046797839438607	0.0	401088	5535.057095039262	0.75	0.06401614844799042	0.0266292542219162	0.03206104338169098	0.07246320916173946
135.88481364810826	750	18.98389689659086	0.0	365161	5062.9009428477475	0.75	0.06269948929548264	0.026842623949050903	0.03048834055662155	0.07212485571455929
140.3445146338515	750	18.524195910847645	0.0	321064	4459.700985743219	0.75	0.06547080725431442	0.024923859164118767	0.0355621762573719	0.07199227056396339
145.3845430138826	750	17.48416753081656	0.0	361565	5040.0283800310835	0.75	0.06640999019145966	0.02722190134227276	0.03374370858073235	0.07173868334403508
152.08980533994398	750	14.77890520475518	0.0	378327	6705.262326061382	0.75	0.06650181114673615	0.02604537084698677	0.03524736613035202	0.056422401034118275
157.9010470866452	750	12.967663458053945	0.0	390680	5811.241746701235	0.75	0.06264427304267883	0.026261327788233757	0.03113067969679833	0.06722831660234586
162.69215974486627	750	12.17655079983288	0.0	345516	4791.112658221066	0.75	0.06337065994739532	0.026635432615876198	0.031408140808343886	0.07211602495030656
164.9864813484185	300	13.882229196280674	0.0	161857	2294.3216035522064	-0.15000000000000002	0.06374432891607285	0.02538345940411091	0.03328417763113976	0.07054677938324046
167.0557915971131	300	15.81291894758607	0.0	145210	2069.310248694605	0.3	0.06419852375984192	0.02577291615307331	0.03327102437615395	0.07017314107036568
169.50048292617177	300	17.368227618527413	0.0	172312	2444.6913290586563	0.3	0.06851021945476532	0.026592079550027847	0.0365997239947319	0.07048415395098154
171.87824796189875	300	18.99046258280045	0.0	167025	2377.7650357269617	0.3	0.062318284064531326	0.025708243250846863	0.03146839216351509	0.0702445353053713
174.1596736908061	300	20.709036853893064	0.0	160064	2281.425728907385	0.3	0.06626822799444199	0.026732467114925385	0.03418926745653152	0.0701596365693033
178.80422114194786	750	20.064489402751313	0.0	331053	4644.547451141749	0.3	0.06762579083442688	0.02671808935701847	0.035564083606004715	0.07127777323463855
189.93536008564837	1200	12.93335045905082	0.0	550906	11131.138943700495	0.75	0.06717228144407272	0.026731429621577263	0.03509456589818001	0.049492329831331165

