2.47528860913	750	4.0	2.4752886091295165	450283	2475.28860913	-9.89374101925692	0.108959638399	0.0428712039675	0.0660884344318	0.18191131262
4.67705823197	750	5.798230377161819	0.0	398865	2201.76962284	0.75	0.18191131262	0.0715747326431	0.110336579977	0.181156555101
6.61973671343	750	7.85555189569874	0.0	350812	1942.67848146	0.75	0.181533149353	0.0714259407163	0.110107208637	0.180581605936
9.97725361953	1200	8.498034989595828	0.0	617681	3357.5169061	0.75	0.181214855947	0.0446306206093	0.136584235338	0.183969587429
13.0578283228	1200	9.417460286369725	0.0	652874	3080.57470323	1.2	0.181895775585	0.0447983213524	0.137097454232	0.211932533016
16.7665997796	1850	9.708688829537309	0.0	801058	3708.77145683	1.2000000000000002	0.187202129328	0.0232382586188	0.163963870709	0.215990122153
21.4528951647	1850	9.02239344445315	0.0	905515	4686.29538508	1.85	0.193485310706	0.0240182187311	0.169467091975	0.193226189472
28.6084076702	1850	5.866880938903162	0.0	1060487	7155.51250555	1.85	0.196101889664	0.024343026674	0.17175886299	0.148205596619
31.3041597069	1200	7.17112890218585	0.0	584846	2695.75203672	0.5499999999999999	0.18721914393	0.0457267545799	0.14149238935	0.216950962861
33.6984569935	1200	8.776831615667962	0.0	560821	2394.29728652	1.2	0.193196947753	0.0471867845887	0.146010163165	0.234231982452
36.3278388674	1200	10.147449741778042	0.0	607410	2629.38187389	1.2	0.19660954609	0.048020284002	0.148589262088	0.231008666345
39.1186225369	1200	11.356666072242154	0.0	594078	2790.78366954	1.2	0.198964464075	0.048595453584	0.150369010491	0.212871390386
43.2449472532	1850	11.230341355966635	0.0	946851	4126.32471628	1.2000000000000002	0.202819137884	0.0495369263391	0.153282211545	0.229465944904
47.5688829539	1850	10.906405655227998	0.0	1036454	4323.93570074	1.85	0.224587199729	0.033480013803	0.191107185926	0.239701529286
52.9600190695	2850	9.515269539666395	0.0	1231445	5391.13611556	1.85	0.229088924256	0.0341511019126	0.194937822343	0.228420313196
59.374875233	2850	7.1004133761178	0.0	1471065	6414.85616355	2.85	0.227954430527	0.0295448448175	0.198409585709	0.229321587654
63.7227464597	1850	6.752542149461724	0.0	966699	4347.87122666	0.8500000000000001	0.227623940698	0.0236827380728	0.203941202625	0.222338461653
67.8353956325	1850	6.6398929766587775	0.0	885714	4112.6491728	1.85	0.229715751795	0.02390037693	0.205815374865	0.21536337353
71.9905450992	1850	6.484743509881385	0.0	987708	4155.14946678	1.85	0.226742971419	0.0141666423368	0.212576329083	0.237706972492
75.8549101743	1850	6.620378434824363	0.0	923755	3864.36507506	1.85	0.226383600878	0.0141441892751	0.212239411603	0.239044443798
79.6998000002	1850	6.775488608916783	0.0	891604	3844.88982591	1.85	0.228395669783	0.0142699010462	0.214125768737	0.231893250619
83.9279696966	1850	6.547318912568883	0.0	955231	4228.16969635	1.85	0.228901316456	0.0143014932739	0.214599823182	0.225920686397
88.1895357585	1850	6.285752850590205	0.0	968026	4261.56606198	1.85	0.229651088127	0.0143483381531	0.215302749974	0.227152644338
91.8645951453	1850	6.610693463791137	0.0	874175	3675.0593868	1.85	0.23222147314	0.0116808019113	0.220540671229	0.237866904448
95.8116971418	1850	6.663591467330042	0.0	897976	3947.10199646	1.85	0.232251983766	0.0116823366039	0.220569647162	0.227502608447
99.9937688971	1850	6.481519712026992	0.0	905935	4182.0717553	1.85	0.229984739625	0.00533181633397	0.224652923291	0.216623495006
104.931399893	1850	5.543888715706618	0.0	1076599	4937.63099632	1.85	0.226813447603	0.013177004532	0.213636443071	0.218039582302
108.375320843	1850	6.099967765755952	0.0	758197	3443.92094995	1.85	0.225179181566	0.0130820598485	0.212097121717	0.22015516936
112.773234271	1850	5.70205433833621	0.0	972798	4397.91342742	1.85	0.223769071665	0.0130001377899	0.210768933875	0.221195350035
117.115542815	1850	5.359745794443292	0.0	975811	4342.30854389	1.85	0.220640249524	0.0128183650424	0.207821884481	0.224721709693
121.143026928	1850	5.332261681555721	0.0	873429	4027.48411289	1.85	0.220111911281	0.0127876705863	0.207324240695	0.216867149694
126.251855371	1850	4.223433238059169	0.0	954453	5108.8284435	1.85	0.220162179292	0.00851657309533	0.211645606197	0.186824241713
129.184991582	1200	5.2902970270366145	0.0	584349	2933.13621102	0.5499999999999999	0.212975922575	0.0322497625858	0.180726159989	0.199223274325
132.217279242	1200	6.258009367448274	0.0	670129	3032.28765959	1.2	0.20873275009	0.0316072425131	0.177125507577	0.220997832406
136.387704249	1200	6.087584359745915	0.0	690253	4170.4250077	1.2	0.20869754708	0.0316019119167	0.177095635164	0.165511428386
139.809344295	1200	6.665944314136816	0.0	598727	3421.64004561	1.2	0.195694361515	0.0404953486159	0.155199012899	0.174982462217
142.419818301	1200	8.055470308048369	0.0	487812	2610.47400609	1.2	0.187590605124	0.038818425287	0.148772179837	0.186867212185
145.087517102	1200	9.387771507129072	0.0	575591	2667.69880092	1.2	0.187599268278	0.0388202179673	0.14877905031	0.215763113812
147.798841987	1200	10.676446622429008	0.0	605884	2711.3248847	1.2	0.19034730084	0.0393888727601	0.15095842808	0.223464182924
152.014386844	1850	10.460901765532627	0.0	930577	4215.5448569	1.2000000000000002	0.190709884963	0.0394639028752	0.151245982088	0.22074892608
155.84785704	1850	10.62743156925778	0.0	858450	3833.47019627	1.85	0.20238008739	0.0261211695026	0.176258917887	0.223935483008
160.415809761	1850	10.05947884823517	0.0	1025005	4567.95272102	1.85	0.213158700878	0.0275123636342	0.185646337244	0.224390457301
164.417858126	1850	10.057430483410794	0.0	886255	4002.04836482	1.85	0.221613274926	0.0286035943211	0.193009680604	0.221450347225
168.795943148	1850	9.67934546099993	0.0	973972	4378.08502241	1.85	0.222788622354	0.0287552962488	0.194033326105	0.222465300471
173.105690899	1850	9.369597710355485	0.0	958994	4309.74775064	1.85	0.222589338762	0.0266614478116	0.19592789095	0.222517431526
177.640404885	1850	8.83488372421691	0.0	982064	4534.71398614	1.85	0.222946676696	0.0195758956293	0.203370781066	0.21656580834
183.231527763	2850	7.243760845901471	0.0	1231456	5591.12287832	1.85	0.221446181166	0.0105560062799	0.210890174886	0.220252000681
190.215294136	2850	4.259994473361348	0.0	1364537	6983.76637254	2.85	0.220627955885	0.00631450516724	0.214313450718	0.195386977057

