3.583219574890856	750	4.0	3.583219574890856	450283	3583.219574890856	-14.65784417203068	0.13976772129535675	0.033271051943302155	0.09984245896339417	0.12566436150196447
4.873638137131756	300	6.709581437759099	0.0	155580	1290.4185622409004	-0.15000000000000002	0.10376407206058502	0.029029596596956253	0.06892855614423751	0.12056553164410828
6.0433759020947075	300	9.539843672796149	0.0	139857	1169.7377649629511	0.3	0.10728829354047775	0.0266561321914196	0.07530093491077423	0.11956269532293819
9.104215671676117	750	10.479003903214739	0.0	382355	3060.839769581409	0.3	0.10446157306432724	0.027755118906497955	0.07115543037652969	0.12491833247850463
12.473139427089286	750	11.11008014780157	0.0	411561	3368.92375541317	0.75	0.09810876846313477	0.031896013766527176	0.05983355194330216	0.12216394014222073
15.136858212750216	750	12.44636136214064	0.0	318564	2663.71878566093	0.75	0.0869150385260582	0.030524633824825287	0.05028547793626786	0.11959370550482376
17.88979185427284	750	13.693427720618017	0.0	352642	2752.9336415226235	0.75	0.08026911318302155	0.029975945129990578	0.044297979027032856	0.12809680359928938
21.292248477821396	750	14.29097109706946	0.0	437162	3402.4566235485545	0.75	0.08319948613643646	0.028885120525956154	0.04853734150528908	0.1284842243026354
24.372043959773578	750	15.211175615117277	0.0	374758	3079.795481952183	0.75	0.08537592738866806	0.031409312039613724	0.04768475294113159	0.12168275529856061
27.433935742043605	750	16.14928383284725	0.0	362795	3061.891782270029	0.75	0.08857183903455734	0.030535254627466202	0.0519295334815979	0.11848720523069256
30.48279100299516	750	17.100428571895698	0.0	353220	3048.855260951552	0.75	0.09753137081861496	0.03454792499542236	0.056073860824108125	0.11585331862876283
33.680155239386295	750	17.90306433550456	0.0	405134	3197.3642363911363	0.75	0.09016694873571396	0.031648192554712296	0.0521891176700592	0.1267087419659371
36.76632478402567	750	18.81689479086518	0.0	386351	3086.1695446393787	0.75	0.09870371967554092	0.0349043607711792	0.056818486750125886	0.12518787267247997
40.498020425198526	750	19.085199149692325	0.0	434409	3731.695641172856	0.75	0.093133345246315	0.03331990912556648	0.05314945429563522	0.11641061913170044
43.508920230235724	750	20.074299344655127	0.0	337059	3010.899805037199	0.75	0.0970618948340416	0.0314490869641304	0.059322990477085114	0.11194626916382418
46.72731251144459	750	20.855907063446267	0.0	366214	3218.3922812088613	0.75	0.09181706607341766	0.0319162979722023	0.053517508506774905	0.11378786922222117
49.51522120692709	750	22.067998367963764	0.0	360831	2787.9086954825034	0.75	0.09219443053007126	0.03004952147603035	0.05613500475883484	0.12942712241067528
52.44659280195073	750	23.136626772940126	0.0	372963	2931.3715950236374	0.75	0.09780557453632355	0.03403908386826515	0.056958673894405364	0.1272315664902909
55.73765746722402	750	23.845562107666836	0.0	405596	3291.0646652732917	0.75	0.09280990064144135	0.029671302065253258	0.057204338163137435	0.12324157719529923
58.56831204654052	750	25.01490752835033	0.0	350713	2830.654579316505	0.75	0.0966549888253212	0.033957336097955704	0.055906185507774354	0.12389819745674649
63.332587743779975	1200	24.250631831110883	0.0	601738	4764.275697239446	0.75	0.0974331721663475	0.03325211629271507	0.057530632615089415	0.1263020946392048
68.1573788885673	1200	23.42584068632355	0.0	616206	4824.791144787333	1.2	0.09772258251905441	0.03404887020587921	0.05686393827199936	0.12771661643131313
73.26374667980888	1200	22.319472895081983	0.0	656471	5106.367791241567	1.2	0.0886886864900589	0.032903868705034256	0.04920404404401779	0.12855928652964987
77.49801158518332	1200	22.085207989707524	0.0	536667	4234.26490537446	1.2	0.0883815810084343	0.030772661790251732	0.05145438686013222	0.12674384149154683
82.1495419800748	1200	21.43367759481605	0.0	587236	4651.530394891474	1.2	0.09601526707410812	0.0318034328520298	0.05785114765167237	0.12624576217860034
86.81836955089601	1200	20.76485002399485	0.0	590335	4668.827570821202	1.2	0.09807216376066208	0.030439261347055435	0.061545050144195555	0.12644180815102704
92.19960921728799	1200	19.383610357602866	0.0	696376	5381.2396663919835	1.2	0.09916587173938751	0.033168893307447433	0.05936319977045059	0.1294080998378774
96.17209523151287	1200	19.411124343377985	0.0	487160	3972.486014224881	1.2	0.10060618072748184	0.03597235307097435	0.05743935704231262	0.12263353432977551
101.1291491645259	1200	18.454070410364956	0.0	622896	4957.053933013029	1.2	0.09645195305347443	0.030965467914938927	0.05929339155554771	0.1256585077381612
106.15305106427114	1200	17.43016851061971	0.0	641447	5023.901899745247	1.2	0.09606899321079254	0.03314145654439926	0.056299245357513426	0.12767904565025973
110.66094960083186	1200	16.922269974058995	0.0	570392	4507.89853656071	1.2	0.09330346435308456	0.030867356806993484	0.056262636184692384	0.12653168552351204
115.46224347674762	1200	16.12097609814323	0.0	620283	4801.293875915767	1.2	0.09454898536205292	0.03171083331108093	0.0564959853887558	0.12919080065302008
119.99202289604916	1200	15.591196678841694	0.0	584349	4529.779419301537	1.2	0.09559625387191772	0.03140435367822647	0.05791102945804596	0.12900164575565642
123.30040268266669	750	16.282816892224176	0.0	412837	3308.3797866175187	0.3	0.10186592489480972	0.03521304577589035	0.0596102699637413	0.12478525037238357
126.71493041843715	750	16.868289156453706	0.0	401088	3414.5277357704686	0.75	0.09234898537397385	0.03264489397406578	0.05317511260509491	0.11746514629189175
129.71910142812467	750	17.86411814676618	0.0	365161	3004.1710096875267	0.75	0.0979093685746193	0.03537600487470627	0.055458162724971775	0.12155133606657816
132.31553532533513	750	19.267684249555728	0.0	321064	2596.4338972104506	0.75	0.0998200997710228	0.032631780952215195	0.06066196262836456	0.12365575736202791
135.29675658207793	750	20.286462992812908	0.0	361565	2981.2212567428205	0.75	0.10009577125310898	0.03402674198150635	0.059263680875301365	0.1212808338804861
138.50850768217134	750	21.074711892719513	0.0	378327	3211.751100093394	0.75	0.09424550086259842	0.03181849420070648	0.05606330782175064	0.1177946198847721
142.5034213407287	750	21.07979823416215	0.0	390680	3994.91365855736	0.75	0.09528163820505142	0.0328654870390892	0.05584305375814438	0.09779435386873468
144.33415741979732	750	23.249062155093533	0.0	345516	1830.7360790686182	0.75	0.08677323907613754	0.03280331939458847	0.04740925580263138	0.1887306444388097
146.86410401536756	1200	24.71911555952328	0.0	641452	2529.9465955702494	0.75	0.1057143583893776	0.03210389241576195	0.06718968749046325	0.2535436918404267
149.52891842382968	1200	26.054301151061175	0.0	599477	2664.814408462104	1.2	0.11498401314020157	0.032425589859485626	0.07607330530881881	0.2249601315935414
152.93545575155852	1200	26.64776382333232	0.0	634861	3406.537327728856	1.2	0.12195878475904465	0.03189602121710777	0.08368355929851531	0.18636549050330323
155.65454274280629	1200	27.92867683208456	0.0	630203	2719.0869912477597	1.2	0.11254744976758957	0.03450943902134895	0.07113612294197083	0.231770076510427
159.49630873761447	1850	28.086910837276367	0.0	982064	3841.7659948081946	1.2000000000000002	0.1245681419968605	0.03265918418765068	0.08537712097167968	0.2556282713020971
163.79012982098442	2850	27.79308975390644	0.0	1231456	4293.821083369927	1.85	0.14973193407058716	0.032523587346076965	0.11070362925529481	0.286797231670751
171.06426483741524	4300	24.51895473747559	0.0	2155012	7274.13501643085	2.8499999999999996	0.1632571667432785	0.027192221954464912	0.13062650039792062	0.29625680512284264

