4.062206303408174	750	4.0	4.062206303408174	450283	4062.2063034081743	-16.71748710465515	0.07298997789621353	0.029741710051894188	0.037299925833940505	0.11084690593439689
5.5044013857958065	300	6.557804917612368	0.0	155580	1442.1950823876316	-0.15000000000000002	0.09943847358226776	0.028163457289338112	0.06564232483506202	0.10787722264482344
6.773877536440502	300	9.288328766967672	0.0	139857	1269.4761506446962	0.3	0.09873557090759277	0.027701333165168762	0.06549397110939026	0.1101690645617678
8.175818211894763	300	11.886388091513412	0.0	155432	1401.94067545426	0.3	0.10133950412273407	0.03162671625614166	0.06338744461536408	0.11086917065847782
11.791353592256986	750	12.27085271115119	0.0	411561	3615.535380362224	0.3	0.09110289067029953	0.030513545498251915	0.05448663607239723	0.1138312744041707
14.651111422334905	750	13.41109488107327	0.0	318564	2859.7578300779182	0.75	0.08459553867578506	0.02881874144077301	0.05001304894685745	0.11139544637292602
17.818828732904834	750	14.243377570503343	0.0	352642	3167.717310569927	0.75	0.0792153850197792	0.030737031251192093	0.0423309475183487	0.11132369634857146
31.058771922237373	750	5.0034343811708	0.0	437162	13239.943189332542	0.75	0.07794864475727081	0.028957055881619453	0.04320017769932747	0.03301841962223997
32.51093042470814	300	7.551275878700032	0.0	150710	1452.1585024707686	-0.15000000000000002	0.06475495547056198	0.028559930622577667	0.030483038723468782	0.10378343668654293
33.85742971796139	300	10.204776585446789	0.0	139105	1346.4992932532427	0.3	0.07763155549764633	0.03105333261191845	0.040367556363344194	0.10330863201859687
35.22883016909571	300	12.833376134312466	0.0	141840	1371.4004511343228	0.3	0.08441771566867828	0.03054087795317173	0.047768662124872206	0.10342712070911182
36.70515726692827	300	15.357049036479902	0.0	156148	1476.327097832563	0.3	0.08590978384017944	0.031653665006160736	0.04792538583278656	0.10576788858596801
38.200553017465495	300	17.861653285942676	0.0	160746	1495.3957505372255	0.3	0.0827694833278656	0.03006146103143692	0.046695730090141295	0.10749395264915759
42.984176301841536	750	17.07803000156663	0.0	434409	4783.623284376045	0.3	0.08941931277513504	0.03353634104132652	0.049175703525543214	0.0908117078154624
48.59393427388696	750	15.46827202952121	0.0	337059	5609.757972045422	0.75	0.07673226296901703	0.029212411493062973	0.04167736917734146	0.06008441035774347
53.06746711319362	750	14.99473919021455	0.0	366214	4473.53283930666	0.75	0.07041239738464355	0.02783367969095707	0.037011981755495076	0.081862369888573
56.30504681926116	750	15.757159484147014	0.0	360831	3237.579706067537	0.75	0.0778602659702301	0.029287874698638916	0.04271481633186341	0.11145084685444744
62.230345308061025	750	13.831860995347142	0.0	372963	5925.298488799871	0.75	0.07360130548477173	0.031643886119127274	0.035628642141819	0.06294417077974769
63.54861902878511	750	16.513587274623056	0.0	405596	1318.273720724086	0.75	0.074455626308918	0.03238754719495773	0.03559056967496872	0.3076720666002649
65.42022277240191	1200	18.641983531006247	0.0	586839	1871.6037436168056	0.75	0.12063081562519073	0.03282967209815979	0.08123520910739898	0.31354874235609037
73.3013824071188	1200	14.76082389628936	0.0	601738	7881.159634716888	1.2	0.14319320023059845	0.03427856042981148	0.10205892771482468	0.07635145434046471
77.42416123191099	750	14.638045071497169	0.0	399894	4122.778824792191	0.3	0.09693435579538345	0.03428560495376587	0.05579162985086441	0.09699622924112518
78.7236333108063	750	17.338572992601843	0.0	401853	1299.4720788953248	0.75	0.08578510582447052	0.03599480539560318	0.0425913393497467	0.3092432738852022
79.84693646077461	750	20.215269842633543	0.0	343800	1123.3031499683034	0.75	0.13018514215946198	0.03241837024688721	0.09128309786319733	0.30606163617515103
82.95149680920747	1850	21.11070949420068	0.0	897976	3104.560348432859	0.75	0.1432885229587555	0.03353508934378624	0.10304641574621201	0.28924417605645397
87.04378165935383	1850	21.018424644054328	0.0	905935	4092.2848501463527	1.85	0.16900596022605896	0.028041644021868706	0.13535598739981652	0.22137632964811846
90.47718164390652	1850	21.585024659501652	0.0	1076599	3433.399984552679	1.85	0.1567005217075348	0.03626956045627594	0.11317704916000366	0.313566437013969
94.12789712992323	2850	21.934309173484944	0.0	1141971	3650.7154860167066	1.85	0.16589057445526123	0.03531303629279137	0.1235149309039116	0.31280744949149786
98.87410394293387	2850	21.188102360474304	0.0	1498470	4746.206813010644	2.85	0.18960636854171753	0.03837680071592331	0.14355420768260957	0.3157194911718314
103.7002852310679	2850	20.361921072340277	0.0	1561263	4826.181288134027	2.85	0.1844383180141449	0.03791307285428047	0.13894263058900833	0.32349862278042185
108.92074186822303	2850	19.14146443518515	0.0	1341201	5220.456637155127	2.85	0.18656639754772186	0.030789488926529884	0.149619010835886	0.25691258317411936
117.51988818484192	2850	14.542318118566277	0.0	1497683	8599.146316618873	2.85	0.18157118558883667	0.030816998332738876	0.14459078758955002	0.1741664747703559
128.62659529788482	1850	7.435611005523381	0.0	885062	11106.707113042896	0.8500000000000001	0.17676161229610443	0.03134002536535263	0.13915358185768129	0.07968716479078201
129.95487974093166	750	10.107326562476544	0.0	412837	1328.2844430468351	-0.3500000000000001	0.13607734441757202	0.03699355944991112	0.09168507307767867	0.3108046639867508
132.12197968998274	1200	11.94022661342545	0.0	690253	2167.099949051096	0.75	0.17999109625816345	0.03049701452255249	0.14339467883110046	0.3185146122596883
139.13196314803986	1850	8.930243155368357	0.0	943942	7009.983458057092	1.2000000000000002	0.17932343482971191	0.038405969738960266	0.1332362711429596	0.13465680848576864
140.78043021176524	1200	11.28177609164299	0.0	487812	1648.467063725365	0.5499999999999999	0.14486843347549438	0.03841204568743706	0.09877397865056992	0.2959185601789309
142.71113401912697	1200	13.351072284281248	0.0	575591	1930.703807361743	1.2	0.16446846723556519	0.03317059949040413	0.12466374784708023	0.29812496241281583
144.7323050281328	1200	15.329901275275422	0.0	605884	2021.1710090058264	1.2	0.16007305681705475	0.03686286881566048	0.11583761423826218	0.29976879605947954
147.79158577305463	1850	16.270620530353586	0.0	930577	3059.2807449218353	1.2000000000000002	0.1759817898273468	0.036407470703125	0.1322928249835968	0.3041816288173893
150.49740106549524	1850	17.564805237912978	0.0	858450	2705.8152924406086	1.85	0.18201503157615662	0.034822843968868256	0.1402276188135147	0.3172611236244769
153.69078455764046	1850	18.371421745767744	0.0	1025005	3193.3834921452335	1.85	0.18272636830806732	0.03251013532280922	0.14371420592069625	0.3209777349075691
157.8907575002263	2850	18.17144880318192	0.0	1343002	4199.972942585824	1.85	0.18753857910633087	0.03296995162963867	0.14797463715076448	0.3197644409521232
162.79537442996616	2850	17.26683187344205	0.0	1587250	4904.616929739871	2.85	0.2090057134628296	0.035764921456575394	0.1660878077149391	0.3236236433421486
169.92630857584663	2850	14.135897727561577	0.0	1464921	7130.934145880472	2.85	0.18216729164123535	0.03678968921303749	0.13801966458559037	0.20543185086715213
174.57064500426506	2850	13.491561299143134	0.0	1483527	4644.336428418445	2.85	0.18571911752223969	0.0344761461019516	0.14434774219989777	0.3194271179241835
178.40892824825397	2850	13.653278055154237	0.0	1231456	3838.2832439888975	2.85	0.17700141668319702	0.038183387368917465	0.13118135184049606	0.32083510301866663
192.20711230754628	4300	4.0	0.14490600413807625	2155012	13798.184059292313	2.2269041822062716	0.195327028632164	0.031389020383358	0.1576602041721344	0.1561808416774031

