9.236265013144433	750	4.0	9.236265013144433	450283	9236.265013144433	-38.96593955652106	0.12382688373327255	0.030658140778541565	0.08703711479902268	0.04875163276055715
12.493063620771787	300	4.743201392372646	0.0	155580	3256.798607627354	-0.15000000000000002	0.04916679486632347	0.023896170780062675	0.020491389930248263	0.047770838404203105
14.5884550630489	300	6.647809950095534	0.0	139857	2095.391442277112	0.3	0.0572042353451252	0.02107222191989422	0.03191756904125213	0.0667450468576955
16.712540914945052	300	8.523724098199382	0.0	155432	2124.085851896153	0.3	0.06940433382987976	0.02423361875116825	0.04032399132847786	0.07317594995571727
18.79789601086137	300	10.438369002283068	0.0	163442	2085.355095916315	0.3	0.0713903084397316	0.025760388001799583	0.040477842837572095	0.07837610022392029
20.632380631179213	300	12.603884381965221	0.0	126289	1834.4846203178463	0.3	0.07224056124687195	0.026043349876999855	0.040988541394472125	0.06884167825736197
22.89664753106467	300	14.339617482079767	0.0	153295	2264.266899885455	0.3	0.06504397094249725	0.025968844071030617	0.033881358057260516	0.06770182437757444
25.367974847062097	300	15.868290166082337	0.0	173849	2471.327315997428	0.3	0.05690346285700798	0.022671254351735115	0.02969795763492584	0.07034640813243895
27.934450998518006	300	17.301814014626434	0.0	150710	2566.476151455905	0.3	0.06575200706720352	0.025352496653795242	0.03532901108264923	0.05872254059890857
31.792018467187148	300	17.44424654595729	0.0	139105	3857.5674686691423	0.3	0.05602221563458443	0.025621043518185616	0.02527696341276169	0.03606028958140066
35.527103854042316	300	17.70916115910212	0.0	141840	3735.0853868551726	0.3	0.048391856253147125	0.023661963641643524	0.019997499883174896	0.03797503545679981
40.41564994763014	300	16.820615065514293	0.0	156148	4888.546093587828	0.3	0.04603731259703636	0.02339150384068489	0.017967507988214493	0.031941603292810324
45.95882643608418	300	15.277438577060257	0.0	160746	5543.176488454034	0.3	0.048978280276060104	0.022535493597388268	0.021935687959194185	0.028998896270905367
52.51608493473923	300	12.720180078405198	0.0	179801	6557.258498655059	0.3	0.04276711866259575	0.021825721487402916	0.01657625287771225	0.027420148227628737
58.9222573187569	300	10.314007694387536	0.0	140051	6406.172384017662	0.3	0.04011741280555725	0.020493460819125175	0.015525259822607041	0.021861884383474296
64.30720238403687	300	8.929062629107568	0.0	138313	5384.945065279967	0.3	0.03594961389899254	0.018956102430820465	0.01320229098200798	0.025685127391881574
68.82976071542811	300	8.406504297716321	0.0	143509	4522.5583313912475	0.3	0.030955543741583824	0.01752402074635029	0.009926718845963477	0.03173181847183675
73.18999946779488	300	8.04626554534956	0.0	150616	4360.238752366762	0.3	0.03779226541519165	0.019035518169403076	0.01494964361190796	0.03454306256010518
77.9645730143303	300	7.271691998814135	0.0	165384	4774.573546535424	0.3	0.0388057716190815	0.018639082089066505	0.016438873112201692	0.03463848622040971
80.60522689159505	300	8.63103812154937	0.0	140881	2640.6538772647646	0.3	0.036322083324193954	0.01776057854294777	0.015009389072656632	0.05335080118335198
83.3634237880331	300	9.872841225111323	0.0	157671	2758.1968964380476	0.3	0.04495276138186455	0.020112525671720505	0.020817730575799942	0.0571645194016487
86.54873457760509	300	10.687530435539333	0.0	157812	3185.3107895719895	0.3	0.04799768328666687	0.020603392273187637	0.023273612558841705	0.04954367420492906
89.17392726385548	300	12.062337749288952	0.0	163927	2625.192686250381	0.3	0.048752959817647934	0.020428983494639397	0.024238179624080657	0.06244379731003306
91.07402494823388	300	14.162240064910531	0.0	137654	1900.0976843784215	0.3	0.0564366839826107	0.021197548136115074	0.030999626219272613	0.07244574904317655
92.9779519981621	300	16.25831301498232	0.0	146754	1903.9270499282118	0.3	0.06178418546915054	0.024128537625074387	0.03282994031906128	0.0770796339100983
95.15102432172758	300	18.085240691416843	0.0	153938	2173.072323565477	0.3	0.06355201452970505	0.023851428180933	0.034930300712585446	0.07083887560052564
97.80338655387112	300	19.43287845927329	0.0	181901	2652.3622321435496	0.3	0.06035301834344864	0.022318508476018906	0.03357080817222595	0.0685807533358646
101.80141667054775	750	19.43484834259667	0.0	277716	3998.030116676624	0.3	0.05937933549284935	0.02428986132144928	0.030231501907110214	0.06946320860405433
113.28210154712701	750	11.954163466017409	0.0	400396	11480.68487657926	0.75	0.06248790770769119	0.025912707671523094	0.031392658501863485	0.034875619730388455
118.34920267328067	300	10.887062339863744	0.0	149029	5067.101126153664	-0.15000000000000002	0.05220068618655205	0.022639872506260872	0.025032839179039004	0.029411096461207785
123.34791743479454	300	9.88834757834987	0.0	157421	4998.714761513875	0.3	0.05109821632504463	0.022246921434998512	0.024401910603046417	0.031492295021915716
129.81827157791142	300	7.417993435232991	0.0	157488	6470.35414311688	0.3	0.047138240188360214	0.020036205649375916	0.023094793409109117	0.024339935112753404
136.6712973642139	300	4.564967648930507	0.0	143881	6853.025786302484	0.3	0.04049251601099968	0.021580057218670845	0.014596447348594666	0.020995251511760366
141.87165007885002	300	4.0	0.6353850657055946	163444	5200.352714636101	-2.432155782534057	0.0359211303293705	0.020968804135918617	0.01075856536626816	0.031429406613131455
147.0389178123392	300	4.0	1.1672677334892014	179328	5167.267733489201	-4.7192512540035665	0.03774883970618248	0.018898429349064827	0.015070724487304687	0.03470460778290438
151.8402256680555	300	4.0	0.8013078557163044	159914	4801.307855716304	-3.145623779580109	0.03921525180339813	0.01823992282152176	0.017327344417572024	0.03330634168971498
154.2550250344654	300	5.585200633590116	0.0	131610	2414.799366409884	0.3	0.03592073544859886	0.018062811344861984	0.014245361834764481	0.05450142228406595
156.41650752010338	300	7.423718147952104	0.0	124011	2161.4824856380114	0.3	0.04550875350832939	0.02056979387998581	0.020825000852346422	0.057373122763655096
159.0628466374607	300	8.777379030594798	0.0	144254	2646.3391173573077	0.3	0.05040881782770157	0.020158017054200172	0.026219197362661362	0.054510776435960036
162.22724021826434	300	9.612985449791147	0.0	149991	3164.39358080365	0.3	0.047475047409534454	0.021310964599251747	0.021901889890432357	0.047399603168802824
164.24676421347348	300	11.593461454582014	0.0	147968	2019.5239952091317	0.3	0.04386529326438904	0.01951233670115471	0.02045048922300339	0.07326875063184242
166.41141110383225	300	13.428814564223261	0.0	161857	2164.6468903587534	0.3	0.05600469931960106	0.023065468296408653	0.028326137363910677	0.07477293443143282
168.24099542483637	300	15.599230243219122	0.0	145210	1829.5843210041412	0.3	0.055867087095975876	0.022218622267246246	0.02920474037528038	0.07936775492277041
170.8947324605924	300	16.94549320746308	0.0	172312	2653.7370357560385	0.3	0.06068282201886177	0.025885621085762978	0.0296200767159462	0.06493182921981153
173.61020742188705	300	18.230018246168445	0.0	167025	2715.4749612946366	0.3	0.06083403900265694	0.02444835938513279	0.031496007740497586	0.061508576724408
175.2830740991225	300	20.557151568933	0.0	160064	1672.8666772354445	0.3	0.0578259602189064	0.02407785877585411	0.028932529687881473	0.09568246063967241
184.13594026321869	750	15.704285404836808	0.0	331053	8852.866164096193	0.3	0.06674293428659439	0.02700638957321644	0.034335266798734665	0.037395007883731846
194.42191751023387	750	9.418308157821606	0.0	314107	10285.977247015202	0.75	0.05831384286284447	0.024330830201506615	0.02911684662103653	0.03053739984610096

