12.038098266951264	750	4.0	12.038098266951264	450283	12038.098266951265	-51.013822547890435	0.13125279545783997	0.033211492002010345	0.09139900505542756	0.03740482840517944
15.73485900513242	300	4.303239261818844	0.0	155580	3696.7607381811563	-0.15000000000000002	0.03377063199877739	0.01879863254725933	0.011212272942066195	0.042085493495190855
19.713844511166695	300	4.32425375578457	0.0	139857	3978.985506034274	0.3	0.046539489179849625	0.019043659791350365	0.023687097430229186	0.0351489091347284
28.39998655763918	300	4.0	4.361888290687919	155432	8686.142046472489	-18.456119649958048	0.03954653814435005	0.017681611701846123	0.018328604102134705	0.017894250309102668
32.17245830178877	300	4.227528255850408	0.0	163442	3772.471744149592	0.3	0.026146113872528076	0.013550017960369587	0.009886092320084573	0.04332491031999601
35.1107392683476	300	5.289247289291587	0.0	126289	2938.2809665588215	0.3	0.04174479469656944	0.017623867839574814	0.020596153289079665	0.04298057314372622
38.700008940033	300	5.6999776176061845	0.0	153295	3589.2696716854025	0.3	0.046805109828710556	0.017942732200026512	0.025273831188678743	0.042709245618766156
42.73668610121039	300	5.663300456428795	0.0	173849	4036.6771611773893	0.3	0.039923883974552155	0.018282895907759666	0.017984408885240555	0.043067352938695985
46.22190562225982	300	6.17808093537937	0.0	150710	3485.219521049425	0.3	0.0397966131567955	0.017682038247585297	0.018578167259693145	0.04324261329588218
49.42786770307348	300	6.972118854565706	0.0	139105	3205.9620808136647	0.3	0.04123770073056221	0.01761244609951973	0.020102765411138535	0.04338947139533712
52.70655988024967	300	7.693426677389519	0.0	141840	3278.6921771761868	0.3	0.04603751003742218	0.018560117110610008	0.02376536950469017	0.043261151805401084
56.31659801678108	300	8.083388540858111	0.0	156148	3610.0381365314074	0.3	0.043952733278274536	0.02064451389014721	0.019179316610097887	0.043253836689390195
60.024209623621694	300	8.375776934017496	0.0	160746	3707.611606840616	0.3	0.04419253394007683	0.021212946623563766	0.01873699799180031	0.04335567396094577
68.08794964418597	300	4.312036913453232	0.0	179801	8063.740020564264	0.3	0.046834975481033325	0.01988932490348816	0.022967785596847534	0.02229746985164067
71.33004465552182	300	5.069941902117383	0.0	140051	3242.0950113358494	0.3	0.03651830181479454	0.017463240772485733	0.015562412887811662	0.04319768529617964
74.536564113055	300	5.863422444584208	0.0	138313	3206.5194575331752	0.3	0.04197678714990616	0.01988164708018303	0.018118810653686524	0.043134932387532215
77.86824594348657	300	6.531740614152619	0.0	143509	3331.681830431588	0.3	0.046124573796987534	0.01972547546029091	0.022454003244638445	0.04307404107114567
81.37036077209797	300	7.029625785541235	0.0	150616	3502.1148286113844	0.3	0.04451914131641388	0.021408241242170334	0.018829251825809478	0.043007156352928726
85.21399630871186	300	7.185990248927343	0.0	165384	3843.635536613892	0.3	0.049100108444690704	0.020919693633913994	0.023996476083993912	0.04302801304248985
88.48815379588034	300	7.911832761758856	0.0	140881	3274.157487168486	0.3	0.04550754651427269	0.019221358001232147	0.022441916912794114	0.04302816848368368
92.14148936904202	300	8.258497188597183	0.0	157671	3653.335573161675	0.3	0.04506300762295723	0.019777599722146988	0.021329887956380845	0.04315809397808703
95.85089497832412	300	8.549091579315075	0.0	157812	3709.405609282109	0.3	0.04531261324882507	0.020710695534944534	0.020459778606891632	0.04254374329005821
99.6420414277155	300	8.757945129923714	0.0	163927	3791.1464493913613	0.3	0.04590334743261337	0.021345388144254684	0.020288881659507752	0.043239426961814466
102.83918042769969	300	9.560806129939516	0.0	137654	3197.1389999841967	0.3	0.04457853361964226	0.019468704238533974	0.02121608853340149	0.04305536919123016
106.28522524361588	300	10.114761314023317	0.0	146754	3446.044815916199	0.3	0.04633713513612747	0.01972549967467785	0.022666535526514053	0.04258621342421009
109.858629616763	300	10.541356940876211	0.0	153938	3573.4043731471065	0.3	0.047713685780763626	0.020011477172374725	0.023699913173913956	0.043078807748932815
114.0582080648415	300	10.341778492797705	0.0	181901	4199.578448078506	0.3	0.04659624770283699	0.01832679845392704	0.024604089558124542	0.043314109320479015
116.65759274159734	300	11.742393816041863	0.0	111155	2599.3846767558407	0.3	0.045035820454359055	0.021173551678657532	0.01962755843997002	0.04276204326122553
120.21619728945501	300	12.183789268184189	0.0	153605	3558.6045478576743	0.3	0.045899536460638046	0.0206283126026392	0.02114556133747101	0.043164391528828956
123.67309253348036	300	12.726894024158845	0.0	149029	3456.8952440253424	0.3	0.04935665801167488	0.02022920921444893	0.02508160695433617	0.04311064972465433
127.32450327940634	300	13.075483278232864	0.0	157421	3651.4107459259817	0.3	0.048446934670209885	0.020434726029634476	0.023925263434648514	0.04311237791465685
130.96788568739595	300	13.43210087024326	0.0	157488	3643.382407989604	0.3	0.04397670179605484	0.020715560764074326	0.01911802887916565	0.04322576725809601
134.33453351744745	300	14.06545304019176	0.0	143881	3366.6478300515005	0.3	0.04760242626070976	0.019961638376116753	0.02364846020936966	0.042737169808996334
138.17411166167986	300	14.225874895959343	0.0	163444	3839.5781442324164	0.3	0.045024123042821884	0.021387051790952682	0.019359660893678667	0.042568218137587786
142.3143881837911	300	14.085598373848102	0.0	179328	4140.27652211124	0.3	0.048019204288721085	0.019416693598031998	0.024719171971082688	0.04331304903000917
146.03000642666944	300	14.369980130969763	0.0	159914	3715.618242878339	0.3	0.04788169264793396	0.019591785967350006	0.024371549487113953	0.043038328898967054
149.10041512933958	300	15.299571428299622	0.0	131610	3070.4087026701422	0.3	0.04584269970655441	0.019599344581365585	0.02232348620891571	0.04286400044578659
151.99264087661095	300	16.407345681028257	0.0	124011	2892.2257472713627	0.3	0.049583058804273605	0.019583020359277725	0.026083434373140337	0.04287735842093127
155.3463198757764	300	17.053666681862794	0.0	144254	3353.6789991654646	0.3	0.04495568200945854	0.020346926525235176	0.02053937017917633	0.04301365754918596
158.82826497752848	300	17.571721580110708	0.0	149991	3481.9451017520837	0.3	0.044699545949697495	0.0208858922123909	0.019636475294828416	0.043076784847792655
162.25087908302206	300	18.149107474617132	0.0	147968	3422.614105493577	0.3	0.04563356935977936	0.020515555515885353	0.021014902740716934	0.04323245199115471
165.99573195481437	300	18.404254602824818	0.0	161857	3744.8528717923136	0.3	0.04605450853705406	0.020529042929410934	0.021419657021760942	0.04322119066924359
169.36153720632515	300	19.038449351314025	0.0	145210	3365.8052515107897	0.3	0.0488261841237545	0.022591516375541687	0.021716364473104478	0.04314272191916642
173.3251671444799	300	19.074819413159286	0.0	172312	3963.6299381547396	0.3	0.047443605959415436	0.021590974181890488	0.021534436941146852	0.04347328148404781
177.18653118899994	300	19.213455368639238	0.0	167025	3861.364044520047	0.3	0.04393879324197769	0.020241430029273033	0.019649077206850052	0.043255439806831414
180.89437699209566	300	19.505609565543505	0.0	160064	3707.8458030957327	0.3	0.04579102247953415	0.02038460224866867	0.021329499781131744	0.0431690012206981
184.09277197518682	300	20.30721458245235	0.0	137507	3198.3949830911542	0.3	0.048898689448833466	0.020161887630820274	0.024704424291849138	0.04299250115353281
190.33115236406096	750	18.068834193578237	0.0	314107	6238.380388874112	0.3	0.048570603132247925	0.01983400247991085	0.024769800156354906	0.05035072894243457

