2.09474177288	750	4.0	2.0947417728830935	450283	2094.74177288	-8.257389623397302	0.0856417830701	0.037931230561	0.0477105525091	0.214958715117
3.9594193584	750	6.135322414479305	0.0	398865	1864.67758552	0.75	0.214958715117	0.0952064318593	0.119752283257	0.213905611939
5.60055854081	750	8.494183232072274	0.0	350812	1641.13918241	0.75	0.214430870548	0.0949726465114	0.119458224036	0.213761272512
8.38042743338	1200	9.714314339500593	0.0	617681	2779.86889257	0.75	0.21420720558	0.054939444589	0.159267760991	0.222197889134
12.8464814217	1850	9.248260351206685	0.0	996749	4466.05398829	1.2000000000000002	0.216150507463	0.0444804806703	0.171670026793	0.223183374543
16.4789263415	1850	9.615815431390072	0.0	801058	3632.44491982	1.85	0.217521397277	0.00755095977023	0.209970437507	0.220528601997
20.6114019744	1850	9.483339798469675	0.0	905515	4132.47563292	1.85	0.218638996261	0.00758975570052	0.21104924056	0.219121679215
26.7028366351	1850	7.3919051378013725	0.0	1060487	6091.43466067	1.85	0.219708148235	0.00762686985871	0.212081278377	0.174094783754
31.1423222897	1850	6.952419483171867	0.0	852833	4439.48565463	1.85	0.209878173337	0.0435725743175	0.16630559902	0.192101758255
35.1449907523	1850	6.9497510206128315	0.0	913888	4002.66846256	1.85	0.203845122379	0.042320059313	0.161525063066	0.228319684368
39.3772250944	1850	6.717516678451928	0.0	939819	4232.23434216	1.85	0.204686256053	0.0424946861402	0.162191569913	0.222062136455
45.034090032	1850	5.060651740868954	0.0	917428	5656.86493758	1.85	0.204948991436	0.0425492323411	0.162399759095	0.16217958359
48.704862805	1200	5.389878967881365	0.0	624282	3670.77277299	0.5499999999999999	0.192317721834	0.0401334743028	0.152184247531	0.170068276793
52.2302697337	1200	5.864472039216527	0.0	687371	3525.40692866	1.2	0.191316979663	0.0399246362413	0.151392343421	0.19497635703
54.5985992531	1200	7.496142519765726	0.0	526950	2368.32951945	1.2	0.191880459273	0.0400422249599	0.151838234313	0.22249859898
57.226923288	1200	8.86781848486259	0.0	587876	2628.3240349	1.2	0.19104038196	0.0398669149523	0.151173467007	0.223669529401
59.9744456473	1200	10.120296125571087	0.0	617242	2747.52235929	1.2	0.191276896808	0.0399162716237	0.151360625184	0.224654040726
63.9275634702	1850	10.167178302672015	0.0	885714	3953.1178229	1.2000000000000002	0.204704946039	0.026479227517	0.178225718522	0.22405454117
68.3816279584	1850	9.713113814508306	0.0	987708	4454.06448816	1.85	0.217309986122	0.02810972903	0.189200257092	0.221754310613
72.5468389542	1850	9.547902818698068	0.0	923755	4165.21099581	1.85	0.223321211582	0.0288872999176	0.194433911664	0.221778680823
76.4493067842	1850	9.645434988633355	0.0	891604	3902.46783006	1.85	0.223175785236	0.0288684885631	0.194307296673	0.228471838546
80.8353870262	1850	9.259354746725108	0.0	955231	4386.08024191	1.85	0.224115855386	0.0289900895888	0.195125765797	0.217786941259
85.2028133834	1850	8.89192838952765	0.0	968026	4367.4263572	1.85	0.222714724274	0.0177048747401	0.205009849534	0.221646782528
91.2365088367	2850	6.858232936209105	0.0	1323990	6033.69545332	1.85	0.222234782308	0.00627579361118	0.215958988697	0.219432686029
95.8465871753	1850	6.248154597607471	0.0	897976	4610.0783386	0.8500000000000001	0.221764506466	0.00626251326822	0.215501993198	0.194785410148
100.264003672	1850	5.830738100869059	0.0	905935	4417.41649674	1.85	0.215784233161	0.0262515571271	0.189532676034	0.205082541044
105.189616635	1850	4.905125137943623	0.0	1076599	4925.61296293	1.85	0.211233633959	0.0256979471011	0.185535686857	0.218571578421
108.927794059	1850	5.166947713666356	0.0	758197	3738.17742428	1.85	0.211380831996	0.0257158547009	0.185664977295	0.202825311361
112.384695947	1200	5.710045825472359	0.0	622896	3456.90188819	0.5499999999999999	0.207704526913	0.0252686082478	0.182435918665	0.180189088423
115.736715294	1200	6.358026478410202	0.0	641447	3352.01934706	1.2	0.199479938203	0.0264258947612	0.173054043442	0.191361365668
118.550301165	1200	7.544440607965231	0.0	570392	2813.58587044	1.2	0.19875154072	0.0263294010716	0.172422139648	0.202727773832
121.347579904	1200	8.747161868768057	0.0	620283	2797.2787392	1.2	0.198305082951	0.0262702570488	0.172034825902	0.221745152283
128.857920351	1200	5.236821422081118	0.0	584349	7510.34044669	1.2	0.198821413459	0.0263386573892	0.17248275607	0.0778059269281
129.660843518	300	8.433898254893524	0.0	163444	802.923167188	-0.6000000000000001	0.151192896094	0.0920257107242	0.0591671853693	0.20356119574
130.534022624	300	11.560719149356357	0.0	179328	873.179105537	0.3	0.154163308807	0.0938336947509	0.0603296140558	0.205373672896
132.229152862	750	13.86558891115007	0.0	365161	1695.13023821	0.3	0.155876884746	0.0948766871649	0.061000197581	0.215417666307
133.680179652	750	16.414562120845066	0.0	321064	1451.02679031	0.75	0.157301865373	0.09574402193	0.0615578434434	0.221266762368
135.2574111	750	18.83733067287672	0.0	361565	1577.23144797	0.75	0.157253628823	0.095714662066	0.0615389667567	0.229240293468
141.278393257	2850	16.816348516133033	0.0	1427478	6020.98215674	0.75	0.214541519592	0.0512707379185	0.163270781673	0.237083911368
147.225858791	2850	14.86888298229451	0.0	1402287	5947.46553384	2.85	0.221132281311	0.052845786037	0.168286495274	0.235778919949
152.914681068	2850	13.180060704468744	0.0	1339500	5688.82227783	2.85	0.227448602518	0.0543552488666	0.173093353652	0.235461741391
159.561843141	2850	10.532898632328182	0.0	1527299	6647.16207214	2.85	0.231612105458	0.0553502351445	0.176261870313	0.229767077051
165.969801284	2850	8.124940488785695	0.0	1343002	6407.95814354	2.85	0.233419946486	0.0557822696697	0.177637676816	0.209583453873
170.794152231	1850	7.300589541589046	0.0	973972	4824.3509472	0.8500000000000001	0.229045180137	0.0233897480762	0.20565543206	0.201886639397
174.98044194	1850	7.114299833249734	0.0	958994	4186.28970834	1.85	0.221580985025	0.0262734898214	0.195307495204	0.229079702269
179.281683122	1850	6.813058650801591	0.0	982064	4301.24118245	1.85	0.220369698551	0.026129864127	0.194239834424	0.228321072533
183.23905759	1850	6.855684183092858	0.0	830730	3957.37446771	1.85	0.219087157308	0.0259777895513	0.193109367757	0.209919482419
187.108033763	1850	6.986708009858105	0.0	846370	3868.97617323	1.85	0.215206812963	0.0255176860472	0.189689126916	0.218758131894

