2.35261967790469	750	4.0	2.35261967790469	450283	2352.61967790469	-9.366264614990166	0.21704110503196716	0.036609940230846405	0.17310917675495147	0.1913964268126138
4.445727984963703	750	5.906891692940986	0.0	398865	2093.108307059014	0.75	0.13165965676307678	0.027739236131310463	0.09837257340550423	0.19056108977009292
6.2486568663950965	750	8.103962811509593	0.0	350812	1802.9288814313932	0.75	0.1279330849647522	0.02712143212556839	0.09538736641407014	0.1945789451891641
8.171382628675257	750	10.181237049229432	0.0	382355	1922.7257622801596	0.75	0.14643871784210205	0.03746506944298744	0.10148063451051711	0.1988609127214093
10.234864098643703	750	12.117755579260987	0.0	411561	2063.481469968445	0.75	0.1285112500190735	0.029916472733020782	0.09261148273944855	0.19944981624007202
11.8154740275922	750	14.537145650312489	0.0	318564	1580.6099289484991	0.75	0.12583330273628235	0.038928039371967316	0.07911965548992157	0.20154498220311998
13.551982907014738	750	16.800636770889952	0.0	352642	1736.5088794225364	0.75	0.1170024648308754	0.03499985113739967	0.07500264346599579	0.20307526450268917
16.933009769933822	1200	17.41960990797087	0.0	709534	3381.026862919083	0.75	0.12164406478404999	0.034774091094732285	0.07991515547037126	0.20985754587806152
19.694021717330894	1200	18.658597960573797	0.0	584846	2761.011947397072	1.2	0.1198648139834404	0.034813132137060165	0.07808905541896821	0.21182306021940983
22.386385974326757	1200	19.966233703577934	0.0	560821	2692.3642569958615	1.2	0.14143124222755432	0.033622562885284424	0.10108416676521301	0.20830056651612355
26.91348789842041	1850	19.43913177948428	0.0	939819	4527.101924093655	1.2000000000000002	0.1393556445837021	0.031882740557193756	0.10109635591506957	0.20759837435914497
31.40505145319797	1850	18.94756822470672	0.0	917428	4491.56355477756	1.85	0.14745095372200012	0.032503124326467514	0.10844720453023911	0.20425582067611078
35.984048285111186	1850	18.3685713927935	0.0	946851	4578.996831913219	1.85	0.1400928944349289	0.032049767673015594	0.10163317322731019	0.20678131799544883
44.56167493197942	1850	13.79094474592527	0.0	1036454	8577.62664686823	1.85	0.14792203903198242	0.03157205879688263	0.11003556847572327	0.12083225846375803
49.2669451038484	1850	13.085674574056293	0.0	821631	4705.270171868977	1.85	0.14056062698364258	0.03176160901784897	0.10244669616222382	0.17461930345938892
52.56360417969011	1200	13.78901549821458	0.0	587876	3296.6590758417133	0.5499999999999999	0.13450002670288086	0.03437790647149086	0.09324653893709184	0.17832477865485732
55.69382915059585	1200	14.65879052730884	0.0	617242	3130.22497090574	1.2	0.12213361263275146	0.0350244902074337	0.08010422438383102	0.19718774392800245
58.54785381252108	1200	15.804765865383613	0.0	581493	2854.024661925226	1.2	0.1306893229484558	0.03456136956810951	0.0892156794667244	0.20374491074220252
61.64093364315976	1200	16.711686034744936	0.0	639204	3093.0798306386764	1.2	0.1364312469959259	0.02890533208847046	0.10174484848976136	0.2066561598793309
64.41799988234442	1200	17.93461979556029	0.0	586839	2777.0662391846467	1.2	0.1421888768672943	0.043877217918634415	0.08953621536493302	0.2113161694595723
67.25945736876335	1200	19.093162309141352	0.0	601738	2841.457486418937	1.2	0.133168563246727	0.03311943635344505	0.09342523962259293	0.21177089675846775
70.15167455817087	1200	20.20094511973384	0.0	616206	2892.2171894075095	1.2	0.12598693370819092	0.03153594210743904	0.08814380317926407	0.21305661354091945
74.70545686515504	1850	19.647162812749677	0.0	968026	4553.782306984166	1.2000000000000002	0.1421550214290619	0.034690022468566895	0.10052699446678162	0.2125762574366658
78.7753027223708	1850	19.57731695553392	0.0	874175	4069.8458572157583	1.85	0.13519811630249023	0.034073807299137115	0.09430954754352569	0.2147931471286817
82.91292080843519	1850	19.439698869469517	0.0	897976	4137.6180860644	1.85	0.1501847803592682	0.035862311720848083	0.10715000629425049	0.21702728026649087
87.26436395033978	1850	19.088255727564917	0.0	905935	4351.443141904603	1.85	0.14997966587543488	0.03333736211061478	0.10997483134269714	0.20819185048652095
92.57750129419074	1850	17.775118383713963	0.0	1076599	5313.137343850953	1.85	0.1395222395658493	0.0325862355530262	0.10041875690221787	0.20262961981323127
98.38516610570976	1850	15.96745357219494	0.0	758197	5807.664811519023	1.85	0.15404921770095825	0.03637013956904411	0.11040505021810532	0.13055109490757436
105.05259561822693	1850	13.300024059677765	0.0	972798	6667.429512517174	1.85	0.13103725016117096	0.030769633129239082	0.09411369040608406	0.14590300477473467
111.27853336588579	1850	11.074086312018911	0.0	975811	6225.937747658854	1.85	0.12190836668014526	0.03383854404091835	0.08130211383104324	0.15673317651898067
113.99273221047909	1200	12.359887467425601	0.0	570392	2714.198844593312	0.5499999999999999	0.13251671195030212	0.032557617872953415	0.09344757050275804	0.21015114686096845
116.88545879807165	1200	13.467160879833044	0.0	620283	2892.7265875925564	1.2	0.14405927062034607	0.03566334396600723	0.10126325786113739	0.2144284920187443
119.70018189527406	1200	14.652437782630626	0.0	584349	2814.723097202417	1.2	0.14403164386749268	0.030524106696248055	0.10740271583199501	0.20760443561243755
122.94926761772574	1200	15.403352060178953	0.0	670129	3249.085722451674	1.2	0.14053533971309662	0.03402988240122795	0.09969948083162308	0.20625156036029066
126.28891582753614	1200	16.06370385036855	0.0	690253	3339.6482098104007	1.2	0.12259890139102936	0.03874868527054787	0.07610047906637192	0.20668434416904866
129.06719988006375	1200	17.285419797840945	0.0	598727	2778.2840525276088	1.2	0.1309666931629181	0.03683223947882652	0.08676800578832627	0.2155024427596934
132.25191979012865	1850	18.100699887776035	0.0	728962	3184.719910064907	1.2000000000000002	0.14321884512901306	0.034604430198669434	0.10169352889060974	0.22889359836518347
136.850730239382	1850	17.501889438522703	0.0	938587	4598.810449253329	1.85	0.13522914052009583	0.030647918581962585	0.09845163822174072	0.20409343032444197
141.23026002728102	1850	17.12235965062368	0.0	908665	4379.529787899022	1.85	0.13183556497097015	0.03549930453300476	0.08923639953136445	0.20748003644380072
145.72837727024782	1850	16.624242407656883	0.0	930577	4498.117242966796	1.85	0.13803964853286743	0.027972940355539322	0.10447212010622026	0.20688144611060094
149.84880773751402	1850	16.503811940390687	0.0	858450	4120.4304672661965	1.85	0.14818620681762695	0.03758964315056801	0.10307863503694534	0.2083398826456985
154.5772102996062	1850	15.775409378298507	0.0	1025005	4728.402562092178	1.85	0.14839491248130798	0.03392011299729347	0.10769077688455582	0.21677617050153733
158.79754528825964	1850	15.55507438964507	0.0	886255	4220.334988653439	1.85	0.15008628368377686	0.0380941666662693	0.10437328368425369	0.20999636341255767
166.76370125568627	1850	11.58891842221843	0.0	973972	7966.15596742664	1.85	0.14496487379074097	0.03441185504198074	0.10367064774036408	0.12226373723820382
172.58321996905372	1200	9.76939970885096	0.0	630203	5819.518713367469	0.5499999999999999	0.12701553106307983	0.03520743176341057	0.08476661294698715	0.1082912575832809
176.70270857225023	750	9.649911105654455	0.0	393804	4119.488603196505	0.3	0.1164722889661789	0.03811805695295334	0.07073062062263488	0.09559536096165648
180.07043567177053	750	10.282184006134154	0.0	331053	3367.727099520301	0.75	0.10480017215013504	0.03525514155626297	0.062494002282619476	0.09830161121046749
185.1051994945136	1200	9.24742018339107	0.0	550906	5034.763822743084	0.75	0.09992115199565887	0.03586212918162346	0.05688659697771072	0.10942042554438046

