11.044013681131974	750	4.0	11.044013681131974	450283	11044.013681131973	-46.739258828867484	0.11891865730285645	0.032125186175107956	0.08036843389272691	0.0407716807494798
13.459395463310074	300	5.584618217821901	0.0	155580	2415.381782178099	-0.15000000000000002	0.03778475150465965	0.01997215673327446	0.013818163424730301	0.06441217746525515
15.243810241452817	300	7.800203439679156	0.0	139857	1784.4147781427444	0.3	0.06918533891439438	0.02345467545092106	0.041039728373289106	0.078376956811334
16.835743291099895	300	10.208270390032078	0.0	155432	1591.9330496470784	0.3	0.07365156710147858	0.025845734402537346	0.04263668581843376	0.09763727189058503
18.350935213747977	300	12.693078467383994	0.0	163442	1515.191922648082	0.3	0.0804477334022522	0.02809242345392704	0.04673682525753975	0.10786884325145718
19.35319127928827	300	15.6908224018437	0.0	126289	1002.2560655402964	0.3	0.0887586697936058	0.030251868069171906	0.05245642811059952	0.12600472508182836
21.788772593097306	750	17.255241088034666	0.0	352642	2435.5813138090357	0.3	0.08783376216888428	0.03149901330471039	0.05003494620323181	0.14478761107281565
26.405840024291948	750	16.638173656840024	0.0	437162	4617.067431194641	0.75	0.08995570987462997	0.03330795466899872	0.049986164271831515	0.0946839106239535
32.247792599447706	750	14.796221081684267	0.0	374758	5841.952575155756	0.75	0.07596343010663986	0.030584828928112984	0.03926163539290428	0.06414944236174468
43.216023659677894	750	7.827990021454077	0.0	362795	10968.23106023019	0.75	0.07302271574735641	0.027798686176538467	0.039664292335510255	0.033076892527862736
45.58089703794195	300	9.463116643190013	0.0	141840	2364.8733782640657	-0.15000000000000002	0.06161518022418022	0.02784322388470173	0.02820331156253815	0.05997784122552794
51.68645574457298	300	7.357557936558986	0.0	156148	6105.558706631027	0.3	0.07086604088544846	0.029836058616638184	0.03506277054548264	0.025574727474229883
59.078732430607296	300	4.0	0.034718749475334335	160746	7392.27668603432	0.15070937725606234	0.05212176591157913	0.02939452789723873	0.016848332434892657	0.021745127628093993
66.93269158709353	300	4.0	3.853959156486233	179801	7853.959156486233	-16.2720243728908	0.04934302717447281	0.02416478656232357	0.020345283299684526	0.02289303985640292
72.23333569573853	300	4.0	1.3006441086449922	140051	5300.644108644992	-5.2927696671734665	0.040264375507831573	0.023997722193598747	0.011467108875513079	0.026421505977280435
76.78727686206646	300	4.0	0.553941166327937	138313	4553.941166327937	-2.081947015210129	0.04188273102045059	0.022839214652776718	0.01447567343711853	0.030372153470644956
80.23907813709883	300	4.548198724967632	0.0	143509	3451.801275032368	0.3	0.035869110375642776	0.021514710038900375	0.010051458328962325	0.041575104870037544
82.68692778051798	300	6.100349081548479	0.0	150616	2447.8496434191534	0.3	0.03846648707985878	0.02061166800558567	0.013732485473155975	0.06152992296929633
85.20260398662141	300	7.584672875445034	0.0	165384	2515.6762061034437	0.3	0.04954138025641441	0.020916786044836044	0.024441237002611162	0.06574136989440503
87.03039351281066	300	9.756883349255784	0.0	140881	1827.7895261892504	0.3	0.053887467831373215	0.02102530188858509	0.028657105565071107	0.0770772553302251
88.57481927838424	300	12.212457583682216	0.0	157671	1544.4257655735673	0.3	0.05966602638363838	0.022614799439907074	0.03252826705574989	0.10209037139538027
90.03097549286802	300	14.756301369198436	0.0	157812	1456.15621448378	0.3	0.07146494835615158	0.026496104896068573	0.0396696224808693	0.10837573498661042
91.26165507959715	300	17.525621782469322	0.0	163927	1230.6795867291148	0.3	0.07672052830457687	0.02808084897696972	0.04302350953221321	0.1332003892545932
93.71933124990458	750	19.06794561216188	0.0	343800	2457.676170307444	0.3	0.08093564957380295	0.03062155470252037	0.044189783930778506	0.1398882424599463
97.65593746784567	750	19.13133939422079	0.0	359903	3936.6062179410874	0.75	0.08518914133310318	0.03020605631172657	0.0489418737590313	0.09142468920557552
103.06269893592412	750	17.724577926142352	0.0	379700	5406.761468078438	0.75	0.07574152201414108	0.03048754669725895	0.039156465977430346	0.07022688207011753
115.45601825451696	750	9.331258607549499	0.0	425781	12393.319318592854	0.75	0.07611041516065598	0.029829110950231552	0.040315482020378116	0.0343556870483624
117.18876731673758	300	11.598509545328888	0.0	111155	1732.7490622206096	-0.15000000000000002	0.05653047189116478	0.026600094512104988	0.024610358476638797	0.06414950809873703
123.19569531301451	300	9.591581549051947	0.0	153605	6006.9279962769415	0.3	0.06872546672821045	0.028809674084186554	0.034153857827186586	0.025571307013369144
130.1921659541464	300	6.59511090792006	0.0	149029	6996.4706411318875	0.3	0.05107932165265083	0.02958535961806774	0.015576890110969542	0.021300596778590943
136.2722550316012	300	4.515021830465272	0.0	157421	6080.089077454788	0.3	0.04943051561713219	0.026965826749801636	0.017071523517370228	0.025891232512320145
143.14287886090906	300	4.0	2.355601998842614	157488	6870.623829307886	-9.829088595023238	0.04696749150753021	0.025610564276576042	0.016234814375638965	0.022921936044323445
147.94654019299202	300	4.0	0.8036613320829501	143881	4803.66133208295	-3.1557437279566853	0.03480273112654686	0.023690497502684593	0.00637413412332535	0.029952361345509496
151.88488069999838	300	4.061659492993651	0.0	163444	3938.340507006349	0.3	0.035533078014850616	0.020407414063811302	0.011044181138277053	0.041500728469067466
154.76467865801433	300	5.181861534977698	0.0	179328	2879.7979580159526	0.3	0.043147481977939606	0.02043306455016136	0.018627804517745972	0.06227103519565959
157.12815990641684	300	6.818380286575182	0.0	159914	2363.481248402517	0.3	0.0509742796421051	0.020585428923368454	0.02627176493406296	0.0676603633339957
158.8351350788685	300	9.111405114123533	0.0	131610	1706.9751724516477	0.3	0.054248955100774765	0.022381504997611046	0.027391149103641512	0.07710129715066376
160.03934654470268	300	11.907193648289327	0.0	124011	1204.2114658342066	0.3	0.06096532568335533	0.024638785049319267	0.03139878362417221	0.10298108224213967
161.38967252651054	300	14.55686766648145	0.0	144254	1350.3259818078761	0.3	0.07496299594640732	0.02694527804851532	0.042628662288188936	0.10682901902462573
162.57448888031163	300	17.372051312680377	0.0	149991	1184.8163538010713	0.3	0.07278288900852203	0.027387449517846107	0.039917949587106705	0.12659430258436763
164.96700073244605	750	18.979539460545944	0.0	345516	2392.5118521344357	0.3	0.07707559317350388	0.02784169279038906	0.043665561825037	0.1444155855243744
169.12781256009671	750	18.818727632895317	0.0	384505	4160.81182765063	0.75	0.08070769160985947	0.0302389208227396	0.04442098662257195	0.09241105244048196
174.24257995244812	750	17.703960240543914	0.0	372093	5114.7673923514	0.75	0.07399149984121323	0.03142028674483299	0.03628715574741364	0.07274876283844817
186.94883729227396	750	8.997702900718053	0.0	438281	12706.257339825861	0.75	0.0716870054602623	0.030344055965542793	0.03527413830161095	0.03449331996655489
190.39936903127287	300	9.547171161719163	0.0	167025	3450.53173899889	-0.15000000000000002	0.0625578910112381	0.02977742813527584	0.02682497724890709	0.04840558285908111
197.45819678021365	300	6.488343412778371	0.0	160064	7058.827748940792	0.3	0.06539960950613022	0.029105456545948982	0.030473061650991444	0.022675719778545145
203.24035298055102	300	4.706187212441006	0.0	137507	5782.156200337366	0.3	0.04994966462254524	0.025587188079953194	0.019245038926601413	0.02378126692460799
207.9885155294978	300	4.0	0.041975336505757695	118421	4748.162548946763	0.11950605302524192	0.04640045762062073	0.02504822053015232	0.016342592984437944	0.024940384575980478

