1.632502457445932	750	4.0	1.632502457445932	450283	1632.502457445932	-6.269760567017507	0.13466358184814453	0.032909173518419266	0.09517257362604142	0.27582378081345904
3.0877240240810737	750	6.544778433364858	0.0	398865	1455.221566635142	0.75	0.1711035817861557	0.026677491143345833	0.1390905924141407	0.2740922819899389
4.377266671930365	750	9.255235785515568	0.0	350812	1289.542647849291	0.75	0.16569283604621887	0.03583158552646637	0.12269493341445922	0.27204373626966655
6.3305919393876735	750	11.301910518058259	0.0	382355	1953.3252674573082	0.75	0.16944333910942078	0.03598005324602127	0.12626727521419526	0.19574568883641225
11.398334920210033	1200	10.234167537235903	0.0	652874	5067.742980822358	0.75	0.14414948225021362	0.037892479449510574	0.09867850691080093	0.12882934325411588
13.900963274705102	750	11.731539182740834	0.0	318564	2502.6283544950693	0.3	0.10604977607727051	0.03977671638131142	0.05831771641969681	0.12729177283866966
16.675107595554852	750	12.957394861891082	0.0	352642	2774.144320849751	0.75	0.10582488775253296	0.03640004247426987	0.06214483678340912	0.12711739520890603
20.116912115621695	750	13.51559034182424	0.0	437162	3441.804520066842	0.75	0.09885945916175842	0.03528410196304321	0.05651853680610657	0.127015348329983
24.713350015279566	1200	12.919152442166366	0.0	584846	4596.437899657874	0.75	0.11009563505649567	0.032454825937747955	0.07114984393119812	0.12723896477390279
29.1126398655675	1200	12.519862591878438	0.0	560821	4399.289850287928	1.2	0.11184751987457275	0.03448358550667763	0.0704672172665596	0.12747989313850167
33.82588866906197	1200	11.806613788383967	0.0	607410	4713.248803494471	1.2	0.1087435781955719	0.031373754143714905	0.07109507322311401	0.12887289114668793
37.05740392973648	750	12.575098527709455	0.0	405134	3231.515260674512	0.3	0.1137855052947998	0.03697346895933151	0.06941734254360199	0.12536966943347705
40.28934316073383	750	13.343159296712107	0.0	386351	3231.9392309973473	0.75	0.10635882616043091	0.032100990414619446	0.06783763766288758	0.11954154220924988
43.88050942524587	750	13.751993032200069	0.0	434409	3591.166264512038	0.75	0.09933940321207047	0.03146320953965187	0.06158355176448822	0.12096599488941423
46.67006710515416	750	14.962435352291774	0.0	337059	2789.5576799082946	0.75	0.09424848109483719	0.03323906287550926	0.054361605644226076	0.12082883334073259
49.653694081846346	750	15.978808375599584	0.0	366214	2983.6269766921887	0.75	0.1029798686504364	0.03075599856674671	0.06607267037034034	0.12274121492426135
52.5351909294232	750	17.09731152802273	0.0	360831	2881.496847576856	0.75	0.09204232692718506	0.03371155261993408	0.05158846378326416	0.12522345818404573
57.04760736006679	1200	16.584895097379135	0.0	581493	4512.416430643591	0.75	0.0992695540189743	0.030055148527026176	0.06320337578654289	0.1288651012018994
62.288892259943445	1200	15.343610197502484	0.0	639204	5241.284899876653	1.2	0.09640827775001526	0.03177837282419205	0.0582742303609848	0.12195559146480338
65.08606637964498	750	16.54643607780095	0.0	350713	2797.1741197015326	0.3	0.09615223109722137	0.033158618956804276	0.05636188834905625	0.125381182933804
68.2105626684002	750	17.421939789045723	0.0	386472	3124.496288755229	0.75	0.10111699998378754	0.03433077409863472	0.05992007106542587	0.1236909774515901
71.49399830253016	750	18.13850415491576	0.0	399894	3283.435634129959	0.75	0.09575232863426208	0.03101992793381214	0.05852841511368752	0.12179133217757243
74.66109250137843	750	18.971409956067497	0.0	401853	3167.0941988482678	0.75	0.09809905290603638	0.03357541561126709	0.05780855417251587	0.1268838167636871
77.39124225970998	750	20.24126019773594	0.0	343800	2730.1497583315545	0.75	0.10024324804544449	0.03412208706140518	0.05929674357175827	0.12592715800693022
80.34241319945816	750	21.29008925798775	0.0	359903	2951.170939748194	0.75	0.09777896106243134	0.03283045068383217	0.05838242024183273	0.12195261045458396
83.39204422107332	750	22.2404582363726	0.0	379700	3049.631021615148	0.75	0.0931597501039505	0.029723722487688065	0.057491283118724826	0.12450686568596846
88.78697208593114	1200	20.84553037151478	0.0	696376	5394.927864857821	0.75	0.09624237567186356	0.030163276940584183	0.06004644334316254	0.12907976110971642
92.64475346834202	1200	20.98774898910388	0.0	487160	3857.781382410895	1.2	0.1027100533246994	0.03088635392487049	0.06564642861485481	0.12627983592360867
98.21353689538142	1200	19.418965562064486	0.0	622896	5568.783427039396	1.2	0.09104065597057343	0.03330677002668381	0.05107253193855286	0.11185495147387303
103.61235882089484	1200	18.02014363655107	0.0	641447	5398.821925513415	1.2	0.09645093977451324	0.03123333491384983	0.058970937877893446	0.11881240182579275
108.50902178794271	1200	17.123480669503202	0.0	570392	4896.662967047865	1.2	0.09522412717342377	0.03150777146220207	0.05741480141878128	0.11648586064396463
111.83696637714249	750	17.795536080303425	0.0	400322	3327.9445891997784	0.3	0.09290672093629837	0.03440971300005913	0.051615065336227416	0.12029106533178772
114.78779757161531	750	18.8447048858306	0.0	369834	2950.8311944728275	0.75	0.09565803408622742	0.035777438431978226	0.05272510796785355	0.12533214393718367
118.04911889578287	750	19.583383561663048	0.0	412837	3261.3213241675485	0.75	0.09282468259334564	0.032973479479551315	0.053256507217884066	0.12658580954312332
121.42481070363607	750	20.20769175380985	0.0	401088	3375.6918078532003	0.75	0.09622089564800262	0.03184943273663521	0.05800157636404037	0.11881653386334319
126.354317273063	1200	19.278185184382913	0.0	598727	4929.506569426934	0.75	0.10097414255142212	0.0313420332968235	0.06336370259523391	0.12145779533256679
130.2052820676243	1200	19.427220389821613	0.0	487812	3850.9647945612987	1.2	0.08807165920734406	0.03212019056081772	0.049527430534362794	0.1266726719207963
134.59181883398043	1200	19.0406836234655	0.0	575591	4386.536766356112	1.2	0.08837635815143585	0.030536184087395668	0.05173293724656105	0.13121763948604548
139.17864848057678	1200	18.45385397686913	0.0	605884	4586.829646596372	1.2	0.09600362181663513	0.03435755893588066	0.05477455109357834	0.13209210864187912
143.70572244896053	1200	17.926780008485384	0.0	587506	4527.0739683837455	1.2	0.10275482386350632	0.03448237106204033	0.061375978589057925	0.12977609911016125
148.2003365954057	1200	17.432165862040215	0.0	566904	4494.614146445167	1.2	0.10533197224140167	0.02930944412946701	0.07016063928604127	0.12612962570955502
161.25657495356603	1200	8.375927503879872	0.0	641452	13056.238358160344	1.2	0.09721048921346664	0.03242695704102516	0.05829814076423645	0.04912992413309328
162.4545316665223	300	11.177970790923592	0.0	145210	1197.95671295628	-0.6000000000000001	0.0770508274435997	0.031198672950267792	0.03961241990327835	0.12121473040679018
163.85466954679515	300	13.77783291065074	0.0	172312	1400.1378802728511	0.3	0.0951978862285614	0.030166376382112503	0.0589982345700264	0.12306787954799193
165.1961733817215	300	16.436329075724398	0.0	167025	1341.5038349263414	0.3	0.0890767052769661	0.032420262694358826	0.050172390043735506	0.12450579390939344
168.25049013795163	750	17.382012319494297	0.0	393804	3054.3167562301032	0.3	0.0952969640493393	0.033617448061704636	0.05495602637529373	0.1289335820185416
172.46659462412336	1200	17.165907833322553	0.0	538612	4216.104486171745	0.75	0.0883757621049881	0.03133699670433998	0.050771366059780124	0.1277511033624937
178.9685155384956	1850	14.663986918950293	0.0	846370	6501.920914372257	1.2000000000000002	0.1002110093832016	0.030702365562319756	0.0633681707084179	0.13017230002430977

