4.987866398102613	750	4.0	4.987866398102613	450283	4987.866398102613	-20.697825511841234	0.08256610482931137	0.032000135630369186	0.04416594207286835	0.0902756738174238
6.622035782000878	300	6.365830616101736	0.0	155580	1634.169383898265	-0.15000000000000002	0.08392055332660675	0.029253169894218445	0.04881674945354462	0.09520432920415403
8.091827855266134	300	8.896038542836479	0.0	139857	1469.7920732652567	0.3	0.09655880928039551	0.02644280530512333	0.06482744291424752	0.09515427559035398
9.716392385691965	300	11.271474012410648	0.0	155432	1624.5645304258305	0.3	0.08980567753314972	0.025818025693297386	0.05882404670119286	0.09567610094211414
11.540892440060073	300	13.446973958042538	0.0	163442	1824.5000543681099	0.3	0.08537065237760544	0.030536524951457977	0.04872682243585587	0.08958180056432273
15.159814146732963	750	13.828052251369648	0.0	318564	3618.921706672888	0.3	0.07621698826551437	0.028488416224718094	0.042030888795852664	0.08802732576739737
16.815355338293998	300	16.172511059808613	0.0	153295	1655.541191561034	-0.15000000000000002	0.06533804535865784	0.02902805246412754	0.03050438240170479	0.09259509867915511
18.64868906159547	300	18.33917733650714	0.0	173849	1833.3337233014704	0.3	0.06893665343523026	0.02729305438697338	0.0361849881708622	0.09482670710214856
20.248657111102595	300	20.739209287000016	0.0	150710	1599.9680495071273	0.3	0.07038617134094238	0.02906297706067562	0.03551059886813164	0.09419563099802303
24.047542326948218	750	20.940324071154397	0.0	362795	3798.8852158456225	0.3	0.07596798986196518	0.02953323908150196	0.04052810296416283	0.09550038481993006
27.890792269723057	750	21.097074128379553	0.0	353220	3843.2499427748417	0.75	0.08096949011087418	0.030789243057370186	0.04402239844202995	0.09190659084352285
32.4414872319236	750	20.54637916617901	0.0	405134	4550.694962200545	0.75	0.0829802080988884	0.030537297949194908	0.04633545055985451	0.0890268416945469
36.8026939481605	750	20.18517244994211	0.0	386351	4361.2067162368985	0.75	0.07788144797086716	0.02932261861860752	0.04269430562853813	0.08858809617109047
41.68159352916718	750	19.306272868935434	0.0	434409	4878.899581006679	0.75	0.0764956846833229	0.02867105044424534	0.042090424150228505	0.08903831546177612
45.50344850937601	750	19.484417888726604	0.0	337059	3821.85498020883	0.75	0.07476235181093216	0.03165964409708977	0.03677077889442444	0.08819251430141463
50.03403505885506	750	18.953831339247554	0.0	366214	4530.58654947905	0.75	0.07120776921510696	0.028521820902824402	0.03698158413171768	0.08083147645465667
54.261614125818	750	18.726252272284608	0.0	360831	4227.579066962945	0.75	0.07050757855176926	0.03070935420691967	0.03365635350346565	0.0853516857484153
62.21782589616573	750	14.770040501936881	0.0	372963	7956.211770347728	0.75	0.07572466880083084	0.028024964034557343	0.042094711959362034	0.04687695737184979
64.02782839099953	300	16.96003800710307	0.0	165384	1810.0024948338112	-0.15000000000000002	0.06466572731733322	0.02958310954272747	0.02916599586606026	0.09137224974664196
65.5815167857335	300	19.406349612369105	0.0	140881	1553.6883947339657	0.3	0.07310499995946884	0.02877829782664776	0.03857104256749153	0.09067519618315918
67.31230764794847	300	21.67555875015413	0.0	157671	1730.790862214972	0.3	0.07521927356719971	0.030386513099074364	0.03875545784831047	0.09109766144606359
71.5851564216083	750	21.402709976494297	0.0	399894	4272.848773659834	0.3	0.07238369435071945	0.027765601873397827	0.03906497210264206	0.09358955141711646
75.8393069327491	750	21.148559465353507	0.0	401853	4254.150511140788	0.75	0.07644841820001602	0.02953840047121048	0.04100233763456345	0.09446139692228228
79.47751434854626	750	21.51035204955634	0.0	343800	3638.207415797168	0.75	0.08158531039953232	0.031075142323970795	0.044295139610767365	0.09449708625935224
83.32610465808621	750	21.661761740016395	0.0	359903	3848.5903095399426	0.75	0.08019175380468369	0.030713489279150963	0.04333556666970253	0.09351553973096775
87.5103379068445	750	21.47752849125811	0.0	379700	4184.233248758286	0.75	0.07295023649930954	0.02874406985938549	0.03845735266804695	0.09074541915479493
92.49528999993899	750	20.492576398163603	0.0	425781	4984.952093094502	0.75	0.07648717612028122	0.029805727303028107	0.040720303356647496	0.08541325815143161
95.6537393799892	750	21.334127018113403	0.0	277716	3158.4493800502037	0.75	0.0773717388510704	0.028381414711475372	0.04331404119729996	0.08792795659608947
100.02209692460859	750	20.965769473494024	0.0	400396	4368.35754461938	0.75	0.0739673376083374	0.030327437445521355	0.037574412673711775	0.0916582481883101
104.72291223212143	750	20.264954165981187	0.0	400508	4700.8153075128375	0.75	0.06821943074464798	0.02956312522292137	0.03274368047714234	0.08519968852209714
109.1894508246389	750	19.798415573463718	0.0	358218	4466.538592517472	0.75	0.08186040073633194	0.02864653989672661	0.04748455286026001	0.08020035931181729
114.29793796054908	750	18.689928437553537	0.0	400322	5108.487135910181	0.75	0.0748409703373909	0.030750151723623276	0.03794078826904297	0.07836410063283335
119.32948553512279	750	17.658380862979833	0.0	369834	5031.547574573703	0.75	0.07754456251859665	0.031602729111909866	0.03962128758430481	0.07350303152630612
123.82054465266944	750	17.16732174543317	0.0	412837	4491.059117546661	0.75	0.07014965265989304	0.027371427044272423	0.03730394020676613	0.09192419631864504
128.02169876992326	750	16.966167628179345	0.0	401088	4201.154117253827	0.75	0.07142668962478638	0.029754899442195892	0.035720810294151306	0.09547090842317862
131.75918635246842	750	17.228680045634196	0.0	365161	3737.48758254515	0.75	0.07622094452381134	0.029262788593769073	0.04110559821128845	0.09770226440493833
135.05018109468247	750	17.937685303420135	0.0	321064	3290.9947422140635	0.75	0.0737597793340683	0.02894127368927002	0.03903025090694428	0.09755834486201567
138.80542294874087	750	18.182443449361745	0.0	361565	3755.241854058388	0.75	0.07539106160402298	0.030471742153167725	0.03882497102022171	0.09628274663834162
142.9998442003905	750	17.988022197712095	0.0	378327	4194.421251649648	0.75	0.077279232442379	0.03037983365356922	0.04082343205809593	0.09019766430260327
147.57274563409626	750	17.415120764006343	0.0	390680	4572.9014337057515	0.75	0.07511445134878159	0.028971819207072258	0.04034826830029488	0.08543372422602248
151.5990137351829	750	17.3888526629197	0.0	345516	4026.2681010866445	0.75	0.07736014574766159	0.030229097232222557	0.041085229068994526	0.08581544778569244
155.92519372971697	750	17.06267266838565	0.0	384505	4326.179994534051	0.75	0.07614316046237946	0.032475754618644714	0.0371722549200058	0.08887864131538821
163.6829234492022	750	13.304942948900406	0.0	372093	7757.729719485245	0.75	0.07513245195150375	0.028990570455789566	0.04034376740455627	0.047964161353212215
165.87092694313066	300	15.116939454971963	0.0	172312	2188.0034939284433	-0.15000000000000002	0.06712263077497482	0.02823656052350998	0.03323875814676285	0.07875307351115012
167.99425116647782	300	16.99361523162479	0.0	167025	2123.3242233471738	0.3	0.07150446623563766	0.03006330318748951	0.03542850241065026	0.07866203294036014
169.86005281731482	300	19.127813580787777	0.0	160064	1865.8016508370142	0.3	0.07462676614522934	0.028133129701018333	0.04086701050400734	0.08578832585349785
173.47387062960203	750	19.5139957685006	0.0	331053	3613.8178122871777	0.3	0.06931360065937042	0.0314163975417614	0.031613923609256744	0.091607551126236
183.34615284974092	1850	13.641713548361707	0.0	846370	9872.282220138894	0.75	0.08270219713449478	0.029709212481975555	0.04705114215612412	0.08573194942436445

