2.35567483154165	750	4.0	2.35567483154165	450283	2355.67483154165	-9.379401775629093	0.0878310427069664	0.03224559128284454	0.04913633316755295	0.19114819837223307
4.451489422993825	750	5.904185408547824	0.0	398865	2095.8145914521756	0.75	0.12984095513820648	0.02927783876657486	0.09470754861831665	0.19031502196176103
6.281806453080857	750	8.073868378460793	0.0	350812	1830.3170300870318	0.75	0.1401439756155014	0.03392940014600754	0.09942869544029237	0.19166734190487145
8.253074902105197	750	10.102599929436453	0.0	382355	1971.2684490243414	0.75	0.1394212692975998	0.030011147260665894	0.10340789258480072	0.1939639424499705
11.616447397537307	1200	10.739227434004341	0.0	652874	3363.3724954321096	0.75	0.14829108119010925	0.03000611811876297	0.11228373944759369	0.1941129033096056
14.389713985197556	1200	11.965960846344096	0.0	520315	2773.266587660247	1.2	0.1198437437415123	0.03404243662953377	0.07899281978607178	0.18761809712602495
18.31515211857374	1200	12.040522712967912	0.0	561791	3925.4381333761853	1.2	0.11181676387786865	0.03287840262055397	0.0723626807332039	0.1431154895101647
21.408399889810884	750	12.947274941730768	0.0	437162	3093.247771237144	0.3	0.10359244793653488	0.03622060641646385	0.06012772023677826	0.141327831564284
23.3948749752952	750	14.960799856246453	0.0	374758	1986.4750854843144	0.75	0.10564249753952026	0.03515128046274185	0.06346096098423004	0.1886547698173782
26.53823507545907	1200	15.817439756082582	0.0	560821	3143.3601001638717	0.75	0.12677793204784393	0.03212255984544754	0.0882308602333069	0.17841449344946606
30.94665819201385	1200	15.409016639527803	0.0	607410	4408.423116554778	1.2	0.1274951547384262	0.03319786489009857	0.08765771687030793	0.13778396128062595
35.76139624554284	1200	14.594278585998815	0.0	594078	4814.738053528989	1.2	0.11834684759378433	0.03184005618095398	0.08013878017663956	0.12338739790102748
39.81111869632239	1200	14.544556135219267	0.0	624282	4049.722450779547	1.2	0.1124127134680748	0.03318937495350838	0.07258546352386475	0.1541542679992377
43.60096765345623	1200	14.754707178085422	0.0	687371	3789.848957133845	1.2	0.11174503713846207	0.03318646550178528	0.07192127853631974	0.18137160814974512
46.39296022549635	1200	15.962714606045301	0.0	526950	2791.99257204012	1.2	0.11504807323217392	0.035126641392707825	0.07289610356092453	0.18873617547447682
50.621805325897704	1200	15.73386950564395	0.0	587876	4228.845100401351	1.2	0.12123342603445053	0.03142401948571205	0.08352460265159607	0.13901573267467418
54.062553580735546	1200	16.293121250806102	0.0	617242	3440.7482548378484	1.2	0.10843531042337418	0.03191281855106354	0.07013992816209794	0.17939179337870179
57.242284119836086	1200	17.113390711705563	0.0	581493	3179.7305391005366	1.2	0.1235109344124794	0.03713468089699745	0.07894931733608246	0.18287493007646155
61.091435647388394	1200	17.26423918415325	0.0	639204	3849.151527552314	1.2	0.11745315045118332	0.03433508053421974	0.07625105381011962	0.16606361049300433
64.21354397181702	1200	18.14213085972462	0.0	586839	3122.10832442863	1.2	0.12403731793165207	0.030117349699139595	0.08789649829268456	0.18796240841752218
67.34071174766575	1200	19.014963083875898	0.0	601738	3127.167775848725	1.2	0.12071485817432404	0.03477482870221138	0.07898506373167039	0.1924226786446359
70.49915816151292	1200	19.856516670028714	0.0	616206	3158.446413847179	1.2	0.12287569046020508	0.03192628547549248	0.08456414788961411	0.19509781685655506
73.90616317837274	1200	20.44951165316891	0.0	656471	3407.0050168598077	1.2	0.1250056028366089	0.03161438927054405	0.08706833571195602	0.1926827218484876
76.73020250230664	1200	21.625472329235013	0.0	536667	2824.0393239338964	1.2	0.127316415309906	0.03096371702849865	0.09015995487570763	0.1900352432955576
80.6068549200054	1200	21.748819911536263	0.0	587236	3876.652417698752	1.2	0.12150061130523682	0.033403486013412476	0.08141642808914185	0.15148017844442024
84.07531446745962	1200	22.280360364082032	0.0	590335	3468.4595474542284	1.2	0.1169540286064148	0.03304507955908775	0.0772999331355095	0.170200918281804
87.81355343134375	1200	22.54212140019791	0.0	696376	3738.238963884122	1.2	0.12944988906383514	0.03186257183551788	0.0912148028612137	0.18628450634853164
90.39307819018933	1200	23.96259664135233	0.0	487160	2579.5247588455786	1.2	0.12664952874183655	0.03332948684692383	0.08665414452552796	0.18885649316970307
93.82363930362129	1200	24.53203552792037	0.0	622896	3430.561113431959	1.2	0.12380807846784592	0.0332469679415226	0.0839117169380188	0.18157262890934195
97.55288472368021	1200	24.802790107861455	0.0	641447	3729.2454200589164	1.2	0.12145411968231201	0.03456009924411774	0.07998200058937073	0.17200450164791412
102.07406079795634	1850	24.281614033585328	0.0	873429	4521.176074276127	1.2000000000000002	0.12965629994869232	0.03214532881975174	0.09108190536499024	0.1931862386358935
106.9885064005906	1850	23.36716843095107	0.0	954453	4914.445602634257	1.85	0.12327351421117783	0.03330697491765022	0.08330514430999755	0.19421376838282453
112.16105113860077	1850	22.194623692940883	0.0	885062	5172.544738010189	1.85	0.12268133461475372	0.031416136771440506	0.08498197048902512	0.17110765490265667
117.60487666582905	1850	20.7507981657126	0.0	1035329	5443.825527228284	1.85	0.12816819548606873	0.033979382365942	0.08739293664693833	0.1901840892625257
122.8985583367783	1850	19.457116494763362	0.0	1026056	5293.681670949239	1.85	0.12656259536743164	0.03400740399956703	0.0857537105679512	0.19382653959545934
127.85938061972155	1850	18.496294211820118	0.0	943942	4960.822282943244	1.85	0.12526926398277283	0.03094114549458027	0.0881398893892765	0.19027934204487595
131.55801030407494	1850	18.797664527466733	0.0	728962	3698.6296843533833	1.85	0.13221493363380432	0.03562049940228462	0.08947033435106277	0.19708975004547974
140.000231215315	1850	14.355443616226685	0.0	938587	8442.220911240047	1.85	0.13079281151294708	0.03021918050944805	0.09452979490160943	0.11117773508513111
143.2414239993542	1200	15.114250832187507	0.0	605884	3241.1927840391777	0.5499999999999999	0.11036093533039093	0.034049198031425476	0.06950189769268036	0.18693241666573956
146.70932456044244	1200	15.646350271099237	0.0	587506	3467.900561088269	1.2	0.12524493038654327	0.03300383314490318	0.08564033061265947	0.1694125854103595
150.56732487754087	1200	15.788349954000797	0.0	566904	3858.000317098442	1.2	0.12376971542835236	0.035779546946287155	0.08083425909280778	0.14694244515416788
154.88646112704444	1200	15.469213704497234	0.0	641452	4319.136249503564	1.2	0.11811065673828125	0.03309391066431999	0.07839796394109727	0.14851395347246288
158.28556706567596	1200	16.070107765865675	0.0	599477	3399.105938631557	1.2	0.11840865761041641	0.03385615348815918	0.0777812734246254	0.1763631410209424
161.73556739191127	1200	16.620107439630367	0.0	634861	3450.0003262353107	1.2	0.1287456750869751	0.038519199937582016	0.08252263516187669	0.18401766375853343
165.27399649993924	1200	17.081678331602415	0.0	630203	3538.4291080279504	1.2	0.125565767288208	0.030728017911314964	0.08869214579463006	0.1781024801571415
169.03721400587787	1200	17.318460825663795	0.0	638661	3763.2175059386213	1.2	0.13178551197052002	0.03203177452087402	0.0933473825454712	0.1697114235337575
174.28590251289535	1850	16.069772318646304	0.0	830730	5248.688507017489	1.2000000000000002	0.11681842803955078	0.030234085395932198	0.08053752556443214	0.1582738238112845
178.56752290458226	1850	15.788151926959394	0.0	846370	4281.620391686911	1.85	0.11637101322412491	0.03187335655093193	0.0781229853630066	0.1976751609375019

