5.582913756610401	750	4.0	5.582913756610401	450283	5582.913756610401	-23.256529153424722	0.1224585771560669	0.03440781310200691	0.0811692014336586	0.08065376246710713
7.30776953834508	300	6.2751442182653205	0.0	155580	1724.855781734679	-0.15000000000000002	0.07995472103357315	0.026576029136776924	0.048063486069440844	0.09019884540348871
8.866395294008193	300	8.71651846260221	0.0	139857	1558.6257556631124	0.3	0.08851492404937744	0.025596821680665016	0.05779873803257943	0.08973096940804644
10.472198732756157	300	11.110715023854246	0.0	155432	1605.8034387479631	0.3	0.08153708279132843	0.026282204315066338	0.049998437613248826	0.09679391403046786
11.527389954471916	300	14.055523802138486	0.0	163442	1055.1912217157583	0.3	0.08634372055530548	0.02859492041170597	0.05202981606125832	0.15489325217683353
13.508130378320491	750	16.07478337828991	0.0	318564	1980.7404238485753	0.3	0.09968042373657227	0.030504977330565453	0.06307445093989372	0.16083076619450754
15.689295806373275	750	17.893617950237125	0.0	352642	2181.1654280527837	0.75	0.09784834831953049	0.03192748501896858	0.05953536629676819	0.16167595335252402
18.320356467605922	750	19.262557289004484	0.0	437162	2631.060661232645	0.75	0.10294389724731445	0.03510843217372894	0.06081377863883972	0.16615428387545833
21.89622267901943	1200	19.686691077590975	0.0	584846	3575.8662114135077	0.75	0.10171637684106827	0.02992754429578781	0.0658033236861229	0.16355365816911133
25.49734864371405	1200	20.08556511289635	0.0	560821	3601.1259646946255	1.2	0.09472120553255081	0.03270326182246208	0.055477291345596313	0.15573490222177147
29.48795361065857	1200	20.094960145951834	0.0	607410	3990.6049669445165	1.2	0.0986272320151329	0.033541396260261536	0.05837755650281906	0.15221000450592712
33.22940485606162	1200	20.353508900548782	0.0	594078	3741.4512454030537	1.2	0.10255062580108643	0.03163130208849907	0.06459306329488754	0.15878277198718435
37.06406781652565	1200	20.518845940084756	0.0	624282	3834.662960464027	1.2	0.11125849932432175	0.03612184524536133	0.06791228502988816	0.162799705329111
41.301228049666214	1200	20.28168570694419	0.0	687371	4237.160233140565	1.2	0.1179194226861	0.03144463896751404	0.08018585592508316	0.16222445274167116
44.46903407251404	1200	21.113879684096357	0.0	526950	3167.806022847831	1.2	0.11314482986927032	0.03274231776595116	0.07385404855012895	0.16634541262923555
48.4859349821909	1200	21.0969787744195	0.0	587876	4016.900909676857	1.2	0.11911430209875107	0.030380895361304283	0.08265722766518593	0.14635063528298292
53.7280468262726	1200	19.8548669303378	0.0	617242	5242.111844081705	1.2	0.12077134102582932	0.0333518385887146	0.0807491347193718	0.11774682005246805
59.75287079918193	1200	17.83004295742848	0.0	581493	6024.823972909317	1.2	0.10666445642709732	0.03491351753473282	0.06476823538541794	0.09651618082365383
68.11343680316425	1200	13.46947695344616	0.0	639204	8360.56600398232	1.2	0.10460048168897629	0.03447161987423897	0.06323453783988953	0.07645463234134306
71.77798073817549	750	13.80493301843493	0.0	350713	3664.5439350112274	0.3	0.08793934434652328	0.033014003187417984	0.04832254052162171	0.09570440584686986
74.32236179416115	750	15.260551962449256	0.0	386472	2544.3810559856756	0.75	0.09104418009519577	0.03562808036804199	0.04829048365354538	0.15189234296915619
77.01271997553388	750	16.570193781076537	0.0	399894	2690.3581813727155	0.75	0.10494585335254669	0.0317351296544075	0.0668636977672577	0.14863968774446232
80.45977527995748	750	17.123138476652937	0.0	401853	3447.0553044236003	0.75	0.09463942050933838	0.03299812227487564	0.05504167377948761	0.11657863437360658
83.05769045449874	750	18.525223302111684	0.0	343800	2597.915174541253	0.75	0.09317880868911743	0.03251911699771881	0.05415586829185486	0.13233688434831564
85.42424355050012	750	20.15867020611029	0.0	359903	2366.5530960013925	0.75	0.09655556082725525	0.033225927501916885	0.056684447824954985	0.1520789880472592
89.12152789295665	1200	20.461385863653753	0.0	590335	3697.2843424565413	0.75	0.1065649539232254	0.03364396095275879	0.06619220077991486	0.15966718956967507
93.35008245805143	1200	20.232831298558985	0.0	696376	4228.554565094769	1.2	0.10001852363348007	0.035762786865234375	0.05710317939519882	0.16468417027140647
96.3242979777742	1200	21.258615778836216	0.0	487160	2974.21551972277	1.2	0.10216151922941208	0.03479638323187828	0.060405859351158143	0.1637944516022863
100.16822474789753	1200	21.41468900871289	0.0	622896	3843.9267701233234	1.2	0.1095261201262474	0.03189514949917793	0.0712519407272339	0.1620467915365661
105.54445474454727	1200	20.038459012063147	0.0	641447	5376.229996649746	1.2	0.11254771053791046	0.03227619081735611	0.07381628155708314	0.11931167386806822
112.90118663909173	1200	16.681727117518697	0.0	570392	7356.7318945444495	1.2	0.10134606808423996	0.030796291306614876	0.06439051851630212	0.07753334064314442
117.09200315046029	750	16.490910606150138	0.0	400322	4190.816511368561	0.3	0.08793067187070847	0.03704683482646942	0.043474470078945164	0.0955236286088961
121.94656631358495	750	15.636347443025464	0.0	369834	4854.563163124672	0.75	0.09223790466785431	0.032099224627017975	0.05371883511543274	0.07618275580576726
127.31187590842634	750	14.27103784818407	0.0	412837	5365.309594841394	0.75	0.08976618200540543	0.03261248394846916	0.05063120126724243	0.07694560634430715
131.91472331723855	750	13.668190439371868	0.0	401088	4602.847408812203	0.75	0.08308005332946777	0.0315612256526947	0.04520658254623413	0.08713910420582541
134.58140717438954	750	15.001506582220893	0.0	365161	2666.683857150976	0.75	0.08215747028589249	0.03175485506653786	0.04405164420604706	0.13693449226115975
136.57298997988488	750	17.00992377672556	0.0	321064	1991.5828054953304	0.75	0.0947188064455986	0.032834891229867935	0.055316936969757084	0.16121046994084062
138.8223094802296	750	18.760604276380835	0.0	361565	2249.319500344724	0.75	0.09896722435951233	0.032305847853422165	0.06020020693540573	0.16074417171263913
141.20365679463399	750	20.379256961976456	0.0	378327	2381.347314404384	0.75	0.09448441863059998	0.03195014223456383	0.056144247949123385	0.15887098774360264
144.80210388726124	1200	20.780809869349177	0.0	587506	3598.4470926272757	0.75	0.10208840668201447	0.03208545595407486	0.06358585953712464	0.16326653828083765
148.21544310049526	1200	21.36747065611517	0.0	566904	3413.33921323401	1.2	0.097849041223526	0.0328245535492897	0.05845957696437836	0.16608487014769327
152.0379437509882	1200	21.544970005622243	0.0	641452	3822.5006504929247	1.2	0.10574676841497421	0.03480539843440056	0.06398029029369354	0.16780952016771603
155.8578876877819	1200	21.725026068828562	0.0	599477	3819.9439367936807	1.2	0.11098141968250275	0.03329364210367203	0.07102904915809632	0.15693345502425848
159.89129473655254	1200	21.691619020057896	0.0	634861	4033.4070487706676	1.2	0.10480581969022751	0.03360364958643913	0.06448144018650055	0.15740067697692395
163.6233607847229	1200	21.95955297188754	0.0	630203	3732.0660481703558	1.2	0.11127790063619614	0.032233815640211105	0.07259732186794282	0.16886169533600748
167.54293413139467	1200	22.03997962521578	0.0	638661	3919.5733466717606	1.2	0.11085207760334015	0.03471598029136658	0.06919290125370026	0.1629414590601572
170.95274350736454	1200	22.63017024924592	0.0	538612	3409.809375969856	1.2	0.11422591656446457	0.033477459102869034	0.07405296564102173	0.15795956331042757
185.50564654563829	2850	12.07726721097217	0.0	1364537	14552.903038273753	1.2000000000000002	0.10704988241195679	0.03731604665517807	0.0622706264257431	0.09376390376623162

