1.5684362515839816	750	4.0	1.5684362515839816	450283	1568.4362515839816	-5.99427588181112	0.05886475369334221	0.025557037442922592	0.0281963087618351	0.28709040583909873
2.9669073586167696	750	6.601528892967211	0.0	398865	1398.471107032788	0.75	0.17639532685279846	0.030078519135713577	0.14030110388994216	0.28521504519767554
4.934549152562542	1200	8.633887099021438	0.0	571051	1967.6417939457729	0.75	0.1855776309967041	0.02624495141208172	0.15408368930220603	0.2902210157138682
7.049145194002062	1200	10.519291057581919	0.0	617681	2114.596041439519	1.2	0.1819656938314438	0.03769766166806221	0.13672849982976915	0.2921035450248509
9.278328626492334	1200	12.290107625091647	0.0	652874	2229.183432490272	1.2	0.16791073977947235	0.03943286091089249	0.12059130668640136	0.29287585332116856
11.133080540281055	1200	14.435355711302925	0.0	520315	1854.751913788721	1.2	0.1584095060825348	0.03449523076415062	0.11701522916555404	0.28053077941682625
13.256194648104511	1200	16.31224160347947	0.0	561791	2123.114107823456	1.2	0.1569804698228836	0.034228771924972534	0.11590594351291657	0.26460706842362275
15.97400695711973	1200	17.594429294464252	0.0	709534	2717.8123090152208	1.2	0.1499156653881073	0.03202108293771744	0.11149036586284639	0.2610680647984461
19.79904342787561	1850	17.769392823708372	0.0	852833	3825.0364707558792	1.2000000000000002	0.1479729861021042	0.03455626219511032	0.1065054714679718	0.22296074992233175
23.028064427278377	1850	18.540371824305605	0.0	913888	3229.020999402764	1.85	0.15817824006080627	0.03108885884284973	0.1208716094493866	0.2830232445589643
26.077741505800287	1850	19.490694745783696	0.0	939819	3049.6770785219123	1.85	0.17543336749076843	0.035952165722846985	0.13229076862335204	0.30817000482408524
29.00265283140509	1850	20.565783420178892	0.0	917428	2924.9113256048004	1.85	0.18257777392864227	0.03274212405085564	0.14328722506761551	0.3136601072206175
33.33653969914287	2850	20.231896552441107	0.0	1422919	4333.886867737787	1.85	0.19078882038593292	0.03560955822467804	0.14805735051631927	0.3283239833952423
37.974135604719194	2850	19.59430064686478	0.0	1578343	4637.595905576326	2.85	0.20409560203552246	0.031787317246198654	0.16595082134008407	0.3403364657326381
41.61154507522014	2850	19.956891176363833	0.0	1231445	3637.40947050095	2.85	0.19756601750850677	0.0280657559633255	0.16388711035251619	0.3385500065326446
46.18258895255076	2850	19.385847299033212	0.0	1471065	4571.043877330619	2.85	0.20415054261684418	0.03238922730088234	0.16528346985578538	0.32182255070784116
50.547081309724916	2850	19.021354941859048	0.0	1491626	4364.492357174162	2.85	0.19469915330410004	0.0360548235476017	0.151433365046978	0.3417639161512404
55.44918584166146	2850	18.1192504099225	0.0	1358801	4902.104531936547	2.85	0.21832358837127686	0.030943766236305237	0.18119106888771058	0.27718727561756296
60.329623191185085	2850	17.238813060398876	0.0	1537156	4880.437349523623	2.85	0.19084298610687256	0.031844280660152435	0.15262984931468965	0.3149627563910929
64.65002222249657	2850	16.918414029087387	0.0	1336050	4320.399031311487	2.85	0.20040059089660645	0.03712596371769905	0.15584943443536758	0.3092422691323567
69.2686328203421	2850	16.299803431241862	0.0	1415116	4618.610597845524	2.85	0.19461920857429504	0.03034260869026184	0.15820807814598084	0.3063943084225631
78.77208363225724	2850	10.796352619326735	0.0	1468126	9503.450811915129	2.85	0.2032666951417923	0.035455889999866486	0.1607196271419525	0.15448346385497252
86.9113906181308	1850	6.657045633453161	0.0	968026	8139.306985873574	0.8500000000000001	0.17016379535198212	0.03824668750166893	0.1242677703499794	0.11893223854071205
88.51060188187694	1200	9.05783436970702	0.0	536667	1599.2112637461405	0.5499999999999999	0.14206157624721527	0.03514290973544121	0.09989008456468582	0.33558230370567893
90.25296522018026	1200	11.315471031403698	0.0	587236	1742.3633383033214	1.2	0.17645467817783356	0.03937366232275963	0.129206283390522	0.33703418058132395
92.91447821001917	1850	12.653958041564787	0.0	905935	2661.5129898389123	1.2000000000000002	0.1870412528514862	0.028446462005376816	0.15290549844503404	0.34038345988115265
96.10539989294094	1850	13.463036358643015	0.0	1076599	3190.9216829217726	1.85	0.1770997792482376	0.03599178418517113	0.13390963822603225	0.337394366575055
98.37595152766598	1850	15.192484723917982	0.0	758197	2270.5516347250323	1.85	0.1865091621875763	0.030253754928708076	0.1502046562731266	0.3339263412487067
101.26613708464602	1850	16.302299166937946	0.0	972798	2890.185556980038	1.85	0.20918141305446625	0.038906030356884	0.16249417662620544	0.33658669342202335
105.99299367753173	2850	15.57544257405223	0.0	1561263	4726.856592885713	1.85	0.21357417106628418	0.02713797800242901	0.18100859746336936	0.33029624853646333
109.91936220884466	2850	15.649074042739299	0.0	1341201	3926.368531312931	2.85	0.20426376163959503	0.03224637359380722	0.16556811332702637	0.34158815946691545
114.26196341677884	2850	15.306472834805113	0.0	1497683	4342.6012079341845	2.85	0.18880055844783783	0.0293880682438612	0.1535348765552044	0.3448815417965726
118.34898519706631	2850	15.219451054517648	0.0	1358081	4087.021780287465	2.85	0.21290460228919983	0.04468478262424469	0.1592828631401062	0.3322911090296362
121.60629371803273	1850	15.962142533551237	0.0	1035329	3257.3085209664114	0.8500000000000001	0.20830731093883514	0.049134138971567154	0.14934634417295456	0.3178480003769579
127.15295065567942	1850	14.415485595904537	0.0	1026056	5546.656937646701	1.85	0.21485698223114014	0.03975217789411545	0.1671543687582016	0.18498638216397933
130.62805825826587	1850	14.940377993318094	0.0	943942	3475.1076025864418	1.85	0.1805540770292282	0.030702313408255577	0.14371130093932152	0.2716295746633704
133.08044184543627	1850	16.487994406147713	0.0	728962	2452.383587170378	1.85	0.19727729260921478	0.03611619025468826	0.15393786430358886	0.2972463214211504
136.28217966571734	1850	17.28625658586665	0.0	938587	3201.7378202810664	1.85	0.19346030056476593	0.031034480780363083	0.15621892362833023	0.29314923728439624
139.26087756661684	1850	18.307558684967145	0.0	908665	2978.6979008995036	1.85	0.19198833405971527	0.03107052482664585	0.15470370426774024	0.305054433256089
142.13361297390608	1850	19.43482327767791	0.0	930577	2872.735407289232	1.85	0.20593038201332092	0.039749424904584885	0.15823107212781906	0.3239341143771087
144.6815536402291	1850	20.886882611354874	0.0	858450	2547.940666323035	1.85	0.19717109203338623	0.03760911896824837	0.15204014927148818	0.33691914860750655
149.0296356996906	2850	20.53880055189338	0.0	1527299	4348.0820594614925	1.85	0.2061014622449875	0.040146782994270325	0.1579253226518631	0.35125809014495807
152.92735535042806	2850	20.641080901155934	0.0	1343002	3897.7196507374474	2.85	0.20527143776416779	0.03759155049920082	0.1601615771651268	0.34456095367092515
157.62293699290575	2850	19.94549925867825	0.0	1587250	4695.581642477686	2.85	0.2043144255876541	0.028615226969122887	0.16997615322470666	0.33803054037890534
161.99911638217463	2850	19.569319869409355	0.0	1464921	4376.179389268895	2.85	0.20954783260822296	0.03960920497775078	0.16201678663492203	0.3347488458979138
166.49968203882622	2850	19.06875421275777	0.0	1483527	4500.565656651586	2.85	0.21172526478767395	0.03754858672618866	0.16666696071624756	0.329631231533625
170.24756005860388	2850	19.320876192980105	0.0	1231456	3747.878019777665	2.85	0.20110014081001282	0.03874756395816803	0.15460306406021118	0.32857419411773
176.732489366263	4300	16.835946885320975	0.0	2155012	6484.929307659128	2.8499999999999996	0.21022789180278778	0.0390373095870018	0.16338312029838561	0.33231079288016124

