4.696289154847851	750	4.0	4.696289154847851	450283	4696.289154847851	-19.444043365845758	0.07341842353343964	0.028857598081231117	0.038789305835962296	0.09588059532816141
6.310939536514802	300	6.385349618333049	0.0	155580	1614.6503816669513	-0.15000000000000002	0.08660338819026947	0.02714323252439499	0.054031509160995486	0.0963552244910013
7.753311318273474	300	8.942977836574377	0.0	139857	1442.3717817586723	0.3	0.08991549909114838	0.026246126741170883	0.05842014700174332	0.09696321140550425
9.347401930701269	300	11.348887224146583	0.0	155432	1594.0906124277935	0.3	0.09344987571239471	0.0284996647387743	0.059250278025865556	0.09750512222343352
11.015107852785361	300	13.681181302062491	0.0	163442	1667.7059220840933	0.3	0.0806007832288742	0.029873620718717575	0.04475243836641312	0.09800408923160166
14.176198736377858	750	14.520090418469994	0.0	318564	3161.0908835924974	0.3	0.07414311170578003	0.029140552505850792	0.03917444869875908	0.10077660267646601
17.671191981962032	750	15.02509717288582	0.0	352642	3494.993245584173	0.75	0.07543893158435822	0.027865003794431686	0.04200092703104019	0.10089919356655506
22.016355322283935	750	14.679933832563915	0.0	437162	4345.163340321907	0.75	0.07071168720722198	0.02686314657330513	0.03847591131925583	0.10060887606761713
25.802670659271854	750	14.893618495575994	0.0	374758	3786.31533698792	0.75	0.07480000704526901	0.02901672199368477	0.03997994065284729	0.09897696484469952
29.38258335319024	750	15.31370580165761	0.0	362795	3579.912693918384	0.75	0.07358328998088837	0.0294627882540226	0.03822794407606125	0.10134185691632153
32.874585526920086	750	15.821703627927768	0.0	353220	3492.002173729842	0.75	0.08402916043996811	0.029868213459849358	0.04818730428814888	0.10115113978371962
36.899252329466705	750	15.797036825381149	0.0	405134	4024.666802546619	0.75	0.07636477053165436	0.03252037987112999	0.03734031468629837	0.10066274299866274
40.82763242312848	750	15.86865673171938	0.0	386351	3928.380093661769	0.75	0.08921708166599274	0.03206880763173103	0.0507345125079155	0.09834868082733558
45.09689994565429	750	15.599389209193557	0.0	434409	4269.267522525823	0.75	0.07867895066738129	0.028953369706869125	0.04393490701913834	0.10175258348368645
48.41034147219781	750	16.28594768265005	0.0	337059	3313.441526543507	0.75	0.08110366761684418	0.03298843652009964	0.04151754379272461	0.10172474670214292
51.99525516909624	750	16.701033985751614	0.0	366214	3584.9136968984353	0.75	0.08939038217067719	0.03150132670998573	0.05158879011869431	0.10215420257308784
55.51922906662773	750	17.177060088220124	0.0	360831	3523.9738975314904	0.75	0.09190823137760162	0.030561650171875954	0.05523425117135048	0.10239321019169824
59.20080290584309	750	17.495486249004763	0.0	372963	3681.573839215361	0.75	0.08164199441671371	0.029765034094452858	0.045923953503370286	0.10130531568517667
63.207412418061494	750	17.488876736786356	0.0	405596	4006.6095122184065	0.75	0.08221353590488434	0.030857156962156296	0.04518494755029678	0.10123172691601455
66.73535405424236	750	17.960935100605493	0.0	350713	3527.94163618086	0.75	0.0854964479804039	0.029913125559687614	0.049600697308778766	0.09941009125640216
72.60347723026072	750	16.09281192458713	0.0	386472	5868.12317601836	0.75	0.0827578753232956	0.03175785392522812	0.044648450613021855	0.06585955822799021
76.50261052516974	750	16.193678629678097	0.0	399894	3899.133294909035	0.75	0.07435575127601624	0.030077503994107246	0.03826274648308754	0.1025597151351886
80.48386245157866	750	16.212426703269177	0.0	401853	3981.25192640892	0.75	0.07650897651910782	0.03047371841967106	0.03994051441550255	0.10093634048485609
83.90722479238585	750	16.789064362461993	0.0	343800	3423.3623408071862	0.75	0.0818067342042923	0.030214408412575722	0.045549444109201434	0.10042758135819659
87.4811728211684	750	17.21511633367945	0.0	359903	3573.948028782542	0.75	0.07405511289834976	0.03067614883184433	0.03724373430013657	0.10070180011056294
91.19982591579638	750	17.49646323905147	0.0	379700	3718.65309462798	0.75	0.08307258784770966	0.031145421788096428	0.045698081701993944	0.1021068624412748
95.35951834749213	750	17.336770807355727	0.0	425781	4159.692431695742	0.75	0.0816890224814415	0.031231947243213654	0.04421068578958511	0.10235876978683876
98.09355699441481	750	18.602732160433032	0.0	277716	2734.038646922694	0.75	0.07725478708744049	0.029984550550580025	0.041273326426744465	0.10157720349439249
101.9793566195341	750	18.71693253531374	0.0	400396	3885.7996251192885	0.75	0.08220149576663971	0.03241186589002609	0.0433072566986084	0.10304082521694835
105.94919474730467	750	18.74709440754317	0.0	400508	3969.8381277705744	0.75	0.07738018035888672	0.029362753033638	0.04214487671852112	0.10088774078678157
109.61318609049876	750	19.083103064349082	0.0	358218	3663.9913431940863	0.75	0.07859998196363449	0.029000865295529366	0.043798943608999254	0.09776715238844512
119.51061643572311	750	13.185672719124733	0.0	400322	9897.430345224348	0.75	0.07917476445436478	0.029345180839300156	0.04396054744720459	0.040447064140558577
125.24352831215727	750	11.452760842690568	0.0	369834	5732.911876434166	0.75	0.07352061569690704	0.03287649527192116	0.03406882137060165	0.06451067240720162
127.64343116931231	300	13.052857985535546	0.0	163444	2399.9028571550234	-0.15000000000000002	0.07021686434745789	0.02887744829058647	0.03556392639875412	0.06810442327393014
129.6059745582107	300	15.090314596637144	0.0	179328	1962.5433888984	0.3	0.066608726978302	0.030686307698488235	0.02978515774011612	0.09137530462481087
131.346382791827	300	17.349906363020818	0.0	159914	1740.4082336163258	0.3	0.07681947201490402	0.029425645247101784	0.041508697718381886	0.0918830403759473
132.79290684617027	300	19.903382308677582	0.0	131610	1446.5240543432385	0.3	0.07372735440731049	0.030826153233647346	0.03673597052693367	0.09098362353867287
134.08332397658668	300	22.61296517826114	0.0	124011	1290.4171304164418	0.3	0.0776318907737732	0.031055595725774765	0.04036517590284348	0.0961014830607366
137.82088541860523	750	22.875403736242596	0.0	378327	3737.561442018544	0.3	0.07549400627613068	0.02940061129629612	0.04021327272057534	0.10122295134650068
141.64625237100762	750	23.050036783840234	0.0	390680	3825.36695240236	0.75	0.07300201803445816	0.029834365472197533	0.037200779467821125	0.10212876434106537
145.47644498119573	750	23.21984417365211	0.0	345516	3830.192610188126	0.75	0.07897693663835526	0.029014980420470238	0.04415896013379097	0.09020851825596035
149.85117935695578	750	22.84510979789206	0.0	384505	4374.734375760046	0.75	0.07152296602725983	0.026959827169775963	0.039171173423528674	0.08789219343933263
153.61249475395243	750	23.0837944008954	0.0	372093	3761.3153969966625	0.75	0.07465741038322449	0.030339930206537247	0.03824949413537979	0.09892629591687767
157.9054914943377	750	22.790797660510112	0.0	438281	4292.996740385291	0.75	0.07986441254615784	0.03123249113559723	0.042385423183441163	0.10209208776633379
161.85720992019301	750	22.83907923465481	0.0	398987	3951.718425855297	0.75	0.07688076049089432	0.033444423228502274	0.036747452616691594	0.1009654426260506
166.00671653891308	750	22.68957261593474	0.0	393804	4149.50661872007	0.75	0.08094280958175659	0.030939875170588493	0.0438149593770504	0.09490381295535087
169.57160144220296	750	23.124687712644878	0.0	331053	3564.8849032898615	0.75	0.08330224454402924	0.028593121096491814	0.04899049922823906	0.092864989748894
177.73443331073867	1850	18.961855844109145	0.0	846370	8162.831868535734	0.75	0.07768730074167252	0.03025679849088192	0.04137914255261421	0.10368583031366829

