2.744382369737749	750	4.0	2.744382369737749	450283	2744.3823697377493	-11.05084418987232	0.07929611206054688	0.03149309381842613	0.04150439947843552	0.16407443983216838
3.7098094079543604	300	7.03457296178339	0.0	155580	965.4270382166109	-0.15000000000000002	0.1236225888133049	0.03339596092700958	0.0835474357008934	0.16115148410116606
6.381671747062068	750	8.36271062267568	0.0	350812	2671.862339107708	0.3	0.13420362770557404	0.02757681906223297	0.10111144483089447	0.13129868064877803
14.814949696947693	750	4.0	0.07056732720994478	382355	8433.277949885625	0.44656049299723743	0.11342088133096695	0.02996717020869255	0.07746027708053589	0.045338835298934455
16.570873962325766	300	6.2440757346219256	0.0	163442	1755.9242653780743	-0.15000000000000002	0.06385309249162674	0.029695898294448853	0.028218014538288115	0.09308032426148444
17.861685267661855	300	8.95326442928584	0.0	126289	1290.8113053360853	0.3	0.06113816425204277	0.02612621895968914	0.029786701500415805	0.09783691812888054
19.288433667283606	300	11.526516029664089	0.0	153295	1426.748399621751	0.3	0.07034536451101303	0.02944629080593586	0.03500981554389	0.10744361096927842
21.163024824551165	300	13.651924872396531	0.0	173849	1874.5911572675568	0.3	0.07665713131427765	0.02803746983408928	0.04301216751337052	0.09273968850541572
23.59830416201584	300	15.216645534931859	0.0	150710	2435.2793374646735	0.3	0.07931718975305557	0.03066786751151085	0.042515748739242555	0.06188612438887669
25.053776729484362	300	17.761172967463338	0.0	139105	1455.47256746852	0.3	0.06893807649612427	0.029591606929898262	0.03342814818024636	0.09557376972205191
26.305248060439894	300	20.509701636507806	0.0	141840	1251.4713309555327	0.3	0.07642015069723129	0.029373226687312126	0.04117227867245674	0.11333859313557049
32.529121239178544	750	18.285828457769156	0.0	405134	6223.87317873865	0.3	0.08414799720048904	0.030516771599650383	0.04752787128090859	0.06509355000740966
37.154972522232036	750	17.659977174715664	0.0	386351	4625.851283053492	0.75	0.06773640960454941	0.030026623979210854	0.031704460829496385	0.08351997856380985
41.0861434220871	750	17.728806274860606	0.0	434409	3931.1708998550575	0.75	0.06761906296014786	0.029505383223295212	0.032212603092193606	0.11050371786584416
43.55381154008114	750	19.261138156866558	0.0	337059	2467.6681179940506	0.75	0.08295079320669174	0.03005979396402836	0.04687904044985771	0.13659008581510254
46.28482095044759	750	20.530128746500115	0.0	366214	2731.0094103664433	0.75	0.09228429943323135	0.030261192470788956	0.055970868468284606	0.13409474116416972
48.9994846113875	750	21.815465085560202	0.0	360831	2714.663660939912	0.75	0.09010922163724899	0.032137539237737656	0.051544174551963806	0.13291922870292802
55.136241304704235	750	19.67870839224347	0.0	372963	6136.7566933167345	0.75	0.09079479426145554	0.0306649561971426	0.05399684682488442	0.060775262673551524
67.70871215407836	750	11.106237542869351	0.0	405596	12572.470849374116	0.75	0.0759541392326355	0.03290961682796478	0.03646259903907776	0.03226064350112941
69.55157602368791	300	13.26337367325979	0.0	140881	1842.8638696095625	-0.15000000000000002	0.06540432572364807	0.028477659448981285	0.031231134384870532	0.07644677521940223
71.17093198496366	300	15.644017711984045	0.0	157671	1619.355961275745	0.3	0.07575394958257675	0.030535733327269554	0.03911106958985329	0.09736648628865095
72.35300529422537	300	18.461944402722327	0.0	157812	1182.0733092617181	0.3	0.07580316066741943	0.02921537682414055	0.04074470847845078	0.13350441022863793
74.74940575505889	750	20.065543941888805	0.0	401853	2396.400460833523	0.3	0.08433496206998825	0.031385790556669235	0.04667201340198517	0.16769025318090044
78.97933731648394	1200	19.83561238046377	0.0	536667	4229.931561425035	0.75	0.09917008131742477	0.029376883059740067	0.0639178216457367	0.12687368393714638
89.34906994585636	1200	13.465879751091334	0.0	587236	10369.732629372435	1.2	0.08616097271442413	0.029111050069332123	0.05122771263122559	0.056629811103966615
93.75827403118663	750	13.05667566576106	0.0	379700	4409.204085330274	0.3	0.07314649224281311	0.03125397861003876	0.035641717910766604	0.08611531529313603
98.10139187454764	750	12.713557822400064	0.0	425781	4343.1178433609975	0.75	0.07452508807182312	0.02955951727926731	0.03905366733670235	0.09803579257027527
102.15661101147396	750	12.65833868547375	0.0	277716	4055.219136926315	0.75	0.0817650556564331	0.030597971752285957	0.04504748955368996	0.06848359869659153
107.73397321801687	750	11.080976478930843	0.0	400396	5577.362206542906	0.75	0.07419127225875854	0.03001781553030014	0.03816989362239838	0.07178949208826496
109.42365166444227	300	13.39129803250542	0.0	149029	1689.678446425423	-0.15000000000000002	0.07399960607290268	0.031344033777713776	0.03638676553964615	0.08819962183649578
110.8903219150426	300	15.924627781905102	0.0	157421	1466.6702506003187	0.3	0.07704474031925201	0.03296994790434837	0.03748080283403397	0.10733223772389633
112.20026656027295	300	18.61468313667475	0.0	157488	1309.9446452303498	0.3	0.0781133696436882	0.02984878420829773	0.042294828593730925	0.12022492749860145
114.91570086213302	750	19.899248834814685	0.0	369834	2715.434301860067	0.3	0.08652633428573608	0.03417622670531273	0.04551486223936081	0.13619699793387172
117.97405056607182	750	20.840899130875883	0.0	412837	3058.3497039388035	0.75	0.0859883576631546	0.03182316571474075	0.0478005588054657	0.134986852376075
121.62328913762069	750	21.191660559327023	0.0	401088	3649.2385715488595	0.75	0.09176170825958252	0.029429977759718895	0.056445734947919844	0.1099100516823061
127.98044592133496	750	18.83450377561275	0.0	365161	6357.156783714272	0.75	0.08380081504583359	0.030632464215159416	0.04704185798764229	0.05744093034412292
139.42596004157406	750	11.388989655373653	0.0	321064	11445.514120239097	0.75	0.0708828940987587	0.02761056087911129	0.03775022104382515	0.02805151403660083
140.75349867375428	300	14.061451023193422	0.0	124011	1327.538632180231	-0.15000000000000002	0.061451442539691925	0.029427504166960716	0.026138437539339067	0.09341423066260256
142.24253216322927	300	16.572417533718436	0.0	144254	1489.0334894749885	0.3	0.07696592062711716	0.03133118525147438	0.0393684983253479	0.09687760619196138
143.4000822541482	300	19.41486744279951	0.0	149991	1157.550090918928	0.3	0.07809372991323471	0.028661953285336494	0.043699385970830916	0.12957625002726988
145.46529763783658	750	21.34965205911115	0.0	345516	2065.215383688356	0.3	0.08371584117412567	0.030562786385416985	0.04704049751162529	0.16730264684690094
147.96363584956927	750	22.851313847378446	0.0	384505	2498.338211732704	0.75	0.09816514700651169	0.0316118486225605	0.06023092865943909	0.1539043025457027
154.8886148281159	750	19.92633486883185	0.0	372093	6924.978978546595	0.75	0.09651864320039749	0.030388006940484047	0.06005303487181664	0.053732004263512496
160.56893144384227	750	18.24601825310546	0.0	438281	5680.3166157263895	0.75	0.07718908786773682	0.030702421441674232	0.04034618213772774	0.07715784693877549
165.27502878258753	750	17.539920914360202	0.0	398987	4706.097338745258	0.75	0.075726717710495	0.030705399811267853	0.03888023793697357	0.08478086433001365
169.17705065061264	750	17.637899046335082	0.0	393804	3902.0218680251196	0.75	0.07080637663602829	0.030299659818410873	0.03444678485393524	0.10092306330392531
174.4891651576558	750	16.325784539291927	0.0	331053	5312.114507043154	0.75	0.08452153950929642	0.032108135521411896	0.04599177688360214	0.06232038100102473
178.39127466969373	750	16.42367502725401	0.0	314107	3902.109512037921	0.75	0.06875163316726685	0.03197949379682541	0.030376240611076355	0.08049671569467409

