1.7670692481336818	750	4.0	1.7670692481336818	450283	1767.0692481336819	-6.8483977669748315	0.21336345374584198	0.03583712503314018	0.17035890370607376	0.25481910257652524
3.3414913685709204	750	6.425577879562761	0.0	398865	1574.4221204372384	0.75	0.16659145057201385	0.0252560842782259	0.13628414943814277	0.2533405716436643
5.525082243548175	1200	8.241987004585505	0.0	571051	2183.5908749772548	0.75	0.1898537129163742	0.03278297558426857	0.15051414221525192	0.2615192280495074
7.660130416563469	1200	10.106938831570213	0.0	617681	2135.048173015293	1.2	0.17495572566986084	0.03185059875249863	0.1367350071668625	0.2893054160589077
9.912267038718248	1200	11.854802209415434	0.0	652874	2252.1366221547796	1.2	0.1727227419614792	0.03378714621067047	0.13217816650867462	0.2898909389321812
11.928082836987814	1200	13.838986411145866	0.0	520315	2015.8157982695664	1.2	0.1649176925420761	0.03675029054284096	0.12081734389066696	0.25811634200240574
14.184909644547313	1200	15.582159603586367	0.0	561791	2256.826807559499	1.2	0.13349144160747528	0.03157798573374748	0.0955978587269783	0.24892960244809967
16.813809268881105	1200	16.953259979252575	0.0	709534	2628.8996243337924	1.2	0.14854495227336884	0.030693108215928078	0.11171322241425514	0.2698977144020126
19.716460899860824	1850	18.050608348272856	0.0	852833	2902.6516309797203	1.2000000000000002	0.15918539464473724	0.03272019699215889	0.11992115825414658	0.2938116964839307
22.783231283547515	1850	18.983837964586165	0.0	913888	3066.770383686693	1.85	0.18029873073101044	0.03586188331246376	0.1372644707560539	0.29799687803864106
25.9538337661474	1850	19.813235481986283	0.0	939819	3170.6024825998843	1.85	0.19244395196437836	0.03247280418872833	0.15347658693790436	0.29641653444658606
31.58413417148531	1850	18.18293507664837	0.0	917428	5630.30040533791	1.85	0.17837293446063995	0.02761191315948963	0.1452386386692524	0.1629447691867765
34.76141150778709	1850	19.00565774034659	0.0	946851	3177.2773363017795	1.85	0.15995755791664124	0.038061849772930145	0.11428333818912506	0.29800703551490904
38.23264582067982	1850	19.534423427453852	0.0	1036454	3471.234312892733	1.85	0.1830027550458908	0.03564688563346863	0.14022649228572845	0.29858370440463783
41.00139786269293	1850	20.765671385440744	0.0	821631	2768.752042013111	1.85	0.1644538938999176	0.031193874776363373	0.12702124416828156	0.2967513838482288
44.08948777593441	1850	21.67758147219926	0.0	923170	3088.08991324148	1.85	0.1869024783372879	0.03533472120761871	0.14450081288814545	0.29894531115869444
48.24606854130497	1850	21.5210007068287	0.0	966699	4156.580765370561	1.85	0.18406148254871368	0.03216022253036499	0.1454692155122757	0.23257072448917482
52.805341966654794	1850	20.961727281478886	0.0	885714	4559.273425349817	1.85	0.1696118414402008	0.03131277114152908	0.1320365160703659	0.19426648006574473
56.257376396155024	1850	21.509692851978652	0.0	987708	3452.034429500232	1.85	0.17123354971408844	0.03139367327094078	0.1335611417889595	0.28612344985881133
58.968922486929515	1850	22.79814676120416	0.0	923755	2711.5460907744928	1.85	0.18032103776931763	0.03364872559905052	0.139942567050457	0.34067464430824035
63.23555775897009	2850	22.53151148916358	0.0	1415116	4266.635272040577	1.85	0.1826212853193283	0.03163234516978264	0.14466247111558914	0.3316702529680259
68.13989103090755	2850	21.627178217226138	0.0	1468126	4904.333271937446	2.85	0.1870027780532837	0.04266083613038063	0.13580977469682692	0.2993528209839663
73.21705279708759	2850	20.55001645104609	0.0	1505760	5077.161766180048	2.85	0.1934773474931717	0.036980755627155304	0.14910044074058532	0.29657514756180453
77.7234315419273	2850	20.043637706206372	0.0	1323990	4506.378744839717	2.85	0.19102858006954193	0.030060995370149612	0.1549553856253624	0.2938035338277124
82.38080847594642	2850	19.38626077218725	0.0	1383735	4657.376934019124	2.85	0.1774018555879593	0.0278104767203331	0.14402928352355956	0.29710607915213205
87.5198650365777	2850	18.24720421155598	0.0	1480464	5139.0565606312675	2.85	0.18520382046699524	0.031364426016807556	0.14756650924682618	0.28808089238429085
94.88900924723086	2850	14.878060000902824	0.0	1547572	7369.144210653158	2.85	0.19510512053966522	0.030246639624238014	0.1588091529905796	0.21000701787905876
97.45134108655174	1850	16.31572816158195	0.0	758197	2562.3318393208733	0.8500000000000001	0.1751745641231537	0.04005694016814232	0.1271062359213829	0.29590117422142886
100.74809176818651	1850	17.01897747994718	0.0	972798	3296.7506816347727	1.85	0.2023051232099533	0.03712569549679756	0.15775428861379623	0.29507781871985994
105.5967085620694	1850	16.170360686064296	0.0	975811	4848.616793882883	1.85	0.1981911063194275	0.029855290427803993	0.1623647578060627	0.2012555418343441
109.43362131801614	1850	16.33344793011754	0.0	873429	3836.9127559467524	1.85	0.17113547027111053	0.035122115164995193	0.1289889320731163	0.2276384832170839
112.66652560389117	1850	17.100543644242514	0.0	954453	3232.9042858750313	1.85	0.17450682818889618	0.034414686262607574	0.1332092046737671	0.29523082516551025
115.63148036379827	1850	18.135588884335426	0.0	885062	2964.9547599070884	1.85	0.1779228299856186	0.03510275110602379	0.13579952865839004	0.298507758690974
119.18558222998	1850	18.581487018153684	0.0	1035329	3554.1018661817416	1.85	0.18334242701530457	0.031062154099345207	0.1460678420960903	0.29130538149495394
122.85079220882874	1850	18.916277039304966	0.0	1026056	3665.2099788487194	1.85	0.17317356169223785	0.03185093775391579	0.1349524363875389	0.2799446705430762
126.07647335479348	1850	19.690595893340223	0.0	943942	3225.6811459647415	1.85	0.18738806247711182	0.03803042694926262	0.14175155013799667	0.29263338727104243
129.9489288125222	2850	19.818140435611465	0.0	1139291	3872.4554577287545	1.85	0.187467560172081	0.028363894671201706	0.15343088656663895	0.2942037713374266
135.0470794146967	2850	18.71998983343701	0.0	1499009	5098.150602174459	2.85	0.18367783725261688	0.031332194805145264	0.14607920348644257	0.29402995654162195
139.90525067037322	2850	17.861818577760502	0.0	1427478	4858.171255676507	2.85	0.18002304434776306	0.03267425671219826	0.14081393629312516	0.29383031698029793
144.61558748271352	2850	17.151481765420193	0.0	1402287	4710.336812340308	2.85	0.19589391350746155	0.03231576085090637	0.1571150004863739	0.29770418886527156
150.01091367141595	2850	15.756155576717767	0.0	1339500	5395.326188702428	2.85	0.1962260752916336	0.032353244721889496	0.1574021816253662	0.24827043873730065
155.1015657004825	1850	14.665503547651202	0.0	1025005	5090.652029066564	0.8500000000000001	0.18968389928340912	0.045808542519807816	0.13471364825963975	0.2013504349044945
158.09185794635835	1850	15.675211301775338	0.0	886255	2990.2922458758644	1.85	0.16726183891296387	0.03169719874858856	0.1292252004146576	0.2963773862646036
161.56146918414072	1850	16.205600063992964	0.0	973972	3469.6112377823747	1.85	0.19518159329891205	0.03575696423649788	0.1522732362151146	0.2807150234567838
164.91817488419724	1850	16.84889436393645	0.0	958994	3356.7057000565146	1.85	0.17728404700756073	0.033270757645368576	0.13735913783311843	0.28569498957976985
168.23384586492057	1850	17.533223383213134	0.0	982064	3315.670980723313	1.85	0.17626357078552246	0.029614491388201714	0.1407261811196804	0.2961886163342308
172.34197624190597	2850	17.425093006227723	0.0	1231456	4108.130376985413	1.85	0.2005128413438797	0.03315444663167	0.1607275053858757	0.2997606908726336
179.6766779953425	4300	14.090391252791182	0.0	2155012	7334.7017534365405	2.8499999999999996	0.18443088233470917	0.031052837148308754	0.14716747775673866	0.29381044689244634

