3.9206354160728747	750	4.0	3.9206354160728747	450283	3920.6354160728747	-16.10873228911336	0.07309505343437195	0.031047144904732704	0.0358384795486927	0.1148494956082982
5.138630687350158	300	6.782004728722717	0.0	155580	1217.9952712772829	-0.15000000000000002	0.09066817909479141	0.02702155150473118	0.058242317289114	0.1277344860599064
6.535598534685582	300	9.385036881387292	0.0	139857	1396.967847335424	0.3	0.10735829174518585	0.028123609721660614	0.07360996007919313	0.10011468786970522
8.356679067979265	300	11.563956348093608	0.0	155432	1821.0805332936827	0.3	0.08922361582517624	0.02978833019733429	0.053477619588375096	0.08535152463514568
10.158828997522281	300	13.761806418550592	0.0	163442	1802.149929543017	0.3	0.08038000762462616	0.027545839548110962	0.047325000166893005	0.0906927871652971
12.000876525104944	300	15.919758890967929	0.0	126289	1842.0475275826634	0.3	0.06987731903791428	0.027720240876078606	0.03661302998661995	0.0685590345031598
15.391390333210254	300	16.52924508286262	0.0	153295	3390.5138081053087	0.3	0.06288903951644897	0.023609746247529984	0.034557344019412996	0.04521291128015329
16.59268707109124	300	19.327948344981632	0.0	173849	1201.2967378809872	0.3	0.0540957935154438	0.02468080073595047	0.02447883263230324	0.1447177824745107
17.70602625539619	300	22.214609160676687	0.0	150710	1113.3391843049478	0.3	0.07003410905599594	0.03224840387701988	0.03133602440357208	0.13536755206733114
20.1398861056245	750	23.78074931044837	0.0	362795	2433.859850228315	0.3	0.08272639662027359	0.031405258923769	0.04504008591175079	0.14906158214737264
22.241011770440505	750	25.67962364563237	0.0	353220	2101.1256648160033	0.75	0.09408464282751083	0.03229465335607529	0.05533105880022049	0.16810988791140755
25.925695386932432	1200	25.99494002914044	0.0	594078	3684.6836164919264	0.75	0.0994991883635521	0.03260445594787598	0.06037384122610092	0.16122903940545194
29.232117631882154	1200	26.688517784190722	0.0	624282	3306.4222449497215	1.2	0.09976618736982346	0.031446702778339386	0.06203014403581619	0.18880891602805347
32.67639486739499	1200	27.24424054867788	0.0	687371	3444.27723551284	1.2	0.11128775030374527	0.034453585743904114	0.06994344741106034	0.19956901056417226
35.629081308979984	1200	28.291554107092892	0.0	526950	2952.6864415849896	1.2	0.1127375140786171	0.03332674503326416	0.0727454200387001	0.17846459840047746
39.82530651002431	1200	28.095328906048564	0.0	587876	4196.225201044326	1.2	0.10997207462787628	0.03382285311818123	0.0693846508860588	0.14009638945347683
52.47482346404901	1850	19.445811952023863	0.0	966699	12649.516954024704	1.2000000000000002	0.11942746490240097	0.03277710825204849	0.08009493499994277	0.0764218114820918
58.25097005006259	750	17.66966536601028	0.0	372963	5776.146586013583	-0.3500000000000001	0.0926792249083519	0.037582240998744965	0.04758053570985794	0.06456951783444974
64.13261454910513	750	15.788020866967745	0.0	405596	5881.6444990425325	0.75	0.09011351317167282	0.03494834527373314	0.048175498843193054	0.06895962516368111
67.20219484282853	750	16.718440573244322	0.0	350713	3069.580293723422	0.75	0.09532886743545532	0.031877290457487106	0.057076118886470795	0.11425438217632766
71.77288657406702	750	16.147748842005843	0.0	386472	4570.6917312384785	0.75	0.09611767530441284	0.03502847999334335	0.05408349931240082	0.08455437879536917
75.7747406091804	750	16.145894806892457	0.0	399894	4001.8540351133875	0.75	0.07917270064353943	0.03138874098658562	0.04150621145963669	0.09992718287354263
79.19370808990351	750	16.726927326169356	0.0	401853	3418.967480723101	0.75	0.08417109400033951	0.03027391992509365	0.04784239009022713	0.11753636215194693
82.9407100132912	750	16.979925402781657	0.0	343800	3747.0019233876997	0.75	0.09560053795576096	0.030431455001235008	0.05908279195427895	0.0917533556238923
88.65962273567756	750	15.261012680395302	0.0	359903	5718.912722386355	0.75	0.0860162004828453	0.029759084805846214	0.05030529871582985	0.06293206724263868
91.29589783046663	750	16.624737585606244	0.0	379700	2636.275094789059	0.75	0.07008647173643112	0.03151252493262291	0.032271441817283635	0.1440289751060223
94.06025543431133	750	17.860379981761536	0.0	425781	2764.3576038447086	0.75	0.0822620540857315	0.0311614740639925	0.044868285208940505	0.15402529665764575
95.62073552740804	750	20.299899888664825	0.0	277716	1560.4800930967117	0.75	0.08854635804891586	0.031849026679992676	0.050327526032924653	0.1779683068233722
98.19613718037019	750	21.724498235702686	0.0	400396	2575.4016529621395	0.75	0.09661870449781418	0.03326030075550079	0.05670634359121323	0.15546934185565894
100.55562612054767	750	23.365009295525205	0.0	400508	2359.4889401774803	0.75	0.10106911510229111	0.03309456259012222	0.061355639994144444	0.16974353775520298
103.28797993833165	1200	24.632655477741245	0.0	570392	2732.353817783958	0.75	0.1052480936050415	0.03158312663435936	0.06734834164381027	0.20875480923719072
106.62401249229552	1200	25.29662292377738	0.0	620283	3336.0325539638657	1.2	0.11695070564746857	0.03154199197888374	0.07910031527280809	0.18593433666076828
110.22892562450548	1200	25.691709791567412	0.0	584349	3604.913132209967	1.2	0.11464976519346237	0.03498927131295204	0.07266263961791992	0.1620979420499292
115.9443683440402	1200	23.976267072032705	0.0	670129	5715.44271953471	1.2	0.11338456720113754	0.033691614866256714	0.0729546293616295	0.11724883493444489
125.93497010465262	1200	17.985665311420277	0.0	690253	9990.601760612428	1.2	0.10626567900180817	0.0321073904633522	0.06773681044578553	0.06909023265458307
135.70234102992816	1200	12.218294386144754	0.0	598727	9767.370925275525	1.2	0.09667616337537766	0.03424806520342827	0.05557848513126373	0.06129868565251715
138.7518108438165	750	13.168824572256419	0.0	321064	3049.4698138883346	0.3	0.08595240116119385	0.033039312809705734	0.04630522578954697	0.10528518712917376
142.31559080822956	750	13.605044607843364	0.0	361565	3563.779964413054	0.75	0.09541841596364975	0.035207923501729965	0.05316890776157379	0.10145547806275657
146.87984006744185	750	13.040795348631068	0.0	378327	4564.249259212295	0.75	0.08843692392110825	0.03043535351753235	0.05191449970006943	0.08288920663927374
150.25323734916168	750	13.667398066911222	0.0	390680	3373.397281719847	0.75	0.08678507059812546	0.03228573128581047	0.04804219305515289	0.11581203379663038
153.30781260444266	750	14.612822811630245	0.0	345516	3054.575255280978	0.75	0.0863780826330185	0.03231792896986008	0.0475965678691864	0.11311425357834812
158.39985468728761	750	13.52078072878526	0.0	384505	5092.042082844985	0.75	0.08616302162408829	0.03172478824853897	0.048093275725841524	0.07551096274231348
162.80012578391447	750	13.120509632158413	0.0	372093	4400.271096626846	0.75	0.08144290745258331	0.030029240995645523	0.04540781825780869	0.08456138083974839
165.74341941452857	750	14.177216001544286	0.0	438281	2943.293630614128	0.75	0.07726480811834335	0.032021038234233856	0.038839562237262724	0.14890835064544722
168.08055961764555	750	15.84007579842733	0.0	398987	2337.140203116957	0.75	0.08460502326488495	0.029644319787621498	0.049031839519739155	0.17071590290898506
170.6161048827982	750	17.30453053327468	0.0	393804	2535.5452651526516	0.75	0.09188569337129593	0.032499685883522034	0.05288607031106949	0.15531333848078283
172.62187877925274	750	19.29875663682015	0.0	331053	2005.7738964545301	0.75	0.0966380387544632	0.0336967408657074	0.05620194971561432	0.16505000916862056
176.67206216237582	1850	19.24857325369706	0.0	846370	4050.1833831230924	0.75	0.10512053966522217	0.03397011011838913	0.06435640752315522	0.20897078476169267

