7.513450404395514	750	4.0	7.513450404395514	450283	7513.450404395514	-31.55783673890071	0.11281318962574005	0.03257931396365166	0.07371801286935806	0.059930255177644574
12.786321117401695	300	4.0	1.2728707130061794	155580	5272.870713006179	-5.623344065926571	0.05991746112704277	0.02244732901453972	0.032980666309595105	0.02950574904411044
16.50261068753621	300	4.283710429865479	0.0	139857	3716.28957013452	0.3	0.03683454915881157	0.017422784119844437	0.015927208214998247	0.03763350442977928
20.407487321546732	300	4.378833795854961	0.0	155432	3904.8766340105185	0.3	0.043289367109537125	0.01685512438416481	0.023063217848539354	0.039804586563945546
25.27590417244161	300	4.0	0.4895830550399178	163442	4868.416850894879	-1.8052071366716465	0.04248162731528282	0.016738347709178925	0.02239561006426811	0.03357189924481451
28.70449818142973	300	4.571405991011876	0.0	126289	3428.5940089881237	0.3	0.03534967824816704	0.01641145534813404	0.01565593183040619	0.03683404907928177
31.022907763000944	300	6.252996409440661	0.0	153295	2318.4095815712144	0.3	0.04092944785952568	0.016943195834755898	0.020597612857818606	0.06612075847966005
34.36634177240926	300	6.9095624000323514	0.0	173849	3343.4340094083095	0.3	0.051811207085847855	0.02124674618244171	0.0263151116669178	0.05199713812529119
35.96124381351988	300	9.314660358921737	0.0	150710	1594.9020411106146	0.3	0.05002439022064209	0.019952574744820595	0.026081300526857375	0.09449483172963566
39.631178507148775	300	9.644725665292837	0.0	139105	3669.9346936288994	0.3	0.05990307405591011	0.02339821867644787	0.031825211644172666	0.03790394424224765
43.351349513087285	300	9.924554659354332	0.0	141840	3720.1710059385055	0.3	0.051279451698064804	0.021292081102728844	0.025728954374790194	0.0381272795722511
45.80353118181668	300	11.472372990624933	0.0	156148	2452.1816687293976	0.3	0.05154288932681084	0.019451988860964775	0.028200502693653106	0.0636771744896488
54.340766700314255	300	6.935137472127355	0.0	160746	8537.235518497579	0.3	0.05754479393362999	0.025290021672844887	0.027196767926216128	0.018828811698085705
58.125793998929794	300	7.1501101735118135	0.0	179801	3785.027298615542	0.3	0.04238995537161827	0.017545467242598534	0.021335394680500032	0.04750322410244339
64.39222673995934	300	4.88367743248226	0.0	140051	6266.432741029554	0.3	0.050047945231199265	0.023515624925494194	0.02182919532060623	0.02234939810061539
70.91247772203896	300	4.0	1.636573549597343	138313	6520.250982079603	-6.737266263268575	0.04115544632077217	0.019509267061948776	0.01774432584643364	0.02121283373602372
77.0634239367754	300	4.0	2.15094621473644	143509	6150.94621473644	-8.949068723366691	0.03066994808614254	0.01801273599267006	0.009054664894938471	0.023331207100491476
79.40037957229627	300	5.663044364479122	0.0	150616	2336.955635520878	0.3	0.03499362990260124	0.017843060195446014	0.013581957668066025	0.06444966164983684
82.40736462019377	300	6.656059316581606	0.0	165384	3006.9850478975154	0.3	0.05363491177558899	0.021027641370892525	0.02840174213051796	0.05499994092609024
84.9896201577854	300	8.07380377899	0.0	140881	2582.2555375916077	0.3	0.0489901639521122	0.019925149157643318	0.025079984962940217	0.05455734258252205
90.90696007936101	300	6.15646385741438	0.0	157671	5917.339921575619	0.3	0.052263207733631134	0.02025403454899788	0.02795836627483368	0.026645587728550958
94.59338575331988	300	6.470038183455521	0.0	157812	3686.425673958859	0.3	0.03700004145503044	0.018212629482150078	0.01514488607645035	0.042808946648455116
99.38146616751287	300	5.681957769262524	0.0	163927	4788.0804141929975	0.3	0.03806181624531746	0.019876649603247643	0.014209836721420288	0.0342364759610306
103.04625078434916	300	6.017173152426236	0.0	137654	3664.7846168362876	0.3	0.040400318801403046	0.019448403269052505	0.01706223487854004	0.03756127969092849
106.31843394901661	300	6.7449899877587995	0.0	146754	3272.1831646674364	0.3	0.03967819735407829	0.018689939752221107	0.017250269651412964	0.04484895637402839
109.41742245568715	300	7.646001481088258	0.0	153938	3098.9885066705415	0.3	0.04673999175429344	0.02017415128648281	0.02253101021051407	0.049673627271817886
111.93022686646832	300	9.133197070307078	0.0	181901	2512.8044107811797	0.3	0.049314018338918686	0.021672790870070457	0.02330666929483414	0.07238963733888491
113.28728770251597	300	11.776136234259429	0.0	111155	1357.060836047649	0.3	0.053940534591674805	0.02311640977859497	0.02620084285736084	0.0819086344896163
117.59769867737894	300	11.465725259396455	0.0	153605	4310.410974862975	0.3	0.06294182687997818	0.0241550225764513	0.033955799788236624	0.03563581312681745
120.79362480467002	300	12.269799132105371	0.0	149029	3195.9261272910844	0.3	0.047111041843891144	0.02026892639696598	0.022788330167531966	0.046630927644851175
124.4780791587364	300	12.585344778038987	0.0	157421	3684.454354066384	0.3	0.05248437076807022	0.021806614473462105	0.026316433399915694	0.042725729476404226
131.95144193435982	300	9.111982002415585	0.0	157488	7473.362775623403	0.3	0.046966131776571274	0.022213362157344818	0.020310097187757493	0.021073244365132922
135.17083903874672	300	9.892584898028689	0.0	143881	3219.3971043868964	0.3	0.03889397531747818	0.019031982868909836	0.016055595874786378	0.04469190824702589
143.0668896913593	300	5.9965342454161	0.0	163444	7896.050652612588	0.3	0.047257401049137115	0.021394897252321243	0.021583524346351624	0.02069946194505741
150.64001101531744	300	4.0	1.5765870785420228	179328	7573.121323958123	-6.479324437730698	0.03651796281337738	0.018895220011472702	0.01384369879961014	0.023679536129004402
155.29193607861308	300	4.0	0.6519250632956483	159914	4651.925063295648	-2.5032777721712876	0.03367001935839653	0.017315462231636047	0.012891464680433274	0.03437587618548378
157.5072679545732	300	5.784668124039885	0.0	131610	2215.331875960115	0.3	0.03777555003762245	0.019239678978919983	0.014687935262918474	0.059408705949739835
159.6236495051455	300	7.668286573467557	0.0	124011	2116.381550572328	0.3	0.050280649214982986	0.022354641929268837	0.02345507889986038	0.058595766895843525
162.3195059764081	300	8.97243010220496	0.0	144254	2695.856471262596	0.3	0.048164915293455124	0.01945124752819538	0.02482341825962067	0.053509525279897066
168.3479443131573	300	6.943991765455736	0.0	149991	6028.438336749225	0.3	0.05367877706885338	0.022294389083981514	0.026925510168075564	0.024880572981174617
171.82280470915805	300	7.469131369454994	0.0	147968	3474.8603960007426	0.3	0.03540109470486641	0.015881476923823357	0.016343322396278382	0.04258243012303404
176.62023971760493	300	6.671696361008092	0.0	161857	4797.4350084469015	0.3	0.04190298542380333	0.019547617062926292	0.018445844948291778	0.033738237144435815
180.57678197212073	300	6.715154106492302	0.0	145210	3956.54225451579	0.3	0.04032978415489197	0.01886194944381714	0.0176954448223114	0.03670123826790044
183.70761101446647	300	7.5843250641465625	0.0	172312	3130.8290423457393	0.3	0.04421806335449219	0.019835690036416054	0.020415235310792923	0.05503717950402592
187.22200846327576	300	8.069927615337274	0.0	167025	3514.397448809288	0.3	0.05211670324206352	0.021031629294157028	0.02687874808907509	0.04752592796713692
189.11468891643662	300	10.17724716217642	0.0	160064	1892.6804531608557	0.3	0.046574272215366364	0.021094413474202156	0.021260976046323776	0.08457000743717008
191.8025437119327	300	11.489392366680331	0.0	137507	2687.8547954960877	0.3	0.06162135675549507	0.024026909843087196	0.03278906494379044	0.051158641542100425
195.6483579844012	300	11.643578094211867	0.0	118421	3845.814272468464	0.3	0.05318775400519371	0.022603973746299744	0.02606298550963402	0.03079217861552909

