1.656760550433818	750	4.0	1.656760550433818	450283	1656.760550433818	-6.374070366865418	0.07634624093770981	0.030559610575437546	0.039674708247184755	0.2717852014777239
3.133470168493538	750	6.52329038194028	0.0	398865	1476.7096180597198	0.75	0.1800706535577774	0.026993518695235252	0.1476784311234951	0.27010388171242306
5.213125250043991	1200	8.443635300389827	0.0	571051	2079.6550815504525	0.75	0.18650470674037933	0.03123081475496292	0.14902772903442382	0.27458928409140926
7.390360128666474	1200	10.266400421767345	0.0	617681	2177.2348786224834	1.2	0.1879500448703766	0.0315898172557354	0.15004226416349412	0.28369975424553234
9.686213324667326	1200	11.970547225766492	0.0	652874	2295.853196000852	1.2	0.18050801753997803	0.03261362761259079	0.1413716644048691	0.2843709698587181
11.491285546961084	1200	14.165475003472734	0.0	520315	1805.072222293758	1.2	0.14428409934043884	0.045875631272792816	0.08923334181308747	0.2882516242695378
13.403928148689793	1200	16.252832401744026	0.0	561791	1912.6426017287076	1.2	0.14937536418437958	0.03643135353922844	0.10565773993730546	0.29372502708673087
15.779937228484593	1200	17.876823321949225	0.0	709534	2376.009079794801	1.2	0.13991758227348328	0.03356273099780083	0.09964230507612229	0.2986242796939469
18.315720513995647	1850	19.341040036438176	0.0	852833	2535.7832855110505	1.2000000000000002	0.15516114234924316	0.034637823700904846	0.11359575390815735	0.33631935539322866
21.015255663307826	1850	20.641504887125993	0.0	913888	2699.5351493121816	1.85	0.17010653018951416	0.03432636335492134	0.12891489416360855	0.3385353216211505
24.78882590212161	2850	20.867934648312215	0.0	1354548	3773.5702388137806	1.85	0.2013537883758545	0.03470991924405098	0.1597018852829933	0.35895661516182653
28.981853307849573	2850	20.67490724258425	0.0	1519951	4193.027405727964	2.85	0.2003711462020874	0.033860333263874054	0.15973874628543855	0.36249488804285956
32.9918456276153	2850	20.664914922818514	0.0	1422919	4009.9923197657326	2.85	0.2087876796722412	0.031145088374614716	0.17141357362270354	0.35484332301243116
37.36247159214224	2850	20.294288958291578	0.0	1578343	4370.625964526938	2.85	0.2190290242433548	0.027471603825688362	0.18606309965252876	0.3611251598307005
40.49673019758707	2850	21.160030352846746	0.0	1231445	3134.2586054448343	2.85	0.23699453473091125	0.04925807565450668	0.17788484394550325	0.3928983389758374
44.327025374943354	2850	21.329735175490462	0.0	1471065	3830.295177356282	2.85	0.21532590687274933	0.027404606342315674	0.18244037926197051	0.38406047886245354
48.515029016378534	2850	21.14173153405529	0.0	1491626	4188.003641435175	2.85	0.23787441849708557	0.03571191430091858	0.1950201213359833	0.35616635698264076
52.599740927599925	2850	21.057019622833902	0.0	1358801	4084.7119112213877	2.85	0.22463053464889526	0.042029011994600296	0.17419572025537491	0.33265528378320786
57.4685934614699	2850	20.188167088963926	0.0	1537156	4868.852533869976	2.85	0.2139001488685608	0.030786627903580666	0.176956195384264	0.3157121702304263
63.09690731548806	2850	18.559853234945763	0.0	1336050	5628.313854018162	2.85	0.22453132271766663	0.05204407498240471	0.16207843273878098	0.23738015232504636
73.56439026520323	2850	12.092370285230599	0.0	1415116	10467.482949715164	2.85	0.2041536271572113	0.04027532786130905	0.15582323372364043	0.1351916221691584
83.75405062151393	1850	5.902709928919894	0.0	955231	10189.660356310706	0.8500000000000001	0.1711297333240509	0.03974122554063797	0.12344026267528535	0.09374512658887615
88.13712487138785	750	5.519635679045971	0.0	401853	4383.074249873924	-0.3500000000000001	0.1443171203136444	0.04355313256382942	0.0920533612370491	0.09168290954951518
91.79199410219309	750	5.864766448240745	0.0	343800	3654.8692308052246	0.75	0.12391340732574463	0.03448740020394325	0.08252852708101273	0.09406629301597626
95.8117183259215	750	5.845042224512323	0.0	359903	4019.7242237284227	0.75	0.12522044777870178	0.03938340023159981	0.07796036750078202	0.08953425159753334
99.87658728539071	750	5.780173265043129	0.0	379700	4064.8689594691937	0.75	0.11851422488689423	0.03764777258038521	0.07333689779043198	0.09341014526814725
101.83136440560871	300	7.825396144825125	0.0	181901	1954.7771202180047	-0.15000000000000002	0.09441447257995605	0.03269403055310249	0.05518163591623306	0.09305459845965133
103.09685146621538	300	10.559909084218438	0.0	111155	1265.487060606687	0.3	0.09451378881931305	0.03494762256741524	0.05257664173841477	0.08783574598282434
104.83723155765222	300	12.819528992781601	0.0	153605	1740.380091436836	0.3	0.07908092439174652	0.0327482633292675	0.03978300839662552	0.0882594559405616
106.52814776901735	300	15.128612781416475	0.0	149029	1690.9162113651264	0.3	0.0737893134355545	0.029796361923217773	0.038033679127693176	0.08813505896882051
108.28356086720255	300	17.373199683231277	0.0	157421	1755.4130981852004	0.3	0.07566654682159424	0.030077820643782616	0.0395731620490551	0.08967746689525481
110.0121302709821	300	19.644630279451732	0.0	157488	1728.569403779542	0.3	0.07563579082489014	0.030414026230573654	0.03913895934820175	0.09110886705251765
111.59826289305619	300	22.058497657377643	0.0	143881	1586.1326220740898	0.3	0.07951144874095917	0.03081970103085041	0.042527807503938676	0.09071183455760182
116.22418367341169	750	21.432576877022147	0.0	412837	4625.920780355495	0.3	0.07952653616666794	0.028964893892407417	0.044768663495779036	0.08924428661925209
120.70920437802049	750	20.94755617241334	0.0	401088	4485.020704608807	0.75	0.07550127804279327	0.032043684273958206	0.03704885691404343	0.08942834970367963
125.08462824575338	750	20.572132304680448	0.0	365161	4375.423867732893	0.75	0.07729580998420715	0.029308035969734192	0.042126166820526126	0.08345728574845632
129.08970922826174	750	20.56705132217208	0.0	321064	4005.0809825083666	0.75	0.07145114243030548	0.03114192932844162	0.03408082723617554	0.08016417181130726
133.18246426891795	750	20.474296281515887	0.0	361565	4092.755040656194	0.75	0.07474154978990555	0.029812052845954895	0.03896708637475967	0.08834269249156676
137.3338543293226	750	20.32290622111123	0.0	378327	4151.390060404657	0.75	0.07368461042642593	0.029290921986103058	0.03853550404310226	0.0911326072701351
141.41771232851679	750	20.239048221917052	0.0	390680	4083.8579991941756	0.75	0.07623672485351562	0.031987398862838745	0.03785184621810913	0.09566444280802339
145.09229167356798	750	20.564468876865856	0.0	345516	3674.579345051197	0.75	0.0801805704832077	0.028324982151389122	0.046190591901540755	0.09402872208089061
149.25662636482085	750	20.400134185613016	0.0	384505	4164.33469125284	0.75	0.0795264020562172	0.0295631755143404	0.04405059143900871	0.09233287631939155
153.2060714722101	750	20.450689078223753	0.0	372093	3949.4451073892615	0.75	0.07763414084911346	0.031206533312797546	0.04018630087375641	0.0942139945947921
157.92165210427277	750	19.735108446161085	0.0	438281	4715.580632062669	0.75	0.07845468819141388	0.02992860972881317	0.042540356516838074	0.09294316738430768
162.1569951697991	750	19.499765380634763	0.0	398987	4235.343065526323	0.75	0.072837233543396	0.03001379780471325	0.0368206761777401	0.09420417515822138
166.56914835009064	750	19.087612200343237	0.0	393804	4412.153180291527	0.75	0.07405201345682144	0.029447488486766815	0.03871502727270126	0.0892543807769566
170.26183374273216	750	19.39492680770171	0.0	331053	3692.6853926415256	0.75	0.07265745103359222	0.02864616923034191	0.03828204795718193	0.08965101675319938
176.11942612844803	1200	17.537334421985832	0.0	550906	5857.592385715876	0.75	0.07578930258750916	0.0328037291765213	0.0364248275756836	0.09404990373577726

