8.965562296510086	750	4.0	8.965562296510086	450283	8965.562296510087	-37.80191787499337	0.08572471141815186	0.03130563721060753	0.04815794676542282	0.050223620684145605
10.285710102527267	300	6.67985219398282	0.0	155580	1320.147806017179	-0.15000000000000002	0.04868622124195099	0.023356353864073753	0.020658596605062484	0.11785044014834764
11.342816335241725	300	9.622745961268363	0.0	139857	1057.1062327144582	0.3	0.09552907198667526	0.029754985123872757	0.059823089838027955	0.13230174572036385
14.035639694171595	750	10.929922602338495	0.0	382355	2692.823358929868	0.3	0.11517985165119171	0.026814576238393784	0.08300236016511917	0.14199037554098926
17.024736301564836	750	11.940825994945254	0.0	411561	2989.0966073932414	0.75	0.1026492491364479	0.031347159296274185	0.0650326579809189	0.13768741999908723
20.183059734264337	750	12.782502562245751	0.0	318564	3158.323432699502	0.75	0.10083561390638351	0.031216975301504135	0.06337524354457855	0.10086490721683782
23.836356323409383	750	13.129205973100706	0.0	352642	3653.296589145043	0.75	0.07887432724237442	0.03074432536959648	0.04198113679885864	0.09652706573230248
30.187086087999585	750	10.778476208510503	0.0	437162	6350.729764590204	0.75	0.07583155483007431	0.02984490618109703	0.040017667412757876	0.06883649851352303
34.144770781644304	300	10.820791514865784	0.0	150710	3957.6846936447196	-0.15000000000000002	0.0679909735918045	0.028163012117147446	0.03419535905122757	0.0380803453701128
37.827892229436614	300	11.137670067073477	0.0	139105	3683.121447792306	0.3	0.06415844708681107	0.02804998680949211	0.030498462915420535	0.03776823598455618
42.41177249632359	300	10.553789800186495	0.0	141840	4583.880266886983	0.3	0.06044069677591324	0.028290973976254463	0.026491528004407884	0.030943216607253743
46.508184805046724	300	10.45737749146337	0.0	156148	4096.412308723124	0.3	0.0529249906539917	0.02808893471956253	0.019218268990516665	0.03811823328122756
48.81893406555284	300	12.146628230957258	0.0	160746	2310.749260506112	0.3	0.04708802327513695	0.027207106351852417	0.014439495652914046	0.06956444939629347
51.552096202261176	300	13.413466094248916	0.0	179801	2733.162136708342	0.3	0.06051886826753616	0.028302114456892014	0.02655633091926575	0.06578497396299424
54.2713911018499	300	14.694171194660196	0.0	140051	2719.2948995887195	0.3	0.06605283915996552	0.026271533221006393	0.034526999294757846	0.0515026891791626
56.151572948900444	300	16.81398934760965	0.0	138313	1880.1818470505493	0.3	0.05639534071087837	0.025554733350872993	0.02572966068983078	0.07356362908033194
60.05859144171614	300	16.906970854793954	0.0	143509	3907.0184928156923	0.3	0.059788014739751816	0.025110719725489616	0.029655151069164276	0.03673107774224447
63.36277715659683	300	17.602785139913266	0.0	150616	3304.1857148806894	0.3	0.04887772724032402	0.020783688873052597	0.023937300592660905	0.04558339421470399
65.28230272323881	300	19.683259573271272	0.0	165384	1919.5255666419937	0.3	0.0474700853228569	0.021656576544046402	0.021482193470001222	0.08615878989792346
66.46728546079272	300	22.498276835717366	0.0	140881	1184.982737553905	0.3	0.05973029136657715	0.024905279278755188	0.029843956232070923	0.11888865173750374
67.6591460094328	300	25.306416287077287	0.0	157671	1191.8605486400813	0.3	0.06928503513336182	0.026769133284687996	0.03716207519173622	0.13228980536347423
70.84665313573387	750	26.118909160776223	0.0	399894	3187.507126301063	0.3	0.07955438643693924	0.03011482022702694	0.043416602164506914	0.12545666069272646
79.57249747304888	750	21.39306482346121	0.0	401853	8725.844337315017	0.75	0.08453335613012314	0.03135628625750542	0.04690581262111664	0.04605319376160818
83.03959119839521	750	21.925971098114882	0.0	343800	3467.093725346326	0.75	0.06661269068717957	0.028512796387076378	0.03239733502268791	0.0991608612962022
85.61762213467115	750	23.347940161838935	0.0	359903	2578.0309362759476	0.75	0.07388287037611008	0.02716923877596855	0.041279783844947814	0.13960383288491177
88.3530045298199	750	24.612557766690188	0.0	379700	2735.382395148746	0.75	0.08320298045873642	0.03203597664833069	0.04475980848073959	0.138810573861046
91.76170278493818	750	25.203859511571903	0.0	425781	3408.6982551182855	0.75	0.08635907620191574	0.03211260959506035	0.047823944687843324	0.12491014696319165
95.04406560609799	750	25.921496690412102	0.0	277716	3282.3628211598025	0.75	0.08948489278554916	0.03254815936088562	0.05042710155248642	0.08460856252992495
100.74926785121355	750	24.216294445296537	0.0	400396	5705.202245115564	0.75	0.08589684963226318	0.03214714303612709	0.047320277988910676	0.07018085999366523
108.00409580959615	750	20.961466486913928	0.0	400508	7254.827958382612	0.75	0.07420573383569717	0.02936452068388462	0.03896830901503563	0.05520571987337506
118.79025778437344	750	14.175304512136645	0.0	358218	10786.161974777282	0.75	0.07264834642410278	0.03272639960050583	0.03337666690349579	0.033210886396631986
121.08464732570346	300	15.880914970806618	0.0	157488	2294.3895413300265	-0.15000000000000002	0.05757446214556694	0.02683110162615776	0.02537714019417763	0.06864048025110259
123.08119053055565	300	17.884371765954427	0.0	143881	1996.5432048521886	0.3	0.06749197095632553	0.029843075200915337	0.031680280715227126	0.07206505706980282
126.31812781997249	300	18.647434476537576	0.0	163444	3236.9372894168523	0.3	0.06814112514257431	0.031482089310884476	0.030362617969512944	0.05049340947517865
128.73540347816152	300	20.23015881834857	0.0	179328	2417.275658189007	0.3	0.06077387556433678	0.028516966849565506	0.02655351534485817	0.0741859950446654
133.52072652413662	300	19.444835772373462	0.0	159914	4785.323045975108	0.3	0.06156206130981445	0.027760684490203857	0.028249239921569823	0.03341759761329013
135.90025420274412	300	21.065308093765978	0.0	131610	2379.5276786074833	0.3	0.05323714762926102	0.02427801489830017	0.024103529751300812	0.05530929569897633
137.4235472415746	300	23.54201505493549	0.0	124011	1523.2930388304896	0.3	0.057336535304784775	0.02463540807366371	0.027774045616388323	0.08140981205770469
138.66045812609684	300	26.305104170413248	0.0	144254	1236.910884522244	0.3	0.06148461252450943	0.02558627724647522	0.030781079828739167	0.11662440827798035
141.5142261025373	750	27.45133619397279	0.0	390680	2853.767976440458	0.3	0.07338622957468033	0.029279375448822975	0.03825097903609276	0.13689970706283566
146.68719740395338	750	26.278364892556702	0.0	345516	5172.971301416089	0.75	0.07855474948883057	0.030433110892772675	0.04203501641750336	0.06679256076781555
153.68183729208263	750	23.283725004427453	0.0	384505	6994.6398881292525	0.75	0.06767179816961288	0.02614886313676834	0.036293162405490874	0.05497137896299012
156.5550803038203	750	24.410481992689807	0.0	372093	2873.2430117376457	0.75	0.06288652867078781	0.027832582592964172	0.029487429559230803	0.12950279474445497
159.6128784902011	750	25.352683806308985	0.0	438281	3057.7981863808186	0.75	0.07682731747627258	0.029893241822719574	0.0409554272890091	0.1433322192262614
162.68106586901797	750	26.284496427492133	0.0	398987	3068.187378816851	0.75	0.08872731775045395	0.0324321873486042	0.04980869293212891	0.1300399717287986
167.0501526610422	750	25.915409635467913	0.0	393804	4369.086792024219	0.75	0.08338960260152817	0.03101149946451187	0.046175803244113925	0.09013416733192171
171.2128464482003	750	25.752715848309805	0.0	331053	4162.693787158107	0.75	0.0793023407459259	0.031174620613455772	0.04189279600977898	0.07952854976296772
190.59429167162256	1850	10.371270624887588	0.0	846370	19381.44522342222	0.75	0.07457227259874344	0.03034292533993721	0.038160762190818785	0.04366908608947144

