1.8699829124316283	750	4.0	1.8699829124316283	450283	1869.9829124316284	-7.290926523456001	0.2196245640516281	0.029963716864585876	0.18366810381412507	0.24079524845201683
3.5355669437342567	750	6.334415968697372	0.0	398865	1665.5840313026285	0.75	0.1546180248260498	0.027811868116259575	0.12124378308653833	0.23947455817528077
5.010128775906389	750	8.85985413652524	0.0	350812	1474.5618321721327	0.75	0.16260048747062683	0.03392370790243149	0.12189203798770905	0.23790931810789473
6.808190814265079	750	11.06179209816655	0.0	382355	1798.06203835869	0.75	0.17282631993293762	0.03635289520025253	0.12920284569263457	0.21264839134750985
9.882069146256715	1200	11.987913766174913	0.0	652874	3073.878331991637	0.75	0.14840629696846008	0.034472376108169556	0.10703944563865661	0.21239422302605837
12.504878412605086	1200	13.365104499826542	0.0	520315	2622.8092663483694	1.2	0.1315312385559082	0.037998590618371964	0.08593292981386186	0.1983807998072286
15.377323777496505	1200	14.492659134935122	0.0	561791	2872.445364891421	1.2	0.11379390954971313	0.0350184328854084	0.07177179008722306	0.19557935091351542
19.079396464508342	1200	14.790586447923284	0.0	709534	3702.072687011838	1.2	0.12629590928554535	0.034135833382606506	0.08533290922641754	0.19165858155332627
21.829434620400683	1200	16.040548292030945	0.0	584846	2750.03815589234	1.2	0.12978403270244598	0.03571271151304245	0.08692877888679504	0.21266832198196448
24.134932883382586	1200	17.73505002904904	0.0	560821	2305.4982629819015	1.2	0.14238832890987396	0.037256743758916855	0.09768023639917374	0.24325370745438837
27.54722813053835	1200	18.32275478189328	0.0	607410	3412.2952471557637	1.2	0.14425627887248993	0.03032807447016239	0.10786258950829505	0.1780062849210636
31.830048851885206	1200	18.039934060546425	0.0	594078	4282.820721346857	1.2	0.13786619901657104	0.037357792258262634	0.09303684830665589	0.13871185339113962
34.394355840378985	1200	19.475627072052646	0.0	624282	2564.3069884937813	1.2	0.14255599677562714	0.03295113146305084	0.10301463901996613	0.24345057077845808
38.715474085040036	1850	19.1545088273916	0.0	1036454	4321.1182446610455	1.2000000000000002	0.15547531843185425	0.04006292298436165	0.10739981085062028	0.2398578195078531
42.3514277649195	1850	19.51855514751213	0.0	821631	3635.9536798794634	1.85	0.14126098155975342	0.03047642670571804	0.10468926951289177	0.22597400086439992
46.71063403381798	1850	19.159348878613653	0.0	923170	4359.206268898479	1.85	0.13347767293453217	0.034973517060279846	0.09150945246219636	0.2117747917978826
50.72485310659969	1850	19.14512980583195	0.0	966699	4014.2190727817037	1.85	0.14398407936096191	0.035299357026815414	0.10162485092878343	0.24081869536086722
54.435951259080234	1850	19.434031653351404	0.0	885714	3711.098152480544	1.85	0.1494276374578476	0.031318046152591705	0.11184598207473756	0.23866628248783392
58.62320155566255	1850	19.24678135676909	0.0	987708	4187.250296582317	1.85	0.1560680866241455	0.03354325890541077	0.11581617593765259	0.23588463312216587
62.561084829894156	1850	19.30889808253748	0.0	923755	3937.8832742316117	1.85	0.15944762527942657	0.0332464873790741	0.11955184042453766	0.23458161039073708
66.27825024409817	1850	19.591732668333464	0.0	891604	3717.165414204014	1.85	0.14568935334682465	0.03055475652217865	0.10902364552021027	0.23986126541288888
71.07524726433601	1850	18.794735648095628	0.0	955231	4796.997020237837	1.85	0.14875660836696625	0.030482212081551552	0.1121779538691044	0.19913103884993433
75.94054844787135	1850	17.92943446456029	0.0	968026	4865.301183535337	1.85	0.16047854721546173	0.02919650264084339	0.12544274404644967	0.19896527747879128
80.4776189372767	1850	17.39236397515494	0.0	874175	4537.070489405352	1.85	0.15138302743434906	0.03134269639849663	0.11377179175615311	0.1926738855041622
85.46111402392532	1850	16.408868888506323	0.0	897976	4983.495086648612	1.85	0.14273281395435333	0.037340886890888214	0.09792374968528747	0.18019000408082805
89.58002573845614	1850	16.289957173975502	0.0	905935	4118.911714530821	1.85	0.14148779213428497	0.028139445930719376	0.10772045701742172	0.21994523378687994
94.13774904894666	1850	15.732233863484987	0.0	1076599	4557.723310490516	1.85	0.14485028386116028	0.03549036756157875	0.10226184278726577	0.2362142075456821
97.5515717940749	1850	16.318411118356742	0.0	758197	3413.822745128244	1.85	0.1381174772977829	0.03628387674689293	0.0945768252015114	0.22209618266853437
101.52782580728888	1850	16.342157105142775	0.0	972798	3976.2540132139675	1.85	0.13648851215839386	0.03156239166855812	0.09861364215612411	0.24465187504801708
105.19009372516054	1850	16.67988918727112	0.0	975811	3662.2679178716603	1.85	0.1485627144575119	0.03143322840332985	0.11084284037351608	0.26644992171056014
109.14910627328808	1850	16.720876639143565	0.0	873429	3959.0125481275513	1.85	0.14637187123298645	0.03332090005278587	0.1063867911696434	0.22061789130046977
114.7821465331495	1850	15.087836379282155	0.0	954453	5633.04025986141	1.85	0.1512916535139084	0.034464068710803986	0.1099347710609436	0.16943834163604618
119.07176847342454	1850	14.798214439007108	0.0	885062	4289.621940275046	1.85	0.14115026593208313	0.033915430307388306	0.10045174956321717	0.20632634118410229
123.54691155025627	1850	14.323071362175389	0.0	1035329	4475.14307683172	1.85	0.1484508514404297	0.03480421006679535	0.10668579936027528	0.23135103888856778
127.78375032131709	1850	14.086232591114564	0.0	1026056	4236.838771060827	1.85	0.14214549958705902	0.03762400522828102	0.0969966933131218	0.24217489865518163
132.9051202620725	1850	12.964862650359152	0.0	943942	5121.369940755411	1.85	0.16107581555843353	0.03267352655529976	0.12186758369207382	0.18431435551807976
136.1917950682818	1850	13.678187844149843	0.0	728962	3286.6748062093084	1.85	0.14231328666210175	0.0292802881449461	0.10717694088816643	0.22179316268917687
140.79845447007833	1850	13.07152844235335	0.0	938587	4606.659401796494	1.85	0.1565180867910385	0.03615295886993408	0.11313453614711762	0.20374569034428114
145.06290168977293	1850	12.807081222658733	0.0	908665	4264.447219694614	1.85	0.15661707520484924	0.0370745025575161	0.11212767213582993	0.21307919952754656
149.14243846374876	1850	12.727544448682915	0.0	930577	4079.5367739758176	1.85	0.1608324944972992	0.036103129386901855	0.11750873923301697	0.22810849651762846
153.55177087046926	1850	12.318212041962424	0.0	858450	4409.33240672049	1.85	0.1533006876707077	0.036274503916502	0.1097712829709053	0.19468933634751423
156.8893242368935	1200	12.980658675538201	0.0	641452	3337.5533664242234	0.5499999999999999	0.14392255246639252	0.03605934977531433	0.10065133273601531	0.19219228266220553
159.71408545228306	1200	14.155897460148601	0.0	599477	2824.7612153896	1.2	0.1347523182630539	0.033550020307302475	0.09449229389429092	0.2122221859794681
162.40431952230898	1200	15.465663390122684	0.0	634861	2690.2340700259174	1.2	0.13503776490688324	0.038855843245983124	0.0884107530117035	0.23598727228738273
167.18223376525958	1850	14.687749147172074	0.0	958994	4777.91424295061	1.2000000000000002	0.15879784524440765	0.03250746428966522	0.11978888809680939	0.20071394153105843
171.69475479697059	1850	14.175228115461087	0.0	982064	4512.521031710987	1.85	0.136182501912117	0.03196176514029503	0.09782838374376297	0.21763089703044253
175.31788405775976	1850	14.552098854671923	0.0	830730	3623.1292607891633	1.85	0.13798952102661133	0.03280086815357208	0.09862847924232483	0.22928522285706598
181.20389267772512	2850	12.666090234706562	0.0	1364537	5886.0086199653615	1.85	0.1466023027896881	0.02894343063235283	0.11187018603086471	0.23182721740696843

