10.626186086493306	750	4.0	10.626186086493306	450283	10626.186086493306	-44.942600171921214	0.09902005642652512	0.03535729646682739	0.056591300666332243	0.04237484609575434
13.193830462257797	300	5.43235562423551	0.0	155580	2567.64437576449	-0.15000000000000002	0.03995531052350998	0.020568357780575752	0.015273281186819077	0.06059250317859054
15.461488353060362	300	7.164697733432944	0.0	139857	2267.6578908025654	0.3	0.06991152465343475	0.024667413905262947	0.04031062796711922	0.06167464702998126
18.01711349829261	300	8.6090725882007	0.0	155432	2555.625145232246	0.3	0.07064588367938995	0.02327639050781727	0.042714215070009234	0.06081956122945993
21.265223181096648	300	9.360962905396658	0.0	163442	3248.1096828040404	0.3	0.05748537555336952	0.024015920236706734	0.028666271269321444	0.05031911356481754
24.555098698034747	300	10.071087388458558	0.0	126289	3289.8755169381006	0.3	0.051785483956336975	0.021833177655935287	0.02558567076921463	0.03838716673314668
28.489517468170252	300	10.136668618323052	0.0	153295	3934.4187701355054	0.3	0.04083177447319031	0.0176655612885952	0.01963310092687607	0.038962553036701875
30.04587512316165	300	12.580310963331653	0.0	173849	1556.3576549913994	0.3	0.041830115020275116	0.018920233473181725	0.019125834852457047	0.11170247368427709
31.091419474741933	300	15.534766611751373	0.0	150710	1045.5443515802795	0.3	0.06419359147548676	0.0255246814340353	0.0335639737546444	0.14414500903018662
32.01919676135663	300	18.606989325136674	0.0	139105	927.7772866147006	0.3	0.07726556062698364	0.029311243444681168	0.04209206849336624	0.14993361230858557
34.183151570011134	750	20.443034516482168	0.0	353220	2163.954808654506	0.3	0.08811046183109283	0.030639570206403732	0.051342977583408354	0.16322891706764595
36.77561465270578	750	21.850571433787522	0.0	405134	2592.463082694645	0.75	0.09282465279102325	0.03068220056593418	0.05600601211190224	0.15627377790039643
38.94845833378748	750	23.677727752705817	0.0	386351	2172.8436810817025	0.75	0.09480741620063782	0.032871488481760025	0.05536163002252579	0.17780892540215487
43.422003547972636	1200	23.20418253852066	0.0	687371	4473.54521418516	0.75	0.1008327305316925	0.032995905727148056	0.06123764365911484	0.15365240923919044
46.925969648599704	1200	23.70021643789359	0.0	526950	3503.9661006270658	1.2	0.10875469446182251	0.03140828385949135	0.0710647538304329	0.15038672888578963
50.66279906377093	1200	23.96338702272236	0.0	587876	3736.8294151712275	1.2	0.09969361126422882	0.029418429359793663	0.06439149603247643	0.15731946382493955
53.886605132193345	1200	24.739580954299946	0.0	617242	3223.8060684224192	1.2	0.10057704895734787	0.032659031450748444	0.061386211216449736	0.19146375026896376
57.535588173320505	1200	25.09059791317279	0.0	581493	3648.983041127154	1.2	0.11702437698841095	0.031679000705480576	0.07900957614183426	0.15935755070551919
60.71554495109082	1200	25.91064113540247	0.0	639204	3179.9567777703187	1.2	0.11775185167789459	0.03150276094675064	0.07994853854179382	0.2010102792806476
65.33996446914688	1850	25.286221617346417	0.0	923755	4624.419518056053	1.2000000000000002	0.12387008965015411	0.02988569438457489	0.08800725638866425	0.19975588209356812
69.97748281899861	1850	24.648703267494675	0.0	891604	4637.5183498517445	1.85	0.12981683015823364	0.03266396373510361	0.09062007367610932	0.19225886190369543
85.45456968483492	1850	13.17161640165838	0.0	955231	15477.086865836296	1.85	0.12770557403564453	0.0345083549618721	0.08629554808139801	0.061719043659860244
92.37568965389175	750	10.25049643260154	0.0	401853	6921.119969056839	-0.3500000000000001	0.10273005068302155	0.03366569057106972	0.062331221997737885	0.058061845741240875
100.50648110673058	750	6.119704979762713	0.0	343800	8130.791452838826	0.75	0.08980634063482285	0.03352639824151993	0.049574662744998936	0.042283706573234506
101.7446433062	300	8.881542780293291	0.0	146754	1238.162199469422	-0.15000000000000002	0.08084607124328613	0.03249973803758621	0.04184638559818268	0.11852566655878133
102.81303050668039	300	11.813155579812902	0.0	153938	1068.387200480391	0.3	0.09278248995542526	0.02980569563806057	0.05701565518975258	0.14408446669033767
105.38096823483099	750	13.245217851662295	0.0	425781	2567.9377281506063	0.3	0.10262762010097504	0.032956793904304504	0.06307946741580964	0.165806590764427
107.2448551134896	750	15.38133097300367	0.0	277716	1863.8868786586254	0.75	0.09557177126407623	0.032301679253578186	0.05680975615978241	0.14899831270868893
109.51255283737557	750	17.11363324911771	0.0	400396	2267.697723885957	0.75	0.10084827244281769	0.034066278487443924	0.05996873825788498	0.17656497856066816
112.06158389172072	750	18.564602194772572	0.0	400508	2549.0310543451415	0.75	0.11046136915683746	0.03581073135137558	0.06748849153518677	0.1571216636679589
115.86059458725816	1200	18.765591499235118	0.0	570392	3799.0106955374554	0.75	0.10774067789316177	0.032159995287656784	0.06914868354797363	0.1501422464195788
120.16728173796531	1200	18.458904348527962	0.0	620283	4306.687150707154	1.2	0.09794667363166809	0.035506125539541245	0.0553393229842186	0.14402787532364641
123.33758414329235	1200	19.28860194320092	0.0	584349	3170.3024053270406	1.2	0.10535331070423126	0.031009724363684654	0.06814164146780968	0.18431964061791767
127.0829686657828	1200	19.543217420710477	0.0	670129	3745.384522490445	1.2	0.11689218133687973	0.033014506101608276	0.07727477401494981	0.17892128190736645
130.96304468473616	1200	19.663141401757116	0.0	690253	3880.0760189533617	1.2	0.10924606025218964	0.03407878056168556	0.06835152357816696	0.17789677228700113
134.07316071520077	1200	20.5530253712925	0.0	598727	3110.116030464616	1.2	0.11723534762859344	0.033284902572631836	0.07729346454143524	0.19250953795140466
136.4654952920667	1200	22.160690794426596	0.0	487812	2392.334576865906	1.2	0.12756165862083435	0.03371182829141617	0.08710746467113495	0.2039062615727694
141.3058211796249	1850	21.32036490686836	0.0	938587	4840.325887558237	1.2000000000000002	0.1343022584915161	0.030514342710375786	0.09768504723906518	0.19390987751725164
155.53136762463825	1850	11.094818461855022	0.0	908665	14225.546445013337	1.85	0.13670086860656738	0.03216403350234032	0.09810402840375901	0.06387557789166869
161.67119636408754	750	8.954989722405735	0.0	390680	6139.828739449286	-0.3500000000000001	0.09238891303539276	0.031723883002996445	0.05432025343179703	0.06363043931336791
170.8716139524199	750	4.0	0.2454278659266256	345516	9200.41758833236	-0.30533982348448996	0.09312009811401367	0.036930736154317856	0.04880321472883225	0.03755438236174965
172.68477167526632	300	6.186842277153575	0.0	161857	1813.1577228464248	-0.15000000000000002	0.07271834462881088	0.02998131699860096	0.036740764230489734	0.0892680200737889
173.73149693070548	300	9.140117021714426	0.0	145210	1046.7252554391484	0.3	0.09058235585689545	0.033780500292778015	0.05004575550556183	0.13872790328258378
174.93083006097254	300	11.940783891447353	0.0	172312	1199.3331302670738	0.3	0.10009463131427765	0.03559150919318199	0.05738482028245926	0.1436731760771327
177.33108209484942	750	13.54053185757049	0.0	398987	2400.2520338768604	0.3	0.10303384810686111	0.03147062659263611	0.06526909619569779	0.16622712713862828
179.8713876489656	750	15.00022630345432	0.0	393804	2540.3055541161707	0.75	0.09800004959106445	0.03474326804280281	0.05630812793970108	0.15502229618082822
182.99336568771596	1200	15.878248264703934	0.0	538612	3121.9780387503865	0.75	0.1042587012052536	0.03616982698440552	0.060854908823966984	0.17252267418754383
188.57269838458896	1850	14.298915567830948	0.0	846370	5579.332696872987	1.2000000000000002	0.10375766456127167	0.031618062406778336	0.06581598967313768	0.15169735270928716

