3.5942064211806244	750	4.0	3.5942064211806244	450283	3594.2064211806246	-14.705087611076685	0.14781370759010315	0.03585609048604965	0.10478639900684357	0.1252802280209858
4.8884211150670955	300	6.705785306113529	0.0	155580	1294.2146938864705	-0.15000000000000002	0.10837333649396896	0.03204844146966934	0.06991520673036575	0.12021189431314523
6.059228104485719	300	9.534978316694906	0.0	139857	1170.8069894186235	0.3	0.10641856491565704	0.027213772758841515	0.07376203760504724	0.11945350622603257
9.120752408835054	750	10.47345401234557	0.0	382355	3061.524304349335	0.3	0.10214775055646896	0.028511550277471542	0.06793389022350312	0.1248904016397354
12.11679610295805	750	11.477410318222576	0.0	411561	2996.0436941229946	0.75	0.09991946071386337	0.027816757559776306	0.06653935164213182	0.137368156815374
14.318510063462139	750	13.275696357718488	0.0	318564	2201.7139605040875	0.75	0.0943135991692543	0.03157506510615349	0.056423521041870116	0.14468909482095668
16.59236939550236	750	15.001837025678263	0.0	352642	2273.859332040223	0.75	0.09328655898571014	0.03399447351694107	0.05249319076538086	0.15508523110072583
19.20427067867745	750	16.389935742503173	0.0	437162	2611.9012831750906	0.75	0.10160849243402481	0.0313727892935276	0.0639611452817917	0.16737309438761608
21.46194925600526	750	18.132257165175368	0.0	374758	2257.6785773278048	0.75	0.0945100411772728	0.03148175776004791	0.0567319318652153	0.16599262789815045
23.66373425855664	750	19.930472162623985	0.0	362795	2201.785002551382	0.75	0.1037408635020256	0.03456488624215126	0.062263000011444095	0.1647731270671754
27.29370848666477	1200	20.300497934515857	0.0	607410	3629.9742281081294	0.75	0.11099684238433838	0.033079832792282104	0.07130104303359985	0.16733176651685763
30.842183661423192	1200	20.752022759757438	0.0	594078	3548.475174758421	1.2	0.11950147151947021	0.03531843423843384	0.07711935043334961	0.1674178261766886
34.69068012596336	1200	20.90352629521727	0.0	624282	3848.496464540169	1.2	0.11281712353229523	0.03235587477684021	0.07399007380008699	0.16221451825462213
38.89639931955514	1200	20.697807101625486	0.0	687371	4205.719193591779	1.2	0.11371221393346786	0.03186456859111786	0.07547473162412643	0.16343720737403053
43.82039285138145	1850	19.77381356979918	0.0	821631	4923.993531826306	1.2000000000000002	0.11930649727582932	0.03042265586555004	0.08279931023716927	0.1668627293454745
49.42311739716029	1850	18.171089024020336	0.0	923170	5602.724545778845	1.85	0.11796142905950546	0.034312643110752106	0.07678625732660294	0.16477162003181586
53.230171697201335	1200	18.364034723979294	0.0	617242	3807.054300041044	0.5499999999999999	0.1195748820900917	0.03154079243540764	0.08172593116760254	0.16213112589262135
56.794496802557845	1200	18.79970961862279	0.0	581493	3564.325105356503	1.2	0.11088790744543076	0.03185058385133743	0.07266720682382584	0.1631425256708841
60.83174124785525	1200	18.762465173325378	0.0	639204	4037.244445297412	1.2	0.11384525150060654	0.03314066678285599	0.07407645136117935	0.15832680152536854
65.44389037064214	1200	18.15031605053849	0.0	586839	4612.149122786892	1.2	0.1157786175608635	0.03199692815542221	0.07738230377435684	0.12723764656711758
70.40025533088385	1200	17.19395109029678	0.0	601738	4956.364960241711	1.2	0.10438574850559235	0.03154585510492325	0.06653072237968445	0.12140712090956567
74.4303741523743	1200	17.16383226880634	0.0	616206	4030.1188214904405	1.2	0.10800684988498688	0.03526671230792999	0.06568679511547089	0.15290020649369127
78.34836858891538	1200	17.245837832265263	0.0	656471	3917.994436541073	1.2	0.11484545469284058	0.0328938253223896	0.07537286430597306	0.16755281576651573
81.58375861398895	1200	18.01044780719169	0.0	536667	3235.3900250735765	1.2	0.11364620923995972	0.036332204937934875	0.07004756331443787	0.16587397372216217
85.1614868729717	1200	18.432719548208933	0.0	587236	3577.728258982755	1.2	0.11896238476037979	0.029818806797266006	0.08317981660366058	0.16413655747207784
88.79436945085179	1200	18.79983697032884	0.0	590335	3632.8825778800915	1.2	0.10887353867292404	0.031185435131192207	0.0714510165154934	0.16249768258254033
93.436141661955	1200	18.158064759225642	0.0	696376	4641.7722111032	1.2	0.11549977213144302	0.0342373363673687	0.07441496849060059	0.15002373411048833
97.44692381776234	1200	18.147282603418315	0.0	487160	4010.782155807328	1.2	0.10893000662326813	0.03439547121524811	0.06765544116497041	0.1214625928497829
101.46719003572453	1200	18.127016385456116	0.0	622896	4020.2662179622007	1.2	0.11091568320989609	0.029940055683255196	0.07498761638998985	0.15493899314850212
105.55720145349584	1200	18.03700496768483	0.0	641447	4090.0114177712917	1.2	0.10871586948633194	0.03136230632662773	0.07108110189437866	0.15683256951628122
109.5276626575362	1200	18.06654376364446	0.0	570392	3970.461204040367	1.2	0.11198478192090988	0.03199212998151779	0.07359422594308854	0.14365887756806825
114.22756832527236	1200	17.36663809590831	0.0	620283	4699.905667736153	1.2	0.10583072155714035	0.03213298320770264	0.06727114170789719	0.13197775526817698
118.49645418608493	1200	17.097752235095736	0.0	584349	4268.885860812574	1.2	0.1105644479393959	0.03493482246994972	0.06864266097545624	0.13688559944040538
122.82760904974391	1200	16.76659737143675	0.0	670129	4331.154863658985	1.2	0.10775317251682281	0.0326911099255085	0.06852384060621261	0.1547229367443747
129.65697961078627	1200	13.937226810394385	0.0	690253	6829.370561042364	1.2	0.10455896705389023	0.03285129740834236	0.06513741016387939	0.10107124717137138
133.4543108512535	750	14.139895569927175	0.0	365161	3797.331240467211	0.3	0.09446452558040619	0.0334395132958889	0.05433710962533951	0.09616253544293697
137.24565153411965	750	14.348554887061018	0.0	321064	3791.3406828661564	0.75	0.08940459787845612	0.03226650878787041	0.05068478733301163	0.08468350033827185
139.85167423677672	750	15.742532184403945	0.0	361565	2606.0227026570738	0.75	0.0938202291727066	0.03332344442605972	0.05383209586143494	0.1387420760499715
142.21813050364025	750	17.376075917540415	0.0	378327	2366.4562668635267	0.75	0.10023152828216553	0.03574144095182419	0.0573417991399765	0.15987069158959366
144.63059416232988	750	18.963612258850773	0.0	390680	2412.463658689644	0.75	0.10505492985248566	0.03364356979727745	0.06468264609575272	0.16194233583282333
146.75775731367756	750	20.836449107503096	0.0	345516	2127.163151347673	0.75	0.10573124885559082	0.032884299755096436	0.0662700891494751	0.16243041808104697
149.11892262301328	750	22.475283798167396	0.0	384505	2361.165309335702	0.75	0.10398024320602417	0.035126086324453354	0.061828939616680144	0.16284543842810306
152.76486080708102	1200	22.82934561409963	0.0	599477	3645.9381840677647	0.75	0.11257759481668472	0.033030834048986435	0.072940593957901	0.1644232484850209
156.5332438657177	1200	23.06096255546296	0.0	634861	3768.3830586366694	1.2	0.11161092668771744	0.0332883819937706	0.07166486829519272	0.16847039967048383
160.26572025948136	1200	23.32848616169932	0.0	630203	3732.4763937636367	1.2	0.10954462736845016	0.033159561455249786	0.06975315362215043	0.16884313081067762
164.1942103963409	1200	23.39999602483977	0.0	638661	3928.490136859554	1.2	0.11739130318164825	0.031132815405726433	0.08003192469477655	0.16257161854822613
170.2353081958179	1850	21.358898225362783	0.0	830730	6041.097799476986	1.2000000000000002	0.1186201348900795	0.03227933496236801	0.07988493293523788	0.13751308579575075
178.16845917281546	2850	17.425747248365226	0.0	1364537	7933.150976997556	1.85	0.11223621666431427	0.033004067838191986	0.07263133525848389	0.17200441589433024

