13.268601654709265	750	4.0	13.268601654709265	450283	13268.601654709264	-56.30498711524984	0.1030614897608757	0.03138524293899536	0.06539919823408127	0.03393597997119662
16.408369179230696	300	4.860232475478568	0.0	155580	3139.7675245214314	-0.15000000000000002	0.03186604753136635	0.0181028563529253	0.010142619907855987	0.049551439329481486
18.395790687000467	300	6.872810967708798	0.0	139857	1987.4215077697713	0.3	0.052460189908742905	0.02214227430522442	0.025889460742473603	0.07037108104809815
20.021025287528385	300	9.247576367180882	0.0	155432	1625.2346005279169	0.3	0.07068153470754623	0.02465161867439747	0.041099592298269275	0.09563665451714588
21.432597852766815	300	11.83600380194245	0.0	163442	1411.5725652384324	0.3	0.08022687584161758	0.027639346197247505	0.04705966040492058	0.11578717525754163
23.71153683828844	750	13.557064816420828	0.0	318564	2278.938985521622	0.3	0.09084015339612961	0.029015587642788887	0.056021448224782944	0.13978610310494316
26.42744098253098	750	14.841160672178283	0.0	352642	2715.9041442425455	0.75	0.09280944615602493	0.030180741101503372	0.05659255683422089	0.12984331599020787
29.197594565035782	750	16.07100708967348	0.0	437162	2770.153582504802	0.75	0.09992858022451401	0.03112391009926796	0.06257988810539246	0.15781146675799596
31.581187387004192	750	17.68741426770507	0.0	374758	2383.5928219684106	0.75	0.09305834770202637	0.03229757398366928	0.054301258921623234	0.15722400090570782
33.93171760566753	750	19.336884049041732	0.0	362795	2350.530218663339	0.75	0.0957828164100647	0.0313955694437027	0.058108133077621464	0.15434602674723677
35.97793692453739	750	21.290664730171873	0.0	353220	2046.2193188698582	0.75	0.09484951943159103	0.031972236931324005	0.056482835114002226	0.17262079227904364
37.77234992640326	750	23.496251728306007	0.0	405134	1794.4130018658661	0.75	0.10018491744995117	0.03191420063376427	0.06188787668943405	0.22577522542398748
41.49115401900496	1200	23.77744763570431	0.0	624282	3718.804092601697	0.75	0.1196260079741478	0.034205611795186996	0.07857927381992341	0.16787170941377788
45.65776775045451	1200	23.61083390425475	0.0	687371	4166.613731449559	1.2	0.11954865604639053	0.03426412120461464	0.07843171060085297	0.16497113586789447
48.82755563833133	1200	24.441046016377932	0.0	526950	3169.7878878768192	1.2	0.11800246685743332	0.03154781460762024	0.08014508932828904	0.16624140751353572
52.20317591310128	1200	25.06542574160798	0.0	587876	3375.6202747699485	1.2	0.122810959815979	0.03302421420812607	0.08318190276622772	0.17415347466476047
55.38111435118706	1200	25.887487303522196	0.0	617242	3177.9384380857837	1.2	0.12089367210865021	0.030139297246932983	0.08472651541233063	0.1942271733784097
59.325683315484255	1850	25.942918339225006	0.0	885714	3944.5689642971915	1.2000000000000002	0.13380365073680878	0.032818883657455444	0.09442099034786225	0.22454012289218747
64.71052236005325	1850	24.55807929465601	0.0	987708	5384.8390445689965	1.85	0.13169434666633606	0.03412947803735733	0.09073897302150727	0.18342386686491133
71.36954129327461	1850	21.899060361434643	0.0	923755	6659.018933221367	1.85	0.12039883434772491	0.03112548217177391	0.08304825574159622	0.13872238677554327
87.09342353726848	1200	10.175178117440776	0.0	601738	15723.882243993869	0.5499999999999999	0.1136360913515091	0.03571781516075134	0.07077471315860748	0.0382690477238755
92.47808949056477	750	8.790512164144479	0.0	399894	5384.665953296296	0.3	0.0929127112030983	0.03343024477362633	0.052796417474746705	0.07426533112145972
95.53591898823277	750	9.732682666476496	0.0	401853	3057.829497667983	0.75	0.09320230782032013	0.03527217358350754	0.05087569952011108	0.1314177263011127
98.14243551714492	750	11.126166137564349	0.0	343800	2606.5165289121474	0.75	0.09139051288366318	0.03441649675369263	0.05009071677923203	0.13190018025455913
100.6341570482447	750	12.634444606464559	0.0	359903	2491.7215310997904	0.75	0.10081823170185089	0.03188876062631607	0.06255171895027162	0.14443949514741594
102.84448863966807	750	14.424113015041184	0.0	379700	2210.331591423374	0.75	0.108628049492836	0.033725887537002563	0.06815698444843293	0.1717841800177533
105.67723445649142	750	15.591367198217826	0.0	425781	2832.745816823359	0.75	0.11742619425058365	0.031666990369558334	0.07942580580711364	0.15030681449473318
107.28058938218471	750	17.988012272524532	0.0	277716	1603.3549256932947	0.75	0.09947730600833893	0.03461378440260887	0.05794076472520828	0.17320930977270357
110.28123768980477	1200	18.987363964904485	0.0	622896	3000.648307620047	0.75	0.11351796239614487	0.03583177179098129	0.07051983624696731	0.2075871398917948
114.19689759960642	1200	19.071704055102842	0.0	641447	3915.659909801647	1.2	0.11670909076929092	0.031004052609205246	0.07950422763824463	0.16381581004885928
117.64873012066407	1200	19.61987153404518	0.0	570392	3451.832521057659	1.2	0.1029018759727478	0.03251967206597328	0.06387826949357986	0.16524324297901596
121.29829018117474	1200	19.97031147353453	0.0	620283	3649.5600605106533	1.2	0.10863665491342545	0.036564480513334274	0.06475927829742431	0.16996103358091025
124.65341050365498	1200	20.615191151054272	0.0	584349	3355.1203224802566	1.2	0.1057826429605484	0.03271178901195526	0.0665284961462021	0.17416633200445783
128.11956009889425	1200	21.149041555814996	0.0	670129	3466.1495952392766	1.2	0.12060568481683731	0.031477946788072586	0.08283214867115021	0.19333527927369776
132.71785778674786	1850	20.550743867961405	0.0	1026056	4598.297687853592	1.2000000000000002	0.13129721581935883	0.030608709901571274	0.09456676393747329	0.22313822846013817
138.21381401360625	1850	19.054787641103005	0.0	943942	5495.9562268584	1.85	0.1328466385602951	0.033716458827257156	0.09238688796758651	0.17175209572940436
143.72977797204896	1850	17.538823682660286	0.0	728962	5515.963958442719	1.85	0.12244289368391037	0.0324295312166214	0.0835274562239647	0.1321549606726949
159.03831979412047	1200	6.230281860588784	0.0	575591	15308.541822071504	0.5499999999999999	0.11849770694971085	0.03573191538453102	0.07561940848827362	0.03759933550105512
161.898423290262	300	7.370178364447242	0.0	144254	2860.1034961415417	-0.6000000000000001	0.09596449136734009	0.03344940021634102	0.055825211107730865	0.05043663636459578
163.62182571455298	300	9.646775940156274	0.0	149991	1723.4024242909682	0.3	0.08484812825918198	0.033496443182229996	0.04465239644050598	0.08703190728172985
165.0542208259762	300	12.214380828733063	0.0	147968	1432.3951114232116	0.3	0.07875069230794907	0.03232463449239731	0.0399611309170723	0.10330110653127032
166.44278758068353	300	14.825814074025715	0.0	161857	1388.5667547073476	0.3	0.09010617434978485	0.03387431800365448	0.049456992745399476	0.11656407547659656
167.5267765404814	300	17.74182511422787	0.0	145210	1083.9889597978477	0.3	0.09128789603710175	0.033430226147174835	0.051171624660491945	0.133958928905586
170.76482428918658	750	18.503777365522698	0.0	438281	3238.04774870517	0.3	0.09558870643377304	0.032020460814237595	0.057164153456687926	0.13535347036659967
173.41052069564262	750	19.858080959066644	0.0	398987	2645.6964064560552	0.75	0.09043856710195541	0.03314502537250519	0.05066453665494919	0.15080604071819723
175.80673125808994	750	21.46187039661931	0.0	393804	2396.2105624473334	0.75	0.08874447643756866	0.03330877795815468	0.04877394288778305	0.16434448882396804
179.1514832505358	1200	22.117118404173464	0.0	538612	3344.7519924458456	0.75	0.0938015803694725	0.031171612441539764	0.05639564543962479	0.16103196925107163
183.34471328171676	1850	21.923888372992472	0.0	846370	4193.230031180993	1.2000000000000002	0.09775245189666748	0.031365979462862015	0.060113276541233066	0.20184201527375448

