4.019831651896696	750	4.0	4.019831651896696	450283	4019.831651896696	-16.53527610315579	0.08175859600305557	0.02979910559952259	0.04599966928362847	0.11201538745721874
4.706633462088814	300	7.313198189807881	0.0	155580	686.8018101921185	-0.15000000000000002	0.10308698564767838	0.028548631817102432	0.06882862746715546	0.22652823229525232
7.404701557835117	1200	8.615130094061579	0.0	571051	2698.0680957463023	0.29999999999999993	0.1591629683971405	0.030088065192103386	0.12305729016661644	0.21165181149441809
10.145951205848636	1200	9.873880446048059	0.0	617681	2741.24964801352	1.2	0.1518789827823639	0.03191816806793213	0.11357718110084533	0.2253282551071589
13.56508906455823	1200	10.454742587338465	0.0	652874	3419.1378587095937	1.2	0.14013996720314026	0.02731221728026867	0.10736530646681786	0.1909469658665355
16.213200331098633	1200	11.80663132079806	0.0	520315	2648.111266540405	1.2	0.12906450033187866	0.029767414554953575	0.09334360286593438	0.19648532392664894
18.113291036354102	750	13.906540615542596	0.0	352642	1900.090705255465	0.3	0.10854686796665192	0.03635503724217415	0.06492082327604294	0.18559219253303366
19.741173054495857	750	16.27865859740084	0.0	437162	1627.8820181417525	0.75	0.11371280997991562	0.03756353631615639	0.06863656640052795	0.26854648870624287
21.317777957563074	750	18.70205369433362	0.0	374758	1576.6049030672198	0.75	0.13441117107868195	0.031263578683137894	0.09689487665891647	0.2376993749486151
25.284981635901076	1850	18.73485001599562	0.0	913888	3967.203678338003	0.75	0.14242154359817505	0.03267231583595276	0.10321476459503173	0.2303607462833516
29.295299687812943	1850	18.724531964083756	0.0	939819	4010.3180519118664	1.85	0.1484292894601822	0.02817864529788494	0.11461491510272026	0.23435024051320658
34.875549187553496	1850	17.144282464343203	0.0	917428	5580.24949974055	1.85	0.15933716297149658	0.030335526913404465	0.12293453067541123	0.1644062689388091
39.918527155068745	1850	16.101304496827954	0.0	946851	5042.97796751525	1.85	0.13578173518180847	0.03598251938819885	0.09260271191596986	0.18775632297012146
46.416025061286184	1850	13.603806590610516	0.0	1036454	6497.49790621744	1.85	0.13885340094566345	0.036052703857421875	0.09559015631675721	0.1595158651776124
49.63086109792345	1200	14.38897055397325	0.0	526950	3214.836036637266	0.5499999999999999	0.12984611093997955	0.035094019025564194	0.08773328810930253	0.16391193640817597
52.41586065719816	1200	15.603970994698539	0.0	587876	2784.99955927471	1.2	0.14075137674808502	0.03377484157681465	0.10022156685590744	0.21108656841335335
55.726633841632676	1200	16.29319781026402	0.0	617242	3310.7731844345194	1.2	0.13526107370853424	0.03347836434841156	0.09508703649044037	0.18643439632226724
58.824417807876124	1200	17.19541384402057	0.0	581493	3097.7839662434485	1.2	0.14235465228557587	0.03674603998661041	0.09825940430164337	0.18771257335454286
61.80778369522171	1200	18.212047956674986	0.0	639204	2983.3658873455875	1.2	0.13962741196155548	0.030768970027565956	0.10270464792847633	0.21425598606972202
64.51532653616289	1200	19.504505115733803	0.0	586839	2707.542840941182	1.2	0.14071886241436005	0.03399582952260971	0.0999238669872284	0.2167422768446412
68.13574052779536	1200	19.88409112410133	0.0	601738	3620.413991632471	1.2	0.12850362062454224	0.027273910120129585	0.09577492848038674	0.16620695903582894
74.06358502502651	1200	17.956246626870183	0.0	616206	5927.844497231147	1.2	0.1306058168411255	0.029238905757665634	0.09551912993192674	0.10395110740300717
76.8756797565915	1200	19.1441518953052	0.0	656471	2812.094731564985	1.2	0.1156783401966095	0.03444097563624382	0.07434916943311692	0.23344554955112098
79.41385904738843	1200	20.60597260450826	0.0	536667	2538.1792907969393	1.2	0.1383717656135559	0.03981179744005203	0.09059760868549346	0.21143778217160417
82.26406202225677	1200	21.75576962963991	0.0	587236	2850.2029748683485	1.2	0.13575465977191925	0.034804828464984894	0.09398886561393738	0.20603304577882722
86.94311164205125	1850	21.07672000984542	0.0	905935	4679.04961979449	1.2000000000000002	0.1410527378320694	0.03359163925051689	0.10074277073144913	0.1936151726554654
91.4669460989084	1850	20.552885552988286	0.0	1076599	4523.834456857132	1.85	0.1331327259540558	0.03388814255595207	0.09246695488691331	0.23798373045417567
94.83768359589611	1850	21.182148056000553	0.0	758197	3370.737496987732	1.85	0.14723242819309235	0.03342079743742943	0.10712747126817704	0.22493504779816426
98.79101605146353	1850	21.22881560043314	0.0	972798	3953.3324555674167	1.85	0.15199247002601624	0.034037187695503235	0.11114784479141235	0.24607037504018253
104.52926110438618	1850	19.490570547510494	0.0	975811	5738.2450529226435	1.85	0.1502743661403656	0.03512771800160408	0.1081211045384407	0.1700539086428512
109.16075567881062	1850	18.859075973086064	0.0	873429	4631.494574424432	1.85	0.1376749873161316	0.03310380131006241	0.09795042574405671	0.1885846967894901
115.12411508532844	1850	16.895716566568247	0.0	954453	5963.359406517815	1.85	0.1357484757900238	0.03865095227956772	0.08936733305454254	0.16005290557480148
120.40793414300995	1850	15.611897508886718	0.0	885062	5283.819057681529	1.85	0.1359046995639801	0.029035434126853943	0.10106217861175537	0.16750422191564482
123.61175091507747	1200	16.408080736819212	0.0	670129	3203.816772067509	0.5499999999999999	0.12930482625961304	0.032285433262586594	0.09056230634450912	0.20916583177993284
127.52992733363095	1200	16.489904318265722	0.0	690253	3918.176418553489	1.2	0.14063793420791626	0.03249775245785713	0.10164063125848771	0.176166901707511
130.27068144989235	1200	17.74915020200432	0.0	598727	2740.7541162614043	1.2	0.12708432972431183	0.034837543964385986	0.08527927696704865	0.21845337983719199
132.60188036645104	1200	19.41795128544564	0.0	487812	2331.1989165586783	1.2	0.13591432571411133	0.03380308672785759	0.09535062164068223	0.20925370054654507
135.47507126650322	1200	20.544760385393467	0.0	575591	2873.190900052173	1.2	0.12879525125026703	0.03342444822192192	0.08868591338396073	0.20033162432386514
143.06584371010308	1850	16.953987941793603	0.0	908665	7590.772443599864	1.2000000000000002	0.1379489004611969	0.03172433376312256	0.09987969994544983	0.11970652614756461
145.8928062450675	1200	18.127025406829162	0.0	587506	2826.962534964441	0.5499999999999999	0.11694393306970596	0.03464888781309128	0.07536526769399643	0.2078223509274027
148.64883020137123	1200	19.37100145052545	0.0	566904	2756.023956303711	1.2	0.12289995700120926	0.03289597108960152	0.08342479169368744	0.20569632520912953
151.62090720747034	1200	20.398924444426335	0.0	641452	2972.0770060991163	1.2	0.1381155103445053	0.04338402301073074	0.08605468273162842	0.21582617095171192
154.65823769178408	1200	21.361593960112593	0.0	599477	3037.330484313741	1.2	0.13218463957309723	0.03271342068910599	0.09292853474617005	0.19736969786330205
159.44933144788536	1850	20.570500204011328	0.0	973972	4791.093756101264	1.2000000000000002	0.14123786985874176	0.03094552643597126	0.10410323813557626	0.20328802765750223
163.38086120878418	1850	20.638970443112477	0.0	958994	3931.5297608988503	1.85	0.12925061583518982	0.0310278981924057	0.09201713800430297	0.24392388162432452
167.44418212091983	1850	20.57564953097683	0.0	982064	4063.3209121356485	1.85	0.13816934823989868	0.033517953008413315	0.09794780462980271	0.241689992308246
171.32363292084057	1850	20.69619873105608	0.0	830730	3879.450799920748	1.85	0.14319226145744324	0.03345538303256035	0.10304580181837082	0.2141359802828201
179.166290259766	2850	16.853541392130676	0.0	1364537	7842.657338925404	1.85	0.13819700479507446	0.03252960741519928	0.09916147589683533	0.17398911376981926

