2.9337433514398144	750	4.0	2.9337433514398144	450283	2933.7433514398144	-11.865096411191201	0.0	0.0	0.0	0.1534841143411578
3.873082106525372	300	7.060661244914442	0.0	155580	939.3387550855576	-0.15000000000000002	0.1115933507680893	0.030883891507983208	0.07453268095850946	0.16562714905319684
5.862041732446414	750	9.0717016189934	0.0	350812	1988.959625921042	0.3	0.12090900540351868	0.02719779685139656	0.0882716491818428	0.1763796486505084
8.63647122543064	750	10.297272126009174	0.0	382355	2774.429492984226	0.75	0.13057981431484222	0.029912147670984268	0.0946852371096611	0.13781391848914212
14.493295188180724	750	8.44044816325909	0.0	411561	5856.823962750085	0.75	0.10389885306358337	0.03191118314862251	0.06560543328523635	0.07027033809067237
18.719861289817075	750	8.213882061622739	0.0	318564	4226.566101636353	0.75	0.0734914094209671	0.02600148506462574	0.042289627343416215	0.07537182486668435
20.811107340030542	300	10.122636011409272	0.0	153295	2091.2460502134672	-0.15000000000000002	0.07193498313426971	0.03056892566382885	0.0352522723376751	0.07330318686524342
23.324180244961717	300	11.609563106478095	0.0	173849	2513.0729049311753	0.3	0.0672372579574585	0.02927137352526188	0.03211160972714424	0.06917785777677674
25.589760727178987	300	13.343982624260827	0.0	150710	2265.580482217268	0.3	0.07050169259309769	0.0289529487490654	0.03575815409421921	0.06652158295983544
27.470510294093852	300	15.46323305734596	0.0	139105	1880.749566914866	0.3	0.07210645824670792	0.03278261423110962	0.032767321169376376	0.07396253198568288
29.271591794315288	300	17.662151557124524	0.0	141840	1801.0815002214354	0.3	0.07782380282878876	0.030810892581939697	0.04085073173046112	0.0787526827534242
30.661202939256004	300	20.27254041218381	0.0	156148	1389.611144940714	0.3	0.08154934644699097	0.03072352707386017	0.04468111395835877	0.11236812583757873
35.46239316088621	750	19.4713501905536	0.0	386351	4801.1902216302105	0.3	0.08686041831970215	0.03225338086485863	0.0481563612818718	0.08046983813709785
42.752402418112744	750	16.181340933327068	0.0	434409	7290.009257226532	0.75	0.07802590727806091	0.028826098889112473	0.043434588611125945	0.05958963626409303
46.220171134655644	750	16.713572216784176	0.0	337059	3467.768716542893	0.75	0.06845283508300781	0.02673562802374363	0.03637008145451546	0.09719765865355136
53.57115073514934	750	13.36259261629048	0.0	366214	7350.979600493695	0.75	0.0748910903930664	0.026847120374441147	0.042674545943737034	0.04981839426889511
64.66070665810204	750	6.273036693337768	0.0	360831	11089.555922952712	0.75	0.06796277314424515	0.028172381222248077	0.03415591567754746	0.03253791247430988
68.28964316095004	300	6.6441001904897945	0.0	150616	3628.9365028479738	-0.15000000000000002	0.049696844071149826	0.022982044145464897	0.02211839109659195	0.04150417067970112
70.39920337136374	300	8.534539980076087	0.0	165384	2109.5602104137097	0.3	0.05155658721923828	0.024979891255497932	0.021580717712640765	0.07839738310553661
71.7807117089232	300	11.153031642516622	0.0	140881	1381.508337559464	0.3	0.06374593824148178	0.025504443794488907	0.0331406056880951	0.10197622132985215
73.21874078918881	300	13.715002562251009	0.0	157671	1438.0290802656134	0.3	0.06613166630268097	0.026994401589035988	0.03373838439583778	0.10964381886552471
74.45897427176436	300	16.474769079675454	0.0	157812	1240.2334825755531	0.3	0.07564529031515121	0.02861614339053631	0.041305918246507645	0.12724378289826274
75.73144568774536	300	19.202297663694452	0.0	163927	1272.4714159810017	0.3	0.07732652872800827	0.028730329126119614	0.04285013377666474	0.1288256835801862
77.62535162471501	750	21.308391726724803	0.0	343800	1893.905936969647	0.3	0.08624927699565887	0.030775805935263634	0.049318309873342514	0.1815296067713367
79.6382252054079	750	23.295518146031917	0.0	359903	2012.8735806928844	0.75	0.08599533140659332	0.030948663130402565	0.04885693565011025	0.1788005980366198
84.78647089936716	1200	22.147272452072656	0.0	590335	5148.245693959265	0.75	0.09937433898448944	0.034675274044275284	0.0577640101313591	0.11466721580375899
95.29164810432192	1200	15.642095247117892	0.0	696376	10505.177204954764	1.2	0.08652080595493317	0.031243864446878433	0.04902816861867905	0.0662888389613794
99.0226470515511	750	15.911096299888712	0.0	277716	3730.998947229179	0.3	0.07583732903003693	0.032100338488817215	0.03731692284345627	0.07443475699885828
103.62415168068176	750	15.30959167075804	0.0	400396	4601.504629130671	0.75	0.0790688693523407	0.03242987021803856	0.040153025090694426	0.08701414695211204
108.43950177957532	750	14.494241571864489	0.0	400508	4815.350098893551	0.75	0.07768440246582031	0.031381960958242416	0.040026049315929416	0.0831731840415979
114.87524856329671	750	12.058494788143104	0.0	358218	6435.746783721384	0.75	0.07701721787452698	0.033166199922561646	0.03721777796745301	0.0556606734289296
116.64068831709932	300	14.293055034340494	0.0	157488	1765.4397538026099	-0.15000000000000002	0.07164104282855988	0.03198637813329697	0.03325738906860352	0.08920610270658287
118.17592515154334	300	16.75781819989647	0.0	143881	1535.2368344440256	0.3	0.08598949760198593	0.03211226686835289	0.047454777359962466	0.09371909061321175
119.94816026128075	300	18.98558309015906	0.0	163444	1772.2351097374096	0.3	0.07606318593025208	0.03121234104037285	0.03860837668180466	0.09222478389123966
129.60700332275994	750	13.326740028679874	0.0	401088	9658.843061479187	0.3	0.07721874862909317	0.029313886538147926	0.04204208478331566	0.041525470229410284
140.31387771802417	750	6.6198656334156585	0.0	365161	10706.874395264214	0.75	0.06769320368766785	0.031072936952114105	0.030405679345130922	0.03410528474692066
142.35764475981216	300	8.576098591627645	0.0	131610	2043.7670417880145	-0.15000000000000002	0.05428188294172287	0.024997897446155548	0.024284406006336214	0.06439579331157987
143.89736724656865	300	11.036376104871167	0.0	124011	1539.7224867564785	0.3	0.06009375676512718	0.025408832356333733	0.029603157937526704	0.08054113716377352
145.30123338968235	300	13.632509961757465	0.0	144254	1403.8661431137007	0.3	0.0687660276889801	0.026704654097557068	0.036720442771911624	0.10275481085401225
146.66871165998938	300	16.26503169145044	0.0	149991	1367.478270307027	0.3	0.07292002439498901	0.02654527686536312	0.04106569215655327	0.10968437543532149
149.22597309469876	750	17.70777025674105	0.0	345516	2557.2614347093904	0.3	0.07087336480617523	0.028567535802721977	0.03659232184290886	0.13511172354549067
151.35435663039365	750	19.579386721046163	0.0	384505	2128.383535694888	0.75	0.08321675658226013	0.029096346348524094	0.04830114096403122	0.18065587970941732
153.37604538522874	750	21.557697966211094	0.0	372093	2021.688754835068	0.75	0.0852450504899025	0.031880684196949005	0.04698822945356369	0.1840505859816962
161.0201136348283	1200	17.913629716611524	0.0	634861	7644.068249599566	0.75	0.10368160903453827	0.03169003501534462	0.06565356701612474	0.08305276447960248
165.9862609920875	750	16.947482359352335	0.0	398987	4966.14735725919	0.3	0.08655552566051483	0.029938260093331337	0.05062961354851723	0.0803413534269753
171.7200956752298	750	15.213647676210021	0.0	393804	5733.834683142314	0.75	0.08149205893278122	0.0334431417286396	0.041360288858413696	0.06868073841713614
175.8980592539926	750	15.035684097447206	0.0	331053	4177.963578762816	0.75	0.07866059243679047	0.03134738653898239	0.0410437285900116	0.07923788557726773
182.12958264995305	1200	12.804160701486747	0.0	550906	6231.523395960458	0.75	0.07580341398715973	0.03268466144800186	0.036581820249557494	0.08840631174667835

