3.2890336501885713	750	4.0	3.2890336501885713	450283	3289.0336501885713	-13.392844695810856	0.12450648844242096	0.03408358618617058	0.08360618501901626	0.1369043457412434
4.307494189992414	300	6.981539460196158	0.0	155580	1018.4605398038425	-0.15000000000000002	0.110989511013031	0.02871610037982464	0.07653019055724145	0.15275996852069007
6.330424581231718	750	8.958609068956855	0.0	350812	2022.9303912393032	0.3	0.12619243562221527	0.026495547965168953	0.09439777806401253	0.17341773178121211
8.59979813244219	750	10.689235517746383	0.0	382355	2269.3735512104727	0.75	0.11896667629480362	0.030317407101392746	0.08258578777313233	0.16848482251679267
11.014378230718805	750	12.274655419469767	0.0	411561	2414.580098276615	0.75	0.12278840690851212	0.032117027789354324	0.08424797356128694	0.17044826978146138
12.855750259474856	750	14.433283390713715	0.0	318564	1841.3720287560516	0.75	0.10348019003868103	0.031352173537015915	0.06585758179426193	0.17300360547738286
14.803725544961692	750	16.48530810522688	0.0	352642	1947.975285486835	0.75	0.10325207561254501	0.03519493341445923	0.06101815551519394	0.18103001748909162
18.306925268313705	750	16.982108381874866	0.0	437162	3503.1997233520146	0.75	0.09644041955471039	0.03143804520368576	0.05871476531028748	0.1247893453193426
24.187389468757377	1200	15.101644181431194	0.0	584846	5880.464200443673	0.75	0.10248389095067978	0.03536149486899376	0.06005009710788727	0.09945575384267694
28.139938729718605	1200	15.149094920469969	0.0	560821	3952.549260961226	1.2	0.10216313600540161	0.03623358532786369	0.058682833611965184	0.14188842768871984
36.65256973368151	1200	10.63646391650707	0.0	607410	8512.631003962899	1.2	0.10701793432235718	0.0333632156252861	0.06698207557201385	0.07135396797032921
37.963903460320324	750	13.325130189868249	0.0	405134	1311.3337266388205	0.3	0.09335004538297653	0.035074833780527115	0.051260244846344	0.30894805172015966
40.694706608123255	1200	14.594327042065322	0.0	624282	2730.8031478029266	0.75	0.13571539521217346	0.032449912279844284	0.09677550047636033	0.2286074704807146
45.11532130127956	1200	14.173712348909016	0.0	687371	4420.614693156306	1.2	0.1263730376958847	0.03314981237053871	0.08659326285123825	0.15549217647585092
49.48622582543545	1200	13.80280782475313	0.0	526950	4370.904524155884	1.2	0.1271713227033615	0.03614259138703346	0.08380021303892135	0.12055857021991699
53.31263704706227	1200	13.976396603126314	0.0	587876	3826.411221626816	1.2	0.13302892446517944	0.03143773972988129	0.09530363678932191	0.1536363882369292
58.68859981274467	1200	12.60043383744391	0.0	617242	5375.962765682406	1.2	0.11264081299304962	0.03177038952708244	0.0745163455605507	0.11481515533183748
64.16316134913366	1200	11.12587230105493	0.0	581493	5474.561536388981	1.2	0.10608282685279846	0.03344770893454552	0.06594557613134384	0.1062172734994139
65.2215823527409	750	14.067451297447692	0.0	405596	1058.4210036072386	0.3	0.10485997796058655	0.032305359840393066	0.06609354615211488	0.38320857070832426
68.92458431351325	1200	14.364449336675332	0.0	586839	3703.0019607723584	0.75	0.13274317979812622	0.035230185836553574	0.09046695679426194	0.15847655664692095
73.30743346585221	1200	13.98160018433637	0.0	601738	4382.849152338963	1.2	0.13201630115509033	0.03639862313866615	0.08833795338869095	0.13729379658865853
76.84382372404188	1200	14.4452099261467	0.0	616206	3536.3902581896696	1.2	0.11935777217149734	0.03256770223379135	0.08027652949094773	0.17424717155381064
80.71510899783418	1200	14.573924652354401	0.0	656471	3871.2852737923	1.2	0.12417779117822647	0.03434670716524124	0.08296174257993699	0.16957443163492905
83.66112663381473	1200	15.62790701637385	0.0	536667	2946.017635980549	1.2	0.12839943170547485	0.03236673027276993	0.08955935537815093	0.1821669339129317
88.02066505377674	1200	15.26836859641183	0.0	587236	4359.53841996202	1.2	0.11124315857887268	0.03581681847572327	0.06826297640800477	0.1347014163956183
93.94794863963664	1200	13.341085010551936	0.0	590335	5927.283585859894	1.2	0.12073534727096558	0.0383758582174778	0.07468431740999222	0.09959621324822403
97.1175491904731	750	14.17148445971547	0.0	425781	3169.600550836466	0.3	0.10284408926963806	0.038110289722681046	0.05711174160242081	0.13433270002670694
98.7441562931153	750	16.544877357073265	0.0	277716	1626.6071026422057	0.75	0.11651942133903503	0.03581369295716286	0.0735429897904396	0.17073330096056233
107.26058941088942	1200	12.028444239299146	0.0	622896	8516.43311777412	0.75	0.12687119841575623	0.03691527619957924	0.08257286697626115	0.07314047928116671
107.97273301497401	750	15.316300635214551	0.0	400508	712.1436040845942	0.3	0.0880393236875534	0.03135647252202034	0.050411556661129	0.5623978053061673
113.10167657896923	1850	14.187357071219333	0.0	873429	5128.94356399522	0.75	0.16693852841854095	0.033700235188007355	0.12649824619293212	0.17029413349981132
117.94313713181414	1200	13.34589651837441	0.0	620283	4841.460552844923	0.5499999999999999	0.1345779299736023	0.03850951045751572	0.08836651742458343	0.1281189825321434
121.71068939098662	1200	13.578344259201936	0.0	584349	3767.5522591724725	1.2	0.12325799465179443	0.03403886407613754	0.08241135776042938	0.15510043651746183
127.18630890183017	1200	12.102724748358385	0.0	670129	5475.61951084355	1.2	0.12667441368103027	0.03379281237721443	0.08612303882837297	0.12238414277561131
130.39003671937078	750	12.898996930817768	0.0	401088	3203.727817540618	0.3	0.10434925556182861	0.03362501785159111	0.06399923413991929	0.12519415594671218
134.0425815236629	750	13.246452126525666	0.0	365161	3652.5448042921007	0.75	0.09984292089939117	0.03471092879772186	0.05818980634212494	0.09997440676727627
134.89708561419178	750	16.39194803599678	0.0	321064	854.5040905288869	0.75	0.09955081343650818	0.03625785931944847	0.05604138225317001	0.37573137865411577
138.355522361149	1200	16.93351128903952	0.0	575591	3458.4367469572603	0.75	0.14487405121326447	0.030549360439181328	0.10821481868624688	0.1664309750659474
142.83159328876857	1200	16.45744036141997	0.0	605884	4476.070927619547	1.2	0.1305399239063263	0.03282551094889641	0.09114931076765061	0.13536067899670656
146.23957456267183	1200	17.049459087516727	0.0	587506	3407.9812739032436	1.2	0.11674575507640839	0.03576339781284332	0.07382967770099641	0.1723912054619699
149.56181310007506	1200	17.727220550113483	0.0	566904	3322.238537403244	1.2	0.1142416000366211	0.034747764468193054	0.07254428267478943	0.17063916200403487
153.12717201107768	1200	18.16186163911089	0.0	641452	3565.358911002595	1.2	0.12029604613780975	0.033331818878650665	0.08029786348342896	0.17991232187606626
157.48672709224195	1200	17.802306557946608	0.0	599477	4359.555081164279	1.2	0.1268709897994995	0.03687799349427223	0.08261739760637284	0.13750875693487086
163.74436920585876	1200	15.544664444329788	0.0	634861	6257.64211361682	1.2	0.11575924605131149	0.03628171235322952	0.07222119122743606	0.10145370867703077
168.0396879861357	1200	15.24934566405282	0.0	630203	4295.318780276967	1.2	0.10649662464857101	0.03327110782265663	0.06657129526138306	0.1467185632167128
176.84746372805532	1200	10.441569922133215	0.0	638661	8807.775741919604	1.2	0.1091841608285904	0.0344073548913002	0.06789533495903016	0.07251104236911549
177.44998272034266	750	13.839050929845879	0.0	331053	602.5189922873382	0.3	0.09681542217731476	0.03358184173703194	0.05651721209287643	0.54944824020107
185.084445917766	2850	10.204587732422537	0.0	1364537	7634.463197423342	0.75	0.17977966368198395	0.03314851224422455	0.14000144898891448	0.17873385000539868

