1.76706924813	750	4.0	1.7670692481336818	450283	1767.06924813	-6.8483977669748315	0.294661656379	0.0366490694541	0.258012586925	0.254819102577
4.13662067609	1200	5.630448572044099	0.0	611087	2369.55142796	0.75	0.254819102577	0.0316935807099	0.223125521867	0.257891427378
7.25162200922	1850	6.515447238912123	0.0	877771	3115.00133313	1.2000000000000002	0.256346059803	0.0318834987403	0.224462561062	0.28178832242
10.4558746456	1850	7.311194602508209	0.0	933276	3204.2526364	1.85	0.264300497139	0.0328728460819	0.231427651057	0.29126167812
14.3980759689	1850	7.368993279225844	0.0	996749	3942.20132328	1.85	0.27056176076	0.0229231319809	0.24763862878	0.252840714682
18.6761635532	2850	7.090905694907585	0.0	1224260	4278.08758432	1.85	0.266821574047	0.0226062476089	0.244215326438	0.286169924264
23.2989885932	2850	6.468080654933327	0.0	1388403	4622.82503997	2.85	0.27308691613	0.0231370737799	0.249949842351	0.300336479965
31.3107020477	2850	4.0	1.5436327995640522	1638769	8011.7134545	-3.787621038125424	0.281512712996	0.0238509427799	0.257661770216	0.204546631542
33.3038122002	1200	6.006889847476794	0.0	584846	1993.11015252	-0.44999999999999996	0.261762495656	0.0715663365531	0.190196159103	0.293433857261
35.2183333371	1200	8.092368710548069	0.0	560821	1914.52113693	1.2	0.262111254441	0.0716616878315	0.19044956661	0.292930168898
38.3736154366	1850	8.937086611125794	0.0	939819	3155.28209942	1.2000000000000002	0.269765839459	0.0737544651264	0.196011374333	0.297855776563
41.453584943	1850	9.857117104668879	0.0	917428	3079.96950646	1.85	0.271776129104	0.0743040819265	0.197472047177	0.29786918282
44.6179036818	1850	10.69279836590097	0.0	946851	3164.31873877	1.85	0.271369320764	0.0741928597956	0.197176460968	0.299227441408
52.355012543	2850	6.955689504664269	0.0	1578343	7737.10886124	1.85	0.296240938312	0.0288594379137	0.267381500398	0.203996483481
55.2400602093	1850	8.070641838405917	0.0	821631	2885.04766626	0.8500000000000001	0.272149193389	0.0847426899195	0.187406503469	0.284789402133
58.0759110656	1850	9.234790982140737	0.0	923170	2835.85085627	1.85	0.270711319329	0.0842949600765	0.186416359252	0.325535455421
60.8601567244	1850	10.450545323253973	0.0	966699	2784.24565889	1.85	0.274961078873	0.0856182638526	0.18934281502	0.347203199155
63.7575167139	1850	11.553185333751435	0.0	885714	2897.3599895	1.85	0.282368282999	0.0879247428639	0.194443540136	0.305696911398
67.0799426733	1850	12.23075937444149	0.0	987708	3322.42595931	1.85	0.283500621193	0.0882773339674	0.195223287226	0.297285180196
70.2146188487	1850	13.096083198951417	0.0	923755	3134.67617549	1.85	0.310590377066	0.0534937603039	0.257096616762	0.294689131599
73.2635734018	1850	14.047128645873757	0.0	891604	3048.95455308	1.85	0.312883014411	0.053888626989	0.258994387422	0.292429416208
76.5439576231	1850	14.766744424609483	0.0	955231	3280.38422126	1.85	0.30621905916	0.0527408772477	0.253478181912	0.291194852666
81.6124664721	2850	13.698235575612703	0.0	1505760	5068.508849	1.85	0.296170823191	0.0209991573331	0.275171665858	0.297081458247
86.0274638504	2850	13.283238197315368	0.0	1323990	4414.9973783	2.85	0.294515844299	0.0192529107253	0.275262933573	0.299884662788
93.0758416524	2850	10.234860395302086	0.0	1383735	7048.37780201	2.85	0.295022547054	0.0192860345898	0.275736512465	0.196319641039
96.1191391036	1850	11.191562944100644	0.0	905935	3043.2974512	0.8500000000000001	0.268122613921	0.0897032495538	0.178419364367	0.297682042103
99.748636494	1850	11.562065553672193	0.0	1076599	3629.49739043	1.85	0.268992990469	0.0899944432114	0.178998547257	0.29662481721
102.424998461	1850	12.885703587156083	0.0	758197	2676.36196652	1.85	0.269905818614	0.0902998394991	0.179605979115	0.283293892786
108.043829833	1850	11.266872214405813	0.0	972798	5618.83137275	1.85	0.267539868516	0.0895082859297	0.178031582586	0.173131730687
111.348801101	1850	11.961900946500409	0.0	975811	3304.97126791	1.85	0.236628851771	0.0835004120184	0.153128439753	0.295255516886
114.290247489	1850	13.020454558736354	0.0	873429	2941.44638776	1.85	0.257422788216	0.0908380728642	0.166584715352	0.296938609398
117.481389675	1850	13.829312372700121	0.0	954453	3191.14218604	1.85	0.257311369457	0.0907987559667	0.16651261349	0.299094476008
120.650385263	1850	14.660316784903467	0.0	885062	3168.9955878	1.85	0.257680509895	0.0909290164082	0.166751493487	0.279287861242
124.273993653	1850	15.036708395099215	0.0	1035329	3623.6083898	1.85	0.257009874504	0.0906923659276	0.166317508576	0.285717684867
129.325074573	2850	13.985627474932306	0.0	1492672	5051.08092017	1.85	0.291061246056	0.0482192974623	0.242841948593	0.29551536069
134.215506365	2850	13.095195682970644	0.0	1439896	4890.43179196	2.85	0.291111713155	0.0356830497266	0.255428663429	0.294431261135
138.143046363	2850	13.167655684894056	0.0	1139291	3927.53999808	2.85	0.290626437098	0.0356235669614	0.255002870137	0.290077504127
143.15810526	2850	12.152596787866129	0.0	1499009	5015.05889703	2.85	0.288881326898	0.0263755658366	0.262505761062	0.298901574394
147.986358317	2850	11.324343731183088	0.0	1427478	4828.25305668	2.85	0.292856758388	0.0267385323741	0.266118226014	0.295651032214
155.188491727	2850	8.122210320926378	0.0	1402287	7202.13341026	2.85	0.294887810975	0.00956503762456	0.285322773351	0.194704391063
158.08747766	1850	9.223224387451097	0.0	858450	2898.98593348	0.8500000000000001	0.267270013613	0.0908007147365	0.176469298876	0.296120788337
161.746361235	1850	9.564340812494777	0.0	1025005	3658.88357496	1.85	0.267547149605	0.0908948672598	0.176652282345	0.280141463646
164.842797652	1850	10.467904396075042	0.0	886255	3096.43641642	1.85	0.265808066288	0.0903040415026	0.175504024785	0.28621772929
168.131807387	1850	11.178894661030231	0.0	973972	3289.00973504	1.85	0.263729408923	0.0895978508909	0.174131558032	0.296129254232
171.349036034	1850	11.961666014136288	0.0	958994	3217.22864689	1.85	0.26380541374	0.0896236723124	0.174181741427	0.298080772383
174.675963785	1850	12.63473826224733	0.0	982064	3326.92775189	1.85	0.291168821683	0.0300277770058	0.261141044677	0.295186452258
181.390926276	4300	9.91977577201053	0.0	1961140	6714.96249024	1.8499999999999996	0.290987692976	0.0300090974906	0.260978595485	0.292055242729
188.610361875	4300	6.700340172609434	0.0	2155012	7219.4355994	4.3	0.293474731275	0.0302655817907	0.263209149484	0.298501450748

