2.2522568734	750	4.0	2.252256873404696	450283	2252.2568734	-8.934704555640193	0.0531705865897	0.0145245493647	0.038646037225	0.199925241795
4.25646284567	750	5.995794027732417	0.0	398865	2004.20597227	0.75	0.199925241795	0.0546133535467	0.145311888248	0.199013976367
6.49695465385	1200	7.755302219557418	0.0	571051	2240.49180817	0.75	0.199468568315	0.0544886045656	0.14497996375	0.254877521942
8.60009422611	1200	9.652162647292478	0.0	617681	2103.13957226	1.2	0.215052291787	0.0587455927871	0.156306698999	0.293694725802
11.6502299543	1850	10.602026919061572	0.0	996749	3050.13572823	1.2000000000000002	0.230481242599	0.055764322292	0.174716920307	0.326788408389
13.8536508903	1850	12.398605983063897	0.0	801058	2203.420936	1.85	0.244917046304	0.0557492633409	0.189167782963	0.363551960006
16.5711295441	1850	13.6811273292578	0.0	905515	2717.47865381	1.85	0.275272123501	0.0677266147147	0.207545508786	0.333218808814
22.2412213098	2850	12.011035563620615	0.0	1638769	5670.09176564	1.85	0.309787372376	0.0762185787122	0.233568793663	0.289019837374
26.5250945696	2850	11.727162303806693	0.0	1348011	4283.87325981	2.85	0.318946309334	0.0784719990247	0.240474310309	0.314671074106
30.2658379225	2850	11.986418950908208	0.0	1429765	3740.7433529	2.85	0.323632025563	0.0796248498607	0.244007175702	0.382214139041
34.6659729076	2850	11.58628396576786	0.0	1354548	4400.13498514	2.85	0.33320237081	0.0819794910681	0.251222879742	0.307842374058
39.8559625972	2850	10.396294276176246	0.0	1519951	5189.98968959	2.85	0.322504224645	0.0477753050774	0.274728919567	0.292862046152
47.6462403632	2850	6.606016510177183	0.0	1422919	7790.277766	2.85	0.314125229412	0.0417474507337	0.272377778678	0.182653179096
50.3655325483	1850	7.886724325146059	0.0	1036454	2719.29218503	0.8500000000000001	0.27882949997	0.11669959181	0.16212990816	0.381148449477
52.8709741084	1850	9.381282764970365	0.0	821631	2505.44156018	1.85	0.287722861997	0.120421765104	0.167301096893	0.327938600948
55.8872864707	1850	10.364970402684058	0.0	923170	3016.31236229	1.85	0.280727751737	0.117494074483	0.163233677254	0.306059150751
59.0569394436	1850	11.195317429832832	0.0	966699	3169.65297285	1.85	0.280429755075	0.117369352785	0.163060402291	0.304985753418
62.0084823852	1850	12.243774488166883	0.0	885714	2951.54294167	1.85	0.282580999918	0.11826972163	0.164311278288	0.300085080077
67.3792708025	2850	10.872986070855665	0.0	1537156	5370.78841731	1.85	0.321510881413	0.0680431725288	0.253467708884	0.286206769018
72.1403477458	2850	10.111909127571092	0.0	1336050	4761.07694328	2.85	0.304471449831	0.0334330652774	0.271038384554	0.280619283392
77.1315544249	2850	9.12070244850186	0.0	1415116	4991.20667907	2.85	0.295227412867	0.0324180062582	0.262809406609	0.28352181967
81.081080359	2850	9.171176514360388	0.0	1468126	3949.52593414	2.85	0.290768341493	0.0319283694649	0.258839972028	0.371722081202
86.3420398844	2850	7.910216988984239	0.0	1505760	5260.95952538	2.85	0.301074958617	0.0538423805887	0.247232578028	0.286213948755
89.825436857	2850	8.426820016354958	0.0	1323990	3483.39697263	2.85	0.298175259598	0.0533238163784	0.24485144322	0.380085878929
93.3638300959	2850	8.888426777491109	0.0	1383735	3538.39323886	2.85	0.314353340739	0.0562170041945	0.258136336545	0.391063091802
97.2467368751	2850	9.00551999826018	0.0	1480464	3882.90677923	2.85	0.335587281527	0.0600143506311	0.275572930896	0.38127724516
100.978927616	2850	9.273329257755435	0.0	1547572	3732.1907405	2.85	0.357271690489	0.0638922560056	0.293379434483	0.41465512017
104.995919643	2850	9.256337230403576	0.0	1141971	4016.99202735	2.85	0.364526805619	0.0646295297115	0.299897275908	0.28428510493
111.026654976	2850	7.225601897623377	0.0	1498470	6030.73533278	2.85	0.363897891754	0.0801032606144	0.28379463114	0.248472187439
115.991421395	2850	6.260835478746909	0.0	1561263	4964.76641888	2.85	0.330387836961	0.104796564208	0.225591272753	0.31446857078
118.619594127	1850	7.632662746751354	0.0	873429	2628.172732	0.8500000000000001	0.3173280487	0.100654096521	0.216673952179	0.332333179386
121.455522226	1850	8.796734646955567	0.0	954453	2835.9280998	1.85	0.309735033984	0.0982456487353	0.211489385248	0.33655754533
124.133767464	1850	10.118489409811358	0.0	885062	2678.24523714	1.85	0.299357327027	0.094953917286	0.204403409741	0.330463389881
127.291146685	1850	10.961110188658083	0.0	1035329	3157.37922115	1.85	0.308434339937	0.0978330782591	0.210601261678	0.327907713164
131.470518138	2850	10.781738734937907	0.0	1492672	4179.37145372	1.85	0.328171223309	0.0282327907456	0.299938432564	0.357152269553
138.476030493	2850	7.776226379961107	0.0	1439896	7005.51235498	2.85	0.336566455377	0.0289550381988	0.307611417179	0.205537571992
141.063369313	1850	9.188887560119355	0.0	728962	2587.33881984	0.8500000000000001	0.299183185146	0.11647518061	0.182708004536	0.281741994674
144.227534563	1850	10.024722310323416	0.0	938587	3164.1652498	1.85	0.289180222894	0.112580921532	0.176599301362	0.296630209203
147.094557278	1850	11.157699595228713	0.0	908665	2867.02271509	1.85	0.283520602494	0.110377571407	0.173143031087	0.316936798309
150.154085917	1850	12.098170956843559	0.0	930577	3059.52863839	1.85	0.281833560583	0.109720788135	0.172112772448	0.304156982983
153.047489839	1850	13.204767034694012	0.0	858450	2893.40392215	1.85	0.274290974768	0.106784379645	0.167506595124	0.296692070343
156.917064583	1850	13.335192290237485	0.0	1025005	3869.57474446	1.85	0.298792440366	0.0284984197729	0.270294020593	0.264888280416
160.155300416	1850	14.096956457255626	0.0	886255	3238.23583298	1.85	0.29481385403	0.0334527073385	0.261361146691	0.273684513948
163.592037591	1850	14.660219282227068	0.0	973972	3436.73717503	1.85	0.289981225823	0.0329043460764	0.257076879747	0.2834001992
169.306097865	2850	12.946159008211268	0.0	1464921	5714.06027402	1.85	0.283834951327	0.0322069245708	0.251628026756	0.256371289372
173.855817075	2850	12.396439798472572	0.0	1483527	4549.71920974	2.85	0.274292912703	0.0311241836442	0.243168729059	0.32607001259
178.531506936	2850	11.72074993707965	0.0	1231456	4675.68986139	2.85	0.278939772808	0.0382236412616	0.240716131547	0.263374183598
185.501592764	4300	8.750664109578107	0.0	2155012	6970.0858275	2.8499999999999996	0.278602452046	0.0381774175636	0.240425034482	0.309180123937

