1.96114178415	750	4.0	1.9611417841507919	450283	1961.14178415	-7.682909671848405	0.0440691420678	0.0242112148939	0.0198579271739	0.229602471193
3.94407710944	750	6.017064674714958	0.0	398865	1982.93532529	0.75	0.229602471193	0.116534440178	0.113068031015	0.201148769157
6.02993905817	750	7.931202725983343	0.0	350812	2085.86194873	0.75	0.214435851367	0.108836641711	0.105599209656	0.168185627152
8.28154581714	750	9.679595967006975	0.0	382355	2251.60675898	0.75	0.196430081101	0.0996978360745	0.0967322450267	0.169814288608
11.7929248534	1200	10.168216930795786	0.0	652874	3511.37903621	0.75	0.189023447512	0.0723435902282	0.116679857284	0.185930938605
14.7704664642	1200	11.19067531997267	0.0	520315	2977.54161082	1.2	0.188396743199	0.0406340243888	0.14776271881	0.174746508364
18.2022579931	1200	11.75888379101893	0.0	561791	3431.79152895	1.2	0.179166786406	0.0386432771866	0.140523509219	0.163701960116
23.1989642083	1200	10.762177575810224	0.0	709534	4996.70621521	1.2	0.172151554916	0.0371302091653	0.13502134575	0.142000343714
26.714181074	1200	11.246960710105713	0.0	584846	3515.2168657	1.2	0.165889194646	0.0290544000384	0.136834794607	0.166375510344
30.2018198275	1200	11.75932195662503	0.0	560821	3487.63875348	1.2	0.165221993942	0.0289375442288	0.136284449713	0.16080249121
34.077193167	1200	11.883948617163368	0.0	607410	3875.37333946	1.2	0.16075731914	0.0281555858378	0.132601733303	0.15673586692
37.5911476256	1200	12.36999415859771	0.0	594078	3513.95445857	1.2	0.157428903872	0.0275726358217	0.12985626805	0.169062521158
41.2171233278	1200	12.74401845630648	0.0	624282	3625.97570229	1.2	0.158394876056	0.0277418194887	0.130653056568	0.172169383155
46.2882206418	1850	11.672921142352275	0.0	1036454	5071.09731395	1.2000000000000002	0.164838743271	0.0122110623603	0.152627680911	0.204384561335
50.3393238884	1850	11.621817895765359	0.0	821631	4051.10324659	1.85	0.171145473376	0.0277459813298	0.143399492046	0.202816603278
56.5319328644	1850	9.429208919767694	0.0	923170	6192.608976	1.85	0.179040348005	0.0290258927394	0.150014455266	0.149076100813
60.504849824	1850	9.456291960154294	0.0	966699	3972.91695961	1.85	0.176963032068	0.0296165869644	0.147346445104	0.243322226421
66.0678465101	1850	7.893295274061164	0.0	885714	5562.99668609	1.85	0.189040963717	0.0405081002944	0.148532863423	0.159215266515
71.8523499746	1850	6.108791809550208	0.0	987708	5784.50346451	1.85	0.185722646102	0.0397970441289	0.145925601973	0.170750697283
74.8816144864	1200	7.079527297712915	0.0	586839	3029.26451184	0.5499999999999999	0.179303891604	0.0384216197455	0.140882271859	0.193723261111
77.757376413	1200	8.203765371172038	0.0	601738	2875.76192654	1.2	0.177827987698	0.0381053599134	0.139722627785	0.209244720311
81.4311722903	1200	8.52996949388656	0.0	616206	3673.79587729	1.2	0.190925912678	0.0409120111721	0.150013901506	0.167730059204
84.9539771036	1200	9.007164680571938	0.0	656471	3522.80481331	1.2	0.178314448234	0.0281333348877	0.150181113346	0.18634895624
89.8706320949	1850	8.090509689231164	0.0	874175	4916.65499134	1.2000000000000002	0.184326196305	0.0240625440948	0.160263652211	0.177798727293
96.1290513082	1850	5.83209047600032	0.0	897976	6258.41921323	1.85	0.185917355383	0.0242702592011	0.161647096182	0.143482877929
99.6832497444	1200	6.277892039715795	0.0	590335	3554.19843628	0.5499999999999999	0.174209108291	0.0397621430384	0.134446965252	0.166095115561
104.413680364	1200	5.547461420484433	0.0	696376	4730.43061923	1.2	0.166985645415	0.0381134326643	0.128872212751	0.1472119678
107.098197068	1200	6.862944715920131	0.0	487160	2684.51670456	1.2	0.162476617275	0.0370842750983	0.125392342177	0.181470280729
110.808395365	1200	7.152746418989416	0.0	622896	3710.19829693	1.2	0.161718476312	0.0369112341493	0.124807242162	0.167887522485
114.541021201	1200	7.420120583517881	0.0	641447	3732.62583547	1.2	0.160000213538	0.0365190513819	0.123481162156	0.171848727484
117.63616236	1200	8.324979424427983	0.0	570392	3095.14115909	1.2	0.166115402133	0.0196706273788	0.146444774754	0.184286263754
120.2432627	1200	9.71787908446276	0.0	620283	2607.10033997	1.2	0.169461363164	0.0200668408053	0.149394522359	0.237920647123
123.282404649	1200	10.678737135363022	0.0	584349	3039.1419491	1.2	0.185767209368	0.0415088876467	0.144258321722	0.19227433591
126.529854423	1200	11.431287361629307	0.0	670129	3247.44977373	1.2	0.187929197344	0.0419919746041	0.14593722274	0.206355462499
132.221422412	1850	9.73971937230154	0.0	1026056	5691.56798933	1.2000000000000002	0.196113787203	0.0438207861692	0.152293001034	0.18027650762
138.219636922	1850	7.7415048617277895	0.0	943942	5998.21451057	1.85	0.198228896558	0.0442933982996	0.153935498259	0.157370497226
142.582950417	1850	7.378191366902458	0.0	728962	4363.31349483	1.85	0.191193937931	0.0427214669117	0.148472471019	0.16706615302
147.762042628	1850	6.199099155991055	0.0	938587	5179.09221091	1.85	0.178993164644	0.0368935827504	0.142099581893	0.181226161222
150.531919485	1200	7.429222298785142	0.0	605884	2769.87685721	0.5499999999999999	0.176984305348	0.0364795221531	0.140504783195	0.218740410219
154.137359827	1200	7.823781956884001	0.0	587506	3605.4403419	1.2	0.178720055563	0.0368372902518	0.141882765311	0.162949860291
156.973775552	1200	8.98736623233646	0.0	566904	2836.41572455	1.2	0.175029964378	0.0360766987245	0.138953265654	0.19986632957
160.59085202	1200	9.370289763997429	0.0	641452	3617.07646834	1.2	0.183719173911	0.0294491352024	0.154270038709	0.177339905754
164.20532496	1200	9.755816823716227	0.0	599477	3614.47294028	1.2	0.186090232146	0.0298292023072	0.156261029839	0.165854610037
168.743965865	1200	9.21717591920642	0.0	634861	4538.64090451	1.2	0.182614407419	0.0292720474378	0.153342359981	0.13987909891
172.584738889	1200	9.376402895037812	0.0	630203	3840.77302417	1.2	0.166903124572	0.0390585640007	0.127844560571	0.164082333435
176.264495322	1200	9.696646461666123	0.0	638661	3679.75643337	1.2	0.167139436418	0.0391138655498	0.128025570868	0.173560672171
181.737401457	1850	8.223740327629795	0.0	830730	5472.90613404	1.2000000000000002	0.163007304347	0.0381468666075	0.12486043774	0.151789557441
186.679645984	1850	7.281495800643013	0.0	846370	4942.24452699	1.85	0.158114506911	0.0370018572358	0.121112649675	0.171252149783

