13.2686016547	750	4.0	13.268601654709265	450283	13268.6016547	-56.30498711524984	0.13700696879	0.0223833505893	0.114623618201	0.0339359799712
16.4083691792	300	4.860232475478568	0.0	155580	3139.76752452	-0.15000000000000002	0.0339359799712	0.0055442503691	0.0283917296021	0.0495514393295
18.395790687	300	6.872810967708798	0.0	139857	1987.42150777	0.3	0.0402833544674	0.0096528006882	0.0306305537792	0.0703710810481
20.0210252875	300	9.247576367180882	0.0	155432	1625.23460053	0.3	0.0469787340911	0.0140702775576	0.0329084565335	0.0956366545171
21.4325978528	300	11.83600380194245	0.0	163442	1411.57256524	0.3	0.0538249901077	0.0181504542816	0.0356745358261	0.115787175258
22.4710588054	300	14.797542849275187	0.0	126289	1038.46095267	0.3	0.0602762158856	0.0210118677236	0.039264348162	0.121611698231
24.9807414071	750	16.287860247651743	0.0	352642	2509.68260162	0.3	0.0810279510837	0.0282457776267	0.052782173457	0.140512589031
28.1092070254	750	17.159394629353535	0.0	437162	3128.4656183	0.75	0.102790023376	0.035831883982	0.0669581393943	0.139736872109
31.69647732	1200	17.572124334708537	0.0	584846	3587.27029464	0.75	0.1202247408	0.041909504664	0.0783152361357	0.163033714207
35.096477007	1200	18.17212464771715	0.0	560821	3399.99968699	1.2	0.134169707084	0.0467706224809	0.0873990846032	0.164947368126
38.0093155661	1200	19.259286088639282	0.0	607410	2912.83855908	1.2	0.144124445327	0.0483196425548	0.0958048027719	0.208528549619
43.5409953577	1850	17.727606297007675	0.0	917428	5531.67979163	1.2000000000000002	0.159923981909	0.0475657603192	0.11235822159	0.165849802331
49.1024870057	1850	16.166114649002374	0.0	946851	5561.49164801	1.85	0.16568577237	0.039096984588	0.126588787782	0.170251267093
54.7445321288	1850	14.52406952586682	0.0	1036454	5642.04512314	1.85	0.173040495979	0.0408324837287	0.13220801225	0.183701827508
58.435123826	1850	14.833477828660195	0.0	821631	3690.59169721	1.85	0.177274327057	0.0418315437327	0.135442783324	0.222628528813
63.1816691416	1850	14.086932513101518	0.0	923170	4746.54531556	1.85	0.187729115756	0.0442985673447	0.143430548411	0.194493034118
69.3882842477	1850	11.880317407027542	0.0	966699	6206.61510607	1.85	0.185321176795	0.0313643122607	0.153956864534	0.155753012468
89.2104882548	1850	4.0	7.941886600135822	885714	19822.2040072	-32.30011238058403	0.182674716448	0.0309164173675	0.151758299081	0.044682922226
91.1682650558	300	6.042223199050346	0.0	165384	1957.77680095	-1.25	0.113954139928	0.0860805290052	0.027873610923	0.0844754110478
92.5359424442	300	8.674545810622966	0.0	140881	1367.67738843	0.3	0.0994600109184	0.0751317184274	0.024328292491	0.103007479097
93.8916363487	300	11.318851906122408	0.0	157671	1355.6939045	0.3	0.0901100506377	0.0680687935732	0.0220412570645	0.116302802186
95.069534817	300	14.140953437841652	0.0	157812	1177.89846828	0.3	0.0848257306305	0.0640770381009	0.0207486925297	0.13397759166
96.1911374893	300	17.019350765547458	0.0	163927	1121.60267229	0.3	0.0833501534082	0.0629623926131	0.0203877607951	0.146154252347
100.118586923	1200	17.09190133173655	0.0	536667	3927.44943381	0.29999999999999993	0.11248577915	0.033808498007	0.0786772811434	0.136645171133
103.727740921	1200	17.482747334042667	0.0	587236	3609.15399769	1.2	0.125217492636	0.0376351160315	0.0875823766042	0.162707382499
107.305128522	1200	17.905359732631975	0.0	590335	3577.38760141	1.2	0.137481638565	0.0413212028982	0.0961604356672	0.16501846201
110.665541008	1200	18.544947246608704	0.0	696376	3360.41248602	1.2	0.147797044425	0.0444215803955	0.10337546403	0.207229321667
115.33928396	1850	17.87120429444879	0.0	758197	4673.74295216	1.2000000000000002	0.160298473005	0.0481789844552	0.11211948855	0.162224796648
121.076658229	1850	16.133830025617282	0.0	972798	5737.37426883	1.85	0.163859144907	0.036520152015	0.127338992892	0.16955456528
126.394774773	1850	14.815713481560007	0.0	975811	5318.11654406	1.85	0.17185913428	0.0383031518482	0.133555982432	0.18348808115
130.381438194	1850	14.829050061082711	0.0	873429	3986.66342048	1.85	0.176071605699	0.0392420075749	0.136829598124	0.219087720201
135.262537088	1850	13.94795116670855	0.0	954453	4881.09889437	1.85	0.185859848633	0.0414235649127	0.144436283721	0.195540598675
140.840506161	1850	12.369982094007769	0.0	885062	5577.9690727	1.85	0.183888115397	0.0301794601228	0.153708655274	0.158671012418
162.152453199	1850	4.0	8.941964943741965	1035329	21311.9470377	-36.60044925809045	0.182959119185	0.0300269945648	0.15293212462	0.0485797472266
164.049568747	300	6.102884451432167	0.0	179328	1897.11554857	-1.25	0.119003948056	0.0874057323386	0.0315982157178	0.0945266618764
165.434449799	300	8.718003399536451	0.0	159914	1384.8810519	0.3	0.106056925065	0.0778964341627	0.0281604909022	0.115471288874
166.525262597	300	11.627190601963	0.0	131610	1090.81279757	0.3	0.0975794957448	0.0716699523512	0.0259095433936	0.12065314992
167.41798162	300	14.734471578887614	0.0	124011	892.719023075	0.3	0.0918873288851	0.0674891833843	0.0243981455008	0.138913809154
168.405638001	300	17.7468151971813	0.0	144254	987.656381706	0.3	0.0903982149348	0.0663954625668	0.024002752368	0.146056870256
172.697742291	1200	17.454710907842667	0.0	587506	4292.10428934	0.29999999999999993	0.120271047588	0.0331859670377	0.0870850805504	0.136880644177
176.13655939	1200	18.015893808880215	0.0	566904	3438.81709896	1.2	0.130550436735	0.0360223227212	0.0945281140133	0.164854362324
179.989693064	1200	18.16276013493087	0.0	641452	3853.13367395	1.2	0.140035731871	0.0386395668383	0.101396165033	0.166475407883
184.491655194	1850	17.66079800444896	0.0	886255	4501.96213048	1.2000000000000002	0.149593801584	0.0412768913879	0.108316910196	0.19685971901
190.440697728	1850	15.711755470671141	0.0	973972	5949.04253378	1.85	0.159719426656	0.0440708194912	0.115648607164	0.163719118576
196.009360059	1850	14.143093139217832	0.0	958994	5568.66233145	1.85	0.163579005343	0.0316710357507	0.131907969593	0.172212632571
200.941979424	1850	13.210473774637508	0.0	982064	4932.61936458	1.85	0.172013950472	0.0333041514928	0.138709798979	0.199095840853
204.633699633	1850	13.518753565781797	0.0	830730	3691.72020886	1.85	0.178417503365	0.0345439631189	0.143873540246	0.225025178779
212.725804262	2850	9.426648936160651	0.0	1364537	8092.10462962	1.85	0.188955832344	0.0365843214959	0.152371510848	0.168625723771

