1.6937558656730713	750	4.0	1.6937558656730713	450283	1693.7558656730714	-6.533150222394206	0.09785003960132599	0.03294048830866814	0.058321453630924225	0.26584882102891777
4.320553094294644	750	5.373202771378426	0.0	398865	2626.797228621573	0.75	0.17341890931129456	0.031038228422403336	0.13617303520441054	0.15184460972242866
5.7845074957922185	750	7.909248369880852	0.0	350812	1463.954401497575	0.75	0.12366257607936859	0.030971907079219818	0.0864962875843048	0.2396331467982414
7.269299622108645	750	10.424456243564425	0.0	382355	1484.792126316426	0.75	0.1507004350423813	0.03437954559922218	0.10944498032331468	0.25751416189724313
9.142106559718698	750	12.551649305954372	0.0	411561	1872.8069376100539	0.75	0.15889278054237366	0.030827084556221962	0.1219002790749073	0.21975623420383394
11.788139596176727	1200	13.905616269496344	0.0	520315	2646.0330364580273	0.75	0.14692619442939758	0.03652530536055565	0.10309582799673081	0.19663964615365961
14.67107498647127	1200	15.0226808792018	0.0	561791	2882.9353902945436	1.2	0.11213508993387222	0.031988274306058884	0.07374916076660157	0.19486770390043426
17.883785008344347	1200	15.809970857328725	0.0	709534	3212.7100218730766	1.2	0.11702930182218552	0.032904889434576035	0.07754343450069429	0.22085217625284678
20.37181826400558	1200	17.321937601667493	0.0	584846	2488.0332556612293	1.2	0.1243799477815628	0.027907105162739754	0.09089142158627511	0.23506357829793922
23.043510360906406	1200	18.650245504766666	0.0	560821	2671.692096900828	1.2	0.13190285861492157	0.037264011800289154	0.08718604445457459	0.20991228766614023
26.943803182116127	1200	18.74995268355694	0.0	607410	3900.2928212097227	1.2	0.15324826538562775	0.04173993319272995	0.1031603455543518	0.155734460935065
29.88610817454373	1200	19.80764769112934	0.0	594078	2942.3049924276015	1.2	0.133224219083786	0.03423900902271271	0.09213740825653077	0.20190904801811363
33.53995673462186	1200	20.15379913105121	0.0	624282	3653.848560078132	1.2	0.1312255561351776	0.04167473316192627	0.08121587634086609	0.17085601379895468
38.37743980974687	1850	19.316316055926208	0.0	1036454	4837.483075125002	1.2000000000000002	0.14177492260932922	0.03195635974407196	0.10342729091644287	0.21425480645701642
41.8622656342698	1850	19.831490231403276	0.0	821631	3484.825824522931	1.85	0.13777145743370056	0.03315892443060875	0.09798074811697007	0.23577390703952342
45.37922050942945	1850	20.31453535624362	0.0	923170	3516.954875159657	1.85	0.14790762960910797	0.03559377044439316	0.10519510507583618	0.2624912837296758
48.77525042763654	1850	20.918505438036533	0.0	966699	3396.0299182070867	1.85	0.15708324313163757	0.029680408537387848	0.12146675288677217	0.28465561943881895
51.97504474804421	1850	21.718711117628864	0.0	885714	3199.794320407668	1.85	0.1621430516242981	0.03113957867026329	0.12477555721998215	0.2768034165043321
57.00872812376395	1850	20.68502774190912	0.0	987708	5033.683375719742	1.85	0.15818163752555847	0.03468291461467743	0.11656213998794557	0.19621973141264024
61.58404176758559	1850	20.10971409808749	0.0	923755	4575.313643821631	1.85	0.14972394704818726	0.036947254091501236	0.10538724213838577	0.20189981975277513
65.19109870405742	1850	20.502657161615648	0.0	891604	3607.056936471843	1.85	0.1491054892539978	0.03294854983687401	0.109567229449749	0.24718323433843584
69.87686476197126	1850	19.816891103701824	0.0	955231	4685.7660579138255	1.85	0.1564960777759552	0.030970806255936623	0.11933111026883125	0.20385802197416647
74.51716932976476	1850	19.176586535908317	0.0	968026	4640.304567793502	1.85	0.1476639062166214	0.039271481335163116	0.10053812861442565	0.20861259985361333
78.05444934979258	1850	19.639306515880513	0.0	874175	3537.2800200278093	1.85	0.15401028096675873	0.03664464130997658	0.11003671139478684	0.24713197571311513
83.59751177078886	1850	18.096244094884234	0.0	897976	5543.062420996279	1.85	0.16212621331214905	0.0336432047188282	0.12175436764955522	0.16199997975822952
88.23381717255182	1850	17.459938693121277	0.0	905935	4636.305401762958	1.85	0.1465318500995636	0.03990545496344566	0.09864530414342881	0.19540019940349865
93.66705872976853	1850	16.026697135904563	0.0	1076599	5433.241557216711	1.85	0.1325656622648239	0.035264234989881516	0.0902485802769661	0.1981504022345566
95.81839135650603	1200	17.875364509167063	0.0	487160	2151.332626737499	0.5499999999999999	0.12780186533927917	0.03887128084897995	0.08115632832050323	0.22644568949748103
99.7941846024369	1850	17.89957126323619	0.0	972798	3975.793245930874	1.2000000000000002	0.1513354778289795	0.03298039734363556	0.11175900101661682	0.24468022852939716
103.23575712025017	1850	18.457998745422923	0.0	975811	3441.5725178132675	1.85	0.15704020857810974	0.032552044838666916	0.11797775477170944	0.2835363761621441
106.3328895047021	1850	19.360866360971006	0.0	873429	3097.1323844519175	1.85	0.15695059299468994	0.03219837322831154	0.1183125451207161	0.28201216208410995
110.51024654955306	1850	19.18350931612003	0.0	954453	4177.357044850975	1.85	0.16437040269374847	0.02885209582746029	0.12974788770079612	0.2284825045482914
114.60338165239406	1850	19.090374213279034	0.0	885062	4093.1351028409945	1.85	0.17250476777553558	0.032033130526542664	0.13406501114368438	0.21623082985599215
119.68224338098602	1850	18.011512484687078	0.0	1035329	5078.861728591957	1.85	0.15329420566558838	0.02774391695857048	0.1200015053153038	0.2038505978950977
124.4389651621871	1850	17.254790703486	0.0	1026056	4756.7217812010795	1.85	0.14338944852352142	0.03403365984559059	0.10254905670881272	0.21570654059588898
129.04867509963722	1850	16.64508076603587	0.0	943942	4609.709937450132	1.85	0.1444527804851532	0.04183493182063103	0.09425086230039598	0.20477253727642197
132.18097789057742	1850	17.512777975095684	0.0	728962	3132.302790940188	1.85	0.1439599096775055	0.034830208867788315	0.10216365903615951	0.2327239889158978
136.99330066503603	1850	16.70045520063709	0.0	938587	4812.322774458594	1.85	0.1589346081018448	0.032430246472358704	0.12001831233501434	0.19503824743044068
141.8919225553431	1850	15.801833310330046	0.0	908665	4898.621890307044	1.85	0.1522512584924698	0.03762460872530937	0.10710172802209855	0.18549400634451604
147.13668742294274	1850	14.557068442730367	0.0	930577	5244.764867599679	1.85	0.14766523241996765	0.040509242564439774	0.09905414134263993	0.17742968912653814
150.99979955587608	1850	14.69395630979702	0.0	858450	3863.112132933347	1.85	0.13877204060554504	0.0356404110789299	0.09600354731082916	0.22221720997473604
155.28745385407683	1850	14.40630201159628	0.0	1025005	4287.654298200742	1.85	0.15488459169864655	0.03408937528729439	0.11397734135389329	0.23905961831627373
158.5185273879694	1850	15.17522847770371	0.0	886255	3231.0735338925697	1.85	0.1417798399925232	0.03851378709077835	0.09556329548358918	0.2742911885797605
161.98551922071096	1850	15.708236644962142	0.0	973972	3466.991832741567	1.85	0.14228735864162445	0.03155551478266716	0.10442074090242387	0.28092711116363356
165.81512271065543	1850	15.878633155017674	0.0	958994	3829.6034899444676	1.85	0.14980386197566986	0.030003389343619347	0.11379979476332665	0.2504160032541401
170.47012048380395	1850	15.223635381869167	0.0	982064	4654.997773148506	1.85	0.16815245151519775	0.031901195645332336	0.12987101674079896	0.21096981091266137
174.81112165663916	1850	14.882634209033942	0.0	830730	4341.001172835225	1.85	0.15568239986896515	0.03722196817398071	0.1110160380601883	0.19136829660366755
180.87686925358273	2850	12.81688661209038	0.0	1364537	6065.747596943562	1.85	0.15285754203796387	0.03213798627257347	0.1142919585108757	0.22495776129682177

