1.299039671014647	750	4.0	1.299039671014647	450283	1299.039671014647	-4.835870585362982	0.06634306907653809	0.027697214856743813	0.03310641124844551	0.34662759732987625
3.242708429663582	1200	6.056331241351065	0.0	611087	1943.668758648935	0.75	0.20536257326602936	0.023550380021333694	0.17710211724042893	0.3143987355256835
4.963984146857402	1200	8.335055524157246	0.0	571051	1721.275717193819	1.2	0.21606770157814026	0.02298046089708805	0.1884911485016346	0.3317603300248606
7.828949442849183	1850	9.470090228165464	0.0	933276	2864.965295991781	1.2000000000000002	0.2160596400499344	0.026414120569825172	0.1843626953661442	0.325754731237302
10.735775074090931	1850	10.563264596923716	0.0	996749	2906.8256312417475	1.85	0.2024305760860443	0.03099209815263748	0.16524005830287933	0.3428994808932538
13.140004577426128	1850	12.15903509358852	0.0	801058	2404.229503335197	1.85	0.1973683387041092	0.030611209571361542	0.16063488721847535	0.33318699354148834
16.51151783054212	1850	12.787521840472525	0.0	905515	3371.5132531159948	1.85	0.15158459544181824	0.033714789897203445	0.1111268475651741	0.26857821162740847
20.327778044844795	1850	12.971261626169852	0.0	1060487	3816.2602143026743	1.85	0.16891789436340332	0.0297356229275465	0.1332351468503475	0.2778864491539337
23.57022238469196	1850	13.728817286322688	0.0	852833	3242.4443398471635	1.85	0.17396903038024902	0.03174339979887009	0.13587695062160493	0.2630216314029925
27.050067073427407	1850	14.248972597587239	0.0	913888	3479.844688735449	1.85	0.1870766282081604	0.04147684574127197	0.13730441331863402	0.26262321504127256
30.168774227214538	1850	15.130265443800107	0.0	939819	3118.7071537871298	1.85	0.1828923523426056	0.029669567942619324	0.1472888708114624	0.30134890955014887
32.81691483784246	1850	16.482124833172186	0.0	917428	2648.1406106279187	1.85	0.18862095475196838	0.03249967470765114	0.14962134510278702	0.34644232874872244
37.12754241097657	2850	16.17149726003808	0.0	1422919	4310.6275731341075	1.85	0.20658622682094574	0.02647039294242859	0.17482175529003144	0.3300955547327521
42.44296695580118	2850	14.856072715213466	0.0	1578343	5315.424544824613	2.85	0.2053307145833969	0.02963007614016533	0.1697746232151985	0.29693639457957516
46.14859674640735	2850	15.150442924607296	0.0	1231445	3705.6297906061695	2.85	0.21444278955459595	0.028185071423649788	0.1806207038462162	0.3323173305443875
50.50102660951295	2850	14.798013061501694	0.0	1471065	4352.429863105602	2.85	0.19630363583564758	0.02831973321735859	0.16231995597481727	0.33798706613743035
54.842531167564765	2850	14.456508503449873	0.0	1491626	4341.50455805182	2.85	0.20015637576580048	0.02968500554561615	0.1645343691110611	0.343573519284601
59.71802687209724	2850	13.581012798917403	0.0	1358801	4875.49570453247	2.85	0.2115534543991089	0.042886875569820404	0.1600892037153244	0.27870007120236007
63.505188607179036	1850	13.793851063835604	0.0	987708	3787.1617350817996	0.8500000000000001	0.19317300617694855	0.03592721000313759	0.15006035417318345	0.2608042827562701
66.8552065977548	1850	14.44383307325984	0.0	923755	3350.017990575764	1.85	0.17763441801071167	0.03034074977040291	0.14122551828622817	0.27574628034795573
70.1905089464826	1850	15.108530724532047	0.0	891604	3335.3023487277937	1.85	0.2007330060005188	0.026943264529109	0.168401088565588	0.26732329089747753
73.31325731169527	1850	15.985782359319373	0.0	955231	3122.748365212674	1.85	0.1945272833108902	0.03769994154572487	0.14928735345602034	0.3058943239363266
75.71962317351334	1850	17.5794164975013	0.0	968026	2406.3658618180766	1.85	0.19917447865009308	0.03334594517946243	0.15915934443473817	0.40227714968854705
80.22944088477965	2850	17.069598786235005	0.0	1323990	4509.817711266293	1.85	0.2241988480091095	0.03941619023680687	0.17689941972494125	0.2935794936217593
84.73378866378064	2850	16.565251007234004	0.0	1383735	4504.347779001	2.85	0.19360443949699402	0.03747052699327469	0.1486398071050644	0.3071998584236523
89.15354370854668	2850	16.14549596246796	0.0	1480464	4419.755044766042	2.85	0.19299224019050598	0.0317082405090332	0.15494235157966613	0.33496517001619663
93.75053532853927	2850	15.548504342475365	0.0	1547572	4596.9916199925965	2.85	0.20820167660713196	0.031548865139484406	0.17034303843975068	0.33664886254512955
97.12878154331901	2850	16.170258127695636	0.0	1141971	3378.2462147797287	2.85	0.19064129889011383	0.03350897133350372	0.15043053328990935	0.33803664013709545
102.4374640129732	2850	14.861575658041447	0.0	1498470	5308.682469654188	2.85	0.2244473397731781	0.03243693336844444	0.18552301973104476	0.28226777709264866
108.34018921425705	2850	12.958850456757597	0.0	1561263	5902.725201283851	2.85	0.2126215696334839	0.03768976777791977	0.16739384829998016	0.2644986759099717
113.14990540702722	2850	12.149134263987435	0.0	1341201	4809.716192770163	2.85	0.19656705856323242	0.03320140019059181	0.15672537833452224	0.2788524200276219
116.08836121478987	1850	13.210678456224796	0.0	954453	2938.4558077626384	0.8500000000000001	0.17855191230773926	0.030109046027064323	0.14242105707526206	0.3248144816330341
118.26302997567107	1850	15.036009695343592	0.0	885062	2174.668760881202	1.85	0.2133777141571045	0.042545463889837265	0.16232315748929976	0.4069870390934213
121.98580860106763	1850	15.313231069947026	0.0	1035329	3722.778625396568	1.85	0.21300677955150604	0.031145010143518448	0.1756327673792839	0.2781065177867545
125.55818497439017	1850	15.740854696624483	0.0	1026056	3572.3763733225423	1.85	0.1886560320854187	0.0358135811984539	0.14567973464727402	0.287219456399467
129.82751497591454	2850	15.471524695100108	0.0	1439896	4269.330001524375	1.85	0.21027901768684387	0.028649287298321724	0.1758998729288578	0.33726509768180996
133.28729603920092	2850	16.011743631813726	0.0	1139291	3459.7810632863825	2.85	0.22307690978050232	0.030469918623566628	0.18651300743222238	0.329295692172443
137.55843677521338	2850	15.74060289580126	0.0	1499009	4271.140736012467	2.85	0.21022188663482666	0.03576073795557022	0.1673090010881424	0.3509622118889656
142.5124890733339	2850	14.78655059768071	0.0	1427478	4954.0522981205495	2.85	0.2022777795791626	0.025425540283322334	0.1717671312391758	0.28814350638598457
147.71060861068167	2850	13.588431060332946	0.0	1402287	5198.119537347766	2.85	0.2114877551794052	0.02779519557952881	0.17813352048397063	0.26976813248036385
150.81239407427898	1850	14.486645596735626	0.0	858450	3101.7854635973194	0.8500000000000001	0.19612905383110046	0.04666656255722046	0.1401291787624359	0.2767599532832958
154.56616547253392	1850	14.732874198480669	0.0	1025005	3753.7713982549562	1.85	0.2012072503566742	0.03702441602945328	0.15677795112133025	0.27306004848257454
157.4507458258969	1850	15.848293845117727	0.0	886255	2884.5803533629423	1.85	0.20335105061531067	0.0364811010658741	0.15957372933626174	0.3072387978260941
159.8233861061153	1850	17.475653564899314	0.0	973972	2372.640280218409	1.85	0.18792912364006042	0.031031453981995583	0.15069137886166573	0.41050133394445404
164.98667496602891	2850	16.3123647049857	0.0	1464921	5163.288859913618	1.85	0.21833214163780212	0.036979708820581436	0.1739564910531044	0.28371858320251103
169.5313964676004	2850	15.76764320341422	0.0	1483527	4544.721501571478	2.85	0.23031291365623474	0.029820026829838753	0.19452888146042824	0.32642858302472977
173.28284245144687	2850	16.01619721956776	0.0	1231456	3751.445983846459	2.85	0.20823581516742706	0.03630447015166283	0.16467045098543168	0.32826169037288255
179.56244914202497	4300	13.73659052898967	0.0	2155012	6279.606690578093	2.8499999999999996	0.19890840351581573	0.03981225565075874	0.15113369673490523	0.3431762698185183

