1.26305294249572	750	4.0	1.26305294249572	450283	1263.05294249572	-4.681127652731596	0.0747799277305603	0.029126934707164764	0.039827606081962584	0.35650366255452975
2.255437090479851	750	7.00761585201587	0.0	398865	992.3841479841305	0.75	0.2204357236623764	0.030481109395623207	0.18385839238762855	0.40192600900591813
5.378503284426323	1850	7.884549658069398	0.0	877771	3123.066193946472	0.75	0.24709078669548035	0.029416192322969437	0.21179135590791703	0.28106064536877523
9.096121477682017	1850	8.166931464813704	0.0	933276	3717.618193255694	1.85	0.19540995359420776	0.03869098424911499	0.14898077249526978	0.2510413795836
12.506302000524784	1850	8.756750941970937	0.0	996749	3410.1805228427675	1.85	0.16344498097896576	0.028391588479280472	0.1293750748038292	0.2922862861139967
14.39625369647247	1200	10.866799246023248	0.0	520315	1889.9516959476873	0.5499999999999999	0.15415814518928528	0.03226270154118538	0.11544290333986282	0.27530597798643525
16.50801917701881	1200	12.75503376547691	0.0	561791	2111.76548054634	1.2	0.15131939947605133	0.03941032290458679	0.10402701199054717	0.26602906675728866
18.93271599102631	1200	14.330336951469409	0.0	709534	2424.6968140075005	1.2	0.15449169278144836	0.033496562391519547	0.11429581791162491	0.29262792605698745
21.89278540495042	1850	15.370267537545303	0.0	852833	2960.069413924108	1.2000000000000002	0.1731448471546173	0.03221519663929939	0.13448661118745803	0.28811250033134034
25.427791649249514	1850	15.835261293246207	0.0	913888	3535.0062442990948	1.85	0.17372052371501923	0.032685089856386185	0.1344984158873558	0.2585251444672346
28.987212633178583	1850	16.275840309317136	0.0	939819	3559.4209839290716	1.85	0.17286641895771027	0.03352798894047737	0.1326328322291374	0.26403704541927475
33.05585499465353	1850	16.207197947842193	0.0	917428	4068.6423614749424	1.85	0.17893987894058228	0.04022150859236717	0.13067406862974168	0.22548750135596066
36.8981590254345	1850	16.36489391706122	0.0	946851	3842.304030780974	1.85	0.17550800740718842	0.029846789315342903	0.13969186022877694	0.246427922521151
40.83113811703723	1850	16.4319148254585	0.0	1036454	3932.979091602724	1.85	0.15533167123794556	0.036372847855091095	0.11168425381183625	0.2635289880418957
43.765012627507346	1850	17.498040314988376	0.0	821631	2933.874510470124	1.85	0.18380726873874664	0.03577284887433052	0.14087985008955	0.2800498102655188
47.04512744355747	1850	18.21792549893826	0.0	923170	3280.1148160501166	1.85	0.17884120345115662	0.03542085364460945	0.13633617907762527	0.2814444163609104
49.51517724026097	1850	19.74787570223476	0.0	966699	2470.0497967035017	1.85	0.1879608929157257	0.028815053403377533	0.15338282883167267	0.39136822313871755
52.9888295102369	1850	20.274223432258836	0.0	885714	3473.6522699759225	1.85	0.17638486623764038	0.033254485577344894	0.1364794835448265	0.25498061727581595
56.72565655593137	1850	20.537396386564357	0.0	987708	3736.827045694481	1.85	0.17355039715766907	0.031897660344839096	0.13527320474386215	0.2643172905575127
61.35494251329763	2850	19.908110429198096	0.0	1336050	4629.285957366259	1.85	0.17336374521255493	0.03497492894530296	0.13139383047819136	0.28860822431460237
66.22272918332855	2850	19.04032375916717	0.0	1415116	4867.786670030929	2.85	0.19094721972942352	0.03957362473011017	0.14345887005329133	0.2907103568675923
71.66612134670424	2850	17.59693159579149	0.0	1468126	5443.39216337568	2.85	0.17580270767211914	0.029579507187008858	0.1403072990477085	0.2697079240180175
77.79499615856399	2850	15.468056783931745	0.0	1505760	6128.874811859742	2.85	0.18266552686691284	0.03423159942030907	0.14158760756254196	0.24568294282765632
83.12308385694476	2850	14.139969085550957	0.0	1323990	5328.0876983807875	2.85	0.1847594529390335	0.029169335961341858	0.1497562497854233	0.2484925314578366
86.63385387411758	1850	14.629199068378144	0.0	897976	3510.7700171728134	0.8500000000000001	0.179295152425766	0.032841723412275314	0.1398850843310356	0.255777506247228
89.8124930941483	1850	15.450559848347423	0.0	905935	3178.639220030722	1.85	0.17149710655212402	0.03704897314310074	0.12703833878040313	0.2850071798935533
93.60651100064656	1850	15.656541941849147	0.0	1076599	3794.017906498276	1.85	0.18451547622680664	0.035487499088048935	0.1419304773211479	0.2837622347949478
95.53263985621948	1850	17.730413086276233	0.0	758197	1926.128855572915	1.85	0.17424166202545166	0.03473658487200737	0.1325577601790428	0.39363773498657184
101.19270745939403	2850	16.070345483101676	0.0	1498470	5660.067603174557	1.85	0.2138339728116989	0.025393197312951088	0.1833621360361576	0.2647441877124497
106.52721469549915	2850	14.735838246996558	0.0	1561263	5334.507236105118	2.85	0.18583133816719055	0.03262762352824211	0.1466781899333	0.29267239332492206
111.39278944134766	2850	13.870263501148045	0.0	1341201	4865.574745848512	2.85	0.20055115222930908	0.03231733292341232	0.1617703527212143	0.2756510936645999
114.60633982434469	1850	14.656713118151023	0.0	954453	3213.550382997021	0.8500000000000001	0.17990945279598236	0.027856746688485146	0.14648135676980018	0.2970088799758783
118.04389728385422	1850	15.219155658641485	0.0	885062	3437.5574595095377	1.85	0.1846259981393814	0.03793910890817642	0.1390990674495697	0.25746827810880535
121.94474819653871	1850	15.318304745957	0.0	1035329	3900.850912684483	1.85	0.18603020906448364	0.026039903983473778	0.1547823242843151	0.2654110662454179
126.46183712479954	1850	14.801215817696182	0.0	1026056	4517.08892826082	1.85	0.1819477677345276	0.028344448655843735	0.1479344293475151	0.227149833951809
130.22964870982372	1850	15.033404232672	0.0	943942	3767.811585024183	1.85	0.16650307178497314	0.033914677798748016	0.12580545842647553	0.25052792017304165
133.11175799125337	1850	16.151294951242367	0.0	728962	2882.1092814296326	1.85	0.16466933488845825	0.0317133292555809	0.12661333978176117	0.25292656482422066
136.40541493146017	1850	16.85763801103556	0.0	938587	3293.6569402068058	1.85	0.1696862280368805	0.03048454225063324	0.1331047773361206	0.2849680513299199
139.7653529589042	1850	17.497699983591527	0.0	908665	3359.9380274440346	1.85	0.18352526426315308	0.027139468118548393	0.150957902520895	0.27044099997619236
142.1218439846094	1850	19.141208957886317	0.0	930577	2356.4910257052093	1.85	0.18502765893936157	0.036735884845256805	0.14094459712505342	0.39489944576449776
147.20172888246518	2850	18.061324060030575	0.0	1339500	5079.884897855739	1.85	0.1970372498035431	0.02792302519083023	0.16352961957454681	0.2636870769582622
152.4901246644948	2850	16.77292827800093	0.0	1527299	5288.395782029645	2.85	0.17468848824501038	0.03688814863562584	0.13042270988225937	0.2888019473107277
157.36906855586244	2850	15.893984386633278	0.0	1343002	4878.943891367653	2.85	0.18190395832061768	0.03257834538817406	0.1428099438548088	0.2752648995156886
160.62030914083297	1850	16.64274380166274	0.0	973972	3251.24058497054	0.8500000000000001	0.1782539188861847	0.04130931198596954	0.12868274450302125	0.29956934116237516
164.3116270227003	1850	16.95142591979541	0.0	958994	3691.317881867328	1.85	0.18641257286071777	0.031189855188131332	0.14898474663496017	0.259797186449538
170.1440574681454	2850	15.118995474350292	0.0	1483527	5832.430445445116	1.85	0.20137332379817963	0.03219060227274895	0.1627446010708809	0.2543582840595334
175.18979316726572	2850	14.073259775230003	0.0	1231456	5045.7356991202905	2.85	0.17974768579006195	0.038386598229408264	0.13368376791477204	0.24405876039339533
180.4487090364899	2850	12.814343906005822	0.0	1364537	5258.91586922418	2.85	0.18704599142074585	0.03483189269900322	0.14524772018194199	0.25947115982315627

