0.9504535726719588	750	4.0	0.9504535726719588	450283	950.4535726719588	-3.3369503624894232	0.0961388424038887	0.041946135461330414	0.045803479850292206	0.4737559129102369
2.7648481427367555	1850	6.185605429935204	0.0	957685	1814.3945700647967	0.75	0.2932383716106415	0.0327758751809597	0.2539073213934898	0.5278262048402177
5.135553843585538	2850	7.814899729086422	0.0	1300868	2370.705700848782	1.85	0.33804455399513245	0.031107651069760323	0.30071537271142007	0.5487260605710153
7.878557384689404	2850	9.071896187982555	0.0	1520281	2743.0035411038666	2.85	0.32333722710609436	0.04617151618003845	0.2679314076900482	0.5542395324025697
10.62864512727198	2850	10.321808445399979	0.0	1472558	2750.087742582577	2.85	0.32116061449050903	0.05479796603322029	0.25540305525064466	0.5354585518122913
12.975169991776156	2850	11.975283580895802	0.0	1224260	2346.5248645041756	2.85	0.3061026334762573	0.07174364477396011	0.2200102597475052	0.5217332313496231
15.477121233530564	2850	13.473332339141395	0.0	1388403	2501.951241754409	2.85	0.24879957735538483	0.04875825718045235	0.190289668738842	0.5549280804634823
18.325620772307754	2850	14.624832800364205	0.0	1638769	2848.4995387771887	2.85	0.270660400390625	0.046682633459568024	0.21464124023914338	0.5753095542727364
20.959802278086432	2850	15.990651294585529	0.0	1348011	2634.181505778676	2.85	0.2870623767375946	0.03492731600999832	0.24514959752559662	0.5117380852620943
25.149110308042225	4300	15.801343264629732	0.0	2169201	4189.308029955796	2.8499999999999996	0.30388471484184265	0.0315701961517334	0.2660004794597626	0.5177945819426624
29.42430152728449	4300	15.526152045387464	0.0	2173522	4275.19121924227	4.3	0.3240779638290405	0.053737424314022064	0.25959305465221405	0.508403458123034
33.16087330588003	4300	15.78958026679193	0.0	2102452	3736.571778595532	4.3	0.3036043643951416	0.03616321459412575	0.2602085068821907	0.562668703982518
37.252848045221604	4300	15.697605527450353	0.0	2209463	4091.974739341578	4.3	0.3290449380874634	0.02711990661919117	0.29650105014443395	0.5399503029081542
41.43303694466814	4300	15.517416628003819	0.0	2275376	4180.188899446533	4.3	0.319395512342453	0.041078951209783554	0.2701007708907127	0.544323726686434
44.93528903870027	4300	16.01516453397169	0.0	2005399	3502.2520940321324	4.3	0.33016330003738403	0.04157046601176262	0.28027874082326887	0.5726026985370976
49.16696606606405	4300	15.783487506607903	0.0	2152483	4231.677027363783	4.3	0.3528190851211548	0.035817280411720276	0.3098383486270905	0.5086595659548566
53.571693725804714	4300	15.378759846867247	0.0	2289689	4404.727659740657	4.3	0.3611798882484436	0.059911906719207764	0.2892856001853943	0.5198253278920797
57.481217667734526	4300	15.46923590493743	0.0	2059512	3909.523941929818	4.3	0.32978975772857666	0.03351224586367607	0.2895750626921654	0.5267935509773051
61.441181062890045	4300	15.509272509781914	0.0	2220726	3959.9633951555165	4.3	0.34278082847595215	0.05579439550638199	0.2758275538682938	0.5607945777268446
65.48391890703866	4300	15.466534665633299	0.0	2156729	4042.7378441486135	4.3	0.3127298951148987	0.028815899044275284	0.27815081626176835	0.5334822793720377
69.16664317788019	4300	15.78381039479177	0.0	2039773	3682.7242708415297	4.3	0.3240058720111847	0.037064746022224426	0.27952817678451536	0.5538761118094504
73.03607206063536	4300	15.91438151203661	0.0	2176469	3869.4288827551604	4.3	0.34127527475357056	0.050989650189876556	0.2800876945257187	0.5624780984345893
77.39351188894172	4300	15.556941683730237	0.0	2221506	4357.439828306371	4.3	0.3281554579734802	0.05579545348882675	0.26120091378688814	0.5098190881647686
81.42850849902456	4300	15.521945073647407	0.0	2044075	4034.9966100828315	4.3	0.33220046758651733	0.035891782492399216	0.28913032859563825	0.5065865470350516
85.41237045569875	4300	15.538083116973208	0.0	2186790	3983.8619566741986	4.3	0.32178813219070435	0.03311922773718834	0.28204505890607834	0.5489120917797996
89.25421479349833	4300	15.696238779173624	0.0	2105231	3841.844337799584	4.3	0.2940340042114258	0.026600684970617294	0.262113182246685	0.5479740496736968
93.68554262848235	4300	15.264910944189607	0.0	2395588	4431.327834984016	4.3	0.3176061511039734	0.03211378678679466	0.2790696069598198	0.540602746898468
97.15058822274791	4300	15.799865349924046	0.0	1972048	3465.0455942655617	4.3	0.3557926416397095	0.0349375419318676	0.31386759132146835	0.569126133077042
101.09422725608806	4300	15.8562263165839	0.0	2134614	3943.6390333401478	4.3	0.3240184485912323	0.04252101108431816	0.2729932352900505	0.5412802698101008
105.29141939126797	4300	15.659034181404008	0.0	2164140	4197.192135179893	4.3	0.33087798953056335	0.022321881726384163	0.30409173145890234	0.5156161381940749
109.44944743187047	4300	15.501006140801499	0.0	2113193	4158.0280406025095	4.3	0.308124303817749	0.038317177444696426	0.2621436908841133	0.5082199974038156
113.29840332002802	4300	15.65205025264396	0.0	2147852	3848.955888157539	4.3	0.31877389550209045	0.03856182470917702	0.272499705851078	0.5580349742662698
117.35558832325688	4300	15.594865249415085	0.0	2191074	4057.185003228875	4.3	0.31955745816230774	0.03530321642756462	0.2771935984492302	0.540047840622563
121.54566673836209	4300	15.404786834309888	0.0	2286761	4190.078415105197	4.3	0.3300909399986267	0.040641020983457565	0.2813217148184776	0.5457561347196382
125.56508380210904	4300	15.385369770562926	0.0	2307787	4019.4170637469633	4.3	0.3400965631008148	0.03676335886120796	0.2959805324673653	0.5741596264829121
129.77370188883867	4300	15.1767516838333	0.0	2143948	4208.618086729624	4.3	0.33870241045951843	0.05507352203130722	0.27261418402194976	0.5094185207159032
133.41185111573444	4300	15.538602456937532	0.0	1919781	3638.1492268957677	4.3	0.32517361640930176	0.03005191870033741	0.2891113139688969	0.5276806640606228
137.62388474119592	4300	15.326568831476042	0.0	2147467	4212.033625461491	4.3	0.3076004981994629	0.045548535883426666	0.25294225513935087	0.5098408965727839
141.38979387511955	4300	15.560659697552387	0.0	2133870	3765.909133923654	4.3	0.3270833492279053	0.04659459367394447	0.2711698368191719	0.5666281166419826
145.41069851139852	4300	15.539755061273437	0.0	2146120	4020.9046362789486	4.3	0.32955145835876465	0.04265904799103737	0.2783606007695198	0.533740586791453
149.24001184041924	4300	15.710441732252706	0.0	2108491	3829.313329020732	4.3	0.32144540548324585	0.02489003911614418	0.29157735854387284	0.5506185623465821
153.08038245273534	4300	15.87007111993662	0.0	2184571	3840.370612316087	4.3	0.31807389855384827	0.04881816357374191	0.25949210226535796	0.5688437967403641
157.25781484650287	4300	15.692638726169065	0.0	2121928	4177.432393767554	4.3	0.3140111565589905	0.04876245558261871	0.255496209859848	0.5079502909887358
161.63300281295352	4300	15.31745075971842	0.0	2219102	4375.187966450644	4.3	0.3411628305912018	0.05107039585709572	0.2798783555626869	0.5072015230011337
165.5163102332336	4300	15.434143339438322	0.0	2124950	3883.307420280098	4.3	0.3237290382385254	0.05724495276808739	0.2550350949168205	0.5472010763048809
169.6151512744676	4300	15.335302298204352	0.0	2246506	4098.841041233969	4.3	0.34472373127937317	0.06804472208023071	0.2630700647830963	0.5480832209398592
173.26349131319282	4300	15.686962259479106	0.0	1961140	3648.3400387252477	4.3	0.33884525299072266	0.043892040848731995	0.28617480397224426	0.5375430960884979
177.09463339396908	4300	15.855820178702858	0.0	2155012	3831.1420807762483	4.3	0.33111801743507385	0.05411120504140854	0.2661845713853836	0.5624985851642864

