5.252082834811301	750	4.0	5.252082834811301	450283	5252.082834811301	-21.833956189688593	0.14769646525382996	0.03042544238269329	0.11118593439459801	0.08573417711835804
6.971503309725488	300	6.2805795250858125	0.0	155580	1719.420474914187	-0.15000000000000002	0.08489621430635452	0.02740490436553955	0.05201032906770706	0.09048397542652543
8.588979259067651	300	8.663103575743651	0.0	139857	1617.4759493421625	0.3	0.0950147956609726	0.02482234314084053	0.06522798389196396	0.08646620066090052
9.838326075032612	300	11.41375675977869	0.0	155432	1249.3468159649592	0.3	0.0874566063284874	0.027253663167357445	0.05475221052765846	0.12441061041961261
12.651489916719184	750	12.600592918092119	0.0	411561	2813.1638416865712	0.3	0.09241075813770294	0.03072502464056015	0.055540728569030764	0.14629826883927868
15.07790356334013	750	14.174179271471173	0.0	318564	2426.413646620945	0.75	0.09969073534011841	0.030011331662535667	0.0636771373450756	0.13129006278201424
17.48586926196922	750	15.766213572842084	0.0	352642	2407.965698629091	0.75	0.08444202691316605	0.031080126762390137	0.04714587479829788	0.14644809940638565
20.304900013708448	750	16.947182821102857	0.0	437162	2819.030751739229	0.75	0.09516853839159012	0.03397521749138832	0.054398277401924135	0.1550752859756101
22.471851573214682	750	18.780231261596622	0.0	374758	2166.9515595062344	0.75	0.08679672330617905	0.0329756960272789	0.04722588807344437	0.1729424907335691
24.3150174702757	750	20.937065364535602	0.0	362795	1843.1658970610204	0.75	0.10154497623443604	0.03207220137119293	0.06305833458900452	0.19683252634962853
26.724500365388984	750	22.52758246942232	0.0	353220	2409.4828951132854	0.75	0.11716435849666595	0.033313021063804626	0.0771887332201004	0.14659576987094272
30.659125610204207	1200	22.592957224607098	0.0	594078	3934.6252448152236	0.75	0.11437152326107025	0.03230695426464081	0.07560317814350129	0.15098718760645244
35.71234827039006	1200	21.53973456442124	0.0	624282	5053.222660185856	1.2	0.11204998195171356	0.03255647420883179	0.07298221290111542	0.12354136003518973
40.66783493132467	1200	20.58424790348663	0.0	687371	4955.486660934611	1.2	0.11339467763900757	0.0312650129199028	0.0758766621351242	0.13870908086963976
45.617322170924254	1200	19.63476066388705	0.0	526950	4949.487239599582	1.2	0.1029951199889183	0.03229309991002083	0.0642434000968933	0.10646557400613295
50.51412634722821	1200	18.737956487583094	0.0	587876	4896.804176303955	1.2	0.09713225811719894	0.03258365020155907	0.05803187787532806	0.12005299351049836
55.0263044090834	1200	18.225778425727913	0.0	617242	4512.178061855182	1.2	0.10100965201854706	0.03077886998653412	0.06407500803470612	0.1367946901781223
58.48566476068449	1200	18.766418074126822	0.0	581493	3459.360351601093	1.2	0.09815486520528793	0.03304239735007286	0.0585039883852005	0.16809263589173878
62.19796075649449	1200	19.05412207831683	0.0	639204	3712.295995809993	1.2	0.10389524698257446	0.032125405967235565	0.06534475982189178	0.17218562332353318
65.10460745829825	1200	20.147475376513075	0.0	586839	2906.646701803754	1.2	0.1099965050816536	0.03270937502384186	0.07074525505304337	0.2018955381250257
68.43363324511895	1200	20.818449589692356	0.0	601738	3329.025786820717	1.2	0.11843275278806686	0.034544676542282104	0.07697914093732834	0.1807549831491907
71.87934981610464	1200	21.372733018706676	0.0	616206	3445.7165709856836	1.2	0.10969236493110657	0.03681529313325882	0.06551401317119598	0.17883246845915937
75.08603184140074	1200	22.166050993410572	0.0	656471	3206.682025296105	1.2	0.1185106486082077	0.030621906742453575	0.0817643605172634	0.20471970554653965
78.34896649754091	1200	22.903116337270397	0.0	536667	3262.9346561401744	1.2	0.1274174153804779	0.03270040079951286	0.08817693442106248	0.16447371968975924
86.97709407859037	1850	18.274988756220946	0.0	897976	8628.127581049452	1.2000000000000002	0.1223377138376236	0.03310171887278557	0.08261565119028091	0.10407541979006966
92.42570948843964	1200	16.82637334637168	0.0	590335	5448.615409849266	0.5499999999999999	0.11703887581825256	0.0322430320084095	0.07834723740816116	0.10834587424410111
97.3774414448489	1200	15.874641389962417	0.0	696376	4951.73195640926	1.2	0.09615275263786316	0.03383985906839371	0.05554492175579071	0.14063281416084078
100.44569095622464	1200	16.806391878586677	0.0	487160	3068.2495113757413	1.2	0.11188897490501404	0.03164694085717201	0.07391264587640763	0.15877457103596743
104.20392808801404	1200	17.048154746797277	0.0	622896	3758.2371317893976	1.2	0.10864359885454178	0.03239832818508148	0.069765605032444	0.1657415373636688
107.89598528884204	1200	17.35609754596928	0.0	641447	3692.057200827996	1.2	0.12315772473812103	0.03411564603447914	0.08221894949674607	0.17373701573641556
111.76519170884414	1200	17.486891125967187	0.0	570392	3869.2064200020964	1.2	0.11137576401233673	0.03706064820289612	0.0669029861688614	0.14741834321666686
116.78585143016382	1200	16.466231404647505	0.0	620283	5020.659721319685	1.2	0.11910692602396011	0.030153606086969376	0.08292259871959687	0.12354611434151488
120.6591161195736	1200	16.592966715237736	0.0	584349	3873.264689409767	1.2	0.11530401557683945	0.036253008991479874	0.0718004047870636	0.15086730364638387
126.82333551978832	1200	14.428747315023006	0.0	670129	6164.21940021473	1.2	0.11167594790458679	0.034342698752880096	0.07046470940113067	0.10871271064372824
132.64984566254088	1200	12.602237172270453	0.0	690253	5826.510142752555	1.2	0.1052347868680954	0.032479602843523026	0.06625926345586777	0.11846765612492545
136.91194676028286	1200	12.340136074528477	0.0	598727	4262.101097741975	1.2	0.10216747969388962	0.0316707082092762	0.06416262984275818	0.140476958727516
139.71721536408558	1200	13.534867470725754	0.0	487812	2805.2686038027227	1.2	0.10318436473608017	0.03149000182747841	0.06539636254310607	0.17389136973861943
143.11411763965805	1200	14.137965195153269	0.0	575591	3396.9022755724864	1.2	0.111610546708107	0.032795775681734085	0.0722556158900261	0.16944585192784054
146.1550636371016	1200	15.097019197709724	0.0	605884	3040.945997443546	1.2	0.10484696924686432	0.03351527824997902	0.06462863534688951	0.19924194658811858
149.36526865102306	1200	15.886814183788225	0.0	587506	3210.205013921498	1.2	0.12179539352655411	0.03139682859182358	0.08411919921636582	0.1830119875373065
152.67018845072658	1200	16.581894384084713	0.0	566904	3304.9197997035117	1.2	0.11798147112131119	0.034958481788635254	0.07603129297494889	0.17153336067364106
155.6456824484445	1200	17.606400386366833	0.0	641452	2975.4939977178783	1.2	0.11147324740886688	0.0314142145216465	0.0737761899828911	0.2155783209416574
159.26291603653252	1200	17.9891667982788	0.0	599477	3617.233588088034	1.2	0.12400681525468826	0.03070518933236599	0.08716058805584909	0.16572803093893262
164.2714414685016	1200	16.980641366309737	0.0	634861	5008.525431969062	1.2	0.1221863329410553	0.036263152956962585	0.0786705493927002	0.12675606994979546
171.46915707928073	1200	13.782925755530579	0.0	630203	7197.715610779158	1.2	0.12042883038520813	0.0350574254989624	0.07835991978645325	0.08755597387818717
176.0653535649482	1200	13.18672926986311	0.0	638661	4596.196485667469	1.2	0.10514868795871735	0.03312309458851814	0.06540097445249557	0.13895424227218442
180.03054313453706	1200	13.221539700274231	0.0	538612	3965.1895695888784	1.2	0.11937887221574783	0.031571533530950546	0.08149303197860719	0.1358351197458246
185.19567960499552	1850	12.05640322981575	0.0	846370	5165.136470458482	1.2000000000000002	0.10756827145814896	0.03184109926223755	0.0693589523434639	0.1638620789287436

