0.8485896923718946	750	4.0	0.8485896923718946	450283	848.5896923718947	-2.898935677199147	0.15181052684783936	0.04122829809784889	0.10233656913042069	0.5306251113437558
2.693731161208866	1850	6.154858531163028	0.0	957685	1845.1414688369714	0.75	0.3042145371437073	0.048025671392679214	0.2465837314724922	0.5190306630546044
4.333191759553293	1850	8.515397932818601	0.0	877771	1639.460598344427	1.85	0.3226051926612854	0.03409237787127495	0.2816943392157555	0.5354023151800035
7.303408024837728	2850	9.545181667534164	0.0	1520281	2970.216265284436	1.85	0.33746665716171265	0.03908362239599228	0.2905663102865219	0.5118418539986056
9.999266789892168	2850	10.849322902479726	0.0	1472558	2695.85876505444	2.85	0.3265182077884674	0.05690380185842514	0.25823364555835726	0.5462296538261948
12.97718329953902	2850	11.871406392832874	0.0	1224260	2977.916509646851	2.85	0.2593940794467926	0.04258885979652405	0.20828744769096375	0.41111293618677847
15.70414012006709	2850	13.144449572304804	0.0	1388403	2726.9568205280702	2.85	0.2271619439125061	0.033312149345874786	0.18718736469745637	0.5091400749540061
18.799507282944834	2850	14.049082409427063	0.0	1638769	3095.367162877741	2.85	0.2594313621520996	0.03618912398815155	0.21600441336631776	0.5294263697223072
21.296717098904676	2850	15.551872593467218	0.0	1348011	2497.209815959844	2.85	0.26267144083976746	0.02121075987815857	0.23721852898597717	0.5398068641989018
23.898078720203408	2850	16.950510972168487	0.0	1429765	2601.3616212987313	2.85	0.27818477153778076	0.04506839066743851	0.22410270273685456	0.5496217781848373
27.953712686750322	4300	16.894877005621574	0.0	2173522	4055.633966546912	2.8499999999999996	0.31930094957351685	0.02627023681998253	0.28777666538953783	0.5359265697862279
31.804546495071467	4300	17.044043197300432	0.0	2102452	3850.833808321144	4.3	0.3260982632637024	0.04825625941157341	0.2681907519698143	0.545973185198717
36.06108494923071	4300	16.787504743141184	0.0	2209463	4256.538454159246	4.3	0.34638363122940063	0.058040667325258255	0.27673483043909075	0.5190750709278895
40.829121223028615	4300	16.019468469343277	0.0	2275376	4768.036273797909	4.3	0.3056442141532898	0.043584294617176056	0.25334306061267853	0.47721449027223584
44.77273311270023	4300	16.075856579671665	0.0	2005399	3943.6118896716116	4.3	0.3202967047691345	0.04103204980492592	0.2710582450032234	0.5085183471660015
48.69358535047334	4300	16.155004341898554	0.0	2152483	3920.852237773109	4.3	0.31853318214416504	0.052683986723423004	0.25531239807605743	0.5489834529501489
52.92066886494103	4300	15.927920827430865	0.0	2289689	4227.08351446769	4.3	0.3165966868400574	0.028592336922883987	0.28228588253259657	0.541671105423697
56.67872383225845	4300	16.169865860113447	0.0	2059512	3758.0549673174164	4.3	0.29809311032295227	0.03881694748997688	0.25151277333498	0.5480260448319428
60.90489464780331	4300	15.943695044568583	0.0	2220726	4226.170815544866	4.3	0.3302154541015625	0.0392557829618454	0.28310851454734803	0.525470005100513
64.86816526099632	4300	15.980424431375573	0.0	2156729	3963.2706131930095	4.3	0.32208138704299927	0.029064489528536797	0.2872039996087551	0.5441790910821582
69.49852395408342	4300	15.350065738288468	0.0	2039773	4630.358693087105	4.3	0.33930760622024536	0.05095575004816055	0.2781607061624527	0.44052159566931165
73.49485326172349	4300	15.353736430648405	0.0	2176469	3996.329307640063	4.3	0.3125118613243103	0.047951217740774155	0.2549704000353813	0.544617030393139
77.60003434989353	4300	15.24855534247836	0.0	2221506	4105.181088170046	4.3	0.32157599925994873	0.03948786482214928	0.2741905614733696	0.5411468951763768
81.38822656334565	4300	15.46036312902624	0.0	2044075	3788.1922134521187	4.3	0.3299705386161804	0.046871379017829895	0.27372488379478455	0.5395911518801385
85.32595312584093	4300	15.52263656653097	0.0	2186790	3937.7265624952706	4.3	0.37132158875465393	0.06335394829511642	0.2952968508005142	0.5553432838196536
89.36321575698713	4300	15.485373935384766	0.0	2105231	4037.262631146203	4.3	0.381036639213562	0.0718379020690918	0.29483115673065186	0.5214500993219537
94.26316447192349	4300	14.585425220448416	0.0	2395588	4899.94871493635	4.3	0.33807462453842163	0.04851274564862251	0.2798593297600746	0.48890062720403765
98.26536015167686	4300	14.583229540695047	0.0	1972048	4002.19567975337	4.3	0.3018246293067932	0.04912316054105759	0.2428768366575241	0.49274152435283347
102.12823421143197	4300	14.720355480939917	0.0	2134614	3862.8740597551287	4.3	0.28660061955451965	0.05486379191279411	0.22076406925916672	0.5525973580757421
106.09754523171456	4300	14.75104446065733	0.0	2164140	3969.3110202825883	4.3	0.3240288496017456	0.04559002071619034	0.2693208247423172	0.5452180463918214
110.03004352320694	4300	14.818546169164954	0.0	2113193	3932.498291492374	4.3	0.29636651277542114	0.0518796443939209	0.23411093950271605	0.5373665398842546
113.98305661309992	4300	14.86553307927198	0.0	2147852	3953.0130898929738	4.3	0.32662397623062134	0.04286917671561241	0.2751809641718864	0.5433455319163014
118.16683672203763	4300	14.681752970334276	0.0	2191074	4183.7801089377035	4.3	0.3305630683898926	0.05176768824458122	0.26844184249639513	0.5237067778297584
123.02012558873545	4300	13.828464103636458	0.0	2286761	4853.28886669782	4.3	0.33196747303009033	0.04035625979304314	0.28353996127843856	0.47117759993460134
127.45836625296664	4300	13.390223439405261	0.0	2307787	4438.240664231196	4.3	0.3328424394130707	0.05570638179779053	0.26599478125572207	0.519977886417694
131.3779591802853	4300	13.470630512086611	0.0	2143948	3919.5929273186503	4.3	0.28396540880203247	0.03462241590023041	0.242418509721756	0.5469823116214905
134.94821008633073	4300	13.90037960604118	0.0	1919781	3570.25090604543	4.3	0.34663671255111694	0.03724202513694763	0.3019462823867798	0.5377159898620222
138.8877303109172	4300	13.960859381454732	0.0	2147467	3939.52022458645	4.3	0.3027381896972656	0.049139633774757385	0.24377062916755676	0.5451087639042212
142.96295933264037	4300	13.885630359731547	0.0	2133870	4075.2290217231835	4.3	0.3205941915512085	0.06398634612560272	0.24381057620048524	0.5236196514662892
146.9272089162644	4300	13.921380776107526	0.0	2146120	3964.2495836240214	4.3	0.31170323491096497	0.043690457940101624	0.25927468538284304	0.5413685376585369
151.614765838463	4300	13.233823853908897	0.0	2108491	4687.55692219863	4.3	0.32684341073036194	0.05829298123717308	0.25689183324575426	0.44980595115867805
155.61703955973488	4300	13.231550132637032	0.0	2184571	4002.273721271864	4.3	0.34919556975364685	0.05075136199593544	0.2882939353585243	0.5458324822685479
159.5575464331549	4300	13.291043259217007	0.0	2121928	3940.506873420026	4.3	0.3461592495441437	0.06487910449504852	0.2683043241500854	0.5384911302434416
162.5037536183066	2850	14.344836074065311	0.0	1587250	2946.2071851516957	1.4000000000000001	0.3251332640647888	0.07510067522525787	0.23501245379447938	0.5387435099606802
166.40138016900391	4300	14.447209523368008	0.0	2124950	3897.6265506973027	2.8499999999999996	0.34370625019073486	0.03049498423933983	0.30711226910352707	0.5451907647796161
170.6760030353816	4300	14.172586656990322	0.0	2246506	4274.6228663776865	4.3	0.34332552552223206	0.04985810071229935	0.2834958046674728	0.5255448422526425
174.3282403879499	4300	14.520349304422014	0.0	1961140	3652.2373525683083	4.3	0.34315478801727295	0.020718930289149284	0.31829207167029383	0.5369694821780673
179.06397058127573	4300	13.784619111096207	0.0	2155012	4735.730193325808	4.3	0.3328811526298523	0.04163224622607231	0.2829224571585655	0.45505379572449384

