1.384287999087403	750	4.0	1.384287999087403	450283	1384.287999087403	-5.202438396075833	0.07689348608255386	0.03093709424138069	0.039768972992897035	0.32528130005956185
3.4700787313972525	1200	5.9142092676901505	0.0	611087	2085.7907323098493	0.75	0.19650736451148987	0.030156433582305908	0.16031964421272277	0.2929761795054431
5.676089866692277	1200	7.7081981323951245	0.0	571051	2206.0111352950253	1.2	0.18709343671798706	0.024803442880511284	0.1573293052613735	0.2588613406630105
7.785133813527365	1200	9.599154185560037	0.0	617681	2109.043946835087	1.2	0.17878904938697815	0.037890251725912094	0.13332074731588364	0.2928725126505382
9.954814959315696	1200	11.429473039771706	0.0	652874	2169.6811457883323	1.2	0.18736211955547333	0.048633649945259094	0.1290017396211624	0.3009078090885952
11.669556866870114	1200	13.714731132217286	0.0	520315	1714.7419075544187	1.2	0.1599157750606537	0.036342259496450424	0.11630506366491318	0.30343633505877177
13.527405374632313	1200	15.856882624455087	0.0	561791	1857.8485077621995	1.2	0.14665688574314117	0.03876486420631409	0.10013904869556428	0.3023879490996195
15.792812952966946	1200	17.591475046120454	0.0	709534	2265.4075783346325	1.2	0.14223799109458923	0.03261849656701088	0.10309579521417618	0.3132036843107937
18.537702266566058	1850	18.846585732521344	0.0	852833	2744.8893135991116	1.2000000000000002	0.16336475312709808	0.04025421664118767	0.1150596931576729	0.31069850276831795
21.466814348744695	1850	19.917473650342703	0.0	913888	2929.1120821786367	1.85	0.17754685878753662	0.033661842346191406	0.13715264797210694	0.31200171736694404
27.41961842149905	2850	17.96466957758835	0.0	1354548	5952.804072754354	1.85	0.2001689374446869	0.02937140315771103	0.16492325365543364	0.22754788893518085
32.51405395034047	2850	16.870234048746934	0.0	1519951	5094.4355288414135	2.85	0.19344209134578705	0.026202492415905	0.16199910044670104	0.29835513500858263
43.87662764126487	2850	9.507660357822536	0.0	1422919	11362.573690924399	2.85	0.19706672430038452	0.02847861498594284	0.1628923863172531	0.1252285827757953
54.602380870140976	1850	4.0	1.2180928710535772	1036454	10725.753228876112	-4.387799345530382	0.16370880603790283	0.033393945544958115	0.1236360713839531	0.09663228100471634
57.838731351684494	750	4.7636495184564875	0.0	337059	3236.3504815435126	-0.3500000000000001	0.14149795472621918	0.034426577389240265	0.10018606185913087	0.10414786714918665
62.148524515316055	750	4.453856354824923	0.0	366214	4309.793163631564	0.75	0.12585778534412384	0.03589678555727005	0.08278164267539978	0.08497252329655115
63.76520905164845	750	6.837171818492532	0.0	360831	1616.6845363323912	0.75	0.12749648094177246	0.03267975524067879	0.08828077465295792	0.22319196595928406
64.92490857282613	750	9.677472297314862	0.0	372963	1159.6995211776707	0.75	0.1324208676815033	0.03130677342414856	0.09485273957252502	0.3216031335610602
67.4300614988328	1200	11.172319371308179	0.0	639204	2505.1529260066836	0.75	0.14846107363700867	0.03362758457660675	0.10810797214508057	0.25515568066294353
69.42151640002932	1200	13.180864470111665	0.0	586839	1991.4549011965144	1.2	0.14530175924301147	0.03070601262152195	0.10845454409718513	0.2946785285709523
71.53038423285825	1200	15.071996637282721	0.0	601738	2108.8678328289434	1.2	0.1425776183605194	0.03514799103140831	0.10040002912282944	0.28533699012934244
74.5768979620299	1850	16.02548290811107	0.0	955231	3046.513729171652	1.2000000000000002	0.1602429896593094	0.030624698847532272	0.12349335104227066	0.3135488906067486
77.87787749939093	1850	16.72450337075004	0.0	968026	3300.9795373610264	1.85	0.15793418884277344	0.0388232097029686	0.11134633719921112	0.29325416563287454
80.54407046473119	1850	18.05831040540977	0.0	874175	2666.192965340269	1.85	0.15859177708625793	0.03127395734190941	0.12106302827596666	0.3278738678572857
83.2984607540925	1850	19.303920116048463	0.0	897976	2754.3902893613085	1.85	0.18917261064052582	0.04653693363070488	0.13332829028367996	0.32601625247822946
86.48089109577728	1850	20.121489774363692	0.0	905935	3182.430341684772	1.85	0.18585707247257233	0.03044518642127514	0.14932284876704216	0.2846676604774953
92.91241899153769	2850	17.689961878603274	0.0	1547572	6431.527895760418	1.85	0.2062739133834839	0.04222588986158371	0.15560284554958342	0.2406227610425417
97.83065942383008	2850	16.77172144631087	0.0	1141971	4918.240432292402	2.85	0.19261983036994934	0.031826864928007126	0.1544275924563408	0.23219096661114733
110.68732580206742	2850	7.915055068073532	0.0	1498470	12856.66637823734	2.85	0.17472882568836212	0.03256276622414589	0.13565350621938704	0.11655198602154608
118.85415582633706	1200	4.0	0.25177495619610907	641447	8166.830024269641	-1.532632311643269	0.14757701754570007	0.0370875783264637	0.10307192355394364	0.0785429595196411
122.20458826902842	750	4.649567557308645	0.0	358218	3350.4324426913554	0.3	0.13366630673408508	0.03359799459576607	0.0933487132191658	0.1069169446414053
126.01554533877648	750	4.838610487560587	0.0	400322	3810.957069748058	0.75	0.13546672463417053	0.03164510056376457	0.09749260395765305	0.10504500383324057
127.16497838905526	750	7.6891774372818	0.0	369834	1149.4330502787868	0.75	0.12216471880674362	0.032070279121398926	0.08368038386106491	0.32175340696032656
128.57671319756653	750	10.277442628770546	0.0	412837	1411.734808511254	0.75	0.14708566665649414	0.03785330802202225	0.10166169703006744	0.2924324012633489
131.23560993857598	1200	11.618545887761087	0.0	690253	2658.896741009459	0.75	0.1550276279449463	0.040643416345119476	0.10625552833080293	0.2596012809951932
133.28046904911142	1200	13.573686777225655	0.0	598727	2044.8591105354321	1.2	0.1422930657863617	0.029431607574224472	0.10697513669729233	0.29279621119873994
135.69376415864122	1850	15.160391667695855	0.0	728962	2413.295109529801	1.2000000000000002	0.17264309525489807	0.031791940331459045	0.13449276685714723	0.3020608615670003
138.65854250387065	1850	16.195613322466436	0.0	938587	2964.778345229419	1.85	0.1585162878036499	0.0313149131834507	0.12093839198350906	0.3165791471427422
141.59324272788393	1850	17.26091309845313	0.0	908665	2934.700224013304	1.85	0.16523516178131104	0.029446979984641075	0.12989878579974173	0.3096278770024999
144.54551721084096	1850	18.30863861549613	0.0	930577	2952.2744829570015	1.85	0.19241639971733093	0.031017987057566643	0.15519481524825096	0.31520680254226663
147.44608596432664	1850	19.408069862010443	0.0	858450	2900.568753485689	1.85	0.19182655215263367	0.054072655737400055	0.12693936526775362	0.2959591973016941
153.9462227962732	2850	16.907933030063898	0.0	1527299	6500.136831946544	1.85	0.18585503101348877	0.03602290526032448	0.1426275447010994	0.2349641306770202
158.6170931735767	2850	16.237062652760393	0.0	1343002	4670.870377303504	2.85	0.19636985659599304	0.04011094197630882	0.14823672622442247	0.28752713980800204
171.6165654855778	2850	7.237590340759278	0.0	1587250	12999.472312001115	2.85	0.1985272467136383	0.03386779502034187	0.15788589268922806	0.12210111009926539
179.13114748346322	1200	4.0	0.2769916571261465	630203	7514.581997885424	-1.6410641256424299	0.15974391996860504	0.034785591065883636	0.11800121068954468	0.08386401268591344
180.71309190639195	300	6.418055577071268	0.0	160064	1581.944422928732	-0.6000000000000001	0.11847270280122757	0.030846616253256798	0.0814567632973194	0.10118180998019236
183.82490812143325	750	7.306239362029959	0.0	331053	3111.816215041309	0.3	0.12025637924671173	0.03626197949051857	0.07674200385808945	0.10638578152521302
187.64232113749907	750	7.488826345964159	0.0	314107	3817.4130160657996	0.75	0.11068957298994064	0.03185519576072693	0.07246333807706834	0.08228268690813983

