1.99458562962	750	4.0	1.9945856296234294	450283	1994.58562962	-7.826718207380747	0.150850596328	0.0383272349586	0.112523361369	0.225752654242
4.5664108192	1200	5.428174810423854	0.0	611087	2571.82518958	0.75	0.225752654242	0.0536231526993	0.172129501542	0.237608295648
7.08478552992	1200	6.9098000997069216	0.0	571051	2518.37471072	1.2	0.231528804597	0.0520162430236	0.179512561573	0.226753785912
9.56137020648	1200	8.433215423143402	0.0	617681	2476.58467656	1.2	0.229914942317	0.0516536658804	0.178261276437	0.24940839126
12.372892199	1200	9.621693430645717	0.0	652874	2811.5219925	1.2	0.234496939431	0.0169993411444	0.217497598287	0.23221372685
15.7673703232	1850	10.227215306430386	0.0	801058	3394.47812422	1.2000000000000002	0.23403671206	0.0169659779709	0.217070734089	0.235988558679
19.3207031538	1850	10.673882475848108	0.0	905515	3553.33283058	1.85	0.236160561697	0.0171199417906	0.219040619907	0.25483540191
23.6310444639	1850	10.363541165727518	0.0	1060487	4310.34131012	1.85	0.239377266783	0.0173531297685	0.222024137015	0.246033184776
29.05757594	2850	8.937009689625546	0.0	1348011	5426.5314761	1.85	0.243404311192	0.0176450615177	0.225759249675	0.248411163915
35.01338634	2850	6.9811992896505455	0.0	1429765	5955.81039998	2.85	0.243213739507	0.0166062436547	0.226607495852	0.240062208832
41.421563071	2850	4.573022558657285	0.0	1354548	6408.17673099	2.85	0.244890861519	0.0167207548531	0.228170106666	0.211378065378
45.1197793414	1200	4.874806288235936	0.0	594078	3698.21627042	-0.44999999999999996	0.239112894951	0.032722093644	0.206390801307	0.160639063959
51.0822267243	1200	4.0	1.0876410946891437	624282	5962.44738293	-3.476856707163318	0.215408989285	0.0706945086452	0.14471448064	0.104702307611
52.2890351398	300	6.793191584491755	0.0	179801	1206.80841551	-0.6000000000000001	0.1742278384	0.0895421584241	0.0846856799757	0.14898885166
54.1415020121	750	8.940724712172418	0.0	337059	1852.46687232	0.3	0.159314909663	0.0818778503562	0.077437059307	0.181951431918
56.1033509246	750	10.978875799741214	0.0	366214	1961.84891243	0.75	0.152836178006	0.0785481894835	0.0742879885222	0.186667789594
57.856438479	750	13.225788245344912	0.0	360831	1753.0875544	0.75	0.149965426507	0.0770728036446	0.0728926228622	0.205826000587
59.7597318889	750	15.32249483537831	0.0	372963	1903.29340997	0.75	0.156375320625	0.0803670863489	0.0760082342765	0.195956649693
63.8708968348	1850	15.211329889560728	0.0	987708	4111.16494582	0.75	0.181642242864	0.0387740180271	0.142868224837	0.240250151239
67.7120122263	1850	15.370214498013937	0.0	923755	3841.11539155	1.85	0.200183742743	0.0427319544586	0.157451788284	0.240491343226
71.5133713302	1850	15.56885539410067	0.0	891604	3801.35910391	1.85	0.211512767408	0.0451502895313	0.166362477877	0.234548743128
75.5633584889	1850	15.518868235364742	0.0	955231	4049.98715874	1.85	0.221772463579	0.0473403618296	0.17443210175	0.235860254011
81.4773610564	2850	13.604865667953527	0.0	1505760	5914.00256741	1.85	0.228029823133	0.0447180544439	0.183311768689	0.254609290888
86.7403826211	2850	12.341844103241566	0.0	1323990	5263.02156471	2.85	0.24094790779	0.0472513705036	0.193696537287	0.251564616204
92.4963592844	2850	10.58586743988709	0.0	1383735	5755.97666335	2.85	0.243141383532	0.0349020036148	0.208239379917	0.240399689041
99.328056905	2850	7.754169819265693	0.0	1480464	6831.69762062	2.85	0.243122640785	0.0229812543804	0.220141386405	0.216705141564
110.699864793	2850	4.0	3.617638068617369	1547572	11371.8078879	-12.705843695054687	0.239042171465	0.0259741188976	0.213068052567	0.136088475576
112.274748722	750	6.425116070724079	0.0	277716	1574.88392928	-1.35	0.208115043115	0.0896336103689	0.118481432746	0.176340614592
114.41542075	750	8.28444404256972	0.0	400396	2140.67202815	0.75	0.194035878047	0.0835698180688	0.110466059979	0.187042197373
116.392845127	750	10.307019665863688	0.0	400508	1977.42437671	0.75	0.184231985191	0.0793473539006	0.10488463129	0.202540236035
119.123854529	1200	11.576010263979558	0.0	570392	2731.00940188	0.75	0.17910075422	0.0771373706592	0.101963383561	0.208857574641
121.748407469	1200	12.95145732441198	0.0	620283	2624.55293957	1.2	0.177995272767	0.0766612479707	0.101334024796	0.236338536232
125.478118731	1850	13.221746061875754	0.0	885062	3729.71126254	1.2000000000000002	0.200210690321	0.0396391805194	0.160571509802	0.237300406841
129.771909072	1850	12.927955720843078	0.0	1035329	4293.79034103	1.85	0.21261291352	0.0420946636079	0.170518249912	0.241122392518
134.123884796	1850	12.575979996493018	0.0	1026056	4351.97572435	1.85	0.224036418232	0.0443563728339	0.179680045399	0.235767859241
137.782365514	1850	12.917499278752263	0.0	943942	3658.48071774	1.85	0.231246276546	0.0457838334494	0.185462443097	0.258014753344
142.467766277	2850	12.232098515442473	0.0	1139291	4685.40076331	1.85	0.241431996931	0.0478004770582	0.193631519873	0.243157641694
148.460633078	2850	10.239231715082582	0.0	1499009	5992.86680036	2.85	0.242823294778	0.032822781875	0.210000512903	0.250132207162
154.531200062	2850	8.168664730543801	0.0	1427478	6070.56698454	2.85	0.245399698169	0.0259472943671	0.219452403802	0.235147392927
161.995119859	2850	4.7047449342266985	0.0	1402287	7463.91979632	2.85	0.24413700509	0.0229478953268	0.221189109764	0.18787541108
169.479569454	1850	4.0	2.779704661173043	858450	7484.4495954	-11.102730043044085	0.231894600217	0.0534403207158	0.178454279501	0.114697812986
170.450924581	300	7.0286448732355185	0.0	161857	971.355126764	-1.25	0.189362849242	0.0957017435128	0.0936611057293	0.166630098035
172.445932815	750	9.033636638957356	0.0	372093	1995.00823428	0.3	0.176721577801	0.0893129944946	0.0874085833059	0.186512012134
174.712959943	750	10.766609511399048	0.0	438281	2267.02712756	0.75	0.168595443735	0.0852061424841	0.0833893012505	0.193328520278
176.697561444	750	12.782008009776723	0.0	398987	1984.60150162	0.75	0.163523298345	0.0826427402166	0.0808805581284	0.201041367586
178.43637219	750	15.043197263843714	0.0	393804	1738.81074593	0.75	0.165408968511	0.0835957356075	0.0818132329031	0.226478931604
183.653223381	2850	13.826346073574078	0.0	1231456	5216.85119027	0.75	0.192864278586	0.0409607360433	0.151903542543	0.236053503366
192.534672772	4300	8.944896681762257	0.0	2155012	8881.44939181	2.8499999999999996	0.206953833733	0.043953091878	0.163000741855	0.242641927565

