1.6057537343675867	750	4.0	1.6057537343675867	450283	1605.7537343675867	-6.1547410577806225	0.16692787408828735	0.03735687956213951	0.12209961861371994	0.28041846664447606
2.821556241360954	750	6.784197493006633	0.0	398865	1215.8025069933674	0.75	0.16759093105793	0.0240959282964468	0.13867581710219384	0.32806726232731476
4.720772907634125	1200	8.884980826733461	0.0	571051	1899.2166662731713	0.75	0.21459108591079712	0.03041095845401287	0.17809793576598168	0.30067712133159197
11.698505963024775	1850	5.907247771342811	0.0	933276	6977.73305539065	1.2000000000000002	0.201609805226326	0.03111371025443077	0.16427335292100906	0.13375060246522288
13.839242414027526	750	7.7665113203400615	0.0	411561	2140.7364510027496	-0.3500000000000001	0.13170596957206726	0.03404085338115692	0.09085694551467896	0.19225206344630574
15.349740060941695	750	10.256013673425892	0.0	318564	1510.4976469141686	0.75	0.10396938025951385	0.0338175892829895	0.06338827311992645	0.21090003062950938
17.548115506100867	750	12.057638228266718	0.0	352642	2198.375445159173	0.75	0.11271040141582489	0.03449292480945587	0.07131889164447786	0.16041027058254237
19.049649774914325	750	14.556103959453264	0.0	437162	1501.534268813455	0.75	0.11161443591117859	0.03482457995414734	0.06982493996620179	0.2911435383658975
20.860895866142364	1200	16.74485786822522	0.0	584846	1811.246091228041	0.75	0.15479359030723572	0.03387171030044556	0.11414753794670104	0.3228970391336879
24.305012662543145	1850	17.300741071824444	0.0	913888	3444.11679640078	1.2000000000000002	0.1751631498336792	0.03226928785443306	0.13644000440835952	0.2653475634029149
28.26000328471133	1850	17.345750449656254	0.0	939819	3954.9906221681867	1.85	0.17108438909053802	0.035198964178562164	0.12884563207626343	0.23762862918870253
31.566254718216857	1850	18.03949901615073	0.0	917428	3306.2514335055257	1.85	0.1547664999961853	0.03331642225384712	0.11478679329156877	0.2774828286508376
35.32846092680417	1850	18.27729280756342	0.0	946851	3762.206208587313	1.85	0.16988293826580048	0.03541496396064758	0.12738498151302338	0.2516744025988775
38.20835257760725	1850	19.39740115676034	0.0	1036454	2879.8916508030825	1.85	0.15190330147743225	0.03457034006714821	0.1104188933968544	0.3598934007503289
40.53439004888026	1850	21.071363685487327	0.0	821631	2326.0374712730127	1.85	0.18318574130535126	0.03531275689601898	0.14081043303012847	0.3532320567262105
43.52708966655696	1850	22.078664067810628	0.0	923170	2992.699617676698	1.85	0.1857014149427414	0.037259433418512344	0.14099009484052658	0.3084739926944884
46.388376172351514	1850	23.217377562016075	0.0	966699	2861.2865057945523	1.85	0.18016332387924194	0.03347073867917061	0.1399984374642372	0.33785466713741646
51.00966099709305	2850	22.59609273727453	0.0	1358801	4621.284824741541	1.85	0.20166653394699097	0.03399008885025978	0.16087842732667923	0.2940310003670884
59.38615401956851	2850	18.219599714799077	0.0	1537156	8376.493022475453	2.85	0.19364021718502045	0.03136098012328148	0.15600704103708268	0.1835083006546496
66.40054133812072	2850	15.205212396246868	0.0	1336050	7014.387318552211	2.85	0.1711081564426422	0.030666761100292206	0.13430804312229155	0.1904728010194573
70.91798295082233	2850	14.68777078354526	0.0	1415116	4517.441612701608	2.85	0.172886461019516	0.04593202844262123	0.11776802688837051	0.3132560686608863
76.99457119199468	2850	12.611182542372912	0.0	1468126	6076.588241172349	2.85	0.186868354678154	0.03090669959783554	0.14978031516075135	0.24160366668463884
80.50426713680277	1850	13.101486597564815	0.0	968026	3509.6959448080956	0.8500000000000001	0.16808506846427917	0.04203811287879944	0.11763933300971985	0.27581477575913776
83.95633536012289	1850	13.64941837424469	0.0	874175	3452.0682233201255	1.85	0.18679854273796082	0.032521795481443405	0.14777238816022872	0.25323224903105684
86.47996769078244	1850	15.125786043585135	0.0	897976	2523.632330659555	1.85	0.18478375673294067	0.03417311608791351	0.14377601742744445	0.35582679342410894
88.95823273914334	1850	16.64752099522425	0.0	905935	2478.265048360884	1.85	0.17762121558189392	0.03174411877989769	0.1395282730460167	0.36555210291134205
92.41432563778262	1850	17.191428096584968	0.0	1076599	3456.0928986392823	1.85	0.19189578294754028	0.03883090987801552	0.14529869109392166	0.31150754090663296
94.6029530300153	1850	19.00280070435229	0.0	758197	2188.627392232679	1.85	0.1798752099275589	0.03394274786114693	0.1391439124941826	0.34642580216751395
98.0864536588891	1850	19.519300075478494	0.0	972798	3483.5006288737914	1.85	0.2013784646987915	0.03317597508430481	0.16156729459762573	0.2792587410310024
101.1681408785704	1850	20.43761285579719	0.0	975811	3081.687219681306	1.85	0.1905202865600586	0.031216492876410484	0.153060495108366	0.31664829375542985
109.5877765663547	2850	16.01797716801289	0.0	1341201	8419.635687784299	1.85	0.2122856080532074	0.033092278987169266	0.17257487326860427	0.15929442196007282
114.68723510751384	1850	14.918518626853759	0.0	954453	5099.458541159133	0.8500000000000001	0.16900017857551575	0.03491741046309471	0.12709928601980208	0.1871675183348089
117.51446404617737	1850	16.09128968819023	0.0	885062	2827.2289386635293	1.85	0.18884874880313873	0.041642624884843826	0.13887759894132615	0.3130492857852471
121.33945904452003	1850	16.266294689847562	0.0	1035329	3824.9949983426663	1.85	0.17431068420410156	0.027692759409546852	0.14107937291264533	0.2706746023063032
125.64478978769128	1850	15.96096394667632	0.0	1026056	4305.330743171244	1.85	0.19162051379680634	0.03625686839222908	0.14811227172613145	0.23832222451839372
129.05415731891145	1850	16.551596415456153	0.0	943942	3409.3675312201667	1.85	0.18058879673480988	0.03657727316021919	0.13669606894254685	0.2768671876399832
131.92618423671044	1850	17.67956949765715	0.0	728962	2872.026917799005	1.85	0.17405614256858826	0.031167613342404366	0.13665500655770302	0.25381447349339065
134.8532443642393	1850	18.752509370128326	0.0	938587	2927.0601275288204	1.85	0.17316067218780518	0.027581878006458282	0.14006241858005525	0.32065859910858924
137.25345955544773	1850	20.352294178919855	0.0	908665	2400.2151912084696	1.85	0.17989599704742432	0.03540520742535591	0.13740974813699722	0.37857647236308917
140.2800542704516	1850	21.325699463916006	0.0	930577	3026.594715003849	1.85	0.18392658233642578	0.031866107136011124	0.14568725377321243	0.3074666705082172
142.6219738850361	1850	22.98377984933151	0.0	858450	2341.9196145844976	1.85	0.18215112388134003	0.03598016873002052	0.1389749214053154	0.3665582689747043
147.95772691398417	2850	21.648026820383436	0.0	1527299	5335.753028948073	1.85	0.2104519009590149	0.0398913137614727	0.16258232444524764	0.2862386980270529
153.57749800326482	2850	20.02825573110278	0.0	1343002	5619.771089280654	2.85	0.19815856218338013	0.03449280187487602	0.1567671999335289	0.23897806132383015
163.4527731470191	2850	14.152980587348534	0.0	1587250	9875.275143754248	2.85	0.18136970698833466	0.03234560042619705	0.14255498647689818	0.16072969885845437
168.1616599320325	2850	13.4440938023351	0.0	1464921	4708.886785013432	2.85	0.16665944457054138	0.03771233186125755	0.12140464633703232	0.31109709510584915
174.3255574563144	2850	11.280196278053209	0.0	1483527	6163.8975242818915	2.85	0.1787320375442505	0.04781176149845123	0.12135792374610901	0.24068002333845329
177.2527383718025	1850	12.353015362565136	0.0	830730	2927.1809154880725	0.8500000000000001	0.16648367047309875	0.029669594019651413	0.13088015764951705	0.28379865269157295
182.2945594379633	2850	11.311194296404345	0.0	1364537	5041.821066160793	1.85	0.17888742685317993	0.03917359188199043	0.1318791165947914	0.2706436785625669

