1.9945856296234294	750	4.0	1.9945856296234294	450283	1994.5856296234294	-7.826718207380747	0.10678322613239288	0.03303764387965202	0.06713805347681046	0.22575265424177943
3.719467583553611	750	6.275118046069819	0.0	398865	1724.8819539301815	0.75	0.13491423428058624	0.02766876295208931	0.10171171873807908	0.23124191141960604
5.199661642912697	750	8.794923986710732	0.0	350812	1480.1940593590862	0.75	0.16083642840385437	0.03657729923725128	0.11694366931915284	0.2370040588812383
7.881134493057356	1200	10.113451136566074	0.0	617681	2681.472850144659	0.75	0.16311094164848328	0.031735826283693314	0.1250279501080513	0.23035139064215313
10.542889061482276	1200	11.451696568141154	0.0	652874	2661.75456842492	1.2	0.15876106917858124	0.032899197190999985	0.11928203254938126	0.24527956399313516
12.823954069724397	1200	13.170631559899032	0.0	520315	2281.065008242121	1.2	0.1502748429775238	0.030232660472393036	0.11399565041065216	0.22810178496446065
15.202130570188494	1200	14.792455059434936	0.0	561791	2378.176500464096	1.2	0.13023680448532104	0.03587004169821739	0.08719275444746018	0.23622763066171398
18.032729615190316	1200	15.96185601443311	0.0	709534	2830.5990450018244	1.2	0.13210543990135193	0.03574897348880768	0.08920667171478272	0.2506656678390643
20.429999561627504	1200	17.564586067995922	0.0	584846	2397.269946437186	1.2	0.14591392874717712	0.03291939198970795	0.1064106583595276	0.2439633470853777
24.159074717825565	1850	17.835510911797858	0.0	913888	3729.075156198063	1.2000000000000002	0.14768557250499725	0.03225620463490486	0.10897812694311143	0.2450709523730126
27.892299192660246	1850	18.10228643696318	0.0	939819	3733.22447483468	1.85	0.168060764670372	0.03188880905508995	0.12979419380426407	0.2517445726436309
31.812595085955966	1850	18.18199054366746	0.0	917428	3920.2958932957185	1.85	0.15992319583892822	0.027684953063726425	0.1267012521624565	0.23402009056738204
35.76393111382307	1850	18.230654515800357	0.0	946851	3951.336027867104	1.85	0.15709185600280762	0.03680567815899849	0.11292504221200944	0.23962806334927222
40.706559136768	1850	17.28802649285543	0.0	1036454	4942.62802294493	1.85	0.16376276314258575	0.029891157522797585	0.12789337411522866	0.20969694567111224
45.52794982283928	1850	16.46663580678415	0.0	821631	4821.39068607128	1.85	0.1575288325548172	0.035019680857658386	0.11550521552562715	0.17041369461588016
53.23676474073135	1850	12.757820888892079	0.0	923170	7708.814917892073	1.85	0.15055634081363678	0.03619953244924545	0.10711690187454223	0.1197551127939695
56.4802128850108	1200	13.514372744612634	0.0	617242	3243.448144279444	0.5499999999999999	0.14354905486106873	0.03455200418829918	0.1020866498351097	0.19030426032512535
59.34721380744463	1200	14.647371822178796	0.0	581493	2867.0009224338382	1.2	0.1321474015712738	0.037158239632844925	0.0875575140118599	0.20282274604444922
62.092217721972446	1200	15.90236790765098	0.0	639204	2745.003914527816	1.2	0.14874431490898132	0.028907135128974915	0.11405575275421143	0.2328608701128039
64.55758323674068	1200	17.437002392882746	0.0	586839	2465.365514768232	1.2	0.1393510401248932	0.03253750503063202	0.10030603408813477	0.238033263824236
68.2543072226492	1850	17.740278406974213	0.0	891604	3696.723985908535	1.2000000000000002	0.15303361415863037	0.03581599146127701	0.11005442440509797	0.24118760378072227
72.31931120856466	1850	17.675274421058763	0.0	955231	4065.003985915449	1.85	0.1373555064201355	0.03574584424495697	0.09446049332618714	0.23498894547452198
76.29157195758418	1850	17.703013672039248	0.0	968026	3972.260749019515	1.85	0.15223652124404907	0.02957206778228283	0.11675003990530969	0.24369648952147482
79.76823428773429	1850	18.226351341889146	0.0	874175	3476.662330150104	1.85	0.14885058999061584	0.03215940669178963	0.11025930196046829	0.2514408697154831
83.46340958726256	1850	18.531176042360865	0.0	897976	3695.1752995282795	1.85	0.14437797665596008	0.028304405510425568	0.1104126900434494	0.24301309876006
87.06342187495869	1850	18.931163754664748	0.0	905935	3600.012287696118	1.85	0.14803093671798706	0.0351865291595459	0.10580710172653199	0.2516477521746924
91.65537423439113	1850	18.339211395232297	0.0	1076599	4591.952359432448	1.85	0.1679515391588211	0.034310195595026016	0.12677930444478988	0.2344534341234029
94.79758301867338	1850	19.19700261095004	0.0	758197	3142.2087842822575	1.85	0.16776999831199646	0.03388552740216255	0.1271073654294014	0.2412942780227085
99.47733201350515	1850	18.51725361611827	0.0	972798	4679.748994831765	1.85	0.15145425498485565	0.030512716621160507	0.11483899503946304	0.2078739695386102
105.31848035132273	1850	16.676105278300682	0.0	975811	5841.148337817593	1.85	0.15515047311782837	0.03606352210044861	0.11187424659729003	0.16705807549557777
112.54397103155924	1850	13.450614598064181	0.0	873429	7225.4906802365	1.85	0.14794513583183289	0.035692110657691956	0.10511460304260253	0.1208816174089109
115.78547507898494	1200	14.20911055063847	0.0	620283	3241.504047425712	0.5499999999999999	0.13785342872142792	0.03194224834442139	0.09952273070812226	0.19135654033583788
118.61246207098162	1200	15.382123558641792	0.0	584349	2826.986991996678	1.2	0.13129809498786926	0.034778326749801636	0.0895641028881073	0.2067038163438025
121.45669101797309	1200	16.537894611650326	0.0	670129	2844.2289469914667	1.2	0.14205333590507507	0.03583270683884621	0.09905408769845964	0.23561007657588212
125.74207108705785	1850	16.252514542565564	0.0	1026056	4285.380069084759	1.2000000000000002	0.14604227244853973	0.0298298392444849	0.11024646535515786	0.23943173848268204
129.65708171469475	1850	16.337503914928643	0.0	943942	3915.0106276369215	1.85	0.153028666973114	0.03303670510649681	0.11338462084531784	0.24110841317683934
132.7593779018749	1850	17.235207727748513	0.0	728962	3102.296187180131	1.85	0.14423027634620667	0.029834918677806854	0.10842837393283844	0.2349749849844604
136.47790825473538	1850	17.51667737488803	0.0	938587	3718.5303528604804	1.85	0.15540021657943726	0.03544027358293533	0.11287188827991486	0.2524080512824083
140.21142771193385	1850	17.783157917689554	0.0	908665	3733.5194571984766	1.85	0.15807482600212097	0.028952648863196373	0.12333164736628532	0.24338027708628457
143.9847233348804	1850	18.009862294743012	0.0	930577	3773.2956229465435	1.85	0.15141084790229797	0.032121963798999786	0.11286449134349824	0.24662181100809644
147.39954290551236	1850	18.595042724111067	0.0	858450	3414.819570631944	1.85	0.15751922130584717	0.029418841004371643	0.1222166121006012	0.2513895631215256
151.73813382586025	1850	18.25645180376318	0.0	1025005	4338.590920347885	1.85	0.16856345534324646	0.02735191583633423	0.1357411563396454	0.236252972178767
155.70043362530677	1850	18.294152004316675	0.0	886255	3962.299799446507	1.85	0.15603062510490417	0.03563806042075157	0.1132649526000023	0.2236718685758712
160.6780610176232	1850	17.316524612000222	0.0	973972	4977.627392316452	1.85	0.1547050029039383	0.039609652012586594	0.10717342048883438	0.19566992931279656
168.8608131552386	1850	13.133772474384848	0.0	958994	8182.752137615375	1.85	0.15870578587055206	0.03370583802461624	0.11825878024101258	0.11719699972232947
172.46016242650268	1200	13.534423203120735	0.0	638661	3599.349271264114	0.5499999999999999	0.1327553242444992	0.03170321136713028	0.09471147060394287	0.17743790665130374
175.18767330201368	1200	14.806912327609728	0.0	538612	2727.5108755110055	1.2	0.1365675926208496	0.0382741279900074	0.09063863903284072	0.19747382305087596
181.15395049035985	2850	12.840635139263547	0.0	1364537	5966.277188346181	1.2000000000000002	0.13823938369750977	0.03876771032810211	0.09171813130378723	0.22870828104757265

