1.25635921087	750	4.0	1.256359210868177	450283	1256.35921087	-4.652344606733161	0.525063706113	0.0761759923953	0.448887713718	0.358403071434
3.24820907196	1200	6.008150138911241	0.0	611087	1991.84986109	0.75	0.358403071434	0.0519969468965	0.306406124538	0.306793705659
5.84942514101	1850	7.40693406986173	0.0	877771	2601.21606905	1.2000000000000002	0.330596329361	0.0479627580008	0.28263357136	0.337446400722
11.9040543425	2850	5.352304868394867	0.0	1520281	6054.62920147	1.85	0.332848574938	0.0482895127164	0.284559062222	0.251093989312
15.6778256019	1850	5.578533608975479	0.0	996749	3773.77125942	0.8500000000000001	0.307794590867	0.0756008020735	0.232193788793	0.264125441496
19.28405823	1850	5.972300980868779	0.0	801058	3606.23262811	1.85	0.297942532041	0.0731809299529	0.224761602088	0.222131537981
22.9137718807	1850	6.34258733019437	0.0	905515	3629.71365067	1.85	0.270366108156	0.0687942177266	0.201571890429	0.249472847488
26.5373409756	1850	6.719018235272084	0.0	1060487	3623.56909492	1.85	0.259843181934	0.0661166762163	0.193726505718	0.292663661771
30.1068489659	1850	7.149510244996938	0.0	852833	3569.50799028	1.85	0.253860801629	0.06459446925	0.189266332379	0.238921723196
32.9451297748	1850	8.31122943602201	0.0	913888	2838.28080897	1.85	0.251272292338	0.0639358272593	0.187336465079	0.321986463464
35.1179287297	1850	10.13843048117875	0.0	939819	2172.79895484	1.85	0.260167707831	0.0661992513044	0.193968456527	0.432538407617
37.3159847128	1850	11.940374498099846	0.0	917428	2198.05598308	1.85	0.293625925265	0.0836696052247	0.209956320041	0.417381543993
40.6566842306	2850	12.5996749802488	0.0	1422919	3340.69951785	1.85	0.324340322983	0.0924217667697	0.231918556213	0.425934446482
45.4196189842	2850	11.836740226684167	0.0	1578343	4762.93475356	2.85	0.348509923837	0.0993089684365	0.2492009554	0.33138035301
49.1175450786	2850	12.13881413224506	0.0	1231445	3697.92609444	2.85	0.37939137164	0.108108731414	0.271282640226	0.333009629871
55.075285783	2850	10.181073427873566	0.0	1471065	5957.74070437	2.85	0.382374128842	0.108958677199	0.273415451642	0.24691658684
61.2162924635	2850	8.040066747348238	0.0	1491626	6141.00668053	2.85	0.337513648252	0.119565539967	0.217948108285	0.24289600673
65.0115288331	1850	8.244830377719227	0.0	885714	3795.23636963	0.8500000000000001	0.302383118742	0.107120411445	0.195262707296	0.233375187666
68.2216184559	1850	9.034740754987661	0.0	987708	3210.08962273	1.85	0.270672897572	0.0958869406324	0.17478595694	0.307688605641
71.9294445999	1850	9.326914610967343	0.0	923755	3707.82614402	1.85	0.267310495063	0.0946957962931	0.17261469877	0.249136546353
75.040854964	1850	10.215504246887958	0.0	891604	3111.41036408	1.85	0.253603878176	0.0898401732458	0.16376370493	0.286559436291
77.4319152037	1850	11.824444007172072	0.0	955231	2391.06023972	1.85	0.261021453654	0.0731740315076	0.187847422147	0.399501018056
80.8171666817	2850	12.439192529132715	0.0	1505760	3385.25147804	1.85	0.285035934635	0.073370031102	0.211665903533	0.444800042114
84.2814964629	2850	12.974862747961366	0.0	1323990	3464.32978117	2.85	0.322478628721	0.0852192614025	0.237259367319	0.382177818981
88.3635439975	2850	12.892815213339631	0.0	1383735	4082.04753462	2.85	0.336214752515	0.0888492145837	0.247365537931	0.338980618982
92.7445651128	2850	12.511794098038171	0.0	1480464	4381.0211153	2.85	0.362119270793	0.0956948276508	0.266424443142	0.337926698146
99.2128938064	2850	10.043465404511236	0.0	1547572	6468.32869353	2.85	0.376586853882	0.0995180786675	0.277068775214	0.239253766054
104.158952028	2850	9.09740718301176	0.0	1141971	4946.0582215	2.85	0.334365640381	0.121935923636	0.212429716746	0.230885070264
108.129713435	1850	9.126645775964617	0.0	972798	3970.76140705	0.8500000000000001	0.293484969548	0.107027626386	0.186457343162	0.244990292863
111.325734328	1850	9.930624882472662	0.0	975811	3196.02089349	1.85	0.270243115525	0.0985518244643	0.171691291061	0.305320594739
114.909024063	1850	10.34733514778076	0.0	873429	3583.28973469	1.85	0.265574855432	0.0968494108864	0.168725444546	0.243750593636
118.133957012	1850	11.12240219894206	0.0	954453	3224.93294884	1.85	0.250370347255	0.0913046553131	0.159065691942	0.295960571938
120.313459389	1850	12.942899821520436	0.0	885062	2179.50237742	1.85	0.260829892294	0.080722486699	0.180107405595	0.406084438892
122.726010439	1850	14.530348771531761	0.0	1035329	2412.55104999	1.85	0.289001224041	0.076139621665	0.212861602376	0.429142836171
125.131326626	1850	16.12503258478122	0.0	1026056	2405.31618675	1.85	0.321555880051	0.084716399152	0.236839480899	0.42657842892
129.214193734	2850	16.042165476638598	0.0	1439896	4082.86710814	1.85	0.342035026459	0.0901117896547	0.251923236804	0.352667858606
134.89006831	4300	14.366290900970064	0.0	1919781	5675.87457567	2.8499999999999996	0.374493658337	0.0986632688367	0.2758303895	0.338235275358
143.44620327	4300	9.810155940780367	0.0	2147467	8556.13496019	4.3	0.386725884936	0.101885944133	0.284839940803	0.250985638959
151.919511939	4300	5.336847271977631	0.0	2133870	8473.3086688	4.3	0.346001508169	0.121446046559	0.22455546161	0.251834328644
155.290450514	1850	5.965908697292778	0.0	930577	3370.93857468	-0.6000000000000001	0.310724170543	0.109063750278	0.201660420265	0.276058723522
158.895893221	1850	6.360465989703025	0.0	858450	3605.44270759	1.85	0.287858834451	0.101038049216	0.186820785236	0.238098361178
161.877649854	1850	7.378709357026672	0.0	1025005	2981.75663268	1.85	0.266893836521	0.0936793641968	0.173214472325	0.343758772519
163.873493402	1850	9.382865809313886	0.0	886255	1995.84354771	1.85	0.267572338628	0.0939175174896	0.173654821139	0.444050337019
166.151111952	1850	11.105247258728202	0.0	973972	2277.61855059	1.85	0.294911466934	0.0838726975339	0.2110387694	0.427627356543
169.94721759	2850	11.309141620909424	0.0	1464921	3796.10563782	1.85	0.32633111976	0.0928084336226	0.233522686137	0.385901010079
174.341997747	2850	10.914361464130529	0.0	1483527	4394.78015678	2.85	0.349875902809	0.0995045600491	0.25037134276	0.337565690905
181.308143981	4300	7.948215229577535	0.0	1961140	6966.14623455	2.8499999999999996	0.383047168026	0.108938453967	0.274108714059	0.281524380047
190.057967778	4300	4.0	0.8016085673304524	2155012	8749.82379691	0.8530831604790547	0.365062195983	0.10382353546	0.261238660523	0.246292045419

