2.5436887285880445	750	4.0	2.5436887285880445	450283	2543.6887285880443	-10.187861532928592	0.1569821834564209	0.030770720914006233	0.12005731835961342	0.17701969385615193
3.5002757044753725	300	7.043413024112671	0.0	155580	956.5869758873284	-0.15000000000000002	0.12399269640445709	0.02905386872589588	0.08912805393338204	0.16264072574862756
5.567455196130979	750	8.976233532457066	0.0	350812	2067.179491655607	0.3	0.12315241992473602	0.029591349884867668	0.08764280006289482	0.1697056309895152
7.872032499368302	750	10.67165622921974	0.0	382355	2304.577303237323	0.75	0.12922924757003784	0.03327159583568573	0.08930333256721497	0.16591111934622113
10.384849050672813	750	12.158839677915232	0.0	411561	2512.81655130451	0.75	0.11593250930309296	0.031264279037714005	0.07841537445783615	0.16378473780202582
12.134903874876798	750	14.408784853711246	0.0	318564	1750.0548242039865	0.75	0.10592423379421234	0.03194234520196915	0.06759341955184936	0.18203086874429722
14.15664259534538	750	16.387046133242663	0.0	352642	2021.7387204685829	0.75	0.09780855476856232	0.03280724957585335	0.058439855277538304	0.17442511063856334
16.810834354017732	750	17.73285437457031	0.0	437162	2654.1917586723544	0.75	0.09913717210292816	0.032872628420591354	0.05969001799821854	0.16470626079355757
20.69575122199679	1200	17.847937506591254	0.0	584846	3884.916867979056	0.75	0.10620586574077606	0.031378377228975296	0.06855181306600572	0.1505427322835452
25.417943309892657	1200	17.125745418695388	0.0	560821	4722.192087895866	1.2	0.11478815972805023	0.03066435270011425	0.07799093648791314	0.11876285198933806
33.69406918516762	1200	12.84961954342042	0.0	607410	8276.125875274967	1.2	0.11113163828849792	0.03257431089878082	0.07204246520996094	0.07339303547987897
37.02842285575269	750	13.51526587283536	0.0	405134	3334.353670585061	0.3	0.09844178706407547	0.03864965960383415	0.05206219553947449	0.12150300778648754
43.33726104272278	750	11.20642768586527	0.0	386351	6308.838186970091	0.75	0.10762137174606323	0.033194780349731445	0.0677876353263855	0.061239643267114854
46.64256911965403	750	11.901119608934017	0.0	434409	3305.3080769312523	0.75	0.0877661257982254	0.03243417292833328	0.04884511828422546	0.1314276883997205
49.68888506220162	750	12.854803666386427	0.0	337059	3046.31594254759	0.75	0.10235944390296936	0.031836673617362976	0.0641554355621338	0.11064479402557385
53.08409215390395	750	13.459596574684092	0.0	366214	3395.207091702336	0.75	0.09216652810573578	0.033687517046928406	0.051741507649421696	0.10786205085840067
56.13190699548883	750	14.411781733099215	0.0	360831	3047.8148415848777	0.75	0.08841302245855331	0.03395897150039673	0.04766225665807724	0.11839006591764158
59.35581112849417	750	15.18787760009388	0.0	372963	3223.9041330053337	0.75	0.08504991978406906	0.030349576845765114	0.048630427569150925	0.11568675264928635
63.53769816998472	750	15.005990558603328	0.0	405596	4181.887041490553	0.75	0.08350061625242233	0.031968336552381516	0.045138612389564514	0.09698875076631269
70.56155976456854	750	11.982128964019502	0.0	350713	7023.861594583825	0.75	0.07882407307624817	0.03408915549516678	0.037917086482048036	0.04993165017238361
73.64594814723009	300	12.897740581357965	0.0	157671	3084.3883826615383	-0.15000000000000002	0.06882663816213608	0.02817537635564804	0.03501618653535843	0.0511190487184836
75.92004052282414	300	14.623648205763901	0.0	157812	2274.092375594065	0.3	0.07435957342386246	0.029371362179517746	0.03911393880844116	0.06939559786298237
80.38521436945297	300	14.15847435913507	0.0	163927	4465.17384662883	0.3	0.06694202125072479	0.030587362125515938	0.030237186700105667	0.0367123443858213
82.99920803223853	300	15.544480696349511	0.0	137654	2613.993662785558	0.3	0.06135937571525574	0.029565053060650826	0.02588131204247475	0.05266041840870852
85.77210930000511	300	16.77157942858292	0.0	146754	2772.90126776659	0.3	0.05954644829034805	0.02679244615137577	0.02739551290869713	0.05292435100590573
89.24893389339312	300	17.294754835194922	0.0	153938	3476.824593387999	0.3	0.05926929786801338	0.027079856023192406	0.026773470640182498	0.044275457638199345
94.33060108250164	300	16.21308764608639	0.0	181901	5081.6671891085325	0.3	0.05636730417609215	0.024956298992037773	0.02641974538564682	0.03579553584104561
97.83452663397782	300	16.70916209461022	0.0	111155	3503.9255514761694	0.3	0.0513874851167202	0.022983798757195473	0.023806926608085633	0.03172299136126665
103.14936992680778	300	15.39431880178026	0.0	153605	5314.843292829959	0.3	0.043118737637996674	0.0222152192145586	0.016460474580526352	0.028901134339599874
107.20278107096236	300	15.340907657625682	0.0	149029	4053.4111441545792	0.3	0.04231290519237518	0.019499994814395905	0.018912911415100098	0.03676631723256463
110.06148755614615	300	16.482201172441883	0.0	157421	2858.7064851837954	0.3	0.04556327313184738	0.02024773694574833	0.021265988796949388	0.05506721337635994
112.52196786623239	300	18.02172086235565	0.0	157488	2460.4803100862327	0.3	0.050095878541469574	0.021814752370119095	0.02391817569732666	0.06400701495330417
114.44843490709613	300	20.095253821491905	0.0	143881	1926.4670408637448	0.3	0.05367095395922661	0.022736510261893272	0.026387141644954683	0.07468645813711401
116.24946176507964	300	22.2942269635084	0.0	163444	1801.0268579835044	0.3	0.05416955053806305	0.022689420729875565	0.026942245662212372	0.09075045120815016
117.84640548463337	300	24.69728324395468	0.0	179328	1596.9437195537205	0.3	0.06263169646263123	0.023919222876429558	0.033928629010915756	0.11229450218202726
120.26369328210207	750	26.279995446485973	0.0	365161	2417.2877974687076	0.3	0.07102920114994049	0.028220387175679207	0.03716473653912544	0.1510622774757655
123.0598534811203	1200	27.483835247467752	0.0	487812	2796.1601990182207	0.75	0.08579224348068237	0.030527984723448753	0.04915866181254387	0.17445781546110237
126.4912502611901	1200	28.052438467397945	0.0	575591	3431.396780069807	1.2	0.08662225306034088	0.03365981951355934	0.046230469644069676	0.16774247832344544
130.071763967684	1200	28.47192476090403	0.0	605884	3580.513706493912	1.2	0.0975799486041069	0.031087076291441917	0.060275457054376605	0.16921705924519134
133.2953236429057	1200	29.248365085682376	0.0	587506	3223.559675221656	1.2	0.09407485276460648	0.031249938532710075	0.05657492652535439	0.1822537998957945
136.70394182427344	1200	29.839746904314612	0.0	566904	3408.6181813677667	1.2	0.10328476130962372	0.02964284084737301	0.06771335229277611	0.1663149023551004
141.04414408339082	1200	29.499544645197215	0.0	641452	4340.202259117396	1.2	0.10676015913486481	0.03336985781788826	0.06671632975339889	0.14779311232616216
146.25574150198003	1200	28.287947226608004	0.0	599477	5211.59741858921	1.2	0.10612568259239197	0.03455054387450218	0.06466502994298935	0.11502749576583367
154.54098983281756	1200	24.002698895770475	0.0	634861	8285.248330837532	1.2	0.10668826103210449	0.033008407801389694	0.06707817167043686	0.07662546427691971
162.9424538350903	1200	19.60123489349771	0.0	630203	8401.46400227276	1.2	0.0901992917060852	0.03486233577132225	0.0483644887804985	0.07501109328439874
168.0842291925235	1200	18.459459536064493	0.0	638661	5141.775357433221	1.2	0.08946242183446884	0.032321747392416	0.05067632496356964	0.12421021059909162
172.90736932729038	1200	17.636319401297623	0.0	538612	4823.140134766867	1.2	0.09989316761493683	0.03287876769900322	0.060438646376132964	0.11167247580419608
180.29523834246862	1850	14.248450386119387	0.0	846370	7387.869015178235	1.2000000000000002	0.09976515173912048	0.03392196446657181	0.059058794379234315	0.11456212857336115

