6.8100179178166504	750	4.0	6.8100179178166504	450283	6810.017917816651	-28.533077046611595	0.09404292702674866	0.033600423485040665	0.05372241884469986	0.06612067771832891
7.97433321813552	300	6.835684699681131	0.0	155580	1164.3153003188686	-0.15000000000000002	0.06684896349906921	0.025948358699679375	0.03571093305945397	0.13362359831343934
10.396064342457063	750	8.413953575359589	0.0	350812	2421.7311243215436	0.3	0.118837371468544	0.02897406369447708	0.08406849503517151	0.14486001211149369
13.168095240314589	750	9.64192267750206	0.0	382355	2772.0308978575267	0.75	0.11547832936048508	0.029959283769130707	0.07952718883752824	0.1379331667246271
16.040204865136936	750	10.769813052679714	0.0	411561	2872.1096248223485	0.75	0.10937803983688354	0.032039180397987366	0.07093102335929871	0.14329571421754375
18.417213536393113	750	12.392804381423538	0.0	318564	2377.0086712561742	0.75	0.10001800954341888	0.03133348375558853	0.06241782903671265	0.1340188632259591
20.915921534016125	750	13.894096383800527	0.0	352642	2498.7079976230134	0.75	0.08830492198467255	0.030028479173779488	0.052270746976137164	0.14112973598174078
24.60118924254558	750	14.20882867527107	0.0	437162	3685.267708529456	0.75	0.08725479245185852	0.030192680656909943	0.05102357566356659	0.11862421798780044
27.847190286431736	750	14.962827631384913	0.0	374758	3246.001043886157	0.75	0.08673146367073059	0.030993573367595673	0.04953917562961579	0.11545221179329462
30.610137752039073	750	16.199880165777575	0.0	362795	2762.9474656073353	0.75	0.08470678329467773	0.031045950949192047	0.04745164215564728	0.1313072378378546
33.527045735656195	750	17.282972182160453	0.0	353220	2916.9079836171213	0.75	0.09009815752506256	0.032025296241045	0.05166780203580856	0.12109398101821106
36.52201597833815	750	18.288001939478495	0.0	405134	2994.9702426819604	0.75	0.09562595933675766	0.031949616968631744	0.05728641897439957	0.13527146087341665
39.77535295886421	750	19.03466495895244	0.0	386351	3253.336980526057	0.75	0.09370841085910797	0.03375986963510513	0.053196567296981814	0.11875529719565908
43.5555043660339	750	19.25451355178275	0.0	434409	3780.151407169688	0.75	0.09668271243572235	0.032219287008047104	0.05801956802606583	0.11491841283819236
47.056405397431355	750	19.753612520385293	0.0	337059	3500.901031397456	0.75	0.09568175673484802	0.03644298017024994	0.0519501805305481	0.0962777859120045
52.65793339778051	750	18.152084520036144	0.0	366214	5601.52800034915	0.75	0.09415534138679504	0.033637773245573044	0.053790013492107394	0.06537751841589892
56.19935436058077	750	18.610663557235878	0.0	360831	3541.4209628002623	0.75	0.07392100244760513	0.034684181213378906	0.03229998499155045	0.10188876267188658
59.40618350491524	750	19.403834412901404	0.0	372963	3206.829144334474	0.75	0.08418592810630798	0.02913813851773739	0.049220161885023116	0.11630273494891867
63.503023532941654	750	19.30699438487499	0.0	405596	4096.840028026412	0.75	0.09370365738868713	0.03306913748383522	0.054020692408084874	0.09900215708334344
67.07287780080779	750	19.737140117008842	0.0	350713	3569.8542678661447	0.75	0.07959894090890884	0.03032050095498562	0.0432143397629261	0.09824294598155578
70.80346190124575	750	20.006556016570876	0.0	386472	3730.5841004379663	0.75	0.0825670063495636	0.02972174808382988	0.046900908648967746	0.10359557366757356
74.84234802261287	750	19.96766989520376	0.0	399894	4038.88612136712	0.75	0.07894253730773926	0.03267082944512367	0.039737541973590855	0.09901096192943419
78.2469714081333	750	20.56304650968333	0.0	401853	3404.6233855204305	0.75	0.08024091273546219	0.02838781662285328	0.04617553278803826	0.11803155723744546
81.50379679337448	750	21.30622112444216	0.0	343800	3256.8253852411685	0.75	0.088934987783432	0.03214351832866669	0.05036276578903198	0.10556292073808604
86.01122537276505	750	20.79879254505159	0.0	359903	4507.42857939057	0.75	0.08584551513195038	0.03020172193646431	0.04960344880819321	0.0798466339867466
91.27075325507184	750	19.539264662744813	0.0	379700	5259.52788230678	0.75	0.08476181328296661	0.031944096088409424	0.04642889797687531	0.07219279153882288
95.79699845187302	750	19.013019465943625	0.0	425781	4526.245196801189	0.75	0.08001717180013657	0.030305497348308563	0.04365057498216629	0.0940693624598398
98.99984170241189	750	19.81017621540477	0.0	277716	3202.843250538856	0.75	0.07639063894748688	0.02951277792453766	0.04097530543804169	0.08670920749970397
104.75879998483336	750	18.0512179329833	0.0	400396	5758.958282421471	0.75	0.0726887434720993	0.02882653847336769	0.038096897304058075	0.06952576844012931
107.49916377047894	750	19.310854147337704	0.0	400508	2740.3637856455935	0.75	0.08122404664754868	0.030258651822805405	0.04491366446018219	0.14615139862010898
110.14613550619549	750	20.663882411621163	0.0	358218	2646.9717357165437	0.75	0.08843259513378143	0.031566161662340164	0.050553201138973235	0.13533125237660662
112.94265589132738	750	21.867362026489282	0.0	400322	2796.5203851318784	0.75	0.08971086144447327	0.032001521438360214	0.05130903571844101	0.14315003821476582
115.63923913570491	750	23.17077878211175	0.0	369834	2696.583244377533	0.75	0.09220174700021744	0.033610425889492035	0.051869235932826996	0.1371491129640134
118.58401349116943	750	24.22600442664723	0.0	412837	2944.7743554645217	0.75	0.09405425190925598	0.03189549222588539	0.055779661238193515	0.14019308448333634
121.97772319096528	750	24.83229472685138	0.0	401088	3393.7096997958456	0.75	0.09056609869003296	0.03181680291891098	0.052385935187339784	0.11818571282750794
125.16348042288382	750	25.646537494932847	0.0	365161	3185.7572319185356	0.75	0.09847541898488998	0.029686717316508293	0.06285135820508003	0.11462298393028891
128.83089364061814	1200	25.97912427719852	0.0	487812	3667.4132177343267	0.75	0.08209885656833649	0.03159267455339432	0.04418764710426331	0.13301255436423468
133.40195823339718	1200	25.408059684419477	0.0	575591	4571.064592779042	1.2	0.09851892292499542	0.030558820813894272	0.0618483379483223	0.12592055708625668
138.22959338559954	1200	24.580424532217112	0.0	605884	4827.635152202363	1.2	0.09648509323596954	0.03188816457986832	0.05821929574012757	0.1255032704208387
143.89079230075697	1200	22.919225617059702	0.0	587506	5661.198915157411	1.2	0.09494929015636444	0.03351240232586861	0.05473440736532211	0.10377766420236521
151.5997337275788	1200	19.21028419023786	0.0	566904	7708.9414268218425	1.2	0.09537364542484283	0.03179943189024925	0.05721432715654373	0.07353850141182315
155.07729237520292	750	19.73272554261376	0.0	384505	3477.558647624101	0.3	0.07622581720352173	0.031689733266830444	0.0381981372833252	0.11056750984277353
158.56028725999138	750	20.249730657825253	0.0	372093	3482.994884788508	0.75	0.09364715963602066	0.03198520466685295	0.05526491403579712	0.1068313369121109
162.982423653685	750	19.827594264131644	0.0	438281	4422.136393693609	0.75	0.0882185846567154	0.03407149389386177	0.04733279198408127	0.09911069243025403
166.97335250280474	750	19.8366654150119	0.0	398987	3990.9288491197462	0.75	0.08979953080415726	0.03107594884932041	0.05250839218497277	0.09997346860443328
170.77580115711473	750	20.03421676070189	0.0	393804	3802.4486543100065	0.75	0.09039169549942017	0.03225889429450035	0.05168102234601975	0.10356589550621027
173.8300239241541	750	20.979993993662546	0.0	331053	3054.222767039346	0.75	0.08444099128246307	0.029254520311951637	0.04933556690812111	0.10839189713751983
182.00846874674488	1850	16.801549171071738	0.0	846370	8178.44482259081	0.75	0.0860280990600586	0.03143266960978508	0.0483088955283165	0.1034878902235942

