1.566136009444236	750	4.0	1.566136009444236	450283	1566.136009444236	-5.984384840610215	0.08991941809654236	0.030500546097755432	0.05331876277923584	0.2875120661836955
2.881885581025518	750	6.684250428418718	0.0	398865	1315.7495715812825	0.75	0.1781049221754074	0.039108119904994965	0.13117517828941344	0.3031465931017858
4.828415288819707	1200	8.73772072062453	0.0	571051	1946.529707794189	0.75	0.18672870099544525	0.03084259293973446	0.1497175894677639	0.29336875656889716
8.302952315739097	1200	9.263183693705141	0.0	617681	3474.5370269193886	1.2	0.18520891666412354	0.03209304437041283	0.14669726341962813	0.1777736127761607
10.598669983283184	1200	10.967466026161054	0.0	652874	2295.7176675440883	1.2	0.1396619975566864	0.03341161459684372	0.09956806004047394	0.2843877577935928
12.403417165292566	1200	13.16271884415167	0.0	520315	1804.7471820093829	1.2	0.15729835629463196	0.03579513728618622	0.11434419155120851	0.28830353923627566
13.83108461320282	1200	15.735051396241417	0.0	561791	1427.6674479102533	1.2	0.14163514971733093	0.029909789562225342	0.10574340224266052	0.39350270318365876
16.7626937861499	1850	16.80344222329434	0.0	1060487	2931.6091729470777	1.2000000000000002	0.16759583353996277	0.032506611198186874	0.12858790010213852	0.36174228467634295
20.85441758270133	1850	16.711718426742912	0.0	852833	4091.723796551431	1.85	0.17530399560928345	0.03429060056805611	0.1341552749276161	0.2084287802414183
30.250948329934463	1850	11.315187679509776	0.0	913888	9396.530747233135	1.85	0.15818309783935547	0.034964293241500854	0.11622594594955445	0.09725802262383909
35.071510785939594	1200	10.49462522350465	0.0	607410	4820.562456005126	0.5499999999999999	0.14282679557800293	0.040895015001297	0.09375277757644654	0.12600396852930104
39.007676519794856	1200	10.558459489649392	0.0	594078	3936.165733855258	1.2	0.13575638830661774	0.04574340954422951	0.08086429685354232	0.15092809606320443
44.31601514868146	1200	9.25012086076279	0.0	624282	5308.338628886602	1.2	0.13641183078289032	0.0341700054705143	0.09540782421827317	0.11760402710611174
48.44699333873477	1200	9.119142670709476	0.0	687371	4130.978190053314	1.2	0.12429168820381165	0.03558238595724106	0.08159282505512239	0.16639424571523306
50.87973508251829	1200	10.686400926925955	0.0	526950	2432.74174378352	1.2	0.1321081519126892	0.038213346153497696	0.08625213652849198	0.21660745590712038
53.60085530608916	1200	11.96528070335509	0.0	587876	2721.120223570867	1.2	0.15085336565971375	0.03810272365808487	0.10513009727001191	0.21604190616338997
55.864327565693564	1200	13.701808443750684	0.0	617242	2263.4722596044057	1.2	0.12786661088466644	0.03647341951727867	0.08409850746393205	0.2726969581274556
57.94571305865033	1200	15.620422950793921	0.0	581493	2081.385492956763	1.2	0.13687102496623993	0.037652187049388885	0.09168840050697327	0.2793778480573274
60.05305348506635	1200	17.513082524377896	0.0	639204	2107.3404264160263	1.2	0.1385115534067154	0.033349454402923584	0.0984922081232071	0.3033226108071681
63.44353863606639	1850	18.12259737337786	0.0	923755	3390.485151000037	1.2000000000000002	0.15559345483779907	0.029093671590089798	0.12068104892969131	0.27245510859339256
66.36904224721663	1850	19.19709376222762	0.0	891604	2925.503611150237	1.85	0.16133135557174683	0.032893549650907516	0.1218590959906578	0.3047694067447905
70.78650592180291	1850	18.779630087641323	0.0	955231	4417.4636745863	1.85	0.16473741829395294	0.028969446197152138	0.1299740828573704	0.21623969552833014
74.1910536421413	1850	19.375082367302944	0.0	968026	3404.5477203383775	1.85	0.15532055497169495	0.031556885689496994	0.11745229214429856	0.2843332153099584
76.44289459338387	1850	21.123241416060374	0.0	874175	2251.840951242571	1.85	0.15916752815246582	0.028984107077121735	0.12438659965991974	0.3882045930098341
79.14301285198184	1850	22.42312315746241	0.0	897976	2700.118258597963	1.85	0.18054409325122833	0.03569658473134041	0.13770819157361985	0.332569137348182
91.56819040447301	2850	13.997945604971232	0.0	1480464	12425.177552491179	1.85	0.19394250214099884	0.03252018615603447	0.15491827875375747	0.11915032954222655
103.14148267619866	2850	6.424653333245593	0.0	1547572	11573.292271725639	2.85	0.1594492346048355	0.03240881860256195	0.12055865228176117	0.1337192532310643
107.0191097252635	1200	6.547026284180747	0.0	487160	3877.627049064846	-0.44999999999999996	0.15189090371131897	0.031323838979005814	0.114302296936512	0.12563353665419855
110.46631730575305	1200	7.099818703691202	0.0	622896	3447.2075804895453	1.2	0.13863158226013184	0.032120898365974426	0.10008650422096252	0.1806958198645935
113.50309367555916	1200	8.063042333885107	0.0	641447	3036.7763698060953	1.2	0.14681574702262878	0.03680304437875748	0.10265209376811982	0.2112262879735717
115.82828133167514	1200	9.737854677769123	0.0	570392	2325.187656115985	1.2	0.1462993323802948	0.0320015586912632	0.10789746195077896	0.24531009292935438
117.96622719661079	1200	11.59990881283347	0.0	620283	2137.945864935651	1.2	0.1603597104549408	0.03799525275826454	0.11476540714502334	0.2901303583842941
120.09207560080382	1200	13.47406040864044	0.0	584349	2125.8484041930315	1.2	0.15209868550300598	0.03758625313639641	0.10699518173933029	0.27487801992250616
122.47306787383198	1200	15.093068135612281	0.0	670129	2380.9922730281605	1.2	0.16109278798103333	0.034303776919841766	0.1199282556772232	0.28144946440658786
125.94837987089366	1850	15.617756138550595	0.0	1026056	3475.3119970616867	1.2000000000000002	0.15543422102928162	0.027224211022257805	0.12276516780257225	0.2952414059133429
130.40025916219167	1850	15.165876847252601	0.0	943942	4451.879291297993	1.85	0.15781107544898987	0.03835540637373924	0.11178458780050278	0.21203225384953855
132.73972901639027	1850	16.826406993053983	0.0	728962	2339.4698541986204	1.85	0.1605996936559677	0.028568120673298836	0.12631794884800912	0.31159281607828376
135.9212615046163	1850	17.644874504827953	0.0	938587	3181.532488226029	1.85	0.18702742457389832	0.031262967735528946	0.1495118632912636	0.29501097457701614
138.3311169905211	1850	19.235019018923143	0.0	908665	2409.8554859048113	1.85	0.17252138257026672	0.034931737929582596	0.13060329705476761	0.3770620293684665
141.47853393086666	1850	20.08760207857761	0.0	930577	3147.4169403455353	1.85	0.18695959448814392	0.038064420223236084	0.14128229022026062	0.2956637196906736
153.83528471211844	2850	11.73085129732583	0.0	1339500	12356.75078125178	1.85	0.19734913110733032	0.03179529681801796	0.15919477492570877	0.10840228339252013
158.4187187054274	1200	11.147417304016878	0.0	641452	4583.43399330895	-0.44999999999999996	0.15540826320648193	0.04111124202609062	0.10607477277517319	0.1399500900277855
162.67709709639917	1200	10.889038913045104	0.0	599477	4258.378390971775	1.2	0.15239864587783813	0.03700428828597069	0.1079934999346733	0.14077588813407385
168.06593751923077	1200	9.500198490213513	0.0	634861	5388.84042283159	1.2	0.15884220600128174	0.03775183483958244	0.11354000419378281	0.11781031728276886
171.59071535610457	1200	9.975420653339704	0.0	630203	3524.77783687381	1.2	0.12062659859657288	0.0345425121486187	0.07917558401823044	0.1787922612901296
174.63599300295536	1200	10.930143006488903	0.0	638661	3045.2776468508027	1.2	0.1329319179058075	0.03109380230307579	0.09561935514211656	0.20972176401073156
176.87058238552532	1200	12.695553623918945	0.0	538612	2234.5893825699573	1.2	0.13658671081066132	0.03644902631640434	0.09284787923097611	0.24103399228566677
179.85193973478346	1850	13.714196274660804	0.0	846370	2981.3573492581413	1.2000000000000002	0.14481386542320251	0.03741902858018875	0.09991103112697602	0.2838874716613909

