6.91168234145	750	4.0	6.911682341450682	450283	6911.68234145	-28.970234068237932	0.0740219925189	0.0337600047669	0.0402619877519	0.0651481040006
8.41845008223	300	6.493232259221696	0.0	155580	1506.76774078	-0.15000000000000002	0.0651481040006	0.0297127951677	0.0354353088329	0.103254135186
9.67589601791	300	9.235786323541074	0.0	139857	1257.44593568	0.3	0.079889806336	0.0364362016065	0.0434536047295	0.111223072127
12.3731411771	750	10.5385411643142	0.0	382355	2697.24515923	0.3	0.0881693659816	0.0237675484964	0.0644018174853	0.141757599858
15.637860719	750	11.273821622437744	0.0	411561	3264.71954188	0.75	0.0973716499425	0.0267114719075	0.070660178035	0.126063202282
18.0826128828	750	12.829069458664838	0.0	318564	2444.75216377	0.75	0.102015317181	0.0279853456384	0.074029971543	0.130305232866
20.377123808	750	14.534558533494334	0.0	352642	2294.51092517	0.75	0.120957316898	0.0331816085507	0.0877757083475	0.153689396782
24.8166212635	1200	14.09506107794978	0.0	709534	4439.49745554	0.75	0.131031774688	0.035945283567	0.0950864911211	0.159823044636
29.2164478885	1200	13.69523445299777	0.0	584846	4399.82662495	1.2	0.141144602957	0.0387194845627	0.102425118395	0.132924783146
33.0138222182	1200	13.897860123202834	0.0	560821	3797.37432979	1.2	0.139301301557	0.0258264800608	0.113474821496	0.147686520025
36.8844483283	1200	14.027234013148439	0.0	607410	3870.62611005	1.2	0.143959507222	0.0256792364618	0.118280270761	0.156928099674
41.403858501	1200	13.50782384040552	0.0	594078	4519.41017274	1.2	0.149566056413	0.0262609662471	0.123305090166	0.131450339158
48.6816327749	1200	10.230049566552873	0.0	624282	7277.77427385	1.2	0.144798053359	0.0221028814881	0.122695171871	0.0857792474057
52.6503947623	750	10.261287579114045	0.0	434409	3968.76198744	0.3	0.125213607077	0.0510363047521	0.0741773023246	0.109457055216
55.2456144841	750	11.666067857378161	0.0	337059	2595.21972174	0.75	0.120352254967	0.0490548471968	0.0712974077703	0.129876864443
58.0408232692	750	12.870859072213603	0.0	366214	2795.20878516	0.75	0.117721248265	0.0479824648655	0.0697387833992	0.131014900191
61.7969876732	750	13.114694668211609	0.0	360831	3756.164404	0.75	0.114328595936	0.0465996404087	0.0677289555269	0.096063686567
66.008228292	750	12.903454049482443	0.0	372963	4211.24061873	0.75	0.107443894227	0.0437934778619	0.063650416365	0.0885636879406
72.9393046965	1200	9.972377644999906	0.0	639204	6931.07640448	0.75	0.10829685212	0.0190300893587	0.0892667627611	0.0922229048848
76.8626201004	1200	10.049062241096419	0.0	586839	3923.3154039	1.2	0.104434969304	0.0183514733727	0.0860834959312	0.149577319075
80.4268666886	1200	10.48481565284206	0.0	601738	3564.24658825	1.2	0.106694916944	0.0247353505068	0.0819595664375	0.168826141823
83.7569220914	1200	11.154760250026026	0.0	616206	3330.05540282	1.2	0.110734313547	0.029789301095	0.0809450124523	0.185043768184
87.9577330936	1200	10.953949247867723	0.0	656471	4200.81100216	1.2	0.124540792144	0.0356832209125	0.0888575712317	0.156272443503
90.8000474841	1200	12.111634857304576	0.0	536667	2842.31439056	1.2	0.14182280963	0.0406348358584	0.101187973771	0.188813384537
98.3894598036	1200	8.522222537886627	0.0	587236	7589.41231942	1.2	0.168303693388	0.0482220946901	0.120081598698	0.0773756880355
101.72508358	750	9.186598761525945	0.0	379700	3335.62377636	0.3	0.139095012736	0.0751476798158	0.0639473329198	0.113831782436
104.577330978	750	10.334351363125455	0.0	425781	2852.2473984	0.75	0.128838447368	0.0696064524556	0.0592319949126	0.149279126432
106.971778998	750	11.939903343399296	0.0	277716	2394.44801973	0.75	0.124678875009	0.0673591956657	0.0573196793435	0.115983307097
109.904591072	750	13.007091269934078	0.0	400396	2932.81207347	0.75	0.118131050885	0.0638216584018	0.0543093924831	0.136522896787
112.50365805	750	14.408024291783546	0.0	400508	2599.06697815	0.75	0.112728341566	0.0609027825772	0.0518255589893	0.154096836814
114.654232431	750	16.257449910620924	0.0	358218	2150.57438116	0.75	0.131856929981	0.0279063439215	0.103950586059	0.166568523804
119.182014935	1200	15.729667406167009	0.0	620283	4527.78250445	0.75	0.142293942016	0.0301152444883	0.112178697528	0.136994875392
125.193508	1850	13.718174341008186	0.0	885062	6011.49306516	1.2000000000000002	0.139902352178	0.0296090858167	0.110293266362	0.147228315895
132.421493588	1850	10.490188753143295	0.0	1035329	7227.98558786	1.85	0.147451501769	0.031206796038	0.116244705731	0.143238940838
143.382440612	1850	4.0	0.47075827102810947	1026056	10960.9470242	-0.17426056542087043	0.148960178949	0.0315260941156	0.117434084834	0.0936101595726
144.640118174	300	6.74232243825326	0.0	159914	1257.67756175	-1.25	0.132418084351	0.0492033749312	0.0832147094198	0.127150236964
147.108863693	750	8.273576919230672	0.0	321064	2468.74551902	0.3	0.126197711591	0.0468920340398	0.0793056775512	0.13005147656
149.826102673	750	9.556337939604843	0.0	361565	2717.23897963	0.75	0.12496847789	0.0464352803647	0.0785331975252	0.133063378934
154.052449149	750	9.329991463474892	0.0	378327	4226.34647613	0.75	0.122750192534	0.0456110188857	0.0771391736487	0.0895163238832
158.710945318	750	8.67149529468347	0.0	390680	4658.49616879	0.75	0.111301712187	0.0413570389729	0.0699446732142	0.0838639736611
162.461496135	750	8.92094447765072	0.0	345516	3750.55081703	0.75	0.108308545963	0.0293238806067	0.078984665356	0.0921240683984
165.70752832	750	9.674912292103647	0.0	384505	3246.03218555	0.75	0.10171983126	0.0275400261418	0.0741798051178	0.118453847042
168.144572146	750	11.237868466831955	0.0	372093	2437.04382527	0.75	0.100185409048	0.0271245906531	0.0730608183954	0.152682112706
170.941310926	750	12.441129686633106	0.0	438281	2796.7387802	0.75	0.102162145366	0.027659779998	0.0745023653676	0.156711453749
172.845988961	750	14.536451651201203	0.0	398987	1904.67803543	0.75	0.113245628526	0.0292409752345	0.0840046532919	0.209477398583
175.188712706	750	16.193727906043275	0.0	393804	2342.72374516	0.75	0.135129554431	0.0425363631313	0.0925931912995	0.168096644265
178.783779552	1200	16.598661060637212	0.0	538612	3595.06684541	0.75	0.155784786709	0.0490382602509	0.106746526458	0.149819745546
190.88556728	2850	8.49687333246405	0.0	1364537	12101.7877282	1.2000000000000002	0.164863384117	0.0518960400884	0.112967344029	0.112754993779

