1.2264074076549143	750	4.0	1.2264074076549143	450283	1226.4074076549143	-4.523551852916131	0.11361879110336304	0.03409750387072563	0.07270178645849229	0.36715613195863894
2.9299738099913166	1200	6.296433597663597	0.0	611087	1703.566402336402	0.75	0.2174190729856491	0.031047940254211426	0.1801615446805954	0.3587104084477766
6.136165168467338	1850	7.090242239187576	0.0	877771	3206.1913584760214	1.2000000000000002	0.23146608471870422	0.027657879516482353	0.1982766292989254	0.2737737401978481
8.402193412580388	1200	8.824213995074526	0.0	617681	2266.02824411305	0.5499999999999999	0.18171809613704681	0.0364740751683712	0.13794920593500137	0.2725830984696167
10.944635661618515	1200	10.2817717460364	0.0	652874	2542.4422490381266	1.2	0.1757993996143341	0.03625788539648056	0.13228993713855744	0.2567901002459346
12.907196593732802	1200	12.319210813922112	0.0	520315	1962.5609321142879	1.2	0.1477629542350769	0.03746460750699043	0.1028054252266884	0.26512043090527593
14.629477588432657	1200	14.596929819222257	0.0	561791	1722.2809946998543	1.2	0.13926951587200165	0.03107311576604843	0.10198177695274353	0.32619009425805373
16.70853912815302	1200	16.51786827950189	0.0	709534	2079.061539720365	1.2	0.15676718950271606	0.03603598475456238	0.11352400779724121	0.3412760932970905
18.162609856584044	1200	19.063797551070866	0.0	584846	1454.0707284310233	1.2	0.17667964100837708	0.03266450762748718	0.13748223185539246	0.4022128969139367
20.074752361831525	1850	21.151655045823386	0.0	913888	1912.1425052474797	1.2000000000000002	0.19836464524269104	0.03611096739768982	0.15503148436546327	0.4779392736116808
23.612441178752277	2850	21.613966228902633	0.0	1354548	3537.6888169207514	1.85	0.23763760924339294	0.03042975813150406	0.20112189948558806	0.3828906583081028
27.69324999376421	2850	21.533157413890702	0.0	1519951	4080.808815011933	2.85	0.22056244313716888	0.02454463019967079	0.19110888689756395	0.3724631730868174
31.983589265171773	2850	21.242818142483138	0.0	1422919	4290.3392714075635	2.85	0.20710165798664093	0.04262403026223183	0.15595282167196273	0.3316565217773961
36.179055251971334	2850	21.047352155683576	0.0	1578343	4195.46598679956	2.85	0.21702301502227783	0.029069308191537857	0.1821398451924324	0.3762020726579677
39.461975945359	2850	21.764431462295907	0.0	1231445	3282.9206933876712	2.85	0.21982961893081665	0.050466738641262054	0.1592695325613022	0.37510653317953363
44.21177490513771	2850	21.014632502517202	0.0	1471065	4749.798959778706	2.85	0.2456212043762207	0.03135237842798233	0.2079983502626419	0.3097110030249653
49.71566297025129	2850	19.510744437403623	0.0	1491626	5503.888065113578	2.85	0.22079935669898987	0.03856341913342476	0.17452325373888017	0.27101314241012253
53.92870894222914	2850	19.297698465425764	0.0	1358801	4213.045971977858	2.85	0.20846590399742126	0.0316372774541378	0.1705011710524559	0.32252223427842086
57.48132887632294	2850	19.745078531331973	0.0	1537156	3552.6199340937933	2.85	0.22020910680294037	0.03987119719386101	0.17236367017030715	0.43268236639901075
60.91107330824625	2850	20.315334099408663	0.0	1336050	3429.744431923309	2.85	0.24160781502723694	0.03516476973891258	0.19941009134054183	0.3895479755180414
64.78464659211403	2850	20.44176081554088	0.0	1415116	3873.5732838677814	2.85	0.2333029955625534	0.029952825978398323	0.1973596043884754	0.3653257331914991
68.87926996795956	2850	20.34713743969536	0.0	1468126	4094.6233758455246	2.85	0.22585202753543854	0.03557237237691879	0.18316518068313598	0.3585497041463154
73.07322555430308	2850	20.153181853351832	0.0	1505760	4193.955586343526	2.85	0.22911208868026733	0.0388248935341835	0.18252221643924713	0.3590309837574573
76.66096420106075	2850	20.565443206594164	0.0	1323990	3587.738646757666	2.85	0.23343263566493988	0.030976461246609688	0.19626088216900825	0.3690318973475185
80.78175213214551	2850	20.444655275509405	0.0	1383735	4120.787931084761	2.85	0.2321847677230835	0.03750694915652275	0.1871764287352562	0.33579379068792403
86.29626764794084	2850	18.930139759714073	0.0	1480464	5514.515515795331	2.85	0.215900257229805	0.028763985261321068	0.1813834749162197	0.2684667394188082
91.2816424553018	2850	17.944764952353115	0.0	1547572	4985.374807360961	2.85	0.20126637816429138	0.02955983392894268	0.16579457744956017	0.31042239747250155
94.26704757353365	2850	18.95935983412127	0.0	1141971	2985.4051182318462	2.85	0.21166984736919403	0.04041522368788719	0.1631715789437294	0.38251793467693607
97.75663914024811	2850	19.46976826740681	0.0	1498470	3489.591566714459	2.85	0.21827565133571625	0.028737831860780716	0.18379025310277938	0.4294112853473131
102.04521376673745	2850	19.181193640917474	0.0	1561263	4288.574626489337	2.85	0.22374865412712097	0.032490264624357224	0.18476033657789231	0.36405172720010776
105.63785139304618	2850	19.588556014608752	0.0	1341201	3592.6376263087222	2.85	0.2236083745956421	0.040541872382164	0.17495812773704528	0.37331931007414887
109.98973627813405	2850	19.23667112952088	0.0	1497683	4351.884885087876	2.85	0.22832277417182922	0.04224134609103203	0.1776331588625908	0.3441458217637937
113.63745999230305	2850	19.588947415351875	0.0	1358081	3647.7237141690007	2.85	0.23603402078151703	0.036435969173908234	0.19231085777282714	0.37230917317689144
118.05706500890632	2850	19.169342398748594	0.0	1587293	4419.605016603279	2.85	0.23312371969223022	0.027845347300171852	0.199709302932024	0.35914815781884646
123.61951104775899	2850	17.60689635989593	0.0	1492672	5562.446038852664	2.85	0.23232623934745789	0.022946633398532867	0.20479027926921844	0.2683481313030204
128.49640004971226	2850	16.730007357942668	0.0	1439896	4876.889001953265	2.85	0.21112759411334991	0.035602595657110214	0.16840447932481767	0.2952488767784751
131.62247870305012	2850	17.603928704604808	0.0	1139291	3126.0786533378596	2.85	0.21868672966957092	0.04629375413060188	0.16313422471284866	0.3644473240567783
134.95386104805206	2850	18.272546359602856	0.0	1499009	3331.3823450019518	2.85	0.23702433705329895	0.03482268750667572	0.1952371120452881	0.44996606356185803
138.7461033105066	2850	18.480304097148313	0.0	1427478	3792.2422624545457	2.85	0.23634684085845947	0.03286615386605263	0.1969074562191963	0.3764205715792162
142.56127201223308	2850	18.66513539542186	0.0	1402287	3815.1687017264526	2.85	0.24277934432029724	0.038348421454429626	0.19676123857498168	0.3675556992710264
146.72560392969177	2850	18.500803477963142	0.0	1339500	4164.331917458721	2.85	0.23646984994411469	0.039390839636325836	0.18920084238052368	0.32166023903719665
150.66300598434933	2850	18.563401423305592	0.0	1527299	3937.4020546575466	2.85	0.23583829402923584	0.032895829528570175	0.19636329859495164	0.38789510921125275
154.13761620350985	2850	19.088791204145057	0.0	1343002	3474.6102191605346	2.85	0.21603724360466003	0.04683379828929901	0.15983668565750123	0.38651875038935135
159.68788305434686	2850	17.53852435330806	0.0	1587250	5550.266850836999	2.85	0.2336835265159607	0.041446343064308167	0.1839479148387909	0.2859772408529578
165.161666165405	2850	16.064741242249955	0.0	1464921	5473.783111058104	2.85	0.21666960418224335	0.02940051071345806	0.18138899132609368	0.2676249625310465
169.2960629259403	2850	15.930344481714654	0.0	1483527	4134.396760535301	2.85	0.20744940638542175	0.032526470720767975	0.16841764152050018	0.35882550367708793
171.89045917223729	2850	17.33594823541765	0.0	1231456	2594.396246297004	2.85	0.19557228684425354	0.03471981734037399	0.15390850603580475	0.4746599528725282
177.7164288211481	4300	15.509978586506849	0.0	2155012	5825.969648910802	2.8499999999999996	0.2550489008426666	0.04057896137237549	0.20635414719581605	0.3698975672492375

